Game ID: "12339690"
Game Started at 2021-02-17 19:05:15 GMT
Game Engine Version: 3.8.1
File Format Version: 3.7.3.0 - 3.8.1
Exported with Version: 3.8.1 (Steam)

Red:  "chesnut" as "gusis" [Local Player] [Host]
Blue: "hldd3n"  as "Voland's Crowd"

[00:00:00.00] ••• gusis (chesnut) starts turn
[00:00:01.96] [chesnut] hf
[00:00:24.44] ••• gusis (chesnut) fires Select Worm
[00:00:36.92] ••• gusis (chesnut) fires Shotgun
[00:00:49.56] ••• gusis (chesnut) fires Shotgun
[00:00:53.72] ••• gusis (chesnut) ends turn; time used: 37.10 sec turn, 3.00 sec retreat
[00:01:05.38] ••• Damage dealt: 16 to gusis (chesnut), 133 (1 kill) to Voland's Crowd (hldd3n)
[00:01:05.38] ••• Voland's Crowd (hldd3n) starts turn
[00:01:21.30] ••• Voland's Crowd (hldd3n) fires Select Worm
[00:01:33.62] ••• Voland's Crowd (hldd3n) fires Shotgun
[00:01:46.60] ••• Voland's Crowd (hldd3n) loses turn due to loss of control; time used: 29.50 sec turn, 0.00 sec retreat
[00:01:53.78] ••• Damage dealt: 90 (1 kill) to gusis (chesnut), 47 (1 kill) to Voland's Crowd (hldd3n)
[00:01:53.78] ••• gusis (chesnut) starts turn
[00:02:00.48] ••• gusis (chesnut) fires Ninja Rope
[00:02:01.24] ••• gusis (chesnut) fires Ninja Rope
[00:02:09.62] ••• gusis (chesnut) fires Parachute
[00:02:13.82] ••• gusis (chesnut) fires Longbow
[00:02:25.64] ••• gusis (chesnut) fires Longbow
[00:02:28.72] ••• gusis (chesnut) ends turn; time used: 23.92 sec turn, 3.00 sec retreat
[00:02:34.54] ••• Damage dealt: 180 (2 kills) to Voland's Crowd (hldd3n)
[00:02:34.54] ••• Voland's Crowd (hldd3n) starts turn
[00:02:45.84] ••• Voland's Crowd (hldd3n) fires Ninja Rope
[00:02:59.96] ••• Voland's Crowd (hldd3n) fires Longbow
[00:02:59.98] ••• Voland's Crowd (hldd3n) loses turn due to loss of control; time used: 23.62 sec turn, 0.00 sec retreat
[00:03:04.88] [hldd3n] gg
[00:03:07.06] ••• Damage dealt: 90 (1 kill) to Voland's Crowd (hldd3n)
[00:03:07.06] ••• gusis (chesnut) starts turn
[00:03:16.06] ••• gusis (chesnut) fires Ninja Rope
[00:03:16.74] ••• gusis (chesnut) fires Ninja Rope
[00:03:18.88] ••• gusis (chesnut) fires Ninja Rope
[00:03:36.14] ••• gusis (chesnut) uses Parachute
[00:03:41.28] ••• gusis (chesnut) fires Grenade (5 sec, min bounce)
[00:03:46.50] ••• gusis (chesnut) ends turn; time used: 28.38 sec turn, 3.00 sec retreat
[00:04:02.00] ••• Damage dealt: 90 (1 kill) to Voland's Crowd (hldd3n)
[00:04:02.00] ••• Voland's Crowd (hldd3n) starts turn
[00:04:04.02] ••• Voland's Crowd (hldd3n) fires Surrender
[00:04:04.04] ••• Voland's Crowd (hldd3n) ends turn; time used: 0.24 sec turn, 0.00 sec retreat
[00:04:06.16] [chesnut] gg
[00:04:07.96] *** Round Finish acknowledged by hldd3n
[00:04:10.04] ••• Game Ends - Round Finished
[00:04:10.04] *** Round Finish acknowledged by chesnut

Team time totals:
gusis (chesnut):         Turn: 00:01:29.40, Retreat: 00:00:09.00, Total: 00:01:38.40, Turn count: 3
Voland's Crowd (hldd3n): Turn: 00:00:53.36, Retreat: 00:00:00.00, Total: 00:00:53.36, Turn count: 3

End of round 1

Round time: 0:04:10
Total game time elapsed: 0:04:10

A total of 7 Worm(s) were killed during this game.
A total of 493pts of damage were lost during this game.

gusis wins the match!

Worm of the round: gusatro (gusis)

Most damage with one shot: 112 - gusatres (gusis)

------------ Awards ------------

Teams



No awards were made.


Worms

The Worm of the match award goes to gusatro (gusis) with 2 kill(s).
Most damage with one shot: 112 - gusatres (gusis)
The best shot award was won by gusatres (gusis) with 1 kill(s) and 112 pts.

Hella (Voland's Crowd) was the most useless.
