Game ID: "12322867"
Game Started at 2021-02-12 18:33:19 GMT
Game Engine Version: 3.8
File Format Version: 3.7.3.0 - 3.8.1
Exported with Version: 3.8.1 (Steam)

Red:  "Veals" as "Veals" [Local Player] [Host]
Blue: "Alpha" as "Commando"

[00:00:00.00] ••• Veals (Veals) starts turn
[00:00:00.24] [Veals] 2 round
[00:00:06.48] [Alpha] ok
[00:00:10.26] [Alpha] glhf
[00:00:19.52] ••• Veals (Veals) fires Select Worm
[00:00:36.06] ••• Veals (Veals) fires Ninja Rope
[00:00:52.62] ••• Veals (Veals) fires Dynamite
[00:00:57.66] ••• Veals (Veals) loses turn due to loss of control; time used: 44.62 sec turn, 4.86 sec retreat
[00:01:03.42] ••• Damage dealt: 27 to Veals (Veals), 103 to Commando (Alpha)
[00:01:03.42] ••• Commando (Alpha) starts turn
[00:01:16.26] ••• Commando (Alpha) fires Select Worm
[00:01:28.26] ••• Commando (Alpha) fires Select Worm
[00:01:37.14] ••• Commando (Alpha) fires Select Worm
[00:01:51.02] ••• Commando (Alpha) fires Dynamite
[00:01:56.06] ••• Commando (Alpha) loses turn due to loss of control; time used: 42.42 sec turn, 4.86 sec retreat
[00:02:01.50] ••• Damage dealt: 110 to Veals (Veals), 5 to Commando (Alpha)
[00:02:01.50] ••• Veals (Veals) starts turn
[00:02:19.80] ••• Veals (Veals) fires Low Gravity
[00:02:27.74] ••• Veals (Veals) fires Shotgun
[00:02:40.82] ••• Veals (Veals) fires Shotgun
[00:02:44.98] ••• Veals (Veals) ends turn; time used: 27.86 sec turn, 3.00 sec retreat
[00:02:49.74] ••• Damage dealt: 50 to Commando (Alpha)
[00:02:49.74] ••• Commando (Alpha) starts turn
[00:03:03.92] ••• Commando (Alpha) fires Shotgun
[00:03:15.04] ••• Commando (Alpha) fires Shotgun
[00:03:19.20] ••• Commando (Alpha) ends turn; time used: 15.04 sec turn, 3.00 sec retreat
[00:03:23.62] ••• Damage dealt: 50 to Veals (Veals)
[00:03:23.62] ••• Veals (Veals) starts turn
[00:03:38.82] ••• Veals (Veals) fires Select Worm
[00:03:54.40] ••• Veals (Veals) fires Jet Pack
[00:04:05.44] ••• Veals (Veals) fires Mad Cow (herd of 2)
[00:04:10.38] ••• Veals (Veals) used 30 (25) units of Jet Pack fuel
[00:04:11.44] ••• Veals (Veals) ends turn; time used: 36.34 sec turn, 5.00 sec retreat
[00:04:21.14] ••• Damage dealt: 114 (1 kill) to Commando (Alpha)
[00:04:21.14] ••• Commando (Alpha) starts turn
[00:04:43.24] ••• Commando (Alpha) fires Jet Pack
[00:04:52.34] ••• Commando (Alpha) used 30 units of Jet Pack fuel
[00:05:01.64] ••• Commando (Alpha) fires Shotgun
[00:05:14.92] ••• Commando (Alpha) fires Shotgun
[00:05:19.08] ••• Commando (Alpha) ends turn; time used: 41.48 sec turn, 3.00 sec retreat
[00:05:24.30] ••• Damage dealt: 90 (1 kill) to Veals (Veals)
[00:05:24.30] ••• Veals (Veals) starts turn
[00:05:34.74] ••• Veals (Veals) uses Bungee
[00:05:45.32] ••• Veals (Veals) fires Shotgun
[00:05:59.84] ••• Veals (Veals) fires Shotgun
[00:06:04.00] ••• Veals (Veals) ends turn; time used: 27.84 sec turn, 3.00 sec retreat
[00:06:13.36] ••• Damage dealt: 72 (2 kills) to Commando (Alpha)
[00:06:13.36] ••• Commando (Alpha) starts turn
[00:06:37.38] ••• Commando (Alpha) fires Skunk
[00:06:41.62] ••• Commando (Alpha) ends turn; time used: 19.02 sec turn, 3.00 sec retreat
[00:06:47.92] ••• Damage dealt: 30 to Veals (Veals), 5 to Commando (Alpha)
[00:06:47.92] ••• Veals (Veals) starts turn
[00:07:23.88] ••• Veals (Veals) fires Ninja Rope
[00:07:37.16] ••• Veals (Veals) fires Bazooka
[00:07:38.46] ••• Veals (Veals) loses turn due to loss of control; time used: 44.02 sec turn, 0.02 sec retreat
[00:07:47.52] ••• Damage dealt: 6 to Veals (Veals), 66 (1 kill) to Commando (Alpha)
[00:07:47.52] ••• Commando (Alpha) starts turn
[00:07:59.14] ••• Commando (Alpha) fires Low Gravity
[00:08:15.72] ••• Commando (Alpha) fires Shotgun
[00:08:44.24] ••• Commando (Alpha) fires Shotgun
[00:08:48.40] ••• Commando (Alpha) ends turn; time used: 41.28 sec turn, 3.00 sec retreat
[00:08:59.44] ••• Damage dealt: 37 (2 kills) to Veals (Veals)
[00:08:59.44] ••• Veals (Veals) starts turn
[00:09:20.44] ••• Veals (Veals) fires Sheep
[00:09:23.46] ••• Veals (Veals) ends turn; time used: 16.00 sec turn, 3.00 sec retreat
[00:09:28.66] ••• Damage dealt: 61 to Commando (Alpha)
[00:09:28.66] ••• Commando (Alpha) starts turn
[00:09:36.66] ••• Commando (Alpha) fires Ninja Rope
[00:10:08.66] ••• Commando (Alpha) fires Sheep
[00:10:11.24] ••• Commando (Alpha) loses turn due to loss of control; time used: 36.28 sec turn, 2.40 sec retreat
[00:10:27.18] ••• Damage dealt: 92 to Veals (Veals), 22 (1 kill) to Commando (Alpha)
[00:10:27.18] ••• Veals (Veals) starts turn
[00:10:38.82] ••• Veals (Veals) fires Fire Punch
[00:10:43.62] ••• Veals (Veals) ends turn; time used: 8.66 sec turn, 3.00 sec retreat
[00:10:54.66] ••• Damage dealt: 22 (1 kill) to Commando (Alpha)
[00:10:54.66] ••• Commando (Alpha) starts turn
[00:11:03.90] ••• Commando (Alpha) uses Bungee
[00:11:24.02] ••• Commando (Alpha) fires Shotgun
[00:11:31.22] ••• Commando (Alpha) fires Shotgun
[00:11:35.38] ••• Commando (Alpha) ends turn; time used: 28.90 sec turn, 3.00 sec retreat
[00:11:46.42] ••• Damage dealt: 40 (1 kill) to Veals (Veals)
[00:11:46.42] ••• Veals (Veals) starts turn
[00:11:56.40] ••• Veals (Veals) fires Select Worm
[00:12:30.80] ••• Veals (Veals) uses Bungee
[00:12:36.46] ••• Veals (Veals) ends turn; time used: 45.00 sec turn, 0.00 sec retreat
[00:12:40.56] ••• Commando (Alpha) starts turn
[00:13:27.46] ••• Commando (Alpha) fires Girder
[00:13:30.54] ••• Commando (Alpha) ends turn; time used: 42.78 sec turn, 3.00 sec retreat
[00:13:34.64] ••• Veals (Veals) starts turn
[00:13:59.14] ••• Veals (Veals) fires Bazooka
[00:14:03.74] ••• Veals (Veals) ends turn; time used: 19.50 sec turn, 3.00 sec retreat
[00:14:06.92] ••• Commando (Alpha) starts turn
[00:14:15.66] ••• Commando (Alpha) fires Napalm Strike
[00:14:19.14] ••• Commando (Alpha) ends turn; time used: 7.32 sec turn, 3.00 sec retreat
[00:14:29.04] ••• Damage dealt: 15 to Veals (Veals)
[00:14:29.04] ••• Veals (Veals) starts turn
[00:14:36.22] ••• Veals (Veals) fires Shotgun
[00:14:40.42] ••• Veals (Veals) fires Shotgun
[00:14:44.58] ••• Veals (Veals) ends turn; time used: 5.80 sec turn, 3.00 sec retreat
[00:14:48.60] ••• Commando (Alpha) starts turn
[00:15:06.16] ••• Commando (Alpha) fires Ninja Rope
[00:15:06.70] ••• Commando (Alpha) fires Ninja Rope
[00:15:36.36] ••• Commando (Alpha) fires Battle Axe
[00:15:41.26] ••• Commando (Alpha) ends turn; time used: 43.26 sec turn, 3.00 sec retreat
[00:15:45.68] ••• Damage dealt: 45 to Veals (Veals)
[00:15:45.68] ••• Veals (Veals) starts turn
[00:15:54.68] ••• Veals (Veals) fires Shotgun
[00:16:24.60] ••• Veals (Veals) fires Shotgun
[00:16:28.76] ••• Veals (Veals) ends turn; time used: 32.12 sec turn, 3.00 sec retreat
[00:16:32.78] ••• Commando (Alpha) starts turn
[00:16:39.22] ••• Commando (Alpha) fires Ninja Rope
[00:16:39.84] ••• Commando (Alpha) fires Ninja Rope
[00:16:58.70] ••• Commando (Alpha) fires Ninja Rope
[00:16:59.28] ••• Commando (Alpha) fires Ninja Rope
[00:17:19.90] ••• Commando (Alpha) fires Teleport
[00:17:20.32] ••• resetting Jet Pack fuel use to 0
[00:17:22.38] ••• Commando (Alpha) ends turn; time used: 44.46 sec turn, 0.02 sec retreat
[00:17:23.08] ••• Veals (Veals) starts turn
[00:17:53.82] ••• Veals (Veals) fires Petrol Bomb
[00:17:57.66] ••• Veals (Veals) ends turn; time used: 25.74 sec turn, 3.00 sec retreat
[00:18:01.48] ••• Damage dealt: 1 to Veals (Veals), 6 to Commando (Alpha)
[00:18:01.48] ••• Commando (Alpha) starts turn
[00:18:08.68] ••• Commando (Alpha) fires Air Strike
[00:18:12.16] ••• Commando (Alpha) ends turn; time used: 3.16 sec turn, 3.00 sec retreat
[00:18:15.08] ••• Damage dealt: 23 to Veals (Veals)
[00:18:15.08] ••• Veals (Veals) starts turn
[00:18:26.92] ••• Veals (Veals) fires Ninja Rope
[00:18:45.54] ••• Veals (Veals) fires Shotgun
[00:18:54.76] ••• Veals (Veals) fires Shotgun
[00:18:55.66] ••• Veals (Veals) loses turn due to loss of control; time used: 32.34 sec turn, 0.00 sec retreat
[00:19:05.64] ••• Damage dealt: 1 (1 kill) to Veals (Veals), 50 to Commando (Alpha)
[00:19:05.64] ••• Commando (Alpha) starts turn
[00:19:26.54] ••• Commando (Alpha) fires Grenade (5 sec, min bounce)
[00:19:31.84] ••• Commando (Alpha) ends turn; time used: 15.90 sec turn, 3.00 sec retreat
[00:19:40.72] ••• Damage dealt: 1 (1 kill) to Veals (Veals)
[00:19:40.72] ••• Veals (Veals) starts turn
[00:20:05.60] ••• Veals (Veals) fires Ninja Rope
[00:20:06.64] ••• Veals (Veals) fires Ninja Rope
[00:20:25.12] ••• Veals (Veals) uses Parachute
[00:20:27.74] ••• Veals (Veals) fires Shotgun
[00:20:35.52] ••• Veals (Veals) fires Shotgun
[00:20:39.68] ••• Veals (Veals) ends turn; time used: 43.78 sec turn, 3.00 sec retreat
[00:20:49.38] ••• Damage dealt: 40 (1 kill) to Commando (Alpha)
[00:20:49.38] ••• Commando (Alpha) starts turn
[00:21:11.08] ••• Commando (Alpha) fires Girder
[00:21:14.16] ••• Commando (Alpha) ends turn; time used: 16.70 sec turn, 3.00 sec retreat
[00:21:16.18] ••• Veals (Veals) starts turn
[00:21:43.54] ••• Veals (Veals) fires Teleport
[00:21:46.02] ••• Veals (Veals) ends turn; time used: 22.36 sec turn, 0.02 sec retreat
[00:21:48.04] ••• Commando (Alpha) starts turn
[00:22:03.28] ••• Commando (Alpha) fires Ninja Rope
[00:22:03.86] ••• Commando (Alpha) fires Ninja Rope
[00:22:04.42] ••• Commando (Alpha) fires Ninja Rope
[00:22:34.72] ••• Commando (Alpha) fires Mad Cow (herd of 2)
[00:22:36.04] ••• Commando (Alpha) loses turn due to loss of control; time used: 42.16 sec turn, 0.28 sec retreat
[00:22:39.82] [Alpha] gg
[00:22:42.22] [Veals] gg)
[00:22:55.38] *** Round Finish acknowledged by Alpha
[00:22:57.42] ••• Damage dealt: 96 (2 kills) to Veals (Veals), 38 to Commando (Alpha)
[00:22:57.44] ••• Game Ends - Round Finished
[00:22:57.44] *** Round Finish acknowledged by Veals

Team time totals:
Veals (Veals):    Turn: 00:07:11.98, Retreat: 00:00:36.90, Total: 00:07:48.88, Turn count: 15
Commando (Alpha): Turn: 00:07:20.16, Retreat: 00:00:40.56, Total: 00:08:00.72, Turn count: 15

End of round 1

Round time: 0:22:57
Total game time elapsed: 0:22:57

Commando wins the round.

Worm of the round: 2 (Commando)
Most kills with one shot: 2 - 2 (Commando)
Most damage with one shot: 132 - 2 (Commando)
