Game ID: "12314201"
Game Started at 2021-02-09 17:57:01 GMT
Game Engine Version: 3.8.1
File Format Version: 3.7.3.0 - 3.8.1
Exported with Version: 3.8.1 (Steam)

Blue: "`Pn`Mega`Adnan" as "-η|2γZύ Fλ11ε$-"
Red:  "NNNxDario"      as "algunos" [Local Player] [Host]

[00:00:00.00] [NNNxDario] hf
[00:00:00.00] ••• -η|2γZύ Fλ11ε$- (`Pn`Mega`Adnan) starts turn
[00:00:01.88] [`Pn`Mega`Adnan] Funs
[00:00:05.12] [NNNxDario] u2 man
[00:00:07.54] [NNNxDario] megaman
[00:00:08.78] [NNNxDario] :)
[00:00:21.18] ••• -η|2γZύ Fλ11ε$- (`Pn`Mega`Adnan) fires Ninja Rope
[00:00:51.94] ••• -η|2γZύ Fλ11ε$- (`Pn`Mega`Adnan) fires Dynamite
[00:00:57.12] ••• -η|2γZύ Fλ11ε$- (`Pn`Mega`Adnan) ends turn; time used: 44.34 sec turn, 5.00 sec retreat
[00:01:10.92] ••• Damage dealt: 291 (1 kill) to algunos (NNNxDario)
[00:01:10.92] ••• algunos (NNNxDario) starts turn
[00:01:31.70] ••• algunos (NNNxDario) fires Select Worm
[00:01:35.98] ••• algunos (NNNxDario) fires Ninja Rope
[00:01:45.32] ••• algunos (NNNxDario) fires Select Worm
[00:01:56.30] ••• algunos (NNNxDario) fires Bazooka
[00:02:00.54] ••• algunos (NNNxDario) ends turn; time used: 44.12 sec turn, 3.00 sec retreat
[00:02:03.24] ••• Damage dealt: 44 to -η|2γZύ Fλ11ε$- (`Pn`Mega`Adnan)
[00:02:03.24] ••• -η|2γZύ Fλ11ε$- (`Pn`Mega`Adnan) starts turn
[00:02:24.96] ••• -η|2γZύ Fλ11ε$- (`Pn`Mega`Adnan) fires Select Worm
[00:02:46.12] ••• -η|2γZύ Fλ11ε$- (`Pn`Mega`Adnan) fires Shotgun
[00:02:56.64] ••• -η|2γZύ Fλ11ε$- (`Pn`Mega`Adnan) fires Shotgun
[00:03:00.80] ••• -η|2γZύ Fλ11ε$- (`Pn`Mega`Adnan) ends turn; time used: 44.34 sec turn, 3.00 sec retreat
[00:03:13.52] ••• Damage dealt: 2 to -η|2γZύ Fλ11ε$- (`Pn`Mega`Adnan), 90 (1 kill) to algunos (NNNxDario)
[00:03:13.52] ••• algunos (NNNxDario) starts turn
[00:03:42.72] ••• algunos (NNNxDario) fires Mine
[00:03:47.90] ••• algunos (NNNxDario) ends turn; time used: 24.20 sec turn, 5.00 sec retreat
[00:03:57.00] ••• Damage dealt: 48 to -η|2γZύ Fλ11ε$- (`Pn`Mega`Adnan)
[00:03:57.00] ••• -η|2γZύ Fλ11ε$- (`Pn`Mega`Adnan) starts turn
[00:04:05.50] ••• -η|2γZύ Fλ11ε$- (`Pn`Mega`Adnan) fires Select Worm
[00:04:10.68] ••• -η|2γZύ Fλ11ε$- (`Pn`Mega`Adnan) fires Ninja Rope
[00:04:21.34] ••• -η|2γZύ Fλ11ε$- (`Pn`Mega`Adnan) uses Parachute
[00:04:46.94] ••• -η|2γZύ Fλ11ε$- (`Pn`Mega`Adnan) fires Ninja Rope
[00:04:49.60] ••• -η|2γZύ Fλ11ε$- (`Pn`Mega`Adnan) fires Sheep
[00:04:54.62] ••• -η|2γZύ Fλ11ε$- (`Pn`Mega`Adnan) ends turn; time used: 44.60 sec turn, 5.00 sec retreat
[00:04:59.36] ••• Damage dealt: 90 (1 kill) to algunos (NNNxDario)
[00:04:59.36] ••• algunos (NNNxDario) starts turn
[00:05:07.68] ••• algunos (NNNxDario) fires Parachute
[00:05:21.36] ••• algunos (NNNxDario) fires Longbow
[00:05:36.70] ••• algunos (NNNxDario) fires Longbow
[00:05:39.78] ••• algunos (NNNxDario) ends turn; time used: 31.66 sec turn, 3.00 sec retreat
[00:05:43.82] ••• Damage dealt: 90 (1 kill) to -η|2γZύ Fλ11ε$- (`Pn`Mega`Adnan)
[00:05:43.82] ••• -η|2γZύ Fλ11ε$- (`Pn`Mega`Adnan) starts turn
[00:06:10.40] ••• -η|2γZύ Fλ11ε$- (`Pn`Mega`Adnan) fires Shotgun
[00:06:28.96] ••• -η|2γZύ Fλ11ε$- (`Pn`Mega`Adnan) fires Shotgun
[00:06:33.12] ••• -η|2γZύ Fλ11ε$- (`Pn`Mega`Adnan) ends turn; time used: 31.54 sec turn, 3.00 sec retreat
[00:06:38.34] ••• Damage dealt: 5 (1 kill) to algunos (NNNxDario)
[00:06:38.34] ••• algunos (NNNxDario) starts turn
[00:06:48.04] ••• algunos (NNNxDario) fires Select Worm
[00:07:08.26] ••• algunos (NNNxDario) fires Jet Pack
[00:07:14.46] ••• algunos (NNNxDario) fires Cluster Bomb (3 sec, min bounce)
[00:07:17.26] ••• algunos (NNNxDario) used 30 (11) units of Jet Pack fuel
[00:07:19.48] ••• algunos (NNNxDario) ends turn; time used: 35.62 sec turn, 5.00 sec retreat
[00:07:23.90] ••• Damage dealt: 68 to -η|2γZύ Fλ11ε$- (`Pn`Mega`Adnan)
[00:07:23.90] ••• -η|2γZύ Fλ11ε$- (`Pn`Mega`Adnan) starts turn
[00:07:53.94] ••• -η|2γZύ Fλ11ε$- (`Pn`Mega`Adnan) fires Select Worm
[00:08:01.60] ••• -η|2γZύ Fλ11ε$- (`Pn`Mega`Adnan) fires Blow Torch
[00:08:08.58] ••• -η|2γZύ Fλ11ε$- (`Pn`Mega`Adnan) ends turn; time used: 32.64 sec turn, 3.00 sec retreat
[00:08:12.70] ••• Damage dealt: 44 (1 kill) to algunos (NNNxDario)
[00:08:12.70] ••• algunos (NNNxDario) starts turn
[00:08:25.42] ••• algunos (NNNxDario) uses Bungee
[00:08:37.24] ••• algunos (NNNxDario) fires Uzi
[00:08:41.44] ••• algunos (NNNxDario) ends turn; time used: 23.80 sec turn, 3.00 sec retreat
[00:08:45.48] ••• Damage dealt: 42 (1 kill) to -η|2γZύ Fλ11ε$- (`Pn`Mega`Adnan)
[00:08:45.48] ••• -η|2γZύ Fλ11ε$- (`Pn`Mega`Adnan) starts turn
[00:09:15.16] ••• -η|2γZύ Fλ11ε$- (`Pn`Mega`Adnan) fires Pneumatic Drill
[00:09:20.22] ••• -η|2γZύ Fλ11ε$- (`Pn`Mega`Adnan) ends turn; time used: 24.68 sec turn, 0.02 sec retreat
[00:09:24.24] ••• algunos (NNNxDario) starts turn
[00:09:37.38] ••• algunos (NNNxDario) fires Low Gravity
[00:09:42.32] ••• algunos (NNNxDario) fires Shotgun
[00:09:59.52] ••• algunos (NNNxDario) fires Shotgun
[00:10:03.68] ••• algunos (NNNxDario) ends turn; time used: 25.22 sec turn, 3.00 sec retreat
[00:10:11.34] ••• Damage dealt: 47 (1 kill) to -η|2γZύ Fλ11ε$- (`Pn`Mega`Adnan)
[00:10:11.34] ••• -η|2γZύ Fλ11ε$- (`Pn`Mega`Adnan) starts turn
[00:10:32.42] ••• -η|2γZύ Fλ11ε$- (`Pn`Mega`Adnan) fires Ninja Rope
[00:11:01.04] ••• -η|2γZύ Fλ11ε$- (`Pn`Mega`Adnan) fires Baseball Bat
[00:11:04.62] ••• -η|2γZύ Fλ11ε$- (`Pn`Mega`Adnan) ends turn; time used: 44.62 sec turn, 3.00 sec retreat
[00:11:07.92] ••• Damage dealt: 30 to algunos (NNNxDario)
[00:11:07.92] ••• algunos (NNNxDario) starts turn
[00:11:45.24] ••• algunos (NNNxDario) fires Petrol Bomb
[00:11:49.94] ••• algunos (NNNxDario) ends turn; time used: 35.26 sec turn, 3.00 sec retreat
[00:11:52.64] ••• Damage dealt: 24 to -η|2γZύ Fλ11ε$- (`Pn`Mega`Adnan)
[00:11:52.64] ••• -η|2γZύ Fλ11ε$- (`Pn`Mega`Adnan) starts turn
[00:12:42.34] ••• -η|2γZύ Fλ11ε$- (`Pn`Mega`Adnan) fires Girder
[00:12:45.42] ••• -η|2γZύ Fλ11ε$- (`Pn`Mega`Adnan) ends turn; time used: 44.70 sec turn, 3.00 sec retreat
[00:12:47.04] ••• algunos (NNNxDario) starts turn
[00:13:01.02] ••• algunos (NNNxDario) fires Ninja Rope
[00:13:17.94] ••• algunos (NNNxDario) fires Shotgun
[00:13:27.82] ••• algunos (NNNxDario) fires Shotgun
[00:13:31.98] ••• algunos (NNNxDario) ends turn; time used: 32.94 sec turn, 3.00 sec retreat
[00:13:43.34] ••• Damage dealt: 66 (1 kill) to -η|2γZύ Fλ11ε$- (`Pn`Mega`Adnan), 3 to algunos (NNNxDario)
[00:13:43.34] ••• -η|2γZύ Fλ11ε$- (`Pn`Mega`Adnan) starts turn
[00:14:12.68] ••• -η|2γZύ Fλ11ε$- (`Pn`Mega`Adnan) fires Ninja Rope
[00:14:13.22] ••• -η|2γZύ Fλ11ε$- (`Pn`Mega`Adnan) fires Ninja Rope
[00:14:13.74] ••• -η|2γZύ Fλ11ε$- (`Pn`Mega`Adnan) fires Ninja Rope
[00:14:15.88] ••• -η|2γZύ Fλ11ε$- (`Pn`Mega`Adnan) fires Ninja Rope
[00:14:16.44] ••• -η|2γZύ Fλ11ε$- (`Pn`Mega`Adnan) fires Ninja Rope
[00:14:26.44] ••• -η|2γZύ Fλ11ε$- (`Pn`Mega`Adnan) fires Homing Pigeon
[00:14:26.76] ••• -η|2γZύ Fλ11ε$- (`Pn`Mega`Adnan) loses turn due to loss of control; time used: 37.06 sec turn, 0.24 sec retreat
[00:14:26.78] [`Pn`Mega`Adnan] uh
[00:14:26.78] [`Pn`Mega`Adnan] xD
[00:14:29.24] [NNNxDario] ouch
[00:14:32.92] ••• Damage dealt: 65 to -η|2γZύ Fλ11ε$- (`Pn`Mega`Adnan)
[00:14:32.92] ••• algunos (NNNxDario) starts turn
[00:14:59.46] ••• algunos (NNNxDario) fires Ninja Rope
[00:15:03.60] ••• algunos (NNNxDario) fires Holy Hand-Grenade
[00:15:08.62] ••• algunos (NNNxDario) ends turn; time used: 29.04 sec turn, 5.00 sec retreat
[00:15:26.18] ••• Damage dealt: 129 (2 kills) to -η|2γZύ Fλ11ε$- (`Pn`Mega`Adnan)
[00:15:26.18] ••• -η|2γZύ Fλ11ε$- (`Pn`Mega`Adnan) starts turn
[00:15:43.36] ••• -η|2γZύ Fλ11ε$- (`Pn`Mega`Adnan) fires Ninja Rope
[00:15:44.12] ••• -η|2γZύ Fλ11ε$- (`Pn`Mega`Adnan) fires Ninja Rope
[00:15:44.66] ••• -η|2γZύ Fλ11ε$- (`Pn`Mega`Adnan) fires Ninja Rope
[00:15:45.86] ••• -η|2γZύ Fλ11ε$- (`Pn`Mega`Adnan) fires Ninja Rope
[00:15:46.84] ••• -η|2γZύ Fλ11ε$- (`Pn`Mega`Adnan) fires Ninja Rope
[00:15:47.28] ••• -η|2γZύ Fλ11ε$- (`Pn`Mega`Adnan) fires Ninja Rope
[00:15:48.66] ••• -η|2γZύ Fλ11ε$- (`Pn`Mega`Adnan) fires Ninja Rope
[00:16:11.40] ••• -η|2γZύ Fλ11ε$- (`Pn`Mega`Adnan) fires Shotgun
[00:16:18.02] ••• -η|2γZύ Fλ11ε$- (`Pn`Mega`Adnan) loses turn due to loss of control; time used: 38.66 sec turn, 0.00 sec retreat
[00:16:22.54] [NNNxDario] bl there
[00:16:23.28] ••• Damage dealt: 1 to -η|2γZύ Fλ11ε$- (`Pn`Mega`Adnan), 62 (1 kill) to algunos (NNNxDario)
[00:16:23.28] ••• algunos (NNNxDario) starts turn
[00:16:34.70] ••• algunos (NNNxDario) fires Shotgun
[00:16:59.14] ••• algunos (NNNxDario) fires Shotgun
[00:17:03.30] ••• algunos (NNNxDario) ends turn; time used: 27.84 sec turn, 3.00 sec retreat
[00:17:07.72] ••• Damage dealt: 41 to -η|2γZύ Fλ11ε$- (`Pn`Mega`Adnan)
[00:17:07.72] ••• -η|2γZύ Fλ11ε$- (`Pn`Mega`Adnan) starts turn
[00:17:21.54] ••• -η|2γZύ Fλ11ε$- (`Pn`Mega`Adnan) fires Jet Pack
[00:17:30.38] ••• -η|2γZύ Fλ11ε$- (`Pn`Mega`Adnan) used 30 units of Jet Pack fuel
[00:17:48.58] ••• -η|2γZύ Fλ11ε$- (`Pn`Mega`Adnan) fires Longbow
[00:18:04.92] ••• -η|2γZύ Fλ11ε$- (`Pn`Mega`Adnan) fires Longbow
[00:18:08.00] ••• -η|2γZύ Fλ11ε$- (`Pn`Mega`Adnan) ends turn; time used: 44.66 sec turn, 3.00 sec retreat
[00:18:13.22] ••• Damage dealt: 60 (1 kill) to algunos (NNNxDario)
[00:18:13.22] ••• algunos (NNNxDario) starts turn
[00:18:24.44] ••• algunos (NNNxDario) uses Parachute
[00:18:33.28] ••• algunos (NNNxDario) fires Shotgun
[00:18:58.12] ••• algunos (NNNxDario) fires Shotgun
[00:19:02.28] ••• algunos (NNNxDario) ends turn; time used: 31.04 sec turn, 3.00 sec retreat
[00:19:07.50] ••• Damage dealt: 5 (1 kill) to -η|2γZύ Fλ11ε$- (`Pn`Mega`Adnan)
[00:19:07.50] ••• -η|2γZύ Fλ11ε$- (`Pn`Mega`Adnan) starts turn
[00:19:23.42] ••• -η|2γZύ Fλ11ε$- (`Pn`Mega`Adnan) fires Low Gravity
[00:19:27.38] ••• -η|2γZύ Fλ11ε$- (`Pn`Mega`Adnan) loses turn due to loss of control; time used: 15.16 sec turn, 0.00 sec retreat
[00:19:27.40] [`Pn`Mega`Adnan] xD
[00:19:28.08] [`Pn`Mega`Adnan] gg
[00:19:33.62] [NNNxDario] gg
[00:19:35.60] *** Round Finish acknowledged by `Pn`Mega`Adnan
[00:19:37.72] ••• Damage dealt: 48 (1 kill) to -η|2γZύ Fλ11ε$- (`Pn`Mega`Adnan)
[00:19:37.74] ••• Game Ends - Round Finished
[00:19:37.74] *** Round Finish acknowledged by NNNxDario

Team time totals:
-η|2γZύ Fλ11ε$- (`Pn`Mega`Adnan): Turn: 00:07:27.00, Retreat: 00:00:28.26, Total: 00:07:55.26, Turn count: 12
algunos (NNNxDario):              Turn: 00:05:40.74, Retreat: 00:00:39.00, Total: 00:06:19.74, Turn count: 11

Total Jet Pack fuel used: 60

End of round 2

Round time: 0:19:37
Total game time elapsed: Unknown

algunos wins the match!

Worm of the round: cuαndo (algunos)

Most damage with one shot: 226 - AΠρεN [;-? (-η|2γZύ Fλ11ε$-)
