Game ID: "12337333"
Game Started at 2021-02-16 20:42:35 GMT
Game Engine Version: 3.8
File Format Version: 3.7.3.0 - 3.8.1.1
Exported with Version: 3.8.1.1[TA] (Steam)

Red:  "Veals" as "Veals" [Local Player] [Host]
Blue: "rider" as "nimesulida"

[00:00:00.00] ••• nimesulida (rider) starts turn
[00:00:14.78] ••• nimesulida (rider) fires Ninja Rope
[00:00:15.32] ••• nimesulida (rider) fires Ninja Rope
[00:00:33.00] ••• nimesulida (rider) fires Baseball Bat
[00:00:36.14] ••• nimesulida (rider) ends turn; time used: 29.62 sec turn, 3.00 sec retreat
[00:00:42.14] ••• Damage dealt: 90 (1 kill) to Veals (Veals)
[00:00:42.14] ••• Veals (Veals) starts turn
[00:01:02.50] ••• Veals (Veals) fires Bazooka
[00:01:04.12] ••• Veals (Veals) loses turn due to loss of control; time used: 15.36 sec turn, 0.02 sec retreat
[00:01:11.66] ••• Damage dealt: 6 to Veals (Veals), 90 (1 kill) to nimesulida (rider)
[00:01:11.66] ••• nimesulida (rider) starts turn
[00:01:32.58] ••• nimesulida (rider) fires Shotgun
[00:01:54.46] ••• nimesulida (rider) fires Shotgun
[00:01:58.62] ••• nimesulida (rider) ends turn; time used: 37.78 sec turn, 3.00 sec retreat
[00:02:03.04] ••• Damage dealt: 25 to Veals (Veals)
[00:02:03.04] ••• Veals (Veals) starts turn
[00:02:14.90] ••• Veals (Veals) fires Select Worm
[00:02:23.82] ••• Veals (Veals) fires Ninja Rope
[00:02:30.20] ••• Veals (Veals) uses Parachute
[00:02:46.88] ••• Veals (Veals) fires Shotgun
[00:02:54.84] ••• Veals (Veals) fires Shotgun
[00:02:59.00] ••• Veals (Veals) ends turn; time used: 39.92 sec turn, 3.00 sec retreat
[00:03:04.22] ••• Damage dealt: 180 (2 kills) to nimesulida (rider)
[00:03:04.22] ••• nimesulida (rider) starts turn
[00:03:13.70] ••• nimesulida (rider) fires Ninja Rope
[00:03:14.36] ••• nimesulida (rider) fires Ninja Rope
[00:03:15.44] ••• nimesulida (rider) fires Ninja Rope
[00:03:16.16] ••• nimesulida (rider) fires Ninja Rope
[00:03:16.84] ••• nimesulida (rider) fires Ninja Rope
[00:03:17.54] ••• nimesulida (rider) fires Ninja Rope
[00:03:18.20] ••• nimesulida (rider) fires Ninja Rope
[00:03:18.84] ••• nimesulida (rider) fires Ninja Rope
[00:03:19.48] ••• nimesulida (rider) fires Ninja Rope
[00:03:20.22] ••• nimesulida (rider) fires Ninja Rope
[00:03:20.82] ••• nimesulida (rider) fires Ninja Rope
[00:03:21.48] ••• nimesulida (rider) fires Ninja Rope
[00:03:22.10] ••• nimesulida (rider) fires Ninja Rope
[00:03:24.24] ••• nimesulida (rider) fires Shotgun
[00:03:42.18] ••• nimesulida (rider) fires Shotgun
[00:03:46.34] ••• nimesulida (rider) ends turn; time used: 25.58 sec turn, 3.00 sec retreat
[00:03:57.86] ••• Damage dealt: 90 (1 kill) to Veals (Veals)
[00:03:57.86] ••• Veals (Veals) starts turn
[00:04:18.84] ••• Veals (Veals) fires Skunk
[00:04:28.66] ••• Veals (Veals) ends turn; time used: 15.98 sec turn, 3.00 sec retreat
[00:04:34.92] ••• Damage dealt: 10 to nimesulida (rider)
[00:04:34.92] ••• nimesulida (rider) starts turn
[00:04:52.96] ••• nimesulida (rider) fires Select Worm
[00:05:05.16] ••• nimesulida (rider) fires Petrol Bomb
[00:05:05.48] ••• nimesulida (rider) loses turn due to loss of control; time used: 28.58 sec turn, 0.08 sec retreat
[00:05:08.22] [rider] lol
[00:05:10.28] [Veals] lol
[00:05:11.70] [Veals] bl
[00:05:13.64] ••• Damage dealt: 67 to nimesulida (rider)
[00:05:13.64] ••• Veals (Veals) starts turn
[00:05:39.56] ••• Veals (Veals) fires Jet Pack
[00:05:48.30] ••• Veals (Veals) used 30 units of Jet Pack fuel
[00:05:59.78] ••• Veals (Veals) fires Mad Cow (herd of 1)
[00:06:01.12] ••• Veals (Veals) loses turn due to loss of control; time used: 40.72 sec turn, 0.80 sec retreat
[00:06:11.56] ••• Damage dealt: 17 to Veals (Veals), 64 to nimesulida (rider)
[00:06:11.56] ••• nimesulida (rider) starts turn
[00:06:16.26] ••• nimesulida (rider) fires Ninja Rope
[00:06:32.48] ••• nimesulida (rider) fires Dynamite
[00:06:36.18] ••• nimesulida (rider) loses turn due to loss of control; time used: 20.38 sec turn, 3.52 sec retreat
[00:06:47.74] ••• Damage dealt: 90 (1 kill) to Veals (Veals), 1 to nimesulida (rider)
[00:06:47.74] ••• Veals (Veals) starts turn
[00:06:53.60] ••• Veals (Veals) fires Low Gravity
[00:07:09.36] ••• Veals (Veals) fires Shotgun
[00:07:45.92] ••• Veals (Veals) fires Shotgun
[00:07:50.08] ••• Veals (Veals) ends turn; time used: 43.08 sec turn, 3.00 sec retreat
[00:07:57.38] ••• Damage dealt: 48 (1 kill) to nimesulida (rider)
[00:07:57.38] ••• nimesulida (rider) starts turn
[00:08:00.26] ••• nimesulida (rider) fires Select Worm
[00:08:11.24] ••• nimesulida (rider) fires Mad Cow (herd of 2)
[00:08:15.28] ••• nimesulida (rider) ends turn; time used: 13.12 sec turn, 3.00 sec retreat
[00:08:24.16] [Veals] phew xd
[00:08:28.52] ••• Damage dealt: 130 (1 kill) to Veals (Veals)
[00:08:28.52] ••• Veals (Veals) starts turn
[00:08:32.64] [rider] luck :)
[00:08:52.08] ••• Veals (Veals) fires Shotgun
[00:09:06.22] ••• Veals (Veals) fires Shotgun
[00:09:09.64] ••• Veals (Veals) loses turn due to loss of control; time used: 29.26 sec turn, 2.26 sec retreat
[00:09:20.68] ••• Damage dealt: 4 to Veals (Veals), 25 (1 kill) to nimesulida (rider)
[00:09:20.68] ••• nimesulida (rider) starts turn
[00:09:24.68] ••• nimesulida (rider) fires Shotgun
[00:09:29.72] ••• nimesulida (rider) fires Shotgun
[00:09:33.88] ••• nimesulida (rider) ends turn; time used: 3.58 sec turn, 3.00 sec retreat
[00:09:39.98] ••• Damage dealt: 50 to Veals (Veals)
[00:09:39.98] ••• Veals (Veals) starts turn
[00:09:42.78] ••• Veals (Veals) fires Select Worm
[00:09:52.86] ••• Veals (Veals) fires Dynamite
[00:09:57.86] ••• Veals (Veals) loses turn due to loss of control; time used: 10.30 sec turn, 4.98 sec retreat
[00:10:09.94] ••• Damage dealt: 35 to Veals (Veals), 65 (1 kill) to nimesulida (rider)
[00:10:09.94] ••• nimesulida (rider) starts turn
[00:10:15.50] ••• nimesulida (rider) fires Shotgun
[00:10:37.22] ••• nimesulida (rider) fires Shotgun
[00:10:41.38] ••• nimesulida (rider) ends turn; time used: 17.74 sec turn, 3.00 sec retreat
[00:10:48.68] ••• Damage dealt: 40 (1 kill) to Veals (Veals)
[00:10:48.68] ••• Veals (Veals) starts turn
[00:10:53.44] ••• Veals (Veals) fires Ninja Rope
[00:11:06.72] ••• Veals (Veals) uses Bungee
[00:11:28.00] ••• Veals (Veals) fires Uzi
[00:11:32.20] ••• Veals (Veals) ends turn; time used: 36.76 sec turn, 3.00 sec retreat
[00:11:42.46] ••• Damage dealt: 40 (1 kill) to nimesulida (rider)
[00:11:42.46] ••• nimesulida (rider) starts turn
[00:11:44.94] ••• nimesulida (rider) fires Ninja Rope
[00:11:46.04] ••• nimesulida (rider) fires Ninja Rope
[00:11:57.18] ••• nimesulida (rider) fires Ninja Rope
[00:12:06.90] ••• nimesulida (rider) uses Bungee
[00:12:15.76] [Veals] xdd
[00:12:17.62] ••• nimesulida (rider) fires Longbow
[00:12:27.58] ••• nimesulida (rider) fires Longbow
[00:12:30.66] ••• nimesulida (rider) ends turn; time used: 38.46 sec turn, 3.00 sec retreat
[00:12:37.54] ••• Damage dealt: 90 (1 kill) to Veals (Veals)
[00:12:37.54] ••• Veals (Veals) starts turn
[00:12:40.78] ••• Veals (Veals) fires Ninja Rope
[00:12:41.60] ••• Veals (Veals) fires Ninja Rope
[00:13:01.78] ••• Veals (Veals) fires Ninja Rope
[00:13:22.96] ••• Veals (Veals) fires Kamikaze
[00:13:24.40] ••• Veals (Veals) loses turn due to loss of control; time used: 43.76 sec turn, 0.00 sec retreat
[00:13:26.10] [Veals] gg
[00:13:29.14] [rider] lol
[00:13:29.94] [rider] gg
[00:13:37.52] ••• Damage dealt: 30 (1 kill) to Veals (Veals), 30 (1 kill) to nimesulida (rider)
[00:13:37.54] ••• Game Ends - Round Finished
[00:13:37.54] *** Round Finish acknowledged by Veals
[00:13:39.94] *** Round Finish acknowledged by rider

Team time totals:
Veals (Veals):      Turn: 00:04:35.14, Retreat: 00:00:20.06, Total: 00:04:55.20, Turn count: 9
nimesulida (rider): Turn: 00:03:34.84, Retreat: 00:00:24.60, Total: 00:03:59.44, Turn count: 9

Total Jet Pack fuel used: 30

End of round 1

Round time: 0:13:37
Total game time elapsed: 0:13:37

Veals wins the round.

Worm of the round: Gurney (nimesulida)
Most damage with one shot: 130 - Gurney (nimesulida)
