Game ID: "12331552"
Game Started at 2021-02-14 20:22:23 GMT
Game Engine Version: 3.8
File Format Version: 3.7.3.0 - 3.8.1
Exported with Version: 3.8.1 (Steam)

Red:  "chesnut"     as "gusis" [Local Player] [Host]
Blue: "AlucardinaD" as "Skin Flute"

[00:00:00.00] ••• gusis (chesnut) starts turn
[00:00:01.86] [chesnut] suerte
[00:00:06.16] [AlucardinaD] hf
[00:00:20.80] ••• gusis (chesnut) fires Select Worm
[00:00:31.76] ••• gusis (chesnut) fires Ninja Rope
[00:00:35.26] ••• gusis (chesnut) fires Ninja Rope
[00:00:42.18] ••• gusis (chesnut) fires Shotgun
[00:00:53.78] ••• gusis (chesnut) fires Shotgun
[00:00:57.94] ••• gusis (chesnut) ends turn; time used: 39.44 sec turn, 3.00 sec retreat
[00:01:02.36] ••• Damage dealt: 92 to Skin Flute (AlucardinaD)
[00:01:02.36] ••• Skin Flute (AlucardinaD) starts turn
[00:01:08.34] ••• Skin Flute (AlucardinaD) fires Select Worm
[00:01:21.66] ••• Skin Flute (AlucardinaD) fires Select Worm
[00:01:28.80] ••• Skin Flute (AlucardinaD) fires Ninja Rope
[00:01:44.58] ••• Skin Flute (AlucardinaD) fires Sheep
[00:01:47.98] ••• Skin Flute (AlucardinaD) ends turn; time used: 39.92 sec turn, 3.00 sec retreat
[00:01:54.48] ••• Damage dealt: 155 to gusis (chesnut)
[00:01:54.48] ••• gusis (chesnut) starts turn
[00:02:00.98] ••• gusis (chesnut) fires Ninja Rope
[00:02:15.46] ••• gusis (chesnut) fires Sheep
[00:02:28.72] ••• gusis (chesnut) ends turn; time used: 16.72 sec turn, 3.00 sec retreat
[00:02:33.72] [AlucardinaD] lol
[00:02:33.98] ••• Damage dealt: 107 to Skin Flute (AlucardinaD)
[00:02:33.98] ••• Skin Flute (AlucardinaD) starts turn
[00:02:38.60] [chesnut] oveja mágica
[00:02:54.16] ••• Skin Flute (AlucardinaD) fires Select Worm
[00:03:03.80] ••• Skin Flute (AlucardinaD) fires Shotgun
[00:03:16.42] ••• Skin Flute (AlucardinaD) fires Shotgun
[00:03:20.58] ••• Skin Flute (AlucardinaD) ends turn; time used: 31.38 sec turn, 3.00 sec retreat
[00:03:30.78] ••• Damage dealt: 25 (2 kills) to gusis (chesnut), 3 to Skin Flute (AlucardinaD)
[00:03:30.78] ••• gusis (chesnut) starts turn
[00:03:46.92] ••• gusis (chesnut) fires Bazooka
[00:03:51.52] ••• gusis (chesnut) ends turn; time used: 14.54 sec turn, 3.00 sec retreat
[00:03:55.94] ••• Damage dealt: 44 to Skin Flute (AlucardinaD)
[00:03:55.94] ••• Skin Flute (AlucardinaD) starts turn
[00:04:06.94] ••• Skin Flute (AlucardinaD) fires Low Gravity
[00:04:13.86] ••• Skin Flute (AlucardinaD) fires Shotgun
[00:04:37.46] ••• Skin Flute (AlucardinaD) fires Shotgun
[00:04:41.62] ••• Skin Flute (AlucardinaD) ends turn; time used: 29.84 sec turn, 3.00 sec retreat
[00:04:49.36] ••• Damage dealt: 90 (1 kill) to gusis (chesnut)
[00:04:49.36] ••• gusis (chesnut) starts turn
[00:05:10.72] ••• gusis (chesnut) fires Longbow
[00:05:30.04] ••• gusis (chesnut) fires Longbow
[00:05:33.12] ••• gusis (chesnut) ends turn; time used: 33.14 sec turn, 3.00 sec retreat
[00:05:37.88] ••• Damage dealt: 31 to Skin Flute (AlucardinaD)
[00:05:37.88] ••• Skin Flute (AlucardinaD) starts turn
[00:05:52.28] ••• Skin Flute (AlucardinaD) uses Bungee
[00:05:56.40] ••• Skin Flute (AlucardinaD) uses Bungee
[00:06:07.32] ••• Skin Flute (AlucardinaD) fires Ninja Rope
[00:06:22.52] ••• Skin Flute (AlucardinaD) fires Dynamite
[00:06:27.70] ••• Skin Flute (AlucardinaD) ends turn; time used: 41.98 sec turn, 5.00 sec retreat
[00:06:35.30] [chesnut] jajaja
[00:06:39.30] [AlucardinaD] :s
[00:06:40.06] [AlucardinaD] jaja
[00:06:44.32] ••• Damage dealt: 90 (1 kill) to gusis (chesnut), 28 to Skin Flute (AlucardinaD)
[00:06:44.32] ••• gusis (chesnut) starts turn
[00:06:59.32] ••• gusis (chesnut) fires Select Worm
[00:07:02.76] ••• gusis (chesnut) fires Ninja Rope
[00:07:15.90] ••• gusis (chesnut) fires Shotgun
[00:07:37.30] ••• gusis (chesnut) fires Shotgun
[00:07:41.46] ••• gusis (chesnut) ends turn; time used: 44.72 sec turn, 3.00 sec retreat
[00:07:49.10] ••• Damage dealt: 126 (1 kill) to Skin Flute (AlucardinaD)
[00:07:49.10] ••• Skin Flute (AlucardinaD) starts turn
[00:08:02.26] ••• Skin Flute (AlucardinaD) fires Ninja Rope
[00:08:27.74] ••• Skin Flute (AlucardinaD) fires Petrol Bomb
[00:08:31.50] ••• Skin Flute (AlucardinaD) ends turn; time used: 33.96 sec turn, 3.00 sec retreat
[00:08:37.30] ••• Damage dealt: 49 to gusis (chesnut)
[00:08:37.30] ••• gusis (chesnut) starts turn
[00:09:08.10] ••• gusis (chesnut) fires Shotgun
[00:09:16.86] ••• gusis (chesnut) fires Shotgun
[00:09:21.02] ••• gusis (chesnut) ends turn; time used: 28.70 sec turn, 3.00 sec retreat
[00:09:25.44] ••• Damage dealt: 59 to Skin Flute (AlucardinaD)
[00:09:25.44] ••• Skin Flute (AlucardinaD) starts turn
[00:10:04.26] ••• Skin Flute (AlucardinaD) fires Shotgun
[00:10:14.06] ••• Skin Flute (AlucardinaD) fires Shotgun
[00:10:18.22] ••• Skin Flute (AlucardinaD) ends turn; time used: 39.92 sec turn, 3.00 sec retreat
[00:10:22.64] ••• Damage dealt: 48 to gusis (chesnut)
[00:10:22.64] ••• gusis (chesnut) starts turn
[00:10:40.04] ••• gusis (chesnut) fires Shotgun
[00:11:03.54] ••• gusis (chesnut) fires Shotgun
[00:11:07.70] ••• gusis (chesnut) ends turn; time used: 29.88 sec turn, 3.00 sec retreat
[00:11:17.98] ••• Damage dealt: 3 to gusis (chesnut), 28 (2 kills) to Skin Flute (AlucardinaD)
[00:11:17.98] ••• Skin Flute (AlucardinaD) starts turn
[00:11:42.96] ••• Skin Flute (AlucardinaD) fires Ninja Rope
[00:12:02.02] ••• Skin Flute (AlucardinaD) fires Ninja Rope
[00:12:03.86] ••• Skin Flute (AlucardinaD) fires Fire Punch
[00:12:08.66] ••• Skin Flute (AlucardinaD) ends turn; time used: 44.72 sec turn, 3.00 sec retreat
[00:12:13.08] ••• Damage dealt: 30 to gusis (chesnut)
[00:12:13.08] ••• gusis (chesnut) starts turn
[00:12:27.70] ••• gusis (chesnut) fires Girder
[00:12:30.78] ••• gusis (chesnut) ends turn; time used: 10.96 sec turn, 3.00 sec retreat
[00:12:32.80] ••• Skin Flute (AlucardinaD) starts turn
[00:13:08.14] ••• Skin Flute (AlucardinaD) fires Jet Pack
[00:13:14.50] ••• Skin Flute (AlucardinaD) used 30 units of Jet Pack fuel
[00:13:14.84] ••• Skin Flute (AlucardinaD) fires Mine
[00:13:20.02] ••• Skin Flute (AlucardinaD) ends turn; time used: 38.74 sec turn, 5.00 sec retreat
[00:13:20.90] [AlucardinaD] lol
[00:13:24.04] ••• gusis (chesnut) starts turn
[00:13:28.22] [chesnut] mala suerte
[00:13:36.98] ••• gusis (chesnut) fires Battle Axe
[00:13:41.88] ••• gusis (chesnut) ends turn; time used: 8.30 sec turn, 3.00 sec retreat
[00:13:42.60] [AlucardinaD] shit happens xD
[00:13:46.30] ••• Damage dealt: 45 to Skin Flute (AlucardinaD)
[00:13:46.30] ••• Skin Flute (AlucardinaD) starts turn
[00:13:53.88] ••• Skin Flute (AlucardinaD) fires Skunk
[00:14:07.86] ••• Skin Flute (AlucardinaD) ends turn; time used: 4.62 sec turn, 3.00 sec retreat
[00:14:12.10] ••• gusis (chesnut) starts turn
[00:14:18.22] ••• gusis (chesnut) fires Flame Thrower
[00:14:25.70] ••• gusis (chesnut) ends turn; time used: 5.48 sec turn, 3.00 sec retreat
[00:14:35.06] ••• Damage dealt: 47 (1 kill) to Skin Flute (AlucardinaD)
[00:14:35.06] ••• Skin Flute (AlucardinaD) starts turn
[00:14:48.20] ••• Skin Flute (AlucardinaD) loses turn due to loss of control; time used: 11.24 sec turn, 0.00 sec retreat
[00:14:51.76] ••• Damage dealt: 2 to Skin Flute (AlucardinaD)
[00:14:51.76] ••• gusis (chesnut) starts turn
[00:14:55.50] ••• gusis (chesnut) fires Shotgun
[00:15:24.28] ••• gusis (chesnut) fires Shotgun
[00:15:28.44] ••• gusis (chesnut) ends turn; time used: 17.38 sec turn, 3.00 sec retreat
[00:15:33.66] ••• Damage dealt: 61 (2 kills) to Skin Flute (AlucardinaD)
[00:15:33.66] ••• Skin Flute (AlucardinaD) starts turn
[00:15:41.40] ••• Skin Flute (AlucardinaD) fires Shotgun
[00:15:57.80] ••• Skin Flute (AlucardinaD) fires Shotgun
[00:16:01.96] ••• Skin Flute (AlucardinaD) ends turn; time used: 17.96 sec turn, 3.00 sec retreat
[00:16:04.96] ••• Damage dealt: 50 to gusis (chesnut)
[00:16:04.96] ••• gusis (chesnut) starts turn
[00:16:06.96] ••• gusis (chesnut) fires Bazooka
[00:16:08.62] ••• gusis (chesnut) loses turn due to loss of control; time used: 0.74 sec turn, 0.06 sec retreat
[00:16:24.78] ••• Damage dealt: 38 to gusis (chesnut), 2 (1 kill) to Skin Flute (AlucardinaD)
[00:16:24.78] ••• Skin Flute (AlucardinaD) starts turn
[00:16:39.90] ••• Skin Flute (AlucardinaD) fires Kamikaze
[00:16:41.06] ••• Skin Flute (AlucardinaD) loses turn due to loss of control; time used: 10.84 sec turn, 0.00 sec retreat
[00:16:41.90] [AlucardinaD] gg
[00:16:43.22] [chesnut] gg
[00:16:54.12] *** Round Finish acknowledged by AlucardinaD
[00:16:56.14] ••• Damage dealt: 10 (1 kill) to gusis (chesnut), 45 (1 kill) to Skin Flute (AlucardinaD)
[00:16:56.16] ••• Game Ends - Round Finished
[00:16:56.16] *** Round Finish acknowledged by chesnut

Team time totals:
gusis (chesnut):          Turn: 00:04:10.00, Retreat: 00:00:33.06, Total: 00:04:43.06, Turn count: 12
Skin Flute (AlucardinaD): Turn: 00:05:45.12, Retreat: 00:00:34.00, Total: 00:06:19.12, Turn count: 12

Total Jet Pack fuel used: 30

End of round 1

Round time: 0:16:56
Total game time elapsed: 0:16:56

gusis wins the round.

Worm of the round: guseis (gusis)
Most damage with one shot: 155 - R. Herrera (Skin Flute)
