Game ID: "12329881"
Game Started at 2021-02-14 13:40:23 GMT
Game Engine Version: 3.8
File Format Version: 3.7.3.0 - 3.8.1
Exported with Version: 3.8.1 (Steam)

Red:  "NNNxDario"    as "algunos" [Local Player] [Host]
Blue: "MIGHTY`taner" as "asn"

[00:00:00.00] ••• asn (MIGHTY`taner) starts turn
[00:00:14.72] ••• asn (MIGHTY`taner) fires Select Worm
[00:00:18.78] ••• asn (MIGHTY`taner) fires Ninja Rope
[00:00:23.80] ••• asn (MIGHTY`taner) uses Parachute
[00:00:32.32] ••• asn (MIGHTY`taner) fires Low Gravity
[00:00:52.86] ••• asn (MIGHTY`taner) ends turn; time used: 45.00 sec turn, 0.00 sec retreat
[00:00:56.58] ••• Damage dealt: 90 (1 kill) to algunos (NNNxDario)
[00:00:56.58] ••• algunos (NNNxDario) starts turn
[00:01:03.62] ••• algunos (NNNxDario) fires Select Worm
[00:01:14.24] ••• algunos (NNNxDario) fires Ninja Rope
[00:01:43.34] ••• algunos (NNNxDario) fires Baseball Bat
[00:01:46.92] ••• algunos (NNNxDario) ends turn; time used: 44.80 sec turn, 3.00 sec retreat
[00:01:51.54] ••• Damage dealt: 90 (1 kill) to asn (MIGHTY`taner)
[00:01:51.54] ••• asn (MIGHTY`taner) starts turn
[00:02:14.80] ••• asn (MIGHTY`taner) fires Ninja Rope
[00:02:34.66] ••• asn (MIGHTY`taner) fires Dynamite
[00:02:39.68] ••• asn (MIGHTY`taner) ends turn; time used: 37.82 sec turn, 5.00 sec retreat
[00:02:54.02] ••• Damage dealt: 91 (1 kill) to algunos (NNNxDario)
[00:02:54.02] ••• algunos (NNNxDario) starts turn
[00:02:57.64] ••• algunos (NNNxDario) fires Ninja Rope
[00:03:05.82] ••• algunos (NNNxDario) uses Parachute
[00:03:12.06] ••• algunos (NNNxDario) fires Low Gravity
[00:03:29.14] ••• algunos (NNNxDario) fires Select Worm
[00:03:31.76] ••• algunos (NNNxDario) fires Longbow
[00:03:42.66] ••• algunos (NNNxDario) fires Longbow
[00:03:45.72] ••• algunos (NNNxDario) ends turn; time used: 41.22 sec turn, 3.00 sec retreat
[00:03:51.96] ••• Damage dealt: 120 (1 kill) to asn (MIGHTY`taner)
[00:03:51.96] ••• asn (MIGHTY`taner) starts turn
[00:04:05.84] ••• asn (MIGHTY`taner) fires Select Worm
[00:04:17.60] ••• asn (MIGHTY`taner) fires Jet Pack
[00:04:23.88] ••• asn (MIGHTY`taner) fires Mad Cow (herd of 2)
[00:04:28.70] ••• asn (MIGHTY`taner) used 30 (18) units of Jet Pack fuel
[00:04:29.88] ••• asn (MIGHTY`taner) ends turn; time used: 28.42 sec turn, 5.00 sec retreat
[00:04:45.40] ••• Damage dealt: 107 (1 kill) to algunos (NNNxDario), 3 to asn (MIGHTY`taner)
[00:04:45.40] ••• algunos (NNNxDario) starts turn
[00:05:15.32] ••• algunos (NNNxDario) fires Jet Pack
[00:05:17.34] ••• algunos (NNNxDario) fires Dynamite
[00:05:22.34] ••• algunos (NNNxDario) used 30 (0) units of Jet Pack fuel
[00:05:22.36] ••• algunos (NNNxDario) ends turn; time used: 31.16 sec turn, 5.00 sec retreat
[00:05:31.24] ••• Damage dealt: 3 to algunos (NNNxDario), 90 (1 kill) to asn (MIGHTY`taner)
[00:05:31.24] ••• asn (MIGHTY`taner) starts turn
[00:06:15.60] ••• asn (MIGHTY`taner) fires Grenade (5 sec, min bounce)
[00:06:20.74] ••• asn (MIGHTY`taner) ends turn; time used: 42.56 sec turn, 3.00 sec retreat
[00:06:26.96] ••• Damage dealt: 49 to algunos (NNNxDario)
[00:06:26.96] ••• algunos (NNNxDario) starts turn
[00:06:37.96] ••• algunos (NNNxDario) fires Shotgun
[00:06:56.72] ••• algunos (NNNxDario) fires Shotgun
[00:07:00.88] ••• algunos (NNNxDario) ends turn; time used: 22.42 sec turn, 3.00 sec retreat
[00:07:06.50] ••• Damage dealt: 85 (1 kill) to asn (MIGHTY`taner)
[00:07:06.50] ••• asn (MIGHTY`taner) starts turn
[00:07:07.64] ••• asn (MIGHTY`taner) fires Select Worm
[00:07:11.46] ••• asn (MIGHTY`taner) fires Ninja Rope
[00:07:31.10] ••• asn (MIGHTY`taner) uses Bungee
[00:07:45.30] ••• asn (MIGHTY`taner) fires Shotgun
[00:07:51.08] ••• asn (MIGHTY`taner) fires Shotgun
[00:07:55.24] ••• asn (MIGHTY`taner) ends turn; time used: 38.74 sec turn, 3.00 sec retreat
[00:07:59.66] ••• Damage dealt: 46 to algunos (NNNxDario)
[00:07:59.66] ••• algunos (NNNxDario) starts turn
[00:08:17.64] ••• algunos (NNNxDario) fires Girder
[00:08:20.72] ••• algunos (NNNxDario) ends turn; time used: 17.66 sec turn, 3.00 sec retreat
[00:08:22.74] ••• asn (MIGHTY`taner) starts turn
[00:08:34.96] ••• asn (MIGHTY`taner) fires Shotgun
[00:08:47.20] ••• asn (MIGHTY`taner) fires Shotgun
[00:08:51.36] ••• asn (MIGHTY`taner) ends turn; time used: 17.36 sec turn, 3.00 sec retreat
[00:08:56.12] ••• Damage dealt: 25 to algunos (NNNxDario)
[00:08:56.12] ••• algunos (NNNxDario) starts turn
[00:09:22.92] ••• algunos (NNNxDario) fires Homing Pigeon
[00:09:28.30] ••• algunos (NNNxDario) ends turn; time used: 22.00 sec turn, 3.00 sec retreat
[00:09:33.16] ••• Damage dealt: 73 to asn (MIGHTY`taner)
[00:09:33.16] ••• asn (MIGHTY`taner) starts turn
[00:09:42.90] ••• asn (MIGHTY`taner) fires Shotgun
[00:09:47.58] ••• asn (MIGHTY`taner) fires Shotgun
[00:09:51.74] ••• asn (MIGHTY`taner) ends turn; time used: 8.12 sec turn, 3.00 sec retreat
[00:10:01.10] ••• Damage dealt: 40 (1 kill) to algunos (NNNxDario)
[00:10:01.10] ••• algunos (NNNxDario) starts turn
[00:10:29.76] ••• algunos (NNNxDario) fires Homing Pigeon
[00:10:32.84] ••• algunos (NNNxDario) ends turn; time used: 28.16 sec turn, 3.00 sec retreat
[00:10:42.20] ••• Damage dealt: 65 (1 kill) to asn (MIGHTY`taner)
[00:10:42.20] ••• asn (MIGHTY`taner) starts turn
[00:11:09.50] ••• asn (MIGHTY`taner) fires Ninja Rope
[00:11:10.40] ••• asn (MIGHTY`taner) fires Ninja Rope
[00:11:29.34] ••• asn (MIGHTY`taner) uses Bungee
[00:11:32.42] ••• asn (MIGHTY`taner) fires Mine
[00:11:37.44] ••• asn (MIGHTY`taner) ends turn; time used: 44.84 sec turn, 5.00 sec retreat
[00:11:44.82] ••• Damage dealt: 47 to algunos (NNNxDario)
[00:11:44.82] ••• algunos (NNNxDario) starts turn
[00:11:58.24] ••• algunos (NNNxDario) fires Parachute
[00:12:10.44] ••• algunos (NNNxDario) fires Petrol Bomb
[00:12:14.84] ••• algunos (NNNxDario) ends turn; time used: 22.80 sec turn, 3.00 sec retreat
[00:12:19.14] ••• Damage dealt: 33 to asn (MIGHTY`taner)
[00:12:19.14] ••• asn (MIGHTY`taner) starts turn
[00:12:21.38] ••• asn (MIGHTY`taner) fires Napalm Strike
[00:12:24.86] ••• asn (MIGHTY`taner) ends turn; time used: 1.42 sec turn, 3.00 sec retreat
[00:12:40.24] ••• Damage dealt: 41 (1 kill) to algunos (NNNxDario)
[00:12:40.24] ••• algunos (NNNxDario) starts turn
[00:13:27.96] ••• algunos (NNNxDario) fires Air Strike
[00:13:31.44] ••• algunos (NNNxDario) ends turn; time used: 42.72 sec turn, 3.00 sec retreat
[00:13:39.62] ••• Damage dealt: 17 (1 kill) to asn (MIGHTY`taner)
[00:13:39.62] ••• asn (MIGHTY`taner) starts turn
[00:13:45.58] ••• asn (MIGHTY`taner) fires Shotgun
[00:13:51.30] ••• asn (MIGHTY`taner) fires Shotgun
[00:13:55.46] ••• asn (MIGHTY`taner) ends turn; time used: 6.28 sec turn, 3.00 sec retreat
[00:14:05.54] ••• Damage dealt: 43 (1 kill) to algunos (NNNxDario)
[00:14:05.54] ••• algunos (NNNxDario) starts turn
[00:14:32.36] ••• algunos (NNNxDario) fires Ninja Rope
[00:14:32.92] ••• algunos (NNNxDario) fires Ninja Rope
[00:14:46.86] ••• algunos (NNNxDario) fires Ninja Rope
[00:14:54.18] ••• algunos (NNNxDario) fires Sheep
[00:14:59.20] ••• algunos (NNNxDario) ends turn; time used: 43.10 sec turn, 5.00 sec retreat
[00:15:08.02] ••• Damage dealt: 54 (1 kill) to asn (MIGHTY`taner)
[00:15:08.02] ••• asn (MIGHTY`taner) starts turn
[00:15:18.28] ••• asn (MIGHTY`taner) fires Air Strike
[00:15:21.76] ••• asn (MIGHTY`taner) ends turn; time used: 5.26 sec turn, 3.00 sec retreat
[00:15:26.18] ••• Damage dealt: 17 to algunos (NNNxDario)
[00:15:26.18] ••• algunos (NNNxDario) starts turn
[00:15:32.88] ••• algunos (NNNxDario) fires Select Worm
[00:15:49.22] [MIGHTY`taner] noob
[00:16:04.00] [MIGHTY`taner] lol
[00:16:15.66] ••• algunos (NNNxDario) fires Teleport
[00:16:16.08] ••• resetting Jet Pack fuel use to 0
[00:16:18.14] ••• algunos (NNNxDario) ends turn; time used: 44.42 sec turn, 0.02 sec retreat
[00:16:18.66] ••• asn (MIGHTY`taner) starts turn
[00:16:54.90] ••• asn (MIGHTY`taner) fires Girder
[00:16:57.98] ••• asn (MIGHTY`taner) ends turn; time used: 31.24 sec turn, 3.00 sec retreat
[00:17:00.00] ••• algunos (NNNxDario) starts turn
[00:17:24.18] ••• algunos (NNNxDario) fires Blow Torch
[00:17:32.22] ••• algunos (NNNxDario) ends turn; time used: 22.02 sec turn, 3.00 sec retreat
[00:17:36.24] ••• asn (MIGHTY`taner) starts turn
[00:17:51.94] ••• asn (MIGHTY`taner) fires Girder
[00:17:55.02] ••• asn (MIGHTY`taner) ends turn; time used: 15.16 sec turn, 3.00 sec retreat
[00:17:57.04] ••• algunos (NNNxDario) starts turn
[00:18:10.06] ••• algunos (NNNxDario) fires Shotgun
[00:18:16.14] ••• algunos (NNNxDario) fires Shotgun
[00:18:20.30] ••• algunos (NNNxDario) ends turn; time used: 12.40 sec turn, 3.00 sec retreat
[00:18:24.32] ••• asn (MIGHTY`taner) starts turn
[00:18:36.34] ••• asn (MIGHTY`taner) fires Shotgun
[00:18:50.24] ••• asn (MIGHTY`taner) fires Shotgun
[00:18:54.40] ••• asn (MIGHTY`taner) ends turn; time used: 23.22 sec turn, 3.00 sec retreat
[00:18:58.42] ••• algunos (NNNxDario) starts turn
[00:19:22.22] ••• algunos (NNNxDario) fires Napalm Strike
[00:19:25.70] ••• algunos (NNNxDario) ends turn; time used: 18.80 sec turn, 3.00 sec retreat
[00:19:36.82] ••• Damage dealt: 20 to asn (MIGHTY`taner)
[00:19:36.82] ••• asn (MIGHTY`taner) starts turn
[00:19:56.56] ••• asn (MIGHTY`taner) fires Shotgun
[00:20:25.52] ••• asn (MIGHTY`taner) fires Shotgun
[00:20:29.68] ••• asn (MIGHTY`taner) ends turn; time used: 43.44 sec turn, 3.00 sec retreat
[00:20:32.84] [MIGHTY`taner] does bytor kick u when u join his game?
[00:20:33.70] ••• algunos (NNNxDario) starts turn
[00:20:44.66] [NNNxDario] no, but I stopped playing him
[00:20:58.20] [NNNxDario] for some reason someone managed to be even more of an asshat than you
[00:21:04.18] ••• algunos (NNNxDario) fires Shotgun
[00:21:11.46] ••• algunos (NNNxDario) fires Shotgun
[00:21:15.62] ••• algunos (NNNxDario) ends turn; time used: 30.66 sec turn, 3.00 sec retreat
[00:21:15.84] [MIGHTY`taner] dont think thats possible
[00:21:19.64] ••• asn (MIGHTY`taner) starts turn
[00:21:59.24] ••• asn (MIGHTY`taner) uses Parachute
[00:22:04.36] ••• asn (MIGHTY`taner) fires Girder
[00:22:05.50] [MIGHTY`taner] wtf
[00:22:07.44] ••• asn (MIGHTY`taner) ends turn; time used: 39.72 sec turn, 3.00 sec retreat
[00:22:08.36] ••• algunos (NNNxDario) starts turn
[00:22:17.58] ••• algunos (NNNxDario) fires Shotgun
[00:22:19.96] ••• algunos (NNNxDario) fires Shotgun
[00:22:24.12] ••• algunos (NNNxDario) ends turn; time used: 4.50 sec turn, 3.00 sec retreat
[00:22:28.14] ••• asn (MIGHTY`taner) starts turn
[00:22:29.96] [NNNxDario] just girder assist, no booping when it's too far
[00:22:45.14] [MIGHTY`taner] first time i see this
[00:22:48.88] ••• asn (MIGHTY`taner) fires Petrol Bomb
[00:22:55.46] ••• asn (MIGHTY`taner) ends turn; time used: 19.44 sec turn, 3.00 sec retreat
[00:22:59.48] ••• algunos (NNNxDario) starts turn
[00:23:19.42] ••• algunos (NNNxDario) fires Girder
[00:23:22.50] ••• algunos (NNNxDario) ends turn; time used: 19.06 sec turn, 3.00 sec retreat
[00:23:24.52] ••• asn (MIGHTY`taner) starts turn
[00:23:29.36] ••• asn (MIGHTY`taner) fires Petrol Bomb
[00:23:33.66] ••• asn (MIGHTY`taner) ends turn; time used: 2.90 sec turn, 3.00 sec retreat
[00:23:37.34] ••• Sudden Death
[00:23:47.74] ••• algunos (NNNxDario) starts turn
[00:24:09.92] ••• algunos (NNNxDario) loses turn due to loss of control; time used: 22.18 sec turn, 0.00 sec retreat
[00:24:14.46] [NNNxDario] gj me
[00:24:15.72] [MIGHTY`taner] hahahahahaha
[00:24:19.04] [MIGHTY`taner] noob
[00:24:20.88] ••• Damage dealt: 60 (1 kill) to algunos (NNNxDario)
[00:24:20.88] ••• asn (MIGHTY`taner) starts turn
[00:24:25.60] ••• asn (MIGHTY`taner) fires Ninja Rope
[00:24:41.52] ••• asn (MIGHTY`taner) fires Shotgun
[00:24:44.08] ••• asn (MIGHTY`taner) ends turn; time used: 20.26 sec turn, 0.00 sec retreat
[00:24:55.78] [NNNxDario] you hacked my kb
[00:24:55.92] *** Round Finish acknowledged by MIGHTY`taner
[00:24:58.10] ••• Damage dealt: 1 (1 kill) to algunos (NNNxDario)
[00:24:58.12] ••• Game Ends - Round Finished
[00:24:58.12] *** Round Finish acknowledged by NNNxDario

Team time totals:
algunos (NNNxDario): Turn: 00:08:10.08, Retreat: 00:00:52.02, Total: 00:09:02.10, Turn count: 18
asn (MIGHTY`taner):  Turn: 00:07:51.20, Retreat: 00:00:57.00, Total: 00:08:48.20, Turn count: 19

End of round 3

Round time: 0:24:58
Total game time elapsed: Unknown

asn wins the round.

Worm of the round: a? (asn)
Most damage with one shot: 107 - a? (asn)
