Game ID: "12336919"
Game Started at 2021-02-16 19:08:30 GMT
Game Engine Version: 3.8.1
File Format Version: 3.7.3.0 - 3.8.1
Exported with Version: 3.8.1 (Steam)

Red:  "Veals"          as "Veals" [Host]
Blue: "`Pn`Mega`Adnan" as "Wacky Worms" [Local Player]

[00:00:00.00] ••• Wacky Worms (`Pn`Mega`Adnan) starts turn
[00:00:02.40] [Veals] hf
[00:00:03.18] [`Pn`Mega`Adnan] Funs
[00:00:16.36] ••• Wacky Worms (`Pn`Mega`Adnan) fires Select Worm
[00:00:25.76] ••• Wacky Worms (`Pn`Mega`Adnan) fires Select Worm
[00:00:33.48] ••• Wacky Worms (`Pn`Mega`Adnan) fires Ninja Rope
[00:00:34.08] ••• Wacky Worms (`Pn`Mega`Adnan) fires Ninja Rope
[00:00:47.30] ••• Wacky Worms (`Pn`Mega`Adnan) fires Grenade (5 sec, min bounce)
[00:00:52.30] ••• Wacky Worms (`Pn`Mega`Adnan) loses turn due to loss of control; time used: 41.56 sec turn, 4.98 sec retreat
[00:00:57.56] ••• Damage dealt: 41 to Veals (Veals), 8 to Wacky Worms (`Pn`Mega`Adnan)
[00:00:57.56] ••• Veals (Veals) starts turn
[00:00:57.58] [Veals] bl
[00:01:20.20] ••• Veals (Veals) fires Shotgun
[00:01:24.74] ••• Veals (Veals) fires Shotgun
[00:01:28.90] ••• Veals (Veals) ends turn; time used: 17.64 sec turn, 3.00 sec retreat
[00:01:33.66] ••• Damage dealt: 50 to Wacky Worms (`Pn`Mega`Adnan)
[00:01:33.66] ••• Wacky Worms (`Pn`Mega`Adnan) starts turn
[00:02:00.54] ••• Wacky Worms (`Pn`Mega`Adnan) fires Ninja Rope
[00:02:16.28] ••• Wacky Worms (`Pn`Mega`Adnan) fires Shotgun
[00:02:26.46] ••• Wacky Worms (`Pn`Mega`Adnan) fires Shotgun
[00:02:30.62] ••• Wacky Worms (`Pn`Mega`Adnan) ends turn; time used: 42.34 sec turn, 3.00 sec retreat
[00:02:37.16] ••• Damage dealt: 87 to Veals (Veals)
[00:02:37.16] ••• Veals (Veals) starts turn
[00:02:39.66] [Veals] alive lol)
[00:02:44.54] [`Pn`Mega`Adnan] :D
[00:02:52.42] ••• Veals (Veals) fires Battle Axe
[00:02:57.32] ••• Veals (Veals) ends turn; time used: 10.26 sec turn, 3.00 sec retreat
[00:03:01.74] ••• Damage dealt: 45 to Wacky Worms (`Pn`Mega`Adnan)
[00:03:01.74] ••• Wacky Worms (`Pn`Mega`Adnan) starts turn
[00:03:14.54] ••• Wacky Worms (`Pn`Mega`Adnan) fires Select Worm
[00:03:24.58] ••• Wacky Worms (`Pn`Mega`Adnan) fires Ninja Rope
[00:03:38.66] ••• Wacky Worms (`Pn`Mega`Adnan) fires Shotgun
[00:03:47.80] [Veals] very nice try
[00:03:57.20] ••• Wacky Worms (`Pn`Mega`Adnan) fires Shotgun
[00:04:01.36] ••• Wacky Worms (`Pn`Mega`Adnan) ends turn; time used: 41.42 sec turn, 3.00 sec retreat
[00:04:02.62] [`Pn`Mega`Adnan] thx
[00:04:06.98] ••• Damage dealt: 31 (1 kill) to Veals (Veals)
[00:04:06.98] ••• Veals (Veals) starts turn
[00:04:22.42] ••• Veals (Veals) fires Select Worm
[00:04:30.76] ••• Veals (Veals) fires Jet Pack
[00:04:43.50] ••• Veals (Veals) fires Dynamite
[00:04:48.50] ••• Veals (Veals) used 30 (18) units of Jet Pack fuel
[00:04:48.52] ••• Veals (Veals) ends turn; time used: 31.04 sec turn, 5.00 sec retreat
[00:04:56.00] ••• Damage dealt: 141 (1 kill) to Wacky Worms (`Pn`Mega`Adnan)
[00:04:56.00] ••• Wacky Worms (`Pn`Mega`Adnan) starts turn
[00:05:07.94] ••• Wacky Worms (`Pn`Mega`Adnan) fires Shotgun
[00:05:22.78] [Veals] 70 >_>
[00:05:24.80] ••• Wacky Worms (`Pn`Mega`Adnan) fires Shotgun
[00:05:28.96] ••• Wacky Worms (`Pn`Mega`Adnan) ends turn; time used: 15.00 sec turn, 3.00 sec retreat
[00:05:32.44] [Veals] dont work my plan)
[00:05:36.48] [`Pn`Mega`Adnan] :P
[00:05:38.66] ••• Damage dealt: 90 (1 kill) to Veals (Veals)
[00:05:38.66] ••• Veals (Veals) starts turn
[00:05:43.70] ••• Veals (Veals) fires Shotgun
[00:05:48.66] ••• Veals (Veals) fires Shotgun
[00:05:52.82] ••• Veals (Veals) ends turn; time used: 1.22 sec turn, 3.00 sec retreat
[00:06:02.18] ••• Damage dealt: 40 (1 kill) to Wacky Worms (`Pn`Mega`Adnan)
[00:06:02.18] ••• Wacky Worms (`Pn`Mega`Adnan) starts turn
[00:06:13.68] ••• Wacky Worms (`Pn`Mega`Adnan) fires Ninja Rope
[00:06:17.32] ••• Wacky Worms (`Pn`Mega`Adnan) fires Ninja Rope
[00:06:32.52] ••• Wacky Worms (`Pn`Mega`Adnan) fires Longbow
[00:06:55.70] ••• Wacky Worms (`Pn`Mega`Adnan) fires Longbow
[00:06:58.78] ••• Wacky Worms (`Pn`Mega`Adnan) ends turn; time used: 40.52 sec turn, 3.00 sec retreat
[00:07:04.00] ••• Damage dealt: 49 (1 kill) to Veals (Veals)
[00:07:04.00] ••• Veals (Veals) starts turn
[00:07:06.58] ••• Veals (Veals) fires Sheep
[00:07:16.70] [Veals] >_>
[00:07:18.46] ••• Veals (Veals) ends turn; time used: 1.60 sec turn, 3.00 sec retreat
[00:07:20.30] [`Pn`Mega`Adnan] ow
[00:07:22.48] ••• Wacky Worms (`Pn`Mega`Adnan) starts turn
[00:07:35.80] ••• Wacky Worms (`Pn`Mega`Adnan) fires Flame Thrower
[00:07:43.28] ••• Wacky Worms (`Pn`Mega`Adnan) ends turn; time used: 8.32 sec turn, 3.00 sec retreat
[00:07:52.64] ••• Damage dealt: 90 (1 kill) to Veals (Veals)
[00:07:52.64] ••• Veals (Veals) starts turn
[00:08:06.10] ••• Veals (Veals) fires Mad Cow (herd of 1)
[00:08:09.12] ••• Veals (Veals) ends turn; time used: 8.46 sec turn, 3.00 sec retreat
[00:08:12.60] ••• Damage dealt: 65 to Wacky Worms (`Pn`Mega`Adnan)
[00:08:12.60] ••• Wacky Worms (`Pn`Mega`Adnan) starts turn
[00:08:20.26] ••• Wacky Worms (`Pn`Mega`Adnan) fires Longbow
[00:08:38.04] ••• Wacky Worms (`Pn`Mega`Adnan) fires Longbow
[00:08:41.12] ••• Wacky Worms (`Pn`Mega`Adnan) ends turn; time used: 14.52 sec turn, 3.00 sec retreat
[00:08:43.04] [`Pn`Mega`Adnan] lol
[00:08:44.20] ••• Damage dealt: 30 to Veals (Veals)
[00:08:44.20] ••• Veals (Veals) starts turn
[00:08:44.22] [Veals] xd
[00:08:48.22] [`Pn`Mega`Adnan] no hole :)
[00:08:59.10] ••• Veals (Veals) fires Ninja Rope
[00:09:11.58] ••• Veals (Veals) fires Select Worm
[00:09:16.64] ••• Veals (Veals) fires Ninja Rope
[00:09:31.12] ••• Veals (Veals) fires Mad Cow (herd of 1)
[00:09:34.14] ••• Veals (Veals) ends turn; time used: 43.28 sec turn, 3.00 sec retreat
[00:09:43.34] ••• Damage dealt: 111 (1 kill) to Wacky Worms (`Pn`Mega`Adnan)
[00:09:43.34] ••• Wacky Worms (`Pn`Mega`Adnan) starts turn
[00:09:44.28] [Veals] yes
[00:09:49.02] [Veals] my sheep broke
[00:09:54.12] [Veals] without hole
[00:10:01.82] ••• Wacky Worms (`Pn`Mega`Adnan) fires Parachute
[00:10:19.52] ••• Wacky Worms (`Pn`Mega`Adnan) fires Shotgun
[00:10:39.70] ••• Wacky Worms (`Pn`Mega`Adnan) fires Shotgun
[00:10:43.86] ••• Wacky Worms (`Pn`Mega`Adnan) ends turn; time used: 44.68 sec turn, 3.00 sec retreat
[00:10:48.12] ••• Damage dealt: 60 (1 kill) to Veals (Veals)
[00:10:48.12] ••• Veals (Veals) starts turn
[00:10:50.60] ••• Veals (Veals) fires Low Gravity
[00:11:28.52] ••• Veals (Veals) fires Fire Punch
[00:11:32.76] [Veals] ops
[00:11:32.90] [`Pn`Mega`Adnan] ow
[00:11:33.90] ••• Veals (Veals) ends turn; time used: 38.46 sec turn, 3.00 sec retreat
[00:11:38.66] ••• Damage dealt: 30 to Wacky Worms (`Pn`Mega`Adnan)
[00:11:38.66] ••• Wacky Worms (`Pn`Mega`Adnan) starts turn
[00:12:12.80] ••• Wacky Worms (`Pn`Mega`Adnan) fires Dynamite
[00:12:17.98] ••• Wacky Worms (`Pn`Mega`Adnan) ends turn; time used: 29.14 sec turn, 5.00 sec retreat
[00:12:29.76] ••• Damage dealt: 62 (1 kill) to Veals (Veals)
[00:12:29.76] ••• Veals (Veals) starts turn
[00:12:44.90] ••• Veals (Veals) fires Shotgun
[00:13:01.36] ••• Veals (Veals) fires Shotgun
[00:13:05.52] ••• Veals (Veals) ends turn; time used: 20.68 sec turn, 3.00 sec retreat
[00:13:10.74] ••• Damage dealt: 25 (1 kill) to Wacky Worms (`Pn`Mega`Adnan)
[00:13:10.74] ••• Wacky Worms (`Pn`Mega`Adnan) starts turn
[00:13:32.42] ••• Wacky Worms (`Pn`Mega`Adnan) fires Girder
[00:13:35.50] ••• Wacky Worms (`Pn`Mega`Adnan) ends turn; time used: 16.76 sec turn, 3.00 sec retreat
[00:13:37.52] ••• Veals (Veals) starts turn
[00:13:42.28] ••• Veals (Veals) fires Air Strike
[00:13:45.76] ••• Veals (Veals) ends turn; time used: 1.94 sec turn, 3.00 sec retreat
[00:13:50.42] ••• Damage dealt: 45 to Wacky Worms (`Pn`Mega`Adnan)
[00:13:50.42] ••• Wacky Worms (`Pn`Mega`Adnan) starts turn
[00:14:31.40] ••• Wacky Worms (`Pn`Mega`Adnan) fires Sheep
[00:14:34.58] ••• Wacky Worms (`Pn`Mega`Adnan) ends turn; time used: 35.98 sec turn, 3.00 sec retreat
[00:14:38.56] [Veals] oh
[00:14:44.70] ••• Damage dealt: 56 to Veals (Veals)
[00:14:44.70] ••• Veals (Veals) starts turn
[00:14:59.12] ••• Veals (Veals) fires Select Worm
[00:15:04.42] ••• Veals (Veals) fires Ninja Rope
[00:15:17.22] ••• Veals (Veals) fires Longbow
[00:15:25.48] ••• Veals (Veals) fires Longbow
[00:15:28.56] ••• Veals (Veals) ends turn; time used: 30.18 sec turn, 3.00 sec retreat
[00:15:32.98] ••• Damage dealt: 30 to Wacky Worms (`Pn`Mega`Adnan)
[00:15:32.98] ••• Wacky Worms (`Pn`Mega`Adnan) starts turn
[00:15:51.38] ••• Wacky Worms (`Pn`Mega`Adnan) fires Napalm Strike
[00:15:54.86] ••• Wacky Worms (`Pn`Mega`Adnan) ends turn; time used: 13.40 sec turn, 3.00 sec retreat
[00:16:04.30] ••• Damage dealt: 29 to Veals (Veals)
[00:16:04.30] ••• Veals (Veals) starts turn
[00:16:34.28] ••• Veals (Veals) fires Grenade (5 sec, min bounce)
[00:16:40.32] ••• Veals (Veals) ends turn; time used: 29.48 sec turn, 3.00 sec retreat
[00:16:49.24] ••• Damage dealt: 7 (1 kill) to Wacky Worms (`Pn`Mega`Adnan)
[00:16:49.24] ••• Wacky Worms (`Pn`Mega`Adnan) starts turn
[00:17:06.60] ••• Wacky Worms (`Pn`Mega`Adnan) fires Jet Pack
[00:17:12.74] ••• Wacky Worms (`Pn`Mega`Adnan) used 30 units of Jet Pack fuel
[00:17:37.88] ••• Wacky Worms (`Pn`Mega`Adnan) fires Shotgun
[00:17:44.32] ••• Wacky Worms (`Pn`Mega`Adnan) fires Shotgun
[00:17:48.48] ••• Wacky Worms (`Pn`Mega`Adnan) ends turn; time used: 44.64 sec turn, 3.00 sec retreat
[00:17:52.90] ••• Damage dealt: 50 to Veals (Veals)
[00:17:52.90] ••• Veals (Veals) starts turn
[00:18:01.14] ••• Veals (Veals) fires Petrol Bomb
[00:18:02.20] ••• Veals (Veals) loses turn due to loss of control; time used: 6.26 sec turn, 0.60 sec retreat
[00:18:13.12] [`Pn`Mega`Adnan] wow
[00:18:17.02] ••• Damage dealt: 6 to Veals (Veals), 60 (1 kill) to Wacky Worms (`Pn`Mega`Adnan)
[00:18:17.02] ••• Wacky Worms (`Pn`Mega`Adnan) starts turn
[00:18:20.56] [Veals] lucky
[00:18:23.30] [Veals] again lol
[00:19:06.80] ••• Wacky Worms (`Pn`Mega`Adnan) fires Teleport
[00:19:07.22] ••• resetting Jet Pack fuel use to 0
[00:19:09.28] ••• Wacky Worms (`Pn`Mega`Adnan) ends turn; time used: 44.78 sec turn, 0.02 sec retreat
[00:19:11.30] ••• Veals (Veals) starts turn
[00:19:18.02] [Veals] risky move
[00:19:23.24] [Veals] i have 2 rope
[00:19:24.18] [`Pn`Mega`Adnan] ye
[00:19:34.14] ••• Veals (Veals) fires Shotgun
[00:19:44.24] ••• Veals (Veals) fires Shotgun
[00:19:48.40] ••• Veals (Veals) ends turn; time used: 22.48 sec turn, 3.00 sec retreat
[00:19:57.76] ••• Damage dealt: 39 (1 kill) to Wacky Worms (`Pn`Mega`Adnan)
[00:19:57.76] ••• Wacky Worms (`Pn`Mega`Adnan) starts turn
[00:20:13.32] ••• Wacky Worms (`Pn`Mega`Adnan) fires Low Gravity
[00:20:19.46] ••• Wacky Worms (`Pn`Mega`Adnan) fires Ninja Rope
[00:20:31.04] ••• Wacky Worms (`Pn`Mega`Adnan) fires Shotgun
[00:20:42.42] [Veals] oh very nice
[00:20:52.98] [Veals] just no time for kill 2 worms
[00:20:53.08] ••• Wacky Worms (`Pn`Mega`Adnan) fires Shotgun
[00:20:57.24] ••• Wacky Worms (`Pn`Mega`Adnan) ends turn; time used: 44.78 sec turn, 3.00 sec retreat
[00:20:59.76] [`Pn`Mega`Adnan] yea
[00:21:06.60] ••• Damage dealt: 28 (1 kill) to Veals (Veals)
[00:21:06.60] ••• Veals (Veals) starts turn
[00:21:12.60] ••• Veals (Veals) fires Parachute
[00:21:18.90] ••• Veals (Veals) fires Ninja Rope
[00:21:29.64] ••• Veals (Veals) fires Shotgun
[00:21:31.90] ••• Veals (Veals) ends turn; time used: 19.08 sec turn, 0.00 sec retreat
[00:21:31.92] [Veals] gg
[00:21:34.10] [`Pn`Mega`Adnan] gg
[00:21:44.08] *** Round Finish acknowledged by Veals
[00:21:46.12] ••• Damage dealt: 24 (1 kill) to Wacky Worms (`Pn`Mega`Adnan)
[00:21:46.14] ••• Game Ends - Round Finished
[00:21:46.14] *** Round Finish acknowledged by `Pn`Mega`Adnan

Team time totals:
Veals (Veals):                Turn: 00:04:42.06, Retreat: 00:00:41.60, Total: 00:05:23.66, Turn count: 15
Wacky Worms (`Pn`Mega`Adnan): Turn: 00:07:57.84, Retreat: 00:00:46.00, Total: 00:08:43.84, Turn count: 15

End of round 1

Round time: 0:21:46
Total game time elapsed: 0:21:46

Veals wins the round.

Worm of the round: ?ep?? 1 (Veals)
Most damage with one shot: 141 - ?ep?? 7 (Veals)
