Game ID: "12328048"
Game Started at 2021-02-13 22:53:17 GMT
Game Engine Version: 3.8.1
File Format Version: 3.7.3.0 - 3.8.1
Exported with Version: 3.8.1 (Steam)

Red:  "NNNxDario" as "algunos" [Local Player] [Host]
Blue: "Psykologi" as "Numerot"

[00:00:00.00] [NNNxDario] hf
[00:00:00.00] ••• algunos (NNNxDario) starts turn
[00:00:04.90] [Psykologi] hf
[00:00:07.36] ••• algunos (NNNxDario) fires Ninja Rope
[00:00:38.44] ••• algunos (NNNxDario) fires Sheep
[00:00:41.62] ••• algunos (NNNxDario) ends turn; time used: 36.88 sec turn, 3.00 sec retreat
[00:00:46.92] ••• Damage dealt: 135 to Numerot (Psykologi)
[00:00:46.92] ••• Numerot (Psykologi) starts turn
[00:00:55.30] ••• Numerot (Psykologi) fires Ninja Rope
[00:01:09.48] ••• Numerot (Psykologi) fires Select Worm
[00:01:21.82] ••• Numerot (Psykologi) fires Select Worm
[00:01:25.58] ••• Numerot (Psykologi) fires Ninja Rope
[00:01:35.80] ••• Numerot (Psykologi) fires Dynamite
[00:01:40.98] ••• Numerot (Psykologi) ends turn; time used: 43.72 sec turn, 5.00 sec retreat
[00:01:49.50] ••• Damage dealt: 148 (1 kill) to algunos (NNNxDario)
[00:01:49.50] ••• algunos (NNNxDario) starts turn
[00:01:53.20] ••• algunos (NNNxDario) fires Ninja Rope
[00:02:15.92] ••• algunos (NNNxDario) fires Shotgun
[00:02:28.54] ••• algunos (NNNxDario) fires Shotgun
[00:02:32.70] ••• algunos (NNNxDario) ends turn; time used: 30.70 sec turn, 3.00 sec retreat
[00:02:37.28] ••• Damage dealt: 101 (1 kill) to Numerot (Psykologi)
[00:02:37.28] ••• Numerot (Psykologi) starts turn
[00:02:46.30] ••• Numerot (Psykologi) fires Shotgun
[00:03:03.02] ••• Numerot (Psykologi) fires Shotgun
[00:03:07.18] ••• Numerot (Psykologi) ends turn; time used: 13.08 sec turn, 3.00 sec retreat
[00:03:14.00] ••• Damage dealt: 91 to algunos (NNNxDario)
[00:03:14.00] ••• algunos (NNNxDario) starts turn
[00:03:29.68] ••• algunos (NNNxDario) fires Ninja Rope
[00:03:31.10] ••• algunos (NNNxDario) fires Ninja Rope
[00:03:31.84] ••• algunos (NNNxDario) fires Ninja Rope
[00:03:49.28] ••• algunos (NNNxDario) fires Baseball Bat
[00:03:52.86] ••• algunos (NNNxDario) ends turn; time used: 29.74 sec turn, 3.00 sec retreat
[00:03:58.02] ••• Damage dealt: 90 (1 kill) to Numerot (Psykologi)
[00:03:58.02] ••• Numerot (Psykologi) starts turn
[00:04:29.00] ••• Numerot (Psykologi) fires Select Worm
[00:04:34.94] ••• Numerot (Psykologi) fires Shotgun
[00:04:46.48] ••• Numerot (Psykologi) fires Shotgun
[00:04:50.64] ••• Numerot (Psykologi) ends turn; time used: 38.26 sec turn, 3.00 sec retreat
[00:05:01.20] ••• Damage dealt: 32 (1 kill) to algunos (NNNxDario), 1 to Numerot (Psykologi)
[00:05:01.20] ••• algunos (NNNxDario) starts turn
[00:05:09.86] ••• algunos (NNNxDario) fires Grenade (2 sec, min bounce)
[00:05:13.62] ••• algunos (NNNxDario) ends turn; time used: 7.50 sec turn, 3.00 sec retreat
[00:05:17.26] ••• Damage dealt: 41 to Numerot (Psykologi)
[00:05:17.26] ••• Numerot (Psykologi) starts turn
[00:05:41.10] ••• Numerot (Psykologi) fires Longbow
[00:05:44.78] [NNNxDario] nice shot
[00:05:51.02] ••• Numerot (Psykologi) fires Longbow
[00:05:54.10] ••• Numerot (Psykologi) ends turn; time used: 21.30 sec turn, 3.00 sec retreat
[00:05:54.12] [Psykologi] t
[00:05:59.32] ••• Damage dealt: 90 (1 kill) to algunos (NNNxDario)
[00:05:59.32] ••• algunos (NNNxDario) starts turn
[00:06:11.66] ••• algunos (NNNxDario) fires Shotgun
[00:06:33.82] ••• algunos (NNNxDario) fires Shotgun
[00:06:37.98] ••• algunos (NNNxDario) ends turn; time used: 25.58 sec turn, 3.00 sec retreat
[00:06:47.34] ••• Damage dealt: 33 (2 kills) to Numerot (Psykologi)
[00:06:47.34] ••• Numerot (Psykologi) starts turn
[00:07:18.50] ••• Numerot (Psykologi) fires Skunk
[00:07:27.24] ••• Numerot (Psykologi) loses turn due to loss of control; time used: 28.14 sec turn, 3.00 sec retreat
[00:07:33.10] ••• Damage dealt: 5 to algunos (NNNxDario), 11 to Numerot (Psykologi)
[00:07:33.10] ••• algunos (NNNxDario) starts turn
[00:07:49.36] ••• algunos (NNNxDario) fires Blow Torch
[00:07:57.40] ••• algunos (NNNxDario) ends turn; time used: 11.26 sec turn, 3.00 sec retreat
[00:08:03.50] ••• Numerot (Psykologi) starts turn
[00:08:41.52] ••• Numerot (Psykologi) fires Grenade (5 sec, min bounce)
[00:08:46.68] ••• Numerot (Psykologi) ends turn; time used: 34.38 sec turn, 3.00 sec retreat
[00:08:57.08] ••• Damage dealt: 4 (1 kill) to algunos (NNNxDario)
[00:08:57.08] ••• algunos (NNNxDario) starts turn
[00:08:58.96] ••• algunos (NNNxDario) fires Shotgun
[00:09:11.12] ••• algunos (NNNxDario) fires Shotgun
[00:09:15.28] ••• algunos (NNNxDario) ends turn; time used: 11.78 sec turn, 3.00 sec retreat
[00:09:21.38] ••• Damage dealt: 23 to Numerot (Psykologi)
[00:09:21.38] ••• Numerot (Psykologi) starts turn
[00:09:25.50] ••• Numerot (Psykologi) fires Jet Pack
[00:09:44.30] ••• Numerot (Psykologi) fires Mad Cow (herd of 2)
[00:09:50.28] ••• Numerot (Psykologi) used 30 (29) units of Jet Pack fuel
[00:09:50.30] ••• Numerot (Psykologi) ends turn; time used: 20.46 sec turn, 5.00 sec retreat
[00:10:00.20] ••• Damage dealt: 85 (1 kill) to algunos (NNNxDario)
[00:10:00.20] ••• algunos (NNNxDario) starts turn
[00:10:08.16] ••• algunos (NNNxDario) fires Select Worm
[00:10:16.28] ••• algunos (NNNxDario) fires Ninja Rope
[00:10:38.78] ••• algunos (NNNxDario) fires Longbow
[00:10:48.50] ••• algunos (NNNxDario) fires Longbow
[00:10:51.58] ••• algunos (NNNxDario) ends turn; time used: 35.72 sec turn, 3.00 sec retreat
[00:10:58.88] ••• Damage dealt: 67 (1 kill) to Numerot (Psykologi)
[00:10:58.88] ••• Numerot (Psykologi) starts turn
[00:11:16.80] ••• Numerot (Psykologi) fires Girder
[00:11:19.88] ••• Numerot (Psykologi) ends turn; time used: 14.52 sec turn, 3.00 sec retreat
[00:11:23.98] ••• algunos (NNNxDario) starts turn
[00:11:27.30] ••• algunos (NNNxDario) fires Blow Torch
[00:11:35.34] ••• algunos (NNNxDario) ends turn; time used: 2.98 sec turn, 3.00 sec retreat
[00:11:41.44] ••• Numerot (Psykologi) starts turn
[00:12:12.52] ••• Numerot (Psykologi) fires Shotgun
[00:12:33.12] ••• Numerot (Psykologi) fires Shotgun
[00:12:37.28] ••• Numerot (Psykologi) ends turn; time used: 44.58 sec turn, 3.00 sec retreat
[00:12:43.38] ••• algunos (NNNxDario) starts turn
[00:12:52.38] ••• algunos (NNNxDario) fires Shotgun
[00:13:03.24] ••• algunos (NNNxDario) fires Shotgun
[00:13:07.40] ••• algunos (NNNxDario) ends turn; time used: 12.76 sec turn, 3.00 sec retreat
[00:13:12.54] ••• Damage dealt: 25 to Numerot (Psykologi)
[00:13:12.54] ••• Numerot (Psykologi) starts turn
[00:13:22.26] ••• Numerot (Psykologi) uses Bungee
[00:13:34.04] ••• Numerot (Psykologi) fires Ninja Rope
[00:13:56.30] ••• Numerot (Psykologi) fires Longbow
[00:14:04.52] ••• Numerot (Psykologi) fires Longbow
[00:14:07.60] ••• Numerot (Psykologi) ends turn; time used: 42.10 sec turn, 3.00 sec retreat
[00:14:14.04] ••• Damage dealt: 40 (1 kill) to algunos (NNNxDario)
[00:14:14.04] ••• algunos (NNNxDario) starts turn
[00:14:24.40] ••• algunos (NNNxDario) fires Low Gravity
[00:14:29.32] ••• algunos (NNNxDario) fires Parachute
[00:14:50.74] ••• algunos (NNNxDario) fires Longbow
[00:15:10.70] ••• algunos (NNNxDario) fires Longbow
[00:15:13.78] ••• algunos (NNNxDario) ends turn; time used: 44.32 sec turn, 3.00 sec retreat
[00:15:21.22] ••• Damage dealt: 49 (1 kill) to Numerot (Psykologi)
[00:15:21.22] ••• Numerot (Psykologi) starts turn
[00:15:58.10] ••• Numerot (Psykologi) fires Napalm Strike
[00:16:01.58] ••• Numerot (Psykologi) ends turn; time used: 35.72 sec turn, 3.00 sec retreat
[00:16:11.10] ••• Damage dealt: 24 to algunos (NNNxDario)
[00:16:11.10] ••• algunos (NNNxDario) starts turn
[00:16:15.22] ••• algunos (NNNxDario) fires Shotgun
[00:16:18.66] ••• algunos (NNNxDario) fires Shotgun
[00:16:22.82] ••• algunos (NNNxDario) ends turn; time used: 5.04 sec turn, 3.00 sec retreat
[00:16:33.42] ••• Damage dealt: 1 (1 kill) to Numerot (Psykologi)
[00:16:33.42] ••• Numerot (Psykologi) starts turn
[00:16:55.36] ••• Numerot (Psykologi) fires Blow Torch
[00:17:03.40] ••• Numerot (Psykologi) ends turn; time used: 16.94 sec turn, 3.00 sec retreat
[00:17:07.42] ••• algunos (NNNxDario) starts turn
[00:17:40.52] ••• algunos (NNNxDario) uses Parachute
[00:17:52.62] ••• algunos (NNNxDario) fires Blow Torch
[00:18:00.66] ••• algunos (NNNxDario) ends turn; time used: 44.90 sec turn, 3.00 sec retreat
[00:18:05.08] ••• Damage dealt: 33 to Numerot (Psykologi)
[00:18:05.08] ••• Numerot (Psykologi) starts turn
[00:18:50.82] ••• Numerot (Psykologi) fires Handgun
[00:18:56.94] ••• Numerot (Psykologi) ends turn; time used: 40.74 sec turn, 3.00 sec retreat
[00:19:01.36] ••• Damage dealt: 27 to algunos (NNNxDario)
[00:19:01.36] ••• algunos (NNNxDario) starts turn
[00:19:02.10] ••• algunos (NNNxDario) fires Select Worm
[00:19:11.54] ••• algunos (NNNxDario) fires Longbow
[00:19:15.68] [NNNxDario] gg
[00:19:16.54] ••• algunos (NNNxDario) ends turn; time used: 9.68 sec turn, 0.00 sec retreat
[00:19:18.68] [Psykologi] still had one
[00:19:20.48] [Psykologi] gg
[00:19:27.00] ••• Damage dealt: 57 (1 kill) to Numerot (Psykologi)
[00:19:27.02] ••• Game Ends - Round Finished
[00:19:27.02] *** Round Finish acknowledged by NNNxDario
[00:19:29.44] *** Round Finish acknowledged by Psykologi

Team time totals:
algunos (NNNxDario): Turn: 00:05:08.84, Retreat: 00:00:39.00, Total: 00:05:47.84, Turn count: 14
Numerot (Psykologi): Turn: 00:06:33.94, Retreat: 00:00:43.00, Total: 00:07:16.94, Turn count: 13

Total Jet Pack fuel used: 30

End of round 1

Round time: 0:19:27
Total game time elapsed: 0:19:27

algunos wins the round.

Worm of the round: siempre (algunos)
Most damage with one shot: 148 - Viisi (Numerot)
