Game ID: "12344714"
Game Started at 2021-02-19 16:08:49 GMT
Game Engine Version: 3.8
File Format Version: 3.7.3.0 - 3.8.1
Exported with Version: 3.8.1 (Steam)

Red:       "Veals"  as "Veals" [Local Player] [Host]
Blue:      "Vojske" as "Mr.Spoon"
Spectator: "MrPerdunok"

[00:00:00.00] [Veals] hf
[00:00:00.00] ••• Mr.Spoon (Vojske) starts turn
[00:00:27.92] ••• Mr.Spoon (Vojske) fires Select Worm
[00:00:45.88] ••• Mr.Spoon (Vojske) fires Mine
[00:00:51.06] ••• Mr.Spoon (Vojske) ends turn; time used: 44.50 sec turn, 5.00 sec retreat
[00:00:56.86] [Vojske] hf
[00:01:00.92] ••• Damage dealt: 90 (1 kill) to Veals (Veals)
[00:01:00.92] ••• Veals (Veals) starts turn
[00:01:09.10] ••• Veals (Veals) fires Low Gravity
[00:01:18.10] ••• Veals (Veals) fires Select Worm
[00:01:40.68] ••• Veals (Veals) fires Shotgun
[00:01:51.32] [Vojske] n1
[00:01:58.58] ••• Veals (Veals) fires Shotgun
[00:02:02.74] ••• Veals (Veals) ends turn; time used: 42.78 sec turn, 3.00 sec retreat
[00:02:08.70] ••• Damage dealt: 112 (1 kill) to Mr.Spoon (Vojske)
[00:02:08.70] ••• Mr.Spoon (Vojske) starts turn
[00:02:18.36] ••• Mr.Spoon (Vojske) fires Ninja Rope
[00:02:24.02] Veals..MrPerdunok: ?a ?o?e? ???? ???yc 2
[00:02:57.08] ••• Mr.Spoon (Vojske) fires Sheep
[00:03:00.10] ••• Mr.Spoon (Vojske) ends turn; time used: 43.38 sec turn, 3.00 sec retreat
[00:03:04.20] ••• Damage dealt: 133 to Veals (Veals)
[00:03:04.20] ••• Veals (Veals) starts turn
[00:03:18.68] ••• Veals (Veals) fires Ninja Rope
[00:03:20.30] ••• Veals (Veals) fires Ninja Rope
[00:03:21.50] ••• Veals (Veals) fires Ninja Rope
[00:03:44.94] ••• Veals (Veals) fires Mine
[00:03:50.12] ••• Veals (Veals) ends turn; time used: 34.92 sec turn, 5.00 sec retreat
[00:03:50.82] [Veals] ???
[00:03:52.30] [Veals] lol
[00:04:00.06] ••• Damage dealt: 90 (1 kill) to Mr.Spoon (Vojske)
[00:04:00.06] ••• Mr.Spoon (Vojske) starts turn
[00:04:00.08] [Vojske] ?
[00:04:00.08] [MrPerdunok] T1
[00:04:00.08] [Veals] but norm)
[00:04:49.88] ••• Mr.Spoon (Vojske) fires Grenade (5 sec, min bounce)
[00:04:57.10] [Vojske] ew
[00:04:57.18] [Veals] bl
[00:04:57.38] ••• Mr.Spoon (Vojske) ends turn; time used: 44.28 sec turn, 3.00 sec retreat
[00:05:01.40] ••• Damage dealt: 7 to Mr.Spoon (Vojske)
[00:05:01.40] ••• Veals (Veals) starts turn
[00:05:10.96] [Vojske] nah
[00:05:14.88] [Vojske] just not precise
[00:05:16.12] [Vojske] xD
[00:05:22.74] ••• Veals (Veals) fires Ninja Rope
[00:05:39.40] ••• Veals (Veals) fires Dynamite
[00:05:44.58] ••• Veals (Veals) ends turn; time used: 32.90 sec turn, 5.00 sec retreat
[00:05:52.32] [Veals] no my plan)
[00:05:53.00] ••• Damage dealt: 1 to Veals (Veals), 90 (1 kill) to Mr.Spoon (Vojske)
[00:05:53.00] ••• Mr.Spoon (Vojske) starts turn
[00:06:20.18] ••• Mr.Spoon (Vojske) fires Ninja Rope
[00:06:38.96] ••• Mr.Spoon (Vojske) fires Dynamite
[00:06:43.98] ••• Mr.Spoon (Vojske) ends turn; time used: 40.96 sec turn, 5.00 sec retreat
[00:06:49.64] ••• Damage dealt: 52 to Veals (Veals)
[00:06:49.64] ••• Veals (Veals) starts turn
[00:07:17.24] ••• Veals (Veals) fires Parachute
[00:07:24.28] ••• Veals (Veals) fires Sheep
[00:07:29.00] ••• Veals (Veals) loses turn due to loss of control; time used: 29.64 sec turn, 3.00 sec retreat
[00:07:31.08] [Veals] ops
[00:07:33.20] ••• Damage dealt: 16 to Veals (Veals)
[00:07:33.20] ••• Mr.Spoon (Vojske) starts turn
[00:07:59.98] ••• Mr.Spoon (Vojske) fires Ninja Rope
[00:08:00.68] ••• Mr.Spoon (Vojske) fires Ninja Rope
[00:08:01.38] ••• Mr.Spoon (Vojske) fires Ninja Rope
[00:08:02.06] ••• Mr.Spoon (Vojske) fires Ninja Rope
[00:08:02.66] ••• Mr.Spoon (Vojske) fires Ninja Rope
[00:08:15.84] ••• Mr.Spoon (Vojske) fires Shotgun
[00:08:24.70] ••• Mr.Spoon (Vojske) fires Shotgun
[00:08:28.86] ••• Mr.Spoon (Vojske) ends turn; time used: 39.52 sec turn, 3.00 sec retreat
[00:08:33.28] ••• Damage dealt: 50 to Veals (Veals)
[00:08:33.28] ••• Veals (Veals) starts turn
[00:08:42.36] ••• Veals (Veals) fires Select Worm
[00:08:46.62] ••• Veals (Veals) fires Ninja Rope
[00:08:56.90] ••• Veals (Veals) fires Mad Cow (herd of 2)
[00:08:58.66] ••• Veals (Veals) loses turn due to loss of control; time used: 18.44 sec turn, 0.72 sec retreat
[00:09:05.86] ••• Damage dealt: 2 to Veals (Veals), 131 to Mr.Spoon (Vojske)
[00:09:05.86] ••• Mr.Spoon (Vojske) starts turn
[00:09:41.44] ••• Mr.Spoon (Vojske) fires Ninja Rope
[00:09:48.26] ••• Mr.Spoon (Vojske) fires Shotgun
[00:09:58.40] ••• Mr.Spoon (Vojske) fires Shotgun
[00:10:02.56] ••• Mr.Spoon (Vojske) ends turn; time used: 44.56 sec turn, 3.00 sec retreat
[00:10:06.58] ••• Damage dealt: 22 to Veals (Veals)
[00:10:06.58] ••• Veals (Veals) starts turn
[00:10:35.80] ••• Veals (Veals) fires Petrol Bomb
[00:10:38.02] ••• Veals (Veals) loses turn due to loss of control; time used: 27.22 sec turn, 1.44 sec retreat
[00:10:44.96] ••• Damage dealt: 33 to Veals (Veals), 24 to Mr.Spoon (Vojske)
[00:10:44.96] ••• Mr.Spoon (Vojske) starts turn
[00:10:48.94] ••• Mr.Spoon (Vojske) fires Shotgun
[00:10:56.84] ••• Mr.Spoon (Vojske) fires Shotgun
[00:11:01.00] ••• Mr.Spoon (Vojske) ends turn; time used: 4.32 sec turn, 3.00 sec retreat
[00:11:05.42] ••• Damage dealt: 50 to Veals (Veals)
[00:11:05.42] ••• Veals (Veals) starts turn
[00:11:24.26] ••• Veals (Veals) fires Bazooka
[00:11:28.74] ••• Veals (Veals) ends turn; time used: 13.84 sec turn, 3.00 sec retreat
[00:11:33.16] ••• Damage dealt: 44 to Mr.Spoon (Vojske)
[00:11:33.16] ••• Mr.Spoon (Vojske) starts turn
[00:11:50.84] ••• Mr.Spoon (Vojske) fires Air Strike
[00:11:54.32] ••• Mr.Spoon (Vojske) ends turn; time used: 15.90 sec turn, 3.00 sec retreat
[00:12:02.68] ••• Damage dealt: 23 (1 kill) to Veals (Veals)
[00:12:02.68] ••• Veals (Veals) starts turn
[00:12:18.64] ••• Veals (Veals) fires Air Strike
[00:12:22.12] ••• Veals (Veals) ends turn; time used: 10.96 sec turn, 3.00 sec retreat
[00:12:25.08] [Veals] >_>
[00:12:25.08] ••• Damage dealt: 19 to Mr.Spoon (Vojske)
[00:12:25.08] ••• Mr.Spoon (Vojske) starts turn
[00:12:52.80] ••• Mr.Spoon (Vojske) uses Bungee
[00:13:06.58] ••• Mr.Spoon (Vojske) fires Shotgun
[00:13:17.38] ••• Mr.Spoon (Vojske) fires Shotgun
[00:13:21.54] ••• Mr.Spoon (Vojske) ends turn; time used: 43.44 sec turn, 3.00 sec retreat
[00:13:26.76] ••• Damage dealt: 66 (1 kill) to Veals (Veals)
[00:13:26.76] ••• Veals (Veals) starts turn
[00:13:32.26] ••• Veals (Veals) fires Select Worm
[00:13:38.68] ••• Veals (Veals) fires Shotgun
[00:13:54.54] ••• Veals (Veals) fires Shotgun
[00:13:58.70] ••• Veals (Veals) ends turn; time used: 13.36 sec turn, 3.00 sec retreat
[00:14:03.14] [MrPerdunok] ?1
[00:14:04.48] ••• Damage dealt: 42 (2 kills) to Mr.Spoon (Vojske)
[00:14:04.48] ••• Mr.Spoon (Vojske) starts turn
[00:14:24.16] ••• Mr.Spoon (Vojske) fires Low Gravity
[00:14:40.28] ••• Mr.Spoon (Vojske) fires Shotgun
[00:14:59.76] ••• Mr.Spoon (Vojske) fires Shotgun
[00:15:03.92] ••• Mr.Spoon (Vojske) ends turn; time used: 44.78 sec turn, 3.00 sec retreat
[00:15:13.28] ••• Damage dealt: 14 (2 kills) to Veals (Veals)
[00:15:13.28] ••• Veals (Veals) starts turn
[00:15:23.56] ••• Veals (Veals) fires Jet Pack
[00:15:30.66] ••• Veals (Veals) used 30 units of Jet Pack fuel
[00:15:31.76] ••• Veals (Veals) uses Parachute
[00:15:43.72] ••• Veals (Veals) fires Shotgun
[00:15:51.22] ••• Veals (Veals) fires Shotgun
[00:15:55.38] ••• Veals (Veals) ends turn; time used: 26.54 sec turn, 3.00 sec retreat
[00:16:06.74] ••• Damage dealt: 6 to Veals (Veals), 44 (1 kill) to Mr.Spoon (Vojske)
[00:16:06.74] ••• Mr.Spoon (Vojske) starts turn
[00:16:23.86] ••• Mr.Spoon (Vojske) fires Shotgun
[00:16:35.00] ••• Mr.Spoon (Vojske) fires Shotgun
[00:16:39.16] ••• Mr.Spoon (Vojske) ends turn; time used: 20.32 sec turn, 3.00 sec retreat
[00:16:48.52] ••• Damage dealt: 38 (1 kill) to Veals (Veals)
[00:16:48.52] ••• Veals (Veals) starts turn
[00:17:06.62] ••• Veals (Veals) fires Ninja Rope
[00:17:13.08] ••• Veals (Veals) fires Grenade (5 sec, min bounce)
[00:17:18.10] ••• Veals (Veals) ends turn; time used: 19.32 sec turn, 5.00 sec retreat
[00:17:27.18] ••• Damage dealt: 27 (1 kill) to Mr.Spoon (Vojske)
[00:17:27.18] ••• Mr.Spoon (Vojske) starts turn
[00:17:29.64] [MrPerdunok] ?o?o?e?
[00:17:44.18] Veals..MrPerdunok: ?e x?a??) 
[00:17:49.06] ••• Mr.Spoon (Vojske) fires Ninja Rope
[00:17:53.68] ••• Mr.Spoon (Vojske) fires Jet Pack
[00:17:56.36] Veals..MrPerdunok: pa?o e?ë)
[00:18:00.48] ••• Mr.Spoon (Vojske) used 30 units of Jet Pack fuel
[00:18:09.30] ••• Mr.Spoon (Vojske) loses turn due to loss of control; time used: 41.06 sec turn, 0.00 sec retreat
[00:18:13.96] ••• Damage dealt: 2 to Mr.Spoon (Vojske)
[00:18:13.96] ••• Veals (Veals) starts turn
[00:18:26.10] [MrPerdunok] bl
[00:18:32.06] ••• Veals (Veals) fires Petrol Bomb
[00:18:35.56] ••• Veals (Veals) ends turn; time used: 13.98 sec turn, 3.00 sec retreat
[00:18:38.70] ••• Damage dealt: 20 to Mr.Spoon (Vojske)
[00:18:38.70] ••• Mr.Spoon (Vojske) starts turn
[00:18:38.72] [Veals] ?_?
[00:18:46.80] ••• Mr.Spoon (Vojske) fires Parachute
[00:19:11.66] ••• Mr.Spoon (Vojske) loses turn due to loss of control; time used: 32.02 sec turn, 0.00 sec retreat
[00:19:14.30] [Vojske] dear lord
[00:19:15.36] ••• Damage dealt: 1 to Mr.Spoon (Vojske)
[00:19:15.36] ••• Veals (Veals) starts turn
[00:19:19.08] [MrPerdunok] ?a?y?a
[00:19:30.88] Veals..MrPerdunok: ? ca? ??a? ?o?
[00:19:35.54] [Vojske] i am not understanding russian
[00:19:40.66] [Vojske] what means bazuka ?
[00:19:49.90] ••• Veals (Veals) fires Girder
[00:19:52.98] ••• Veals (Veals) ends turn; time used: 29.54 sec turn, 3.00 sec retreat
[00:19:55.00] ••• Mr.Spoon (Vojske) starts turn
[00:20:02.38] ••• Mr.Spoon (Vojske) fires Blow Torch
[00:20:07.48] ••• Mr.Spoon (Vojske) ends turn; time used: 6.30 sec turn, 3.00 sec retreat
[00:20:10.84] ••• Veals (Veals) starts turn
[00:20:12.70] [MrPerdunok] ?po?a
[00:20:18.30] ••• Veals (Veals) fires Girder
[00:20:21.38] ••• Veals (Veals) ends turn; time used: 4.50 sec turn, 3.00 sec retreat
[00:20:23.40] ••• Mr.Spoon (Vojske) starts turn
[00:20:38.52] ••• Mr.Spoon (Vojske) fires Fire Punch
[00:20:42.94] ••• Mr.Spoon (Vojske) ends turn; time used: 10.76 sec turn, 3.00 sec retreat
[00:20:47.36] ••• Damage dealt: 30 to Veals (Veals)
[00:20:47.36] ••• Veals (Veals) starts turn
[00:20:56.24] ••• Veals (Veals) fires Ninja Rope
[00:20:59.64] ••• Veals (Veals) fires Ninja Rope
[00:21:01.48] [Vojske] dont go there
[00:21:07.94] [Vojske] dont listen him
[00:21:15.88] [Vojske] u gonna lose
[00:21:25.24] ••• Veals (Veals) fires Shotgun
[00:21:31.98] [Vojske] damn i tell you
[00:21:37.78] ••• Veals (Veals) fires Shotgun
[00:21:41.94] ••• Veals (Veals) ends turn; time used: 41.66 sec turn, 3.00 sec retreat
[00:21:46.36] ••• Damage dealt: 50 to Mr.Spoon (Vojske)
[00:21:46.36] ••• Mr.Spoon (Vojske) starts turn
[00:21:59.46] [Veals] who listen?
[00:22:12.32] [Vojske] you 
[00:22:15.10] [Veals] i'm no listen him)
[00:22:31.52] ••• Mr.Spoon (Vojske) fires Teleport
[00:22:31.94] ••• resetting Jet Pack fuel use to 0
[00:22:34.00] ••• Mr.Spoon (Vojske) ends turn; time used: 44.62 sec turn, 0.02 sec retreat
[00:22:34.02] [Vojske] what is droba
[00:22:34.62] ••• Veals (Veals) starts turn
[00:23:13.46] ••• Veals (Veals) fires Homing Missile
[00:23:17.38] ••• Veals (Veals) ends turn; time used: 33.84 sec turn, 3.00 sec retreat
[00:23:26.16] ••• Damage dealt: 6 to Mr.Spoon (Vojske)
[00:23:26.16] ••• Mr.Spoon (Vojske) starts turn
[00:23:26.18] [MrPerdunok] ?? xy? ce?e
[00:23:55.12] ••• Mr.Spoon (Vojske) fires Napalm Strike
[00:23:58.60] ••• Mr.Spoon (Vojske) ends turn; time used: 25.92 sec turn, 3.00 sec retreat
[00:24:12.76] ••• Damage dealt: 4 (1 kill) to Veals (Veals)
[00:24:12.76] ••• Veals (Veals) starts turn
[00:24:18.66] ••• Veals (Veals) fires Napalm Strike
[00:24:22.14] ••• Veals (Veals) ends turn; time used: 2.02 sec turn, 3.00 sec retreat
[00:24:34.04] ••• Sudden Death
[00:24:37.46] [MrPerdunok] )
[00:24:42.70] [Veals] lol
[00:24:44.12] [Veals] gg
[00:24:45.56] [Vojske] lol
[00:24:46.76] [Vojske] gg
[00:24:48.54] [MrPerdunok] ??
[00:24:49.44] ••• Damage dealt: 5 to Mr.Spoon (Vojske)
[00:24:49.46] ••• Game Ends - Round Finished
[00:24:49.46] *** Round Finish acknowledged by Veals
[00:24:51.64] *** Round Finish acknowledged by MrPerdunok
[00:24:51.66] *** Round Finish acknowledged by Vojske

Team time totals:
Veals (Veals):     Turn: 00:06:35.46, Retreat: 00:00:53.16, Total: 00:07:28.62, Turn count: 17
Mr.Spoon (Vojske): Turn: 00:09:06.64, Retreat: 00:00:46.02, Total: 00:09:52.66, Turn count: 17

End of round 1

Round time: 0:24:49
Total game time elapsed: 0:24:49

Veals wins the round.

Worm of the round: Clagnut (Mr.Spoon)
