Game ID: "12342899"
Game Started at 2021-02-18 21:58:38 GMT
Game Engine Version: 3.8
File Format Version: 3.7.3.0 - 3.8.1
Exported with Version: 3.8.1 (Steam)

Red:  "Veals" as "Veals" [Local Player] [Host]
Blue: "pieer" as "pieer"

[00:00:00.00] ••• Veals (Veals) starts turn
[00:00:20.94] ••• Veals (Veals) fires Bazooka
[00:00:25.54] ••• Veals (Veals) ends turn; time used: 15.94 sec turn, 3.00 sec retreat
[00:00:30.60] ••• Damage dealt: 90 (1 kill) to pieer (pieer)
[00:00:30.60] ••• pieer (pieer) starts turn
[00:00:41.86] ••• pieer (pieer) fires Shotgun
[00:01:01.18] ••• pieer (pieer) fires Shotgun
[00:01:05.34] ••• pieer (pieer) ends turn; time used: 18.12 sec turn, 3.00 sec retreat
[00:01:10.56] ••• Damage dealt: 90 (1 kill) to Veals (Veals)
[00:01:10.56] ••• Veals (Veals) starts turn
[00:01:16.50] ••• Veals (Veals) fires Mad Cow (herd of 2)
[00:01:19.52] ••• Veals (Veals) loses turn due to loss of control; time used: 3.24 sec turn, 1.98 sec retreat
[00:01:29.86] ••• Damage dealt: 7 to Veals (Veals), 154 (1 kill) to pieer (pieer)
[00:01:29.86] ••• pieer (pieer) starts turn
[00:01:45.46] ••• pieer (pieer) fires Ninja Rope
[00:01:46.82] ••• pieer (pieer) fires Ninja Rope
[00:02:20.32] ••• pieer (pieer) ends turn; time used: 45.00 sec turn, 0.00 sec retreat
[00:02:22.34] ••• Veals (Veals) starts turn
[00:02:29.50] ••• Veals (Veals) fires Select Worm
[00:02:38.20] ••• Veals (Veals) fires Ninja Rope
[00:02:56.32] ••• Veals (Veals) fires Dynamite
[00:03:01.36] ••• Veals (Veals) loses turn due to loss of control; time used: 31.96 sec turn, 4.86 sec retreat
[00:03:07.28] ••• Damage dealt: 3 to Veals (Veals), 109 to pieer (pieer)
[00:03:07.28] ••• pieer (pieer) starts turn
[00:03:17.08] ••• pieer (pieer) fires Ninja Rope
[00:03:28.42] ••• pieer (pieer) fires Baseball Bat
[00:03:32.00] ••• pieer (pieer) ends turn; time used: 16.02 sec turn, 3.00 sec retreat
[00:03:36.04] ••• Damage dealt: 90 (1 kill) to Veals (Veals)
[00:03:36.04] ••• Veals (Veals) starts turn
[00:03:47.56] ••• Veals (Veals) uses Bungee
[00:04:01.92] ••• Veals (Veals) fires Sheep
[00:04:05.10] ••• Veals (Veals) ends turn; time used: 20.88 sec turn, 3.00 sec retreat
[00:04:13.82] ••• Damage dealt: 62 (1 kill) to pieer (pieer)
[00:04:13.82] ••• pieer (pieer) starts turn
[00:04:29.44] ••• pieer (pieer) fires Dragon Ball
[00:04:33.96] ••• pieer (pieer) ends turn; time used: 11.90 sec turn, 3.00 sec retreat
[00:04:38.38] ••• Damage dealt: 30 to Veals (Veals)
[00:04:38.38] ••• Veals (Veals) starts turn
[00:04:49.62] ••• Veals (Veals) fires Shotgun
[00:05:03.52] ••• Veals (Veals) fires Shotgun
[00:05:07.68] ••• Veals (Veals) ends turn; time used: 15.62 sec turn, 3.00 sec retreat
[00:05:13.90] ••• Damage dealt: 51 to pieer (pieer)
[00:05:13.90] ••• pieer (pieer) starts turn
[00:05:17.28] ••• pieer (pieer) fires Select Worm
[00:05:42.38] ••• pieer (pieer) fires Select Worm
[00:05:43.96] ••• pieer (pieer) fires Bazooka
[00:05:44.04] ••• pieer (pieer) loses turn due to loss of control; time used: 27.16 sec turn, 0.00 sec retreat
[00:05:53.80] ••• Damage dealt: 3 (1 kill) to pieer (pieer)
[00:05:53.80] ••• Veals (Veals) starts turn
[00:06:13.86] ••• Veals (Veals) fires Petrol Bomb
[00:06:19.40] ••• Veals (Veals) ends turn; time used: 16.56 sec turn, 3.00 sec retreat
[00:06:29.72] ••• Damage dealt: 65 to pieer (pieer)
[00:06:29.72] ••• pieer (pieer) starts turn
[00:06:35.12] ••• pieer (pieer) fires Select Worm
[00:06:42.04] ••• pieer (pieer) fires Bazooka
[00:06:46.64] ••• pieer (pieer) ends turn; time used: 8.42 sec turn, 3.00 sec retreat
[00:06:51.06] ••• Damage dealt: 43 to Veals (Veals)
[00:06:51.06] ••• Veals (Veals) starts turn
[00:06:55.22] ••• Veals (Veals) fires Air Strike
[00:06:58.70] ••• Veals (Veals) ends turn; time used: 2.46 sec turn, 3.00 sec retreat
[00:07:07.36] ••• Damage dealt: 11 to Veals (Veals), 25 (1 kill) to pieer (pieer)
[00:07:07.36] ••• pieer (pieer) starts turn
[00:07:24.58] ••• pieer (pieer) fires Air Strike
[00:07:28.06] ••• pieer (pieer) ends turn; time used: 14.64 sec turn, 3.00 sec retreat
[00:07:32.54] ••• Damage dealt: 29 to Veals (Veals)
[00:07:32.54] ••• Veals (Veals) starts turn
[00:07:48.88] ••• Veals (Veals) fires Homing Missile
[00:07:52.88] ••• Veals (Veals) ends turn; time used: 11.34 sec turn, 3.00 sec retreat
[00:07:56.12] ••• Damage dealt: 44 to pieer (pieer)
[00:07:56.12] ••• pieer (pieer) starts turn
[00:08:28.34] ••• pieer (pieer) fires Dynamite
[00:08:33.52] ••• pieer (pieer) ends turn; time used: 27.84 sec turn, 5.00 sec retreat
[00:08:43.62] ••• Damage dealt: 61 (1 kill) to Veals (Veals)
[00:08:43.62] ••• Veals (Veals) starts turn
[00:08:59.56] ••• Veals (Veals) fires Uzi
[00:09:03.76] ••• Veals (Veals) ends turn; time used: 14.76 sec turn, 3.00 sec retreat
[00:09:13.12] ••• Damage dealt: 42 (1 kill) to pieer (pieer)
[00:09:13.12] ••• pieer (pieer) starts turn
[00:09:25.26] ••• pieer (pieer) fires Shotgun
[00:09:45.64] ••• pieer (pieer) fires Shotgun
[00:09:47.96] [Veals] respect for try win) 
[00:09:49.80] ••• pieer (pieer) ends turn; time used: 22.92 sec turn, 3.00 sec retreat
[00:09:55.42] ••• Damage dealt: 27 (1 kill) to Veals (Veals)
[00:09:55.42] ••• Veals (Veals) starts turn
[00:10:19.34] ••• Veals (Veals) fires Ninja Rope
[00:10:34.38] ••• Veals (Veals) fires Ninja Rope
[00:10:36.78] ••• Veals (Veals) fires Ninja Rope
[00:10:42.08] ••• Veals (Veals) fires Kamikaze
[00:10:44.98] ••• Veals (Veals) loses turn due to loss of control; time used: 44.98 sec turn, 0.00 sec retreat
[00:10:54.10] ••• Damage dealt: 70 (1 kill) to Veals (Veals), 60 (1 kill) to pieer (pieer)
[00:10:54.10] ••• pieer (pieer) starts turn
[00:11:07.84] ••• pieer (pieer) fires Ninja Rope
[00:11:20.18] ••• pieer (pieer) fires Ninja Rope
[00:11:36.60] ••• pieer (pieer) fires Napalm Strike
[00:11:40.08] ••• pieer (pieer) ends turn; time used: 39.10 sec turn, 3.00 sec retreat
[00:11:50.46] ••• Damage dealt: 116 to Veals (Veals)
[00:11:50.46] ••• Veals (Veals) starts turn
[00:12:15.28] ••• Veals (Veals) fires Pneumatic Drill
[00:12:18.52] ••• Veals (Veals) ends turn; time used: 20.34 sec turn, 0.02 sec retreat
[00:12:25.04] [Veals] gg
[00:12:27.72] [pieer] aaaaa
[00:12:31.96] [Veals] cya
[00:12:37.38] ••• Damage dealt: 15 (1 kill) to pieer (pieer)
[00:12:37.40] ••• Game Ends - Round Finished
[00:12:37.40] *** Round Finish acknowledged by Veals
[00:12:39.60] *** Round Finish acknowledged by pieer

Team time totals:
Veals (Veals): Turn: 00:03:18.08, Retreat: 00:00:27.86, Total: 00:03:45.94, Turn count: 11
pieer (pieer): Turn: 00:03:51.12, Retreat: 00:00:26.00, Total: 00:04:17.12, Turn count: 10

End of round 2

Round time: 0:12:37
Total game time elapsed: Unknown

Veals wins the match!

Worm of the round: uz ti to je 4 (pieer)

Most damage with one shot: 161 - ?ep?? 2 (Veals)
