Game ID: "12311422"
Game Started at 2021-02-08 15:46:31 GMT
Game Engine Version: 3.8.1
File Format Version: 3.7.3.0 - 3.8.1
Exported with Version: 3.8.1 (Steam)

Red:  "chesnut" as "gusis" [Host]
Blue: "Veals"   as "Veals" [Local Player]

[00:00:00.00] ••• Veals (Veals) starts turn
[00:00:02.92] [Veals] https://sites.google.com/view/90-normal-mini-league/home
[00:00:06.30] [Veals] ok
[00:00:07.50] [Veals] hf
[00:00:25.94] ••• Veals (Veals) fires Select Worm
[00:00:31.36] ••• Veals (Veals) fires Ninja Rope
[00:00:49.10] ••• Veals (Veals) fires Sheep
[00:00:52.28] ••• Veals (Veals) ends turn; time used: 43.92 sec turn, 3.00 sec retreat
[00:00:59.34] ••• Damage dealt: 180 (2 kills) to gusis (chesnut)
[00:00:59.34] ••• gusis (chesnut) starts turn
[00:01:04.36] ••• gusis (chesnut) fires Parachute
[00:01:07.66] ••• gusis (chesnut) fires Select Worm
[00:01:10.50] ••• gusis (chesnut) fires Ninja Rope
[00:01:34.78] ••• gusis (chesnut) fires Baseball Bat
[00:01:38.36] ••• gusis (chesnut) ends turn; time used: 32.46 sec turn, 3.00 sec retreat
[00:01:41.58] ••• Damage dealt: 74 to Veals (Veals)
[00:01:41.58] ••• Veals (Veals) starts turn
[00:01:54.12] ••• Veals (Veals) fires Select Worm
[00:02:22.68] ••• Veals (Veals) fires Low Gravity
[00:02:25.84] ••• Veals (Veals) fires Longbow
[00:02:37.80] ••• Veals (Veals) fires Longbow
[00:02:40.88] ••• Veals (Veals) ends turn; time used: 43.46 sec turn, 3.00 sec retreat
[00:02:46.50] ••• Damage dealt: 105 (1 kill) to gusis (chesnut)
[00:02:46.50] ••• gusis (chesnut) starts turn
[00:03:03.46] ••• gusis (chesnut) fires Ninja Rope
[00:03:04.44] ••• gusis (chesnut) fires Ninja Rope
[00:03:06.14] ••• gusis (chesnut) fires Ninja Rope
[00:03:29.80] ••• gusis (chesnut) fires Dynamite
[00:03:34.98] ••• gusis (chesnut) ends turn; time used: 37.58 sec turn, 5.00 sec retreat
[00:03:41.38] ••• Damage dealt: 100 to Veals (Veals)
[00:03:41.38] ••• Veals (Veals) starts turn
[00:04:03.50] ••• Veals (Veals) fires Ninja Rope
[00:04:23.14] ••• Veals (Veals) fires Teleport
[00:04:25.62] ••• Veals (Veals) ends turn; time used: 36.70 sec turn, 0.02 sec retreat
[00:04:27.64] ••• gusis (chesnut) starts turn
[00:04:48.96] ••• gusis (chesnut) fires Shotgun
[00:05:05.66] ••• gusis (chesnut) fires Shotgun
[00:05:09.82] ••• gusis (chesnut) ends turn; time used: 32.08 sec turn, 3.00 sec retreat
[00:05:13.00] ••• Damage dealt: 42 to Veals (Veals)
[00:05:13.00] ••• Veals (Veals) starts turn
[00:05:42.14] ••• Veals (Veals) fires Parachute
[00:06:00.70] ••• Veals (Veals) fires Cluster Bomb (5 sec, min bounce)
[00:06:05.82] ••• Veals (Veals) ends turn; time used: 44.88 sec turn, 3.00 sec retreat
[00:06:10.76] ••• Damage dealt: 65 to gusis (chesnut)
[00:06:10.76] ••• gusis (chesnut) starts turn
[00:06:36.42] ••• gusis (chesnut) fires Grenade (1 sec, min bounce)
[00:06:40.50] ••• gusis (chesnut) ends turn; time used: 20.66 sec turn, 3.00 sec retreat
[00:06:50.28] ••• Damage dealt: 2 (1 kill) to Veals (Veals)
[00:06:50.28] ••• Veals (Veals) starts turn
[00:07:10.20] ••• Veals (Veals) fires Girder
[00:07:13.28] ••• Veals (Veals) ends turn; time used: 14.92 sec turn, 3.00 sec retreat
[00:07:15.30] ••• gusis (chesnut) starts turn
[00:07:20.78] ••• gusis (chesnut) fires Petrol Bomb
[00:07:24.74] ••• gusis (chesnut) ends turn; time used: 4.90 sec turn, 3.00 sec retreat
[00:07:29.16] ••• Damage dealt: 14 to Veals (Veals)
[00:07:29.16] ••• Veals (Veals) starts turn
[00:07:39.58] ••• Veals (Veals) fires Ninja Rope
[00:07:58.60] ••• Veals (Veals) fires Dynamite
[00:08:03.62] ••• Veals (Veals) ends turn; time used: 24.18 sec turn, 5.00 sec retreat
[00:08:09.64] ••• Damage dealt: 71 to gusis (chesnut)
[00:08:09.64] ••• gusis (chesnut) starts turn
[00:08:19.60] ••• gusis (chesnut) fires Ninja Rope
[00:08:28.26] ••• gusis (chesnut) fires Flame Thrower
[00:08:35.74] ••• gusis (chesnut) ends turn; time used: 14.68 sec turn, 3.00 sec retreat
[00:08:45.10] ••• Damage dealt: 92 (1 kill) to Veals (Veals)
[00:08:45.10] ••• Veals (Veals) starts turn
[00:09:11.48] ••• Veals (Veals) fires Select Worm
[00:09:20.96] ••• Veals (Veals) fires Ninja Rope
[00:09:31.84] ••• Veals (Veals) fires Mad Cow (herd of 2)
[00:09:34.80] ••• Veals (Veals) loses turn due to loss of control; time used: 41.36 sec turn, 1.92 sec retreat
[00:09:53.60] ••• Damage dealt: 168 (1 kill) to gusis (chesnut), 39 (1 kill) to Veals (Veals)
[00:09:53.60] ••• gusis (chesnut) starts turn
[00:10:00.04] ••• gusis (chesnut) fires Shotgun
[00:10:07.96] ••• gusis (chesnut) fires Shotgun
[00:10:08.86] ••• gusis (chesnut) loses turn due to loss of control; time used: 8.78 sec turn, 0.00 sec retreat
[00:10:20.28] ••• Damage dealt: 12 to gusis (chesnut), 53 (1 kill) to Veals (Veals)
[00:10:20.28] ••• Veals (Veals) starts turn
[00:10:36.06] ••• Veals (Veals) uses Bungee
[00:10:52.60] ••• Veals (Veals) fires Shotgun
[00:11:06.26] ••• Veals (Veals) fires Shotgun
[00:11:10.42] ••• Veals (Veals) ends turn; time used: 41.96 sec turn, 3.00 sec retreat
[00:11:19.78] ••• Damage dealt: 13 (1 kill) to gusis (chesnut)
[00:11:19.78] ••• gusis (chesnut) starts turn
[00:11:32.20] ••• gusis (chesnut) fires Ninja Rope
[00:11:47.40] ••• gusis (chesnut) fires Sheep
[00:11:52.42] ••• gusis (chesnut) ends turn; time used: 24.06 sec turn, 5.00 sec retreat
[00:11:58.36] ••• Damage dealt: 2 to gusis (chesnut), 52 to Veals (Veals)
[00:11:58.36] ••• Veals (Veals) starts turn
[00:12:01.98] ••• Veals (Veals) fires Shotgun
[00:12:14.44] ••• Veals (Veals) fires Shotgun
[00:12:18.60] ••• Veals (Veals) ends turn; time used: 12.30 sec turn, 3.00 sec retreat
[00:12:27.96] ••• Damage dealt: 12 (1 kill) to gusis (chesnut)
[00:12:27.96] ••• gusis (chesnut) starts turn
[00:12:30.12] ••• gusis (chesnut) fires Fire Punch
[00:12:34.92] ••• gusis (chesnut) ends turn; time used: 2.14 sec turn, 3.00 sec retreat
[00:12:44.28] ••• Damage dealt: 34 (1 kill) to Veals (Veals)
[00:12:44.28] ••• Veals (Veals) starts turn
[00:13:13.40] ••• Veals (Veals) fires Fire Punch
[00:13:18.20] ••• Veals (Veals) ends turn; time used: 24.12 sec turn, 3.00 sec retreat
[00:13:27.56] ••• Damage dealt: 17 (1 kill) to gusis (chesnut)
[00:13:27.56] ••• gusis (chesnut) starts turn
[00:13:29.38] ••• gusis (chesnut) fires Teleport
[00:13:31.86] ••• gusis (chesnut) ends turn; time used: 1.50 sec turn, 0.02 sec retreat
[00:13:33.88] ••• Veals (Veals) starts turn
[00:14:23.36] ••• Veals (Veals) fires Grenade (1 sec, min bounce)
[00:14:27.54] ••• Veals (Veals) ends turn; time used: 44.48 sec turn, 3.00 sec retreat
[00:14:33.20] ••• Damage dealt: 7 to Veals (Veals)
[00:14:33.20] ••• gusis (chesnut) starts turn
[00:14:38.80] ••• gusis (chesnut) fires Skunk
[00:14:48.22] ••• gusis (chesnut) ends turn; time used: 3.28 sec turn, 3.00 sec retreat
[00:14:54.10] ••• Damage dealt: 16 to Veals (Veals)
[00:14:54.10] ••• Veals (Veals) starts turn
[00:15:15.52] ••• Veals (Veals) fires Ninja Rope
[00:15:34.44] ••• Veals (Veals) fires Shotgun
[00:15:39.68] ••• Veals (Veals) fires Shotgun
[00:15:43.84] ••• Veals (Veals) ends turn; time used: 38.64 sec turn, 3.00 sec retreat
[00:15:48.34] ••• Damage dealt: 50 to gusis (chesnut)
[00:15:48.34] ••• gusis (chesnut) starts turn
[00:15:56.42] ••• gusis (chesnut) fires Jet Pack
[00:16:10.92] ••• gusis (chesnut) fires Cluster Bomb (5 sec, min bounce)
[00:16:15.92] ••• gusis (chesnut) used 30 (16) units of Jet Pack fuel
[00:16:17.00] ••• gusis (chesnut) ends turn; time used: 17.88 sec turn, 5.00 sec retreat
[00:16:19.36] [Veals] lol
[00:16:21.32] [Veals] nice try
[00:16:23.10] ••• Damage dealt: 13 to Veals (Veals)
[00:16:23.10] ••• Veals (Veals) starts turn
[00:16:30.58] [chesnut] :>
[00:16:32.62] ••• Veals (Veals) fires Shotgun
[00:17:03.80] ••• Veals (Veals) fires Shotgun
[00:17:07.96] ••• Veals (Veals) ends turn; time used: 33.60 sec turn, 3.00 sec retreat
[00:17:14.06] ••• gusis (chesnut) starts turn
[00:17:31.72] ••• gusis (chesnut) fires Ninja Rope
[00:17:48.34] ••• gusis (chesnut) fires Grenade (1 sec, min bounce)
[00:17:53.36] ••• gusis (chesnut) ends turn; time used: 29.12 sec turn, 5.00 sec retreat
[00:17:58.10] ••• Veals (Veals) starts turn
[00:17:59.76] [Veals] gg)
[00:18:02.40] ••• Veals (Veals) fires Jet Pack
[00:18:06.26] [chesnut] gg
[00:18:10.82] ••• Veals (Veals) used 28 units of Jet Pack fuel
[00:18:13.50] ••• Veals (Veals) fires Shotgun
[00:18:17.16] ••• Veals (Veals) ends turn; time used: 11.10 sec turn, 0.00 sec retreat
[00:18:33.36] ••• Damage dealt: 25 (1 kill) to gusis (chesnut), 1 to Veals (Veals)
[00:18:33.38] ••• Game Ends - Round Finished
[00:18:33.38] *** Round Finish acknowledged by Veals
[00:18:36.30] *** Round Finish acknowledged by chesnut

Team time totals:
gusis (chesnut): Turn: 00:03:49.12, Retreat: 00:00:41.02, Total: 00:04:30.14, Turn count: 13
Veals (Veals):   Turn: 00:07:35.62, Retreat: 00:00:36.94, Total: 00:08:12.56, Turn count: 14

Total Jet Pack fuel used: 58

End of round 1

Round time: 0:18:33
Total game time elapsed: 0:18:33

Veals wins the round.

Worm of the round: gusatres (gusis)
Most damage with one shot: 182 - ?ep?? 8 (Veals)
