Game ID: "12314145"
Game Started at 2021-02-09 16:18:21 GMT
Game Engine Version: 3.8.1
File Format Version: 3.7.3.0 - 3.8.1
Exported with Version: 3.8.1 (Steam)

Red:  "Veals" as "Veals" [Local Player] [Host]
Blue: "Sedoy" as "1-UP"

[00:00:00.00] ••• 1-UP (Sedoy) starts turn
[00:00:22.96] ••• 1-UP (Sedoy) fires Bazooka
[00:00:25.00] ••• 1-UP (Sedoy) loses turn due to loss of control; time used: 17.96 sec turn, 1.22 sec retreat
[00:00:29.64] ••• Damage dealt: 10 to Veals (Veals), 45 to 1-UP (Sedoy)
[00:00:29.64] ••• Veals (Veals) starts turn
[00:00:33.12] [Veals] ??
[00:00:42.74] [Veals] ?o?
[00:00:45.32] [Veals] ?yco? ?op???
[00:00:49.30] [Sedoy] ?p????
[00:01:01.50] [Sedoy] ?p????
[00:01:07.00] ••• Veals (Veals) fires Cluster Bomb (3 sec, min bounce)
[00:01:10.26] ••• Veals (Veals) ends turn; time used: 32.36 sec turn, 3.00 sec retreat
[00:01:15.86] ••• Damage dealt: 65 to 1-UP (Sedoy)
[00:01:15.86] ••• 1-UP (Sedoy) starts turn
[00:01:27.90] ••• 1-UP (Sedoy) fires Ninja Rope
[00:01:28.80] ••• 1-UP (Sedoy) fires Ninja Rope
[00:01:45.42] ••• 1-UP (Sedoy) fires Longbow
[00:01:51.78] ••• 1-UP (Sedoy) fires Longbow
[00:01:54.86] ••• 1-UP (Sedoy) ends turn; time used: 25.34 sec turn, 3.00 sec retreat
[00:02:01.62] ••• Damage dealt: 55 to Veals (Veals), 7 to 1-UP (Sedoy)
[00:02:01.62] ••• Veals (Veals) starts turn
[00:02:01.72] [Veals] ?o?
[00:02:05.60] [Veals] ?a? ?o??o ???o ??????
[00:02:14.64] ••• Veals (Veals) uses Bungee
[00:02:15.54] [Sedoy] x?)
[00:02:32.88] ••• Veals (Veals) fires Ninja Rope
[00:02:44.54] ••• Veals (Veals) fires Sheep
[00:02:54.58] ••• Veals (Veals) loses turn due to loss of control; time used: 37.72 sec turn, 3.00 sec retreat
[00:02:56.64] [Sedoy] ?ce ?a? ?a?y?a??)
[00:02:59.00] ••• Damage dealt: 44 to Veals (Veals), 13 to 1-UP (Sedoy)
[00:02:59.00] ••• 1-UP (Sedoy) starts turn
[00:02:59.02] [Veals] axax
[00:03:00.64] [Veals] ?a?e ?e?)
[00:03:11.52] ••• 1-UP (Sedoy) uses Bungee
[00:03:28.08] ••• 1-UP (Sedoy) fires Ninja Rope
[00:03:44.82] ••• 1-UP (Sedoy) fires Shotgun
[00:03:51.32] ••• 1-UP (Sedoy) fires Shotgun
[00:03:55.48] ••• 1-UP (Sedoy) ends turn; time used: 43.44 sec turn, 3.00 sec retreat
[00:03:55.78] [Veals] o?o
[00:03:57.00] [Veals] ?oec
[00:04:01.26] [Sedoy] ++
[00:04:04.64] ••• Damage dealt: 90 (1 kill) to Veals (Veals)
[00:04:04.64] ••• Veals (Veals) starts turn
[00:04:24.48] ••• Veals (Veals) fires Ninja Rope
[00:04:32.94] ••• Veals (Veals) fires Low Gravity
[00:04:35.88] ••• Veals (Veals) fires Longbow
[00:04:52.36] ••• Veals (Veals) fires Longbow
[00:04:55.44] ••• Veals (Veals) ends turn; time used: 36.02 sec turn, 3.00 sec retreat
[00:05:08.14] [Sedoy] ?a?c
[00:05:09.06] ••• Damage dealt: 77 (1 kill) to 1-UP (Sedoy)
[00:05:09.06] ••• 1-UP (Sedoy) starts turn
[00:05:09.08] [Veals] c?c
[00:05:39.74] ••• 1-UP (Sedoy) fires Select Worm
[00:05:47.22] ••• 1-UP (Sedoy) fires Longbow
[00:06:05.42] ••• 1-UP (Sedoy) ends turn; time used: 45.00 sec turn, 0.00 sec retreat
[00:06:07.44] ••• Damage dealt: 74 to Veals (Veals)
[00:06:07.44] ••• Veals (Veals) starts turn
[00:06:18.40] ••• Veals (Veals) fires Ninja Rope
[00:06:30.00] ••• Veals (Veals) fires Dynamite
[00:06:35.04] ••• Veals (Veals) loses turn due to loss of control; time used: 19.28 sec turn, 4.86 sec retreat
[00:06:52.48] ••• Damage dealt: 7 to Veals (Veals), 158 (2 kills) to 1-UP (Sedoy)
[00:06:52.48] ••• 1-UP (Sedoy) starts turn
[00:07:09.08] ••• 1-UP (Sedoy) fires Select Worm
[00:07:32.82] ••• 1-UP (Sedoy) fires Shotgun
[00:07:46.56] ••• 1-UP (Sedoy) fires Shotgun
[00:07:50.72] ••• 1-UP (Sedoy) ends turn; time used: 40.14 sec turn, 3.00 sec retreat
[00:07:56.34] ••• Damage dealt: 41 (1 kill) to Veals (Veals)
[00:07:56.34] ••• Veals (Veals) starts turn
[00:08:16.54] ••• Veals (Veals) fires Select Worm
[00:08:29.20] ••• Veals (Veals) fires Shotgun
[00:08:42.42] ••• Veals (Veals) fires Shotgun
[00:08:43.32] ••• Veals (Veals) loses turn due to loss of control; time used: 34.72 sec turn, 0.00 sec retreat
[00:08:51.18] [Sedoy] ?? xy?? c?pa?e? ?a?o??
[00:08:53.78] ••• Damage dealt: 10 (1 kill) to Veals (Veals), 111 to 1-UP (Sedoy)
[00:08:53.78] ••• 1-UP (Sedoy) starts turn
[00:08:53.80] [Sedoy] ?a?e? ?o?ee???))
[00:08:53.80] [Veals] ?o?
[00:08:58.92] [Veals] ?ce??a ?a?
[00:09:02.58] [Veals] c?apa?c?
[00:09:03.62] ••• 1-UP (Sedoy) uses Parachute
[00:09:23.20] ••• 1-UP (Sedoy) fires Ninja Rope
[00:09:40.14] ••• 1-UP (Sedoy) fires Mine
[00:09:45.16] ••• 1-UP (Sedoy) ends turn; time used: 43.48 sec turn, 5.00 sec retreat
[00:09:55.06] [Sedoy] ++
[00:09:57.16] ••• Damage dealt: 46 (1 kill) to Veals (Veals)
[00:09:57.16] ••• Veals (Veals) starts turn
[00:10:13.78] [Sedoy] ? ?poc?o ?e?a??o ??pa?, o????o ?py?o? c???? ??p? y pe???)
[00:10:22.78] [Veals] ?a?
[00:10:28.66] [Veals] ?y ? ?a?e o??opo?o?)
[00:10:34.88] ••• Veals (Veals) fires Shotgun
[00:10:35.66] [Sedoy] axax
[00:10:45.88] [Veals] ?e ? ??a?e ?a?po?
[00:10:49.84] [Veals] ?poc?o ?a?o?)
[00:10:52.78] ••• Veals (Veals) fires Shotgun
[00:10:56.94] ••• Veals (Veals) ends turn; time used: 41.30 sec turn, 3.00 sec retreat
[00:11:02.16] ••• Damage dealt: 2 (1 kill) to 1-UP (Sedoy)
[00:11:02.16] ••• 1-UP (Sedoy) starts turn
[00:11:11.24] ••• 1-UP (Sedoy) fires Ninja Rope
[00:11:14.54] ••• 1-UP (Sedoy) fires Ninja Rope
[00:11:15.76] ••• 1-UP (Sedoy) fires Ninja Rope
[00:11:16.56] ••• 1-UP (Sedoy) fires Ninja Rope
[00:11:35.66] [Veals] xo?? ?o?e? ? ?a?po?
[00:11:38.56] [Veals] ?o ?e ?po
[00:11:40.92] ••• 1-UP (Sedoy) fires Bazooka
[00:11:45.14] ••• 1-UP (Sedoy) ends turn; time used: 35.66 sec turn, 3.00 sec retreat
[00:11:51.82] ••• Damage dealt: 16 to 1-UP (Sedoy)
[00:11:51.82] ••• Veals (Veals) starts turn
[00:11:58.82] ••• Veals (Veals) fires Select Worm
[00:12:04.84] ••• Veals (Veals) fires Ninja Rope
[00:12:13.54] ••• Veals (Veals) uses Parachute
[00:12:21.66] ••• Veals (Veals) fires Mad Cow (herd of 2)
[00:12:22.74] ••• Veals (Veals) loses turn due to loss of control; time used: 22.06 sec turn, 0.08 sec retreat
[00:12:32.28] ••• Damage dealt: 10 to Veals (Veals), 180 (2 kills) to 1-UP (Sedoy)
[00:12:32.28] ••• 1-UP (Sedoy) starts turn
[00:12:36.28] [Veals] ?c?a??
[00:12:42.72] ••• 1-UP (Sedoy) fires Ninja Rope
[00:12:44.20] [Veals] ??? ?o????a ?? o?e?ye???o ??pae??
[00:13:03.70] ••• 1-UP (Sedoy) fires Parachute
[00:13:13.78] ••• 1-UP (Sedoy) fires Longbow
[00:13:23.78] ••• 1-UP (Sedoy) fires Longbow
[00:13:26.86] ••• 1-UP (Sedoy) ends turn; time used: 44.44 sec turn, 3.00 sec retreat
[00:13:32.08] ••• Damage dealt: 80 (1 kill) to Veals (Veals)
[00:13:32.08] ••• Veals (Veals) starts turn
[00:13:35.20] ••• Veals (Veals) uses Bungee
[00:13:39.28] [Sedoy] py?? 5????e?o ?a?a?a ?o????))
[00:13:48.22] [Veals] o??)
[00:13:51.10] [Sedoy] ? ?o?e ??o ?ep???? ?a? ????a??
[00:13:58.70] [Sedoy] ?pëëc?o
[00:14:01.06] [Veals] a?a
[00:14:08.94] ••• Veals (Veals) fires Fire Punch
[00:14:13.74] ••• Veals (Veals) ends turn; time used: 35.88 sec turn, 3.00 sec retreat
[00:14:19.56] [Sedoy] ?o ?e?c? ? ?o?y-???y?? ?o??e???c??
[00:14:23.16] ••• Damage dealt: 1 (1 kill) to 1-UP (Sedoy)
[00:14:23.16] ••• 1-UP (Sedoy) starts turn
[00:14:26.28] [Sedoy] ??? e?e 1?1
[00:14:40.82] [Veals] o?, ?o???o ?ac ?oc?e ??o?o pay??a ? ?e?e cc???y c???y
[00:15:11.60] ••• 1-UP (Sedoy) fires Grenade (3 sec, min bounce)
[00:15:18.02] ••• 1-UP (Sedoy) ends turn; time used: 43.44 sec turn, 3.00 sec retreat
[00:15:19.16] [Sedoy] o?c
[00:15:22.04] ••• Veals (Veals) starts turn
[00:15:25.12] [Veals] ? ?a?ep?oe y?e ?e ? ???y, a ?poc?o ?opy???c?
[00:15:27.16] [Veals] ?o ?p??o?y
[00:15:33.02] ••• Veals (Veals) fires Select Worm
[00:15:39.00] ••• Veals (Veals) fires Ninja Rope
[00:15:47.92] [Sedoy] ++
[00:15:57.80] ••• Veals (Veals) fires Mine
[00:16:02.82] ••• Veals (Veals) ends turn; time used: 30.42 sec turn, 5.00 sec retreat
[00:16:13.64] [Veals] 47
[00:16:15.32] [Veals] ??o?o
[00:16:18.90] ••• Damage dealt: 45 (1 kill) to 1-UP (Sedoy)
[00:16:18.92] ••• Game Ends - Round Finished
[00:16:18.92] *** Round Finish acknowledged by Veals
[00:16:21.12] *** Round Finish acknowledged by Sedoy
[00:16:21.14] [Veals] ??

Team time totals:
Veals (Veals): Turn: 00:04:49.76, Retreat: 00:00:24.94, Total: 00:05:14.70, Turn count: 9
1-UP (Sedoy):  Turn: 00:05:38.90, Retreat: 00:00:24.22, Total: 00:06:03.12, Turn count: 9

End of round 2

Round time: 0:16:18
Total game time elapsed: Unknown

Veals wins the match!

Worm of the round: ?ep?? 4 (Veals)

Most kills with one shot: 2 - ?ep?? 1 (Veals)
Most damage with one shot: 187 - ?ep?? 1 (Veals)
