Game ID: "12317404"
Game Started at 2021-02-10 20:09:44 GMT
Game Engine Version: 3.8.1
File Format Version: 3.7.3.0 - 3.8.1
Exported with Version: 3.8.1 (Steam)

Red:  "NNNxDario" as "algunos" [Local Player] [Host]
Blue: "Vojske"    as "Mr.Spoon"

[00:00:00.00] [NNNxDario] hf
[00:00:00.00] ••• algunos (NNNxDario) starts turn
[00:00:01.14] [Vojske] hf
[00:00:07.06] ••• algunos (NNNxDario) fires Ninja Rope
[00:00:15.54] ••• algunos (NNNxDario) fires Low Gravity
[00:00:33.00] ••• algunos (NNNxDario) fires Longbow
[00:00:49.38] [NNNxDario] hm fuck xD
[00:00:53.98] ••• algunos (NNNxDario) fires Longbow
[00:00:57.06] ••• algunos (NNNxDario) ends turn; time used: 40.32 sec turn, 3.00 sec retreat
[00:01:02.28] ••• Damage dealt: 90 (1 kill) to Mr.Spoon (Vojske)
[00:01:02.28] ••• Mr.Spoon (Vojske) starts turn
[00:01:02.30] [Vojske] will act barrel ?
[00:01:03.12] [NNNxDario] yes
[00:01:13.18] ••• Mr.Spoon (Vojske) fires Select Worm
[00:01:31.40] ••• Mr.Spoon (Vojske) fires Ninja Rope
[00:01:47.32] ••• Mr.Spoon (Vojske) fires Baseball Bat
[00:01:50.90] ••• Mr.Spoon (Vojske) ends turn; time used: 43.98 sec turn, 3.00 sec retreat
[00:01:55.74] ••• Damage dealt: 90 (1 kill) to algunos (NNNxDario)
[00:01:55.74] ••• algunos (NNNxDario) starts turn
[00:02:02.14] ••• algunos (NNNxDario) fires Ninja Rope
[00:02:11.80] ••• algunos (NNNxDario) loses turn due to loss of control; time used: 14.30 sec turn, 0.00 sec retreat
[00:02:15.18] [NNNxDario] afff
[00:02:16.32] [Vojske] aww
[00:02:17.10] ••• Damage dealt: 1 to algunos (NNNxDario), 35 to Mr.Spoon (Vojske)
[00:02:17.10] ••• Mr.Spoon (Vojske) starts turn
[00:02:45.30] ••• Mr.Spoon (Vojske) fires Ninja Rope
[00:02:53.28] [NNNxDario] this gonna hurt
[00:02:53.76] ••• Mr.Spoon (Vojske) fires Mad Cow (herd of 2)
[00:02:59.76] ••• Mr.Spoon (Vojske) ends turn; time used: 31.66 sec turn, 5.00 sec retreat
[00:03:04.06] ••• Damage dealt: 172 (1 kill) to algunos (NNNxDario)
[00:03:04.06] ••• algunos (NNNxDario) starts turn
[00:03:04.20] [NNNxDario] okay, not that much
[00:03:04.72] [Vojske] well
[00:03:07.90] ••• algunos (NNNxDario) fires Select Worm
[00:03:08.60] [Vojske] lucky plop
[00:03:12.28] [Vojske] and miss second cow
[00:03:12.82] ••• algunos (NNNxDario) fires Select Worm
[00:03:17.06] ••• algunos (NNNxDario) fires Ninja Rope
[00:03:30.62] ••• algunos (NNNxDario) fires Ninja Rope
[00:03:38.00] ••• algunos (NNNxDario) uses Parachute
[00:03:44.78] ••• algunos (NNNxDario) fires Shotgun
[00:03:54.72] ••• algunos (NNNxDario) fires Shotgun
[00:03:58.88] ••• algunos (NNNxDario) ends turn; time used: 40.18 sec turn, 3.00 sec retreat
[00:04:03.64] ••• Damage dealt: 180 (2 kills) to Mr.Spoon (Vojske)
[00:04:03.64] ••• Mr.Spoon (Vojske) starts turn
[00:04:22.14] ••• Mr.Spoon (Vojske) fires Select Worm
[00:04:29.32] ••• Mr.Spoon (Vojske) fires Jet Pack
[00:04:37.00] ••• Mr.Spoon (Vojske) fires Dynamite
[00:04:42.00] ••• Mr.Spoon (Vojske) used 30 (14) units of Jet Pack fuel
[00:04:42.02] ••• Mr.Spoon (Vojske) ends turn; time used: 27.88 sec turn, 5.00 sec retreat
[00:04:50.34] ••• Damage dealt: 90 (1 kill) to algunos (NNNxDario)
[00:04:50.34] ••• algunos (NNNxDario) starts turn
[00:04:58.90] ••• algunos (NNNxDario) fires Sheep
[00:05:03.20] ••• algunos (NNNxDario) ends turn; time used: 8.54 sec turn, 3.00 sec retreat
[00:05:08.54] [Vojske] 54 ?
[00:05:09.00] ••• Damage dealt: 53 to Mr.Spoon (Vojske)
[00:05:09.00] ••• Mr.Spoon (Vojske) starts turn
[00:05:10.30] [NNNxDario] :(
[00:05:44.00] ••• Mr.Spoon (Vojske) loses turn due to loss of control; time used: 33.34 sec turn, 0.00 sec retreat
[00:05:44.18] [Vojske] great
[00:05:48.02] ••• Damage dealt: 13 to Mr.Spoon (Vojske)
[00:05:48.02] ••• algunos (NNNxDario) starts turn
[00:05:57.06] ••• algunos (NNNxDario) fires Skunk
[00:06:02.64] ••• algunos (NNNxDario) ends turn; time used: 8.06 sec turn, 3.00 sec retreat
[00:06:05.32] [NNNxDario] fuck my worm
[00:06:05.96] [Vojske] ofcourse  that he goes back
[00:06:09.00] ••• Damage dealt: 5 to algunos (NNNxDario), 14 to Mr.Spoon (Vojske)
[00:06:09.00] ••• Mr.Spoon (Vojske) starts turn
[00:06:18.34] [Vojske] oh
[00:06:41.00] ••• Mr.Spoon (Vojske) fires Select Worm
[00:06:48.18] [NNNxDario] this ain't looking right
[00:06:48.20] ••• Mr.Spoon (Vojske) fires Ninja Rope
[00:06:58.30] ••• Mr.Spoon (Vojske) fires Sheep
[00:07:01.48] ••• Mr.Spoon (Vojske) ends turn; time used: 44.24 sec turn, 3.00 sec retreat
[00:07:11.94] ••• Damage dealt: 47 (1 kill) to algunos (NNNxDario)
[00:07:11.94] ••• algunos (NNNxDario) starts turn
[00:07:19.62] ••• algunos (NNNxDario) fires Dragon Ball
[00:07:23.72] ••• algunos (NNNxDario) ends turn; time used: 2.68 sec turn, 3.00 sec retreat
[00:07:27.94] [Vojske] weird round
[00:07:33.78] ••• Damage dealt: 2 (1 kill) to Mr.Spoon (Vojske)
[00:07:33.78] ••• Mr.Spoon (Vojske) starts turn
[00:07:33.80] [NNNxDario] quite funny
[00:07:42.36] [NNNxDario] I really enjoy these messed up games
[00:08:01.06] ••• Mr.Spoon (Vojske) fires Girder
[00:08:04.14] ••• Mr.Spoon (Vojske) ends turn; time used: 22.28 sec turn, 3.00 sec retreat
[00:08:08.24] ••• algunos (NNNxDario) starts turn
[00:08:20.48] [Vojske] its relaxed :D
[00:08:38.00] ••• algunos (NNNxDario) fires Girder
[00:08:41.08] ••• algunos (NNNxDario) ends turn; time used: 29.74 sec turn, 3.00 sec retreat
[00:08:45.52] ••• Mr.Spoon (Vojske) starts turn
[00:09:05.86] ••• Mr.Spoon (Vojske) fires Blow Torch
[00:09:13.80] ••• Mr.Spoon (Vojske) ends turn; time used: 19.50 sec turn, 3.00 sec retreat
[00:09:19.90] ••• algunos (NNNxDario) starts turn
[00:09:27.10] ••• algunos (NNNxDario) fires Napalm Strike
[00:09:30.58] ••• algunos (NNNxDario) ends turn; time used: 2.20 sec turn, 3.00 sec retreat
[00:09:42.78] [Vojske] wow
[00:09:47.12] ••• Damage dealt: 90 (1 kill) to Mr.Spoon (Vojske)
[00:09:47.12] ••• Mr.Spoon (Vojske) starts turn
[00:09:47.14] [Vojske] good damage
[00:09:47.14] [NNNxDario] yeah
[00:09:47.70] [NNNxDario] lucky wind
[00:09:55.00] ••• Mr.Spoon (Vojske) fires Battle Axe
[00:09:59.90] ••• Mr.Spoon (Vojske) ends turn; time used: 6.52 sec turn, 3.00 sec retreat
[00:10:06.00] ••• algunos (NNNxDario) starts turn
[00:10:12.12] ••• algunos (NNNxDario) fires Teleport
[00:10:12.54] ••• resetting Jet Pack fuel use to 0
[00:10:14.60] ••• algunos (NNNxDario) ends turn; time used: 1.12 sec turn, 0.02 sec retreat
[00:10:18.70] ••• Mr.Spoon (Vojske) starts turn
[00:10:30.22] ••• Mr.Spoon (Vojske) fires Ninja Rope
[00:10:50.90] [NNNxDario] ah, saw you select lg and I thought you were going to LG mexi across the whole island
[00:11:04.66] ••• Mr.Spoon (Vojske) fires Blow Torch
[00:11:07.72] ••• Mr.Spoon (Vojske) ends turn; time used: 44.38 sec turn, 3.00 sec retreat
[00:11:13.82] ••• algunos (NNNxDario) starts turn
[00:11:19.74] [Vojske] hahah
[00:11:25.40] ••• algunos (NNNxDario) fires Shotgun
[00:11:27.50] ••• algunos (NNNxDario) fires Shotgun
[00:11:31.66] ••• algunos (NNNxDario) ends turn; time used: 7.42 sec turn, 3.00 sec retreat
[00:11:31.84] [Vojske] oh that would be cool 
[00:11:37.76] ••• Mr.Spoon (Vojske) starts turn
[00:11:59.24] ••• Mr.Spoon (Vojske) fires Parachute
[00:12:07.66] ••• Mr.Spoon (Vojske) fires Shotgun
[00:12:20.56] ••• Mr.Spoon (Vojske) fires Shotgun
[00:12:24.72] ••• Mr.Spoon (Vojske) ends turn; time used: 35.24 sec turn, 3.00 sec retreat
[00:12:29.08] ••• Damage dealt: 50 to algunos (NNNxDario)
[00:12:29.08] ••• algunos (NNNxDario) starts turn
[00:12:33.20] ••• algunos (NNNxDario) fires Select Worm
[00:12:47.88] ••• algunos (NNNxDario) fires Baseball Bat
[00:12:51.46] ••• algunos (NNNxDario) ends turn; time used: 18.16 sec turn, 3.00 sec retreat
[00:12:55.18] [NNNxDario] that was pretty bad
[00:12:56.86] ••• Damage dealt: 30 to Mr.Spoon (Vojske)
[00:12:56.86] ••• Mr.Spoon (Vojske) starts turn
[00:13:31.38] ••• Mr.Spoon (Vojske) fires Teleport
[00:13:33.86] ••• Mr.Spoon (Vojske) ends turn; time used: 29.52 sec turn, 0.02 sec retreat
[00:13:36.50] ••• algunos (NNNxDario) starts turn
[00:13:38.06] ••• algunos (NNNxDario) fires Air Strike
[00:13:41.54] ••• algunos (NNNxDario) ends turn; time used: 1.22 sec turn, 3.00 sec retreat
[00:13:53.14] ••• Damage dealt: 20 (1 kill) to Mr.Spoon (Vojske)
[00:13:53.14] ••• Mr.Spoon (Vojske) starts turn
[00:14:26.98] ••• Mr.Spoon (Vojske) fires Longbow
[00:14:33.48] ••• Mr.Spoon (Vojske) fires Longbow
[00:14:36.56] ••• Mr.Spoon (Vojske) ends turn; time used: 32.34 sec turn, 3.00 sec retreat
[00:14:45.58] ••• Damage dealt: 90 (1 kill) to algunos (NNNxDario)
[00:14:45.58] ••• algunos (NNNxDario) starts turn
[00:14:55.64] ••• algunos (NNNxDario) uses Bungee
[00:15:13.00] ••• algunos (NNNxDario) uses Bungee
[00:15:16.76] ••• algunos (NNNxDario) loses turn due to loss of control; time used: 30.84 sec turn, 0.00 sec retreat
[00:15:21.18] ••• Mr.Spoon (Vojske) starts turn
[00:15:21.20] [Vojske] off
[00:15:27.66] [NNNxDario] I really hate that "feature"
[00:15:50.24] ••• Mr.Spoon (Vojske) fires Shotgun
[00:16:06.68] ••• Mr.Spoon (Vojske) fires Shotgun
[00:16:10.84] ••• Mr.Spoon (Vojske) ends turn; time used: 41.98 sec turn, 3.00 sec retreat
[00:16:20.20] ••• Damage dealt: 5 (1 kill) to algunos (NNNxDario)
[00:16:20.20] ••• algunos (NNNxDario) starts turn
[00:16:29.52] ••• algunos (NNNxDario) fires Parachute
[00:16:39.04] ••• algunos (NNNxDario) fires Petrol Bomb
[00:16:43.48] ••• algunos (NNNxDario) ends turn; time used: 18.48 sec turn, 3.00 sec retreat
[00:16:49.56] [Vojske] xD
[00:16:52.16] ••• Damage dealt: 1 (1 kill) to Mr.Spoon (Vojske)
[00:16:52.16] ••• Mr.Spoon (Vojske) starts turn
[00:17:04.64] ••• Mr.Spoon (Vojske) fires Ninja Rope
[00:17:09.20] ••• Mr.Spoon (Vojske) loses turn due to loss of control; time used: 12.20 sec turn, 0.00 sec retreat
[00:17:09.22] [Vojske] ohh
[00:17:09.78] [Vojske] gg :D
[00:17:11.00] [NNNxDario] plop
[00:17:12.38] [NNNxDario] gg
[00:17:14.36] [NNNxDario] nt
[00:17:19.38] *** Round Finish acknowledged by Vojske
[00:17:21.10] ••• Damage dealt: 50 (1 kill) to algunos (NNNxDario), 60 (1 kill) to Mr.Spoon (Vojske)
[00:17:21.12] ••• Game Ends - Round Finished
[00:17:21.12] *** Round Finish acknowledged by NNNxDario

Team time totals:
algunos (NNNxDario): Turn: 00:03:43.26, Retreat: 00:00:33.02, Total: 00:04:16.28, Turn count: 14
Mr.Spoon (Vojske):   Turn: 00:07:05.06, Retreat: 00:00:37.02, Total: 00:07:42.08, Turn count: 14

End of round 3

Round time: 0:17:21
Total game time elapsed: Unknown

algunos wins the match!

Worm of the round: alguien (algunos)

Most damage with one shot: 172 - Sponge (Mr.Spoon)
