Game ID: "12342872"
Game Started at 2021-02-18 21:05:44 GMT
Game Engine Version: 3.8
File Format Version: 3.7.3.0 - 3.8.1
Exported with Version: 3.8.1 (Steam)

Red:  "Veals" as "Veals" [Local Player] [Host]
Blue: "pieer" as "pieer"

[00:00:00.00] [Veals] 2 round
[00:00:00.00] ••• pieer (pieer) starts turn
[00:00:08.32] ••• pieer (pieer) fires Select Worm
[00:00:34.38] ••• pieer (pieer) fires Baseball Bat
[00:00:37.96] ••• pieer (pieer) ends turn; time used: 32.20 sec turn, 3.00 sec retreat
[00:00:39.76] [Veals] nice)
[00:00:42.38] ••• Damage dealt: 78 to Veals (Veals)
[00:00:42.38] ••• Veals (Veals) starts turn
[00:00:52.52] ••• Veals (Veals) fires Select Worm
[00:01:00.08] ••• Veals (Veals) fires Ninja Rope
[00:01:00.40] [pieer] :S
[00:01:29.94] ••• Veals (Veals) fires Baseball Bat
[00:01:33.52] ••• Veals (Veals) ends turn; time used: 43.64 sec turn, 3.00 sec retreat
[00:01:38.60] ••• Damage dealt: 52 to pieer (pieer)
[00:01:38.60] ••• pieer (pieer) starts turn
[00:01:42.98] ••• pieer (pieer) fires Select Worm
[00:01:57.36] ••• pieer (pieer) fires Mine
[00:02:02.54] ••• pieer (pieer) ends turn; time used: 15.14 sec turn, 5.00 sec retreat
[00:02:14.16] ••• Damage dealt: 36 (1 kill) to Veals (Veals)
[00:02:14.16] ••• Veals (Veals) starts turn
[00:02:24.42] ••• Veals (Veals) fires Low Gravity
[00:02:38.58] ••• Veals (Veals) fires Parachute
[00:02:49.68] ••• Veals (Veals) fires Shotgun
[00:03:04.74] ••• Veals (Veals) fires Shotgun
[00:03:05.64] ••• Veals (Veals) loses turn due to loss of control; time used: 43.42 sec turn, 0.00 sec retreat
[00:03:09.98] [Veals] xd
[00:03:15.06] ••• Damage dealt: 90 (1 kill) to Veals (Veals), 90 (1 kill) to pieer (pieer)
[00:03:15.06] ••• pieer (pieer) starts turn
[00:03:19.96] ••• pieer (pieer) fires Select Worm
[00:03:32.36] ••• pieer (pieer) fires Low Gravity
[00:03:50.26] ••• pieer (pieer) fires Shotgun
[00:04:06.20] ••• pieer (pieer) fires Shotgun
[00:04:10.36] ••• pieer (pieer) ends turn; time used: 35.88 sec turn, 3.00 sec retreat
[00:04:14.78] ••• Damage dealt: 25 to Veals (Veals)
[00:04:14.78] ••• Veals (Veals) starts turn
[00:04:16.86] ••• Veals (Veals) fires Ninja Rope
[00:04:41.16] ••• Veals (Veals) fires Mad Cow (herd of 2)
[00:04:45.20] ••• Veals (Veals) ends turn; time used: 25.52 sec turn, 3.00 sec retreat
[00:04:50.70] ••• Damage dealt: 209 to pieer (pieer)
[00:04:50.70] ••• pieer (pieer) starts turn
[00:05:08.04] ••• pieer (pieer) fires Shotgun
[00:05:28.58] ••• pieer (pieer) fires Shotgun
[00:05:32.74] ••• pieer (pieer) ends turn; time used: 26.88 sec turn, 3.00 sec retreat
[00:05:37.16] ••• Damage dealt: 49 to Veals (Veals)
[00:05:37.16] ••• Veals (Veals) starts turn
[00:05:50.78] ••• Veals (Veals) fires Ninja Rope
[00:06:09.14] ••• Veals (Veals) fires Dynamite
[00:06:14.18] ••• Veals (Veals) loses turn due to loss of control; time used: 26.78 sec turn, 4.86 sec retreat
[00:06:21.48] [pieer] uu
[00:06:22.62] ••• Damage dealt: 6 to Veals (Veals), 90 (1 kill) to pieer (pieer)
[00:06:22.62] ••• pieer (pieer) starts turn
[00:06:30.66] ••• pieer (pieer) fires Dynamite
[00:06:35.70] ••• pieer (pieer) loses turn due to loss of control; time used: 5.26 sec turn, 4.86 sec retreat
[00:06:41.94] ••• Damage dealt: 62 to Veals (Veals), 24 to pieer (pieer)
[00:06:41.94] ••• Veals (Veals) starts turn
[00:06:52.42] ••• Veals (Veals) fires Kamikaze
[00:06:53.78] ••• Veals (Veals) loses turn due to loss of control; time used: 5.80 sec turn, 0.00 sec retreat
[00:07:12.92] ••• Damage dealt: 45 (2 kills) to Veals (Veals), 72 (3 kills) to pieer (pieer)
[00:07:12.92] ••• pieer (pieer) starts turn
[00:07:18.56] ••• pieer (pieer) fires Ninja Rope
[00:07:19.44] ••• pieer (pieer) fires Ninja Rope
[00:07:36.54] ••• pieer (pieer) fires Sheep
[00:07:40.96] ••• pieer (pieer) ends turn; time used: 19.48 sec turn, 3.00 sec retreat
[00:07:45.40] ••• Damage dealt: 57 to Veals (Veals)
[00:07:45.40] ••• Veals (Veals) starts turn
[00:07:54.58] ••• Veals (Veals) fires Select Worm
[00:08:17.24] ••• Veals (Veals) fires Jet Pack
[00:08:21.52] ••• Veals (Veals) fires Sheep
[00:08:26.26] ••• Veals (Veals) used 30 (9) units of Jet Pack fuel
[00:08:26.54] ••• Veals (Veals) ends turn; time used: 33.80 sec turn, 5.00 sec retreat
[00:08:29.34] ••• Damage dealt: 81 to pieer (pieer)
[00:08:29.34] ••• pieer (pieer) starts turn
[00:08:47.40] ••• pieer (pieer) fires Ninja Rope
[00:08:53.04] ••• pieer (pieer) fires Ninja Rope
[00:09:05.20] ••• pieer (pieer) fires Mine
[00:09:09.44] ••• pieer (pieer) loses turn due to loss of control; time used: 30.46 sec turn, 4.06 sec retreat
[00:09:17.16] ••• Damage dealt: 39 to Veals (Veals), 10 to pieer (pieer)
[00:09:17.16] ••• Veals (Veals) starts turn
[00:09:27.48] ••• Veals (Veals) fires Shotgun
[00:09:35.22] ••• Veals (Veals) fires Shotgun
[00:09:39.38] ••• Veals (Veals) ends turn; time used: 10.76 sec turn, 3.00 sec retreat
[00:09:44.34] ••• Damage dealt: 27 (1 kill) to pieer (pieer)
[00:09:44.34] ••• pieer (pieer) starts turn
[00:10:00.52] ••• pieer (pieer) fires Ninja Rope
[00:10:15.26] ••• pieer (pieer) fires Mine
[00:10:18.96] ••• pieer (pieer) loses turn due to loss of control; time used: 28.02 sec turn, 3.52 sec retreat
[00:10:45.66] ••• Damage dealt: 65 (1 kill) to Veals (Veals), 9 (1 kill) to pieer (pieer)
[00:10:45.66] ••• Veals (Veals) starts turn
[00:11:07.42] ••• Veals (Veals) fires Teleport
[00:11:07.84] ••• resetting Jet Pack fuel use to 0
[00:11:09.90] ••• Veals (Veals) ends turn; time used: 16.76 sec turn, 0.02 sec retreat
[00:11:11.92] ••• pieer (pieer) starts turn
[00:11:22.96] ••• pieer (pieer) fires Ninja Rope
[00:11:44.66] ••• pieer (pieer) fires Shotgun
[00:11:50.60] ••• pieer (pieer) fires Shotgun
[00:11:54.76] ••• pieer (pieer) ends turn; time used: 28.28 sec turn, 3.00 sec retreat
[00:12:06.12] ••• Damage dealt: 33 (1 kill) to Veals (Veals), 1 to pieer (pieer)
[00:12:06.12] ••• Veals (Veals) starts turn
[00:12:13.12] ••• Veals (Veals) fires Bazooka
[00:12:16.80] ••• Veals (Veals) ends turn; time used: 6.46 sec turn, 3.00 sec retreat
[00:12:21.22] ••• Damage dealt: 11 to pieer (pieer)
[00:12:21.22] ••• pieer (pieer) starts turn
[00:12:53.74] ••• pieer (pieer) fires Air Strike
[00:12:57.22] ••• pieer (pieer) ends turn; time used: 31.50 sec turn, 3.00 sec retreat
[00:13:01.24] ••• Veals (Veals) starts turn
[00:13:06.92] ••• Veals (Veals) fires Parachute
[00:13:11.20] ••• Veals (Veals) fires Shotgun
[00:13:17.52] ••• Veals (Veals) fires Shotgun
[00:13:21.68] ••• Veals (Veals) ends turn; time used: 12.64 sec turn, 3.00 sec retreat
[00:13:26.10] ••• Damage dealt: 16 to pieer (pieer)
[00:13:26.10] ••• pieer (pieer) starts turn
[00:13:39.86] ••• pieer (pieer) fires Jet Pack
[00:13:46.86] ••• pieer (pieer) used 26 units of Jet Pack fuel
[00:13:57.60] ••• pieer (pieer) fires Aqua Sheep
[00:14:03.34] ••• pieer (pieer) ends turn; time used: 29.28 sec turn, 3.00 sec retreat
[00:14:08.20] ••• Damage dealt: 73 to Veals (Veals)
[00:14:08.20] ••• Veals (Veals) starts turn
[00:14:19.06] ••• Veals (Veals) fires Shotgun
[00:14:31.32] ••• Veals (Veals) fires Shotgun
[00:14:35.48] ••• Veals (Veals) ends turn; time used: 16.02 sec turn, 3.00 sec retreat
[00:14:39.50] ••• pieer (pieer) starts turn
[00:14:51.12] ••• pieer (pieer) fires Shotgun
[00:14:54.64] ••• pieer (pieer) fires Shotgun
[00:14:58.80] ••• pieer (pieer) ends turn; time used: 11.54 sec turn, 3.00 sec retreat
[00:15:02.30] ••• Damage dealt: 14 to Veals (Veals)
[00:15:02.30] ••• Veals (Veals) starts turn
[00:15:29.10] ••• Veals (Veals) fires Bazooka
[00:15:32.30] [Veals] gg
[00:15:33.00] ••• Veals (Veals) ends turn; time used: 25.46 sec turn, 3.00 sec retreat
[00:15:35.82] [pieer] :S
[00:15:47.20] ••• Damage dealt: 28 (1 kill) to pieer (pieer)
[00:15:47.22] ••• Game Ends - Round Finished
[00:15:47.22] *** Round Finish acknowledged by Veals
[00:15:49.40] *** Round Finish acknowledged by pieer

Team time totals:
Veals (Veals): Turn: 00:04:27.06, Retreat: 00:00:30.88, Total: 00:04:57.94, Turn count: 12
pieer (pieer): Turn: 00:04:53.92, Retreat: 00:00:41.44, Total: 00:05:35.36, Turn count: 12

Total Jet Pack fuel used: 26

End of round 1

Round time: 0:15:47
Total game time elapsed: 0:15:47

Veals wins the round.

Worm of the round: ?ep?? 8 (Veals)
Most kills with one shot: 4 - ?ep?? 1 (Veals)
Most damage with one shot: 209 - ?ep?? 6 (Veals)
