Game ID: "12322508"
Game Started at 2021-02-12 16:50:44 GMT
Game Engine Version: 3.8.1
File Format Version: 3.7.3.0 - 3.8.1
Exported with Version: 3.8.1 (Steam)

Red:   "NNNxDario" as "algunos" [Local Player] [Host]
Green: "Stoner"    as "Serious Bass"

[00:00:00.00] ••• Serious Bass (Stoner) starts turn
[00:00:00.02] [NNNxDario] suerte pa
[00:00:10.48] [Stoner] igual-!
[00:00:14.74] [NNNxDario] :3
[00:00:15.60] ••• Serious Bass (Stoner) fires Select Worm
[00:00:26.74] ••• Serious Bass (Stoner) uses Bungee
[00:00:30.44] ••• Serious Bass (Stoner) fires Shotgun
[00:00:46.58] ••• Serious Bass (Stoner) fires Shotgun
[00:00:49.94] [NNNxDario] jojo
[00:00:50.74] ••• Serious Bass (Stoner) ends turn; time used: 30.56 sec turn, 3.00 sec retreat
[00:00:52.96] [Stoner] XD
[00:00:54.76] ••• Damage dealt: 48 to algunos (NNNxDario)
[00:00:54.76] ••• algunos (NNNxDario) starts turn
[00:00:56.16] ••• algunos (NNNxDario) fires Select Worm
[00:01:03.66] ••• algunos (NNNxDario) fires Select Worm
[00:01:06.74] ••• algunos (NNNxDario) fires Ninja Rope
[00:01:24.88] ••• algunos (NNNxDario) fires Baseball Bat
[00:01:28.46] ••• algunos (NNNxDario) ends turn; time used: 29.40 sec turn, 3.00 sec retreat
[00:01:33.70] ••• Damage dealt: 90 (1 kill) to Serious Bass (Stoner)
[00:01:33.70] ••• Serious Bass (Stoner) starts turn
[00:01:39.10] ••• Serious Bass (Stoner) fires Ninja Rope
[00:01:39.78] ••• Serious Bass (Stoner) fires Ninja Rope
[00:02:03.68] ••• Serious Bass (Stoner) fires Mine
[00:02:07.26] ••• Serious Bass (Stoner) loses turn due to loss of control; time used: 25.92 sec turn, 3.40 sec retreat
[00:02:19.28] ••• Damage dealt: 94 (1 kill) to algunos (NNNxDario), 2 to Serious Bass (Stoner)
[00:02:19.28] ••• algunos (NNNxDario) starts turn
[00:02:35.26] ••• algunos (NNNxDario) fires Select Worm
[00:02:37.94] ••• algunos (NNNxDario) fires Ninja Rope
[00:02:53.36] ••• algunos (NNNxDario) fires Fire Punch
[00:02:58.16] ••• algunos (NNNxDario) ends turn; time used: 33.48 sec turn, 3.00 sec retreat
[00:03:03.30] ••• Damage dealt: 180 (2 kills) to Serious Bass (Stoner)
[00:03:03.30] ••• Serious Bass (Stoner) starts turn
[00:03:16.94] ••• Serious Bass (Stoner) fires Select Worm
[00:03:29.56] [NNNxDario] olé
[00:03:46.76] ••• Serious Bass (Stoner) fires Cluster Bomb (1 sec, max bounce)
[00:03:49.32] ••• Serious Bass (Stoner) loses turn due to loss of control; time used: 38.40 sec turn, 0.86 sec retreat
[00:03:51.92] [Stoner] bue
[00:03:53.22] [Stoner] falló
[00:03:54.20] ••• Damage dealt: 30 to algunos (NNNxDario), 17 to Serious Bass (Stoner)
[00:03:54.20] ••• algunos (NNNxDario) starts turn
[00:03:57.06] [NNNxDario] sip
[00:04:07.52] ••• algunos (NNNxDario) fires Jet Pack
[00:04:17.80] ••• algunos (NNNxDario) fires Grenade (5 sec, min bounce)
[00:04:22.46] ••• algunos (NNNxDario) used 30 (26) units of Jet Pack fuel
[00:04:22.82] ••• algunos (NNNxDario) ends turn; time used: 19.82 sec turn, 5.00 sec retreat
[00:04:27.88] ••• Damage dealt: 43 to Serious Bass (Stoner)
[00:04:27.88] ••• Serious Bass (Stoner) starts turn
[00:04:42.38] ••• Serious Bass (Stoner) fires Ninja Rope
[00:05:16.72] ••• Serious Bass (Stoner) fires Dynamite
[00:05:19.78] ••• Serious Bass (Stoner) loses turn due to loss of control; time used: 43.72 sec turn, 2.88 sec retreat
[00:05:25.10] [NNNxDario] al agua
[00:05:31.54] [Stoner] seeh
[00:05:31.82] ••• Damage dealt: 90 (1 kill) to algunos (NNNxDario), 3 to Serious Bass (Stoner)
[00:05:31.82] ••• algunos (NNNxDario) starts turn
[00:05:43.56] ••• algunos (NNNxDario) fires Ninja Rope
[00:06:01.62] ••• algunos (NNNxDario) fires Grenade (1 sec, min bounce)
[00:06:06.64] ••• algunos (NNNxDario) ends turn; time used: 29.62 sec turn, 5.00 sec retreat
[00:06:23.26] ••• Damage dealt: 6 to algunos (NNNxDario), 90 (1 kill) to Serious Bass (Stoner)
[00:06:23.26] ••• Serious Bass (Stoner) starts turn
[00:06:27.00] ••• Serious Bass (Stoner) fires Select Worm
[00:06:37.18] ••• Serious Bass (Stoner) fires Ninja Rope
[00:06:50.34] ••• Serious Bass (Stoner) fires Sheep
[00:06:56.50] ••• Serious Bass (Stoner) ends turn; time used: 23.98 sec turn, 3.00 sec retreat
[00:07:02.40] ••• Damage dealt: 69 to algunos (NNNxDario)
[00:07:02.40] ••• algunos (NNNxDario) starts turn
[00:07:10.52] ••• algunos (NNNxDario) fires Shotgun
[00:07:15.06] ••• algunos (NNNxDario) fires Shotgun
[00:07:19.22] ••• algunos (NNNxDario) ends turn; time used: 8.10 sec turn, 3.00 sec retreat
[00:07:27.66] ••• Damage dealt: 47 (1 kill) to Serious Bass (Stoner)
[00:07:27.66] ••• Serious Bass (Stoner) starts turn
[00:07:39.84] ••• Serious Bass (Stoner) fires Baseball Bat
[00:07:43.42] ••• Serious Bass (Stoner) ends turn; time used: 8.38 sec turn, 3.00 sec retreat
[00:07:47.88] ••• Damage dealt: 56 (1 kill) to algunos (NNNxDario)
[00:07:47.88] ••• algunos (NNNxDario) starts turn
[00:07:58.02] ••• algunos (NNNxDario) fires Ninja Rope
[00:08:09.46] ••• algunos (NNNxDario) fires Dynamite
[00:08:14.48] ••• algunos (NNNxDario) ends turn; time used: 16.58 sec turn, 5.00 sec retreat
[00:08:23.72] [Stoner] :c
[00:08:25.40] ••• Damage dealt: 71 (1 kill) to Serious Bass (Stoner)
[00:08:25.40] ••• Serious Bass (Stoner) starts turn
[00:08:42.56] ••• Serious Bass (Stoner) fires Ninja Rope
[00:08:57.56] ••• Serious Bass (Stoner) fires Low Gravity
[00:09:00.30] ••• Serious Bass (Stoner) fires Mine
[00:09:05.48] ••• Serious Bass (Stoner) ends turn; time used: 31.94 sec turn, 5.00 sec retreat
[00:09:13.86] ••• Damage dealt: 44 to algunos (NNNxDario), 3 to Serious Bass (Stoner)
[00:09:13.86] ••• algunos (NNNxDario) starts turn
[00:09:25.92] [NNNxDario] alto ninja mi gusano :D
[00:09:46.40] ••• algunos (NNNxDario) fires Homing Missile
[00:09:50.32] ••• algunos (NNNxDario) ends turn; time used: 27.54 sec turn, 3.00 sec retreat
[00:09:56.76] ••• Damage dealt: 53 to Serious Bass (Stoner)
[00:09:56.76] ••• Serious Bass (Stoner) starts turn
[00:10:45.74] ••• Serious Bass (Stoner) fires Air Strike
[00:10:49.22] ••• Serious Bass (Stoner) ends turn; time used: 43.98 sec turn, 3.00 sec retreat
[00:10:52.76] ••• Damage dealt: 26 to algunos (NNNxDario)
[00:10:52.76] ••• algunos (NNNxDario) starts turn
[00:11:06.36] ••• algunos (NNNxDario) fires Shotgun
[00:11:11.08] ••• algunos (NNNxDario) fires Shotgun
[00:11:15.24] ••• algunos (NNNxDario) ends turn; time used: 8.60 sec turn, 3.00 sec retreat
[00:11:29.68] ••• Damage dealt: 45 (1 kill) to algunos (NNNxDario), 31 (1 kill) to Serious Bass (Stoner)
[00:11:29.68] ••• Serious Bass (Stoner) starts turn
[00:11:51.06] ••• Serious Bass (Stoner) fires Shotgun
[00:11:51.98] ••• Serious Bass (Stoner) loses turn due to loss of control; time used: 19.86 sec turn, 0.00 sec retreat
[00:12:01.68] ••• Damage dealt: 30 to algunos (NNNxDario), 3 to Serious Bass (Stoner)
[00:12:01.68] ••• algunos (NNNxDario) starts turn
[00:12:29.66] ••• algunos (NNNxDario) fires Shotgun
[00:12:37.78] ••• algunos (NNNxDario) fires Shotgun
[00:12:41.94] ••• algunos (NNNxDario) ends turn; time used: 29.00 sec turn, 3.00 sec retreat
[00:12:45.96] ••• Serious Bass (Stoner) starts turn
[00:12:49.20] ••• Serious Bass (Stoner) fires Grenade (2 sec, min bounce)
[00:12:52.94] ••• Serious Bass (Stoner) ends turn; time used: 0.78 sec turn, 3.00 sec retreat
[00:13:02.58] ••• Damage dealt: 34 (1 kill) to algunos (NNNxDario)
[00:13:02.58] ••• algunos (NNNxDario) starts turn
[00:13:05.14] ••• algunos (NNNxDario) fires Low Gravity
[00:13:07.06] ••• algunos (NNNxDario) fires Parachute
[00:13:36.66] ••• algunos (NNNxDario) fires Kamikaze
[00:13:36.88] ••• algunos (NNNxDario) loses turn due to loss of control; time used: 33.58 sec turn, 0.00 sec retreat
[00:13:41.18] [NNNxDario] ah puta xD
[00:13:41.58] ••• Damage dealt: 79 (1 kill) to algunos (NNNxDario)
[00:13:41.58] ••• Serious Bass (Stoner) starts turn
[00:13:41.60] [Stoner] oooh
[00:13:43.00] [Stoner] era buena
[00:13:48.66] ••• Serious Bass (Stoner) fires Jet Pack
[00:13:53.34] ••• Serious Bass (Stoner) used 30 units of Jet Pack fuel
[00:13:53.80] ••• Serious Bass (Stoner) loses turn due to loss of control; time used: 8.58 sec turn, 0.00 sec retreat
[00:13:53.82] [Stoner] dsfsdfmdsnfm,dshfm,sdfbm,sdbf,msdfbsd
[00:13:55.72] [Stoner] putaaaa
[00:13:56.52] [NNNxDario] siempre me pasa lo mismo con esa jugada
[00:13:58.68] [Stoner] mas puta que esa anterior
[00:13:58.98] [NNNxDario] la mido, todo bien
[00:13:59.18] ••• Damage dealt: 8 to Serious Bass (Stoner)
[00:13:59.18] ••• algunos (NNNxDario) starts turn
[00:14:03.64] [NNNxDario] y cuando la voy a hacer la cago xD
[00:14:11.28] ••• algunos (NNNxDario) fires Ninja Rope
[00:14:27.38] ••• algunos (NNNxDario) fires Holy Hand-Grenade
[00:14:33.80] ••• algunos (NNNxDario) loses turn due to loss of control; time used: 22.94 sec turn, 3.00 sec retreat
[00:14:40.18] [Stoner] xd
[00:14:40.66] [Stoner] gg
[00:14:44.14] [NNNxDario] gg :)
[00:14:51.98] ••• Damage dealt: 46 (1 kill) to algunos (NNNxDario), 79 (1 kill) to Serious Bass (Stoner)
[00:14:52.00] ••• Game Ends - Round Finished
[00:14:52.00] *** Round Finish acknowledged by NNNxDario
[00:14:54.60] *** Round Finish acknowledged by Stoner

Team time totals:
algunos (NNNxDario):   Turn: 00:04:18.66, Retreat: 00:00:36.00, Total: 00:04:54.66, Turn count: 11
Serious Bass (Stoner): Turn: 00:04:36.10, Retreat: 00:00:27.14, Total: 00:05:03.24, Turn count: 11

Total Jet Pack fuel used: 60

End of round 1

Round time: 0:14:52
Total game time elapsed: 0:14:52

algunos wins the round.

Worm of the round: dónde (algunos)
Most damage with one shot: 180 - dónde (algunos)
