Game ID: "12322582"
Game Started at 2021-02-12 17:17:58 GMT
Game Engine Version: 3.8
File Format Version: 3.7.3.0 - 3.8.1
Exported with Version: 3.8.1 (Steam)

Red:       "NNNxDario"      as "algunos" [Local Player] [Host]
Blue:      "`Pn`Mega`Adnan" as "-LåGñÂÑ Çøl2ë$-"
Spectator: "xPoDxSilaneo"

[00:00:00.00] [NNNxDario] hf!
[00:00:00.00] [`Pn`Mega`Adnan] Funs
[00:00:00.00] ••• -LåGñÂÑ Çøl2ë$- (`Pn`Mega`Adnan) starts turn
[00:00:01.72] [xPoDxSilaneo] hf
[00:00:16.84] ••• -LåGñÂÑ Çøl2ë$- (`Pn`Mega`Adnan) fires Select Worm
[00:00:22.38] ••• -LåGñÂÑ Çøl2ë$- (`Pn`Mega`Adnan) fires Ninja Rope
[00:00:53.18] ••• -LåGñÂÑ Çøl2ë$- (`Pn`Mega`Adnan) fires Baseball Bat
[00:00:56.76] ••• -LåGñÂÑ Çøl2ë$- (`Pn`Mega`Adnan) ends turn; time used: 44.86 sec turn, 3.00 sec retreat
[00:01:01.54] ••• Damage dealt: 114 (1 kill) to algunos (NNNxDario)
[00:01:01.54] ••• algunos (NNNxDario) starts turn
[00:01:06.64] ••• algunos (NNNxDario) fires Ninja Rope
[00:01:37.72] ••• algunos (NNNxDario) fires Longbow
[00:01:46.68] ••• algunos (NNNxDario) fires Longbow
[00:01:46.78] ••• algunos (NNNxDario) loses turn due to loss of control; time used: 35.82 sec turn, 0.02 sec retreat
[00:02:03.82] ••• Damage dealt: 9 to algunos (NNNxDario), 149 (1 kill) to -LåGñÂÑ Çøl2ë$- (`Pn`Mega`Adnan)
[00:02:03.82] ••• -LåGñÂÑ Çøl2ë$- (`Pn`Mega`Adnan) starts turn
[00:02:15.52] ••• -LåGñÂÑ Çøl2ë$- (`Pn`Mega`Adnan) uses Bungee
[00:02:38.12] ••• -LåGñÂÑ Çøl2ë$- (`Pn`Mega`Adnan) fires Mad Cow (herd of 2)
[00:02:39.52] ••• -LåGñÂÑ Çøl2ë$- (`Pn`Mega`Adnan) loses turn due to loss of control; time used: 29.30 sec turn, 0.40 sec retreat
[00:02:42.06] [NNNxDario] mooo
[00:02:46.04] ••• Damage dealt: 153 to algunos (NNNxDario), 17 to -LåGñÂÑ Çøl2ë$- (`Pn`Mega`Adnan)
[00:02:46.04] ••• algunos (NNNxDario) starts turn
[00:02:48.64] [`Pn`Mega`Adnan] :P
[00:02:53.28] [xPoDxSilaneo] hows things in Argentina ? Is everyone so crazy with corona too ?
[00:02:55.72] ••• algunos (NNNxDario) fires Select Worm
[00:03:05.38] [xPoDxSilaneo] im trying to find a normal country ;p
[00:03:16.10] ••• algunos (NNNxDario) fires Select Worm
[00:03:22.24] ••• algunos (NNNxDario) fires Ninja Rope
[00:03:22.80] ••• algunos (NNNxDario) fires Ninja Rope
[00:03:32.04] ••• algunos (NNNxDario) fires Mad Cow (herd of 2)
[00:03:36.08] ••• algunos (NNNxDario) ends turn; time used: 40.40 sec turn, 3.00 sec retreat
[00:03:44.76] ••• Damage dealt: 147 to -LåGñÂÑ Çøl2ë$- (`Pn`Mega`Adnan)
[00:03:44.76] ••• -LåGñÂÑ Çøl2ë$- (`Pn`Mega`Adnan) starts turn
[00:03:44.78] [NNNxDario] well, what's normal xD
[00:03:48.62] [xPoDxSilaneo] :D
[00:04:00.64] ••• -LåGñÂÑ Çøl2ë$- (`Pn`Mega`Adnan) fires Select Worm
[00:04:11.18] ••• -LåGñÂÑ Çøl2ë$- (`Pn`Mega`Adnan) uses Bungee
[00:04:18.04] [xPoDxSilaneo] well people living like before 2019;p
[00:04:23.64] ••• -LåGñÂÑ Çøl2ë$- (`Pn`Mega`Adnan) fires Shotgun
[00:04:35.14] ••• -LåGñÂÑ Çøl2ë$- (`Pn`Mega`Adnan) fires Shotgun
[00:04:39.30] ••• -LåGñÂÑ Çøl2ë$- (`Pn`Mega`Adnan) ends turn; time used: 36.18 sec turn, 3.00 sec retreat
[00:04:44.56] [xPoDxSilaneo] i herad Tanzania and Belarus are normal,no corona there ;p
[00:04:48.66] ••• Damage dealt: 27 (2 kills) to algunos (NNNxDario)
[00:04:48.66] ••• algunos (NNNxDario) starts turn
[00:04:57.56] [xPoDxSilaneo] heard*
[00:05:04.10] ••• algunos (NNNxDario) fires Skunk
[00:05:08.52] [NNNxDario] lol
[00:05:10.70] ••• algunos (NNNxDario) ends turn; time used: 10.44 sec turn, 3.00 sec retreat
[00:05:15.50] [`Pn`Mega`Adnan] woah
[00:05:17.02] ••• Damage dealt: 5 to -LåGñÂÑ Çøl2ë$- (`Pn`Mega`Adnan)
[00:05:17.02] ••• -LåGñÂÑ Çøl2ë$- (`Pn`Mega`Adnan) starts turn
[00:05:17.04] [xPoDxSilaneo] bl skunk ;p
[00:06:06.34] ••• -LåGñÂÑ Çøl2ë$- (`Pn`Mega`Adnan) fires Mine
[00:06:11.26] [NNNxDario] walkover :D
[00:06:11.52] ••• -LåGñÂÑ Çøl2ë$- (`Pn`Mega`Adnan) ends turn; time used: 44.32 sec turn, 5.00 sec retreat
[00:06:18.98] [`Pn`Mega`Adnan] :P
[00:06:22.38] ••• Damage dealt: 47 to algunos (NNNxDario)
[00:06:22.38] ••• algunos (NNNxDario) starts turn
[00:06:28.72] ••• algunos (NNNxDario) fires Shotgun
[00:06:34.12] ••• algunos (NNNxDario) fires Shotgun
[00:06:38.28] ••• algunos (NNNxDario) ends turn; time used: 4.14 sec turn, 3.00 sec retreat
[00:06:49.66] ••• Damage dealt: 31 (1 kill) to -LåGñÂÑ Çøl2ë$- (`Pn`Mega`Adnan)
[00:06:49.66] ••• -LåGñÂÑ Çøl2ë$- (`Pn`Mega`Adnan) starts turn
[00:06:52.40] [xPoDxSilaneo] im going to make myself something to eat,If i dont repond in time just kick me ;p
[00:06:58.38] [NNNxDario] wait
[00:07:00.94] [NNNxDario] u can just /afk
[00:07:01.40] [xPoDxSilaneo] ok
[00:07:01.52] [`Pn`Mega`Adnan] In my place, people get cautious about Corona mostly in Winter, but not much in Summer
[00:07:10.82] [NNNxDario] and you will auto click the light bulb
[00:07:19.08] ••• -LåGñÂÑ Çøl2ë$- (`Pn`Mega`Adnan) fires Ninja Rope
[00:07:35.96] [xPoDxSilaneo] didnt know it works between rounds
[00:07:39.70] ••• -LåGñÂÑ Çøl2ë$- (`Pn`Mega`Adnan) fires Dynamite
[00:07:41.66] [NNNxDario] yes :)
[00:07:44.88] ••• -LåGñÂÑ Çøl2ë$- (`Pn`Mega`Adnan) ends turn; time used: 44.80 sec turn, 5.00 sec retreat
[00:07:56.86] ••• Damage dealt: 71 to algunos (NNNxDario)
[00:07:56.86] ••• algunos (NNNxDario) starts turn
[00:08:05.18] ••• algunos (NNNxDario) fires Ninja Rope
[00:08:18.48] ••• algunos (NNNxDario) fires Longbow
[00:08:23.20] [NNNxDario] :(
[00:08:25.34] [`Pn`Mega`Adnan] ooof
[00:08:28.24] [NNNxDario] bad knock
[00:08:41.92] ••• algunos (NNNxDario) fires Longbow
[00:08:45.00] ••• algunos (NNNxDario) ends turn; time used: 33.56 sec turn, 3.00 sec retreat
[00:08:52.30] ••• Damage dealt: 33 (1 kill) to -LåGñÂÑ Çøl2ë$- (`Pn`Mega`Adnan)
[00:08:52.30] ••• -LåGñÂÑ Çøl2ë$- (`Pn`Mega`Adnan) starts turn
[00:09:11.16] ••• -LåGñÂÑ Çøl2ë$- (`Pn`Mega`Adnan) fires Select Worm
[00:09:22.88] ••• -LåGñÂÑ Çøl2ë$- (`Pn`Mega`Adnan) fires Ninja Rope
[00:09:23.56] ••• -LåGñÂÑ Çøl2ë$- (`Pn`Mega`Adnan) fires Ninja Rope
[00:09:41.90] ••• -LåGñÂÑ Çøl2ë$- (`Pn`Mega`Adnan) fires Shotgun
[00:09:51.50] ••• -LåGñÂÑ Çøl2ë$- (`Pn`Mega`Adnan) fires Shotgun
[00:09:55.66] ••• -LåGñÂÑ Çøl2ë$- (`Pn`Mega`Adnan) ends turn; time used: 44.52 sec turn, 3.00 sec retreat
[00:10:02.96] ••• Damage dealt: 9 (1 kill) to algunos (NNNxDario)
[00:10:02.96] ••• algunos (NNNxDario) starts turn
[00:10:09.66] ••• algunos (NNNxDario) fires Jet Pack
[00:10:18.56] ••• algunos (NNNxDario) used 24 units of Jet Pack fuel
[00:10:23.58] [NNNxDario] oof
[00:10:29.92] [`Pn`Mega`Adnan] owie
[00:10:35.32] ••• algunos (NNNxDario) fires Dynamite
[00:10:40.50] ••• algunos (NNNxDario) ends turn; time used: 25.14 sec turn, 5.00 sec retreat
[00:10:48.42] [`Pn`Mega`Adnan] goooal
[00:10:50.46] ••• Damage dealt: 100 (1 kill) to -LåGñÂÑ Çøl2ë$- (`Pn`Mega`Adnan)
[00:10:50.46] ••• -LåGñÂÑ Çøl2ë$- (`Pn`Mega`Adnan) starts turn
[00:11:15.66] ••• -LåGñÂÑ Çøl2ë$- (`Pn`Mega`Adnan) fires Air Strike
[00:11:19.14] ••• -LåGñÂÑ Çøl2ë$- (`Pn`Mega`Adnan) ends turn; time used: 20.20 sec turn, 3.00 sec retreat
[00:11:22.12] [NNNxDario] ouch
[00:11:28.78] [`Pn`Mega`Adnan] :D
[00:11:32.64] ••• Damage dealt: 63 (1 kill) to algunos (NNNxDario)
[00:11:32.64] ••• algunos (NNNxDario) starts turn
[00:12:06.12] ••• algunos (NNNxDario) fires Parachute
[00:12:18.16] ••• algunos (NNNxDario) fires Grenade (5 sec, min bounce)
[00:12:23.32] ••• algunos (NNNxDario) loses turn due to loss of control; time used: 41.20 sec turn, 3.00 sec retreat
[00:12:32.98] ••• Damage dealt: 7 to algunos (NNNxDario), 41 (1 kill) to -LåGñÂÑ Çøl2ë$- (`Pn`Mega`Adnan)
[00:12:32.98] ••• -LåGñÂÑ Çøl2ë$- (`Pn`Mega`Adnan) starts turn
[00:13:19.68] ••• -LåGñÂÑ Çøl2ë$- (`Pn`Mega`Adnan) fires Girder
[00:13:22.76] ••• -LåGñÂÑ Çøl2ë$- (`Pn`Mega`Adnan) ends turn; time used: 41.70 sec turn, 3.00 sec retreat
[00:13:24.78] ••• algunos (NNNxDario) starts turn
[00:13:28.90] ••• algunos (NNNxDario) fires Air Strike
[00:13:32.38] ••• algunos (NNNxDario) ends turn; time used: 1.28 sec turn, 3.00 sec retreat
[00:13:33.84] [NNNxDario] die
[00:13:39.50] [`Pn`Mega`Adnan] ded
[00:13:44.84] [NNNxDario] gj
[00:13:45.98] ••• Damage dealt: 19 (1 kill) to -LåGñÂÑ Çøl2ë$- (`Pn`Mega`Adnan)
[00:13:45.98] ••• -LåGñÂÑ Çøl2ë$- (`Pn`Mega`Adnan) starts turn
[00:14:08.44] ••• -LåGñÂÑ Çøl2ë$- (`Pn`Mega`Adnan) fires Jet Pack
[00:14:15.76] ••• -LåGñÂÑ Çøl2ë$- (`Pn`Mega`Adnan) used 30 units of Jet Pack fuel
[00:14:19.22] ••• -LåGñÂÑ Çøl2ë$- (`Pn`Mega`Adnan) fires Ninja Rope
[00:14:35.34] ••• -LåGñÂÑ Çøl2ë$- (`Pn`Mega`Adnan) fires Sheep
[00:14:55.34] ••• -LåGñÂÑ Çøl2ë$- (`Pn`Mega`Adnan) ends turn; time used: 43.82 sec turn, 3.00 sec retreat
[00:14:55.58] [`Pn`Mega`Adnan] fail
[00:14:59.36] ••• algunos (NNNxDario) starts turn
[00:15:03.32] ••• algunos (NNNxDario) fires Napalm Strike
[00:15:06.80] ••• algunos (NNNxDario) ends turn; time used: 1.36 sec turn, 3.00 sec retreat
[00:15:16.54] ••• Damage dealt: 58 to -LåGñÂÑ Çøl2ë$- (`Pn`Mega`Adnan)
[00:15:16.54] ••• -LåGñÂÑ Çøl2ë$- (`Pn`Mega`Adnan) starts turn
[00:15:48.86] ••• -LåGñÂÑ Çøl2ë$- (`Pn`Mega`Adnan) fires Petrol Bomb
[00:15:53.56] ••• -LåGñÂÑ Çøl2ë$- (`Pn`Mega`Adnan) ends turn; time used: 27.32 sec turn, 3.00 sec retreat
[00:15:57.98] ••• Damage dealt: 8 to algunos (NNNxDario)
[00:15:57.98] ••• algunos (NNNxDario) starts turn
[00:16:13.04] [NNNxDario] dont push me plz
[00:16:18.62] ••• algunos (NNNxDario) fires Shotgun
[00:16:20.54] [`Pn`Mega`Adnan] ok
[00:16:25.94] ••• algunos (NNNxDario) fires Shotgun
[00:16:30.10] ••• algunos (NNNxDario) ends turn; time used: 16.86 sec turn, 3.00 sec retreat
[00:16:30.28] [`Pn`Mega`Adnan] :)
[00:16:34.72] [NNNxDario] ty
[00:16:40.72] ••• Damage dealt: 6 to algunos (NNNxDario), 61 (1 kill) to -LåGñÂÑ Çøl2ë$- (`Pn`Mega`Adnan)
[00:16:40.72] ••• -LåGñÂÑ Çøl2ë$- (`Pn`Mega`Adnan) starts turn
[00:17:01.18] ••• -LåGñÂÑ Çøl2ë$- (`Pn`Mega`Adnan) uses Parachute
[00:17:21.30] ••• -LåGñÂÑ Çøl2ë$- (`Pn`Mega`Adnan) fires Petrol Bomb
[00:17:21.74] ••• -LåGñÂÑ Çøl2ë$- (`Pn`Mega`Adnan) loses turn due to loss of control; time used: 35.58 sec turn, 0.00 sec retreat
[00:17:29.22] [`Pn`Mega`Adnan] well
[00:17:30.68] ••• Damage dealt: 56 to algunos (NNNxDario), 1 to -LåGñÂÑ Çøl2ë$- (`Pn`Mega`Adnan)
[00:17:30.68] ••• algunos (NNNxDario) starts turn
[00:17:48.34] ••• algunos (NNNxDario) fires Grenade (1 sec, min bounce)
[00:17:49.98] ••• algunos (NNNxDario) loses turn due to loss of control; time used: 15.82 sec turn, 0.86 sec retreat
[00:17:54.20] [NNNxDario] wops
[00:17:57.58] ••• Damage dealt: 5 (1 kill) to algunos (NNNxDario), 1 to -LåGñÂÑ Çøl2ë$- (`Pn`Mega`Adnan)
[00:17:57.58] ••• -LåGñÂÑ Çøl2ë$- (`Pn`Mega`Adnan) starts turn
[00:17:57.60] [`Pn`Mega`Adnan] owch
[00:18:12.64] ••• -LåGñÂÑ Çøl2ë$- (`Pn`Mega`Adnan) fires Ninja Rope
[00:18:14.42] ••• -LåGñÂÑ Çøl2ë$- (`Pn`Mega`Adnan) fires Ninja Rope
[00:18:15.36] ••• -LåGñÂÑ Çøl2ë$- (`Pn`Mega`Adnan) fires Ninja Rope
[00:18:16.08] ••• -LåGñÂÑ Çøl2ë$- (`Pn`Mega`Adnan) fires Ninja Rope
[00:18:16.68] ••• -LåGñÂÑ Çøl2ë$- (`Pn`Mega`Adnan) fires Ninja Rope
[00:18:47.90] ••• -LåGñÂÑ Çøl2ë$- (`Pn`Mega`Adnan) fires Bazooka
[00:18:52.36] ••• -LåGñÂÑ Çøl2ë$- (`Pn`Mega`Adnan) ends turn; time used: 43.72 sec turn, 3.00 sec retreat
[00:18:53.98] [NNNxDario] funny slide
[00:18:55.14] ••• Damage dealt: 49 to algunos (NNNxDario)
[00:18:55.14] ••• algunos (NNNxDario) starts turn
[00:18:56.54] ••• algunos (NNNxDario) fires Select Worm
[00:18:59.50] [`Pn`Mega`Adnan] yes
[00:19:02.56] ••• algunos (NNNxDario) fires Kamikaze
[00:19:03.90] ••• algunos (NNNxDario) loses turn due to loss of control; time used: 6.22 sec turn, 0.00 sec retreat
[00:19:10.96] [`Pn`Mega`Adnan] gg
[00:19:13.34] [NNNxDario] gg
[00:19:18.90] ••• Damage dealt: 20 (1 kill) to algunos (NNNxDario), 22 (1 kill) to -LåGñÂÑ Çøl2ë$- (`Pn`Mega`Adnan)
[00:19:18.92] ••• Game Ends - Round Finished
[00:19:18.92] *** Round Finish acknowledged by NNNxDario
[00:19:21.32] *** Round Finish acknowledged by xPoDxSilaneo
[00:19:22.74] *** Round Finish acknowledged by `Pn`Mega`Adnan

Team time totals:
algunos (NNNxDario):              Turn: 00:03:52.24, Retreat: 00:00:29.88, Total: 00:04:22.12, Turn count: 12
-LåGñÂÑ Çøl2ë$- (`Pn`Mega`Adnan): Turn: 00:07:36.32, Retreat: 00:00:34.40, Total: 00:08:10.72, Turn count: 12

Total Jet Pack fuel used: 54

End of round 1

Round time: 0:19:18
Total game time elapsed: 0:19:18

algunos wins the round.

Worm of the round: hÃrÐçØl2Ê i7 (-LåGñÂÑ Çøl2ë$-)
Most damage with one shot: 170 - hÃrÐçØl2Ê i7 (-LåGñÂÑ Çøl2ë$-)
