Game ID: "12311020"
Game Started at 2021-02-08 12:42:48 GMT
Game Engine Version: 3.8
File Format Version: 3.7.3.0 - 3.8.1
Exported with Version: 3.8.1 (Steam)

Red:  "NNNxDario"    as "algunos" [Local Player] [Host]
Blue: "MIGHTY`taner" as "asn"

[00:00:00.00] ••• algunos (NNNxDario) starts turn
[00:00:16.54] [MIGHTY`taner] go bitch
[00:00:31.22] ••• algunos (NNNxDario) fires Sheep
[00:00:35.52] ••• algunos (NNNxDario) ends turn; time used: 26.22 sec turn, 3.00 sec retreat
[00:00:40.26] ••• Damage dealt: 38 to asn (MIGHTY`taner)
[00:00:40.26] ••• asn (MIGHTY`taner) starts turn
[00:00:43.24] ••• asn (MIGHTY`taner) fires Ninja Rope
[00:00:48.94] ••• asn (MIGHTY`taner) uses Parachute
[00:01:00.98] ••• asn (MIGHTY`taner) fires Ninja Rope
[00:01:02.56] ••• asn (MIGHTY`taner) fires Dynamite
[00:01:07.58] ••• asn (MIGHTY`taner) ends turn; time used: 19.20 sec turn, 5.00 sec retreat
[00:01:16.94] ••• Damage dealt: 217 to algunos (NNNxDario)
[00:01:16.94] ••• algunos (NNNxDario) starts turn
[00:01:20.78] ••• algunos (NNNxDario) fires Select Worm
[00:01:36.46] ••• algunos (NNNxDario) fires Select Worm
[00:01:40.10] ••• algunos (NNNxDario) fires Ninja Rope
[00:01:59.62] ••• algunos (NNNxDario) fires Bazooka
[00:02:04.22] ••• algunos (NNNxDario) ends turn; time used: 42.34 sec turn, 3.00 sec retreat
[00:02:13.58] ••• Damage dealt: 3 to algunos (NNNxDario), 125 (1 kill) to asn (MIGHTY`taner)
[00:02:13.58] ••• asn (MIGHTY`taner) starts turn
[00:02:27.08] ••• asn (MIGHTY`taner) fires Select Worm
[00:02:32.18] ••• asn (MIGHTY`taner) fires Ninja Rope
[00:02:36.22] ••• asn (MIGHTY`taner) uses Parachute
[00:02:47.64] ••• asn (MIGHTY`taner) fires Mad Cow (herd of 2)
[00:02:48.62] ••• asn (MIGHTY`taner) loses turn due to loss of control; time used: 26.34 sec turn, 0.00 sec retreat
[00:03:14.48] ••• Damage dealt: 244 (4 kills) to algunos (NNNxDario), 7 to asn (MIGHTY`taner)
[00:03:14.48] ••• algunos (NNNxDario) starts turn
[00:03:22.46] ••• algunos (NNNxDario) fires Ninja Rope
[00:03:33.44] ••• algunos (NNNxDario) uses Parachute
[00:03:40.90] ••• algunos (NNNxDario) fires Shotgun
[00:04:05.80] ••• algunos (NNNxDario) fires Shotgun
[00:04:09.96] ••• algunos (NNNxDario) ends turn; time used: 41.56 sec turn, 3.00 sec retreat
[00:04:15.58] ••• Damage dealt: 151 (2 kills) to asn (MIGHTY`taner)
[00:04:15.58] ••• asn (MIGHTY`taner) starts turn
[00:04:35.10] ••• asn (MIGHTY`taner) fires Mine
[00:04:40.28] ••• asn (MIGHTY`taner) ends turn; time used: 16.84 sec turn, 5.00 sec retreat
[00:04:48.78] ••• Damage dealt: 32 to algunos (NNNxDario)
[00:04:48.78] ••• algunos (NNNxDario) starts turn
[00:05:09.02] ••• algunos (NNNxDario) fires Jet Pack
[00:05:13.00] ••• algunos (NNNxDario) fires Grenade (5 sec, min bounce)
[00:05:17.82] ••• algunos (NNNxDario) used 30 (10) units of Jet Pack fuel
[00:05:18.02] ••• algunos (NNNxDario) ends turn; time used: 18.80 sec turn, 5.00 sec retreat
[00:05:25.26] ••• Damage dealt: 70 (1 kill) to asn (MIGHTY`taner)
[00:05:25.26] ••• asn (MIGHTY`taner) starts turn
[00:05:36.90] ••• asn (MIGHTY`taner) fires Shotgun
[00:05:49.84] ••• asn (MIGHTY`taner) fires Shotgun
[00:05:54.00] ••• asn (MIGHTY`taner) ends turn; time used: 11.80 sec turn, 3.00 sec retreat
[00:05:59.62] ••• Damage dealt: 44 (1 kill) to algunos (NNNxDario)
[00:05:59.62] ••• algunos (NNNxDario) starts turn
[00:06:14.76] ••• algunos (NNNxDario) fires Cluster Bomb (3 sec, min bounce)
[00:06:18.00] ••• algunos (NNNxDario) ends turn; time used: 15.12 sec turn, 3.00 sec retreat
[00:06:23.62] ••• Damage dealt: 62 to asn (MIGHTY`taner)
[00:06:23.62] ••• asn (MIGHTY`taner) starts turn
[00:06:57.58] ••• asn (MIGHTY`taner) fires Shotgun
[00:07:07.06] ••• asn (MIGHTY`taner) fires Shotgun
[00:07:11.22] ••• asn (MIGHTY`taner) ends turn; time used: 32.02 sec turn, 3.00 sec retreat
[00:07:19.24] ••• Damage dealt: 58 (1 kill) to algunos (NNNxDario)
[00:07:19.24] ••• algunos (NNNxDario) starts turn
[00:07:23.50] ••• algunos (NNNxDario) fires Ninja Rope
[00:07:34.84] ••• algunos (NNNxDario) fires Shotgun
[00:07:49.10] ••• algunos (NNNxDario) fires Shotgun
[00:07:53.26] ••• algunos (NNNxDario) ends turn; time used: 22.30 sec turn, 3.00 sec retreat
[00:07:58.88] ••• Damage dealt: 115 (1 kill) to asn (MIGHTY`taner)
[00:07:58.88] ••• asn (MIGHTY`taner) starts turn
[00:08:11.70] ••• asn (MIGHTY`taner) fires Select Worm
[00:08:18.40] ••• asn (MIGHTY`taner) fires Ninja Rope
[00:08:24.64] ••• asn (MIGHTY`taner) loses turn due to loss of control; time used: 20.62 sec turn, 0.00 sec retreat
[00:08:25.34] [MIGHTY`taner] fuck
[00:08:29.80] ••• Damage dealt: 1 to algunos (NNNxDario), 1 to asn (MIGHTY`taner)
[00:08:29.80] ••• algunos (NNNxDario) starts turn
[00:08:50.26] ••• algunos (NNNxDario) fires Teleport
[00:08:50.68] ••• resetting Jet Pack fuel use to 0
[00:08:52.74] ••• algunos (NNNxDario) ends turn; time used: 15.46 sec turn, 0.02 sec retreat
[00:08:53.44] ••• asn (MIGHTY`taner) starts turn
[00:08:55.34] ••• asn (MIGHTY`taner) fires Select Worm
[00:09:01.44] ••• asn (MIGHTY`taner) fires Ninja Rope
[00:09:05.46] ••• asn (MIGHTY`taner) fires Sheep
[00:09:09.82] ••• asn (MIGHTY`taner) loses turn due to loss of control; time used: 9.98 sec turn, 4.34 sec retreat
[00:09:15.28] ••• Damage dealt: 62 to algunos (NNNxDario), 14 to asn (MIGHTY`taner)
[00:09:15.28] ••• algunos (NNNxDario) starts turn
[00:09:22.10] ••• algunos (NNNxDario) fires Ninja Rope
[00:09:23.20] ••• algunos (NNNxDario) fires Ninja Rope
[00:09:40.84] ••• algunos (NNNxDario) fires Longbow
[00:09:50.56] ••• algunos (NNNxDario) fires Longbow
[00:09:53.64] ••• algunos (NNNxDario) ends turn; time used: 25.06 sec turn, 3.00 sec retreat
[00:09:58.86] ••• Damage dealt: 72 (1 kill) to asn (MIGHTY`taner)
[00:09:58.86] ••• asn (MIGHTY`taner) starts turn
[00:10:13.84] ••• asn (MIGHTY`taner) fires Jet Pack
[00:10:19.40] ••• asn (MIGHTY`taner) used 30 units of Jet Pack fuel
[00:10:38.50] ••• asn (MIGHTY`taner) fires Bazooka
[00:10:43.10] ••• asn (MIGHTY`taner) ends turn; time used: 35.66 sec turn, 3.00 sec retreat
[00:10:54.00] ••• Damage dealt: 32 (1 kill) to algunos (NNNxDario)
[00:10:54.00] ••• algunos (NNNxDario) starts turn
[00:10:59.80] ••• algunos (NNNxDario) fires Ninja Rope
[00:11:14.94] ••• algunos (NNNxDario) fires Low Gravity
[00:11:16.82] [MIGHTY`taner] why not knock him down?
[00:11:17.16] ••• algunos (NNNxDario) fires Shotgun
[00:11:22.98] [NNNxDario] no need
[00:11:38.98] ••• algunos (NNNxDario) fires Shotgun
[00:11:42.04] ••• algunos (NNNxDario) ends turn; time used: 31.34 sec turn, 1.92 sec retreat
[00:11:50.48] [NNNxDario] also no way back up and I suck with perfect knocks
[00:11:56.82] ••• Damage dealt: 65 (2 kills) to asn (MIGHTY`taner)
[00:11:56.84] ••• Game Ends - Round Finished
[00:11:56.84] *** Round Finish acknowledged by NNNxDario
[00:11:59.28] *** Round Finish acknowledged by MIGHTY`taner

Team time totals:
algunos (NNNxDario): Turn: 00:03:58.20, Retreat: 00:00:24.94, Total: 00:04:23.14, Turn count: 9
asn (MIGHTY`taner):  Turn: 00:02:52.46, Retreat: 00:00:23.34, Total: 00:03:15.80, Turn count: 8

Total Jet Pack fuel used: 30

End of round 1

Round time: 0:11:56
Total game time elapsed: 0:11:56

algunos wins the round.

Worm of the round: alguien (algunos)
Most kills with one shot: 3 - a? (asn)
Most damage with one shot: 215 - a? (asn)
