Game ID: "12314145"
Game Started at 2021-02-09 15:59:28 GMT
Game Engine Version: 3.8.1
File Format Version: 3.7.3.0 - 3.8.1
Exported with Version: 3.8.1 (Steam)

Red:  "Veals" as "Veals" [Local Player] [Host]
Blue: "Sedoy" as "1-UP"

[00:00:00.00] ••• Veals (Veals) starts turn
[00:00:04.22] [Veals] ec?? ????pae??
[00:00:07.90] [Veals] ?o ?axo?? c??a
[00:00:09.40] [Veals] https://sites.google.com/view/90-normal-mini-league/home
[00:00:12.76] [Sedoy] jrc
[00:00:16.36] [Veals] ?o?o? e?ë a?pec c???y ? ?o???
[00:00:18.50] [Sedoy] oks
[00:00:25.78] [Veals] pe?oc??e??
[00:00:45.80] ••• Veals (Veals) fires Bazooka
[00:00:50.40] ••• Veals (Veals) ends turn; time used: 40.80 sec turn, 3.00 sec retreat
[00:00:54.82] ••• Damage dealt: 39 to 1-UP (Sedoy)
[00:00:54.82] ••• 1-UP (Sedoy) starts turn
[00:01:12.60] ••• 1-UP (Sedoy) fires Fire Punch
[00:01:17.10] ••• 1-UP (Sedoy) ends turn; time used: 12.78 sec turn, 3.00 sec retreat
[00:01:23.86] ••• Damage dealt: 65 to Veals (Veals)
[00:01:23.86] ••• Veals (Veals) starts turn
[00:01:28.16] ••• Veals (Veals) fires Select Worm
[00:01:37.76] ••• Veals (Veals) fires Ninja Rope
[00:01:52.24] ••• Veals (Veals) fires Low Gravity
[00:01:55.20] ••• Veals (Veals) fires Baseball Bat
[00:01:58.78] ••• Veals (Veals) ends turn; time used: 30.02 sec turn, 3.00 sec retreat
[00:02:06.26] ••• Damage dealt: 90 (1 kill) to 1-UP (Sedoy)
[00:02:06.26] ••• 1-UP (Sedoy) starts turn
[00:02:12.10] ••• 1-UP (Sedoy) fires Select Worm
[00:02:25.66] ••• 1-UP (Sedoy) fires Ninja Rope
[00:02:26.60] ••• 1-UP (Sedoy) fires Ninja Rope
[00:02:38.24] ••• 1-UP (Sedoy) fires Low Gravity
[00:02:44.52] ••• 1-UP (Sedoy) fires Baseball Bat
[00:02:48.10] ••• 1-UP (Sedoy) ends turn; time used: 32.48 sec turn, 3.00 sec retreat
[00:02:54.84] ••• Damage dealt: 90 (1 kill) to Veals (Veals)
[00:02:54.84] ••• Veals (Veals) starts turn
[00:02:59.24] ••• Veals (Veals) fires Ninja Rope
[00:03:12.36] ••• Veals (Veals) fires Dynamite
[00:03:15.58] ••• Veals (Veals) loses turn due to loss of control; time used: 15.30 sec turn, 3.04 sec retreat
[00:03:25.84] ••• Damage dealt: 2 to Veals (Veals), 90 (1 kill) to 1-UP (Sedoy)
[00:03:25.84] ••• 1-UP (Sedoy) starts turn
[00:03:48.52] [Veals] 2 pay??a ?o?a
[00:03:55.34] ••• 1-UP (Sedoy) fires Sheep
[00:03:57.34] ••• 1-UP (Sedoy) loses turn due to loss of control; time used: 27.66 sec turn, 1.82 sec retreat
[00:04:09.80] ••• Damage dealt: 68 to Veals (Veals), 4 to 1-UP (Sedoy)
[00:04:09.80] ••• Veals (Veals) starts turn
[00:04:13.30] [Sedoy] .. o????a
[00:04:19.76] ••• Veals (Veals) fires Select Worm
[00:04:39.50] ••• Veals (Veals) fires Ninja Rope
[00:04:56.38] ••• Veals (Veals) fires Shotgun
[00:05:02.06] ••• Veals (Veals) fires Shotgun
[00:05:06.22] ••• Veals (Veals) ends turn; time used: 41.68 sec turn, 3.00 sec retreat
[00:05:10.64] ••• Damage dealt: 97 to 1-UP (Sedoy)
[00:05:10.64] ••• 1-UP (Sedoy) starts turn
[00:05:22.74] ••• 1-UP (Sedoy) fires Ninja Rope
[00:05:23.92] ••• 1-UP (Sedoy) fires Ninja Rope
[00:05:32.06] [Veals] ?oo??e, ?o??o ?po?e ?? ? ?o o??o? ?o?e??, ?o ?o??o ? ?o ??yx
[00:05:38.80] [Veals] ca? ?o ??po? pa? ??pa? ? ??y cxe?y
[00:05:39.10] ••• 1-UP (Sedoy) fires Ninja Rope
[00:05:40.88] ••• 1-UP (Sedoy) fires Ninja Rope
[00:05:51.84] ••• 1-UP (Sedoy) fires Flame Thrower
[00:05:59.32] ••• 1-UP (Sedoy) ends turn; time used: 35.70 sec turn, 3.00 sec retreat
[00:06:04.36] [Veals] ?oec
[00:06:10.68] ••• Damage dealt: 90 (1 kill) to Veals (Veals), 6 to 1-UP (Sedoy)
[00:06:10.68] ••• Veals (Veals) starts turn
[00:06:14.36] [Sedoy] a ??o ?a ????a ?oo??e?
[00:06:23.42] [Sedoy] ? ?e? c?o???? ??o? a?pec ?e ?o?y
[00:06:26.86] [Sedoy] c?o??po?a??
[00:06:33.54] [Veals] ? ?a?o?y ? ?o???
[00:06:37.66] [Veals] ?oc?e ??o? ??p?
[00:06:42.04] [Sedoy] ?
[00:06:47.72] ••• Veals (Veals) fires Mad Cow (herd of 2)
[00:06:48.64] ••• Veals (Veals) loses turn due to loss of control; time used: 36.12 sec turn, 0.00 sec retreat
[00:07:03.72] ••• Damage dealt: 17 to Veals (Veals), 180 (2 kills) to 1-UP (Sedoy)
[00:07:03.72] ••• 1-UP (Sedoy) starts turn
[00:07:04.22] [Veals] ????a - ??pae?? c ????? ? ?oc????
[00:07:08.64] [Veals] ?a???ae?? pe?????
[00:07:11.98] [Veals] ? ?a? ?o???
[00:07:13.94] ••• 1-UP (Sedoy) fires Ninja Rope
[00:07:17.62] [Veals] ?e? pe??c?pa???
[00:07:35.16] ••• 1-UP (Sedoy) fires Ninja Rope
[00:07:37.70] ••• 1-UP (Sedoy) fires Ninja Rope
[00:07:40.90] ••• 1-UP (Sedoy) fires Ninja Rope
[00:07:43.40] ••• 1-UP (Sedoy) fires Ninja Rope
[00:07:46.78] ••• 1-UP (Sedoy) fires Dynamite
[00:07:51.80] ••• 1-UP (Sedoy) ends turn; time used: 40.88 sec turn, 5.00 sec retreat
[00:07:58.82] ••• Damage dealt: 75 to Veals (Veals)
[00:07:58.82] ••• Veals (Veals) starts turn
[00:08:15.52] [Sedoy] ?p????
[00:08:16.40] ••• Veals (Veals) fires Ninja Rope
[00:08:24.50] ••• Veals (Veals) uses Parachute
[00:08:25.54] ••• Veals (Veals) loses turn due to loss of control; time used: 21.52 sec turn, 0.00 sec retreat
[00:08:27.46] [Veals] xd
[00:08:30.56] [Sedoy] ))
[00:08:32.04] ••• Damage dealt: 22 (1 kill) to Veals (Veals), 47 (1 kill) to 1-UP (Sedoy)
[00:08:32.04] ••• 1-UP (Sedoy) starts turn
[00:08:44.00] ••• 1-UP (Sedoy) fires Ninja Rope
[00:09:01.30] ••• 1-UP (Sedoy) fires Mine
[00:09:06.32] ••• 1-UP (Sedoy) ends turn; time used: 28.68 sec turn, 5.00 sec retreat
[00:09:19.22] ••• Damage dealt: 60 (1 kill) to Veals (Veals)
[00:09:19.22] ••• Veals (Veals) starts turn
[00:09:26.52] ••• Veals (Veals) fires Air Strike
[00:09:30.00] ••• Veals (Veals) ends turn; time used: 3.10 sec turn, 3.00 sec retreat
[00:09:43.58] ••• Damage dealt: 37 to Veals (Veals), 76 to 1-UP (Sedoy)
[00:09:43.58] ••• 1-UP (Sedoy) starts turn
[00:09:59.50] ••• 1-UP (Sedoy) fires Select Worm
[00:10:07.66] ••• 1-UP (Sedoy) uses Bungee
[00:10:25.76] ••• 1-UP (Sedoy) fires Bazooka
[00:10:30.36] ••• 1-UP (Sedoy) ends turn; time used: 40.60 sec turn, 3.00 sec retreat
[00:10:30.38] [Sedoy] ??cy
[00:10:31.40] [Sedoy] ??ac
[00:10:34.00] [Sedoy] ?c
[00:10:35.34] [Veals] ?op?)
[00:10:46.16] ••• Damage dealt: 51 (2 kills) to Veals (Veals)
[00:10:46.16] ••• Veals (Veals) starts turn
[00:11:01.72] ••• Veals (Veals) fires Homing Missile
[00:11:05.66] ••• Veals (Veals) ends turn; time used: 14.76 sec turn, 3.00 sec retreat
[00:11:09.56] ••• Damage dealt: 10 to Veals (Veals), 21 to 1-UP (Sedoy)
[00:11:09.56] ••• 1-UP (Sedoy) starts turn
[00:11:09.58] [Veals] ?e ?op?
[00:11:43.16] [Sedoy] y?e? ?? ? oc?o?o??o? ?o???o?a??c?
[00:11:53.66] ••• 1-UP (Sedoy) fires Petrol Bomb
[00:11:54.42] ••• 1-UP (Sedoy) loses turn due to loss of control; time used: 41.36 sec turn, 0.00 sec retreat
[00:11:56.98] [Veals] eë ?poc? ?o? ?ep? ?o???? ? ?ce
[00:12:03.06] ••• Damage dealt: 48 to Veals (Veals), 14 to 1-UP (Sedoy)
[00:12:03.06] ••• Veals (Veals) starts turn
[00:12:11.60] [Sedoy] ?a ?a? ?a? ?o ?o? ?ep?? ?a?o ?o?o???
[00:12:28.54] [Veals] ?o??a e?o ?o?a ?op???
[00:12:31.84] [Veals] ?yco? ?o??))
[00:12:34.46] [Veals] ?o ?o??a)
[00:12:36.56] ••• Veals (Veals) fires Shotgun
[00:12:43.28] ••• Veals (Veals) fires Shotgun
[00:12:47.44] ••• Veals (Veals) ends turn; time used: 34.20 sec turn, 3.00 sec retreat
[00:12:51.86] ••• Damage dealt: 17 to 1-UP (Sedoy)
[00:12:51.86] ••• 1-UP (Sedoy) starts turn
[00:13:03.76] ••• 1-UP (Sedoy) fires Jet Pack
[00:13:16.34] ••• 1-UP (Sedoy) fires Mine
[00:13:21.34] ••• 1-UP (Sedoy) used 30 (10) units of Jet Pack fuel
[00:13:21.36] ••• 1-UP (Sedoy) ends turn; time used: 22.56 sec turn, 5.00 sec retreat
[00:13:33.92] ••• Damage dealt: 5 (1 kill) to Veals (Veals)
[00:13:33.92] ••• Veals (Veals) starts turn
[00:13:47.10] ••• Veals (Veals) fires Shotgun
[00:14:09.92] ••• Veals (Veals) fires Shotgun
[00:14:14.08] ••• Veals (Veals) ends turn; time used: 23.16 sec turn, 3.00 sec retreat
[00:14:19.30] ••• Damage dealt: 23 (1 kill) to 1-UP (Sedoy)
[00:14:19.30] ••• 1-UP (Sedoy) starts turn
[00:14:26.56] [Sedoy] ooo?e?)
[00:14:30.94] [Sedoy] ?p????? ??a??
[00:14:41.00] ••• 1-UP (Sedoy) fires Select Worm
[00:14:56.70] ••• 1-UP (Sedoy) fires Air Strike
[00:15:00.18] ••• 1-UP (Sedoy) ends turn; time used: 32.34 sec turn, 3.00 sec retreat
[00:15:04.60] ••• Damage dealt: 5 to Veals (Veals)
[00:15:04.60] ••• Veals (Veals) starts turn
[00:15:18.36] ••• Veals (Veals) fires Napalm Strike
[00:15:21.84] ••• Veals (Veals) ends turn; time used: 8.76 sec turn, 3.00 sec retreat
[00:15:31.66] ••• 1-UP (Sedoy) starts turn
[00:15:55.96] ••• 1-UP (Sedoy) fires Grenade (3 sec, min bounce)
[00:16:00.44] ••• 1-UP (Sedoy) ends turn; time used: 21.80 sec turn, 3.00 sec retreat
[00:16:04.46] ••• Veals (Veals) starts turn
[00:16:21.36] ••• Veals (Veals) fires Jet Pack
[00:16:26.18] ••• Veals (Veals) used 25 units of Jet Pack fuel
[00:16:28.92] ••• Veals (Veals) fires Shotgun
[00:16:45.12] ••• Veals (Veals) fires Shotgun
[00:16:49.28] ••• Veals (Veals) ends turn; time used: 29.82 sec turn, 3.00 sec retreat
[00:16:54.50] ••• Damage dealt: 1 (1 kill) to 1-UP (Sedoy)
[00:16:54.50] ••• 1-UP (Sedoy) starts turn
[00:17:39.48] ••• 1-UP (Sedoy) fires Kamikaze
[00:17:40.84] ••• 1-UP (Sedoy) loses turn due to loss of control; time used: 44.18 sec turn, 0.00 sec retreat
[00:17:43.86] [Sedoy] ??
[00:17:45.94] [Veals] ??
[00:17:47.30] *** Round Finish acknowledged by Sedoy
[00:17:49.32] ••• Damage dealt: 4 to Veals (Veals), 15 (1 kill) to 1-UP (Sedoy)
[00:17:49.34] ••• Game Ends - Round Finished
[00:17:49.34] *** Round Finish acknowledged by Veals

Team time totals:
Veals (Veals): Turn: 00:04:59.24, Retreat: 00:00:30.04, Total: 00:05:29.28, Turn count: 12
1-UP (Sedoy):  Turn: 00:06:21.02, Retreat: 00:00:34.82, Total: 00:06:55.84, Turn count: 12

Total Jet Pack fuel used: 55

End of round 1

Round time: 0:17:49
Total game time elapsed: 0:17:49

Veals wins the round.

Worm of the round: Fly Swatter (1-UP)
Most kills with one shot: 2 - ?ep?? 8 (Veals)
Most damage with one shot: 197 - ?ep?? 8 (Veals)
