Game ID: "12324472"
Game Started at 2021-02-12 23:54:58 GMT
Game Engine Version: 3.8
File Format Version: 3.7.3.0 - 3.8.1
Exported with Version: 3.8.1 (Steam)

Red:  "NNNxDario" as "algunos" [Local Player] [Host]
Blue: "Seeba"     as "TheRiverPlate"

[00:00:00.00] [NNNxDario] seba sefue
[00:00:00.00] ••• algunos (NNNxDario) starts turn
[00:00:19.94] ••• algunos (NNNxDario) fires Select Worm
[00:00:23.74] ••• algunos (NNNxDario) fires Ninja Rope
[00:00:42.46] ••• algunos (NNNxDario) fires Baseball Bat
[00:00:46.04] ••• algunos (NNNxDario) ends turn; time used: 39.76 sec turn, 3.00 sec retreat
[00:00:50.78] ••• Damage dealt: 90 (1 kill) to TheRiverPlate (Seeba)
[00:00:50.78] ••• TheRiverPlate (Seeba) starts turn
[00:01:00.16] ••• TheRiverPlate (Seeba) fires Ninja Rope
[00:01:10.94] ••• TheRiverPlate (Seeba) fires Low Gravity
[00:01:14.90] ••• TheRiverPlate (Seeba) fires Longbow
[00:01:42.26] [NNNxDario] :p
[00:01:45.32] ••• TheRiverPlate (Seeba) fires Longbow
[00:01:48.40] ••• TheRiverPlate (Seeba) ends turn; time used: 43.48 sec turn, 3.00 sec retreat
[00:01:48.80] [Seeba] :s
[00:01:52.80] ••• Damage dealt: 115 (1 kill) to algunos (NNNxDario)
[00:01:52.80] ••• algunos (NNNxDario) starts turn
[00:02:03.34] ••• algunos (NNNxDario) fires Select Worm
[00:02:22.02] ••• algunos (NNNxDario) fires Ninja Rope
[00:02:41.42] ••• algunos (NNNxDario) fires Grenade (3 sec, min bounce)
[00:02:44.68] ••• algunos (NNNxDario) ends turn; time used: 43.36 sec turn, 3.00 sec retreat
[00:02:52.00] ••• Damage dealt: 1 to algunos (NNNxDario), 94 to TheRiverPlate (Seeba)
[00:02:52.00] ••• TheRiverPlate (Seeba) starts turn
[00:03:01.08] ••• TheRiverPlate (Seeba) fires Select Worm
[00:03:10.06] ••• TheRiverPlate (Seeba) fires Fire Punch
[00:03:14.86] ••• TheRiverPlate (Seeba) ends turn; time used: 17.32 sec turn, 3.00 sec retreat
[00:03:19.18] ••• Damage dealt: 65 (1 kill) to algunos (NNNxDario)
[00:03:19.18] ••• algunos (NNNxDario) starts turn
[00:03:29.96] ••• algunos (NNNxDario) fires Select Worm
[00:03:33.68] ••• algunos (NNNxDario) fires Ninja Rope
[00:03:47.32] ••• algunos (NNNxDario) fires Dynamite
[00:03:52.34] ••• algunos (NNNxDario) ends turn; time used: 27.48 sec turn, 5.00 sec retreat
[00:04:07.34] ••• Damage dealt: 131 (2 kills) to TheRiverPlate (Seeba)
[00:04:07.34] ••• TheRiverPlate (Seeba) starts turn
[00:04:07.36] [NNNxDario] el gusano gengar <3
[00:04:13.62] ••• TheRiverPlate (Seeba) fires Select Worm
[00:04:24.72] ••• TheRiverPlate (Seeba) fires Dynamite
[00:04:29.90] ••• TheRiverPlate (Seeba) ends turn; time used: 15.38 sec turn, 5.00 sec retreat
[00:04:39.90] ••• Damage dealt: 76 to algunos (NNNxDario)
[00:04:39.90] ••• algunos (NNNxDario) starts turn
[00:04:47.72] ••• algunos (NNNxDario) fires Skunk
[00:04:50.74] ••• algunos (NNNxDario) ends turn; time used: 6.74 sec turn, 3.00 sec retreat
[00:04:55.46] ••• Damage dealt: 29 to TheRiverPlate (Seeba)
[00:04:55.46] ••• TheRiverPlate (Seeba) starts turn
[00:05:01.42] ••• TheRiverPlate (Seeba) fires Select Worm
[00:05:10.36] ••• TheRiverPlate (Seeba) fires Shotgun
[00:05:33.32] ••• TheRiverPlate (Seeba) fires Shotgun
[00:05:37.48] ••• TheRiverPlate (Seeba) ends turn; time used: 26.90 sec turn, 3.00 sec retreat
[00:05:44.78] ••• Damage dealt: 44 (1 kill) to algunos (NNNxDario)
[00:05:44.78] ••• algunos (NNNxDario) starts turn
[00:05:51.08] ••• algunos (NNNxDario) fires Ninja Rope
[00:06:06.80] ••• algunos (NNNxDario) uses Bungee
[00:06:20.46] ••• algunos (NNNxDario) fires Uzi
[00:06:24.66] ••• algunos (NNNxDario) ends turn; time used: 35.66 sec turn, 3.00 sec retreat
[00:06:30.60] ••• Damage dealt: 90 (1 kill) to TheRiverPlate (Seeba)
[00:06:30.60] ••• TheRiverPlate (Seeba) starts turn
[00:06:41.98] ••• TheRiverPlate (Seeba) fires Jet Pack
[00:06:54.90] ••• TheRiverPlate (Seeba) fires Holy Hand-Grenade
[00:06:59.90] ••• TheRiverPlate (Seeba) used 30 (24) units of Jet Pack fuel
[00:06:59.92] ••• TheRiverPlate (Seeba) ends turn; time used: 22.86 sec turn, 5.00 sec retreat
[00:07:07.50] ••• Damage dealt: 106 to algunos (NNNxDario)
[00:07:07.50] ••• algunos (NNNxDario) starts turn
[00:07:27.66] ••• algunos (NNNxDario) fires Shotgun
[00:07:39.44] ••• algunos (NNNxDario) fires Shotgun
[00:07:43.60] ••• algunos (NNNxDario) ends turn; time used: 26.14 sec turn, 3.00 sec retreat
[00:07:49.70] ••• Damage dealt: 43 to TheRiverPlate (Seeba)
[00:07:49.70] ••• TheRiverPlate (Seeba) starts turn
[00:08:06.84] ••• TheRiverPlate (Seeba) fires Shotgun
[00:08:16.96] ••• TheRiverPlate (Seeba) fires Shotgun
[00:08:21.12] ••• TheRiverPlate (Seeba) ends turn; time used: 20.70 sec turn, 3.00 sec retreat
[00:08:27.22] ••• Damage dealt: 44 to algunos (NNNxDario)
[00:08:27.22] ••• algunos (NNNxDario) starts turn
[00:08:33.62] ••• algunos (NNNxDario) fires Ninja Rope
[00:09:07.64] ••• algunos (NNNxDario) fires Shotgun
[00:09:12.26] ••• algunos (NNNxDario) fires Shotgun
[00:09:16.42] ••• algunos (NNNxDario) ends turn; time used: 39.08 sec turn, 3.00 sec retreat
[00:09:31.32] ••• Damage dealt: 92 (2 kills) to TheRiverPlate (Seeba)
[00:09:31.32] ••• TheRiverPlate (Seeba) starts turn
[00:09:38.62] ••• TheRiverPlate (Seeba) fires Shotgun
[00:09:56.96] ••• TheRiverPlate (Seeba) fires Shotgun
[00:10:01.12] ••• TheRiverPlate (Seeba) ends turn; time used: 16.28 sec turn, 3.00 sec retreat
[00:10:08.42] ••• Damage dealt: 35 (1 kill) to algunos (NNNxDario)
[00:10:08.42] ••• algunos (NNNxDario) starts turn
[00:10:24.24] ••• algunos (NNNxDario) fires Low Gravity
[00:10:56.44] ••• algunos (NNNxDario) fires Mine
[00:11:01.62] ••• algunos (NNNxDario) ends turn; time used: 42.96 sec turn, 5.00 sec retreat
[00:11:10.64] ••• Damage dealt: 46 to TheRiverPlate (Seeba)
[00:11:10.64] ••• TheRiverPlate (Seeba) starts turn
[00:11:25.70] ••• TheRiverPlate (Seeba) fires Shotgun
[00:11:34.30] ••• TheRiverPlate (Seeba) fires Shotgun
[00:11:38.46] ••• TheRiverPlate (Seeba) ends turn; time used: 18.26 sec turn, 3.00 sec retreat
[00:11:49.50] ••• Damage dealt: 46 (1 kill) to algunos (NNNxDario)
[00:11:49.50] ••• algunos (NNNxDario) starts turn
[00:12:02.84] ••• algunos (NNNxDario) fires Teleport
[00:12:03.26] ••• resetting Jet Pack fuel use to 0
[00:12:05.32] ••• algunos (NNNxDario) ends turn; time used: 8.34 sec turn, 0.02 sec retreat
[00:12:09.42] ••• TheRiverPlate (Seeba) starts turn
[00:12:19.56] ••• TheRiverPlate (Seeba) fires Teleport
[00:12:22.04] ••• TheRiverPlate (Seeba) ends turn; time used: 9.20 sec turn, 0.02 sec retreat
[00:12:23.06] [NNNxDario] xD
[00:12:24.72] ••• algunos (NNNxDario) starts turn
[00:12:25.96] [Seeba] :s
[00:12:29.48] ••• algunos (NNNxDario) fires Shotgun
[00:12:30.98] [NNNxDario] ola
[00:12:50.04] ••• algunos (NNNxDario) fires Shotgun
[00:12:54.20] ••• algunos (NNNxDario) ends turn; time used: 22.86 sec turn, 3.00 sec retreat
[00:13:03.56] ••• Damage dealt: 6 (1 kill) to TheRiverPlate (Seeba)
[00:13:03.56] ••• TheRiverPlate (Seeba) starts turn
[00:13:08.02] ••• TheRiverPlate (Seeba) fires Air Strike
[00:13:11.62] ••• TheRiverPlate (Seeba) ends turn; time used: 2.64 sec turn, 3.00 sec retreat
[00:13:11.64] [Seeba] noo la cague jajaja
[00:13:13.34] [NNNxDario] cuack
[00:13:15.64] ••• algunos (NNNxDario) starts turn
[00:13:27.48] ••• algunos (NNNxDario) uses Parachute
[00:13:29.56] ••• algunos (NNNxDario) fires Jet Pack
[00:13:32.62] [Seeba] pinta matar al compañero jajaa
[00:13:33.72] ••• algunos (NNNxDario) used 14 units of Jet Pack fuel
[00:13:35.00] ••• algunos (NNNxDario) fires Sheep
[00:13:35.48] ••• algunos (NNNxDario) loses turn due to loss of control; time used: 18.60 sec turn, 0.30 sec retreat
[00:13:41.44] [Seeba] gg bro
[00:13:43.70] [NNNxDario] a la bosta todos
[00:13:44.58] [NNNxDario] :p
[00:13:45.52] [NNNxDario] gg
[00:13:57.74] [NNNxDario] así los trato, después se me vengan
[00:14:09.12] [Seeba] xd
[00:14:10.40] ••• Damage dealt: 123 (2 kills) to algunos (NNNxDario), 44 (1 kill) to TheRiverPlate (Seeba)
[00:14:10.42] ••• Game Ends - Round Finished
[00:14:10.42] *** Round Finish acknowledged by NNNxDario
[00:14:12.84] *** Round Finish acknowledged by Seeba

Team time totals:
algunos (NNNxDario):   Turn: 00:05:10.98, Retreat: 00:00:31.32, Total: 00:05:42.30, Turn count: 11
TheRiverPlate (Seeba): Turn: 00:03:13.02, Retreat: 00:00:31.02, Total: 00:03:44.04, Turn count: 10

Total Jet Pack fuel used: 14

End of round 1

Round time: 0:14:10
Total game time elapsed: 0:14:10

algunos wins the round.

Worm of the round: L.Pratto (TheRiverPlate)
Most damage with one shot: 165 - cómo (algunos)
