Game ID: "12337018"
Game Started at 2021-02-16 19:32:28 GMT
Game Engine Version: 3.8.1
File Format Version: 3.7.3.0 - 3.8.1
Exported with Version: 3.8.1 (Steam)

Red:  "NNNxDario" as "algunos" [Local Player] [Host]
Blue: "oneVSone"  as "Eikjueswaies"

[00:00:00.00] ••• Eikjueswaies (oneVSone) starts turn
[00:00:09.78] [NNNxDario] hf
[00:00:12.10] ••• Eikjueswaies (oneVSone) fires Select Worm
[00:00:23.36] ••• Eikjueswaies (oneVSone) fires Ninja Rope
[00:00:48.22] ••• Eikjueswaies (oneVSone) fires Mine
[00:00:53.40] ••• Eikjueswaies (oneVSone) ends turn; time used: 42.88 sec turn, 5.00 sec retreat
[00:01:04.72] ••• Damage dealt: 90 (1 kill) to algunos (NNNxDario)
[00:01:04.72] ••• algunos (NNNxDario) starts turn
[00:01:22.96] ••• algunos (NNNxDario) fires Select Worm
[00:01:37.50] ••• algunos (NNNxDario) fires Fire Punch
[00:01:42.30] ••• algunos (NNNxDario) ends turn; time used: 32.70 sec turn, 3.00 sec retreat
[00:01:47.92] ••• Damage dealt: 90 (1 kill) to Eikjueswaies (oneVSone)
[00:01:47.92] ••• Eikjueswaies (oneVSone) starts turn
[00:01:50.56] ••• Eikjueswaies (oneVSone) fires Low Gravity
[00:02:33.50] ••• Eikjueswaies (oneVSone) fires Baseball Bat
[00:02:37.08] ••• Eikjueswaies (oneVSone) ends turn; time used: 41.82 sec turn, 3.00 sec retreat
[00:02:43.42] ••• Damage dealt: 90 (1 kill) to algunos (NNNxDario)
[00:02:43.42] ••• algunos (NNNxDario) starts turn
[00:02:48.12] ••• algunos (NNNxDario) fires Select Worm
[00:02:52.84] ••• algunos (NNNxDario) fires Ninja Rope
[00:03:18.42] ••• algunos (NNNxDario) fires Grenade (5 sec, min bounce)
[00:03:23.66] ••• algunos (NNNxDario) ends turn; time used: 31.70 sec turn, 3.00 sec retreat
[00:03:40.98] ••• Damage dealt: 139 (1 kill) to Eikjueswaies (oneVSone)
[00:03:40.98] ••• Eikjueswaies (oneVSone) starts turn
[00:03:46.28] ••• Eikjueswaies (oneVSone) fires Ninja Rope
[00:04:19.18] ••• Eikjueswaies (oneVSone) fires Shotgun
[00:04:30.60] ••• Eikjueswaies (oneVSone) fires Shotgun
[00:04:34.76] ••• Eikjueswaies (oneVSone) ends turn; time used: 41.84 sec turn, 3.00 sec retreat
[00:04:39.40] ••• Damage dealt: 115 (1 kill) to algunos (NNNxDario)
[00:04:39.40] ••• algunos (NNNxDario) starts turn
[00:04:40.92] [oneVSone] hf
[00:04:46.40] ••• algunos (NNNxDario) fires Low Gravity
[00:05:01.40] ••• algunos (NNNxDario) fires Select Worm
[00:05:09.14] ••• algunos (NNNxDario) fires Dynamite
[00:05:14.18] ••• algunos (NNNxDario) loses turn due to loss of control; time used: 29.14 sec turn, 4.86 sec retreat
[00:05:24.72] ••• Damage dealt: 66 to algunos (NNNxDario), 90 (1 kill) to Eikjueswaies (oneVSone)
[00:05:24.72] ••• Eikjueswaies (oneVSone) starts turn
[00:05:42.76] ••• Eikjueswaies (oneVSone) fires Battle Axe
[00:05:47.66] ••• Eikjueswaies (oneVSone) ends turn; time used: 15.76 sec turn, 3.00 sec retreat
[00:05:52.08] ••• Damage dealt: 45 to algunos (NNNxDario)
[00:05:52.08] ••• algunos (NNNxDario) starts turn
[00:05:58.48] ••• algunos (NNNxDario) fires Petrol Bomb
[00:06:04.06] ••• algunos (NNNxDario) ends turn; time used: 5.62 sec turn, 3.00 sec retreat
[00:06:11.16] ••• Damage dealt: 60 to Eikjueswaies (oneVSone)
[00:06:11.16] ••• Eikjueswaies (oneVSone) starts turn
[00:06:28.86] ••• Eikjueswaies (oneVSone) fires Select Worm
[00:06:34.26] ••• Eikjueswaies (oneVSone) fires Ninja Rope
[00:06:52.22] ••• Eikjueswaies (oneVSone) fires Sheep
[00:06:55.24] ••• Eikjueswaies (oneVSone) ends turn; time used: 37.26 sec turn, 3.00 sec retreat
[00:07:07.14] ••• Damage dealt: 65 (1 kill) to algunos (NNNxDario)
[00:07:07.14] ••• algunos (NNNxDario) starts turn
[00:07:27.04] ••• algunos (NNNxDario) fires Homing Missile
[00:07:31.28] ••• algunos (NNNxDario) ends turn; time used: 19.44 sec turn, 3.00 sec retreat
[00:07:37.76] ••• Damage dealt: 90 (1 kill) to Eikjueswaies (oneVSone)
[00:07:37.76] ••• Eikjueswaies (oneVSone) starts turn
[00:07:56.64] ••• Eikjueswaies (oneVSone) fires Air Strike
[00:08:00.12] ••• Eikjueswaies (oneVSone) ends turn; time used: 15.14 sec turn, 3.00 sec retreat
[00:08:04.20] ••• Damage dealt: 80 to algunos (NNNxDario)
[00:08:04.20] ••• algunos (NNNxDario) starts turn
[00:08:17.68] ••• algunos (NNNxDario) fires Parachute
[00:08:34.40] ••• algunos (NNNxDario) fires Uzi
[00:08:38.60] ••• algunos (NNNxDario) ends turn; time used: 29.86 sec turn, 3.00 sec retreat
[00:08:47.98] ••• Damage dealt: 41 (1 kill) to Eikjueswaies (oneVSone)
[00:08:47.98] ••• Eikjueswaies (oneVSone) starts turn
[00:08:59.76] ••• Eikjueswaies (oneVSone) fires Ninja Rope
[00:09:26.68] ••• Eikjueswaies (oneVSone) fires Mad Cow (herd of 2)
[00:09:27.66] ••• Eikjueswaies (oneVSone) loses turn due to loss of control; time used: 34.28 sec turn, 0.00 sec retreat
[00:09:45.08] ••• Damage dealt: 90 (1 kill) to algunos (NNNxDario), 28 to Eikjueswaies (oneVSone)
[00:09:45.08] ••• algunos (NNNxDario) starts turn
[00:09:53.42] ••• algunos (NNNxDario) fires Sheep
[00:09:56.44] ••• algunos (NNNxDario) ends turn; time used: 8.06 sec turn, 3.00 sec retreat
[00:10:05.70] ••• Damage dealt: 62 (1 kill) to Eikjueswaies (oneVSone)
[00:10:05.70] ••• Eikjueswaies (oneVSone) starts turn
[00:10:16.70] ••• Eikjueswaies (oneVSone) fires Jet Pack
[00:10:22.32] ••• Eikjueswaies (oneVSone) used 30 units of Jet Pack fuel
[00:10:34.32] ••• Eikjueswaies (oneVSone) fires Shotgun
[00:10:48.62] ••• Eikjueswaies (oneVSone) fires Shotgun
[00:10:52.78] ••• Eikjueswaies (oneVSone) ends turn; time used: 34.58 sec turn, 3.00 sec retreat
[00:11:01.14] ••• Damage dealt: 24 (1 kill) to algunos (NNNxDario)
[00:11:01.14] ••• algunos (NNNxDario) starts turn
[00:11:42.82] ••• algunos (NNNxDario) fires Jet Pack
[00:11:44.40] ••• algunos (NNNxDario) fires Holy Hand-Grenade
[00:11:48.70] ••• algunos (NNNxDario) used 30 (3) units of Jet Pack fuel
[00:11:49.42] ••• algunos (NNNxDario) ends turn; time used: 41.66 sec turn, 5.00 sec retreat
[00:11:58.78] ••• Damage dealt: 78 (1 kill) to Eikjueswaies (oneVSone)
[00:11:58.78] ••• Eikjueswaies (oneVSone) starts turn
[00:11:58.80] [oneVSone] :
[00:11:58.80] [oneVSone] )
[00:11:58.80] [NNNxDario] :)
[00:12:28.56] ••• Eikjueswaies (oneVSone) fires Parachute
[00:12:44.56] ••• Eikjueswaies (oneVSone) fires Girder
[00:12:47.64] ••• Eikjueswaies (oneVSone) ends turn; time used: 40.78 sec turn, 3.00 sec retreat
[00:12:49.66] ••• algunos (NNNxDario) starts turn
[00:12:53.14] ••• algunos (NNNxDario) fires Ninja Rope
[00:13:21.32] ••• algunos (NNNxDario) fires Bazooka
[00:13:24.08] [oneVSone] gg
[00:13:24.80] ••• algunos (NNNxDario) ends turn; time used: 29.52 sec turn, 1.90 sec retreat
[00:13:26.46] [NNNxDario] gg
[00:13:38.38] [oneVSone] who upload?
[00:13:38.68] ••• Damage dealt: 42 (1 kill) to Eikjueswaies (oneVSone)
[00:13:38.70] ••• Game Ends - Round Finished
[00:13:38.70] *** Round Finish acknowledged by NNNxDario
[00:13:41.06] *** Round Finish acknowledged by oneVSone

Team time totals:
algunos (NNNxDario):     Turn: 00:03:47.70, Retreat: 00:00:29.76, Total: 00:04:17.46, Turn count: 9
Eikjueswaies (oneVSone): Turn: 00:05:04.34, Retreat: 00:00:26.00, Total: 00:05:30.34, Turn count: 9

Total Jet Pack fuel used: 60

End of round 1

Round time: 0:13:38
Total game time elapsed: 0:13:38

algunos wins the round.

Worm of the round: nunca (algunos)
Most damage with one shot: 156 - nunca (algunos)
