Game ID: "12322174"
Game Started at 2021-02-12 14:39:46 GMT
Game Engine Version: 3.8.1
File Format Version: 3.7.3.0 - 3.8.1
Exported with Version: 3.8.1 (Steam)

Red:  "Veals" as "Veals" [Local Player] [Host]
Blue: "Trade" as "Ap?ë?"

[00:00:00.00] ••• Ap?ë? (Trade) starts turn
[00:00:00.02] [Veals] hi
[00:00:09.86] [Veals] ec?? ????pae??, ?o ?oc?? c??a pe??e? - https://sites.google.com/view/90-normal-mini-league/home
[00:00:14.46] ••• Ap?ë? (Trade) fires Sheep
[00:00:14.56] [Veals] ?o?o? c???y ? ?o???
[00:00:17.64] ••• Ap?ë? (Trade) ends turn; time used: 9.46 sec turn, 3.00 sec retreat
[00:00:22.48] ••• Damage dealt: 64 to Veals (Veals)
[00:00:22.48] ••• Veals (Veals) starts turn
[00:00:33.80] ••• Veals (Veals) fires Select Worm
[00:00:41.36] ••• Veals (Veals) fires Ninja Rope
[00:00:50.56] [Veals] 2 pa?y?a
[00:00:56.34] ••• Veals (Veals) uses Bungee
[00:01:00.48] ••• Veals (Veals) fires Low Gravity
[00:01:02.44] ••• Veals (Veals) fires Baseball Bat
[00:01:06.02] ••• Veals (Veals) ends turn; time used: 34.54 sec turn, 3.00 sec retreat
[00:01:13.54] ••• Damage dealt: 90 (1 kill) to Ap?ë? (Trade)
[00:01:13.54] ••• Ap?ë? (Trade) starts turn
[00:01:25.42] ••• Ap?ë? (Trade) fires Select Worm
[00:01:40.54] ••• Ap?ë? (Trade) fires Dynamite
[00:01:45.58] ••• Ap?ë? (Trade) loses turn due to loss of control; time used: 21.94 sec turn, 4.86 sec retreat
[00:01:54.02] ••• Damage dealt: 26 (1 kill) to Veals (Veals), 90 (1 kill) to Ap?ë? (Trade)
[00:01:54.02] ••• Veals (Veals) starts turn
[00:02:04.44] ••• Veals (Veals) fires Shotgun
[00:02:28.78] ••• Veals (Veals) fires Shotgun
[00:02:32.94] ••• Veals (Veals) ends turn; time used: 26.24 sec turn, 3.00 sec retreat
[00:02:38.16] ••• Damage dealt: 90 (1 kill) to Ap?ë? (Trade)
[00:02:38.16] ••• Ap?ë? (Trade) starts turn
[00:02:48.88] ••• Ap?ë? (Trade) fires Ninja Rope
[00:03:03.48] ••• Ap?ë? (Trade) fires Baseball Bat
[00:03:07.06] ••• Ap?ë? (Trade) ends turn; time used: 20.12 sec turn, 3.00 sec retreat
[00:03:09.90] ••• Damage dealt: 35 to Veals (Veals)
[00:03:09.90] ••• Veals (Veals) starts turn
[00:03:18.62] ••• Veals (Veals) fires Bazooka
[00:03:23.22] ••• Veals (Veals) ends turn; time used: 5.36 sec turn, 3.00 sec retreat
[00:03:26.46] ••• Damage dealt: 39 to Ap?ë? (Trade)
[00:03:26.46] ••• Ap?ë? (Trade) starts turn
[00:04:01.80] ••• Ap?ë? (Trade) fires Teleport
[00:04:04.28] ••• Ap?ë? (Trade) ends turn; time used: 30.34 sec turn, 0.02 sec retreat
[00:04:06.30] ••• Veals (Veals) starts turn
[00:04:13.86] ••• Veals (Veals) fires Ninja Rope
[00:04:25.38] ••• Veals (Veals) fires Dynamite
[00:04:30.56] ••• Veals (Veals) ends turn; time used: 14.88 sec turn, 5.00 sec retreat
[00:04:37.58] ••• Damage dealt: 71 to Ap?ë? (Trade)
[00:04:37.58] ••• Ap?ë? (Trade) starts turn
[00:04:58.48] ••• Ap?ë? (Trade) fires Ninja Rope
[00:05:20.60] ••• Ap?ë? (Trade) fires Grenade (5 sec, min bounce)
[00:05:25.94] ••• Ap?ë? (Trade) ends turn; time used: 37.88 sec turn, 3.00 sec retreat
[00:05:34.80] ••• Damage dealt: 90 (1 kill) to Veals (Veals)
[00:05:34.80] ••• Veals (Veals) starts turn
[00:05:38.68] ••• Veals (Veals) fires Select Worm
[00:06:00.46] ••• Veals (Veals) fires Shotgun
[00:06:09.02] ••• Veals (Veals) fires Shotgun
[00:06:13.18] ••• Veals (Veals) ends turn; time used: 25.64 sec turn, 3.00 sec retreat
[00:06:17.60] ••• Damage dealt: 48 to Ap?ë? (Trade)
[00:06:17.60] ••• Ap?ë? (Trade) starts turn
[00:06:38.72] ••• Ap?ë? (Trade) fires Grenade (5 sec, min bounce)
[00:06:44.76] ••• Ap?ë? (Trade) ends turn; time used: 16.12 sec turn, 3.00 sec retreat
[00:06:49.68] ••• Damage dealt: 30 to Veals (Veals)
[00:06:49.68] ••• Veals (Veals) starts turn
[00:07:14.02] ••• Veals (Veals) fires Grenade (3 sec, min bounce)
[00:07:17.74] ••• Veals (Veals) ends turn; time used: 23.62 sec turn, 3.00 sec retreat
[00:07:22.28] ••• Damage dealt: 16 to Ap?ë? (Trade)
[00:07:22.28] ••• Ap?ë? (Trade) starts turn
[00:07:39.12] ••• Ap?ë? (Trade) fires Fire Punch
[00:07:43.92] ••• Ap?ë? (Trade) ends turn; time used: 14.98 sec turn, 3.00 sec retreat
[00:07:48.34] ••• Damage dealt: 30 to Veals (Veals)
[00:07:48.34] ••• Veals (Veals) starts turn
[00:08:06.16] ••• Veals (Veals) uses Bungee
[00:08:25.56] ••• Veals (Veals) fires Mine
[00:08:30.74] ••• Veals (Veals) ends turn; time used: 35.28 sec turn, 5.00 sec retreat
[00:08:38.36] ••• Damage dealt: 35 to Ap?ë? (Trade)
[00:08:38.36] ••• Ap?ë? (Trade) starts turn
[00:08:46.42] ••• Ap?ë? (Trade) loses turn due to loss of control; time used: 3.08 sec turn, 0.00 sec retreat
[00:08:51.04] ••• Damage dealt: 1 to Ap?ë? (Trade)
[00:08:51.04] ••• Veals (Veals) starts turn
[00:09:02.84] ••• Veals (Veals) fires Shotgun
[00:09:07.02] ••• Veals (Veals) fires Shotgun
[00:09:11.18] ••• Veals (Veals) ends turn; time used: 12.16 sec turn, 3.00 sec retreat
[00:09:20.54] ••• Damage dealt: 25 (1 kill) to Ap?ë? (Trade)
[00:09:20.54] ••• Ap?ë? (Trade) starts turn
[00:09:43.50] ••• Ap?ë? (Trade) fires Homing Missile
[00:09:47.56] ••• Ap?ë? (Trade) ends turn; time used: 17.96 sec turn, 3.00 sec retreat
[00:09:51.58] ••• Damage dealt: 45 to Veals (Veals)
[00:09:51.58] ••• Veals (Veals) starts turn
[00:09:59.34] ••• Veals (Veals) fires Grenade (4 sec, min bounce)
[00:10:03.98] ••• Veals (Veals) ends turn; time used: 3.04 sec turn, 3.00 sec retreat
[00:10:13.04] ••• Damage dealt: 19 (1 kill) to Ap?ë? (Trade)
[00:10:13.04] ••• Ap?ë? (Trade) starts turn
[00:10:27.16] ••• Ap?ë? (Trade) fires Grenade (3 sec, min bounce)
[00:10:30.96] ••• Ap?ë? (Trade) loses turn due to loss of control; time used: 10.78 sec turn, 2.86 sec retreat
[00:10:35.02] ••• Damage dealt: 15 to Ap?ë? (Trade)
[00:10:35.02] ••• Veals (Veals) starts turn
[00:10:47.26] [Trade] ?a)     ?O?
[00:10:51.92] [Trade] ?y ??o pea???o ?o? 
[00:11:01.72] ••• Veals (Veals) fires Bazooka
[00:11:06.32] ••• Veals (Veals) ends turn; time used: 26.00 sec turn, 3.00 sec retreat
[00:11:14.90] ••• Damage dealt: 36 (1 kill) to Ap?ë? (Trade)
[00:11:14.90] ••• Ap?ë? (Trade) starts turn
[00:11:26.74] ••• Ap?ë? (Trade) fires Shotgun
[00:11:28.84] ••• Ap?ë? (Trade) fires Shotgun
[00:11:33.00] ••• Ap?ë? (Trade) ends turn; time used: 8.50 sec turn, 3.00 sec retreat
[00:11:35.98] ••• Damage dealt: 21 to Veals (Veals)
[00:11:35.98] ••• Veals (Veals) starts turn
[00:11:42.50] [Trade] C?e?  ?op? ??pa?? ?y?y
[00:11:47.30] [Veals] o?e?)
[00:11:54.82] [Veals] y ?e?? e?ë ec?? ?a?c o???pa??c?
[00:11:58.52] [Veals] ?a c?e?y??e?
[00:12:04.90] [Veals] ? c?e?y??e? ?a ??? ?o?
[00:12:15.96] ••• Veals (Veals) fires Homing Missile
[00:12:16.40] [Trade] )))
[00:12:20.00] ••• Veals (Veals) ends turn; time used: 37.32 sec turn, 3.00 sec retreat
[00:12:26.94] ••• Damage dealt: 90 (1 kill) to Ap?ë? (Trade)
[00:12:26.94] ••• Ap?ë? (Trade) starts turn
[00:12:35.80] ••• Ap?ë? (Trade) fires Ninja Rope
[00:12:44.38] ••• Ap?ë? (Trade) fires Mine
[00:12:49.40] ••• Ap?ë? (Trade) ends turn; time used: 14.70 sec turn, 5.00 sec retreat
[00:13:01.78] ••• Damage dealt: 39 (1 kill) to Veals (Veals)
[00:13:01.78] ••• Veals (Veals) starts turn
[00:13:08.94] ••• Veals (Veals) fires Petrol Bomb
[00:13:13.08] ••• Veals (Veals) ends turn; time used: 6.20 sec turn, 3.00 sec retreat
[00:13:18.30] ••• Damage dealt: 11 to Ap?ë? (Trade)
[00:13:18.30] ••• Ap?ë? (Trade) starts turn
[00:13:18.32] [Trade] ?e??o 
[00:13:20.68] [Veals] c?c)
[00:13:22.32] [Veals] ?o?e??o
[00:13:31.36] ••• Ap?ë? (Trade) fires Ninja Rope
[00:13:50.48] ••• Ap?ë? (Trade) fires Bazooka
[00:13:55.08] ••• Ap?ë? (Trade) ends turn; time used: 29.98 sec turn, 3.00 sec retreat
[00:13:59.50] ••• Damage dealt: 45 to Veals (Veals)
[00:13:59.50] ••• Veals (Veals) starts turn
[00:14:09.40] ••• Veals (Veals) fires Longbow
[00:14:22.98] ••• Veals (Veals) loses turn due to loss of control; time used: 17.24 sec turn, 0.00 sec retreat
[00:14:26.08] [Veals] xd
[00:14:27.50] ••• Damage dealt: 7 to Veals (Veals), 15 to Ap?ë? (Trade)
[00:14:27.50] ••• Ap?ë? (Trade) starts turn
[00:14:48.76] ••• Ap?ë? (Trade) fires Grenade (5 sec, min bounce)
[00:14:54.06] [Trade] xax?axaxa
[00:14:54.22] ••• Ap?ë? (Trade) ends turn; time used: 17.10 sec turn, 3.00 sec retreat
[00:14:54.26] [Veals] ?o?
[00:14:59.66] [Trade] ??o ?e ?a?o
[00:15:03.40] ••• Damage dealt: 8 (1 kill) to Veals (Veals)
[00:15:03.40] ••• Veals (Veals) starts turn
[00:15:18.40] ••• Veals (Veals) fires Air Strike
[00:15:21.88] ••• Veals (Veals) ends turn; time used: 12.88 sec turn, 3.00 sec retreat
[00:15:30.80] ••• Damage dealt: 25 to Ap?ë? (Trade)
[00:15:30.80] ••• Ap?ë? (Trade) starts turn
[00:15:30.82] [Trade] o? ?y?e? ???? 
[00:15:44.16] ••• Ap?ë? (Trade) fires Ninja Rope
[00:15:45.22] ••• Ap?ë? (Trade) fires Ninja Rope
[00:15:59.40] ••• Ap?ë? (Trade) fires Bazooka
[00:16:04.78] ••• Ap?ë? (Trade) ends turn; time used: 22.94 sec turn, 3.00 sec retreat
[00:16:08.80] ••• Veals (Veals) starts turn
[00:16:17.64] ••• Veals (Veals) fires Jet Pack
[00:16:19.64] [Veals] ??
[00:16:26.72] ••• Veals (Veals) used 30 units of Jet Pack fuel
[00:16:26.98] ••• Veals (Veals) loses turn due to loss of control; time used: 15.48 sec turn, 0.00 sec retreat
[00:16:29.04] [Veals] o?c
[00:16:31.40] ••• Damage dealt: 5 to Veals (Veals)
[00:16:31.40] ••• Ap?ë? (Trade) starts turn
[00:17:05.28] ••• Ap?ë? (Trade) fires Jet Pack
[00:17:07.66] ••• Ap?ë? (Trade) fires Mine
[00:17:12.66] ••• Ap?ë? (Trade) used 30 (0) units of Jet Pack fuel
[00:17:12.68] ••• Ap?ë? (Trade) ends turn; time used: 30.84 sec turn, 5.00 sec retreat
[00:17:20.48] [Trade] ?e?c?
[00:17:22.98] [Veals] o?
[00:17:26.78] *** Round Finish acknowledged by Trade
[00:17:28.80] ••• Damage dealt: 42 to Veals (Veals), 4 (1 kill) to Ap?ë? (Trade)
[00:17:28.82] ••• Game Ends - Round Finished
[00:17:28.82] *** Round Finish acknowledged by Veals

Team time totals:
Veals (Veals): Turn: 00:04:55.88, Retreat: 00:00:43.00, Total: 00:05:38.88, Turn count: 15
Ap?ë? (Trade): Turn: 00:05:06.72, Retreat: 00:00:47.74, Total: 00:05:54.46, Turn count: 16

Total Jet Pack fuel used: 60

End of round 1

Round time: 0:17:28
Total game time elapsed: 0:17:28

Veals wins the round.

Worm of the round: ?ep?? 3 (Veals)
Most kills with one shot: 2 - ?a???a? A?ep??a (Ap?ë?)
Most damage with one shot: 116 - ?a???a? A?ep??a (Ap?ë?)
