Game ID: "12318840"
Game Started at 2021-02-11 09:33:45 GMT
Game Engine Version: 3.8.1
File Format Version: 3.7.3.0 - 3.8.1
Exported with Version: 3.8.1 (Steam)

Red:  "Veals"     as "Veals" [Local Player] [Host]
Blue: "pommerask" as "mr mij pooplings"

[00:00:00.00] ••• mr mij pooplings (pommerask) starts turn
[00:00:00.50] [Veals] hf
[00:00:04.08] [pommerask] ok gl
[00:00:07.62] ••• mr mij pooplings (pommerask) fires Select Worm
[00:00:25.80] ••• mr mij pooplings (pommerask) fires Ninja Rope
[00:00:32.34] ••• mr mij pooplings (pommerask) uses Parachute
[00:00:40.72] ••• mr mij pooplings (pommerask) fires Grenade (3 sec, min bounce)
[00:00:43.96] ••• mr mij pooplings (pommerask) ends turn; time used: 33.18 sec turn, 3.00 sec retreat
[00:00:58.38] ••• Damage dealt: 90 (1 kill) to Veals (Veals)
[00:00:58.38] ••• Veals (Veals) starts turn
[00:01:01.48] ••• Veals (Veals) fires Select Worm
[00:01:12.58] ••• Veals (Veals) fires Ninja Rope
[00:01:14.38] ••• Veals (Veals) fires Ninja Rope
[00:01:27.66] ••• Veals (Veals) fires Longbow
[00:01:49.72] ••• Veals (Veals) fires Longbow
[00:01:52.80] ••• Veals (Veals) ends turn; time used: 37.18 sec turn, 3.00 sec retreat
[00:01:57.22] ••• Damage dealt: 75 to mr mij pooplings (pommerask)
[00:01:57.22] ••• mr mij pooplings (pommerask) starts turn
[00:02:11.52] ••• mr mij pooplings (pommerask) fires Sheep
[00:02:14.70] ••• mr mij pooplings (pommerask) ends turn; time used: 12.00 sec turn, 3.00 sec retreat
[00:02:19.68] ••• Damage dealt: 63 to Veals (Veals)
[00:02:19.68] ••• Veals (Veals) starts turn
[00:02:26.86] ••• Veals (Veals) fires Teleport
[00:02:29.34] ••• Veals (Veals) ends turn; time used: 2.18 sec turn, 0.02 sec retreat
[00:02:29.92] ••• mr mij pooplings (pommerask) starts turn
[00:02:52.46] ••• mr mij pooplings (pommerask) fires Grenade (3 sec, min bounce)
[00:02:55.72] ••• mr mij pooplings (pommerask) ends turn; time used: 17.54 sec turn, 3.00 sec retreat
[00:03:00.30] ••• Damage dealt: 45 to Veals (Veals)
[00:03:00.30] ••• Veals (Veals) starts turn
[00:03:06.32] ••• Veals (Veals) fires Skunk
[00:03:10.72] ••• Veals (Veals) ends turn; time used: 4.42 sec turn, 3.00 sec retreat
[00:03:17.06] ••• Damage dealt: 5 to mr mij pooplings (pommerask)
[00:03:17.06] ••• mr mij pooplings (pommerask) starts turn
[00:03:33.06] ••• mr mij pooplings (pommerask) fires Ninja Rope
[00:04:03.60] ••• mr mij pooplings (pommerask) fires Dynamite
[00:04:08.60] ••• mr mij pooplings (pommerask) loses turn due to loss of control; time used: 41.30 sec turn, 4.98 sec retreat
[00:04:23.26] ••• Damage dealt: 90 (1 kill) to Veals (Veals), 8 to mr mij pooplings (pommerask)
[00:04:23.26] ••• Veals (Veals) starts turn
[00:04:38.26] ••• Veals (Veals) fires Select Worm
[00:04:44.12] ••• Veals (Veals) fires Ninja Rope
[00:05:04.66] ••• Veals (Veals) fires Mad Cow (herd of 2)
[00:05:05.96] ••• Veals (Veals) loses turn due to loss of control; time used: 36.14 sec turn, 0.30 sec retreat
[00:05:18.76] ••• Damage dealt: 17 to Veals (Veals), 127 (1 kill) to mr mij pooplings (pommerask)
[00:05:18.76] ••• mr mij pooplings (pommerask) starts turn
[00:05:33.80] ••• mr mij pooplings (pommerask) fires Select Worm
[00:05:45.50] ••• mr mij pooplings (pommerask) fires Skunk
[00:05:49.58] ••• mr mij pooplings (pommerask) ends turn; time used: 24.64 sec turn, 3.00 sec retreat
[00:05:55.92] ••• Damage dealt: 5 to Veals (Veals)
[00:05:55.92] ••• Veals (Veals) starts turn
[00:06:17.28] ••• Veals (Veals) fires Shotgun
[00:06:22.88] ••• Veals (Veals) fires Shotgun
[00:06:27.04] ••• Veals (Veals) ends turn; time used: 17.28 sec turn, 3.00 sec retreat
[00:06:33.14] ••• Damage dealt: 47 to mr mij pooplings (pommerask)
[00:06:33.14] ••• mr mij pooplings (pommerask) starts turn
[00:06:49.78] ••• mr mij pooplings (pommerask) fires Shotgun
[00:07:02.18] ••• mr mij pooplings (pommerask) fires Shotgun
[00:07:06.34] ••• mr mij pooplings (pommerask) ends turn; time used: 19.36 sec turn, 3.00 sec retreat
[00:07:17.38] ••• Damage dealt: 26 (1 kill) to Veals (Veals)
[00:07:17.38] ••• Veals (Veals) starts turn
[00:07:48.12] ••• Veals (Veals) fires Longbow
[00:08:04.04] ••• Veals (Veals) fires Longbow
[00:08:07.12] ••• Veals (Veals) ends turn; time used: 39.10 sec turn, 3.00 sec retreat
[00:08:11.78] ••• Damage dealt: 30 to mr mij pooplings (pommerask)
[00:08:11.78] ••• mr mij pooplings (pommerask) starts turn
[00:08:37.44] ••• mr mij pooplings (pommerask) fires Fire Punch
[00:08:42.24] ••• mr mij pooplings (pommerask) ends turn; time used: 20.66 sec turn, 3.00 sec retreat
[00:08:48.34] ••• Veals (Veals) starts turn
[00:08:57.68] ••• Veals (Veals) fires Select Worm
[00:09:06.34] ••• Veals (Veals) fires Low Gravity
[00:09:11.74] ••• Veals (Veals) fires Shotgun
[00:09:47.82] ••• Veals (Veals) fires Shotgun
[00:09:51.98] ••• Veals (Veals) ends turn; time used: 31.68 sec turn, 3.00 sec retreat
[00:09:59.28] ••• Damage dealt: 117 (2 kills) to mr mij pooplings (pommerask)
[00:09:59.28] ••• mr mij pooplings (pommerask) starts turn
[00:10:13.68] ••• mr mij pooplings (pommerask) fires Select Worm
[00:10:33.96] ••• mr mij pooplings (pommerask) fires Teleport
[00:10:36.44] ••• mr mij pooplings (pommerask) ends turn; time used: 33.34 sec turn, 0.02 sec retreat
[00:10:39.12] ••• Veals (Veals) starts turn
[00:11:06.42] ••• Veals (Veals) fires Teleport
[00:11:08.90] ••• Veals (Veals) ends turn; time used: 22.30 sec turn, 0.02 sec retreat
[00:11:13.00] ••• mr mij pooplings (pommerask) starts turn
[00:11:51.14] ••• mr mij pooplings (pommerask) fires Mad Cow (herd of 2)
[00:11:55.18] ••• mr mij pooplings (pommerask) ends turn; time used: 36.78 sec turn, 3.00 sec retreat
[00:12:06.40] ••• Damage dealt: 90 (1 kill) to Veals (Veals)
[00:12:06.40] ••• Veals (Veals) starts turn
[00:12:42.08] ••• Veals (Veals) fires Fire Punch
[00:12:46.88] ••• Veals (Veals) ends turn; time used: 35.28 sec turn, 3.00 sec retreat
[00:12:52.98] ••• mr mij pooplings (pommerask) starts turn
[00:12:58.10] ••• mr mij pooplings (pommerask) fires Shotgun
[00:13:03.58] ••• mr mij pooplings (pommerask) fires Shotgun
[00:13:07.74] ••• mr mij pooplings (pommerask) ends turn; time used: 4.52 sec turn, 3.00 sec retreat
[00:13:18.82] ••• Damage dealt: 29 (1 kill) to Veals (Veals)
[00:13:18.82] ••• Veals (Veals) starts turn
[00:13:28.08] ••• Veals (Veals) fires Ninja Rope
[00:13:30.14] ••• Veals (Veals) loses turn due to loss of control; time used: 10.78 sec turn, 0.00 sec retreat
[00:13:32.58] [Veals] =_=
[00:13:34.18] ••• mr mij pooplings (pommerask) starts turn
[00:13:34.20] [pommerask]  o no
[00:14:05.78] ••• mr mij pooplings (pommerask) fires Girder
[00:14:08.86] ••• mr mij pooplings (pommerask) ends turn; time used: 27.08 sec turn, 3.00 sec retreat
[00:14:12.96] ••• Veals (Veals) starts turn
[00:14:18.98] ••• Veals (Veals) fires Girder
[00:14:22.06] ••• Veals (Veals) ends turn; time used: 5.68 sec turn, 3.00 sec retreat
[00:14:26.16] ••• mr mij pooplings (pommerask) starts turn
[00:14:45.14] ••• mr mij pooplings (pommerask) fires Bazooka
[00:14:49.74] ••• mr mij pooplings (pommerask) ends turn; time used: 13.98 sec turn, 3.00 sec retreat
[00:14:55.84] ••• Veals (Veals) starts turn
[00:14:59.16] ••• Veals (Veals) fires Bazooka
[00:15:03.76] ••• Veals (Veals) ends turn; time used: 2.92 sec turn, 3.00 sec retreat
[00:15:10.54] ••• Damage dealt: 35 to mr mij pooplings (pommerask)
[00:15:10.54] ••• mr mij pooplings (pommerask) starts turn
[00:15:49.64] ••• mr mij pooplings (pommerask) fires Bazooka
[00:15:54.24] ••• mr mij pooplings (pommerask) ends turn; time used: 38.62 sec turn, 3.00 sec retreat
[00:15:59.26] ••• Veals (Veals) starts turn
[00:16:15.26] ••• Veals (Veals) fires Shotgun
[00:16:43.00] ••• Veals (Veals) fires Shotgun
[00:16:47.16] ••• Veals (Veals) ends turn; time used: 32.92 sec turn, 3.00 sec retreat
[00:16:53.66] ••• Damage dealt: 8 (1 kill) to mr mij pooplings (pommerask)
[00:16:53.66] ••• mr mij pooplings (pommerask) starts turn
[00:17:25.86] ••• mr mij pooplings (pommerask) fires Shotgun
[00:17:28.14] ••• mr mij pooplings (pommerask) fires Shotgun
[00:17:32.30] ••• mr mij pooplings (pommerask) ends turn; time used: 27.38 sec turn, 3.00 sec retreat
[00:17:36.32] ••• Veals (Veals) starts turn
[00:18:13.90] ••• Veals (Veals) fires Bazooka
[00:18:18.00] ••• Veals (Veals) ends turn; time used: 32.58 sec turn, 3.00 sec retreat
[00:18:22.02] ••• mr mij pooplings (pommerask) starts turn
[00:19:10.94] ••• mr mij pooplings (pommerask) fires Bazooka
[00:19:15.54] ••• mr mij pooplings (pommerask) ends turn; time used: 43.92 sec turn, 3.00 sec retreat
[00:19:19.56] ••• Veals (Veals) starts turn
[00:19:51.20] ••• Veals (Veals) fires Girder
[00:19:54.28] ••• Veals (Veals) ends turn; time used: 28.36 sec turn, 3.00 sec retreat
[00:19:56.30] ••• mr mij pooplings (pommerask) starts turn
[00:20:10.98] ••• mr mij pooplings (pommerask) loses turn due to loss of control; time used: 12.88 sec turn, 0.00 sec retreat
[00:20:11.10] [pommerask] xDD
[00:20:14.16] [Veals] xd
[00:20:16.02] ••• Damage dealt: 17 to mr mij pooplings (pommerask)
[00:20:16.02] ••• Veals (Veals) starts turn
[00:20:35.40] ••• Veals (Veals) uses Bungee
[00:20:56.26] ••• Veals (Veals) fires Sheep
[00:20:59.44] ••• Veals (Veals) ends turn; time used: 35.24 sec turn, 3.00 sec retreat
[00:21:03.98] ••• Damage dealt: 35 to mr mij pooplings (pommerask)
[00:21:03.98] ••• mr mij pooplings (pommerask) starts turn
[00:21:51.54] ••• mr mij pooplings (pommerask) fires Petrol Bomb
[00:21:56.24] ••• mr mij pooplings (pommerask) ends turn; time used: 44.76 sec turn, 3.00 sec retreat
[00:22:00.26] ••• Veals (Veals) starts turn
[00:22:05.04] ••• Veals (Veals) uses Bungee
[00:22:39.66] ••• Veals (Veals) fires Kamikaze
[00:22:40.34] ••• Veals (Veals) loses turn due to loss of control; time used: 38.72 sec turn, 0.00 sec retreat
[00:22:41.50] [Veals] xd
[00:22:44.76] ••• Damage dealt: 1 (1 kill) to Veals (Veals)
[00:22:44.76] ••• mr mij pooplings (pommerask) starts turn
[00:22:44.78] [pommerask] wwoot
[00:22:55.26] [Veals] mistake
[00:23:13.44] ••• mr mij pooplings (pommerask) fires Parachute
[00:23:21.82] ••• mr mij pooplings (pommerask) fires Ninja Rope
[00:23:30.06] ••• mr mij pooplings (pommerask) fires Mine
[00:23:35.24] ••• mr mij pooplings (pommerask) ends turn; time used: 44.12 sec turn, 5.00 sec retreat
[00:23:42.08] ••• Damage dealt: 35 to Veals (Veals)
[00:23:42.08] ••• Veals (Veals) starts turn
[00:23:58.88] ••• Veals (Veals) fires Ninja Rope
[00:24:05.22] ••• Veals (Veals) fires Grenade (3 sec, min bounce)
[00:24:10.24] ••• Veals (Veals) ends turn; time used: 17.86 sec turn, 5.00 sec retreat
[00:24:19.96] ••• Damage dealt: 35 (1 kill) to mr mij pooplings (pommerask)
[00:24:19.96] ••• mr mij pooplings (pommerask) starts turn
[00:24:29.84] ••• mr mij pooplings (pommerask) fires Ninja Rope
[00:25:03.08] ••• mr mij pooplings (pommerask) fires Mine
[00:25:07.84] [Veals] what)
[00:25:08.26] ••• mr mij pooplings (pommerask) ends turn; time used: 42.72 sec turn, 5.00 sec retreat
[00:25:09.82] [Veals] no
[00:25:10.06] [pommerask] xD
[00:25:11.44] [Veals] wooot
[00:25:12.28] ••• Sudden Death
[00:25:15.56] [Veals] xd
[00:25:22.68] ••• Veals (Veals) starts turn
[00:25:24.38] [Veals] lol lol
[00:25:29.56] [Veals] wtf
[00:25:31.40] [Veals] jp
[00:25:38.86] ••• Veals (Veals) fires Ninja Rope
[00:26:07.96] ••• Veals (Veals) fires Longbow
[00:26:21.20] ••• Veals (Veals) fires Longbow
[00:26:24.28] ••• Veals (Veals) ends turn; time used: 43.92 sec turn, 3.00 sec retreat
[00:26:31.72] ••• Damage dealt: 1 (1 kill) to mr mij pooplings (pommerask)
[00:26:31.72] ••• mr mij pooplings (pommerask) starts turn
[00:26:31.74] [Veals] wtf
[00:26:39.64] [Veals] where hp
[00:26:40.04] ••• mr mij pooplings (pommerask) fires Ninja Rope
[00:27:01.26] [Veals] oh
[00:27:09.36] [Veals] very nice) 
[00:27:11.56] ••• mr mij pooplings (pommerask) fires Jet Pack
[00:27:16.04] ••• mr mij pooplings (pommerask) fires Mine
[00:27:17.90] [Veals] gg
[00:27:20.46] [pommerask] gg 1 0
[00:27:21.04] ••• mr mij pooplings (pommerask) used 30 (16) units of Jet Pack fuel
[00:27:21.06] ••• mr mij pooplings (pommerask) ends turn; time used: 35.28 sec turn, 5.00 sec retreat
[00:27:21.08] [pommerask] ty
[00:27:37.26] *** Round Finish acknowledged by pommerask
[00:27:39.30] ••• Damage dealt: 31 (2 kills) to Veals (Veals)
[00:27:39.32] ••• Game Ends - Round Finished
[00:27:39.32] *** Round Finish acknowledged by Veals

Team time totals:
Veals (Veals):                Turn: 00:07:54.54, Retreat: 00:00:44.34, Total: 00:08:38.88, Turn count: 19
mr mij pooplings (pommerask): Turn: 00:09:34.06, Retreat: 00:01:02.00, Total: 00:10:36.06, Turn count: 20

Total Jet Pack fuel used: 30

End of round 1

Round time: 0:27:39
Total game time elapsed: 0:27:39

mr mij pooplings wins the round.

Worm of the round: mr mij jr (mr mij pooplings)
Most damage with one shot: 144 - ?ep?? 1 (Veals)
