Game ID: "12337333"
Game Started at 2021-02-16 20:57:03 GMT
Game Engine Version: 3.8
File Format Version: 3.7.3.0 - 3.8.1.1
Exported with Version: 3.8.1.1[TA] (Steam)

Red:  "Veals" as "Veals" [Local Player] [Host]
Blue: "rider" as "nimesulida"

[00:00:00.00] ••• Veals (Veals) starts turn
[00:00:10.60] ••• Veals (Veals) fires Ninja Rope
[00:00:28.92] ••• Veals (Veals) uses Parachute
[00:00:38.50] ••• Veals (Veals) fires Select Worm
[00:00:47.20] ••• Veals (Veals) fires Fire Punch
[00:00:52.00] ••• Veals (Veals) ends turn; time used: 39.62 sec turn, 3.00 sec retreat
[00:00:57.62] ••• Damage dealt: 91 (1 kill) to nimesulida (rider)
[00:00:57.62] ••• nimesulida (rider) starts turn
[00:00:59.50] ••• nimesulida (rider) fires Select Worm
[00:01:15.66] ••• nimesulida (rider) fires Ninja Rope
[00:01:34.06] ••• nimesulida (rider) fires Select Worm
[00:01:38.36] ••• nimesulida (rider) fires Low Gravity
[00:01:43.92] ••• nimesulida (rider) fires Dynamite
[00:01:49.10] ••• nimesulida (rider) ends turn; time used: 44.36 sec turn, 5.00 sec retreat
[00:01:55.86] [Veals] lol lol
[00:02:01.48] [rider] OO
[00:02:03.32] ••• Damage dealt: 87 to Veals (Veals), 36 to nimesulida (rider)
[00:02:03.32] ••• Veals (Veals) starts turn
[00:02:08.00] [Veals] and alive
[00:02:16.94] [rider] hahah
[00:02:27.90] ••• Veals (Veals) fires Low Gravity
[00:02:47.60] ••• Veals (Veals) fires Fire Punch
[00:02:53.36] ••• Veals (Veals) ends turn; time used: 39.22 sec turn, 3.00 sec retreat
[00:02:57.40] ••• Damage dealt: 90 (1 kill) to nimesulida (rider)
[00:02:57.40] ••• nimesulida (rider) starts turn
[00:03:28.64] ••• nimesulida (rider) fires Shotgun
[00:03:39.14] ••• nimesulida (rider) fires Shotgun
[00:03:43.30] ••• nimesulida (rider) ends turn; time used: 35.04 sec turn, 3.00 sec retreat
[00:03:47.72] ••• Damage dealt: 50 to Veals (Veals)
[00:03:47.72] ••• Veals (Veals) starts turn
[00:03:59.08] ••• Veals (Veals) fires Ninja Rope
[00:04:22.10] ••• Veals (Veals) fires Mad Cow (herd of 2)
[00:04:23.06] ••• Veals (Veals) loses turn due to loss of control; time used: 32.56 sec turn, 0.00 sec retreat
[00:04:31.14] [rider] wow
[00:04:35.34] ••• Damage dealt: 35 to Veals (Veals), 152 (1 kill) to nimesulida (rider)
[00:04:35.34] ••• nimesulida (rider) starts turn
[00:04:35.36] [Veals] tnx)
[00:04:41.72] ••• nimesulida (rider) fires Select Worm
[00:04:46.60] ••• nimesulida (rider) fires Parachute
[00:04:56.86] ••• nimesulida (rider) fires Ninja Rope
[00:04:57.52] ••• nimesulida (rider) fires Ninja Rope
[00:05:08.66] ••• nimesulida (rider) fires Shotgun
[00:05:16.28] [rider] :(
[00:05:20.80] [Veals] lucky again
[00:05:24.84] ••• nimesulida (rider) fires Shotgun
[00:05:29.00] ••• nimesulida (rider) ends turn; time used: 36.82 sec turn, 3.00 sec retreat
[00:05:33.42] ••• Damage dealt: 84 to Veals (Veals)
[00:05:33.42] ••• Veals (Veals) starts turn
[00:05:34.74] [Veals] i have that too
[00:05:39.34] [Veals] lol
[00:06:05.42] ••• Veals (Veals) fires Select Worm
[00:06:22.84] ••• Veals (Veals) fires Sheep
[00:06:25.86] ••• Veals (Veals) ends turn; time used: 44.36 sec turn, 3.00 sec retreat
[00:06:30.86] ••• Damage dealt: 2 to Veals (Veals), 31 to nimesulida (rider)
[00:06:30.86] ••• nimesulida (rider) starts turn
[00:06:43.14] ••• nimesulida (rider) fires Ninja Rope
[00:06:43.68] ••• nimesulida (rider) fires Ninja Rope
[00:07:07.06] ••• nimesulida (rider) fires Baseball Bat
[00:07:10.32] ••• nimesulida (rider) ends turn; time used: 34.54 sec turn, 3.00 sec retreat
[00:07:15.14] ••• Damage dealt: 90 (1 kill) to Veals (Veals)
[00:07:15.14] ••• Veals (Veals) starts turn
[00:07:21.14] ••• Veals (Veals) fires Fire Punch
[00:07:25.94] ••• Veals (Veals) ends turn; time used: 3.10 sec turn, 3.00 sec retreat
[00:07:35.30] ••• Damage dealt: 27 (1 kill) to nimesulida (rider)
[00:07:35.30] ••• nimesulida (rider) starts turn
[00:07:49.48] ••• nimesulida (rider) fires Ninja Rope
[00:07:57.94] ••• nimesulida (rider) fires Mad Cow (herd of 2)
[00:08:04.06] ••• nimesulida (rider) ends turn; time used: 17.50 sec turn, 3.00 sec retreat
[00:08:06.42] [Veals] >_>
[00:08:20.76] [rider] Oo
[00:08:28.94] ••• Damage dealt: 167 (2 kills) to Veals (Veals), 54 (1 kill) to nimesulida (rider)
[00:08:28.94] ••• Veals (Veals) starts turn
[00:08:37.18] [Veals] you click left button?
[00:08:43.82] ••• Veals (Veals) fires Ninja Rope
[00:08:56.94] [rider] no, i don't understand
[00:09:02.40] [Veals] hm
[00:09:08.98] ••• Veals (Veals) fires Dynamite
[00:09:14.16] ••• Veals (Veals) ends turn; time used: 34.84 sec turn, 5.00 sec retreat
[00:09:19.80] ••• Damage dealt: 62 to nimesulida (rider)
[00:09:19.80] ••• nimesulida (rider) starts turn
[00:09:51.96] ••• nimesulida (rider) fires Air Strike
[00:09:55.44] ••• nimesulida (rider) ends turn; time used: 27.46 sec turn, 3.00 sec retreat
[00:09:58.32] [Veals] oh oh
[00:10:00.12] [rider] :   (
[00:10:08.26] ••• Damage dealt: 47 to Veals (Veals), 59 (1 kill) to nimesulida (rider)
[00:10:08.26] ••• Veals (Veals) starts turn
[00:10:34.22] ••• Veals (Veals) fires Mine
[00:10:39.40] ••• Veals (Veals) ends turn; time used: 24.26 sec turn, 5.00 sec retreat
[00:10:40.08] [Veals] xd
[00:10:42.50] [rider] lol
[00:10:47.18] [rider] OO
[00:10:49.04] ••• Damage dealt: 37 to Veals (Veals), 90 (1 kill) to nimesulida (rider)
[00:10:49.04] ••• nimesulida (rider) starts turn
[00:10:49.06] [rider] OO
[00:10:49.22] [rider] OO
[00:10:50.00] [Veals] ahah
[00:10:57.04] ••• nimesulida (rider) fires Ninja Rope
[00:11:04.78] ••• nimesulida (rider) loses turn due to loss of control; time used: 14.40 sec turn, 0.00 sec retreat
[00:11:08.64] [rider] afff
[00:11:10.08] [Veals] gg
[00:11:12.06] ••• Damage dealt: 11 to Veals (Veals), 12 to nimesulida (rider)
[00:11:12.06] ••• Veals (Veals) starts turn
[00:11:12.56] [rider] gg
[00:11:15.74] ••• Veals (Veals) fires Select Worm
[00:11:17.82] ••• Veals (Veals) fires Bazooka
[00:11:18.86] ••• Veals (Veals) loses turn due to loss of control; time used: 2.28 sec turn, 0.00 sec retreat
[00:11:20.76] [rider] more 1 ?
[00:11:23.34] [Veals] ok
[00:11:46.30] ••• Damage dealt: 95 (2 kills) to Veals (Veals), 16 (1 kill) to nimesulida (rider)
[00:11:46.32] ••• Game Ends - Round Finished
[00:11:46.32] *** Round Finish acknowledged by Veals
[00:11:48.74] *** Round Finish acknowledged by rider

Team time totals:
Veals (Veals):      Turn: 00:03:40.24, Retreat: 00:00:22.00, Total: 00:04:02.24, Turn count: 8
nimesulida (rider): Turn: 00:03:30.12, Retreat: 00:00:20.00, Total: 00:03:50.12, Turn count: 7

End of round 2

Round time: 0:11:46
Total game time elapsed: Unknown

Veals wins the match!

Worm of the round: ?ep?? 8 (Veals)

Most damage with one shot: 187 - ?ep?? 1 (Veals)
