Game ID: "12331225"
Game Started at 2021-02-14 20:03:23 GMT
Game Engine Version: 3.8.1
File Format Version: 3.7.3.0 - 3.8.1
Exported with Version: 3.8.1 (Steam)

Red:  "chesnut"  as "gusis" [Local Player] [Host]
Blue: "oneVSone" as "Eikjueswaies"

[00:00:00.00] ••• gusis (chesnut) starts turn
[00:00:33.58] ••• gusis (chesnut) fires Select Worm
[00:00:37.70] ••• gusis (chesnut) fires Ninja Rope
[00:00:47.32] ••• gusis (chesnut) fires Baseball Bat
[00:00:50.90] ••• gusis (chesnut) ends turn; time used: 42.26 sec turn, 3.00 sec retreat
[00:00:55.98] ••• Damage dealt: 180 (2 kills) to Eikjueswaies (oneVSone)
[00:00:55.98] ••• Eikjueswaies (oneVSone) starts turn
[00:01:04.36] ••• Eikjueswaies (oneVSone) fires Select Worm
[00:01:22.28] ••• Eikjueswaies (oneVSone) uses Bungee
[00:01:27.54] ••• Eikjueswaies (oneVSone) fires Longbow
[00:01:41.68] ••• Eikjueswaies (oneVSone) fires Longbow
[00:01:44.76] ••• Eikjueswaies (oneVSone) ends turn; time used: 38.66 sec turn, 3.00 sec retreat
[00:01:50.38] ••• Damage dealt: 105 (1 kill) to gusis (chesnut)
[00:01:50.38] ••• gusis (chesnut) starts turn
[00:01:54.38] ••• gusis (chesnut) fires Select Worm
[00:01:58.16] ••• gusis (chesnut) fires Ninja Rope
[00:01:59.40] ••• gusis (chesnut) fires Low Gravity
[00:02:25.86] ••• gusis (chesnut) fires Mine
[00:02:31.04] ••• gusis (chesnut) ends turn; time used: 30.86 sec turn, 5.00 sec retreat
[00:02:43.60] ••• Damage dealt: 85 to Eikjueswaies (oneVSone)
[00:02:43.60] ••• Eikjueswaies (oneVSone) starts turn
[00:02:52.04] ••• Eikjueswaies (oneVSone) fires Select Worm
[00:02:55.42] ••• Eikjueswaies (oneVSone) fires Ninja Rope
[00:03:07.62] ••• Eikjueswaies (oneVSone) fires Select Worm
[00:03:14.76] ••• Eikjueswaies (oneVSone) fires Ninja Rope
[00:03:24.90] ••• Eikjueswaies (oneVSone) fires Shotgun
[00:03:35.40] ••• Eikjueswaies (oneVSone) fires Shotgun
[00:03:39.56] ••• Eikjueswaies (oneVSone) ends turn; time used: 44.56 sec turn, 3.00 sec retreat
[00:03:43.98] ••• Damage dealt: 47 to gusis (chesnut)
[00:03:43.98] ••• gusis (chesnut) starts turn
[00:03:50.98] ••• gusis (chesnut) fires Select Worm
[00:03:58.24] ••• gusis (chesnut) fires Ninja Rope
[00:04:08.12] ••• gusis (chesnut) fires Fire Punch
[00:04:12.00] ••• gusis (chesnut) loses turn due to loss of control; time used: 23.34 sec turn, 2.08 sec retreat
[00:04:17.48] ••• Damage dealt: 9 to gusis (chesnut), 66 to Eikjueswaies (oneVSone)
[00:04:17.48] ••• Eikjueswaies (oneVSone) starts turn
[00:04:34.46] ••• Eikjueswaies (oneVSone) fires Sheep
[00:04:35.22] ••• Eikjueswaies (oneVSone) loses turn due to loss of control; time used: 13.92 sec turn, 0.74 sec retreat
[00:04:42.80] ••• Damage dealt: 75 (1 kill) to gusis (chesnut), 9 to Eikjueswaies (oneVSone)
[00:04:42.80] ••• gusis (chesnut) starts turn
[00:04:59.88] ••• gusis (chesnut) fires Flame Thrower
[00:05:07.36] ••• gusis (chesnut) ends turn; time used: 17.06 sec turn, 3.00 sec retreat
[00:05:16.72] ••• Damage dealt: 90 (1 kill) to Eikjueswaies (oneVSone)
[00:05:16.72] ••• Eikjueswaies (oneVSone) starts turn
[00:05:27.74] ••• Eikjueswaies (oneVSone) fires Low Gravity
[00:05:39.50] ••• Eikjueswaies (oneVSone) fires Ninja Rope
[00:05:46.16] ••• Eikjueswaies (oneVSone) fires Baseball Bat
[00:05:49.74] ••• Eikjueswaies (oneVSone) ends turn; time used: 26.60 sec turn, 3.00 sec retreat
[00:05:56.44] ••• Damage dealt: 90 (1 kill) to gusis (chesnut)
[00:05:56.44] ••• gusis (chesnut) starts turn
[00:06:06.58] ••• gusis (chesnut) fires Skunk
[00:06:09.76] ••• gusis (chesnut) ends turn; time used: 8.76 sec turn, 3.00 sec retreat
[00:06:13.80] ••• Eikjueswaies (oneVSone) starts turn
[00:06:19.46] ••• Eikjueswaies (oneVSone) fires Fire Punch
[00:06:24.26] ••• Eikjueswaies (oneVSone) ends turn; time used: 2.86 sec turn, 3.00 sec retreat
[00:06:28.68] ••• Damage dealt: 30 to gusis (chesnut)
[00:06:28.68] ••• gusis (chesnut) starts turn
[00:06:36.82] ••• gusis (chesnut) fires Jet Pack
[00:06:42.22] ••• gusis (chesnut) used 22 units of Jet Pack fuel
[00:06:52.40] ••• gusis (chesnut) fires Dynamite
[00:06:57.44] ••• gusis (chesnut) loses turn due to loss of control; time used: 22.48 sec turn, 4.86 sec retreat
[00:07:06.10] ••• Damage dealt: 30 to gusis (chesnut), 90 (1 kill) to Eikjueswaies (oneVSone)
[00:07:06.10] ••• Eikjueswaies (oneVSone) starts turn
[00:07:13.74] ••• Eikjueswaies (oneVSone) fires Battle Axe
[00:07:17.98] ••• Eikjueswaies (oneVSone) ends turn; time used: 6.38 sec turn, 3.00 sec retreat
[00:07:22.40] ••• Damage dealt: 34 to gusis (chesnut)
[00:07:22.40] ••• gusis (chesnut) starts turn
[00:07:27.42] ••• gusis (chesnut) fires Sheep
[00:07:32.26] ••• gusis (chesnut) ends turn; time used: 5.00 sec turn, 3.00 sec retreat
[00:07:45.08] ••• Damage dealt: 25 to gusis (chesnut), 62 (1 kill) to Eikjueswaies (oneVSone)
[00:07:45.08] ••• Eikjueswaies (oneVSone) starts turn
[00:07:52.66] ••• Eikjueswaies (oneVSone) fires Jet Pack
[00:08:11.82] ••• Eikjueswaies (oneVSone) fires Mad Cow (herd of 2)
[00:08:13.08] ••• Eikjueswaies (oneVSone) used 30 (27) units of Jet Pack fuel
[00:08:13.08] ••• Eikjueswaies (oneVSone) loses turn due to loss of control; time used: 21.32 sec turn, 0.26 sec retreat
[00:08:21.10] ••• Damage dealt: 59 to gusis (chesnut), 8 to Eikjueswaies (oneVSone)
[00:08:21.10] ••• gusis (chesnut) starts turn
[00:08:25.32] ••• gusis (chesnut) fires Shotgun
[00:08:36.90] ••• gusis (chesnut) fires Shotgun
[00:08:41.06] ••• gusis (chesnut) ends turn; time used: 6.02 sec turn, 3.00 sec retreat
[00:08:46.28] ••• Damage dealt: 24 (1 kill) to Eikjueswaies (oneVSone)
[00:08:46.28] ••• Eikjueswaies (oneVSone) starts turn
[00:08:59.14] ••• Eikjueswaies (oneVSone) fires Ninja Rope
[00:09:17.12] ••• Eikjueswaies (oneVSone) fires Shotgun
[00:09:22.60] ••• Eikjueswaies (oneVSone) fires Shotgun
[00:09:26.76] ••• Eikjueswaies (oneVSone) ends turn; time used: 26.14 sec turn, 3.00 sec retreat
[00:09:31.18] ••• Damage dealt: 36 to gusis (chesnut)
[00:09:31.18] ••• gusis (chesnut) starts turn
[00:09:33.88] ••• gusis (chesnut) fires Ninja Rope
[00:09:50.72] ••• gusis (chesnut) fires Grenade (5 sec, min bounce)
[00:09:55.82] ••• gusis (chesnut) ends turn; time used: 18.96 sec turn, 3.00 sec retreat
[00:10:03.38] ••• Damage dealt: 73 (1 kill) to Eikjueswaies (oneVSone)
[00:10:03.38] ••• Eikjueswaies (oneVSone) starts turn
[00:10:23.24] ••• Eikjueswaies (oneVSone) fires Shotgun
[00:10:35.68] ••• Eikjueswaies (oneVSone) fires Shotgun
[00:10:39.84] ••• Eikjueswaies (oneVSone) ends turn; time used: 21.22 sec turn, 3.00 sec retreat
[00:10:54.86] ••• Damage dealt: 89 (2 kills) to gusis (chesnut)
[00:10:54.86] ••• gusis (chesnut) starts turn
[00:11:03.58] ••• gusis (chesnut) fires Ninja Rope
[00:11:04.16] ••• gusis (chesnut) fires Ninja Rope
[00:11:05.22] ••• gusis (chesnut) fires Ninja Rope
[00:11:26.28] ••• gusis (chesnut) fires Bazooka
[00:11:27.90] ••• gusis (chesnut) loses turn due to loss of control; time used: 29.46 sec turn, 0.02 sec retreat
[00:11:30.76] [chesnut] gg
[00:11:34.86] [oneVSone] GG
[00:11:36.72] [oneVSone] CCCU
[00:11:38.68] *** oneVSone is quitting
[00:11:39.34] *** oneVSone is disconnecting due to quitting
[00:11:39.66] [chesnut] bye
[00:11:39.82] *** oneVSone disconnected due to quitting
[00:11:45.28] ••• Damage dealt: 1 to gusis (chesnut), 33 (1 kill) to Eikjueswaies (oneVSone)
[00:11:45.30] ••• Game Ends - Round Finished
[00:11:45.30] *** Round Finish acknowledged by chesnut

Team time totals:
gusis (chesnut):         Turn: 00:03:24.20, Retreat: 00:00:29.96, Total: 00:03:54.16, Turn count: 10
Eikjueswaies (oneVSone): Turn: 00:03:21.66, Retreat: 00:00:22.00, Total: 00:03:43.66, Turn count: 9

Total Jet Pack fuel used: 52

End of round 2

Round time: 0:11:45
Total game time elapsed: Unknown

gusis wins the match!

Worm of the round: gusados (gusis)

Most damage with one shot: 180 - gusados (gusis)
