Game ID: "12336919"
Game Started at 2021-02-16 19:32:05 GMT
Game Engine Version: 3.8.1
File Format Version: 3.7.3.0 - 3.8.1
Exported with Version: 3.8.1 (Steam)

Red:  "Veals"          as "Veals" [Host]
Blue: "`Pn`Mega`Adnan" as "Wacky Worms" [Local Player]

[00:00:00.00] ••• Veals (Veals) starts turn
[00:00:00.02] [`Pn`Mega`Adnan] Funs
[00:00:09.14] [Veals] map you like open or close more?
[00:00:14.86] [Veals] funs
[00:00:16.00] [`Pn`Mega`Adnan] both
[00:00:36.74] ••• Veals (Veals) fires Select Worm
[00:00:46.74] ••• Veals (Veals) fires Girder
[00:00:49.82] ••• Veals (Veals) ends turn; time used: 41.68 sec turn, 3.00 sec retreat
[00:00:51.84] ••• Wacky Worms (`Pn`Mega`Adnan) starts turn
[00:01:05.66] ••• Wacky Worms (`Pn`Mega`Adnan) fires Select Worm
[00:01:16.34] ••• Wacky Worms (`Pn`Mega`Adnan) fires Select Worm
[00:01:26.44] ••• Wacky Worms (`Pn`Mega`Adnan) fires Shotgun
[00:01:37.74] ••• Wacky Worms (`Pn`Mega`Adnan) fires Shotgun
[00:01:41.90] ••• Wacky Worms (`Pn`Mega`Adnan) ends turn; time used: 34.80 sec turn, 3.00 sec retreat
[00:01:48.52] ••• Damage dealt: 112 to Veals (Veals)
[00:01:48.52] ••• Veals (Veals) starts turn
[00:01:48.54] [Veals] xd
[00:01:56.78] [`Pn`Mega`Adnan] )
[00:02:08.16] ••• Veals (Veals) fires Select Worm
[00:02:19.16] ••• Veals (Veals) fires Ninja Rope
[00:02:33.52] ••• Veals (Veals) fires Battle Axe
[00:02:38.42] ••• Veals (Veals) ends turn; time used: 40.54 sec turn, 3.00 sec retreat
[00:02:42.84] ••• Damage dealt: 45 to Wacky Worms (`Pn`Mega`Adnan)
[00:02:42.84] ••• Wacky Worms (`Pn`Mega`Adnan) starts turn
[00:02:58.26] ••• Wacky Worms (`Pn`Mega`Adnan) fires Select Worm
[00:03:05.14] ••• Wacky Worms (`Pn`Mega`Adnan) fires Ninja Rope
[00:03:08.24] ••• Wacky Worms (`Pn`Mega`Adnan) fires Ninja Rope
[00:03:16.24] ••• Wacky Worms (`Pn`Mega`Adnan) uses Parachute
[00:03:32.62] ••• Wacky Worms (`Pn`Mega`Adnan) fires Sheep
[00:03:35.64] ••• Wacky Worms (`Pn`Mega`Adnan) ends turn; time used: 42.10 sec turn, 3.00 sec retreat
[00:03:46.26] ••• Damage dealt: 74 (1 kill) to Veals (Veals)
[00:03:46.26] ••• Veals (Veals) starts turn
[00:04:11.64] ••• Veals (Veals) fires Shotgun
[00:04:18.92] ••• Veals (Veals) fires Shotgun
[00:04:23.08] ••• Veals (Veals) ends turn; time used: 25.66 sec turn, 3.00 sec retreat
[00:04:35.34] ••• Damage dealt: 31 to Veals (Veals), 45 (1 kill) to Wacky Worms (`Pn`Mega`Adnan)
[00:04:35.34] ••• Wacky Worms (`Pn`Mega`Adnan) starts turn
[00:05:12.72] ••• Wacky Worms (`Pn`Mega`Adnan) fires Girder
[00:05:15.80] ••• Wacky Worms (`Pn`Mega`Adnan) ends turn; time used: 32.38 sec turn, 3.00 sec retreat
[00:05:17.82] ••• Veals (Veals) starts turn
[00:05:23.14] ••• Veals (Veals) uses Parachute
[00:05:36.80] ••• Veals (Veals) fires Jet Pack
[00:05:45.34] ••• Veals (Veals) used 29 units of Jet Pack fuel
[00:05:51.74] ••• Veals (Veals) fires Ninja Rope
[00:05:58.76] ••• Veals (Veals) uses Parachute
[00:06:09.10] ••• Veals (Veals) fires Mad Cow (herd of 2)
[00:06:10.26] ••• Veals (Veals) loses turn due to loss of control; time used: 42.88 sec turn, 0.12 sec retreat
[00:06:18.12] ••• Damage dealt: 36 to Veals (Veals), 214 to Wacky Worms (`Pn`Mega`Adnan)
[00:06:18.12] ••• Wacky Worms (`Pn`Mega`Adnan) starts turn
[00:06:48.32] ••• Wacky Worms (`Pn`Mega`Adnan) fires Bazooka
[00:06:52.84] ••• Wacky Worms (`Pn`Mega`Adnan) ends turn; time used: 25.20 sec turn, 3.00 sec retreat
[00:07:05.00] ••• Damage dealt: 76 (1 kill) to Veals (Veals), 9 to Wacky Worms (`Pn`Mega`Adnan)
[00:07:05.00] ••• Veals (Veals) starts turn
[00:07:19.62] ••• Veals (Veals) fires Select Worm
[00:07:25.92] ••• Veals (Veals) fires Ninja Rope
[00:07:50.00] ••• Veals (Veals) fires Shotgun
[00:07:57.88] ••• Veals (Veals) fires Shotgun
[00:08:02.04] ••• Veals (Veals) ends turn; time used: 42.16 sec turn, 3.00 sec retreat
[00:08:13.46] ••• Damage dealt: 90 (1 kill) to Wacky Worms (`Pn`Mega`Adnan)
[00:08:13.46] ••• Wacky Worms (`Pn`Mega`Adnan) starts turn
[00:08:36.24] ••• Wacky Worms (`Pn`Mega`Adnan) fires Dynamite
[00:08:41.28] ••• Wacky Worms (`Pn`Mega`Adnan) loses turn due to loss of control; time used: 18.18 sec turn, 4.86 sec retreat
[00:08:52.10] ••• Damage dealt: 68 (1 kill) to Veals (Veals), 2 to Wacky Worms (`Pn`Mega`Adnan)
[00:08:52.10] ••• Veals (Veals) starts turn
[00:09:21.90] ••• Veals (Veals) fires Shotgun
[00:09:30.16] ••• Veals (Veals) fires Shotgun
[00:09:34.32] ••• Veals (Veals) ends turn; time used: 30.96 sec turn, 3.00 sec retreat
[00:09:38.74] ••• Damage dealt: 20 to Wacky Worms (`Pn`Mega`Adnan)
[00:09:38.74] ••• Wacky Worms (`Pn`Mega`Adnan) starts turn
[00:09:56.80] ••• Wacky Worms (`Pn`Mega`Adnan) fires Jet Pack
[00:10:07.10] ••• Wacky Worms (`Pn`Mega`Adnan) used 30 units of Jet Pack fuel
[00:10:29.08] ••• Wacky Worms (`Pn`Mega`Adnan) fires Petrol Bomb
[00:10:33.04] ••• Wacky Worms (`Pn`Mega`Adnan) ends turn; time used: 44.92 sec turn, 3.00 sec retreat
[00:10:36.60] ••• Damage dealt: 3 to Veals (Veals)
[00:10:36.60] ••• Veals (Veals) starts turn
[00:11:19.86] ••• Veals (Veals) fires Girder
[00:11:22.94] ••• Veals (Veals) ends turn; time used: 42.00 sec turn, 3.00 sec retreat
[00:11:24.96] ••• Wacky Worms (`Pn`Mega`Adnan) starts turn
[00:11:58.42] ••• Wacky Worms (`Pn`Mega`Adnan) fires Shotgun
[00:12:14.98] ••• Wacky Worms (`Pn`Mega`Adnan) fires Shotgun
[00:12:15.88] ••• Wacky Worms (`Pn`Mega`Adnan) loses turn due to loss of control; time used: 40.52 sec turn, 0.00 sec retreat
[00:12:29.28] ••• Damage dealt: 90 (1 kill) to Veals (Veals), 13 (1 kill) to Wacky Worms (`Pn`Mega`Adnan)
[00:12:29.28] ••• Veals (Veals) starts turn
[00:12:37.88] ••• Veals (Veals) fires Dragon Ball
[00:12:42.40] ••• Veals (Veals) ends turn; time used: 7.42 sec turn, 3.00 sec retreat
[00:12:51.76] ••• Damage dealt: 29 (1 kill) to Wacky Worms (`Pn`Mega`Adnan)
[00:12:51.76] ••• Wacky Worms (`Pn`Mega`Adnan) starts turn
[00:13:05.14] ••• Wacky Worms (`Pn`Mega`Adnan) fires Parachute
[00:13:32.26] ••• Wacky Worms (`Pn`Mega`Adnan) fires Flame Thrower
[00:13:39.74] ••• Wacky Worms (`Pn`Mega`Adnan) ends turn; time used: 36.24 sec turn, 3.00 sec retreat
[00:13:44.16] ••• Damage dealt: 70 to Veals (Veals)
[00:13:44.16] ••• Veals (Veals) starts turn
[00:14:07.56] ••• Veals (Veals) fires Ninja Rope
[00:14:32.96] ••• Veals (Veals) fires Bazooka
[00:14:33.60] ••• Veals (Veals) loses turn due to loss of control; time used: 43.66 sec turn, 0.06 sec retreat
[00:14:33.96] [Veals] xd
[00:14:37.04] [`Pn`Mega`Adnan] ow
[00:14:46.24] ••• Damage dealt: 24 (1 kill) to Veals (Veals), 5 (1 kill) to Wacky Worms (`Pn`Mega`Adnan)
[00:14:46.24] ••• Wacky Worms (`Pn`Mega`Adnan) starts turn
[00:15:02.18] ••• Wacky Worms (`Pn`Mega`Adnan) fires Ninja Rope
[00:15:02.80] ••• Wacky Worms (`Pn`Mega`Adnan) fires Ninja Rope
[00:15:03.40] ••• Wacky Worms (`Pn`Mega`Adnan) fires Ninja Rope
[00:15:04.04] ••• Wacky Worms (`Pn`Mega`Adnan) fires Ninja Rope
[00:15:04.66] ••• Wacky Worms (`Pn`Mega`Adnan) fires Ninja Rope
[00:15:06.46] ••• Wacky Worms (`Pn`Mega`Adnan) fires Ninja Rope
[00:15:09.22] ••• Wacky Worms (`Pn`Mega`Adnan) fires Ninja Rope
[00:15:36.68] ••• Wacky Worms (`Pn`Mega`Adnan) fires Girder
[00:15:39.76] ••• Wacky Worms (`Pn`Mega`Adnan) ends turn; time used: 43.08 sec turn, 3.00 sec retreat
[00:15:41.78] ••• Veals (Veals) starts turn
[00:16:15.78] ••• Veals (Veals) uses Bungee
[00:16:27.46] ••• Veals (Veals) fires Cluster Bomb (3 sec, min bounce)
[00:16:31.70] ••• Veals (Veals) loses turn due to loss of control; time used: 40.68 sec turn, 3.00 sec retreat
[00:16:35.82] ••• Damage dealt: 11 to Veals (Veals), 49 to Wacky Worms (`Pn`Mega`Adnan)
[00:16:35.82] ••• Wacky Worms (`Pn`Mega`Adnan) starts turn
[00:16:51.00] ••• Wacky Worms (`Pn`Mega`Adnan) loses turn due to loss of control; time used: 10.20 sec turn, 0.00 sec retreat
[00:16:53.14] [`Pn`Mega`Adnan] oh
[00:16:55.52] [Veals] oh
[00:16:55.68] ••• Damage dealt: 3 to Wacky Worms (`Pn`Mega`Adnan)
[00:16:55.68] ••• Veals (Veals) starts turn
[00:17:06.06] [Veals] lucky sheep?
[00:17:10.24] [`Pn`Mega`Adnan] hmm
[00:17:11.94] ••• Veals (Veals) fires Sheep
[00:17:17.80] ••• Veals (Veals) ends turn; time used: 12.66 sec turn, 3.00 sec retreat
[00:17:29.86] ••• Damage dealt: 2 (1 kill) to Veals (Veals), 103 to Wacky Worms (`Pn`Mega`Adnan)
[00:17:29.86] ••• Wacky Worms (`Pn`Mega`Adnan) starts turn
[00:17:32.02] [Veals] so close for lucky
[00:18:10.20] ••• Wacky Worms (`Pn`Mega`Adnan) uses Bungee
[00:18:19.54] ••• Wacky Worms (`Pn`Mega`Adnan) fires Petrol Bomb
[00:18:24.02] ••• Wacky Worms (`Pn`Mega`Adnan) ends turn; time used: 44.68 sec turn, 3.00 sec retreat
[00:18:27.18] ••• Damage dealt: 21 to Veals (Veals), 20 to Wacky Worms (`Pn`Mega`Adnan)
[00:18:27.18] ••• Veals (Veals) starts turn
[00:18:46.96] ••• Veals (Veals) fires Shotgun
[00:18:51.94] [`Pn`Mega`Adnan] hmm
[00:18:53.58] ••• Veals (Veals) fires Shotgun
[00:18:56.02] [Veals] xd
[00:18:57.74] ••• Veals (Veals) ends turn; time used: 23.08 sec turn, 3.00 sec retreat
[00:18:58.84] [`Pn`Mega`Adnan] :D
[00:19:01.76] ••• Wacky Worms (`Pn`Mega`Adnan) starts turn
[00:19:20.96] ••• Wacky Worms (`Pn`Mega`Adnan) fires Shotgun
[00:19:28.20] ••• Wacky Worms (`Pn`Mega`Adnan) fires Shotgun
[00:19:32.36] ••• Wacky Worms (`Pn`Mega`Adnan) ends turn; time used: 15.54 sec turn, 3.00 sec retreat
[00:19:41.72] ••• Damage dealt: 48 (1 kill) to Veals (Veals)
[00:19:41.72] ••• Veals (Veals) starts turn
[00:19:55.82] ••• Veals (Veals) fires Shotgun
[00:20:15.84] ••• Veals (Veals) fires Shotgun
[00:20:20.00] ••• Veals (Veals) ends turn; time used: 29.36 sec turn, 3.00 sec retreat
[00:20:23.56] ••• Damage dealt: 25 to Wacky Worms (`Pn`Mega`Adnan)
[00:20:23.56] ••• Wacky Worms (`Pn`Mega`Adnan) starts turn
[00:20:54.78] ••• Wacky Worms (`Pn`Mega`Adnan) fires Ninja Rope
[00:21:04.88] ••• Wacky Worms (`Pn`Mega`Adnan) fires Shotgun
[00:21:09.00] [Veals] gg brb 5 sec pls
[00:21:15.60] [`Pn`Mega`Adnan] gg
[00:21:17.80] [`Pn`Mega`Adnan] ok
[00:21:21.10] ••• Wacky Worms (`Pn`Mega`Adnan) ends turn; time used: 36.76 sec turn, 0.00 sec retreat
[00:21:36.56] ••• Damage dealt: 54 (1 kill) to Veals (Veals), 44 (2 kills) to Wacky Worms (`Pn`Mega`Adnan)
[00:21:36.58] ••• Game Ends - Round Finished
[00:21:36.58] *** Round Finish acknowledged by `Pn`Mega`Adnan
[00:21:38.90] *** Round Finish acknowledged by Veals

Team time totals:
Veals (Veals):                Turn: 00:07:02.74, Retreat: 00:00:33.18, Total: 00:07:35.92, Turn count: 13
Wacky Worms (`Pn`Mega`Adnan): Turn: 00:07:04.60, Retreat: 00:00:31.86, Total: 00:07:36.46, Turn count: 13

Total Jet Pack fuel used: 59

End of round 2

Round time: 0:21:36
Total game time elapsed: Unknown

Wacky Worms wins the round.

Worm of the round: Cwacker Boy (Wacky Worms)
Most kills with one shot: 2 - ?ep?? 6 (Veals)
Most damage with one shot: 222 - ?ep?? 5 (Veals)
