Game ID: "12322174"
Game Started at 2021-02-12 14:58:35 GMT
Game Engine Version: 3.8.1
File Format Version: 3.7.3.0 - 3.8.1
Exported with Version: 3.8.1 (Steam)

Red:  "Veals" as "Veals" [Local Player] [Host]
Blue: "Trade" as "Ap?ë?"

[00:00:00.00] ••• Veals (Veals) starts turn
[00:00:05.10] [Veals] ?o?
[00:00:11.44] ••• Veals (Veals) fires Ninja Rope
[00:00:16.54] [Trade] ?y ? pacc?a?o?o??a
[00:00:20.06] ••• Veals (Veals) fires Ninja Rope
[00:00:28.80] ••• Veals (Veals) fires Shotgun
[00:00:37.70] ••• Veals (Veals) fires Shotgun
[00:00:41.86] ••• Veals (Veals) ends turn; time used: 27.28 sec turn, 3.00 sec retreat
[00:00:46.28] ••• Damage dealt: 32 to Ap?ë? (Trade)
[00:00:46.28] ••• Ap?ë? (Trade) starts turn
[00:01:02.60] ••• Ap?ë? (Trade) fires Teleport
[00:01:05.08] ••• Ap?ë? (Trade) ends turn; time used: 11.32 sec turn, 0.02 sec retreat
[00:01:05.72] ••• Veals (Veals) starts turn
[00:01:22.74] ••• Veals (Veals) fires Low Gravity
[00:01:40.14] ••• Veals (Veals) fires Baseball Bat
[00:01:43.72] ••• Veals (Veals) ends turn; time used: 29.36 sec turn, 3.00 sec retreat
[00:01:50.08] ••• Damage dealt: 90 (1 kill) to Ap?ë? (Trade)
[00:01:50.08] ••• Ap?ë? (Trade) starts turn
[00:01:59.70] ••• Ap?ë? (Trade) fires Ninja Rope
[00:02:36.48] ••• Ap?ë? (Trade) fires Homing Missile
[00:02:40.62] ••• Ap?ë? (Trade) ends turn; time used: 43.36 sec turn, 3.00 sec retreat
[00:02:43.54] [Veals] ?op?)
[00:02:49.96] [Veals] a ?ea
[00:02:51.64] [Veals] ?a??
[00:02:57.08] ••• Damage dealt: 58 to Veals (Veals)
[00:02:57.08] ••• Veals (Veals) starts turn
[00:03:13.76] ••• Veals (Veals) fires Battle Axe
[00:03:18.66] ••• Veals (Veals) ends turn; time used: 12.02 sec turn, 3.00 sec retreat
[00:03:23.08] ••• Damage dealt: 45 to Ap?ë? (Trade)
[00:03:23.08] ••• Ap?ë? (Trade) starts turn
[00:03:41.30] ••• Ap?ë? (Trade) fires Bazooka
[00:03:45.90] ••• Ap?ë? (Trade) ends turn; time used: 13.22 sec turn, 3.00 sec retreat
[00:03:49.56] ••• Damage dealt: 45 to Veals (Veals)
[00:03:49.56] ••• Veals (Veals) starts turn
[00:03:59.00] ••• Veals (Veals) fires Parachute
[00:04:17.38] ••• Veals (Veals) uses Bungee
[00:04:20.22] ••• Veals (Veals) uses Bungee
[00:04:25.08] ••• Veals (Veals) fires Fire Punch
[00:04:29.88] ••• Veals (Veals) ends turn; time used: 30.86 sec turn, 3.00 sec retreat
[00:04:35.50] ••• Damage dealt: 90 (1 kill) to Ap?ë? (Trade)
[00:04:35.50] ••• Ap?ë? (Trade) starts turn
[00:04:56.56] ••• Ap?ë? (Trade) fires Grenade (3 sec, min bounce)
[00:05:00.34] ••• Ap?ë? (Trade) ends turn; time used: 18.36 sec turn, 3.00 sec retreat
[00:05:05.14] ••• Damage dealt: 33 to Veals (Veals)
[00:05:05.14] ••• Veals (Veals) starts turn
[00:05:11.88] ••• Veals (Veals) fires Bazooka
[00:05:16.12] ••• Veals (Veals) ends turn; time used: 5.08 sec turn, 3.00 sec retreat
[00:05:20.54] ••• Damage dealt: 4 to Veals (Veals), 46 to Ap?ë? (Trade)
[00:05:20.54] ••• Ap?ë? (Trade) starts turn
[00:05:37.82] ••• Ap?ë? (Trade) fires Bazooka
[00:05:41.86] ••• Ap?ë? (Trade) loses turn due to loss of control; time used: 15.24 sec turn, 2.44 sec retreat
[00:05:46.62] ••• Damage dealt: 45 to Veals (Veals), 6 to Ap?ë? (Trade)
[00:05:46.62] ••• Veals (Veals) starts turn
[00:05:52.12] ••• Veals (Veals) fires Bazooka
[00:05:54.44] [Trade] pa?y???c? ?oxo?y co?ce? 
[00:05:55.74] ••• Veals (Veals) ends turn; time used: 3.70 sec turn, 3.00 sec retreat
[00:05:59.40] [Trade] c?o???o ?e?? 
[00:06:01.04] [Veals] ?a??o ?e ??pa??
[00:06:04.76] [Veals] 25
[00:06:06.34] ••• Damage dealt: 38 (1 kill) to Ap?ë? (Trade)
[00:06:06.34] ••• Ap?ë? (Trade) starts turn
[00:06:21.00] ••• Ap?ë? (Trade) fires Uzi
[00:06:25.20] ••• Ap?ë? (Trade) ends turn; time used: 12.96 sec turn, 3.00 sec retreat
[00:06:34.56] ••• Damage dealt: 12 (1 kill) to Veals (Veals)
[00:06:34.56] ••• Veals (Veals) starts turn
[00:06:37.34] [Trade] o?e?? ?a??o 
[00:06:44.38] [Trade] ?e? 5 
[00:06:49.74] [Veals] ?p?????o)
[00:06:54.66] [Veals] ?p?? ?a? ? ? ?e??e?
[00:07:01.16] [Veals] ?pa??a, ?a? ?e? 7-8 ?a?ep?oe
[00:07:03.00] [Trade] ))
[00:07:08.96] ••• Veals (Veals) fires Bazooka
[00:07:13.52] ••• Veals (Veals) ends turn; time used: 31.22 sec turn, 3.00 sec retreat
[00:07:17.54] ••• Ap?ë? (Trade) starts turn
[00:07:29.50] [Trade] ?o?e????
[00:07:36.38] [Veals] ?ea
[00:07:38.62] ••• Ap?ë? (Trade) fires Baseball Bat
[00:07:42.20] ••• Ap?ë? (Trade) ends turn; time used: 16.08 sec turn, 3.00 sec retreat
[00:07:42.66] [Trade] ?? ?pa?
[00:07:45.06] ••• Damage dealt: 38 to Veals (Veals)
[00:07:45.06] ••• Veals (Veals) starts turn
[00:07:53.98] ••• Veals (Veals) fires Bazooka
[00:07:58.32] ••• Veals (Veals) ends turn; time used: 6.04 sec turn, 3.00 sec retreat
[00:08:04.36] ••• Damage dealt: 20 to Ap?ë? (Trade)
[00:08:04.36] ••• Ap?ë? (Trade) starts turn
[00:08:31.40] ••• Ap?ë? (Trade) fires Dynamite
[00:08:36.58] ••• Ap?ë? (Trade) ends turn; time used: 25.12 sec turn, 5.00 sec retreat
[00:08:41.94] ••• Damage dealt: 68 to Veals (Veals)
[00:08:41.94] ••• Veals (Veals) starts turn
[00:08:50.30] ••• Veals (Veals) fires Ninja Rope
[00:09:01.72] ••• Veals (Veals) fires Ninja Rope
[00:09:02.56] ••• Veals (Veals) fires Ninja Rope
[00:09:15.86] ••• Veals (Veals) fires Mad Cow (herd of 2)
[00:09:19.90] ••• Veals (Veals) ends turn; time used: 32.54 sec turn, 3.00 sec retreat
[00:09:36.36] [Trade] ?o?e?? )
[00:09:36.52] ••• Damage dealt: 226 (2 kills) to Ap?ë? (Trade)
[00:09:36.52] ••• Ap?ë? (Trade) starts turn
[00:09:37.88] [Veals] ?a ?ea
[00:09:40.80] [Veals] ?? ?????
[00:09:46.64] ••• Ap?ë? (Trade) fires Ninja Rope
[00:09:47.16] [Veals] ?poc?o ?? ?a??o ?e ??pa?)
[00:09:48.84] ••• Ap?ë? (Trade) fires Ninja Rope
[00:10:04.34] ••• Ap?ë? (Trade) fires Grenade (5 sec, min bounce)
[00:10:09.42] ••• Ap?ë? (Trade) ends turn; time used: 24.02 sec turn, 3.00 sec retreat
[00:10:17.90] ••• Damage dealt: 22 (1 kill) to Veals (Veals)
[00:10:17.90] ••• Veals (Veals) starts turn
[00:10:25.48] ••• Veals (Veals) fires Bazooka
[00:10:29.30] ••• Veals (Veals) ends turn; time used: 7.08 sec turn, 3.00 sec retreat
[00:10:31.46] [Trade] ? ??a? ?o??a ?op?a???o ))) xaxa  ??o ?ec?? ?o?e??o 
[00:10:32.92] ••• Damage dealt: 6 to Ap?ë? (Trade)
[00:10:32.92] ••• Ap?ë? (Trade) starts turn
[00:10:52.36] ••• Ap?ë? (Trade) fires Grenade (5 sec, min bounce)
[00:10:58.74] ••• Ap?ë? (Trade) ends turn; time used: 16.22 sec turn, 3.00 sec retreat
[00:11:04.46] [Trade] ?y ?o???
[00:11:08.10] ••• Veals (Veals) starts turn
[00:11:13.42] [Veals] ?a??o ?yc?? ?y?? ?epec?pe??? xd
[00:11:23.42] ••• Veals (Veals) fires Bazooka
[00:11:28.34] ••• Veals (Veals) ends turn; time used: 10.32 sec turn, 3.00 sec retreat
[00:11:32.36] ••• Ap?ë? (Trade) starts turn
[00:11:52.04] ••• Ap?ë? (Trade) uses Parachute
[00:11:52.18] ••• Ap?ë? (Trade) fires Mine
[00:11:57.20] ••• Ap?ë? (Trade) ends turn; time used: 14.82 sec turn, 5.00 sec retreat
[00:12:00.02] [Trade] ????? ...... y?pa??e??e ?o?e ?a??? ?ce 
[00:12:01.22] ••• Veals (Veals) starts turn
[00:12:11.28] [Veals] ? ?o ??a? op?e???po?a??c? c?apa?c?
[00:12:13.96] [Veals] ?a? ??c?pee
[00:12:43.98] ••• Veals (Veals) fires Grenade (5 sec, min bounce)
[00:12:50.22] ••• Veals (Veals) ends turn; time used: 37.76 sec turn, 3.00 sec retreat
[00:12:54.70] ••• Damage dealt: 24 to Ap?ë? (Trade)
[00:12:54.70] ••• Ap?ë? (Trade) starts turn
[00:13:12.82] ••• Ap?ë? (Trade) fires Grenade (4 sec, min bounce)
[00:13:17.96] ••• Ap?ë? (Trade) ends turn; time used: 16.12 sec turn, 3.00 sec retreat
[00:13:20.04] [Veals] ?o???
[00:13:21.98] ••• Veals (Veals) starts turn
[00:13:25.00] [Trade] ?a?o ???o 3 cce?
[00:13:38.70] [Trade] xaxaxa
[00:13:44.66] ••• Veals (Veals) fires Girder
[00:13:47.74] ••• Veals (Veals) ends turn; time used: 19.74 sec turn, 3.00 sec retreat
[00:13:49.76] ••• Ap?ë? (Trade) starts turn
[00:14:17.56] ••• Ap?ë? (Trade) fires Grenade (3 sec, min bounce)
[00:14:22.16] [Veals] ?o?
[00:14:22.18] ••• Ap?ë? (Trade) ends turn; time used: 25.28 sec turn, 3.00 sec retreat
[00:14:22.20] [Trade] x?x?x??x?xx??x
[00:14:24.70] [Veals] xd
[00:14:31.06] ••• Damage dealt: 25 (1 kill) to Ap?ë? (Trade)
[00:14:31.06] ••• Veals (Veals) starts turn
[00:14:32.98] ••• Veals (Veals) fires Prod
[00:14:33.14] [Trade] ?y ??o ???o c?e??o o??o??a??o?
[00:14:36.26] ••• Veals (Veals) ends turn; time used: 0.76 sec turn, 3.00 sec retreat
[00:14:46.32] ••• Damage dealt: 8 to Veals (Veals), 39 (1 kill) to Ap?ë? (Trade)
[00:14:46.32] ••• Ap?ë? (Trade) starts turn
[00:14:58.16] ••• Ap?ë? (Trade) fires Jet Pack
[00:15:02.76] ••• Ap?ë? (Trade) used 30 units of Jet Pack fuel
[00:15:03.64] ••• Ap?ë? (Trade) fires Mine
[00:15:03.78] ••• Ap?ë? (Trade) loses turn due to loss of control; time used: 11.90 sec turn, 0.12 sec retreat
[00:15:11.20] [Veals] ?a???a??e)
[00:15:11.38] ••• Damage dealt: 28 to Ap?ë? (Trade)
[00:15:11.38] ••• Veals (Veals) starts turn
[00:15:11.82] [Trade] o??o??? ?o ?pe?? ?o?e?a
[00:15:15.60] [Veals] xd
[00:15:22.96] ••• Veals (Veals) fires Grenade (5 sec, min bounce)
[00:15:27.86] [Veals] ??
[00:15:28.42] ••• Veals (Veals) ends turn; time used: 6.58 sec turn, 3.00 sec retreat
[00:15:35.64] [Trade] ??
[00:15:41.34] [Trade] e?e?
[00:15:42.56] ••• Damage dealt: 5 (1 kill) to Ap?ë? (Trade)
[00:15:42.58] ••• Game Ends - Round Finished
[00:15:42.58] *** Round Finish acknowledged by Veals
[00:15:44.78] *** Round Finish acknowledged by Trade

Team time totals:
Veals (Veals): Turn: 00:04:20.34, Retreat: 00:00:45.00, Total: 00:05:05.34, Turn count: 15
Ap?ë? (Trade): Turn: 00:04:24.02, Retreat: 00:00:39.58, Total: 00:05:03.60, Turn count: 14

Total Jet Pack fuel used: 30

End of round 2

Round time: 0:15:42
Total game time elapsed: Unknown

Veals wins the match!

Worm of the round: ?ep?? 2 (Veals)

Most damage with one shot: 225 - ?ep?? 2 (Veals)
