Game ID: "12312413"
Game Started at 2021-02-08 21:13:08 GMT
Game Engine Version: 3.8.1
File Format Version: 3.7.3.0 - 3.8.1
Exported with Version: 3.8.1 (Steam)

Red:  "NNNxDario" as "algunos" [Local Player] [Host]
Blue: "oneVSone"  as "Eikjuesvaies"

[00:00:00.00] ••• Eikjuesvaies (oneVSone) starts turn
[00:00:00.02] [NNNxDario] hf
[00:00:24.06] ••• Eikjuesvaies (oneVSone) fires Shotgun
[00:00:47.50] ••• Eikjuesvaies (oneVSone) fires Shotgun
[00:00:51.66] ••• Eikjuesvaies (oneVSone) ends turn; time used: 35.86 sec turn, 3.00 sec retreat
[00:00:56.08] ••• Damage dealt: 75 to algunos (NNNxDario)
[00:00:56.08] ••• algunos (NNNxDario) starts turn
[00:01:02.34] ••• algunos (NNNxDario) fires Select Worm
[00:01:11.76] ••• algunos (NNNxDario) uses Parachute
[00:01:20.50] ••• algunos (NNNxDario) fires Ninja Rope
[00:01:34.66] ••• algunos (NNNxDario) fires Dynamite
[00:01:39.84] ••• algunos (NNNxDario) ends turn; time used: 37.96 sec turn, 5.00 sec retreat
[00:01:49.00] ••• Damage dealt: 99 (1 kill) to Eikjuesvaies (oneVSone)
[00:01:49.00] ••• Eikjuesvaies (oneVSone) starts turn
[00:01:57.80] ••• Eikjuesvaies (oneVSone) fires Shotgun
[00:02:12.02] ••• Eikjuesvaies (oneVSone) fires Shotgun
[00:02:16.18] ••• Eikjuesvaies (oneVSone) ends turn; time used: 12.26 sec turn, 3.00 sec retreat
[00:02:19.52] ••• Damage dealt: 71 to algunos (NNNxDario)
[00:02:19.52] ••• algunos (NNNxDario) starts turn
[00:02:22.78] ••• algunos (NNNxDario) fires Low Gravity
[00:02:42.72] ••• algunos (NNNxDario) fires Shotgun
[00:02:56.60] ••• algunos (NNNxDario) fires Shotgun
[00:03:00.76] ••• algunos (NNNxDario) ends turn; time used: 27.82 sec turn, 3.00 sec retreat
[00:03:04.04] ••• Damage dealt: 50 to Eikjuesvaies (oneVSone)
[00:03:04.04] ••• Eikjuesvaies (oneVSone) starts turn
[00:03:09.50] ••• Eikjuesvaies (oneVSone) fires Select Worm
[00:03:13.28] ••• Eikjuesvaies (oneVSone) fires Low Gravity
[00:03:18.86] ••• Eikjuesvaies (oneVSone) fires Parachute
[00:03:31.68] ••• Eikjuesvaies (oneVSone) fires Select Worm
[00:03:40.82] ••• Eikjuesvaies (oneVSone) fires Parachute
[00:03:49.90] ••• Eikjuesvaies (oneVSone) fires Mine
[00:03:55.08] ••• Eikjuesvaies (oneVSone) ends turn; time used: 44.32 sec turn, 5.00 sec retreat
[00:04:02.66] ••• Damage dealt: 46 to algunos (NNNxDario), 40 to Eikjuesvaies (oneVSone)
[00:04:02.66] ••• algunos (NNNxDario) starts turn
[00:04:09.52] ••• algunos (NNNxDario) fires Blow Torch
[00:04:17.56] ••• algunos (NNNxDario) ends turn; time used: 6.56 sec turn, 3.00 sec retreat
[00:04:22.32] ••• Damage dealt: 35 to Eikjuesvaies (oneVSone)
[00:04:22.32] ••• Eikjuesvaies (oneVSone) starts turn
[00:04:35.12] ••• Eikjuesvaies (oneVSone) fires Ninja Rope
[00:04:53.38] ••• Eikjuesvaies (oneVSone) fires Mad Cow (herd of 2)
[00:04:54.88] ••• Eikjuesvaies (oneVSone) loses turn due to loss of control; time used: 25.96 sec turn, 0.46 sec retreat
[00:05:02.20] ••• Damage dealt: 136 to algunos (NNNxDario), 18 to Eikjuesvaies (oneVSone)
[00:05:02.20] ••• algunos (NNNxDario) starts turn
[00:05:12.92] ••• algunos (NNNxDario) fires Select Worm
[00:05:24.68] ••• algunos (NNNxDario) fires Blow Torch
[00:05:32.72] ••• algunos (NNNxDario) ends turn; time used: 20.84 sec turn, 3.00 sec retreat
[00:05:36.64] [oneVSone] wow
[00:05:38.70] [oneVSone] gj
[00:05:44.36] [NNNxDario] ty
[00:05:55.00] ••• Damage dealt: 27 (1 kill) to algunos (NNNxDario), 177 (2 kills) to Eikjuesvaies (oneVSone)
[00:05:55.00] ••• Eikjuesvaies (oneVSone) starts turn
[00:06:02.74] ••• Eikjuesvaies (oneVSone) fires Shotgun
[00:06:23.62] ••• Eikjuesvaies (oneVSone) fires Shotgun
[00:06:27.78] ••• Eikjuesvaies (oneVSone) ends turn; time used: 19.60 sec turn, 3.00 sec retreat
[00:06:37.14] ••• Damage dealt: 22 (2 kills) to algunos (NNNxDario)
[00:06:37.14] ••• algunos (NNNxDario) starts turn
[00:06:42.08] ••• algunos (NNNxDario) fires Ninja Rope
[00:06:54.58] ••• algunos (NNNxDario) uses Bungee
[00:07:00.78] ••• algunos (NNNxDario) fires Fire Punch
[00:07:05.58] ••• algunos (NNNxDario) ends turn; time used: 20.66 sec turn, 3.00 sec retreat
[00:07:11.20] ••• Damage dealt: 90 (1 kill) to Eikjuesvaies (oneVSone)
[00:07:11.20] ••• Eikjuesvaies (oneVSone) starts turn
[00:07:32.06] ••• Eikjuesvaies (oneVSone) fires Ninja Rope
[00:07:52.20] ••• Eikjuesvaies (oneVSone) fires Sheep
[00:07:55.38] ••• Eikjuesvaies (oneVSone) ends turn; time used: 39.34 sec turn, 3.00 sec retreat
[00:07:59.02] ••• Damage dealt: 52 to algunos (NNNxDario)
[00:07:59.02] ••• algunos (NNNxDario) starts turn
[00:08:09.42] ••• algunos (NNNxDario) fires Shotgun
[00:08:18.36] ••• algunos (NNNxDario) fires Shotgun
[00:08:22.52] ••• algunos (NNNxDario) ends turn; time used: 14.16 sec turn, 3.00 sec retreat
[00:08:33.46] ••• Damage dealt: 23 to algunos (NNNxDario), 18 (1 kill) to Eikjuesvaies (oneVSone)
[00:08:33.46] ••• Eikjuesvaies (oneVSone) starts turn
[00:09:01.54] ••• Eikjuesvaies (oneVSone) fires Longbow
[00:09:23.12] ••• Eikjuesvaies (oneVSone) fires Longbow
[00:09:26.20] ••• Eikjuesvaies (oneVSone) ends turn; time used: 37.84 sec turn, 3.00 sec retreat
[00:09:31.48] [oneVSone] where is fast walk ?:)
[00:09:31.82] ••• Damage dealt: 59 (1 kill) to algunos (NNNxDario)
[00:09:31.82] ••• algunos (NNNxDario) starts turn
[00:09:39.00] [oneVSone] fixed bug?
[00:09:39.00] [NNNxDario] there is no fat walk utility
[00:09:43.20] [NNNxDario] you mean the bug? yes, fixed
[00:09:52.22] [oneVSone] yes bug :)
[00:10:00.06] ••• algunos (NNNxDario) fires Homing Pigeon
[00:10:03.14] ••• algunos (NNNxDario) ends turn; time used: 23.24 sec turn, 3.00 sec retreat
[00:10:08.34] [oneVSone] nice!!!!!
[00:10:12.52] [NNNxDario] ty
[00:10:15.78] ••• Damage dealt: 99 (1 kill) to Eikjuesvaies (oneVSone)
[00:10:15.78] ••• Eikjuesvaies (oneVSone) starts turn
[00:10:24.38] ••• Eikjuesvaies (oneVSone) fires Ninja Rope
[00:10:25.00] ••• Eikjuesvaies (oneVSone) fires Ninja Rope
[00:10:41.78] ••• Eikjuesvaies (oneVSone) fires Jet Pack
[00:10:47.02] ••• Eikjuesvaies (oneVSone) used 30 units of Jet Pack fuel
[00:10:52.36] ••• Eikjuesvaies (oneVSone) fires Shotgun
[00:11:09.22] ••• Eikjuesvaies (oneVSone) fires Shotgun
[00:11:13.38] ••• Eikjuesvaies (oneVSone) ends turn; time used: 44.56 sec turn, 3.00 sec retreat
[00:11:22.74] ••• Damage dealt: 35 (1 kill) to algunos (NNNxDario)
[00:11:22.74] ••• algunos (NNNxDario) starts turn
[00:11:28.36] ••• algunos (NNNxDario) fires Select Worm
[00:11:39.40] ••• algunos (NNNxDario) fires Kamikaze
[00:11:39.78] ••• algunos (NNNxDario) loses turn due to loss of control; time used: 12.00 sec turn, 0.00 sec retreat
[00:11:46.66] ••• Damage dealt: 68 (1 kill) to algunos (NNNxDario), 90 (1 kill) to Eikjuesvaies (oneVSone)
[00:11:46.66] ••• Eikjuesvaies (oneVSone) starts turn
[00:11:54.26] ••• Eikjuesvaies (oneVSone) fires Ninja Rope
[00:12:08.84] ••• Eikjuesvaies (oneVSone) fires Ninja Rope
[00:12:19.46] ••• Eikjuesvaies (oneVSone) fires Petrol Bomb
[00:12:24.48] ••• Eikjuesvaies (oneVSone) ends turn; time used: 28.10 sec turn, 5.00 sec retreat
[00:12:30.72] ••• Damage dealt: 65 to algunos (NNNxDario)
[00:12:30.72] ••• algunos (NNNxDario) starts turn
[00:12:31.96] [NNNxDario] gg, remember you can play anyone with this scheme and report your victories
[00:12:33.52] ••• algunos (NNNxDario) fires Jet Pack
[00:12:37.06] ••• algunos (NNNxDario) fires Grenade (5 sec, min bounce)
[00:12:42.06] ••• algunos (NNNxDario) used 30 (11) units of Jet Pack fuel
[00:12:42.08] ••• algunos (NNNxDario) ends turn; time used: 3.70 sec turn, 5.00 sec retreat
[00:12:43.54] [oneVSone] gg
[00:12:57.42] [oneVSone] okey :)
[00:13:04.04] ••• Damage dealt: 10 (1 kill) to algunos (NNNxDario), 4 (1 kill) to Eikjuesvaies (oneVSone)
[00:13:04.06] ••• Game Ends - Round Finished
[00:13:04.06] *** Round Finish acknowledged by NNNxDario
[00:13:06.46] *** Round Finish acknowledged by oneVSone

Team time totals:
algunos (NNNxDario):     Turn: 00:02:46.94, Retreat: 00:00:28.00, Total: 00:03:14.94, Turn count: 9
Eikjuesvaies (oneVSone): Turn: 00:04:47.84, Retreat: 00:00:28.46, Total: 00:05:16.30, Turn count: 9

Total Jet Pack fuel used: 60

End of round 2

Round time: 0:13:04
Total game time elapsed: Unknown

algunos wins the match!

Worm of the round: G (Eikjuesvaies)

Most kills with one shot: 2 - alguien (algunos)
Most damage with one shot: 154 - E (Eikjuesvaies)
