Game ID: "12317316"
Game Started at 2021-02-10 18:45:19 GMT
Game Engine Version: 3.8.1
File Format Version: 3.7.3.0 - 3.8.1
Exported with Version: 3.8.1 (Steam)

Blue: "Leoric"      as "Rowio" [Local Player] [Host]
Red:  "Disko-Disko" as "1-UP"

[00:00:00.00] ••• 1-UP (Disko-Disko) starts turn
[00:00:05.72] ••• 1-UP (Disko-Disko) fires Select Worm
[00:00:14.30] ••• 1-UP (Disko-Disko) fires Ninja Rope
[00:00:40.92] ••• 1-UP (Disko-Disko) fires Longbow
[00:00:53.60] ••• 1-UP (Disko-Disko) loses turn due to loss of control; time used: 41.16 sec turn, 0.00 sec retreat
[00:01:03.02] ••• Damage dealt: 36 to Rowio (Leoric), 7 to 1-UP (Disko-Disko)
[00:01:03.02] ••• Rowio (Leoric) starts turn
[00:01:08.74] ••• Rowio (Leoric) fires Select Worm
[00:01:22.70] ••• Rowio (Leoric) uses Parachute
[00:01:24.82] ••• Rowio (Leoric) fires Select Worm
[00:01:30.50] ••• Rowio (Leoric) fires Ninja Rope
[00:01:46.04] ••• Rowio (Leoric) fires Baseball Bat
[00:01:49.62] ••• Rowio (Leoric) ends turn; time used: 42.26 sec turn, 3.00 sec retreat
[00:01:54.78] ••• Damage dealt: 90 (1 kill) to 1-UP (Disko-Disko)
[00:01:54.78] ••• 1-UP (Disko-Disko) starts turn
[00:02:08.36] ••• 1-UP (Disko-Disko) fires Select Worm
[00:02:19.54] ••• 1-UP (Disko-Disko) fires Flame Thrower
[00:02:27.02] ••• 1-UP (Disko-Disko) ends turn; time used: 19.96 sec turn, 3.00 sec retreat
[00:02:31.78] ••• Damage dealt: 117 to Rowio (Leoric)
[00:02:31.78] ••• Rowio (Leoric) starts turn
[00:02:37.94] ••• Rowio (Leoric) fires Select Worm
[00:02:41.58] ••• Rowio (Leoric) fires Ninja Rope
[00:02:41.62] *** Disko-Disko is quitting
[00:02:42.26] ••• Rowio (Leoric) fires Ninja Rope
[00:02:42.66] *** Disko-Disko is quitting
[00:02:43.24] ••• Rowio (Leoric) fires Ninja Rope
[00:02:45.16] *** Disko-Disko is disconnecting due to quitting
[00:02:45.16] *** 1-UP (Disko-Disko) forced out by disconnection due to quitting
[00:02:45.64] *** Disko-Disko disconnected due to quitting
[00:02:55.78] ••• Rowio (Leoric) ends turn; time used: 17.96 sec turn, 0.00 sec retreat
[00:03:03.40] ••• Game Ends - Round Finished
[00:03:03.40] *** Round Finish acknowledged by Leoric

Team time totals:
Rowio (Leoric):     Turn: 00:01:00.22, Retreat: 00:00:03.00, Total: 00:01:03.22, Turn count: 2
1-UP (Disko-Disko): Turn: 00:01:01.12, Retreat: 00:00:03.00, Total: 00:01:04.12, Turn count: 2

End of round 1

Round time: 0:03:03
Total game time elapsed: 0:03:03

Rowio wins the round.

Worm of the round: Berry (Rowio)
Most kills with one shot: 1 - Berry (Rowio)
Most damage with one shot: 117 - Clapper (1-UP)
