Game ID: "12320461"
Game Started at 2021-02-11 21:26:38 GMT
Game Engine Version: 3.8.1
File Format Version: 3.7.3.0 - 3.8.1
Exported with Version: 3.8.1 (Steam)

Red:  "chesnut" as "gusis" [Local Player] [Host]
Blue: "Dejvid"  as " Dejvid"

[00:00:00.00] •••  Dejvid (Dejvid) starts turn
[00:00:15.88] •••  Dejvid (Dejvid) fires Select Worm
[00:00:22.06] •••  Dejvid (Dejvid) fires Ninja Rope
[00:00:42.10] •••  Dejvid (Dejvid) fires Dynamite
[00:00:47.28] •••  Dejvid (Dejvid) ends turn; time used: 36.90 sec turn, 5.00 sec retreat
[00:00:53.46] ••• Damage dealt: 140 to gusis (chesnut)
[00:00:53.46] ••• gusis (chesnut) starts turn
[00:00:56.40] ••• gusis (chesnut) fires Select Worm
[00:01:13.72] ••• gusis (chesnut) fires Ninja Rope
[00:01:25.66] ••• gusis (chesnut) fires Shotgun
[00:01:43.54] ••• gusis (chesnut) fires Shotgun
[00:01:47.70] ••• gusis (chesnut) ends turn; time used: 34.76 sec turn, 3.00 sec retreat
[00:01:53.32] ••• Damage dealt: 2 to gusis (chesnut), 112 (1 kill) to  Dejvid (Dejvid)
[00:01:53.32] •••  Dejvid (Dejvid) starts turn
[00:02:13.86] •••  Dejvid (Dejvid) fires Shotgun
[00:02:21.86] •••  Dejvid (Dejvid) fires Shotgun
[00:02:26.02] •••  Dejvid (Dejvid) ends turn; time used: 18.40 sec turn, 3.00 sec retreat
[00:02:28.90] ••• Damage dealt: 50 to gusis (chesnut)
[00:02:28.90] ••• gusis (chesnut) starts turn
[00:02:35.94] ••• gusis (chesnut) fires Ninja Rope
[00:02:52.52] ••• gusis (chesnut) fires Grenade (5 sec, min bounce)
[00:02:57.60] ••• gusis (chesnut) ends turn; time used: 19.26 sec turn, 3.00 sec retreat
[00:03:05.74] ••• Damage dealt: 90 (1 kill) to  Dejvid (Dejvid)
[00:03:05.74] •••  Dejvid (Dejvid) starts turn
[00:03:27.54] •••  Dejvid (Dejvid) fires Shotgun
[00:03:35.90] •••  Dejvid (Dejvid) fires Shotgun
[00:03:40.06] •••  Dejvid (Dejvid) ends turn; time used: 19.68 sec turn, 3.00 sec retreat
[00:03:46.50] ••• Damage dealt: 67 to gusis (chesnut)
[00:03:46.50] ••• gusis (chesnut) starts turn
[00:04:23.76] ••• gusis (chesnut) fires Shotgun
[00:04:28.72] ••• gusis (chesnut) fires Shotgun
[00:04:32.88] ••• gusis (chesnut) ends turn; time used: 32.26 sec turn, 3.00 sec retreat
[00:04:37.30] ••• Damage dealt: 47 to  Dejvid (Dejvid)
[00:04:37.30] •••  Dejvid (Dejvid) starts turn
[00:04:47.20] •••  Dejvid (Dejvid) fires Ninja Rope
[00:05:17.02] •••  Dejvid (Dejvid) fires Sheep
[00:05:22.04] •••  Dejvid (Dejvid) ends turn; time used: 35.92 sec turn, 5.00 sec retreat
[00:05:25.12] ••• Damage dealt: 55 to gusis (chesnut)
[00:05:25.12] ••• gusis (chesnut) starts turn
[00:05:36.10] ••• gusis (chesnut) fires Ninja Rope
[00:05:53.10] ••• gusis (chesnut) uses Parachute
[00:06:12.48] ••• gusis (chesnut) fires Jet Pack
[00:06:14.18] ••• gusis (chesnut) fires Dynamite
[00:06:18.10] ••• gusis (chesnut) used 30 (1) units of Jet Pack fuel
[00:06:19.20] ••• gusis (chesnut) ends turn; time used: 43.96 sec turn, 5.00 sec retreat
[00:06:36.52] ••• Damage dealt: 13 (1 kill) to gusis (chesnut), 140 (1 kill) to  Dejvid (Dejvid)
[00:06:36.52] •••  Dejvid (Dejvid) starts turn
[00:06:59.16] •••  Dejvid (Dejvid) fires Ninja Rope
[00:07:17.58] •••  Dejvid (Dejvid) fires Grenade (3 sec, min bounce)
[00:07:22.60] •••  Dejvid (Dejvid) ends turn; time used: 35.78 sec turn, 5.00 sec retreat
[00:07:27.46] ••• Damage dealt: 40 (1 kill) to gusis (chesnut)
[00:07:27.46] ••• gusis (chesnut) starts turn
[00:07:52.64] ••• gusis (chesnut) fires Bazooka
[00:07:57.24] ••• gusis (chesnut) ends turn; time used: 20.18 sec turn, 3.00 sec retreat
[00:08:01.66] ••• Damage dealt: 28 to  Dejvid (Dejvid)
[00:08:01.66] •••  Dejvid (Dejvid) starts turn
[00:08:10.34] •••  Dejvid (Dejvid) fires Select Worm
[00:08:15.80] •••  Dejvid (Dejvid) fires Shotgun
[00:08:33.54] •••  Dejvid (Dejvid) fires Shotgun
[00:08:37.70] •••  Dejvid (Dejvid) ends turn; time used: 22.28 sec turn, 3.00 sec retreat
[00:08:43.32] ••• Damage dealt: 48 (1 kill) to gusis (chesnut)
[00:08:43.32] ••• gusis (chesnut) starts turn
[00:08:48.04] ••• gusis (chesnut) fires Select Worm
[00:09:05.12] ••• gusis (chesnut) fires Longbow
[00:09:27.96] ••• gusis (chesnut) fires Longbow
[00:09:31.04] ••• gusis (chesnut) ends turn; time used: 38.50 sec turn, 3.00 sec retreat
[00:09:36.66] ••• Damage dealt: 77 (1 kill) to  Dejvid (Dejvid)
[00:09:36.66] •••  Dejvid (Dejvid) starts turn
[00:09:42.74] •••  Dejvid (Dejvid) fires Ninja Rope
[00:09:44.18] •••  Dejvid (Dejvid) fires Ninja Rope
[00:10:18.32] •••  Dejvid (Dejvid) fires Shotgun
[00:10:27.66] •••  Dejvid (Dejvid) fires Shotgun
[00:10:31.82] •••  Dejvid (Dejvid) ends turn; time used: 41.32 sec turn, 3.00 sec retreat
[00:10:38.72] ••• Damage dealt: 89 to gusis (chesnut)
[00:10:38.72] ••• gusis (chesnut) starts turn
[00:11:02.32] ••• gusis (chesnut) fires Grenade (5 sec, min bounce)
[00:11:07.42] ••• gusis (chesnut) ends turn; time used: 22.50 sec turn, 3.00 sec retreat
[00:11:12.58] ••• Damage dealt: 35 to  Dejvid (Dejvid)
[00:11:12.58] •••  Dejvid (Dejvid) starts turn
[00:11:30.60] •••  Dejvid (Dejvid) fires Petrol Bomb
[00:11:35.30] •••  Dejvid (Dejvid) ends turn; time used: 13.02 sec turn, 3.00 sec retreat
[00:11:39.72] ••• Damage dealt: 8 to gusis (chesnut)
[00:11:39.72] ••• gusis (chesnut) starts turn
[00:12:07.40] ••• gusis (chesnut) fires Shotgun
[00:12:12.08] ••• gusis (chesnut) fires Shotgun
[00:12:16.24] ••• gusis (chesnut) ends turn; time used: 27.28 sec turn, 3.00 sec retreat
[00:12:25.60] ••• Damage dealt: 28 (1 kill) to  Dejvid (Dejvid)
[00:12:25.60] •••  Dejvid (Dejvid) starts turn
[00:12:28.88] •••  Dejvid (Dejvid) fires Select Worm
[00:12:33.34] •••  Dejvid (Dejvid) fires Low Gravity
[00:12:54.32] •••  Dejvid (Dejvid) fires Shotgun
[00:13:11.50] •••  Dejvid (Dejvid) fires Shotgun
[00:13:12.40] •••  Dejvid (Dejvid) loses turn due to loss of control; time used: 36.70 sec turn, 0.00 sec retreat
[00:13:33.14] ••• Damage dealt: 70 (2 kills) to gusis (chesnut), 4 to  Dejvid (Dejvid)
[00:13:33.14] ••• gusis (chesnut) starts turn
[00:13:43.16] ••• gusis (chesnut) fires Shotgun
[00:13:54.64] ••• gusis (chesnut) fires Shotgun
[00:13:58.80] ••• gusis (chesnut) ends turn; time used: 13.50 sec turn, 3.00 sec retreat
[00:14:02.82] •••  Dejvid (Dejvid) starts turn
[00:14:45.16] •••  Dejvid (Dejvid) fires Girder
[00:14:48.24] •••  Dejvid (Dejvid) ends turn; time used: 37.34 sec turn, 3.00 sec retreat
[00:14:50.26] ••• gusis (chesnut) starts turn
[00:14:53.54] ••• gusis (chesnut) fires Shotgun
[00:14:57.54] ••• gusis (chesnut) fires Shotgun
[00:15:01.70] ••• gusis (chesnut) ends turn; time used: 5.16 sec turn, 3.00 sec retreat
[00:15:04.30] •••  Dejvid (Dejvid) starts turn
[00:15:17.90] •••  Dejvid (Dejvid) fires Parachute
[00:15:51.38] •••  Dejvid (Dejvid) fires Petrol Bomb
[00:15:55.70] •••  Dejvid (Dejvid) ends turn; time used: 42.48 sec turn, 3.00 sec retreat
[00:16:07.78] ••• Damage dealt: 63 (1 kill) to gusis (chesnut)
[00:16:07.78] ••• gusis (chesnut) starts turn
[00:16:28.88] ••• gusis (chesnut) fires Low Gravity
[00:16:32.26] ••• gusis (chesnut) fires Shotgun
[00:16:45.32] ••• gusis (chesnut) fires Shotgun
[00:16:49.48] ••• gusis (chesnut) ends turn; time used: 27.38 sec turn, 3.00 sec retreat
[00:16:58.84] ••• Damage dealt: 38 (1 kill) to  Dejvid (Dejvid)
[00:16:58.84] •••  Dejvid (Dejvid) starts turn
[00:17:02.98] •••  Dejvid (Dejvid) fires Ninja Rope
[00:17:29.98] •••  Dejvid (Dejvid) fires Shotgun
[00:17:47.10] •••  Dejvid (Dejvid) fires Shotgun
[00:17:51.26] •••  Dejvid (Dejvid) ends turn; time used: 40.70 sec turn, 3.00 sec retreat
[00:18:00.58] ••• Damage dealt: 48 (1 kill) to gusis (chesnut)
[00:18:00.58] ••• gusis (chesnut) starts turn
[00:18:15.70] ••• gusis (chesnut) fires Shotgun
[00:18:23.30] ••• gusis (chesnut) fires Shotgun
[00:18:27.46] ••• gusis (chesnut) ends turn; time used: 17.50 sec turn, 3.00 sec retreat
[00:18:38.06] ••• Damage dealt: 31 (1 kill) to  Dejvid (Dejvid)
[00:18:38.06] •••  Dejvid (Dejvid) starts turn
[00:18:52.78] •••  Dejvid (Dejvid) fires Jet Pack
[00:19:00.86] •••  Dejvid (Dejvid) used 24 units of Jet Pack fuel
[00:19:08.88] •••  Dejvid (Dejvid) fires Shotgun
[00:19:12.94] [Dejvid] gg
[00:19:14.36] •••  Dejvid (Dejvid) ends turn; time used: 28.18 sec turn, 0.00 sec retreat
[00:19:15.82] [chesnut] gg
[00:19:22.76] *** Round Finish acknowledged by Dejvid
[00:19:24.82] ••• Damage dealt: 27 (1 kill) to gusis (chesnut)
[00:19:24.84] ••• Game Ends - Round Finished
[00:19:24.84] *** Round Finish acknowledged by chesnut

Team time totals:
gusis (chesnut):  Turn: 00:05:02.24, Retreat: 00:00:38.00, Total: 00:05:40.24, Turn count: 12
 Dejvid (Dejvid): Turn: 00:06:48.70, Retreat: 00:00:39.00, Total: 00:07:27.70, Turn count: 13

Total Jet Pack fuel used: 54

End of round 1

Round time: 0:19:24
Total game time elapsed: 0:19:24

 Dejvid wins the round.

Worm of the round: guseis (gusis)
Most kills with one shot: 2 - guseis (gusis)
Most damage with one shot: 140 - Kajuh ( Dejvid)
