Game ID: "12329881"
Game Started at 2021-02-14 13:11:18 GMT
Game Engine Version: 3.8
File Format Version: 3.7.3.0 - 3.8.1
Exported with Version: 3.8.1 (Steam)

Red:  "NNNxDario"    as "algunos" [Local Player] [Host]
Blue: "MIGHTY`taner" as "asn"

[00:00:00.00] ••• algunos (NNNxDario) starts turn
[00:00:27.52] ••• algunos (NNNxDario) fires Select Worm
[00:00:31.08] ••• algunos (NNNxDario) fires Parachute
[00:00:37.60] ••• algunos (NNNxDario) fires Shotgun
[00:00:47.86] ••• algunos (NNNxDario) fires Shotgun
[00:00:52.02] ••• algunos (NNNxDario) ends turn; time used: 33.94 sec turn, 3.00 sec retreat
[00:00:56.44] ••• Damage dealt: 94 to asn (MIGHTY`taner)
[00:00:56.44] ••• asn (MIGHTY`taner) starts turn
[00:01:14.56] ••• asn (MIGHTY`taner) fires Shotgun
[00:01:32.80] ••• asn (MIGHTY`taner) loses turn due to loss of control; time used: 27.14 sec turn, 0.00 sec retreat
[00:01:38.40] ••• Damage dealt: 36 to asn (MIGHTY`taner)
[00:01:38.40] ••• algunos (NNNxDario) starts turn
[00:01:47.56] ••• algunos (NNNxDario) fires Select Worm
[00:01:59.38] ••• algunos (NNNxDario) fires Ninja Rope
[00:02:17.00] ••• algunos (NNNxDario) fires Sheep
[00:02:22.02] ••• algunos (NNNxDario) ends turn; time used: 37.88 sec turn, 5.00 sec retreat
[00:02:28.36] ••• Damage dealt: 64 to asn (MIGHTY`taner)
[00:02:28.36] ••• asn (MIGHTY`taner) starts turn
[00:02:38.98] ••• asn (MIGHTY`taner) fires Ninja Rope
[00:02:47.24] ••• asn (MIGHTY`taner) fires Ninja Rope
[00:03:07.56] ••• asn (MIGHTY`taner) fires Mad Cow (herd of 2)
[00:03:09.82] ••• asn (MIGHTY`taner) loses turn due to loss of control; time used: 33.90 sec turn, 1.22 sec retreat
[00:03:19.88] ••• Damage dealt: 143 (1 kill) to algunos (NNNxDario), 10 to asn (MIGHTY`taner)
[00:03:19.88] ••• algunos (NNNxDario) starts turn
[00:03:25.30] ••• algunos (NNNxDario) fires Select Worm
[00:03:32.80] ••• algunos (NNNxDario) fires Ninja Rope
[00:03:40.88] ••• algunos (NNNxDario) uses Parachute
[00:03:49.80] ••• algunos (NNNxDario) fires Shotgun
[00:04:03.34] ••• algunos (NNNxDario) fires Shotgun
[00:04:07.50] ••• algunos (NNNxDario) ends turn; time used: 30.62 sec turn, 3.00 sec retreat
[00:04:13.12] ••• Damage dealt: 106 (2 kills) to asn (MIGHTY`taner)
[00:04:13.12] ••• asn (MIGHTY`taner) starts turn
[00:04:14.40] ••• asn (MIGHTY`taner) fires Shotgun
[00:04:27.50] ••• asn (MIGHTY`taner) fires Shotgun
[00:04:31.66] ••• asn (MIGHTY`taner) ends turn; time used: 11.74 sec turn, 3.00 sec retreat
[00:04:35.94] ••• Damage dealt: 37 (1 kill) to algunos (NNNxDario)
[00:04:35.94] ••• algunos (NNNxDario) starts turn
[00:04:55.56] ••• algunos (NNNxDario) fires Ninja Rope
[00:05:11.92] ••• algunos (NNNxDario) fires Dynamite
[00:05:17.10] ••• algunos (NNNxDario) ends turn; time used: 30.80 sec turn, 5.00 sec retreat
[00:05:42.56] ••• Damage dealt: 90 (1 kill) to algunos (NNNxDario), 144 (2 kills) to asn (MIGHTY`taner)
[00:05:42.56] ••• asn (MIGHTY`taner) starts turn
[00:05:52.72] ••• asn (MIGHTY`taner) fires Shotgun
[00:05:57.68] ••• asn (MIGHTY`taner) fires Shotgun
[00:06:01.84] ••• asn (MIGHTY`taner) ends turn; time used: 5.16 sec turn, 3.00 sec retreat
[00:06:06.26] ••• Damage dealt: 42 to algunos (NNNxDario)
[00:06:06.26] ••• algunos (NNNxDario) starts turn
[00:06:50.56] ••• algunos (NNNxDario) fires Shotgun
[00:06:55.80] ••• algunos (NNNxDario) fires Shotgun
[00:06:59.96] ••• algunos (NNNxDario) ends turn; time used: 42.44 sec turn, 3.00 sec retreat
[00:07:03.98] ••• asn (MIGHTY`taner) starts turn
[00:07:10.38] ••• asn (MIGHTY`taner) fires Ninja Rope
[00:07:21.46] ••• asn (MIGHTY`taner) fires Jet Pack
[00:07:23.78] ••• asn (MIGHTY`taner) fires Dynamite
[00:07:26.96] ••• asn (MIGHTY`taner) used 30 (0) units of Jet Pack fuel
[00:07:28.80] ••• asn (MIGHTY`taner) ends turn; time used: 17.38 sec turn, 5.00 sec retreat
[00:07:36.22] ••• Damage dealt: 90 (1 kill) to algunos (NNNxDario)
[00:07:36.22] ••• algunos (NNNxDario) starts turn
[00:08:25.20] ••• algunos (NNNxDario) fires Mine
[00:08:30.38] ••• algunos (NNNxDario) ends turn; time used: 43.98 sec turn, 5.00 sec retreat
[00:08:39.12] ••• Damage dealt: 47 to asn (MIGHTY`taner)
[00:08:39.12] ••• asn (MIGHTY`taner) starts turn
[00:09:11.16] ••• asn (MIGHTY`taner) fires Ninja Rope
[00:09:12.52] ••• asn (MIGHTY`taner) fires Ninja Rope
[00:09:18.88] ••• asn (MIGHTY`taner) fires Sheep
[00:09:23.90] ••• asn (MIGHTY`taner) ends turn; time used: 37.40 sec turn, 5.00 sec retreat
[00:09:27.22] ••• Damage dealt: 76 to algunos (NNNxDario)
[00:09:27.22] ••• algunos (NNNxDario) starts turn
[00:09:49.66] ••• algunos (NNNxDario) fires Jet Pack
[00:09:59.84] ••• algunos (NNNxDario) used 30 units of Jet Pack fuel
[00:10:12.34] ••• algunos (NNNxDario) fires Petrol Bomb
[00:10:17.04] ••• algunos (NNNxDario) ends turn; time used: 39.70 sec turn, 3.00 sec retreat
[00:10:20.36] ••• Damage dealt: 33 to asn (MIGHTY`taner)
[00:10:20.36] ••• asn (MIGHTY`taner) starts turn
[00:10:23.00] ••• asn (MIGHTY`taner) fires Select Worm
[00:10:29.64] ••• asn (MIGHTY`taner) uses Bungee
[00:10:35.12] ••• asn (MIGHTY`taner) fires Shotgun
[00:10:48.30] ••• asn (MIGHTY`taner) fires Shotgun
[00:10:52.46] ••• asn (MIGHTY`taner) ends turn; time used: 19.94 sec turn, 3.00 sec retreat
[00:10:57.72] ••• Damage dealt: 90 (1 kill) to algunos (NNNxDario)
[00:10:57.72] ••• algunos (NNNxDario) starts turn
[00:11:06.54] [MIGHTY`taner] ur the luckiest son of a nigger ive ever known
[00:11:18.60] [NNNxDario] yes
[00:11:26.62] [NNNxDario] sometimes worms can slide up 2 pixel walls
[00:11:46.98] ••• algunos (NNNxDario) fires Teleport
[00:11:47.40] ••• resetting Jet Pack fuel use to 0
[00:11:49.46] ••• algunos (NNNxDario) ends turn; time used: 44.26 sec turn, 0.02 sec retreat
[00:11:50.10] ••• asn (MIGHTY`taner) starts turn
[00:11:52.24] ••• asn (MIGHTY`taner) fires Select Worm
[00:11:59.18] ••• asn (MIGHTY`taner) fires Parachute
[00:12:05.80] ••• asn (MIGHTY`taner) fires Shotgun
[00:12:44.48] ••• asn (MIGHTY`taner) fires Shotgun
[00:12:48.64] ••• asn (MIGHTY`taner) ends turn; time used: 44.04 sec turn, 3.00 sec retreat
[00:12:53.86] ••• Damage dealt: 21 (1 kill) to algunos (NNNxDario)
[00:12:53.86] ••• algunos (NNNxDario) starts turn
[00:13:14.12] ••• algunos (NNNxDario) fires Petrol Bomb
[00:13:17.44] ••• algunos (NNNxDario) ends turn; time used: 18.68 sec turn, 3.00 sec retreat
[00:13:20.80] ••• Damage dealt: 11 to asn (MIGHTY`taner)
[00:13:20.80] ••• asn (MIGHTY`taner) starts turn
[00:13:35.68] ••• asn (MIGHTY`taner) fires Ninja Rope
[00:13:55.18] ••• asn (MIGHTY`taner) fires Longbow
[00:14:11.76] ••• asn (MIGHTY`taner) fires Longbow
[00:14:14.84] ••• asn (MIGHTY`taner) ends turn; time used: 40.50 sec turn, 3.00 sec retreat
[00:14:18.86] ••• Damage dealt: 15 to algunos (NNNxDario)
[00:14:18.86] ••• algunos (NNNxDario) starts turn
[00:14:29.90] ••• algunos (NNNxDario) fires Girder
[00:14:32.98] ••• algunos (NNNxDario) ends turn; time used: 6.84 sec turn, 3.00 sec retreat
[00:14:35.00] ••• asn (MIGHTY`taner) starts turn
[00:14:48.36] ••• asn (MIGHTY`taner) fires Select Worm
[00:15:02.46] ••• asn (MIGHTY`taner) fires Petrol Bomb
[00:15:06.14] ••• asn (MIGHTY`taner) ends turn; time used: 22.40 sec turn, 3.00 sec retreat
[00:15:16.78] ••• Damage dealt: 41 (1 kill) to algunos (NNNxDario)
[00:15:16.78] ••• algunos (NNNxDario) starts turn
[00:16:03.08] ••• algunos (NNNxDario) fires Teleport
[00:16:05.56] ••• algunos (NNNxDario) ends turn; time used: 44.36 sec turn, 0.02 sec retreat
[00:16:06.16] ••• asn (MIGHTY`taner) starts turn
[00:16:44.84] ••• asn (MIGHTY`taner) uses Bungee
[00:16:55.48] ••• asn (MIGHTY`taner) fires Grenade (3 sec, min bounce)
[00:16:59.02] ••• asn (MIGHTY`taner) loses turn due to loss of control; time used: 44.32 sec turn, 2.86 sec retreat
[00:17:03.94] ••• Damage dealt: 49 to asn (MIGHTY`taner)
[00:17:03.94] ••• algunos (NNNxDario) starts turn
[00:17:13.30] ••• algunos (NNNxDario) uses Bungee
[00:17:37.52] ••• algunos (NNNxDario) fires Ninja Rope
[00:17:38.20] ••• algunos (NNNxDario) fires Ninja Rope
[00:17:53.68] ••• algunos (NNNxDario) fires Homing Pigeon
[00:17:58.70] ••• algunos (NNNxDario) ends turn; time used: 44.04 sec turn, 5.00 sec retreat
[00:18:03.56] ••• Damage dealt: 90 (1 kill) to asn (MIGHTY`taner)
[00:18:03.56] ••• asn (MIGHTY`taner) starts turn
[00:18:35.38] ••• asn (MIGHTY`taner) fires Girder
[00:18:38.46] ••• asn (MIGHTY`taner) ends turn; time used: 26.82 sec turn, 3.00 sec retreat
[00:18:40.48] ••• algunos (NNNxDario) starts turn
[00:18:44.62] ••• algunos (NNNxDario) fires Shotgun
[00:19:01.26] ••• algunos (NNNxDario) fires Shotgun
[00:19:05.42] ••• algunos (NNNxDario) ends turn; time used: 18.16 sec turn, 3.00 sec retreat
[00:19:09.44] ••• asn (MIGHTY`taner) starts turn
[00:19:40.82] ••• asn (MIGHTY`taner) fires Parachute
[00:19:59.02] ••• asn (MIGHTY`taner) fires Girder
[00:20:02.10] ••• asn (MIGHTY`taner) ends turn; time used: 44.58 sec turn, 3.00 sec retreat
[00:20:03.92] ••• algunos (NNNxDario) starts turn
[00:20:52.86] ••• algunos (NNNxDario) fires Petrol Bomb
[00:20:57.22] ••• algunos (NNNxDario) ends turn; time used: 43.94 sec turn, 3.00 sec retreat
[00:20:59.96] ••• Damage dealt: 16 to asn (MIGHTY`taner)
[00:20:59.96] ••• asn (MIGHTY`taner) starts turn
[00:21:48.68] ••• asn (MIGHTY`taner) fires Girder
[00:21:51.76] ••• asn (MIGHTY`taner) ends turn; time used: 43.72 sec turn, 3.00 sec retreat
[00:21:53.78] ••• algunos (NNNxDario) starts turn
[00:22:25.92] ••• algunos (NNNxDario) fires Girder
[00:22:29.00] ••• algunos (NNNxDario) ends turn; time used: 30.66 sec turn, 3.00 sec retreat
[00:22:31.02] ••• Sudden Death
[00:22:41.42] ••• asn (MIGHTY`taner) starts turn
[00:22:52.88] ••• asn (MIGHTY`taner) fires Shotgun
[00:23:33.36] ••• asn (MIGHTY`taner) fires Shotgun
[00:23:37.52] ••• asn (MIGHTY`taner) ends turn; time used: 44.84 sec turn, 3.00 sec retreat
[00:23:44.88] ••• algunos (NNNxDario) starts turn
[00:23:52.02] ••• algunos (NNNxDario) fires Low Gravity
[00:24:28.02] ••• algunos (NNNxDario) fires Girder
[00:24:31.10] ••• algunos (NNNxDario) ends turn; time used: 40.06 sec turn, 3.00 sec retreat
[00:24:36.80] ••• asn (MIGHTY`taner) starts turn
[00:24:38.20] ••• asn (MIGHTY`taner) fires Low Gravity
[00:24:41.76] ••• asn (MIGHTY`taner) fires Shotgun
[00:25:11.74] [NNNxDario] gg
[00:25:14.66] [NNNxDario] wp
[00:25:20.36] ••• asn (MIGHTY`taner) fires Shotgun
[00:25:24.02] [NNNxDario] or not
[00:25:24.52] ••• asn (MIGHTY`taner) ends turn; time used: 40.50 sec turn, 3.00 sec retreat
[00:25:24.54] [MIGHTY`taner] jesus
[00:25:25.94] [MIGHTY`taner] fuck off
[00:25:32.12] ••• algunos (NNNxDario) starts turn
[00:25:43.58] ••• algunos (NNNxDario) uses Bungee
[00:26:21.70] ••• algunos (NNNxDario) fires Homing Pigeon
[00:26:24.78] ••• algunos (NNNxDario) ends turn; time used: 44.58 sec turn, 3.00 sec retreat
[00:26:41.72] ••• Damage dealt: 2 (2 kills) to asn (MIGHTY`taner)
[00:26:41.72] ••• asn (MIGHTY`taner) starts turn
[00:27:10.88] ••• asn (MIGHTY`taner) loses turn due to loss of control; time used: 25.38 sec turn, 0.00 sec retreat
[00:27:19.54] *** Round Finish acknowledged by MIGHTY`taner
[00:27:21.52] ••• Damage dealt: 1 (1 kill) to asn (MIGHTY`taner)
[00:27:21.54] ••• Game Ends - Round Finished
[00:27:21.54] *** Round Finish acknowledged by NNNxDario

Team time totals:
algunos (NNNxDario): Turn: 00:09:54.94, Retreat: 00:00:53.04, Total: 00:10:47.98, Turn count: 17
asn (MIGHTY`taner):  Turn: 00:08:49.76, Retreat: 00:00:47.08, Total: 00:09:36.84, Turn count: 17

End of round 2

Round time: 0:27:21
Total game time elapsed: Unknown

algunos wins the round.

Worm of the round: alguien (algunos)
Most kills with one shot: 2 - cómo (algunos)
Most damage with one shot: 229 - cómo (algunos)
