Game ID: "12336729"
Game Started at 2021-02-16 18:28:04 GMT
Game Engine Version: 3.8.1
File Format Version: 3.7.3.0 - 3.8.1
Exported with Version: 3.8.1 (Steam)

Red:  "NNNxDario" as "algunos" [Local Player] [Host]
Blue: "szpilman"  as "Wyjebane Jajca"

[00:00:00.00] [NNNxDario] hf
[00:00:00.00] ••• Wyjebane Jajca (szpilman) starts turn
[00:00:09.58] ••• Wyjebane Jajca (szpilman) fires Ninja Rope
[00:00:17.62] ••• Wyjebane Jajca (szpilman) fires Select Worm
[00:00:28.32] ••• Wyjebane Jajca (szpilman) fires Ninja Rope
[00:00:29.32] ••• Wyjebane Jajca (szpilman) fires Ninja Rope
[00:00:41.28] ••• Wyjebane Jajca (szpilman) fires Dynamite
[00:00:46.28] ••• Wyjebane Jajca (szpilman) loses turn due to loss of control; time used: 35.38 sec turn, 4.98 sec retreat
[00:00:54.62] ••• Damage dealt: 130 to algunos (NNNxDario), 33 to Wyjebane Jajca (szpilman)
[00:00:54.62] ••• algunos (NNNxDario) starts turn
[00:00:57.44] ••• algunos (NNNxDario) fires Select Worm
[00:00:59.92] [szpilman] gl
[00:01:07.84] ••• algunos (NNNxDario) fires Ninja Rope
[00:01:30.72] ••• algunos (NNNxDario) fires Shotgun
[00:01:43.62] ••• algunos (NNNxDario) fires Shotgun
[00:01:47.78] ••• algunos (NNNxDario) ends turn; time used: 41.74 sec turn, 3.00 sec retreat
[00:01:52.20] ••• Damage dealt: 75 to Wyjebane Jajca (szpilman)
[00:01:52.20] ••• Wyjebane Jajca (szpilman) starts turn
[00:02:00.48] ••• Wyjebane Jajca (szpilman) fires Shotgun
[00:02:13.42] ••• Wyjebane Jajca (szpilman) fires Shotgun
[00:02:17.58] ••• Wyjebane Jajca (szpilman) ends turn; time used: 15.24 sec turn, 3.00 sec retreat
[00:02:28.94] ••• Damage dealt: 32 (1 kill) to algunos (NNNxDario), 1 to Wyjebane Jajca (szpilman)
[00:02:28.94] ••• algunos (NNNxDario) starts turn
[00:02:38.64] ••• algunos (NNNxDario) fires Ninja Rope
[00:03:01.92] ••• algunos (NNNxDario) fires Dynamite
[00:03:07.10] ••• algunos (NNNxDario) ends turn; time used: 32.40 sec turn, 5.00 sec retreat
[00:03:14.36] ••• Damage dealt: 107 to Wyjebane Jajca (szpilman)
[00:03:14.36] ••• Wyjebane Jajca (szpilman) starts turn
[00:03:18.70] ••• Wyjebane Jajca (szpilman) fires Ninja Rope
[00:03:35.98] ••• Wyjebane Jajca (szpilman) fires Shotgun
[00:04:05.16] ••• Wyjebane Jajca (szpilman) fires Shotgun
[00:04:09.32] ••• Wyjebane Jajca (szpilman) ends turn; time used: 43.12 sec turn, 3.00 sec retreat
[00:04:14.08] ••• Damage dealt: 67 to algunos (NNNxDario)
[00:04:14.08] ••• algunos (NNNxDario) starts turn
[00:04:17.24] ••• algunos (NNNxDario) fires Select Worm
[00:04:47.14] ••• algunos (NNNxDario) fires Homing Missile
[00:04:51.66] ••• algunos (NNNxDario) ends turn; time used: 28.86 sec turn, 3.00 sec retreat
[00:05:03.72] ••• Damage dealt: 97 (1 kill) to Wyjebane Jajca (szpilman)
[00:05:03.72] ••• Wyjebane Jajca (szpilman) starts turn
[00:05:16.52] ••• Wyjebane Jajca (szpilman) fires Select Worm
[00:05:23.46] ••• Wyjebane Jajca (szpilman) fires Ninja Rope
[00:05:30.02] ••• Wyjebane Jajca (szpilman) fires Sheep
[00:05:33.20] ••• Wyjebane Jajca (szpilman) ends turn; time used: 21.08 sec turn, 3.00 sec retreat
[00:05:40.10] ••• Damage dealt: 113 (2 kills) to algunos (NNNxDario)
[00:05:40.10] ••• algunos (NNNxDario) starts turn
[00:05:56.02] ••• algunos (NNNxDario) fires Sheep
[00:05:59.04] ••• algunos (NNNxDario) ends turn; time used: 15.68 sec turn, 3.00 sec retreat
[00:06:09.38] ••• Damage dealt: 62 (1 kill) to Wyjebane Jajca (szpilman)
[00:06:09.38] ••• Wyjebane Jajca (szpilman) starts turn
[00:06:10.48] ••• Wyjebane Jajca (szpilman) fires Select Worm
[00:06:21.00] ••• Wyjebane Jajca (szpilman) fires Baseball Bat
[00:06:24.58] ••• Wyjebane Jajca (szpilman) ends turn; time used: 10.56 sec turn, 3.00 sec retreat
[00:06:29.66] ••• Damage dealt: 90 (1 kill) to algunos (NNNxDario)
[00:06:29.66] ••• algunos (NNNxDario) starts turn
[00:06:43.84] ••• algunos (NNNxDario) fires Girder
[00:06:46.92] ••• algunos (NNNxDario) ends turn; time used: 9.18 sec turn, 3.00 sec retreat
[00:06:48.94] ••• Wyjebane Jajca (szpilman) starts turn
[00:06:54.08] ••• Wyjebane Jajca (szpilman) fires Ninja Rope
[00:07:24.94] ••• Wyjebane Jajca (szpilman) fires Shotgun
[00:07:36.26] ••• Wyjebane Jajca (szpilman) fires Shotgun
[00:07:40.42] ••• Wyjebane Jajca (szpilman) ends turn; time used: 39.60 sec turn, 3.00 sec retreat
[00:07:44.84] ••• Damage dealt: 50 to algunos (NNNxDario)
[00:07:44.84] ••• algunos (NNNxDario) starts turn
[00:07:58.84] ••• algunos (NNNxDario) fires Low Gravity
[00:08:07.40] ••• algunos (NNNxDario) fires Shotgun
[00:08:36.60] ••• algunos (NNNxDario) fires Shotgun
[00:08:40.76] ••• algunos (NNNxDario) ends turn; time used: 39.06 sec turn, 3.00 sec retreat
[00:08:46.38] ••• Damage dealt: 29 (1 kill) to Wyjebane Jajca (szpilman)
[00:08:46.38] ••• Wyjebane Jajca (szpilman) starts turn
[00:08:55.06] ••• Wyjebane Jajca (szpilman) fires Air Strike
[00:08:58.54] ••• Wyjebane Jajca (szpilman) ends turn; time used: 3.68 sec turn, 3.00 sec retreat
[00:09:01.78] ••• Damage dealt: 15 to algunos (NNNxDario)
[00:09:01.78] ••• algunos (NNNxDario) starts turn
[00:09:26.16] ••• algunos (NNNxDario) fires Mine
[00:09:31.34] ••• algunos (NNNxDario) ends turn; time used: 23.80 sec turn, 5.00 sec retreat
[00:09:41.24] ••• Damage dealt: 5 to algunos (NNNxDario), 48 to Wyjebane Jajca (szpilman)
[00:09:41.24] ••• Wyjebane Jajca (szpilman) starts turn
[00:09:59.86] ••• Wyjebane Jajca (szpilman) fires Shotgun
[00:10:05.78] ••• Wyjebane Jajca (szpilman) fires Shotgun
[00:10:09.94] ••• Wyjebane Jajca (szpilman) ends turn; time used: 14.26 sec turn, 3.00 sec retreat
[00:10:19.30] ••• Damage dealt: 40 (1 kill) to algunos (NNNxDario)
[00:10:19.30] ••• algunos (NNNxDario) starts turn
[00:10:52.50] ••• algunos (NNNxDario) fires Ninja Rope
[00:11:02.96] ••• algunos (NNNxDario) fires Holy Hand-Grenade
[00:11:07.98] ••• algunos (NNNxDario) ends turn; time used: 43.24 sec turn, 5.00 sec retreat
[00:11:26.34] ••• Damage dealt: 87 (2 kills) to Wyjebane Jajca (szpilman)
[00:11:26.34] ••• Wyjebane Jajca (szpilman) starts turn
[00:11:29.08] ••• Wyjebane Jajca (szpilman) fires Napalm Strike
[00:11:32.56] ••• Wyjebane Jajca (szpilman) ends turn; time used: 1.76 sec turn, 3.00 sec retreat
[00:11:43.22] ••• Damage dealt: 63 to algunos (NNNxDario)
[00:11:43.22] ••• algunos (NNNxDario) starts turn
[00:11:47.90] ••• algunos (NNNxDario) fires Air Strike
[00:11:51.38] ••• algunos (NNNxDario) ends turn; time used: 2.10 sec turn, 3.00 sec retreat
[00:12:05.44] ••• Damage dealt: 1 (1 kill) to Wyjebane Jajca (szpilman)
[00:12:05.44] ••• Wyjebane Jajca (szpilman) starts turn
[00:12:11.54] ••• Wyjebane Jajca (szpilman) fires Low Gravity
[00:12:13.30] ••• Wyjebane Jajca (szpilman) fires Shotgun
[00:12:47.66] ••• Wyjebane Jajca (szpilman) fires Shotgun
[00:12:51.82] ••• Wyjebane Jajca (szpilman) ends turn; time used: 40.04 sec turn, 3.00 sec retreat
[00:13:01.18] ••• Damage dealt: 3 (1 kill) to algunos (NNNxDario)
[00:13:01.18] ••• algunos (NNNxDario) starts turn
[00:13:09.36] ••• algunos (NNNxDario) fires Jet Pack
[00:13:22.76] ••• algunos (NNNxDario) fires Grenade (5 sec, min bounce)
[00:13:27.58] ••• algunos (NNNxDario) used 30 (26) units of Jet Pack fuel
[00:13:27.78] ••• algunos (NNNxDario) ends turn; time used: 17.94 sec turn, 5.00 sec retreat
[00:13:32.44] ••• Damage dealt: 45 to Wyjebane Jajca (szpilman)
[00:13:32.44] ••• Wyjebane Jajca (szpilman) starts turn
[00:13:36.34] ••• Wyjebane Jajca (szpilman) fires Girder
[00:13:39.42] ••• Wyjebane Jajca (szpilman) ends turn; time used: 2.72 sec turn, 3.00 sec retreat
[00:13:41.44] ••• algunos (NNNxDario) starts turn
[00:13:48.36] ••• algunos (NNNxDario) fires Napalm Strike
[00:13:51.84] ••• algunos (NNNxDario) ends turn; time used: 4.76 sec turn, 3.00 sec retreat
[00:14:01.98] ••• Damage dealt: 11 to Wyjebane Jajca (szpilman)
[00:14:01.98] ••• Wyjebane Jajca (szpilman) starts turn
[00:14:22.20] ••• Wyjebane Jajca (szpilman) fires Jet Pack
[00:14:31.80] ••• Wyjebane Jajca (szpilman) used 30 units of Jet Pack fuel
[00:14:36.68] ••• Wyjebane Jajca (szpilman) fires Shotgun
[00:14:52.10] ••• Wyjebane Jajca (szpilman) fires Shotgun
[00:14:56.26] ••• Wyjebane Jajca (szpilman) ends turn; time used: 38.42 sec turn, 3.00 sec retreat
[00:15:01.48] ••• Damage dealt: 22 (1 kill) to algunos (NNNxDario)
[00:15:01.48] ••• algunos (NNNxDario) starts turn
[00:15:14.68] ••• algunos (NNNxDario) fires Teleport
[00:15:15.10] ••• resetting Jet Pack fuel use to 0
[00:15:17.16] ••• algunos (NNNxDario) ends turn; time used: 8.20 sec turn, 0.02 sec retreat
[00:15:17.72] ••• Wyjebane Jajca (szpilman) starts turn
[00:15:36.14] ••• Wyjebane Jajca (szpilman) fires Shotgun
[00:15:50.42] ••• Wyjebane Jajca (szpilman) fires Shotgun
[00:15:54.58] ••• Wyjebane Jajca (szpilman) ends turn; time used: 25.60 sec turn, 3.00 sec retreat
[00:15:59.00] ••• Damage dealt: 20 to algunos (NNNxDario)
[00:15:59.00] ••• algunos (NNNxDario) starts turn
[00:16:12.20] ••• algunos (NNNxDario) fires Shotgun
[00:16:22.04] ••• algunos (NNNxDario) fires Shotgun
[00:16:26.20] ••• algunos (NNNxDario) ends turn; time used: 16.12 sec turn, 3.00 sec retreat
[00:16:30.62] ••• Damage dealt: 51 to Wyjebane Jajca (szpilman)
[00:16:30.62] ••• Wyjebane Jajca (szpilman) starts turn
[00:16:36.30] ••• Wyjebane Jajca (szpilman) fires Teleport
[00:16:38.78] ••• Wyjebane Jajca (szpilman) ends turn; time used: 3.66 sec turn, 0.02 sec retreat
[00:16:40.80] ••• algunos (NNNxDario) starts turn
[00:16:53.38] ••• algunos (NNNxDario) fires Ninja Rope
[00:17:01.92] ••• algunos (NNNxDario) fires Bazooka
[00:17:06.52] ••• algunos (NNNxDario) ends turn; time used: 19.10 sec turn, 3.00 sec retreat
[00:17:15.66] ••• Damage dealt: 34 (1 kill) to Wyjebane Jajca (szpilman)
[00:17:15.66] ••• Wyjebane Jajca (szpilman) starts turn
[00:17:33.04] ••• Wyjebane Jajca (szpilman) fires Homing Missile
[00:17:36.96] ••• Wyjebane Jajca (szpilman) ends turn; time used: 15.22 sec turn, 3.00 sec retreat
[00:17:40.98] ••• algunos (NNNxDario) starts turn
[00:17:41.82] ••• algunos (NNNxDario) fires Ninja Rope
[00:17:47.24] [szpilman] gg
[00:17:50.64] ••• algunos (NNNxDario) fires Grenade (5 sec, min bounce)
[00:17:54.78] [NNNxDario] gg
[00:17:55.74] ••• algunos (NNNxDario) ends turn; time used: 9.12 sec turn, 3.00 sec retreat
[00:18:09.92] ••• Damage dealt: 39 (1 kill) to Wyjebane Jajca (szpilman)
[00:18:09.94] ••• Game Ends - Round Finished
[00:18:09.94] *** Round Finish acknowledged by NNNxDario
[00:18:12.48] *** Round Finish acknowledged by szpilman

Team time totals:
algunos (NNNxDario):       Turn: 00:05:11.30, Retreat: 00:00:50.02, Total: 00:06:01.32, Turn count: 15
Wyjebane Jajca (szpilman): Turn: 00:05:10.34, Retreat: 00:00:44.00, Total: 00:05:54.34, Turn count: 15

End of round 1

Round time: 0:18:09
Total game time elapsed: 0:18:09

algunos wins the round.

Worm of the round: braciak (Wyjebane Jajca)
Most damage with one shot: 163 - odmynt (Wyjebane Jajca)
