Game ID: "12322582"
Game Started at 2021-02-12 17:39:11 GMT
Game Engine Version: 3.8
File Format Version: 3.7.3.0 - 3.8.1
Exported with Version: 3.8.1 (Steam)

Red:       "NNNxDario"      as "algunos" [Local Player] [Host]
Blue:      "`Pn`Mega`Adnan" as "-LåGñÂÑ Çøl2ë$-"
Spectator: "xPoDxSilaneo"

[00:00:00.00] [NNNxDario] hf!
[00:00:00.00] ••• algunos (NNNxDario) starts turn
[00:00:02.18] [`Pn`Mega`Adnan] Funs
[00:00:15.54] ••• algunos (NNNxDario) fires Select Worm
[00:00:24.46] ••• algunos (NNNxDario) fires Ninja Rope
[00:00:36.46] [NNNxDario] ouch
[00:00:40.30] ••• algunos (NNNxDario) fires Select Worm
[00:00:41.72] [`Pn`Mega`Adnan] ooof
[00:00:52.56] ••• algunos (NNNxDario) fires Bazooka
[00:00:56.80] ••• algunos (NNNxDario) ends turn; time used: 44.46 sec turn, 3.00 sec retreat
[00:01:00.66] ••• Damage dealt: 71 to algunos (NNNxDario), 44 to -LåGñÂÑ Çøl2ë$- (`Pn`Mega`Adnan)
[00:01:00.66] ••• -LåGñÂÑ Çøl2ë$- (`Pn`Mega`Adnan) starts turn
[00:01:00.68] [`Pn`Mega`Adnan] cool
[00:01:11.12] ••• -LåGñÂÑ Çøl2ë$- (`Pn`Mega`Adnan) fires Select Worm
[00:01:19.26] ••• -LåGñÂÑ Çøl2ë$- (`Pn`Mega`Adnan) fires Select Worm
[00:01:31.42] ••• -LåGñÂÑ Çøl2ë$- (`Pn`Mega`Adnan) fires Ninja Rope
[00:01:32.20] ••• -LåGñÂÑ Çøl2ë$- (`Pn`Mega`Adnan) fires Ninja Rope
[00:01:51.00] ••• -LåGñÂÑ Çøl2ë$- (`Pn`Mega`Adnan) fires Dynamite
[00:01:56.18] ••• -LåGñÂÑ Çøl2ë$- (`Pn`Mega`Adnan) ends turn; time used: 44.76 sec turn, 5.00 sec retreat
[00:01:59.64] [`Pn`Mega`Adnan] lmfao
[00:02:01.42] [NNNxDario] lol
[00:02:06.38] [NNNxDario] gj donde
[00:02:10.58] ••• Damage dealt: 101 (1 kill) to algunos (NNNxDario), 24 to -LåGñÂÑ Çøl2ë$- (`Pn`Mega`Adnan)
[00:02:10.58] ••• algunos (NNNxDario) starts turn
[00:02:19.48] `Pn`Mega`Adnan [donde] gracias :]
[00:02:33.56] ••• algunos (NNNxDario) fires Ninja Rope
[00:02:50.18] ••• algunos (NNNxDario) fires Shotgun
[00:03:02.70] ••• algunos (NNNxDario) fires Shotgun
[00:03:06.86] ••• algunos (NNNxDario) ends turn; time used: 39.60 sec turn, 3.00 sec retreat
[00:03:11.62] ••• Damage dealt: 118 to -LåGñÂÑ Çøl2ë$- (`Pn`Mega`Adnan)
[00:03:11.62] ••• -LåGñÂÑ Çøl2ë$- (`Pn`Mega`Adnan) starts turn
[00:03:21.00] ••• -LåGñÂÑ Çøl2ë$- (`Pn`Mega`Adnan) fires Select Worm
[00:03:30.00] ••• -LåGñÂÑ Çøl2ë$- (`Pn`Mega`Adnan) fires Ninja Rope
[00:03:59.40] ••• -LåGñÂÑ Çøl2ë$- (`Pn`Mega`Adnan) fires Mad Cow (herd of 2)
[00:04:00.74] ••• -LåGñÂÑ Çøl2ë$- (`Pn`Mega`Adnan) loses turn due to loss of control; time used: 42.46 sec turn, 0.30 sec retreat
[00:04:04.76] [NNNxDario] nice idea
[00:04:09.94] ••• Damage dealt: 215 (2 kills) to algunos (NNNxDario), 35 to -LåGñÂÑ Çøl2ë$- (`Pn`Mega`Adnan)
[00:04:09.94] ••• algunos (NNNxDario) starts turn
[00:04:11.82] [`Pn`Mega`Adnan] ye
[00:04:26.10] ••• algunos (NNNxDario) fires Select Worm
[00:04:26.14] [xPoDxSilaneo] k im back ;]
[00:04:31.98] [`Pn`Mega`Adnan] wb
[00:04:40.44] ••• algunos (NNNxDario) fires Ninja Rope
[00:04:51.82] ••• algunos (NNNxDario) fires Shotgun
[00:05:09.56] ••• algunos (NNNxDario) fires Shotgun
[00:05:13.72] ••• algunos (NNNxDario) ends turn; time used: 42.70 sec turn, 3.00 sec retreat
[00:05:25.26] ••• Damage dealt: 26 to algunos (NNNxDario), 117 (3 kills) to -LåGñÂÑ Çøl2ë$- (`Pn`Mega`Adnan)
[00:05:25.26] ••• -LåGñÂÑ Çøl2ë$- (`Pn`Mega`Adnan) starts turn
[00:05:26.48] [NNNxDario] hi :)
[00:05:36.68] [NNNxDario] so, Sila, you play this event too? :D
[00:05:41.48] ••• -LåGñÂÑ Çøl2ë$- (`Pn`Mega`Adnan) fires Ninja Rope
[00:05:48.32] [xPoDxSilaneo] what event ?
[00:05:52.42] [NNNxDario] you can play random people in #ag and report, you get points (a bit)
[00:06:01.68] ••• -LåGñÂÑ Çøl2ë$- (`Pn`Mega`Adnan) fires Shotgun
[00:06:10.14] [NNNxDario] this is the website
[00:06:10.84] [NNNxDario] https://sites.google.com/view/90-normal-mini-league/home
[00:06:22.66] ••• -LåGñÂÑ Çøl2ë$- (`Pn`Mega`Adnan) fires Shotgun
[00:06:26.82] ••• -LåGñÂÑ Çøl2ë$- (`Pn`Mega`Adnan) ends turn; time used: 43.32 sec turn, 3.00 sec retreat
[00:06:35.20] ••• Damage dealt: 37 (2 kills) to algunos (NNNxDario)
[00:06:35.20] ••• algunos (NNNxDario) starts turn
[00:06:51.22] ••• algunos (NNNxDario) fires Ninja Rope
[00:06:51.96] ••• algunos (NNNxDario) fires Ninja Rope
[00:06:59.90] ••• algunos (NNNxDario) fires Mad Cow (herd of 2)
[00:07:05.90] ••• algunos (NNNxDario) ends turn; time used: 23.74 sec turn, 5.00 sec retreat
[00:07:11.40] ••• Damage dealt: 153 (1 kill) to -LåGñÂÑ Çøl2ë$- (`Pn`Mega`Adnan)
[00:07:11.40] ••• -LåGñÂÑ Çøl2ë$- (`Pn`Mega`Adnan) starts turn
[00:07:36.78] ••• -LåGñÂÑ Çøl2ë$- (`Pn`Mega`Adnan) fires Low Gravity
[00:07:50.28] ••• -LåGñÂÑ Çøl2ë$- (`Pn`Mega`Adnan) fires Baseball Bat
[00:07:53.86] ••• -LåGñÂÑ Çøl2ë$- (`Pn`Mega`Adnan) ends turn; time used: 33.82 sec turn, 3.00 sec retreat
[00:07:56.72] [NNNxDario] plop
[00:08:00.52] ••• Damage dealt: 90 (1 kill) to algunos (NNNxDario)
[00:08:00.52] ••• algunos (NNNxDario) starts turn
[00:08:04.58] [`Pn`Mega`Adnan] plup
[00:08:25.34] ••• algunos (NNNxDario) fires Low Gravity
[00:08:31.46] ••• algunos (NNNxDario) fires Baseball Bat
[00:08:34.70] ••• algunos (NNNxDario) ends turn; time used: 27.66 sec turn, 3.00 sec retreat
[00:08:41.38] ••• Damage dealt: 66 (1 kill) to -LåGñÂÑ Çøl2ë$- (`Pn`Mega`Adnan)
[00:08:41.38] ••• -LåGñÂÑ Çøl2ë$- (`Pn`Mega`Adnan) starts turn
[00:08:56.40] ••• -LåGñÂÑ Çøl2ë$- (`Pn`Mega`Adnan) fires Ninja Rope
[00:08:57.34] ••• -LåGñÂÑ Çøl2ë$- (`Pn`Mega`Adnan) fires Ninja Rope
[00:09:16.72] [NNNxDario] meh, cows are boring
[00:09:20.68] [NNNxDario] want mah pigeons back
[00:09:24.18] [NNNxDario] or hhg
[00:09:30.44] ••• -LåGñÂÑ Çøl2ë$- (`Pn`Mega`Adnan) fires Sheep
[00:09:32.42] ••• -LåGñÂÑ Çøl2ë$- (`Pn`Mega`Adnan) loses turn due to loss of control; time used: 43.50 sec turn, 1.96 sec retreat
[00:09:34.16] [`Pn`Mega`Adnan] holy
[00:09:38.70] ••• Damage dealt: 64 to algunos (NNNxDario), 15 to -LåGñÂÑ Çøl2ë$- (`Pn`Mega`Adnan)
[00:09:38.70] ••• algunos (NNNxDario) starts turn
[00:09:48.72] ••• algunos (NNNxDario) fires Shotgun
[00:09:57.32] ••• algunos (NNNxDario) fires Shotgun
[00:10:01.48] ••• algunos (NNNxDario) ends turn; time used: 9.16 sec turn, 3.00 sec retreat
[00:10:12.82] ••• Damage dealt: 75 (1 kill) to -LåGñÂÑ Çøl2ë$- (`Pn`Mega`Adnan)
[00:10:12.82] ••• -LåGñÂÑ Çøl2ë$- (`Pn`Mega`Adnan) starts turn
[00:10:30.54] [xPoDxSilaneo] cant find this site ^^
[00:10:43.04] [xPoDxSilaneo] ye couldnt stay with cows either ;p
[00:10:51.22] ••• -LåGñÂÑ Çøl2ë$- (`Pn`Mega`Adnan) fires Ninja Rope
[00:11:01.44] ••• -LåGñÂÑ Çøl2ë$- (`Pn`Mega`Adnan) fires Uzi
[00:11:05.64] ••• -LåGñÂÑ Çøl2ë$- (`Pn`Mega`Adnan) ends turn; time used: 43.46 sec turn, 3.00 sec retreat
[00:11:14.16] ••• Damage dealt: 26 (1 kill) to algunos (NNNxDario)
[00:11:14.16] ••• algunos (NNNxDario) starts turn
[00:11:38.58] ••• algunos (NNNxDario) fires Jet Pack
[00:11:46.52] ••• algunos (NNNxDario) used 30 units of Jet Pack fuel
[00:11:57.38] ••• algunos (NNNxDario) fires Shotgun
[00:12:01.90] ••• algunos (NNNxDario) fires Shotgun
[00:12:06.06] ••• algunos (NNNxDario) ends turn; time used: 40.58 sec turn, 3.00 sec retreat
[00:12:15.42] ••• Damage dealt: 46 (1 kill) to -LåGñÂÑ Çøl2ë$- (`Pn`Mega`Adnan)
[00:12:15.42] ••• -LåGñÂÑ Çøl2ë$- (`Pn`Mega`Adnan) starts turn
[00:12:33.28] ••• -LåGñÂÑ Çøl2ë$- (`Pn`Mega`Adnan) fires Jet Pack
[00:12:53.72] [NNNxDario] sent u link with snooper, maybe you can click or copy paste from there
[00:13:04.80] ••• -LåGñÂÑ Çøl2ë$- (`Pn`Mega`Adnan) fires Mine
[00:13:09.70] ••• -LåGñÂÑ Çøl2ë$- (`Pn`Mega`Adnan) used 30 (25) units of Jet Pack fuel
[00:13:09.82] ••• -LåGñÂÑ Çøl2ë$- (`Pn`Mega`Adnan) ends turn; time used: 43.96 sec turn, 5.00 sec retreat
[00:13:17.64] ••• Damage dealt: 46 to algunos (NNNxDario)
[00:13:17.64] ••• algunos (NNNxDario) starts turn
[00:13:18.74] ••• algunos (NNNxDario) fires Air Strike
[00:13:22.22] ••• algunos (NNNxDario) ends turn; time used: 0.80 sec turn, 3.00 sec retreat
[00:13:25.26] [NNNxDario] hmm
[00:13:26.64] ••• Damage dealt: 19 to -LåGñÂÑ Çøl2ë$- (`Pn`Mega`Adnan)
[00:13:26.64] ••• -LåGñÂÑ Çøl2ë$- (`Pn`Mega`Adnan) starts turn
[00:13:28.56] [NNNxDario] okay that was reckless
[00:13:28.76] [`Pn`Mega`Adnan] ow my
[00:13:37.18] ••• -LåGñÂÑ Çøl2ë$- (`Pn`Mega`Adnan) fires Napalm Strike
[00:13:40.66] ••• -LåGñÂÑ Çøl2ë$- (`Pn`Mega`Adnan) ends turn; time used: 5.54 sec turn, 3.00 sec retreat
[00:13:44.70] [`Pn`Mega`Adnan] ah
[00:13:45.66] [`Pn`Mega`Adnan] xD
[00:13:51.56] ••• Damage dealt: 24 to algunos (NNNxDario)
[00:13:51.56] ••• algunos (NNNxDario) starts turn
[00:13:57.96] ••• algunos (NNNxDario) fires Napalm Strike
[00:14:01.44] ••• algunos (NNNxDario) ends turn; time used: 1.56 sec turn, 3.00 sec retreat
[00:14:04.02] [NNNxDario] there :p
[00:14:08.76] [`Pn`Mega`Adnan] gg
[00:14:11.72] [NNNxDario] gg
[00:14:20.94] ••• Damage dealt: 8 (1 kill) to -LåGñÂÑ Çøl2ë$- (`Pn`Mega`Adnan)
[00:14:20.96] ••• Game Ends - Round Finished
[00:14:20.96] *** Round Finish acknowledged by NNNxDario
[00:14:21.12] [xPoDxSilaneo] gg
[00:14:23.46] *** Round Finish acknowledged by xPoDxSilaneo
[00:14:23.46] *** Round Finish acknowledged by `Pn`Mega`Adnan

Team time totals:
algunos (NNNxDario):              Turn: 00:03:50.26, Retreat: 00:00:29.00, Total: 00:04:19.26, Turn count: 9
-LåGñÂÑ Çøl2ë$- (`Pn`Mega`Adnan): Turn: 00:05:00.82, Retreat: 00:00:24.26, Total: 00:05:25.08, Turn count: 8

Total Jet Pack fuel used: 60

End of round 2

Round time: 0:14:20
Total game time elapsed: Unknown

algunos wins the match!

Worm of the round: quién (algunos)

Most kills with one shot: 2 - QûÂð hÃrÐçØl2Ê (-LåGñÂÑ Çøl2ë$-)
Most damage with one shot: 250 - QûÂð hÃrÐçØl2Ê (-LåGñÂÑ Çøl2ë$-)
