Game ID: "12336716"
Game Started at 2021-02-16 18:42:17 GMT
Game Engine Version: 3.8.1
File Format Version: 3.7.3.0 - 3.8.1
Exported with Version: 3.8.1 (Steam)

Red:  "Veals" as "Veals" [Local Player] [Host]
Blue: "hmx"   as "Rape_rs"

[00:00:00.00] ••• Veals (Veals) starts turn
[00:00:02.90] [Veals] i know
[00:00:06.84] [Veals] i not try hard)
[00:00:12.62] [Veals] just play)
[00:00:17.50] [Veals] for fun
[00:00:23.56] ••• Veals (Veals) fires Select Worm
[00:00:38.34] ••• Veals (Veals) fires Ninja Rope
[00:00:44.64] ••• Veals (Veals) uses Parachute
[00:00:48.46] ••• Veals (Veals) fires Bazooka
[00:00:50.66] ••• Veals (Veals) loses turn due to loss of control; time used: 43.24 sec turn, 0.60 sec retreat
[00:00:59.74] ••• Damage dealt: 35 to Veals (Veals), 89 to Rape_rs (hmx)
[00:00:59.74] ••• Rape_rs (hmx) starts turn
[00:01:29.60] ••• Rape_rs (hmx) fires Ninja Rope
[00:01:41.82] ••• Rape_rs (hmx) fires Shotgun
[00:01:50.44] [Veals] no select - good move
[00:01:51.76] ••• Rape_rs (hmx) fires Shotgun
[00:01:54.76] [hmx] XDDDDD
[00:01:55.92] ••• Rape_rs (hmx) ends turn; time used: 44.12 sec turn, 3.00 sec retreat
[00:01:55.94] [hmx] XDDDDDDDDDDDD
[00:01:59.32] [hmx] very good
[00:01:59.94] ••• Damage dealt: 35 to Veals (Veals)
[00:01:59.94] ••• Veals (Veals) starts turn
[00:02:00.04] [Veals] bl
[00:02:04.76] [Veals] just bl)
[00:02:12.62] ••• Veals (Veals) fires Select Worm
[00:02:21.54] ••• Veals (Veals) fires Ninja Rope
[00:02:23.08] ••• Veals (Veals) fires Ninja Rope
[00:02:23.52] [hmx] huh so edges on top sometimes dont work, need to know it for the future
[00:02:27.58] [hmx] still an amateur
[00:02:48.40] ••• Veals (Veals) fires Low Gravity
[00:02:49.50] ••• Veals (Veals) fires Dynamite
[00:02:54.68] ••• Veals (Veals) ends turn; time used: 44.08 sec turn, 5.00 sec retreat
[00:03:01.96] ••• Damage dealt: 12 to Veals (Veals), 115 to Rape_rs (hmx)
[00:03:01.96] ••• Rape_rs (hmx) starts turn
[00:03:07.86] ••• Rape_rs (hmx) fires Select Worm
[00:03:14.86] [Veals] xd
[00:03:20.36] ••• Rape_rs (hmx) fires Shotgun
[00:04:03.04] ••• Rape_rs (hmx) fires Shotgun
[00:04:07.20] ••• Rape_rs (hmx) ends turn; time used: 39.92 sec turn, 3.00 sec retreat
[00:04:12.42] ••• Damage dealt: 145 (2 kills) to Veals (Veals)
[00:04:12.42] ••• Veals (Veals) starts turn
[00:04:17.48] [Veals] i play now only for mini league) for help player ranked)
[00:04:24.40] [Veals] and you norm)
[00:04:42.14] ••• Veals (Veals) fires Sheep
[00:04:45.16] ••• Veals (Veals) ends turn; time used: 24.72 sec turn, 3.00 sec retreat
[00:04:53.36] ••• Damage dealt: 92 (1 kill) to Rape_rs (hmx)
[00:04:53.36] ••• Rape_rs (hmx) starts turn
[00:05:07.20] ••• Rape_rs (hmx) fires Shotgun
[00:05:13.06] ••• Rape_rs (hmx) fires Shotgun
[00:05:17.22] ••• Rape_rs (hmx) ends turn; time used: 14.74 sec turn, 3.00 sec retreat
[00:05:21.64] ••• Damage dealt: 50 to Veals (Veals)
[00:05:21.64] ••• Veals (Veals) starts turn
[00:06:06.74] ••• Veals (Veals) fires Mortar
[00:06:06.76] ••• Veals (Veals) loses turn due to loss of control; time used: 40.84 sec turn, 0.00 sec retreat
[00:06:11.36] ••• Damage dealt: 16 to Veals (Veals), 52 to Rape_rs (hmx)
[00:06:11.36] ••• Rape_rs (hmx) starts turn
[00:06:19.10] ••• Rape_rs (hmx) fires Select Worm
[00:06:24.78] ••• Rape_rs (hmx) fires Ninja Rope
[00:06:34.98] ••• Rape_rs (hmx) fires Ninja Rope
[00:06:39.04] ••• Rape_rs (hmx) uses Parachute
[00:06:50.00] ••• Rape_rs (hmx) fires Dynamite
[00:06:55.18] ••• Rape_rs (hmx) ends turn; time used: 33.98 sec turn, 5.00 sec retreat
[00:07:08.18] ••• Damage dealt: 103 (1 kill) to Veals (Veals), 1 to Rape_rs (hmx)
[00:07:08.18] ••• Veals (Veals) starts turn
[00:07:10.96] [hmx] wrong weapon
[00:07:11.98] [hmx] nvm
[00:07:17.34] ••• Veals (Veals) fires Select Worm
[00:07:26.64] ••• Veals (Veals) fires Ninja Rope
[00:07:56.04] ••• Veals (Veals) fires Shotgun
[00:07:59.56] ••• Veals (Veals) fires Shotgun
[00:08:00.46] ••• Veals (Veals) loses turn due to loss of control; time used: 44.12 sec turn, 0.00 sec retreat
[00:08:03.44] [Veals] lol
[00:08:05.90] ••• Damage dealt: 26 to Veals (Veals), 26 to Rape_rs (hmx)
[00:08:05.90] ••• Rape_rs (hmx) starts turn
[00:08:37.66] ••• Rape_rs (hmx) fires Select Worm
[00:08:43.30] ••• Rape_rs (hmx) fires Shotgun
[00:08:53.52] ••• Rape_rs (hmx) fires Shotgun
[00:08:57.68] ••• Rape_rs (hmx) ends turn; time used: 36.14 sec turn, 3.00 sec retreat
[00:09:02.90] ••• Damage dealt: 64 (1 kill) to Veals (Veals)
[00:09:02.90] ••• Veals (Veals) starts turn
[00:09:32.66] ••• Veals (Veals) fires Longbow
[00:09:38.28] [hmx] ???????????????
[00:09:42.90] ••• Veals (Veals) fires Longbow
[00:09:45.98] ••• Veals (Veals) ends turn; time used: 37.12 sec turn, 3.00 sec retreat
[00:09:50.00] ••• Rape_rs (hmx) starts turn
[00:09:50.02] [hmx] ?????????????????????????????
[00:09:50.02] [Veals] xd
[00:09:56.66] [hmx] THIS is bl
[00:09:59.70] [Veals] yes
[00:10:06.38] ••• Rape_rs (hmx) fires Shotgun
[00:10:22.34] ••• Rape_rs (hmx) fires Shotgun
[00:10:22.86] [Veals] no kami pls if you win)
[00:10:26.50] ••• Rape_rs (hmx) ends turn; time used: 25.24 sec turn, 3.00 sec retreat
[00:10:30.92] ••• Damage dealt: 25 to Veals (Veals)
[00:10:30.92] ••• Veals (Veals) starts turn
[00:10:49.96] ••• Veals (Veals) fires Ninja Rope
[00:10:58.46] ••• Veals (Veals) fires Skunk
[00:11:08.98] [Veals] wtf
[00:11:10.78] [hmx] xDDDDDDDDDDDDDD
[00:11:13.46] ••• Veals (Veals) ends turn; time used: 24.18 sec turn, 5.00 sec retreat
[00:11:19.58] [Veals] THIS is bl
[00:11:24.76] ••• Damage dealt: 10 to Veals (Veals), 18 (1 kill) to Rape_rs (hmx)
[00:11:24.76] ••• Rape_rs (hmx) starts turn
[00:11:24.78] [hmx] idea was good
[00:11:26.58] [Veals] yes)
[00:11:52.38] ••• Rape_rs (hmx) fires Fire Punch
[00:11:57.18] ••• Rape_rs (hmx) ends turn; time used: 23.48 sec turn, 3.00 sec retreat
[00:12:01.78] [hmx] ops
[00:12:02.04] ••• Damage dealt: 30 to Veals (Veals)
[00:12:02.04] ••• Veals (Veals) starts turn
[00:12:02.92] [hmx] bad jump
[00:12:08.36] [Veals] yes )
[00:12:10.68] [Veals] cluster
[00:12:31.58] [Veals] but with this scheme
[00:12:36.98] [Veals] cluster no more damage
[00:12:41.16] ••• Veals (Veals) fires Cluster Bomb (3 sec, min bounce)
[00:12:44.40] ••• Veals (Veals) ends turn; time used: 34.12 sec turn, 3.00 sec retreat
[00:12:49.56] [Veals] hm
[00:12:51.00] ••• Damage dealt: 71 to Rape_rs (hmx)
[00:12:51.00] ••• Rape_rs (hmx) starts turn
[00:12:51.02] [Veals] only 71
[00:12:57.62] [hmx] 1 step forward
[00:13:02.08] [hmx] was needed
[00:13:11.88] [Veals] dont think 
[00:13:21.50] [hmx] hm
[00:13:23.46] [Veals] just low cluser
[00:13:32.42] [Veals] cluster
[00:13:34.02] ••• Rape_rs (hmx) fires Shotgun
[00:13:40.04] ••• Rape_rs (hmx) fires Shotgun
[00:13:44.20] ••• Rape_rs (hmx) ends turn; time used: 41.94 sec turn, 3.00 sec retreat
[00:13:50.30] ••• Veals (Veals) starts turn
[00:13:53.46] [hmx] i think 1 step would do some work
[00:13:59.32] [hmx] but not 100% sure
[00:14:07.78] [Veals] maybe maybe
[00:14:19.48] ••• Veals (Veals) fires Teleport
[00:14:21.96] ••• Veals (Veals) ends turn; time used: 26.08 sec turn, 0.02 sec retreat
[00:14:26.06] ••• Rape_rs (hmx) starts turn
[00:14:59.52] ••• Rape_rs (hmx) fires Cluster Bomb (5 sec, min bounce)
[00:15:04.64] ••• Rape_rs (hmx) ends turn; time used: 32.12 sec turn, 3.00 sec retreat
[00:15:15.50] ••• Damage dealt: 19 (1 kill) to Veals (Veals)
[00:15:15.50] ••• Veals (Veals) starts turn
[00:16:00.08] ••• Veals (Veals) fires Shotgun
[00:16:06.16] ••• Veals (Veals) fires Shotgun
[00:16:10.32] ••• Veals (Veals) ends turn; time used: 40.34 sec turn, 3.00 sec retreat
[00:16:19.68] ••• Damage dealt: 14 (1 kill) to Rape_rs (hmx)
[00:16:19.68] ••• Rape_rs (hmx) starts turn
[00:16:23.80] ••• Rape_rs (hmx) fires Low Gravity
[00:16:38.26] ••• Rape_rs (hmx) fires Parachute
[00:16:42.44] ••• Rape_rs (hmx) fires Ninja Rope
[00:16:58.60] ••• Rape_rs (hmx) fires Battle Axe
[00:17:03.50] ••• Rape_rs (hmx) ends turn; time used: 38.24 sec turn, 3.00 sec retreat
[00:17:07.92] ••• Damage dealt: 45 to Veals (Veals)
[00:17:07.92] ••• Veals (Veals) starts turn
[00:17:22.18] ••• Veals (Veals) fires Ninja Rope
[00:17:23.96] ••• Veals (Veals) fires Ninja Rope
[00:17:32.90] ••• Veals (Veals) fires Grenade (5 sec, min bounce)
[00:17:37.92] ••• Veals (Veals) ends turn; time used: 19.62 sec turn, 5.00 sec retreat
[00:17:48.00] ••• Damage dealt: 38 (1 kill) to Rape_rs (hmx)
[00:17:48.00] ••• Rape_rs (hmx) starts turn
[00:18:11.40] ••• Rape_rs (hmx) fires Shotgun
[00:18:33.38] ••• Rape_rs (hmx) fires Shotgun
[00:18:37.54] ••• Rape_rs (hmx) ends turn; time used: 34.86 sec turn, 3.00 sec retreat
[00:18:42.76] ••• Damage dealt: 15 (1 kill) to Veals (Veals)
[00:18:42.76] ••• Veals (Veals) starts turn
[00:19:18.70] ••• Veals (Veals) fires Mad Cow (herd of 1)
[00:19:21.72] ••• Veals (Veals) ends turn; time used: 35.92 sec turn, 3.00 sec retreat
[00:19:36.56] ••• Damage dealt: 64 (1 kill) to Rape_rs (hmx)
[00:19:36.56] ••• Rape_rs (hmx) starts turn
[00:19:42.44] ••• Rape_rs (hmx) fires Dragon Ball
[00:19:45.46] ••• Rape_rs (hmx) ends turn; time used: 5.86 sec turn, 3.00 sec retreat
[00:19:54.82] ••• Damage dealt: 1 (1 kill) to Veals (Veals)
[00:19:54.82] ••• Veals (Veals) starts turn
[00:20:03.02] ••• Veals (Veals) uses Bungee
[00:20:28.86] ••• Veals (Veals) fires Petrol Bomb
[00:20:32.94] ••• Veals (Veals) ends turn; time used: 32.04 sec turn, 3.00 sec retreat
[00:20:36.96] ••• Rape_rs (hmx) starts turn
[00:20:38.34] ••• Rape_rs (hmx) fires Handgun
[00:20:44.46] ••• Rape_rs (hmx) ends turn; time used: 1.36 sec turn, 3.00 sec retreat
[00:20:44.48] [hmx] ops
[00:20:48.48] ••• Veals (Veals) starts turn
[00:20:48.50] [Veals] xd
[00:20:53.98] ••• Veals (Veals) fires Blow Torch
[00:20:58.24] ••• Veals (Veals) ends turn; time used: 3.80 sec turn, 3.00 sec retreat
[00:21:02.26] ••• Rape_rs (hmx) starts turn
[00:21:14.10] ••• Rape_rs (hmx) fires Girder
[00:21:17.18] ••• Rape_rs (hmx) ends turn; time used: 11.50 sec turn, 3.00 sec retreat
[00:21:18.18] ••• Veals (Veals) starts turn
[00:21:29.98] ••• Veals (Veals) fires Petrol Bomb
[00:21:34.08] ••• Veals (Veals) ends turn; time used: 6.80 sec turn, 3.00 sec retreat
[00:21:38.10] ••• Rape_rs (hmx) starts turn
[00:21:48.84] ••• Rape_rs (hmx) fires Girder
[00:21:51.92] ••• Rape_rs (hmx) ends turn; time used: 10.42 sec turn, 3.00 sec retreat
[00:21:53.94] ••• Veals (Veals) starts turn
[00:22:01.00] ••• Veals (Veals) fires Jet Pack
[00:22:12.12] ••• Veals (Veals) fires Mad Cow (herd of 1)
[00:22:17.12] ••• Veals (Veals) used 30 (23) units of Jet Pack fuel
[00:22:17.14] ••• Veals (Veals) ends turn; time used: 17.04 sec turn, 5.00 sec retreat
[00:22:22.68] ••• Damage dealt: 2 to Veals (Veals), 62 to Rape_rs (hmx)
[00:22:22.68] ••• Rape_rs (hmx) starts turn
[00:22:22.88] [Veals] gg
[00:23:00.46] [hmx] gg
[00:23:04.88] ••• Rape_rs (hmx) fires Shotgun
[00:23:12.42] ••• Rape_rs (hmx) fires Shotgun
[00:23:13.32] ••• Rape_rs (hmx) loses turn due to loss of control; time used: 44.60 sec turn, 0.00 sec retreat
[00:23:20.14] [hmx] gtg
[00:23:21.94] [hmx] gg bb
[00:23:26.58] [Veals] ok
[00:23:28.98] [hmx] see yah next time
[00:23:31.14] *** Round Finish acknowledged by hmx
[00:23:33.14] ••• Damage dealt: 43 (1 kill) to Veals (Veals), 28 (1 kill) to Rape_rs (hmx)
[00:23:33.16] ••• Game Ends - Round Finished
[00:23:33.16] *** Round Finish acknowledged by Veals

Team time totals:
Veals (Veals): Turn: 00:07:54.06, Retreat: 00:00:44.62, Total: 00:08:38.68, Turn count: 16
Rape_rs (hmx): Turn: 00:07:18.52, Retreat: 00:00:47.00, Total: 00:08:05.52, Turn count: 16

Total Jet Pack fuel used: 30

End of round 2

Round time: 0:23:33
Total game time elapsed: Unknown

Rape_rs wins the round.

Worm of the round: Gangsta (Rape_rs)
Most kills with one shot: 2 - Gangsta (Rape_rs)
Most damage with one shot: 145 - Gangsta (Rape_rs)
