Game ID: "12311008"
Game Started at 2021-02-08 12:06:49 GMT
Game Engine Version: 3.8
File Format Version: 3.7.3.0 - 3.8.1
Exported with Version: 3.8.1 (Steam)

Red:  "NNNxDario"    as "algunos" [Local Player] [Host]
Blue: "MIGHTY`taner" as "asn"

[00:00:00.00] [NNNxDario] caca poopoo
[00:00:00.00] ••• asn (MIGHTY`taner) starts turn
[00:00:05.10] ••• asn (MIGHTY`taner) fires Select Worm
[00:00:10.44] ••• asn (MIGHTY`taner) fires Ninja Rope
[00:00:16.82] ••• asn (MIGHTY`taner) uses Parachute
[00:00:22.12] ••• asn (MIGHTY`taner) fires Ninja Rope
[00:00:29.92] ••• asn (MIGHTY`taner) fires Ninja Rope
[00:00:36.00] ••• asn (MIGHTY`taner) fires Dynamite
[00:00:41.18] ••• asn (MIGHTY`taner) ends turn; time used: 30.82 sec turn, 5.00 sec retreat
[00:00:48.48] ••• Damage dealt: 234 to algunos (NNNxDario)
[00:00:48.48] ••• algunos (NNNxDario) starts turn
[00:00:52.62] ••• algunos (NNNxDario) fires Select Worm
[00:00:59.64] ••• algunos (NNNxDario) fires Ninja Rope
[00:01:02.88] ••• algunos (NNNxDario) fires Ninja Rope
[00:01:27.78] ••• algunos (NNNxDario) fires Shotgun
[00:01:39.66] ••• algunos (NNNxDario) fires Shotgun
[00:01:43.82] ••• algunos (NNNxDario) ends turn; time used: 42.02 sec turn, 3.00 sec retreat
[00:01:48.24] ••• Damage dealt: 78 to asn (MIGHTY`taner)
[00:01:48.24] ••• asn (MIGHTY`taner) starts turn
[00:01:53.52] ••• asn (MIGHTY`taner) uses Bungee
[00:01:58.78] ••• asn (MIGHTY`taner) loses turn due to loss of control; time used: 7.46 sec turn, 0.00 sec retreat
[00:02:00.30] [MIGHTY`taner] shit
[00:02:13.30] ••• Damage dealt: 49 to algunos (NNNxDario), 1 to asn (MIGHTY`taner)
[00:02:13.30] ••• algunos (NNNxDario) starts turn
[00:02:21.12] ••• algunos (NNNxDario) fires Ninja Rope
[00:02:23.18] ••• algunos (NNNxDario) fires Ninja Rope
[00:02:27.90] [MIGHTY`taner] do u know what a jigaboo is ?
[00:02:39.70] ••• algunos (NNNxDario) fires Fire Punch
[00:02:44.50] ••• algunos (NNNxDario) ends turn; time used: 22.50 sec turn, 3.00 sec retreat
[00:02:48.92] ••• Damage dealt: 44 to asn (MIGHTY`taner)
[00:02:48.92] ••• asn (MIGHTY`taner) starts turn
[00:02:51.28] [NNNxDario] no
[00:03:20.00] ••• asn (MIGHTY`taner) fires Shotgun
[00:03:24.74] ••• asn (MIGHTY`taner) fires Shotgun
[00:03:28.90] ••• asn (MIGHTY`taner) ends turn; time used: 26.08 sec turn, 3.00 sec retreat
[00:03:39.46] ••• Damage dealt: 41 (1 kill) to algunos (NNNxDario)
[00:03:39.46] ••• algunos (NNNxDario) starts turn
[00:03:42.10] ••• algunos (NNNxDario) uses Bungee
[00:04:11.48] ••• algunos (NNNxDario) fires Shotgun
[00:04:34.12] ••• algunos (NNNxDario) fires Shotgun
[00:04:38.28] ••• algunos (NNNxDario) ends turn; time used: 44.06 sec turn, 3.00 sec retreat
[00:04:41.68] ••• Damage dealt: 105 to asn (MIGHTY`taner)
[00:04:41.68] ••• asn (MIGHTY`taner) starts turn
[00:04:49.72] ••• asn (MIGHTY`taner) fires Sheep
[00:04:57.22] ••• asn (MIGHTY`taner) loses turn due to loss of control; time used: 4.76 sec turn, 3.00 sec retreat
[00:05:05.52] ••• Damage dealt: 43 to asn (MIGHTY`taner)
[00:05:05.52] ••• algunos (NNNxDario) starts turn
[00:05:12.86] ••• algunos (NNNxDario) fires Select Worm
[00:05:21.94] ••• algunos (NNNxDario) fires Shotgun
[00:05:52.26] ••• algunos (NNNxDario) fires Shotgun
[00:05:56.42] ••• algunos (NNNxDario) ends turn; time used: 30.42 sec turn, 3.00 sec retreat
[00:06:02.04] ••• Damage dealt: 81 (1 kill) to asn (MIGHTY`taner)
[00:06:02.04] ••• asn (MIGHTY`taner) starts turn
[00:06:25.70] ••• asn (MIGHTY`taner) fires Grenade (5 sec, min bounce)
[00:06:30.84] ••• asn (MIGHTY`taner) ends turn; time used: 18.66 sec turn, 3.00 sec retreat
[00:06:38.12] ••• Damage dealt: 69 (1 kill) to algunos (NNNxDario)
[00:06:38.12] ••• algunos (NNNxDario) starts turn
[00:06:39.80] ••• algunos (NNNxDario) uses Bungee
[00:06:50.96] ••• algunos (NNNxDario) fires Shotgun
[00:07:06.58] ••• algunos (NNNxDario) fires Shotgun
[00:07:10.74] ••• algunos (NNNxDario) ends turn; time used: 22.32 sec turn, 3.00 sec retreat
[00:07:25.10] ••• Damage dealt: 86 (1 kill) to asn (MIGHTY`taner)
[00:07:25.10] ••• asn (MIGHTY`taner) starts turn
[00:07:40.00] ••• asn (MIGHTY`taner) fires Ninja Rope
[00:07:41.04] ••• asn (MIGHTY`taner) fires Ninja Rope
[00:07:57.38] ••• asn (MIGHTY`taner) fires Mad Cow (herd of 2)
[00:08:01.16] ••• asn (MIGHTY`taner) loses turn due to loss of control; time used: 27.46 sec turn, 2.78 sec retreat
[00:08:15.34] ••• Damage dealt: 76 (1 kill) to algunos (NNNxDario), 3 to asn (MIGHTY`taner)
[00:08:15.34] ••• algunos (NNNxDario) starts turn
[00:08:35.24] ••• algunos (NNNxDario) fires Shotgun
[00:08:40.82] ••• algunos (NNNxDario) loses turn due to loss of control; time used: 20.10 sec turn, 0.00 sec retreat
[00:08:45.56] ••• Damage dealt: 5 to algunos (NNNxDario), 22 to asn (MIGHTY`taner)
[00:08:45.56] ••• asn (MIGHTY`taner) starts turn
[00:09:02.14] ••• asn (MIGHTY`taner) fires Low Gravity
[00:09:06.76] ••• asn (MIGHTY`taner) fires Shotgun
[00:09:30.94] ••• asn (MIGHTY`taner) fires Shotgun
[00:09:35.10] ••• asn (MIGHTY`taner) ends turn; time used: 26.34 sec turn, 3.00 sec retreat
[00:09:44.46] ••• Damage dealt: 56 (2 kills) to algunos (NNNxDario)
[00:09:44.46] ••• algunos (NNNxDario) starts turn
[00:09:54.64] ••• algunos (NNNxDario) fires Shotgun
[00:10:16.48] ••• algunos (NNNxDario) fires Shotgun
[00:10:20.64] ••• algunos (NNNxDario) ends turn; time used: 23.20 sec turn, 3.00 sec retreat
[00:10:26.26] ••• Damage dealt: 36 (1 kill) to asn (MIGHTY`taner)
[00:10:26.26] ••• asn (MIGHTY`taner) starts turn
[00:10:40.92] ••• asn (MIGHTY`taner) fires Select Worm
[00:10:55.76] ••• asn (MIGHTY`taner) fires Grenade (5 sec, min bounce)
[00:11:01.48] ••• asn (MIGHTY`taner) ends turn; time used: 28.08 sec turn, 3.00 sec retreat
[00:11:09.20] ••• Damage dealt: 10 (1 kill) to algunos (NNNxDario)
[00:11:09.20] ••• algunos (NNNxDario) starts turn
[00:11:38.50] ••• algunos (NNNxDario) fires Ninja Rope
[00:11:56.94] ••• algunos (NNNxDario) fires Sheep
[00:12:00.86] ••• algunos (NNNxDario) ends turn; time used: 42.44 sec turn, 3.00 sec retreat
[00:12:09.54] ••• Damage dealt: 47 (1 kill) to asn (MIGHTY`taner)
[00:12:09.54] ••• asn (MIGHTY`taner) starts turn
[00:12:20.50] ••• asn (MIGHTY`taner) fires Jet Pack
[00:12:31.34] ••• asn (MIGHTY`taner) used 30 units of Jet Pack fuel
[00:12:43.28] ••• asn (MIGHTY`taner) fires Longbow
[00:12:45.42] ••• asn (MIGHTY`taner) loses turn due to loss of control; time used: 28.32 sec turn, 0.00 sec retreat
[00:12:46.64] [MIGHTY`taner] fuck off
[00:12:48.44] [NNNxDario] bonk
[00:12:51.14] ••• Damage dealt: 27 to algunos (NNNxDario), 38 (1 kill) to asn (MIGHTY`taner)
[00:12:51.14] ••• algunos (NNNxDario) starts turn
[00:13:04.28] ••• algunos (NNNxDario) fires Select Worm
[00:13:15.16] ••• algunos (NNNxDario) fires Jet Pack
[00:13:18.74] ••• algunos (NNNxDario) fires Skunk
[00:13:22.76] ••• algunos (NNNxDario) used 30 (11) units of Jet Pack fuel
[00:13:27.20] ••• algunos (NNNxDario) ends turn; time used: 22.12 sec turn, 5.00 sec retreat
[00:13:31.34] ••• asn (MIGHTY`taner) starts turn
[00:14:03.26] ••• asn (MIGHTY`taner) fires Bazooka
[00:14:07.28] ••• asn (MIGHTY`taner) ends turn; time used: 26.92 sec turn, 3.00 sec retreat
[00:14:11.30] ••• algunos (NNNxDario) starts turn
[00:14:16.34] ••• algunos (NNNxDario) fires Girder
[00:14:19.42] ••• algunos (NNNxDario) ends turn; time used: 2.92 sec turn, 3.00 sec retreat
[00:14:21.44] ••• asn (MIGHTY`taner) starts turn
[00:14:36.96] ••• asn (MIGHTY`taner) fires Girder
[00:14:40.04] ••• asn (MIGHTY`taner) ends turn; time used: 10.52 sec turn, 3.00 sec retreat
[00:14:42.06] ••• algunos (NNNxDario) starts turn
[00:15:09.94] ••• algunos (NNNxDario) fires Petrol Bomb
[00:15:14.42] ••• algunos (NNNxDario) ends turn; time used: 22.88 sec turn, 3.00 sec retreat
[00:15:18.44] ••• asn (MIGHTY`taner) starts turn
[00:15:42.78] ••• asn (MIGHTY`taner) fires Girder
[00:15:45.86] ••• asn (MIGHTY`taner) ends turn; time used: 19.34 sec turn, 3.00 sec retreat
[00:15:47.88] ••• algunos (NNNxDario) starts turn
[00:15:58.00] ••• algunos (NNNxDario) fires Blow Torch
[00:16:05.74] ••• algunos (NNNxDario) ends turn; time used: 9.20 sec turn, 3.00 sec retreat
[00:16:08.48] ••• asn (MIGHTY`taner) starts turn
[00:16:26.36] ••• asn (MIGHTY`taner) fires Skunk
[00:16:39.70] ••• asn (MIGHTY`taner) ends turn; time used: 16.18 sec turn, 3.00 sec retreat
[00:16:47.16] ••• Damage dealt: 29 to algunos (NNNxDario)
[00:16:47.16] ••• algunos (NNNxDario) starts turn
[00:17:16.68] ••• algunos (NNNxDario) fires Shotgun
[00:17:32.44] ••• algunos (NNNxDario) fires Shotgun
[00:17:36.60] ••• algunos (NNNxDario) ends turn; time used: 35.96 sec turn, 3.00 sec retreat
[00:17:43.90] ••• Damage dealt: 55 (1 kill) to asn (MIGHTY`taner)
[00:17:43.90] ••• asn (MIGHTY`taner) starts turn
[00:18:04.52] ••• asn (MIGHTY`taner) fires Shotgun
[00:18:09.12] ••• asn (MIGHTY`taner) fires Shotgun
[00:18:13.28] ••• asn (MIGHTY`taner) ends turn; time used: 22.10 sec turn, 3.00 sec retreat
[00:18:17.92] ••• algunos (NNNxDario) starts turn
[00:18:30.68] ••• algunos (NNNxDario) fires Shotgun
[00:18:41.10] [MIGHTY`taner] hahaha
[00:18:42.52] [MIGHTY`taner] damn noob
[00:19:04.06] ••• algunos (NNNxDario) fires Shotgun
[00:19:08.22] ••• algunos (NNNxDario) ends turn; time used: 43.74 sec turn, 3.00 sec retreat
[00:19:10.76] [NNNxDario] and what u gonna do about it
[00:19:14.32] ••• asn (MIGHTY`taner) starts turn
[00:19:37.56] ••• asn (MIGHTY`taner) fires Shotgun
[00:19:40.18] ••• asn (MIGHTY`taner) fires Shotgun
[00:19:44.34] ••• asn (MIGHTY`taner) ends turn; time used: 20.54 sec turn, 3.00 sec retreat
[00:19:50.44] ••• algunos (NNNxDario) starts turn
[00:20:05.22] ••• algunos (NNNxDario) fires Shotgun
[00:20:23.22] ••• algunos (NNNxDario) fires Shotgun
[00:20:27.38] ••• algunos (NNNxDario) ends turn; time used: 30.66 sec turn, 3.00 sec retreat
[00:20:38.42] ••• Damage dealt: 13 (1 kill) to asn (MIGHTY`taner)
[00:20:38.42] ••• asn (MIGHTY`taner) starts turn
[00:20:51.58] ••• asn (MIGHTY`taner) fires Girder
[00:20:54.66] ••• asn (MIGHTY`taner) ends turn; time used: 11.86 sec turn, 3.00 sec retreat
[00:20:58.76] ••• algunos (NNNxDario) starts turn
[00:21:22.72] ••• algunos (NNNxDario) fires Holy Hand-Grenade
[00:21:27.64] ••• algunos (NNNxDario) ends turn; time used: 20.56 sec turn, 3.00 sec retreat
[00:21:33.52] [MIGHTY`taner] wtf
[00:21:35.88] [MIGHTY`taner] bitch
[00:21:40.48] ••• Damage dealt: 68 (1 kill) to asn (MIGHTY`taner)
[00:21:40.50] ••• Game Ends - Round Finished
[00:21:40.50] *** Round Finish acknowledged by NNNxDario
[00:21:42.94] *** Round Finish acknowledged by MIGHTY`taner

Team time totals:
algunos (NNNxDario): Turn: 00:07:15.10, Retreat: 00:00:47.00, Total: 00:08:02.10, Turn count: 16
asn (MIGHTY`taner):  Turn: 00:05:25.44, Retreat: 00:00:43.78, Total: 00:06:09.22, Turn count: 16

Total Jet Pack fuel used: 60

End of round 1

Round time: 0:21:40
Total game time elapsed: 0:21:40

algunos wins the round.

Worm of the round: e?p? (asn)
Most damage with one shot: 234 - e?p? (asn)
