Game ID: "12312621"
Game Started at 2021-02-08 22:04:40 GMT
Game Engine Version: 3.8.1
File Format Version: 3.7.3.0 - 3.8.1
Exported with Version: 3.8.1 (Steam)

Red:  "NNNxDario" as "algunos" [Local Player] [Host]
Blue: "Phi"       as "WORMS OF HONOR"

[00:00:00.00] [NNNxDario] hf
[00:00:00.00] ••• WORMS OF HONOR (Phi) starts turn
[00:00:09.80] ••• WORMS OF HONOR (Phi) fires Ninja Rope
[00:00:18.40] ••• WORMS OF HONOR (Phi) fires Ninja Rope
[00:00:29.02] ••• WORMS OF HONOR (Phi) fires Dynamite
[00:00:34.20] ••• WORMS OF HONOR (Phi) ends turn; time used: 24.78 sec turn, 5.00 sec retreat
[00:00:55.94] [Phi] u2
[00:01:00.60] ••• Damage dealt: 270 (3 kills) to algunos (NNNxDario), 44 to WORMS OF HONOR (Phi)
[00:01:00.60] ••• algunos (NNNxDario) starts turn
[00:01:05.04] ••• algunos (NNNxDario) fires Select Worm
[00:01:20.70] ••• algunos (NNNxDario) fires Select Worm
[00:01:30.70] ••• algunos (NNNxDario) fires Ninja Rope
[00:01:44.36] ••• algunos (NNNxDario) fires Shotgun
[00:01:50.32] ••• algunos (NNNxDario) fires Shotgun
[00:01:54.48] ••• algunos (NNNxDario) ends turn; time used: 41.70 sec turn, 3.00 sec retreat
[00:01:58.90] ••• Damage dealt: 123 to WORMS OF HONOR (Phi)
[00:01:58.90] ••• WORMS OF HONOR (Phi) starts turn
[00:02:14.36] ••• WORMS OF HONOR (Phi) fires Ninja Rope
[00:02:23.92] ••• WORMS OF HONOR (Phi) fires Ninja Rope
[00:02:34.66] ••• WORMS OF HONOR (Phi) fires Mad Cow (herd of 2)
[00:02:38.70] ••• WORMS OF HONOR (Phi) ends turn; time used: 33.34 sec turn, 3.00 sec retreat
[00:02:51.66] ••• Damage dealt: 180 (2 kills) to algunos (NNNxDario)
[00:02:51.66] ••• algunos (NNNxDario) starts turn
[00:02:57.26] ••• algunos (NNNxDario) fires Select Worm
[00:03:04.92] ••• algunos (NNNxDario) fires Low Gravity
[00:03:13.66] ••• algunos (NNNxDario) fires Ninja Rope
[00:03:40.38] ••• algunos (NNNxDario) fires Baseball Bat
[00:03:43.96] ••• algunos (NNNxDario) ends turn; time used: 43.60 sec turn, 3.00 sec retreat
[00:03:51.22] ••• Damage dealt: 90 (1 kill) to WORMS OF HONOR (Phi)
[00:03:51.22] ••• WORMS OF HONOR (Phi) starts turn
[00:03:55.06] ••• WORMS OF HONOR (Phi) fires Select Worm
[00:04:03.00] ••• WORMS OF HONOR (Phi) fires Ninja Rope
[00:04:25.32] ••• WORMS OF HONOR (Phi) fires Mine
[00:04:30.50] ••• WORMS OF HONOR (Phi) ends turn; time used: 30.30 sec turn, 5.00 sec retreat
[00:04:37.48] ••• Damage dealt: 48 to algunos (NNNxDario)
[00:04:37.48] ••• algunos (NNNxDario) starts turn
[00:05:06.20] ••• algunos (NNNxDario) fires Ninja Rope
[00:05:07.14] ••• algunos (NNNxDario) fires Ninja Rope
[00:05:27.58] ••• algunos (NNNxDario) fires Dynamite
[00:05:32.76] ••• algunos (NNNxDario) ends turn; time used: 42.14 sec turn, 5.00 sec retreat
[00:05:40.90] ••• Damage dealt: 118 (1 kill) to WORMS OF HONOR (Phi)
[00:05:40.90] ••• WORMS OF HONOR (Phi) starts turn
[00:05:59.62] ••• WORMS OF HONOR (Phi) fires Sheep
[00:06:07.82] ••• WORMS OF HONOR (Phi) ends turn; time used: 16.40 sec turn, 3.00 sec retreat
[00:06:13.94] ••• Damage dealt: 36 to algunos (NNNxDario)
[00:06:13.94] ••• algunos (NNNxDario) starts turn
[00:06:23.34] ••• algunos (NNNxDario) fires Shotgun
[00:06:38.10] ••• algunos (NNNxDario) fires Shotgun
[00:06:42.26] ••• algunos (NNNxDario) ends turn; time used: 15.58 sec turn, 3.00 sec retreat
[00:06:51.62] ••• Damage dealt: 46 (1 kill) to WORMS OF HONOR (Phi)
[00:06:51.62] ••• WORMS OF HONOR (Phi) starts turn
[00:07:27.72] ••• WORMS OF HONOR (Phi) fires Girder
[00:07:30.80] ••• WORMS OF HONOR (Phi) ends turn; time used: 31.10 sec turn, 3.00 sec retreat
[00:07:32.82] ••• algunos (NNNxDario) starts turn
[00:08:08.58] ••• algunos (NNNxDario) fires Skunk
[00:08:20.84] ••• algunos (NNNxDario) ends turn; time used: 35.36 sec turn, 3.00 sec retreat
[00:08:27.18] ••• Damage dealt: 20 to WORMS OF HONOR (Phi)
[00:08:27.18] ••• WORMS OF HONOR (Phi) starts turn
[00:08:41.16] ••• WORMS OF HONOR (Phi) uses Parachute
[00:08:55.64] ••• WORMS OF HONOR (Phi) fires Shotgun
[00:09:00.64] ••• WORMS OF HONOR (Phi) fires Shotgun
[00:09:04.80] ••• WORMS OF HONOR (Phi) ends turn; time used: 26.60 sec turn, 3.00 sec retreat
[00:09:15.84] ••• Damage dealt: 42 (1 kill) to algunos (NNNxDario)
[00:09:15.84] ••• algunos (NNNxDario) starts turn
[00:09:17.74] ••• algunos (NNNxDario) fires Teleport
[00:09:20.22] ••• algunos (NNNxDario) ends turn; time used: 0.86 sec turn, 0.02 sec retreat
[00:09:22.92] ••• WORMS OF HONOR (Phi) starts turn
[00:09:35.22] ••• WORMS OF HONOR (Phi) fires Girder
[00:09:38.30] ••• WORMS OF HONOR (Phi) ends turn; time used: 7.30 sec turn, 3.00 sec retreat
[00:09:42.40] ••• algunos (NNNxDario) starts turn
[00:09:50.58] ••• algunos (NNNxDario) fires Air Strike
[00:09:54.06] ••• algunos (NNNxDario) ends turn; time used: 5.02 sec turn, 3.00 sec retreat
[00:10:12.44] ••• Damage dealt: 15 (1 kill) to WORMS OF HONOR (Phi)
[00:10:12.44] ••• WORMS OF HONOR (Phi) starts turn
[00:10:35.88] ••• WORMS OF HONOR (Phi) fires Teleport
[00:10:38.36] ••• WORMS OF HONOR (Phi) ends turn; time used: 21.38 sec turn, 0.02 sec retreat
[00:10:41.02] ••• algunos (NNNxDario) starts turn
[00:10:45.98] ••• algunos (NNNxDario) fires Shotgun
[00:10:53.20] ••• algunos (NNNxDario) fires Shotgun
[00:10:57.36] ••• algunos (NNNxDario) ends turn; time used: 6.90 sec turn, 3.00 sec retreat
[00:11:03.46] ••• WORMS OF HONOR (Phi) starts turn
[00:11:19.66] ••• WORMS OF HONOR (Phi) fires Blow Torch
[00:11:24.94] ••• WORMS OF HONOR (Phi) ends turn; time used: 13.42 sec turn, 3.00 sec retreat
[00:11:31.04] ••• algunos (NNNxDario) starts turn
[00:12:05.92] ••• algunos (NNNxDario) fires Girder
[00:12:09.00] ••• algunos (NNNxDario) ends turn; time used: 29.88 sec turn, 3.00 sec retreat
[00:12:13.44] ••• WORMS OF HONOR (Phi) starts turn
[00:12:20.32] ••• WORMS OF HONOR (Phi) fires Jet Pack
[00:12:29.24] ••• WORMS OF HONOR (Phi) used 30 units of Jet Pack fuel
[00:12:54.34] ••• WORMS OF HONOR (Phi) fires Kamikaze
[00:12:55.68] ••• WORMS OF HONOR (Phi) loses turn due to loss of control; time used: 35.94 sec turn, 0.00 sec retreat
[00:13:05.86] ••• Damage dealt: 48 to algunos (NNNxDario), 4 (1 kill) to WORMS OF HONOR (Phi)
[00:13:05.86] ••• algunos (NNNxDario) starts turn
[00:13:27.28] ••• algunos (NNNxDario) fires Uzi
[00:13:31.48] ••• algunos (NNNxDario) ends turn; time used: 15.56 sec turn, 3.00 sec retreat
[00:13:44.86] ••• Damage dealt: 4 to algunos (NNNxDario), 58 (1 kill) to WORMS OF HONOR (Phi)
[00:13:44.86] ••• WORMS OF HONOR (Phi) starts turn
[00:14:27.08] ••• WORMS OF HONOR (Phi) fires Girder
[00:14:30.16] ••• WORMS OF HONOR (Phi) ends turn; time used: 40.72 sec turn, 3.00 sec retreat
[00:14:34.26] ••• algunos (NNNxDario) starts turn
[00:14:36.06] ••• algunos (NNNxDario) fires Teleport
[00:14:36.48] ••• resetting Jet Pack fuel use to 0
[00:14:38.54] ••• algunos (NNNxDario) ends turn; time used: 1.52 sec turn, 0.02 sec retreat
[00:14:41.34] ••• WORMS OF HONOR (Phi) starts turn
[00:15:12.54] ••• WORMS OF HONOR (Phi) fires Blow Torch
[00:15:17.06] ••• WORMS OF HONOR (Phi) ends turn; time used: 30.08 sec turn, 3.00 sec retreat
[00:15:21.66] ••• algunos (NNNxDario) starts turn
[00:15:29.24] ••• algunos (NNNxDario) fires Ninja Rope
[00:15:52.84] ••• algunos (NNNxDario) fires Shotgun
[00:16:10.88] ••• algunos (NNNxDario) fires Shotgun
[00:16:15.04] ••• algunos (NNNxDario) ends turn; time used: 39.86 sec turn, 3.00 sec retreat
[00:16:22.34] ••• Damage dealt: 20 (1 kill) to WORMS OF HONOR (Phi)
[00:16:22.34] ••• WORMS OF HONOR (Phi) starts turn
[00:16:34.08] ••• WORMS OF HONOR (Phi) fires Skunk
[00:16:37.26] ••• WORMS OF HONOR (Phi) ends turn; time used: 10.54 sec turn, 3.00 sec retreat
[00:16:43.34] ••• Damage dealt: 20 to algunos (NNNxDario)
[00:16:43.34] ••• algunos (NNNxDario) starts turn
[00:16:54.32] ••• algunos (NNNxDario) fires Jet Pack
[00:17:04.94] ••• algunos (NNNxDario) fires Grenade (5 sec, max bounce)
[00:17:06.88] [Phi] gg
[00:17:09.94] ••• algunos (NNNxDario) used 30 (30) units of Jet Pack fuel
[00:17:09.96] ••• algunos (NNNxDario) ends turn; time used: 21.16 sec turn, 5.00 sec retreat
[00:17:11.22] [NNNxDario] gg
[00:17:24.22] ••• Damage dealt: 1 (1 kill) to WORMS OF HONOR (Phi)
[00:17:24.24] ••• Game Ends - Round Finished
[00:17:24.24] *** Round Finish acknowledged by NNNxDario
[00:17:26.62] *** Round Finish acknowledged by Phi

Team time totals:
algunos (NNNxDario):  Turn: 00:04:59.14, Retreat: 00:00:37.04, Total: 00:05:36.18, Turn count: 13
WORMS OF HONOR (Phi): Turn: 00:05:21.90, Retreat: 00:00:37.02, Total: 00:05:58.92, Turn count: 13

Total Jet Pack fuel used: 30

End of round 2

Round time: 0:17:24
Total game time elapsed: Unknown

algunos wins the match!

Worm of the round: cómo (algunos)

Most kills with one shot: 3 - The Brave Fuck (WORMS OF HONOR)
Most damage with one shot: 270 - The Brave Fuck (WORMS OF HONOR)
