Game ID: "12322288"
Game Started at 2021-02-12 16:19:08 GMT
Game Engine Version: 3.8.1
File Format Version: 3.7.3.0 - 3.8.1
Exported with Version: 3.8.1 (Steam)

Red:  "NNNxDario"      as "algunos" [Local Player] [Host]
Blue: "`Pn`Mega`Adnan" as "UltraKlanMaggies"

[00:00:00.00] ••• UltraKlanMaggies (`Pn`Mega`Adnan) starts turn
[00:00:00.02] [NNNxDario] hf!
[00:00:02.44] [`Pn`Mega`Adnan] Funs
[00:00:37.34] ••• UltraKlanMaggies (`Pn`Mega`Adnan) uses Bungee
[00:00:49.80] ••• UltraKlanMaggies (`Pn`Mega`Adnan) fires Dynamite
[00:00:54.98] ••• UltraKlanMaggies (`Pn`Mega`Adnan) ends turn; time used: 44.80 sec turn, 5.00 sec retreat
[00:00:56.10] [`Pn`Mega`Adnan] ews
[00:00:59.82] [NNNxDario] oof
[00:01:00.88] ••• Damage dealt: 44 to algunos (NNNxDario)
[00:01:00.88] ••• algunos (NNNxDario) starts turn
[00:01:14.62] ••• algunos (NNNxDario) fires Ninja Rope
[00:01:18.96] ••• algunos (NNNxDario) fires Select Worm
[00:01:43.66] ••• algunos (NNNxDario) fires Mine
[00:01:48.84] ••• algunos (NNNxDario) ends turn; time used: 41.78 sec turn, 5.00 sec retreat
[00:01:53.52] [NNNxDario] anyway
[00:01:55.82] ••• Damage dealt: 37 to UltraKlanMaggies (`Pn`Mega`Adnan)
[00:01:55.82] ••• UltraKlanMaggies (`Pn`Mega`Adnan) starts turn
[00:01:56.20] [`Pn`Mega`Adnan] ow
[00:02:15.86] ••• UltraKlanMaggies (`Pn`Mega`Adnan) fires Ninja Rope
[00:02:16.80] ••• UltraKlanMaggies (`Pn`Mega`Adnan) loses turn due to loss of control; time used: 16.16 sec turn, 0.00 sec retreat
[00:02:17.92] [`Pn`Mega`Adnan] xD
[00:02:18.86] [NNNxDario] wops
[00:02:22.96] ••• Damage dealt: 1 to algunos (NNNxDario), 90 (1 kill) to UltraKlanMaggies (`Pn`Mega`Adnan)
[00:02:22.96] ••• algunos (NNNxDario) starts turn
[00:02:48.32] ••• algunos (NNNxDario) fires Grenade (5 sec, min bounce)
[00:02:53.48] ••• algunos (NNNxDario) ends turn; time used: 24.76 sec turn, 3.00 sec retreat
[00:03:03.30] ••• UltraKlanMaggies (`Pn`Mega`Adnan) starts turn
[00:03:09.20] ••• UltraKlanMaggies (`Pn`Mega`Adnan) fires Select Worm
[00:03:23.82] ••• UltraKlanMaggies (`Pn`Mega`Adnan) fires Ninja Rope
[00:03:43.98] ••• UltraKlanMaggies (`Pn`Mega`Adnan) fires Shotgun
[00:03:52.54] ••• UltraKlanMaggies (`Pn`Mega`Adnan) fires Shotgun
[00:03:56.70] ••• UltraKlanMaggies (`Pn`Mega`Adnan) ends turn; time used: 44.14 sec turn, 3.00 sec retreat
[00:03:58.46] [NNNxDario] ha!
[00:03:59.42] ••• Damage dealt: 23 to algunos (NNNxDario)
[00:03:59.42] ••• algunos (NNNxDario) starts turn
[00:04:01.28] [NNNxDario] hydrophobic
[00:04:03.78] [`Pn`Mega`Adnan] donde is stronk one
[00:04:04.84] [`Pn`Mega`Adnan] xD
[00:04:38.36] ••• algunos (NNNxDario) fires Jet Pack
[00:04:46.46] ••• algunos (NNNxDario) fires Grenade (5 sec, min bounce)
[00:04:48.94] ••• algunos (NNNxDario) used 30 (25) units of Jet Pack fuel
[00:04:51.48] ••• algunos (NNNxDario) ends turn; time used: 43.52 sec turn, 5.00 sec retreat
[00:04:56.68] ••• Damage dealt: 39 to UltraKlanMaggies (`Pn`Mega`Adnan)
[00:04:56.68] ••• UltraKlanMaggies (`Pn`Mega`Adnan) starts turn
[00:04:56.70] [`Pn`Mega`Adnan] oof
[00:04:57.50] [NNNxDario] so bad xD
[00:05:24.32] ••• UltraKlanMaggies (`Pn`Mega`Adnan) fires Select Worm
[00:05:32.88] [NNNxDario] I may be taking the "with 90hp you can afford to miss sometimes" too seriously
[00:05:46.50] ••• UltraKlanMaggies (`Pn`Mega`Adnan) fires Baseball Bat
[00:05:50.08] ••• UltraKlanMaggies (`Pn`Mega`Adnan) ends turn; time used: 44.76 sec turn, 3.00 sec retreat
[00:05:50.10] [`Pn`Mega`Adnan] wow
[00:05:54.76] ••• Damage dealt: 90 (1 kill) to algunos (NNNxDario)
[00:05:54.76] ••• algunos (NNNxDario) starts turn
[00:05:56.34] [NNNxDario] smooth roof slide :)
[00:06:09.98] ••• algunos (NNNxDario) fires Shotgun
[00:06:16.00] ••• algunos (NNNxDario) fires Shotgun
[00:06:20.16] ••• algunos (NNNxDario) ends turn; time used: 15.94 sec turn, 3.00 sec retreat
[00:06:24.18] ••• UltraKlanMaggies (`Pn`Mega`Adnan) starts turn
[00:07:03.44] ••• UltraKlanMaggies (`Pn`Mega`Adnan) fires Girder
[00:07:06.52] ••• UltraKlanMaggies (`Pn`Mega`Adnan) ends turn; time used: 34.26 sec turn, 3.00 sec retreat
[00:07:06.96] ••• algunos (NNNxDario) starts turn
[00:07:21.86] ••• algunos (NNNxDario) fires Bazooka
[00:07:26.46] ••• algunos (NNNxDario) ends turn; time used: 13.96 sec turn, 3.00 sec retreat
[00:07:31.36] ••• Damage dealt: 51 (1 kill) to UltraKlanMaggies (`Pn`Mega`Adnan)
[00:07:31.36] ••• UltraKlanMaggies (`Pn`Mega`Adnan) starts turn
[00:08:20.30] ••• UltraKlanMaggies (`Pn`Mega`Adnan) fires Uzi
[00:08:24.50] ••• UltraKlanMaggies (`Pn`Mega`Adnan) ends turn; time used: 44.90 sec turn, 3.00 sec retreat
[00:08:24.52] [`Pn`Mega`Adnan] tickle
[00:08:26.18] [NNNxDario] it's something
[00:08:28.92] ••• Damage dealt: 3 to algunos (NNNxDario)
[00:08:28.92] ••• algunos (NNNxDario) starts turn
[00:08:47.20] ••• algunos (NNNxDario) fires Ninja Rope
[00:08:58.12] [NNNxDario] af
[00:09:04.08] [`Pn`Mega`Adnan] aw
[00:09:15.28] ••• algunos (NNNxDario) fires Teleport
[00:09:15.70] ••• resetting Jet Pack fuel use to 0
[00:09:17.76] ••• algunos (NNNxDario) ends turn; time used: 44.12 sec turn, 0.02 sec retreat
[00:09:17.98] [NNNxDario] k bay
[00:09:18.44] ••• UltraKlanMaggies (`Pn`Mega`Adnan) starts turn
[00:09:21.22] [`Pn`Mega`Adnan] xD
[00:09:43.14] ••• UltraKlanMaggies (`Pn`Mega`Adnan) fires Parachute
[00:09:50.62] ••• UltraKlanMaggies (`Pn`Mega`Adnan) fires Ninja Rope
[00:09:51.50] ••• UltraKlanMaggies (`Pn`Mega`Adnan) fires Ninja Rope
[00:09:52.08] ••• UltraKlanMaggies (`Pn`Mega`Adnan) fires Ninja Rope
[00:10:08.52] ••• UltraKlanMaggies (`Pn`Mega`Adnan) fires Sheep
[00:10:20.42] ••• UltraKlanMaggies (`Pn`Mega`Adnan) ends turn; time used: 44.16 sec turn, 5.00 sec retreat
[00:10:20.90] [NNNxDario] the retreat time xD
[00:10:25.28] [`Pn`Mega`Adnan] yea
[00:10:28.48] ••• Damage dealt: 90 (1 kill) to algunos (NNNxDario)
[00:10:28.48] ••• algunos (NNNxDario) starts turn
[00:10:49.42] ••• algunos (NNNxDario) fires Longbow
[00:11:02.58] ••• algunos (NNNxDario) fires Longbow
[00:11:05.66] ••• algunos (NNNxDario) ends turn; time used: 27.14 sec turn, 3.00 sec retreat
[00:11:10.88] ••• Damage dealt: 90 (1 kill) to UltraKlanMaggies (`Pn`Mega`Adnan)
[00:11:10.88] ••• UltraKlanMaggies (`Pn`Mega`Adnan) starts turn
[00:11:33.06] ••• UltraKlanMaggies (`Pn`Mega`Adnan) fires Ninja Rope
[00:11:58.72] ••• UltraKlanMaggies (`Pn`Mega`Adnan) fires Holy Hand-Grenade
[00:12:02.06] ••• UltraKlanMaggies (`Pn`Mega`Adnan) loses turn due to loss of control; time used: 44.56 sec turn, 2.80 sec retreat
[00:12:15.98] ••• Damage dealt: 86 (1 kill) to algunos (NNNxDario), 3 to UltraKlanMaggies (`Pn`Mega`Adnan)
[00:12:15.98] ••• algunos (NNNxDario) starts turn
[00:12:47.02] ••• algunos (NNNxDario) fires Sheep
[00:12:50.04] ••• algunos (NNNxDario) ends turn; time used: 31.02 sec turn, 3.00 sec retreat
[00:12:59.90] ••• Damage dealt: 53 (1 kill) to UltraKlanMaggies (`Pn`Mega`Adnan)
[00:12:59.90] ••• UltraKlanMaggies (`Pn`Mega`Adnan) starts turn
[00:13:23.68] ••• UltraKlanMaggies (`Pn`Mega`Adnan) fires Select Worm
[00:13:49.72] ••• UltraKlanMaggies (`Pn`Mega`Adnan) fires Grenade (2 sec, min bounce)
[00:13:52.98] ••• UltraKlanMaggies (`Pn`Mega`Adnan) ends turn; time used: 44.76 sec turn, 3.00 sec retreat
[00:13:54.32] [`Pn`Mega`Adnan] ew
[00:13:56.18] ••• Damage dealt: 21 to algunos (NNNxDario)
[00:13:56.18] ••• algunos (NNNxDario) starts turn
[00:13:58.14] [NNNxDario] alive!
[00:14:34.30] ••• algunos (NNNxDario) fires Grenade (5 sec, min bounce)
[00:14:40.14] ••• algunos (NNNxDario) ends turn; time used: 33.12 sec turn, 3.00 sec retreat
[00:14:44.68] ••• Damage dealt: 43 to UltraKlanMaggies (`Pn`Mega`Adnan)
[00:14:44.68] ••• UltraKlanMaggies (`Pn`Mega`Adnan) starts turn
[00:15:14.42] ••• UltraKlanMaggies (`Pn`Mega`Adnan) fires Shotgun
[00:15:34.92] ••• UltraKlanMaggies (`Pn`Mega`Adnan) fires Shotgun
[00:15:39.08] ••• UltraKlanMaggies (`Pn`Mega`Adnan) ends turn; time used: 43.96 sec turn, 3.00 sec retreat
[00:15:41.84] ••• algunos (NNNxDario) starts turn
[00:15:42.28] [`Pn`Mega`Adnan] hmm
[00:15:48.04] ••• algunos (NNNxDario) uses Bungee
[00:15:53.28] ••• algunos (NNNxDario) fires Ninja Rope
[00:16:25.98] ••• algunos (NNNxDario) fires Dynamite
[00:16:31.02] ••• algunos (NNNxDario) loses turn due to loss of control; time used: 38.94 sec turn, 4.86 sec retreat
[00:16:37.18] ••• Damage dealt: 9 to algunos (NNNxDario), 146 to UltraKlanMaggies (`Pn`Mega`Adnan)
[00:16:37.18] ••• UltraKlanMaggies (`Pn`Mega`Adnan) starts turn
[00:17:24.12] ••• UltraKlanMaggies (`Pn`Mega`Adnan) fires Girder
[00:17:27.20] ••• UltraKlanMaggies (`Pn`Mega`Adnan) ends turn; time used: 41.94 sec turn, 3.00 sec retreat
[00:17:29.22] ••• algunos (NNNxDario) starts turn
[00:17:51.02] ••• algunos (NNNxDario) fires Shotgun
[00:18:20.12] ••• algunos (NNNxDario) fires Shotgun
[00:18:24.28] ••• algunos (NNNxDario) ends turn; time used: 43.80 sec turn, 3.00 sec retreat
[00:18:33.78] ••• Damage dealt: 16 (1 kill) to UltraKlanMaggies (`Pn`Mega`Adnan)
[00:18:33.78] ••• UltraKlanMaggies (`Pn`Mega`Adnan) starts turn
[00:18:33.80] [NNNxDario] well, at least I killed him
[00:18:37.34] [`Pn`Mega`Adnan] ye
[00:19:01.00] ••• UltraKlanMaggies (`Pn`Mega`Adnan) fires Shotgun
[00:19:31.34] ••• UltraKlanMaggies (`Pn`Mega`Adnan) fires Shotgun
[00:19:35.50] ••• UltraKlanMaggies (`Pn`Mega`Adnan) ends turn; time used: 44.10 sec turn, 3.00 sec retreat
[00:19:39.42] ••• Damage dealt: 5 (1 kill) to algunos (NNNxDario)
[00:19:39.42] ••• algunos (NNNxDario) starts turn
[00:19:46.38] ••• algunos (NNNxDario) fires Shotgun
[00:20:21.12] ••• algunos (NNNxDario) fires Shotgun
[00:20:25.28] ••• algunos (NNNxDario) ends turn; time used: 36.80 sec turn, 3.00 sec retreat
[00:20:27.20] [NNNxDario] hmm
[00:20:29.50] [NNNxDario] not a good idea xD
[00:20:33.90] [`Pn`Mega`Adnan] hmm
[00:20:34.94] ••• Damage dealt: 18 (1 kill) to UltraKlanMaggies (`Pn`Mega`Adnan)
[00:20:34.94] ••• UltraKlanMaggies (`Pn`Mega`Adnan) starts turn
[00:21:05.30] [NNNxDario] shotgun :p
[00:21:24.74] ••• UltraKlanMaggies (`Pn`Mega`Adnan) fires Bazooka
[00:21:28.90] ••• UltraKlanMaggies (`Pn`Mega`Adnan) ends turn; time used: 44.80 sec turn, 3.00 sec retreat
[00:21:29.56] [`Pn`Mega`Adnan] oh
[00:21:30.64] [`Pn`Mega`Adnan] xD
[00:21:31.76] ••• Damage dealt: 30 to algunos (NNNxDario)
[00:21:31.76] ••• algunos (NNNxDario) starts turn
[00:21:36.10] ••• algunos (NNNxDario) fires Select Worm
[00:22:00.42] [NNNxDario] 102 damage?
[00:22:03.08] ••• algunos (NNNxDario) fires Holy Hand-Grenade
[00:22:07.42] [`Pn`Mega`Adnan] hmm
[00:22:08.00] ••• algunos (NNNxDario) loses turn due to loss of control; time used: 30.04 sec turn, 3.00 sec retreat
[00:22:17.14] [`Pn`Mega`Adnan] +3
[00:22:18.26] [NNNxDario] close enough
[00:22:19.96] ••• Sudden Death
[00:22:29.96] ••• Damage dealt: 23 to algunos (NNNxDario), 90 (1 kill) to UltraKlanMaggies (`Pn`Mega`Adnan)
[00:22:29.96] ••• UltraKlanMaggies (`Pn`Mega`Adnan) starts turn
[00:23:14.12] ••• UltraKlanMaggies (`Pn`Mega`Adnan) fires Girder
[00:23:17.20] ••• UltraKlanMaggies (`Pn`Mega`Adnan) ends turn; time used: 39.16 sec turn, 3.00 sec retreat
[00:23:22.56] ••• algunos (NNNxDario) starts turn
[00:23:36.48] ••• algunos (NNNxDario) fires Shotgun
[00:23:38.58] ••• algunos (NNNxDario) fires Shotgun
[00:23:42.74] ••• algunos (NNNxDario) ends turn; time used: 8.92 sec turn, 3.00 sec retreat
[00:23:52.16] ••• UltraKlanMaggies (`Pn`Mega`Adnan) starts turn
[00:24:40.28] ••• UltraKlanMaggies (`Pn`Mega`Adnan) fires Petrol Bomb
[00:24:43.84] ••• UltraKlanMaggies (`Pn`Mega`Adnan) ends turn; time used: 44.58 sec turn, 3.00 sec retreat
[00:24:47.66] ••• algunos (NNNxDario) starts turn
[00:24:50.54] ••• algunos (NNNxDario) fires Teleport
[00:24:53.02] ••• algunos (NNNxDario) ends turn; time used: 2.58 sec turn, 0.02 sec retreat
[00:24:53.48] [NNNxDario] telecow!
[00:24:53.96] [`Pn`Mega`Adnan] ah
[00:24:55.86] [`Pn`Mega`Adnan] gg
[00:24:58.12] [NNNxDario] gg :)
[00:25:13.68] ••• Damage dealt: 1 (1 kill) to algunos (NNNxDario), 1 (1 kill) to UltraKlanMaggies (`Pn`Mega`Adnan)
[00:25:13.70] ••• Game Ends - Round Finished
[00:25:13.70] *** Round Finish acknowledged by NNNxDario
[00:25:16.20] *** Round Finish acknowledged by `Pn`Mega`Adnan

Team time totals:
algunos (NNNxDario):               Turn: 00:07:16.44, Retreat: 00:00:44.90, Total: 00:08:01.34, Turn count: 15
UltraKlanMaggies (`Pn`Mega`Adnan): Turn: 00:10:21.04, Retreat: 00:00:45.80, Total: 00:11:06.84, Turn count: 15

End of round 3

Round time: 0:25:13
Total game time elapsed: Unknown

algunos wins the match!

Worm of the round: Train (UltraKlanMaggies)

Most damage with one shot: 155 - nunca (algunos)
