Game ID: "12311767"
Game Started at 2021-02-08 18:18:49 GMT
Game Engine Version: 3.8.1
File Format Version: 3.7.3.0 - 3.8.1
Exported with Version: 3.8.1 (Steam)

Red:  "NNNxDario" as "algunos" [Local Player] [Host]
Blue: "rzet"      as "Zuzua"

[00:00:00.00] [NNNxDario] hf
[00:00:00.00] ••• algunos (NNNxDario) starts turn
[00:00:03.80] [rzet] hf
[00:00:14.46] ••• algunos (NNNxDario) fires Select Worm
[00:00:24.06] ••• algunos (NNNxDario) fires Ninja Rope
[00:00:38.12] ••• algunos (NNNxDario) uses Parachute
[00:00:47.56] ••• algunos (NNNxDario) fires Shotgun
[00:00:53.72] ••• algunos (NNNxDario) fires Shotgun
[00:00:57.88] ••• algunos (NNNxDario) ends turn; time used: 40.74 sec turn, 3.00 sec retreat
[00:01:11.34] ••• Damage dealt: 165 (1 kill) to Zuzua (rzet)
[00:01:11.34] ••• Zuzua (rzet) starts turn
[00:01:29.22] ••• Zuzua (rzet) fires Select Worm
[00:01:48.58] ••• Zuzua (rzet) fires Ninja Rope
[00:02:00.88] ••• Zuzua (rzet) fires Longbow
[00:02:06.86] ••• Zuzua (rzet) fires Longbow
[00:02:09.94] ••• Zuzua (rzet) ends turn; time used: 44.74 sec turn, 3.00 sec retreat
[00:02:13.96] ••• Damage dealt: 15 to algunos (NNNxDario)
[00:02:13.96] ••• algunos (NNNxDario) starts turn
[00:02:23.78] ••• algunos (NNNxDario) fires Ninja Rope
[00:02:39.72] ••• algunos (NNNxDario) fires Parachute
[00:02:46.24] ••• algunos (NNNxDario) fires Shotgun
[00:03:17.72] ••• algunos (NNNxDario) fires Shotgun
[00:03:21.88] ••• algunos (NNNxDario) ends turn; time used: 34.86 sec turn, 3.00 sec retreat
[00:03:27.50] ••• Damage dealt: 200 (2 kills) to Zuzua (rzet)
[00:03:27.50] ••• Zuzua (rzet) starts turn
[00:04:06.10] ••• Zuzua (rzet) fires Shotgun
[00:04:11.70] ••• Zuzua (rzet) fires Shotgun
[00:04:15.86] ••• Zuzua (rzet) ends turn; time used: 34.44 sec turn, 3.00 sec retreat
[00:04:19.48] ••• Damage dealt: 97 to algunos (NNNxDario)
[00:04:19.48] ••• algunos (NNNxDario) starts turn
[00:04:22.58] ••• algunos (NNNxDario) fires Select Worm
[00:04:53.80] ••• algunos (NNNxDario) fires Mine
[00:04:58.98] ••• algunos (NNNxDario) ends turn; time used: 32.24 sec turn, 5.00 sec retreat
[00:05:08.50] ••• Damage dealt: 51 to Zuzua (rzet)
[00:05:08.50] ••• Zuzua (rzet) starts turn
[00:05:29.16] ••• Zuzua (rzet) fires Select Worm
[00:05:57.98] ••• Zuzua (rzet) fires Bazooka
[00:05:59.60] ••• Zuzua (rzet) loses turn due to loss of control; time used: 44.42 sec turn, 0.02 sec retreat
[00:06:06.40] ••• Damage dealt: 53 to algunos (NNNxDario), 5 to Zuzua (rzet)
[00:06:06.40] ••• algunos (NNNxDario) starts turn
[00:06:24.80] ••• algunos (NNNxDario) fires Homing Missile
[00:06:29.30] ••• algunos (NNNxDario) ends turn; time used: 15.38 sec turn, 3.00 sec retreat
[00:06:44.40] ••• Damage dealt: 54 (2 kills) to Zuzua (rzet)
[00:06:44.40] ••• Zuzua (rzet) starts turn
[00:07:10.40] ••• Zuzua (rzet) loses turn due to loss of control; time used: 21.02 sec turn, 0.00 sec retreat
[00:07:13.76] [rzet] jeeeez
[00:07:15.02] ••• Damage dealt: 1 to Zuzua (rzet)
[00:07:15.02] ••• algunos (NNNxDario) starts turn
[00:07:19.52] [NNNxDario] wops
[00:07:27.26] ••• algunos (NNNxDario) fires Grenade (3 sec, min bounce)
[00:07:30.48] ••• algunos (NNNxDario) ends turn; time used: 7.24 sec turn, 3.00 sec retreat
[00:07:30.52] [rzet] nah i'm useless today xD
[00:07:34.88] [rzet] ez points for you
[00:07:37.30] ••• Damage dealt: 47 to Zuzua (rzet)
[00:07:37.30] ••• Zuzua (rzet) starts turn
[00:07:41.38] [rzet] but i'll get you next time :)
[00:07:45.62] [NNNxDario] actually I get like no points for this, because you have no points either :p
[00:07:58.60] [NNNxDario] so you better go on and play some other random guys
[00:07:59.66] [rzet] oh, sry for wasting your time then xD
[00:08:10.66] [NNNxDario] im here for the funz, not the points ;)
[00:08:24.44] ••• Zuzua (rzet) fires Shotgun
[00:08:25.34] ••• Zuzua (rzet) loses turn due to loss of control; time used: 42.14 sec turn, 0.00 sec retreat
[00:08:30.06] ••• Damage dealt: 15 to Zuzua (rzet)
[00:08:30.06] ••• algunos (NNNxDario) starts turn
[00:08:52.10] [rzet] it's even more fun when it's actually challenging xD
[00:08:53.04] ••• algunos (NNNxDario) fires Grenade (5 sec, min bounce)
[00:08:59.24] ••• algunos (NNNxDario) ends turn; time used: 21.38 sec turn, 3.00 sec retreat
[00:09:02.80] ••• Damage dealt: 1 to algunos (NNNxDario)
[00:09:02.80] ••• Zuzua (rzet) starts turn
[00:09:03.52] [NNNxDario] sometimes, yes
[00:09:12.28] [rzet] but i'll get back to my past form, promise
[00:09:29.16] [NNNxDario] sometimes it's nice having an advantage and setting free your imagination with moves, knowing that you have some room for a few mistakes
[00:09:31.40] ••• Zuzua (rzet) fires Ninja Rope
[00:09:52.18] ••• Zuzua (rzet) fires Grenade (3 sec, min bounce)
[00:09:56.12] ••• Zuzua (rzet) ends turn; time used: 44.38 sec turn, 3.00 sec retreat
[00:10:00.14] ••• algunos (NNNxDario) starts turn
[00:10:07.22] [rzet] good point
[00:10:14.40] ••• algunos (NNNxDario) fires Air Strike
[00:10:17.88] ••• algunos (NNNxDario) ends turn; time used: 9.26 sec turn, 3.00 sec retreat
[00:10:22.72] ••• Damage dealt: 28 to algunos (NNNxDario), 51 to Zuzua (rzet)
[00:10:22.72] ••• Zuzua (rzet) starts turn
[00:10:42.56] [rzet] i obviously played a shitload of normals in my day, but later i focused on bng/hysteria
[00:11:02.04] [NNNxDario] bng is a set of skills I severely lack
[00:11:09.26] ••• Zuzua (rzet) fires Grenade (5 sec, min bounce)
[00:11:15.50] ••• Zuzua (rzet) ends turn; time used: 41.54 sec turn, 3.00 sec retreat
[00:11:19.92] ••• Damage dealt: 13 to algunos (NNNxDario)
[00:11:19.92] ••• algunos (NNNxDario) starts turn
[00:11:42.86] ••• algunos (NNNxDario) fires Jet Pack
[00:11:49.08] ••• algunos (NNNxDario) fires Holy Hand-Grenade
[00:11:54.08] ••• algunos (NNNxDario) used 30 (19) units of Jet Pack fuel
[00:11:54.10] ••• algunos (NNNxDario) ends turn; time used: 23.74 sec turn, 5.00 sec retreat
[00:11:58.00] [NNNxDario] missed
[00:12:01.22] [rzet] rarely need that when you have 5 ropes and a jetpack ;)
[00:12:10.64] [rzet] close tho, nt
[00:12:11.72] ••• Damage dealt: 40 (1 kill) to algunos (NNNxDario), 75 (1 kill) to Zuzua (rzet)
[00:12:11.72] ••• Zuzua (rzet) starts turn
[00:12:26.76] ••• Zuzua (rzet) fires Ninja Rope
[00:12:38.06] ••• Zuzua (rzet) loses turn due to loss of control; time used: 21.10 sec turn, 0.00 sec retreat
[00:12:39.26] [rzet] meh
[00:12:48.92] ••• Damage dealt: 22 (1 kill) to Zuzua (rzet)
[00:12:48.92] ••• algunos (NNNxDario) starts turn
[00:12:56.84] [NNNxDario] well, that's a bit the point of this scheme with 90hp, you can actually go for a zook or nade shot and still get the enemy worm under 50hp. I'ts not going to be bng focused anyway, but at least there is the option.
[00:13:02.82] ••• algunos (NNNxDario) fires Select Worm
[00:13:08.72] [rzet] gg, hope we'll play sometime
[00:13:10.56] ••• algunos (NNNxDario) fires Shotgun
[00:13:15.82] [NNNxDario] I hope so too
[00:13:17.46] [rzet] yeah i noticed it takes 2x nade/zook
[00:13:28.68] [NNNxDario] and I'd be glad if you play some more games in this event, it's just starting
[00:13:36.90] [NNNxDario] but I think we will have some nice activity
[00:13:37.96] ••• algunos (NNNxDario) fires Shotgun
[00:13:42.12] ••• algunos (NNNxDario) ends turn; time used: 38.38 sec turn, 3.00 sec retreat
[00:13:56.44] ••• Damage dealt: 34 (1 kill) to Zuzua (rzet)
[00:13:56.46] ••• Game Ends - Round Finished
[00:13:56.46] *** Round Finish acknowledged by NNNxDario
[00:13:58.72] [rzet] never played this variation, but the stupid -10hp makes you think a lot harder
[00:13:59.02] *** Round Finish acknowledged by rzet

Team time totals:
algunos (NNNxDario): Turn: 00:03:43.22, Retreat: 00:00:31.00, Total: 00:04:14.22, Turn count: 9
Zuzua (rzet):        Turn: 00:04:53.78, Retreat: 00:00:12.02, Total: 00:05:05.80, Turn count: 8

Total Jet Pack fuel used: 30

End of round 2

Round time: 0:13:56
Total game time elapsed: Unknown

algunos wins the match!

Worm of the round: nunca (algunos)

Most damage with one shot: 180 - nunca (algunos)
