Game ID: "12327815"
Game Started at 2021-02-13 21:36:29 GMT
Game Engine Version: 3.8.1
File Format Version: 3.7.3.0 - 3.8.1
Exported with Version: 3.8.1 (Steam)

Red:  "NNNxDario" as "algunos" [Local Player] [Host]
Blue: "Zach"      as "Dank Birbs"

[00:00:00.00] [NNNxDario] hf
[00:00:00.00] ••• algunos (NNNxDario) starts turn
[00:00:14.06] ••• algunos (NNNxDario) fires Select Worm
[00:00:17.88] ••• algunos (NNNxDario) fires Low Gravity
[00:00:29.40] ••• algunos (NNNxDario) fires Longbow
[00:00:46.98] ••• algunos (NNNxDario) fires Longbow
[00:00:50.06] ••• algunos (NNNxDario) ends turn; time used: 34.12 sec turn, 3.00 sec retreat
[00:00:56.66] ••• Damage dealt: 114 (1 kill) to Dank Birbs (Zach)
[00:00:56.66] ••• Dank Birbs (Zach) starts turn
[00:01:02.10] ••• Dank Birbs (Zach) fires Select Worm
[00:01:11.10] ••• Dank Birbs (Zach) fires Ninja Rope
[00:01:24.98] ••• Dank Birbs (Zach) fires Longbow
[00:01:39.08] ••• Dank Birbs (Zach) fires Longbow
[00:01:42.16] ••• Dank Birbs (Zach) ends turn; time used: 30.64 sec turn, 3.00 sec retreat
[00:01:46.58] ••• Damage dealt: 69 to algunos (NNNxDario)
[00:01:46.58] ••• algunos (NNNxDario) starts turn
[00:01:53.16] ••• algunos (NNNxDario) fires Select Worm
[00:02:21.22] ••• algunos (NNNxDario) fires Homing Missile
[00:02:25.20] ••• algunos (NNNxDario) ends turn; time used: 34.56 sec turn, 3.00 sec retreat
[00:02:30.86] ••• Damage dealt: 66 (1 kill) to Dank Birbs (Zach)
[00:02:30.86] ••• Dank Birbs (Zach) starts turn
[00:02:37.36] ••• Dank Birbs (Zach) fires Select Worm
[00:02:53.74] ••• Dank Birbs (Zach) fires Longbow
[00:03:08.64] ••• Dank Birbs (Zach) fires Longbow
[00:03:11.72] ••• Dank Birbs (Zach) ends turn; time used: 27.38 sec turn, 3.00 sec retreat
[00:03:16.14] ••• Damage dealt: 32 to algunos (NNNxDario)
[00:03:16.14] ••• algunos (NNNxDario) starts turn
[00:03:49.60] ••• algunos (NNNxDario) fires Dynamite
[00:03:54.78] ••• algunos (NNNxDario) ends turn; time used: 33.14 sec turn, 5.00 sec retreat
[00:04:02.72] [Zach] wow
[00:04:03.06] ••• Damage dealt: 90 (1 kill) to Dank Birbs (Zach)
[00:04:03.06] ••• Dank Birbs (Zach) starts turn
[00:04:03.08] [NNNxDario] plop
[00:04:12.04] ••• Dank Birbs (Zach) fires Select Worm
[00:04:41.22] ••• Dank Birbs (Zach) fires Sheep
[00:04:48.10] ••• Dank Birbs (Zach) ends turn; time used: 33.10 sec turn, 3.00 sec retreat
[00:04:53.14] ••• Damage dealt: 55 to algunos (NNNxDario)
[00:04:53.14] ••• algunos (NNNxDario) starts turn
[00:05:00.08] ••• algunos (NNNxDario) fires Ninja Rope
[00:05:01.06] ••• algunos (NNNxDario) fires Ninja Rope
[00:05:01.72] ••• algunos (NNNxDario) fires Ninja Rope
[00:05:25.96] ••• algunos (NNNxDario) fires Skunk
[00:05:33.28] ••• algunos (NNNxDario) ends turn; time used: 31.38 sec turn, 3.00 sec retreat
[00:05:40.86] ••• Damage dealt: 10 to algunos (NNNxDario), 24 to Dank Birbs (Zach)
[00:05:40.86] ••• Dank Birbs (Zach) starts turn
[00:05:57.72] ••• Dank Birbs (Zach) fires Skunk
[00:06:00.74] ••• Dank Birbs (Zach) ends turn; time used: 11.86 sec turn, 3.00 sec retreat
[00:06:05.58] ••• algunos (NNNxDario) starts turn
[00:06:26.54] ••• algunos (NNNxDario) fires Mine
[00:06:31.72] ••• algunos (NNNxDario) ends turn; time used: 20.66 sec turn, 5.00 sec retreat
[00:06:39.96] ••• Damage dealt: 47 to Dank Birbs (Zach)
[00:06:39.96] ••• Dank Birbs (Zach) starts turn
[00:07:28.66] ••• Dank Birbs (Zach) fires Homing Pigeon
[00:07:31.74] ••• Dank Birbs (Zach) ends turn; time used: 43.70 sec turn, 3.00 sec retreat
[00:07:42.64] ••• Damage dealt: 60 (1 kill) to algunos (NNNxDario)
[00:07:42.64] ••• algunos (NNNxDario) starts turn
[00:07:48.88] ••• algunos (NNNxDario) fires Shotgun
[00:07:57.38] ••• algunos (NNNxDario) fires Shotgun
[00:08:01.54] ••• algunos (NNNxDario) ends turn; time used: 9.08 sec turn, 3.00 sec retreat
[00:08:12.58] ••• Damage dealt: 43 (1 kill) to Dank Birbs (Zach)
[00:08:12.58] ••• Dank Birbs (Zach) starts turn
[00:08:19.40] ••• Dank Birbs (Zach) fires Ninja Rope
[00:08:30.28] [NNNxDario] no way out :p
[00:08:59.82] ••• Dank Birbs (Zach) fires Air Strike
[00:09:03.30] ••• Dank Birbs (Zach) ends turn; time used: 41.94 sec turn, 3.00 sec retreat
[00:09:12.92] ••• Damage dealt: 4 (1 kill) to algunos (NNNxDario)
[00:09:12.92] ••• algunos (NNNxDario) starts turn
[00:09:19.64] ••• algunos (NNNxDario) fires Blow Torch
[00:09:27.68] ••• algunos (NNNxDario) ends turn; time used: 3.34 sec turn, 3.00 sec retreat
[00:09:33.78] ••• Damage dealt: 15 to Dank Birbs (Zach)
[00:09:33.78] ••• Dank Birbs (Zach) starts turn
[00:09:52.82] ••• Dank Birbs (Zach) fires Shotgun
[00:10:13.66] ••• Dank Birbs (Zach) fires Shotgun
[00:10:17.82] ••• Dank Birbs (Zach) ends turn; time used: 28.30 sec turn, 3.00 sec retreat
[00:10:23.92] ••• Damage dealt: 50 to algunos (NNNxDario)
[00:10:23.92] ••• algunos (NNNxDario) starts turn
[00:10:29.26] ••• algunos (NNNxDario) fires Select Worm
[00:10:48.40] ••• algunos (NNNxDario) fires Holy Hand-Grenade
[00:10:53.34] ••• algunos (NNNxDario) loses turn due to loss of control; time used: 21.96 sec turn, 3.00 sec retreat
[00:11:18.60] ••• Damage dealt: 50 (1 kill) to algunos (NNNxDario), 126 (2 kills) to Dank Birbs (Zach)
[00:11:18.60] ••• Dank Birbs (Zach) starts turn
[00:11:33.54] ••• Dank Birbs (Zach) fires Ninja Rope
[00:11:50.04] ••• Dank Birbs (Zach) fires Low Gravity
[00:12:01.20] ••• Dank Birbs (Zach) fires Dynamite
[00:12:06.38] ••• Dank Birbs (Zach) ends turn; time used: 37.54 sec turn, 5.00 sec retreat
[00:12:14.58] ••• Damage dealt: 71 to algunos (NNNxDario), 4 to Dank Birbs (Zach)
[00:12:14.58] ••• algunos (NNNxDario) starts turn
[00:12:29.60] ••• algunos (NNNxDario) fires Kamikaze
[00:12:30.98] ••• algunos (NNNxDario) loses turn due to loss of control; time used: 14.64 sec turn, 0.00 sec retreat
[00:12:36.78] ••• Damage dealt: 35 (1 kill) to algunos (NNNxDario), 42 to Dank Birbs (Zach)
[00:12:36.78] ••• Dank Birbs (Zach) starts turn
[00:13:09.46] ••• Dank Birbs (Zach) fires Shotgun
[00:13:14.40] ••• Dank Birbs (Zach) fires Shotgun
[00:13:18.56] ••• Dank Birbs (Zach) ends turn; time used: 27.88 sec turn, 3.00 sec retreat
[00:13:29.60] ••• Damage dealt: 40 (1 kill) to algunos (NNNxDario)
[00:13:29.60] ••• algunos (NNNxDario) starts turn
[00:13:44.78] ••• algunos (NNNxDario) fires Shotgun
[00:13:52.10] ••• algunos (NNNxDario) fires Shotgun
[00:13:56.26] ••• algunos (NNNxDario) ends turn; time used: 16.54 sec turn, 3.00 sec retreat
[00:14:08.62] ••• Damage dealt: 33 (1 kill) to Dank Birbs (Zach)
[00:14:08.62] ••• Dank Birbs (Zach) starts turn
[00:14:16.30] ••• Dank Birbs (Zach) fires Parachute
[00:14:27.62] ••• Dank Birbs (Zach) fires Jet Pack
[00:14:43.84] ••• Dank Birbs (Zach) fires Cluster Bomb (5 sec, min bounce)
[00:14:48.84] ••• Dank Birbs (Zach) used 30 (27) units of Jet Pack fuel
[00:14:49.00] ••• Dank Birbs (Zach) ends turn; time used: 34.04 sec turn, 5.00 sec retreat
[00:14:56.38] ••• Damage dealt: 40 to algunos (NNNxDario)
[00:14:56.38] ••• algunos (NNNxDario) starts turn
[00:15:01.52] ••• algunos (NNNxDario) fires Jet Pack
[00:15:10.26] ••• algunos (NNNxDario) used 30 units of Jet Pack fuel
[00:15:12.62] ••• algunos (NNNxDario) fires Ninja Rope
[00:15:16.98] [Zach] gg
[00:15:19.68] ••• algunos (NNNxDario) fires Fire Punch
[00:15:20.86] ••• algunos (NNNxDario) loses turn due to loss of control; time used: 18.62 sec turn, 0.00 sec retreat
[00:15:21.76] [NNNxDario] gg
[00:15:41.10] ••• Damage dealt: 19 (1 kill) to algunos (NNNxDario), 16 (1 kill) to Dank Birbs (Zach)
[00:15:41.12] ••• Game Ends - Round Finished
[00:15:41.12] *** Round Finish acknowledged by NNNxDario
[00:15:44.80] *** Round Finish acknowledged by Zach

Team time totals:
algunos (NNNxDario): Turn: 00:03:58.04, Retreat: 00:00:31.00, Total: 00:04:29.04, Turn count: 11
Dank Birbs (Zach):   Turn: 00:05:16.38, Retreat: 00:00:34.00, Total: 00:05:50.38, Turn count: 10

Total Jet Pack fuel used: 60

End of round 1

Round time: 0:15:41
Total game time elapsed: 0:15:41

algunos wins the round.

Worm of the round: Sparrow (Dank Birbs)
Most kills with one shot: 3 - dónde (algunos)
Most damage with one shot: 176 - dónde (algunos)
