Game ID: "12319535"
Game Started at 2021-02-11 17:00:40 GMT
Game Engine Version: 3.8.1
File Format Version: 3.7.3.0 - 3.8.1
Exported with Version: 3.8.1 (Steam)

Red:  "Veals"          as "Veals" [Local Player] [Host]
Blue: "`Pn`Mega`Adnan" as "-ç|2ãZı Fë11å$-"

[00:00:00.00] ••• Veals (Veals) starts turn
[00:00:00.98] [Veals] hf
[00:00:01.72] [`Pn`Mega`Adnan] Funs
[00:00:13.06] ••• Veals (Veals) fires Select Worm
[00:00:24.00] ••• Veals (Veals) fires Ninja Rope
[00:00:34.60] ••• Veals (Veals) fires Shotgun
[00:00:44.80] ••• Veals (Veals) fires Shotgun
[00:00:48.96] ••• Veals (Veals) ends turn; time used: 32.28 sec turn, 3.00 sec retreat
[00:00:54.18] ••• Damage dealt: 90 (1 kill) to -ç|2ãZı Fë11å$- (`Pn`Mega`Adnan)
[00:00:54.18] ••• -ç|2ãZı Fë11å$- (`Pn`Mega`Adnan) starts turn
[00:01:09.30] ••• -ç|2ãZı Fë11å$- (`Pn`Mega`Adnan) fires Select Worm
[00:01:11.78] ••• -ç|2ãZı Fë11å$- (`Pn`Mega`Adnan) fires Ninja Rope
[00:01:24.60] ••• -ç|2ãZı Fë11å$- (`Pn`Mega`Adnan) fires Parachute
[00:01:35.78] ••• -ç|2ãZı Fë11å$- (`Pn`Mega`Adnan) fires Longbow
[00:01:47.76] ••• -ç|2ãZı Fë11å$- (`Pn`Mega`Adnan) fires Longbow
[00:01:50.84] ••• -ç|2ãZı Fë11å$- (`Pn`Mega`Adnan) ends turn; time used: 44.76 sec turn, 3.00 sec retreat
[00:01:53.90] ••• Damage dealt: 15 to Veals (Veals)
[00:01:53.90] ••• Veals (Veals) starts turn
[00:02:36.68] ••• Veals (Veals) fires Bazooka
[00:02:37.92] ••• Veals (Veals) loses turn due to loss of control; time used: 37.78 sec turn, 0.04 sec retreat
[00:02:45.10] ••• Damage dealt: 4 to Veals (Veals), 90 (1 kill) to -ç|2ãZı Fë11å$- (`Pn`Mega`Adnan)
[00:02:45.10] ••• -ç|2ãZı Fë11å$- (`Pn`Mega`Adnan) starts turn
[00:02:55.18] ••• -ç|2ãZı Fë11å$- (`Pn`Mega`Adnan) fires Select Worm
[00:03:04.20] ••• -ç|2ãZı Fë11å$- (`Pn`Mega`Adnan) fires Ninja Rope
[00:03:10.00] ••• -ç|2ãZı Fë11å$- (`Pn`Mega`Adnan) fires Longbow
[00:03:17.04] ••• -ç|2ãZı Fë11å$- (`Pn`Mega`Adnan) fires Longbow
[00:03:20.12] ••• -ç|2ãZı Fë11å$- (`Pn`Mega`Adnan) ends turn; time used: 22.04 sec turn, 3.00 sec retreat
[00:03:25.02] ••• Damage dealt: 75 (1 kill) to Veals (Veals)
[00:03:25.02] ••• Veals (Veals) starts turn
[00:03:35.58] ••• Veals (Veals) fires Select Worm
[00:03:49.48] ••• Veals (Veals) fires Ninja Rope
[00:04:12.12] ••• Veals (Veals) fires Dynamite
[00:04:17.30] ••• Veals (Veals) ends turn; time used: 43.56 sec turn, 5.00 sec retreat
[00:04:21.84] ••• Damage dealt: 66 to -ç|2ãZı Fë11å$- (`Pn`Mega`Adnan)
[00:04:21.84] ••• -ç|2ãZı Fë11å$- (`Pn`Mega`Adnan) starts turn
[00:04:29.00] ••• -ç|2ãZı Fë11å$- (`Pn`Mega`Adnan) fires Select Worm
[00:04:46.14] ••• -ç|2ãZı Fë11å$- (`Pn`Mega`Adnan) fires Ninja Rope
[00:05:10.88] ••• -ç|2ãZı Fë11å$- (`Pn`Mega`Adnan) fires Dynamite
[00:05:15.88] ••• -ç|2ãZı Fë11å$- (`Pn`Mega`Adnan) loses turn due to loss of control; time used: 44.68 sec turn, 4.98 sec retreat
[00:05:21.62] ••• Damage dealt: 107 to Veals (Veals), 4 to -ç|2ãZı Fë11å$- (`Pn`Mega`Adnan)
[00:05:21.62] ••• Veals (Veals) starts turn
[00:05:36.98] ••• Veals (Veals) fires Select Worm
[00:05:43.14] ••• Veals (Veals) fires Ninja Rope
[00:06:08.14] ••• Veals (Veals) fires Low Gravity
[00:06:09.62] ••• Veals (Veals) fires Fire Punch
[00:06:15.42] ••• Veals (Veals) ends turn; time used: 42.62 sec turn, 3.00 sec retreat
[00:06:21.04] ••• Damage dealt: 90 (1 kill) to -ç|2ãZı Fë11å$- (`Pn`Mega`Adnan)
[00:06:21.04] ••• -ç|2ãZı Fë11å$- (`Pn`Mega`Adnan) starts turn
[00:06:51.58] ••• -ç|2ãZı Fë11å$- (`Pn`Mega`Adnan) fires Mine
[00:06:56.76] ••• -ç|2ãZı Fë11å$- (`Pn`Mega`Adnan) ends turn; time used: 25.54 sec turn, 5.00 sec retreat
[00:07:04.88] ••• Damage dealt: 48 to Veals (Veals)
[00:07:04.88] ••• Veals (Veals) starts turn
[00:07:27.24] ••• Veals (Veals) fires Sheep
[00:07:28.02] ••• Veals (Veals) loses turn due to loss of control; time used: 21.32 sec turn, 0.60 sec retreat
[00:07:36.06] ••• Damage dealt: 14 to Veals (Veals), 86 (1 kill) to -ç|2ãZı Fë11å$- (`Pn`Mega`Adnan)
[00:07:36.06] ••• -ç|2ãZı Fë11å$- (`Pn`Mega`Adnan) starts turn
[00:07:58.68] [Veals] xd
[00:08:04.34] ••• -ç|2ãZı Fë11å$- (`Pn`Mega`Adnan) fires Homing Missile
[00:08:08.76] ••• -ç|2ãZı Fë11å$- (`Pn`Mega`Adnan) ends turn; time used: 23.28 sec turn, 3.00 sec retreat
[00:08:15.04] ••• Damage dealt: 90 (1 kill) to Veals (Veals)
[00:08:15.04] ••• Veals (Veals) starts turn
[00:08:32.02] ••• Veals (Veals) fires Mad Cow (herd of 1)
[00:08:32.88] ••• Veals (Veals) loses turn due to loss of control; time used: 16.36 sec turn, 0.84 sec retreat
[00:08:38.00] ••• Damage dealt: 30 to Veals (Veals), 61 to -ç|2ãZı Fë11å$- (`Pn`Mega`Adnan)
[00:08:38.00] ••• -ç|2ãZı Fë11å$- (`Pn`Mega`Adnan) starts turn
[00:09:14.68] ••• -ç|2ãZı Fë11å$- (`Pn`Mega`Adnan) fires Air Strike
[00:09:18.16] ••• -ç|2ãZı Fë11å$- (`Pn`Mega`Adnan) ends turn; time used: 31.68 sec turn, 3.00 sec retreat
[00:09:22.94] ••• Damage dealt: 44 to Veals (Veals)
[00:09:22.94] ••• Veals (Veals) starts turn
[00:09:34.50] ••• Veals (Veals) fires Shotgun
[00:10:18.74] ••• Veals (Veals) fires Shotgun
[00:10:22.90] ••• Veals (Veals) ends turn; time used: 44.74 sec turn, 3.00 sec retreat
[00:10:28.12] ••• Damage dealt: 24 (1 kill) to -ç|2ãZı Fë11å$- (`Pn`Mega`Adnan)
[00:10:28.12] ••• -ç|2ãZı Fë11å$- (`Pn`Mega`Adnan) starts turn
[00:10:44.82] ••• -ç|2ãZı Fë11å$- (`Pn`Mega`Adnan) fires Jet Pack
[00:10:51.82] ••• -ç|2ãZı Fë11å$- (`Pn`Mega`Adnan) used 27 units of Jet Pack fuel
[00:10:54.64] ••• -ç|2ãZı Fë11å$- (`Pn`Mega`Adnan) fires Ninja Rope
[00:11:07.00] ••• -ç|2ãZı Fë11å$- (`Pn`Mega`Adnan) fires Shotgun
[00:11:16.06] ••• -ç|2ãZı Fë11å$- (`Pn`Mega`Adnan) fires Shotgun
[00:11:20.22] ••• -ç|2ãZı Fë11å$- (`Pn`Mega`Adnan) ends turn; time used: 40.38 sec turn, 3.00 sec retreat
[00:11:25.14] ••• Damage dealt: 38 (1 kill) to Veals (Veals)
[00:11:25.14] ••• Veals (Veals) starts turn
[00:11:40.60] ••• Veals (Veals) fires Girder
[00:11:43.68] ••• Veals (Veals) ends turn; time used: 13.78 sec turn, 3.00 sec retreat
[00:11:45.70] ••• -ç|2ãZı Fë11å$- (`Pn`Mega`Adnan) starts turn
[00:12:21.60] ••• -ç|2ãZı Fë11å$- (`Pn`Mega`Adnan) fires Girder
[00:12:24.68] ••• -ç|2ãZı Fë11å$- (`Pn`Mega`Adnan) ends turn; time used: 30.90 sec turn, 3.00 sec retreat
[00:12:26.70] ••• Veals (Veals) starts turn
[00:12:56.44] ••• Veals (Veals) fires Teleport
[00:12:56.86] ••• resetting Jet Pack fuel use to 0
[00:12:58.92] ••• Veals (Veals) ends turn; time used: 28.24 sec turn, 0.02 sec retreat
[00:12:59.54] ••• -ç|2ãZı Fë11å$- (`Pn`Mega`Adnan) starts turn
[00:13:12.26] ••• -ç|2ãZı Fë11å$- (`Pn`Mega`Adnan) fires Napalm Strike
[00:13:15.74] ••• -ç|2ãZı Fë11å$- (`Pn`Mega`Adnan) ends turn; time used: 7.72 sec turn, 3.00 sec retreat
[00:13:16.52] [`Pn`Mega`Adnan] ew
[00:13:24.70] ••• Damage dealt: 3 to Veals (Veals)
[00:13:24.70] ••• Veals (Veals) starts turn
[00:13:27.84] ••• Veals (Veals) uses Bungee
[00:13:58.16] ••• Veals (Veals) fires Shotgun
[00:14:09.04] ••• Veals (Veals) fires Shotgun
[00:14:13.20] ••• Veals (Veals) ends turn; time used: 39.40 sec turn, 3.00 sec retreat
[00:14:17.80] ••• Damage dealt: 90 (1 kill) to -ç|2ãZı Fë11å$- (`Pn`Mega`Adnan)
[00:14:17.80] ••• -ç|2ãZı Fë11å$- (`Pn`Mega`Adnan) starts turn
[00:14:53.10] ••• -ç|2ãZı Fë11å$- (`Pn`Mega`Adnan) fires Shotgun
[00:15:08.56] ••• -ç|2ãZı Fë11å$- (`Pn`Mega`Adnan) fires Shotgun
[00:15:12.72] ••• -ç|2ãZı Fë11å$- (`Pn`Mega`Adnan) ends turn; time used: 43.66 sec turn, 3.00 sec retreat
[00:15:17.14] ••• Damage dealt: 25 to Veals (Veals)
[00:15:17.14] ••• Veals (Veals) starts turn
[00:15:49.50] ••• Veals (Veals) fires Jet Pack
[00:15:53.76] ••• Veals (Veals) used 30 units of Jet Pack fuel
[00:16:07.00] ••• Veals (Veals) fires Petrol Bomb
[00:16:10.80] ••• Veals (Veals) ends turn; time used: 44.44 sec turn, 3.00 sec retreat
[00:16:13.12] ••• -ç|2ãZı Fë11å$- (`Pn`Mega`Adnan) starts turn
[00:16:38.90] ••• -ç|2ãZı Fë11å$- (`Pn`Mega`Adnan) fires Ninja Rope
[00:16:40.12] ••• -ç|2ãZı Fë11å$- (`Pn`Mega`Adnan) fires Ninja Rope
[00:16:57.76] ••• -ç|2ãZı Fë11å$- (`Pn`Mega`Adnan) uses Bungee
[00:17:03.36] ••• -ç|2ãZı Fë11å$- (`Pn`Mega`Adnan) fires Grenade (5 sec, min bounce)
[00:17:09.38] ••• -ç|2ãZı Fë11å$- (`Pn`Mega`Adnan) ends turn; time used: 44.84 sec turn, 3.00 sec retreat
[00:17:14.60] ••• Damage dealt: 19 to Veals (Veals), 6 to -ç|2ãZı Fë11å$- (`Pn`Mega`Adnan)
[00:17:14.60] ••• Veals (Veals) starts turn
[00:17:21.22] ••• Veals (Veals) fires Ninja Rope
[00:17:31.38] ••• Veals (Veals) fires Mad Cow (herd of 1)
[00:17:31.66] ••• Veals (Veals) loses turn due to loss of control; time used: 13.36 sec turn, 0.00 sec retreat
[00:17:36.42] [Veals] gg
[00:17:40.70] [`Pn`Mega`Adnan] gg
[00:17:59.66] ••• Damage dealt: 17 (1 kill) to Veals (Veals), 113 (2 kills) to -ç|2ãZı Fë11å$- (`Pn`Mega`Adnan)
[00:17:59.68] ••• Game Ends - Round Finished
[00:17:59.68] *** Round Finish acknowledged by Veals
[00:18:02.00] *** Round Finish acknowledged by `Pn`Mega`Adnan

Team time totals:
Veals (Veals):                    Turn: 00:06:17.88, Retreat: 00:00:24.50, Total: 00:06:42.38, Turn count: 12
-ç|2ãZı Fë11å$- (`Pn`Mega`Adnan): Turn: 00:05:59.48, Retreat: 00:00:36.98, Total: 00:06:36.46, Turn count: 11

Total Jet Pack fuel used: 30

End of round 1

Round time: 0:17:59
Total game time elapsed: 0:17:59

Veals wins the round.

Worm of the round: ?ep?? 6 (Veals)
Most damage with one shot: 111 - (\/)ã$Tä (:-) (-ç|2ãZı Fë11å$-)
