Game ID: "12317339"
Game Started at 2021-02-10 19:08:36 GMT
Game Engine Version: 3.8.1
File Format Version: 3.7.3.0 - 3.8.1
Exported with Version: 3.8.1 (Steam)

Red:  "Leoric"      as "Rowio" [Local Player] [Host]
Blue: "AntiWormita" as "Hattori Hanzo"

[00:00:00.00] ••• Hattori Hanzo (AntiWormita) starts turn
[00:00:07.98] ••• Hattori Hanzo (AntiWormita) fires Select Worm
[00:00:16.74] ••• Hattori Hanzo (AntiWormita) fires Ninja Rope
[00:00:28.74] ••• Hattori Hanzo (AntiWormita) fires Ninja Rope
[00:00:41.18] ••• Hattori Hanzo (AntiWormita) loses turn due to loss of control; time used: 35.86 sec turn, 0.00 sec retreat
[00:00:45.94] ••• Damage dealt: 3 to Hattori Hanzo (AntiWormita)
[00:00:45.94] ••• Rowio (Leoric) starts turn
[00:00:49.40] [AntiWormita] i fail shoot buttom -.-
[00:01:02.06] ••• Rowio (Leoric) fires Select Worm
[00:01:23.30] ••• Rowio (Leoric) fires Grenade (5 sec, min bounce)
[00:01:28.92] ••• Rowio (Leoric) ends turn; time used: 34.70 sec turn, 3.00 sec retreat
[00:01:49.28] ••• Damage dealt: 214 (2 kills) to Hattori Hanzo (AntiWormita)
[00:01:49.28] ••• Hattori Hanzo (AntiWormita) starts turn
[00:01:53.20] ••• Hattori Hanzo (AntiWormita) fires Select Worm
[00:02:12.64] ••• Hattori Hanzo (AntiWormita) fires Sheep
[00:02:15.56] ••• Hattori Hanzo (AntiWormita) loses turn due to loss of control; time used: 19.92 sec turn, 2.74 sec retreat
[00:02:20.24] ••• Damage dealt: 104 to Rowio (Leoric)
[00:02:20.24] ••• Rowio (Leoric) starts turn
[00:02:37.12] ••• Rowio (Leoric) fires Parachute
[00:02:57.66] ••• Rowio (Leoric) fires Sheep
[00:03:06.14] [Leoric] :P
[00:03:08.62] ••• Rowio (Leoric) loses turn due to loss of control; time used: 32.42 sec turn, 3.00 sec retreat
[00:03:12.88] ••• Damage dealt: 18 to Rowio (Leoric)
[00:03:12.88] ••• Hattori Hanzo (AntiWormita) starts turn
[00:03:27.88] ••• Hattori Hanzo (AntiWormita) fires Ninja Rope
[00:03:41.26] ••• Hattori Hanzo (AntiWormita) fires Ninja Rope
[00:03:48.22] ••• Hattori Hanzo (AntiWormita) uses Parachute
[00:04:01.30] ••• Hattori Hanzo (AntiWormita) fires Jet Pack
[00:04:02.74] ••• Hattori Hanzo (AntiWormita) fires Dynamite
[00:04:07.74] ••• Hattori Hanzo (AntiWormita) used 30 (0) units of Jet Pack fuel
[00:04:07.76] ••• Hattori Hanzo (AntiWormita) ends turn; time used: 42.54 sec turn, 5.00 sec retreat
[00:04:15.66] ••• Damage dealt: 181 (2 kills) to Rowio (Leoric)
[00:04:15.66] ••• Rowio (Leoric) starts turn
[00:04:28.08] ••• Rowio (Leoric) fires Low Gravity
[00:04:46.00] ••• Rowio (Leoric) fires Dragon Ball
[00:04:50.52] ••• Rowio (Leoric) ends turn; time used: 26.66 sec turn, 3.00 sec retreat
[00:04:56.36] ••• Damage dealt: 90 (1 kill) to Hattori Hanzo (AntiWormita)
[00:04:56.36] ••• Hattori Hanzo (AntiWormita) starts turn
[00:04:59.78] ••• Hattori Hanzo (AntiWormita) fires Select Worm
[00:05:29.02] ••• Hattori Hanzo (AntiWormita) fires Low Gravity
[00:05:42.32] ••• Hattori Hanzo (AntiWormita) fires Mine
[00:05:47.50] ••• Hattori Hanzo (AntiWormita) ends turn; time used: 43.18 sec turn, 5.00 sec retreat
[00:05:58.32] [Leoric]  ouch
[00:05:59.32] ••• Damage dealt: 69 to Rowio (Leoric)
[00:05:59.32] ••• Rowio (Leoric) starts turn
[00:06:02.92] [AntiWormita] luck
[00:06:04.24] ••• Rowio (Leoric) fires Select Worm
[00:06:06.10] [AntiWormita] no planed
[00:06:28.38] ••• Rowio (Leoric) fires Longbow
[00:06:49.08] ••• Rowio (Leoric) fires Longbow
[00:06:52.16] ••• Rowio (Leoric) ends turn; time used: 38.34 sec turn, 3.00 sec retreat
[00:06:57.10] ••• Damage dealt: 105 (1 kill) to Hattori Hanzo (AntiWormita)
[00:06:57.10] ••• Hattori Hanzo (AntiWormita) starts turn
[00:07:35.06] ••• Hattori Hanzo (AntiWormita) fires Old Woman
[00:07:40.10] ••• Hattori Hanzo (AntiWormita) ends turn; time used: 35.76 sec turn, 3.00 sec retreat
[00:07:48.98] ••• Damage dealt: 68 (2 kills) to Rowio (Leoric), 28 to Hattori Hanzo (AntiWormita)
[00:07:48.98] ••• Rowio (Leoric) starts turn
[00:08:14.60] ••• Rowio (Leoric) fires Ninja Rope
[00:08:19.10] ••• Rowio (Leoric) loses turn due to loss of control; time used: 25.48 sec turn, 0.00 sec retreat
[00:08:24.44] ••• Damage dealt: 14 to Rowio (Leoric)
[00:08:24.44] ••• Hattori Hanzo (AntiWormita) starts turn
[00:08:42.94] ••• Hattori Hanzo (AntiWormita) fires Air Strike
[00:08:46.42] ••• Hattori Hanzo (AntiWormita) ends turn; time used: 13.50 sec turn, 3.00 sec retreat
[00:08:54.74] ••• Damage dealt: 15 (1 kill) to Rowio (Leoric)
[00:08:54.74] ••• Rowio (Leoric) starts turn
[00:09:01.18] ••• Rowio (Leoric) fires Select Worm
[00:09:15.98] ••• Rowio (Leoric) fires Ninja Rope
[00:09:29.12] ••• Rowio (Leoric) fires Mad Cow (herd of 2)
[00:09:33.12] ••• Rowio (Leoric) ends turn; time used: 29.00 sec turn, 3.00 sec retreat
[00:09:38.28] ••• Damage dealt: 2 to Rowio (Leoric), 126 to Hattori Hanzo (AntiWormita)
[00:09:38.28] ••• Hattori Hanzo (AntiWormita) starts turn
[00:09:56.90] ••• Hattori Hanzo (AntiWormita) fires Ninja Rope
[00:10:16.60] ••• Hattori Hanzo (AntiWormita) fires Mine
[00:10:21.62] ••• Hattori Hanzo (AntiWormita) ends turn; time used: 32.98 sec turn, 5.00 sec retreat
[00:10:29.24] ••• Damage dealt: 48 to Rowio (Leoric), 25 to Hattori Hanzo (AntiWormita)
[00:10:29.24] ••• Rowio (Leoric) starts turn
[00:10:44.92] ••• Rowio (Leoric) fires Ninja Rope
[00:11:14.26] ••• Rowio (Leoric) fires Longbow
[00:11:23.26] ••• Rowio (Leoric) fires Longbow
[00:11:26.34] ••• Rowio (Leoric) ends turn; time used: 41.16 sec turn, 3.00 sec retreat
[00:11:36.60] ••• Damage dealt: 21 (2 kills) to Hattori Hanzo (AntiWormita)
[00:11:36.60] ••• Hattori Hanzo (AntiWormita) starts turn
[00:11:47.96] ••• Hattori Hanzo (AntiWormita) fires Napalm Strike
[00:11:51.44] ••• Hattori Hanzo (AntiWormita) ends turn; time used: 6.36 sec turn, 3.00 sec retreat
[00:12:10.98] ••• Damage dealt: 41 (1 kill) to Rowio (Leoric), 18 (1 kill) to Hattori Hanzo (AntiWormita)
[00:12:10.98] ••• Rowio (Leoric) starts turn
[00:12:17.10] ••• Rowio (Leoric) fires Jet Pack
[00:12:20.26] ••• Rowio (Leoric) used 6 units of Jet Pack fuel
[00:12:20.26] ••• Rowio (Leoric) loses turn due to loss of control; time used: 8.86 sec turn, 0.00 sec retreat
[00:12:25.30] [Leoric] :'( 
[00:12:26.44] ••• Damage dealt: 90 (1 kill) to Rowio (Leoric)
[00:12:26.44] ••• Hattori Hanzo (AntiWormita) starts turn
[00:12:26.46] [Leoric] :D
[00:12:34.06] ••• Hattori Hanzo (AntiWormita) fires Teleport
[00:12:34.48] ••• resetting Jet Pack fuel use to 0
[00:12:36.54] ••• Hattori Hanzo (AntiWormita) ends turn; time used: 5.00 sec turn, 0.02 sec retreat
[00:12:37.18] ••• Rowio (Leoric) starts turn
[00:12:40.22] ••• Rowio (Leoric) fires Ninja Rope
[00:12:40.96] ••• Rowio (Leoric) fires Ninja Rope
[00:12:57.54] ••• Rowio (Leoric) fires Ninja Rope
[00:12:58.86] ••• Rowio (Leoric) fires Ninja Rope
[00:13:13.66] [AntiWormita] wow
[00:13:14.50] [AntiWormita] gg
[00:13:16.08] ••• Rowio (Leoric) fires Baseball Bat
[00:13:19.24] [Leoric] gg
[00:13:19.52] ••• Rowio (Leoric) ends turn; time used: 37.48 sec turn, 2.88 sec retreat
[00:13:22.38] [Leoric] :) 
[00:13:24.16] [Leoric] bye
[00:13:27.70] [Leoric] thanks
[00:13:30.32] ••• Damage dealt: 90 (1 kill) to Hattori Hanzo (AntiWormita)
[00:13:30.34] ••• Game Ends - Round Finished
[00:13:30.34] *** Round Finish acknowledged by Leoric
[00:13:32.46] *** Round Finish acknowledged by AntiWormita

Team time totals:
Rowio (Leoric):              Turn: 00:04:34.10, Retreat: 00:00:20.88, Total: 00:04:54.98, Turn count: 9
Hattori Hanzo (AntiWormita): Turn: 00:03:55.10, Retreat: 00:00:26.76, Total: 00:04:21.86, Turn count: 9

End of round 2

Round time: 0:13:30
Total game time elapsed: Unknown

Rowio wins the match!

Worm of the round: Striker (Rowio)

Most damage with one shot: 152 - Elle Driver (Hattori Hanzo)
