Game ID: "12325998"
Game Started at 2021-02-13 13:54:11 GMT
Game Engine Version: 3.8.1
File Format Version: 3.7.3.0 - 3.8.1
Exported with Version: 3.8.1 (Steam)

Red:  "NNNxDario" as "algunos" [Local Player] [Host]
Blue: "Papu"      as "Sikegenler"

[00:00:00.00] ••• algunos (NNNxDario) starts turn
[00:00:17.20] ••• algunos (NNNxDario) fires Select Worm
[00:00:21.94] ••• algunos (NNNxDario) uses Parachute
[00:00:23.22] ••• algunos (NNNxDario) fires Select Worm
[00:00:33.44] ••• algunos (NNNxDario) fires Ninja Rope
[00:00:43.80] ••• algunos (NNNxDario) fires Dynamite
[00:00:48.82] ••• algunos (NNNxDario) ends turn; time used: 38.68 sec turn, 5.00 sec retreat
[00:01:04.58] ••• Damage dealt: 155 (1 kill) to Sikegenler (Papu)
[00:01:04.58] ••• Sikegenler (Papu) starts turn
[00:01:16.56] ••• Sikegenler (Papu) fires Sheep
[00:01:22.32] ••• Sikegenler (Papu) loses turn due to loss of control; time used: 7.88 sec turn, 3.00 sec retreat
[00:01:28.08] ••• Damage dealt: 88 to algunos (NNNxDario), 28 to Sikegenler (Papu)
[00:01:28.08] ••• algunos (NNNxDario) starts turn
[00:01:34.42] ••• algunos (NNNxDario) uses Bungee
[00:01:56.66] ••• algunos (NNNxDario) fires Select Worm
[00:02:02.82] ••• algunos (NNNxDario) fires Ninja Rope
[00:02:10.08] ••• algunos (NNNxDario) fires Low Gravity
[00:02:11.62] ••• algunos (NNNxDario) fires Kamikaze
[00:02:13.46] ••• algunos (NNNxDario) loses turn due to loss of control; time used: 39.26 sec turn, 0.00 sec retreat
[00:02:21.86] [Papu] nice
[00:02:22.56] ••• Damage dealt: 21 (1 kill) to algunos (NNNxDario), 114 (1 kill) to Sikegenler (Papu)
[00:02:22.56] ••• Sikegenler (Papu) starts turn
[00:02:22.58] [NNNxDario] hehe
[00:02:31.28] ••• Sikegenler (Papu) fires Select Worm
[00:02:44.38] ••• Sikegenler (Papu) fires Baseball Bat
[00:02:47.96] ••• Sikegenler (Papu) ends turn; time used: 16.76 sec turn, 3.00 sec retreat
[00:02:52.58] ••• Damage dealt: 90 (1 kill) to algunos (NNNxDario)
[00:02:52.58] ••• algunos (NNNxDario) starts turn
[00:03:20.08] ••• algunos (NNNxDario) fires Homing Pigeon
[00:03:23.16] ••• algunos (NNNxDario) ends turn; time used: 27.24 sec turn, 3.00 sec retreat
[00:03:29.20] ••• Damage dealt: 79 to Sikegenler (Papu)
[00:03:29.20] ••• Sikegenler (Papu) starts turn
[00:03:40.00] ••• Sikegenler (Papu) fires Select Worm
[00:04:15.14] ••• Sikegenler (Papu) fires Dynamite
[00:04:20.18] ••• Sikegenler (Papu) loses turn due to loss of control; time used: 40.88 sec turn, 4.86 sec retreat
[00:04:26.26] ••• Damage dealt: 75 to algunos (NNNxDario), 18 to Sikegenler (Papu)
[00:04:26.26] ••• algunos (NNNxDario) starts turn
[00:04:58.26] ••• algunos (NNNxDario) fires Homing Pigeon
[00:05:03.56] ••• algunos (NNNxDario) loses turn due to loss of control; time used: 27.78 sec turn, 3.00 sec retreat
[00:05:12.90] [Papu] strange
[00:05:15.38] ••• Damage dealt: 22 (1 kill) to algunos (NNNxDario), 109 (1 kill) to Sikegenler (Papu)
[00:05:15.38] ••• Sikegenler (Papu) starts turn
[00:05:15.40] [NNNxDario] :)
[00:05:28.30] ••• Sikegenler (Papu) fires Ninja Rope
[00:05:57.72] ••• Sikegenler (Papu) fires Cluster Bomb (3 sec, min bounce)
[00:05:59.78] ••• Sikegenler (Papu) loses turn due to loss of control; time used: 40.72 sec turn, 1.78 sec retreat
[00:06:06.30] ••• Damage dealt: 28 to algunos (NNNxDario), 3 to Sikegenler (Papu)
[00:06:06.30] ••• algunos (NNNxDario) starts turn
[00:06:23.92] ••• algunos (NNNxDario) fires Grenade (5 sec, min bounce)
[00:06:29.80] ••• algunos (NNNxDario) ends turn; time used: 12.62 sec turn, 3.00 sec retreat
[00:06:44.14] ••• Damage dealt: 38 (1 kill) to Sikegenler (Papu)
[00:06:44.14] ••• Sikegenler (Papu) starts turn
[00:06:51.40] ••• Sikegenler (Papu) fires Select Worm
[00:07:03.54] ••• Sikegenler (Papu) fires Low Gravity
[00:07:06.76] ••• Sikegenler (Papu) fires Fire Punch
[00:07:12.40] [NNNxDario] plop
[00:07:12.52] ••• Sikegenler (Papu) ends turn; time used: 18.06 sec turn, 3.00 sec retreat
[00:07:18.14] ••• Damage dealt: 71 (1 kill) to algunos (NNNxDario)
[00:07:18.14] ••• algunos (NNNxDario) starts turn
[00:07:28.44] ••• algunos (NNNxDario) fires Petrol Bomb
[00:07:31.80] ••• algunos (NNNxDario) ends turn; time used: 9.84 sec turn, 3.00 sec retreat
[00:07:36.22] ••• Damage dealt: 13 to Sikegenler (Papu)
[00:07:36.22] ••• Sikegenler (Papu) starts turn
[00:07:51.22] ••• Sikegenler (Papu) fires Holy Hand-Grenade
[00:07:56.16] ••• Sikegenler (Papu) ends turn; time used: 11.36 sec turn, 3.00 sec retreat
[00:08:09.08] ••• Damage dealt: 130 (1 kill) to algunos (NNNxDario), 5 to Sikegenler (Papu)
[00:08:09.08] ••• algunos (NNNxDario) starts turn
[00:08:35.02] ••• algunos (NNNxDario) uses Parachute
[00:08:41.74] ••• algunos (NNNxDario) fires Shotgun
[00:08:42.64] ••• algunos (NNNxDario) loses turn due to loss of control; time used: 27.66 sec turn, 0.00 sec retreat
[00:08:47.46] ••• Damage dealt: 23 to algunos (NNNxDario), 27 to Sikegenler (Papu)
[00:08:47.46] ••• Sikegenler (Papu) starts turn
[00:09:06.80] ••• Sikegenler (Papu) fires Shotgun
[00:09:15.48] ••• Sikegenler (Papu) fires Shotgun
[00:09:19.64] ••• Sikegenler (Papu) ends turn; time used: 19.86 sec turn, 3.00 sec retreat
[00:09:24.40] ••• Damage dealt: 50 to algunos (NNNxDario)
[00:09:24.40] ••• algunos (NNNxDario) starts turn
[00:10:08.54] ••• algunos (NNNxDario) fires Petrol Bomb
[00:10:12.54] ••• algunos (NNNxDario) ends turn; time used: 43.90 sec turn, 3.00 sec retreat
[00:10:15.92] ••• Sikegenler (Papu) starts turn
[00:10:45.58] ••• Sikegenler (Papu) fires Shotgun
[00:10:46.48] ••• Sikegenler (Papu) loses turn due to loss of control; time used: 24.66 sec turn, 0.00 sec retreat
[00:10:51.04] ••• Damage dealt: 22 to algunos (NNNxDario), 9 to Sikegenler (Papu)
[00:10:51.04] ••• algunos (NNNxDario) starts turn
[00:11:09.24] ••• algunos (NNNxDario) fires Bazooka
[00:11:13.72] ••• algunos (NNNxDario) ends turn; time used: 16.22 sec turn, 3.00 sec retreat
[00:11:17.74] ••• Sikegenler (Papu) starts turn
[00:11:36.40] ••• Sikegenler (Papu) fires Jet Pack
[00:11:48.66] ••• Sikegenler (Papu) used 30 units of Jet Pack fuel
[00:11:53.74] ••• Sikegenler (Papu) fires Shotgun
[00:12:20.20] ••• Sikegenler (Papu) fires Shotgun
[00:12:24.36] ••• Sikegenler (Papu) ends turn; time used: 39.50 sec turn, 3.00 sec retreat
[00:12:29.58] ••• Damage dealt: 12 (1 kill) to algunos (NNNxDario), 11 (1 kill) to Sikegenler (Papu)
[00:12:29.58] ••• algunos (NNNxDario) starts turn
[00:12:34.50] ••• algunos (NNNxDario) fires Ninja Rope
[00:12:39.56] ••• algunos (NNNxDario) fires Ninja Rope
[00:12:40.40] ••• algunos (NNNxDario) fires Ninja Rope
[00:12:41.16] ••• algunos (NNNxDario) fires Ninja Rope
[00:12:42.02] ••• algunos (NNNxDario) fires Ninja Rope
[00:13:11.36] ••• algunos (NNNxDario) fires Grenade (3 sec, min bounce)
[00:13:14.62] ••• algunos (NNNxDario) ends turn; time used: 39.46 sec turn, 3.00 sec retreat
[00:13:20.66] ••• Damage dealt: 1 to algunos (NNNxDario), 45 to Sikegenler (Papu)
[00:13:20.66] ••• Sikegenler (Papu) starts turn
[00:13:34.14] ••• Sikegenler (Papu) fires Homing Missile
[00:13:37.72] ••• Sikegenler (Papu) ends turn; time used: 8.48 sec turn, 3.00 sec retreat
[00:13:42.50] ••• Damage dealt: 40 to algunos (NNNxDario)
[00:13:42.50] ••• algunos (NNNxDario) starts turn
[00:14:10.22] ••• algunos (NNNxDario) fires Jet Pack
[00:14:11.88] ••• algunos (NNNxDario) fires Sheep
[00:14:16.88] ••• algunos (NNNxDario) used 30 (6) units of Jet Pack fuel
[00:14:16.90] ••• algunos (NNNxDario) ends turn; time used: 27.40 sec turn, 5.00 sec retreat
[00:14:26.44] [NNNxDario] gg
[00:14:49.22] ••• Damage dealt: 2 (1 kill) to algunos (NNNxDario), 66 (3 kills) to Sikegenler (Papu)
[00:14:49.24] ••• Game Ends - Round Finished
[00:14:49.24] *** Round Finish acknowledged by NNNxDario
[00:14:51.62] *** Round Finish acknowledged by Papu

Team time totals:
algunos (NNNxDario): Turn: 00:05:10.06, Retreat: 00:00:31.00, Total: 00:05:41.06, Turn count: 11
Sikegenler (Papu):   Turn: 00:03:48.16, Retreat: 00:00:27.64, Total: 00:04:15.80, Turn count: 10

Total Jet Pack fuel used: 60

End of round 2

Round time: 0:14:49
Total game time elapsed: Unknown

algunos wins the match!

Worm of the round: Siketay (Sikegenler)

Most kills with one shot: 3 - dónde (algunos)
Most damage with one shot: 155 - cuándo (algunos)
