Game ID: "12322288"
Game Started at 2021-02-12 15:57:16 GMT
Game Engine Version: 3.8.1
File Format Version: 3.7.3.0 - 3.8.1
Exported with Version: 3.8.1 (Steam)

Red:  "NNNxDario"      as "algunos" [Local Player] [Host]
Blue: "`Pn`Mega`Adnan" as "UltraKlanMaggies"

[00:00:00.00] ••• algunos (NNNxDario) starts turn
[00:00:02.90] [`Pn`Mega`Adnan] Funs
[00:00:03.26] [NNNxDario] what did you have to do
[00:00:09.20] ••• algunos (NNNxDario) fires Select Worm
[00:00:21.32] [`Pn`Mega`Adnan] someone needed black pepper
[00:00:21.86] ••• algunos (NNNxDario) fires Ninja Rope
[00:00:34.78] ••• algunos (NNNxDario) fires Uzi
[00:00:38.98] ••• algunos (NNNxDario) ends turn; time used: 29.62 sec turn, 3.00 sec retreat
[00:00:44.50] ••• Damage dealt: 163 to UltraKlanMaggies (`Pn`Mega`Adnan)
[00:00:44.50] ••• UltraKlanMaggies (`Pn`Mega`Adnan) starts turn
[00:00:53.48] ••• UltraKlanMaggies (`Pn`Mega`Adnan) fires Select Worm
[00:00:54.02] [NNNxDario] apparently I've ran out of random maps
[00:01:01.44] [NNNxDario] just played this one yesterday
[00:01:14.18] ••• UltraKlanMaggies (`Pn`Mega`Adnan) fires Select Worm
[00:01:30.00] ••• UltraKlanMaggies (`Pn`Mega`Adnan) fires Shotgun
[00:01:39.58] ••• UltraKlanMaggies (`Pn`Mega`Adnan) fires Shotgun
[00:01:43.74] ••• UltraKlanMaggies (`Pn`Mega`Adnan) ends turn; time used: 44.74 sec turn, 3.00 sec retreat
[00:01:48.16] ••• Damage dealt: 50 to algunos (NNNxDario)
[00:01:48.16] ••• algunos (NNNxDario) starts turn
[00:02:02.52] ••• algunos (NNNxDario) fires Shotgun
[00:02:11.18] ••• algunos (NNNxDario) fires Shotgun
[00:02:15.34] ••• algunos (NNNxDario) ends turn; time used: 14.08 sec turn, 3.00 sec retreat
[00:02:29.24] ••• Damage dealt: 90 (1 kill) to UltraKlanMaggies (`Pn`Mega`Adnan)
[00:02:29.24] ••• UltraKlanMaggies (`Pn`Mega`Adnan) starts turn
[00:03:18.44] ••• UltraKlanMaggies (`Pn`Mega`Adnan) fires Shotgun
[00:03:20.62] ••• UltraKlanMaggies (`Pn`Mega`Adnan) fires Shotgun
[00:03:21.52] ••• UltraKlanMaggies (`Pn`Mega`Adnan) loses turn due to loss of control; time used: 44.28 sec turn, 0.00 sec retreat
[00:03:21.66] [`Pn`Mega`Adnan] ops
[00:03:26.02] ••• Damage dealt: 22 to UltraKlanMaggies (`Pn`Mega`Adnan)
[00:03:26.02] ••• algunos (NNNxDario) starts turn
[00:03:42.02] ••• algunos (NNNxDario) fires Ninja Rope
[00:03:53.24] ••• algunos (NNNxDario) fires Jet Pack
[00:04:02.34] ••• algunos (NNNxDario) fires Mine
[00:04:07.14] ••• algunos (NNNxDario) used 30 (22) units of Jet Pack fuel
[00:04:07.36] ••• algunos (NNNxDario) ends turn; time used: 35.58 sec turn, 5.00 sec retreat
[00:04:17.04] ••• Damage dealt: 4 to algunos (NNNxDario), 90 (1 kill) to UltraKlanMaggies (`Pn`Mega`Adnan)
[00:04:17.04] ••• UltraKlanMaggies (`Pn`Mega`Adnan) starts turn
[00:04:41.44] ••• UltraKlanMaggies (`Pn`Mega`Adnan) fires Bazooka
[00:04:46.04] ••• UltraKlanMaggies (`Pn`Mega`Adnan) ends turn; time used: 19.40 sec turn, 3.00 sec retreat
[00:04:46.06] [`Pn`Mega`Adnan] ew
[00:04:47.40] [NNNxDario] :)
[00:04:50.62] ••• Damage dealt: 43 to algunos (NNNxDario)
[00:04:50.62] ••• algunos (NNNxDario) starts turn
[00:04:53.82] ••• algunos (NNNxDario) fires Select Worm
[00:05:23.08] ••• algunos (NNNxDario) fires Dynamite
[00:05:28.12] ••• algunos (NNNxDario) loses turn due to loss of control; time used: 30.42 sec turn, 4.86 sec retreat
[00:05:38.40] [NNNxDario] aw
[00:05:42.16] [`Pn`Mega`Adnan] ooof
[00:05:43.00] [`Pn`Mega`Adnan] vnt
[00:05:45.78] ••• Damage dealt: 40 (1 kill) to algunos (NNNxDario), 92 (1 kill) to UltraKlanMaggies (`Pn`Mega`Adnan)
[00:05:45.78] ••• UltraKlanMaggies (`Pn`Mega`Adnan) starts turn
[00:05:49.12] [NNNxDario] ty
[00:05:54.28] ••• UltraKlanMaggies (`Pn`Mega`Adnan) fires Select Worm
[00:06:35.58] ••• UltraKlanMaggies (`Pn`Mega`Adnan) fires Grenade (4 sec, min bounce)
[00:06:40.04] ••• UltraKlanMaggies (`Pn`Mega`Adnan) ends turn; time used: 44.74 sec turn, 3.00 sec retreat
[00:06:40.44] [`Pn`Mega`Adnan] xD
[00:06:43.04] [NNNxDario] lol
[00:06:45.82] ••• Damage dealt: 39 to algunos (NNNxDario), 1 to UltraKlanMaggies (`Pn`Mega`Adnan)
[00:06:45.82] ••• algunos (NNNxDario) starts turn
[00:06:47.54] ••• algunos (NNNxDario) fires Low Gravity
[00:06:51.34] [`Pn`Mega`Adnan] almost plopped myself
[00:07:28.70] ••• algunos (NNNxDario) fires Mine
[00:07:33.72] ••• algunos (NNNxDario) ends turn; time used: 42.36 sec turn, 5.00 sec retreat
[00:07:41.10] ••• Damage dealt: 47 to UltraKlanMaggies (`Pn`Mega`Adnan)
[00:07:41.10] ••• UltraKlanMaggies (`Pn`Mega`Adnan) starts turn
[00:07:41.12] [NNNxDario] oof
[00:07:44.94] [NNNxDario] didn't expect to miss by so much
[00:07:54.64] ••• UltraKlanMaggies (`Pn`Mega`Adnan) fires Ninja Rope
[00:08:10.82] ••• UltraKlanMaggies (`Pn`Mega`Adnan) fires Ninja Rope
[00:08:13.82] ••• UltraKlanMaggies (`Pn`Mega`Adnan) uses Parachute
[00:08:14.66] ••• UltraKlanMaggies (`Pn`Mega`Adnan) loses turn due to loss of control; time used: 28.44 sec turn, 0.00 sec retreat
[00:08:14.68] [`Pn`Mega`Adnan] ew
[00:08:19.32] ••• Damage dealt: 3 to algunos (NNNxDario), 1 to UltraKlanMaggies (`Pn`Mega`Adnan)
[00:08:19.32] ••• algunos (NNNxDario) starts turn
[00:08:24.84] [NNNxDario] counter knock!
[00:08:32.88] [`Pn`Mega`Adnan] un derground praty
[00:08:40.32] ••• algunos (NNNxDario) fires Shotgun
[00:08:45.12] [`Pn`Mega`Adnan] underground party*
[00:08:49.26] [NNNxDario] underwater now
[00:08:55.44] [`Pn`Mega`Adnan] xD
[00:09:00.20] ••• algunos (NNNxDario) fires Shotgun
[00:09:04.36] ••• algunos (NNNxDario) ends turn; time used: 29.14 sec turn, 3.00 sec retreat
[00:09:13.72] ••• Damage dealt: 61 (2 kills) to UltraKlanMaggies (`Pn`Mega`Adnan)
[00:09:13.72] ••• UltraKlanMaggies (`Pn`Mega`Adnan) starts turn
[00:09:34.36] ••• UltraKlanMaggies (`Pn`Mega`Adnan) fires Jet Pack
[00:09:55.42] ••• UltraKlanMaggies (`Pn`Mega`Adnan) fires Dynamite
[00:09:56.76] [NNNxDario] double bounce and safe?
[00:10:00.42] ••• UltraKlanMaggies (`Pn`Mega`Adnan) used 30 (0) units of Jet Pack fuel
[00:10:00.44] ••• UltraKlanMaggies (`Pn`Mega`Adnan) ends turn; time used: 36.28 sec turn, 5.00 sec retreat
[00:10:03.96] [NNNxDario] nope :D
[00:10:07.64] ••• Damage dealt: 90 (1 kill) to algunos (NNNxDario)
[00:10:07.64] ••• algunos (NNNxDario) starts turn
[00:10:09.14] [`Pn`Mega`Adnan] :D
[00:10:19.56] ••• algunos (NNNxDario) fires Select Worm
[00:10:37.00] ••• algunos (NNNxDario) fires Sheep
[00:10:47.14] ••• algunos (NNNxDario) ends turn; time used: 24.30 sec turn, 3.00 sec retreat
[00:10:52.20] [NNNxDario] aw
[00:10:54.86] ••• Damage dealt: 68 to UltraKlanMaggies (`Pn`Mega`Adnan)
[00:10:54.86] ••• UltraKlanMaggies (`Pn`Mega`Adnan) starts turn
[00:10:54.88] [`Pn`Mega`Adnan] ow
[00:11:06.64] ••• UltraKlanMaggies (`Pn`Mega`Adnan) fires Ninja Rope
[00:11:22.58] ••• UltraKlanMaggies (`Pn`Mega`Adnan) fires Shotgun
[00:11:35.64] ••• UltraKlanMaggies (`Pn`Mega`Adnan) fires Shotgun
[00:11:39.80] ••• UltraKlanMaggies (`Pn`Mega`Adnan) ends turn; time used: 28.70 sec turn, 3.00 sec retreat
[00:11:45.02] ••• Damage dealt: 43 (1 kill) to algunos (NNNxDario)
[00:11:45.02] ••• algunos (NNNxDario) starts turn
[00:11:49.70] ••• algunos (NNNxDario) fires Shotgun
[00:12:13.00] ••• algunos (NNNxDario) fires Shotgun
[00:12:17.16] ••• algunos (NNNxDario) ends turn; time used: 23.94 sec turn, 3.00 sec retreat
[00:12:21.18] ••• UltraKlanMaggies (`Pn`Mega`Adnan) starts turn
[00:13:01.84] ••• UltraKlanMaggies (`Pn`Mega`Adnan) fires Ninja Rope
[00:13:07.24] ••• UltraKlanMaggies (`Pn`Mega`Adnan) fires Holy Hand-Grenade
[00:13:12.26] ••• UltraKlanMaggies (`Pn`Mega`Adnan) ends turn; time used: 40.74 sec turn, 5.00 sec retreat
[00:13:12.98] [`Pn`Mega`Adnan] aw
[00:13:14.56] [NNNxDario] wiiiiii
[00:13:17.28] [NNNxDario] nice last second hide
[00:13:19.02] [NNNxDario] loved it
[00:13:19.58] ••• Damage dealt: 84 (1 kill) to algunos (NNNxDario)
[00:13:19.58] ••• algunos (NNNxDario) starts turn
[00:13:21.10] [`Pn`Mega`Adnan] thx
[00:13:37.34] ••• algunos (NNNxDario) fires Girder
[00:13:39.28] [`Pn`Mega`Adnan] was expecting double kill
[00:13:40.42] ••• algunos (NNNxDario) ends turn; time used: 16.54 sec turn, 3.00 sec retreat
[00:13:41.68] [`Pn`Mega`Adnan] but ok :D
[00:13:42.44] ••• UltraKlanMaggies (`Pn`Mega`Adnan) starts turn
[00:13:53.96] [NNNxDario] yeah, not easy to predict those bounces
[00:14:25.82] ••• UltraKlanMaggies (`Pn`Mega`Adnan) fires Mine
[00:14:30.84] ••• UltraKlanMaggies (`Pn`Mega`Adnan) ends turn; time used: 38.38 sec turn, 5.00 sec retreat
[00:14:40.52] ••• Damage dealt: 54 (1 kill) to algunos (NNNxDario)
[00:14:40.52] ••• algunos (NNNxDario) starts turn
[00:14:46.96] ••• algunos (NNNxDario) fires Shotgun
[00:14:47.86] ••• algunos (NNNxDario) loses turn due to loss of control; time used: 5.42 sec turn, 0.00 sec retreat
[00:14:51.00] [NNNxDario] eek
[00:14:53.32] ••• Damage dealt: 6 to algunos (NNNxDario), 16 to UltraKlanMaggies (`Pn`Mega`Adnan)
[00:14:53.32] ••• UltraKlanMaggies (`Pn`Mega`Adnan) starts turn
[00:14:53.34] [`Pn`Mega`Adnan] owch
[00:15:43.10] ••• UltraKlanMaggies (`Pn`Mega`Adnan) fires Napalm Strike
[00:15:46.58] ••• UltraKlanMaggies (`Pn`Mega`Adnan) ends turn; time used: 44.78 sec turn, 3.00 sec retreat
[00:15:48.56] [`Pn`Mega`Adnan] not close
[00:15:52.28] [NNNxDario] xD
[00:15:53.36] [NNNxDario] nope
[00:15:56.68] ••• algunos (NNNxDario) starts turn
[00:16:02.08] ••• algunos (NNNxDario) fires Ninja Rope
[00:16:37.14] ••• algunos (NNNxDario) uses Bungee
[00:16:41.34] ••• algunos (NNNxDario) fires Blow Torch
[00:16:47.90] ••• algunos (NNNxDario) ends turn; time used: 43.10 sec turn, 3.00 sec retreat
[00:16:52.82] ••• Damage dealt: 21 (1 kill) to UltraKlanMaggies (`Pn`Mega`Adnan)
[00:16:52.82] ••• UltraKlanMaggies (`Pn`Mega`Adnan) starts turn
[00:17:23.82] ••• UltraKlanMaggies (`Pn`Mega`Adnan) uses Bungee
[00:17:33.66] ••• UltraKlanMaggies (`Pn`Mega`Adnan) fires Longbow
[00:17:49.86] ••• UltraKlanMaggies (`Pn`Mega`Adnan) ends turn; time used: 45.00 sec turn, 0.00 sec retreat
[00:17:53.08] ••• Damage dealt: 90 (1 kill) to algunos (NNNxDario)
[00:17:53.08] ••• algunos (NNNxDario) starts turn
[00:17:55.04] ••• algunos (NNNxDario) fires Ninja Rope
[00:18:13.38] ••• algunos (NNNxDario) fires Parachute
[00:18:25.02] ••• algunos (NNNxDario) fires Shotgun
[00:18:36.48] ••• algunos (NNNxDario) fires Shotgun
[00:18:40.64] ••• algunos (NNNxDario) ends turn; time used: 34.52 sec turn, 3.00 sec retreat
[00:18:45.86] ••• Damage dealt: 26 (1 kill) to UltraKlanMaggies (`Pn`Mega`Adnan)
[00:18:45.86] ••• UltraKlanMaggies (`Pn`Mega`Adnan) starts turn
[00:19:34.66] ••• UltraKlanMaggies (`Pn`Mega`Adnan) fires Girder
[00:19:37.74] ••• UltraKlanMaggies (`Pn`Mega`Adnan) ends turn; time used: 43.80 sec turn, 3.00 sec retreat
[00:19:39.76] ••• algunos (NNNxDario) starts turn
[00:20:11.04] ••• algunos (NNNxDario) uses Parachute
[00:20:16.44] ••• algunos (NNNxDario) fires Kamikaze
[00:20:17.78] ••• algunos (NNNxDario) loses turn due to loss of control; time used: 36.26 sec turn, 0.00 sec retreat
[00:20:19.62] [NNNxDario] gg
[00:20:22.48] [`Pn`Mega`Adnan] gg
[00:20:32.32] ••• Damage dealt: 84 (1 kill) to algunos (NNNxDario), 22 (1 kill) to UltraKlanMaggies (`Pn`Mega`Adnan)
[00:20:32.34] ••• Game Ends - Round Finished
[00:20:32.34] *** Round Finish acknowledged by NNNxDario
[00:20:34.86] *** Round Finish acknowledged by `Pn`Mega`Adnan

Team time totals:
algunos (NNNxDario):               Turn: 00:06:05.28, Retreat: 00:00:38.86, Total: 00:06:44.14, Turn count: 13
UltraKlanMaggies (`Pn`Mega`Adnan): Turn: 00:07:39.28, Retreat: 00:00:33.00, Total: 00:08:12.28, Turn count: 12

Total Jet Pack fuel used: 60

End of round 2

Round time: 0:20:32
Total game time elapsed: Unknown

algunos wins the round.

Worm of the round: Bi-Zexual (UltraKlanMaggies)
Most damage with one shot: 163 - cuándo (algunos)
