Game ID: "12339798"
Game Started at 2021-02-17 20:02:35 GMT
Game Engine Version: 3.8.1
File Format Version: 3.7.3.0 - 3.8.1
Exported with Version: 3.8.1 (Steam)

Red:  "chesnut"  as "gusis" [Local Player] [Host]
Blue: "oneVSone" as "Eikjueswaies"

[00:00:00.00] ••• Eikjueswaies (oneVSone) starts turn
[00:00:08.66] ••• Eikjueswaies (oneVSone) fires Select Worm
[00:00:16.12] ••• Eikjueswaies (oneVSone) fires Ninja Rope
[00:00:25.22] ••• Eikjueswaies (oneVSone) uses Parachute
[00:00:40.04] ••• Eikjueswaies (oneVSone) fires Battle Axe
[00:00:44.94] ••• Eikjueswaies (oneVSone) ends turn; time used: 31.48 sec turn, 3.00 sec retreat
[00:00:49.36] ••• Damage dealt: 100 to gusis (chesnut)
[00:00:49.36] ••• gusis (chesnut) starts turn
[00:00:52.46] ••• gusis (chesnut) fires Ninja Rope
[00:01:01.72] ••• gusis (chesnut) fires Select Worm
[00:01:09.04] ••• gusis (chesnut) fires Ninja Rope
[00:01:29.56] ••• gusis (chesnut) fires Longbow
[00:01:38.02] ••• gusis (chesnut) loses turn due to loss of control; time used: 40.18 sec turn, 0.00 sec retreat
[00:01:40.88] [oneVSone] uffff
[00:01:43.42] ••• Damage dealt: 1 to gusis (chesnut), 15 to Eikjueswaies (oneVSone)
[00:01:43.42] ••• Eikjueswaies (oneVSone) starts turn
[00:02:05.34] ••• Eikjueswaies (oneVSone) fires Sheep
[00:02:08.36] ••• Eikjueswaies (oneVSone) ends turn; time used: 21.30 sec turn, 3.00 sec retreat
[00:02:17.16] ••• Damage dealt: 89 (1 kill) to gusis (chesnut)
[00:02:17.16] ••• gusis (chesnut) starts turn
[00:02:30.72] ••• gusis (chesnut) fires Dynamite
[00:02:35.90] ••• gusis (chesnut) ends turn; time used: 13.54 sec turn, 5.00 sec retreat
[00:02:45.16] ••• Damage dealt: 13 to gusis (chesnut), 77 to Eikjueswaies (oneVSone)
[00:02:45.16] ••• Eikjueswaies (oneVSone) starts turn
[00:02:56.50] ••• Eikjueswaies (oneVSone) fires Select Worm
[00:03:01.38] ••• Eikjueswaies (oneVSone) fires Ninja Rope
[00:03:13.74] ••• Eikjueswaies (oneVSone) fires Ninja Rope
[00:03:28.86] ••• Eikjueswaies (oneVSone) fires Mad Cow (herd of 2)
[00:03:32.90] ••• Eikjueswaies (oneVSone) ends turn; time used: 41.56 sec turn, 3.00 sec retreat
[00:03:48.72] ••• Damage dealt: 159 (1 kill) to gusis (chesnut)
[00:03:48.72] ••• gusis (chesnut) starts turn
[00:04:14.06] ••• gusis (chesnut) fires Girder
[00:04:17.14] ••• gusis (chesnut) ends turn; time used: 21.86 sec turn, 3.00 sec retreat
[00:04:19.16] ••• Eikjueswaies (oneVSone) starts turn
[00:04:43.62] ••• Eikjueswaies (oneVSone) fires Petrol Bomb
[00:04:47.34] ••• Eikjueswaies (oneVSone) ends turn; time used: 20.90 sec turn, 3.00 sec retreat
[00:04:51.20] ••• Damage dealt: 16 to gusis (chesnut), 18 to Eikjueswaies (oneVSone)
[00:04:51.20] ••• gusis (chesnut) starts turn
[00:05:17.16] ••• gusis (chesnut) fires Shotgun
[00:05:32.94] ••• gusis (chesnut) fires Shotgun
[00:05:37.10] ••• gusis (chesnut) ends turn; time used: 34.62 sec turn, 3.00 sec retreat
[00:05:48.60] ••• Damage dealt: 58 (1 kill) to Eikjueswaies (oneVSone)
[00:05:48.60] ••• Eikjueswaies (oneVSone) starts turn
[00:06:01.76] ••• Eikjueswaies (oneVSone) fires Select Worm
[00:06:08.20] ••• Eikjueswaies (oneVSone) fires Ninja Rope
[00:06:24.60] ••• Eikjueswaies (oneVSone) fires Dynamite
[00:06:29.78] ••• Eikjueswaies (oneVSone) ends turn; time used: 34.46 sec turn, 5.00 sec retreat
[00:06:34.98] ••• Damage dealt: 128 to gusis (chesnut)
[00:06:34.98] ••• gusis (chesnut) starts turn
[00:06:47.10] ••• gusis (chesnut) fires Shotgun
[00:07:07.76] ••• gusis (chesnut) fires Shotgun
[00:07:11.92] ••• gusis (chesnut) ends turn; time used: 24.36 sec turn, 3.00 sec retreat
[00:07:17.14] ••• Damage dealt: 90 (1 kill) to Eikjueswaies (oneVSone)
[00:07:17.14] ••• Eikjueswaies (oneVSone) starts turn
[00:07:31.46] ••• Eikjueswaies (oneVSone) fires Ninja Rope
[00:07:58.72] ••• Eikjueswaies (oneVSone) fires Shotgun
[00:08:19.76] ••• Eikjueswaies (oneVSone) fires Shotgun
[00:08:23.92] ••• Eikjueswaies (oneVSone) ends turn; time used: 44.44 sec turn, 3.00 sec retreat
[00:08:29.54] ••• Damage dealt: 63 (2 kills) to gusis (chesnut)
[00:08:29.54] ••• gusis (chesnut) starts turn
[00:08:40.04] ••• gusis (chesnut) fires Mine
[00:08:45.22] ••• gusis (chesnut) ends turn; time used: 10.16 sec turn, 5.00 sec retreat
[00:08:54.06] ••• Damage dealt: 72 (1 kill) to Eikjueswaies (oneVSone)
[00:08:54.06] ••• Eikjueswaies (oneVSone) starts turn
[00:09:04.78] ••• Eikjueswaies (oneVSone) fires Fire Punch
[00:09:09.20] ••• Eikjueswaies (oneVSone) ends turn; time used: 8.32 sec turn, 3.00 sec retreat
[00:09:13.22] ••• gusis (chesnut) starts turn
[00:09:37.70] ••• gusis (chesnut) fires Grenade (5 sec, max bounce)
[00:09:43.72] ••• gusis (chesnut) ends turn; time used: 22.58 sec turn, 3.00 sec retreat
[00:09:47.64] ••• Eikjueswaies (oneVSone) starts turn
[00:09:57.86] ••• Eikjueswaies (oneVSone) fires Fire Punch
[00:10:02.66] ••• Eikjueswaies (oneVSone) ends turn; time used: 7.52 sec turn, 3.00 sec retreat
[00:10:06.68] ••• gusis (chesnut) starts turn
[00:10:14.36] ••• gusis (chesnut) fires Ninja Rope
[00:10:25.16] ••• gusis (chesnut) fires Mine
[00:10:30.18] ••• gusis (chesnut) ends turn; time used: 17.86 sec turn, 5.00 sec retreat
[00:10:43.66] ••• Damage dealt: 45 (1 kill) to Eikjueswaies (oneVSone)
[00:10:43.66] ••• Eikjueswaies (oneVSone) starts turn
[00:11:16.34] ••• Eikjueswaies (oneVSone) uses Bungee
[00:11:24.12] ••• Eikjueswaies (oneVSone) fires Shotgun
[00:11:33.18] ••• Eikjueswaies (oneVSone) fires Shotgun
[00:11:37.34] ••• Eikjueswaies (oneVSone) ends turn; time used: 43.20 sec turn, 3.00 sec retreat
[00:11:47.96] ••• Damage dealt: 36 (1 kill) to gusis (chesnut)
[00:11:47.96] ••• gusis (chesnut) starts turn
[00:12:04.38] ••• gusis (chesnut) fires Girder
[00:12:07.46] ••• gusis (chesnut) ends turn; time used: 12.08 sec turn, 3.00 sec retreat
[00:12:09.48] ••• Eikjueswaies (oneVSone) starts turn
[00:12:34.54] ••• Eikjueswaies (oneVSone) fires Shotgun
[00:12:41.48] ••• Eikjueswaies (oneVSone) fires Shotgun
[00:12:42.38] ••• Eikjueswaies (oneVSone) loses turn due to loss of control; time used: 24.90 sec turn, 0.00 sec retreat
[00:12:46.96] ••• Damage dealt: 19 to Eikjueswaies (oneVSone)
[00:12:46.96] ••• gusis (chesnut) starts turn
[00:13:04.20] ••• gusis (chesnut) fires Bazooka
[00:13:08.26] ••• gusis (chesnut) ends turn; time used: 13.90 sec turn, 3.00 sec retreat
[00:13:12.60] ••• Damage dealt: 90 (1 kill) to Eikjueswaies (oneVSone)
[00:13:12.60] ••• Eikjueswaies (oneVSone) starts turn
[00:13:36.18] ••• Eikjueswaies (oneVSone) fires Jet Pack
[00:13:43.70] ••• Eikjueswaies (oneVSone) fires Mine
[00:13:48.70] ••• Eikjueswaies (oneVSone) used 30 (24) units of Jet Pack fuel
[00:13:48.72] ••• Eikjueswaies (oneVSone) ends turn; time used: 25.68 sec turn, 5.00 sec retreat
[00:14:01.40] ••• Damage dealt: 40 (1 kill) to gusis (chesnut)
[00:14:01.40] ••• gusis (chesnut) starts turn
[00:14:06.08] ••• gusis (chesnut) uses Bungee
[00:14:22.28] ••• gusis (chesnut) fires Jet Pack
[00:14:28.40] ••• gusis (chesnut) fires Grenade (5 sec, min bounce)
[00:14:32.00] ••• gusis (chesnut) used 30 (12) units of Jet Pack fuel
[00:14:33.42] ••• gusis (chesnut) ends turn; time used: 26.12 sec turn, 5.00 sec retreat
[00:14:40.12] ••• Damage dealt: 32 to Eikjueswaies (oneVSone)
[00:14:40.12] ••• Eikjueswaies (oneVSone) starts turn
[00:14:53.82] ••• Eikjueswaies (oneVSone) fires Teleport
[00:14:54.24] ••• resetting Jet Pack fuel use to 0
[00:14:56.30] ••• Eikjueswaies (oneVSone) ends turn; time used: 12.84 sec turn, 0.02 sec retreat
[00:14:57.02] ••• gusis (chesnut) starts turn
[00:15:04.60] ••• gusis (chesnut) fires Select Worm
[00:15:15.50] ••• gusis (chesnut) fires Dragon Ball
[00:15:18.52] ••• gusis (chesnut) ends turn; time used: 13.42 sec turn, 3.00 sec retreat
[00:15:22.02] [oneVSone] n
[00:15:25.42] ••• Damage dealt: 75 (1 kill) to Eikjueswaies (oneVSone)
[00:15:25.42] ••• Eikjueswaies (oneVSone) starts turn
[00:16:02.52] ••• Eikjueswaies (oneVSone) fires Teleport
[00:16:05.00] ••• Eikjueswaies (oneVSone) ends turn; time used: 36.74 sec turn, 0.02 sec retreat
[00:16:07.02] ••• gusis (chesnut) starts turn
[00:16:07.80] ••• gusis (chesnut) fires Select Worm
[00:16:12.34] ••• gusis (chesnut) fires Low Gravity
[00:16:15.22] ••• gusis (chesnut) fires Longbow
[00:16:20.62] [chesnut] gg
[00:16:23.06] ••• gusis (chesnut) ends turn; time used: 7.60 sec turn, 0.00 sec retreat
[00:16:25.08] [oneVSone] wooooowwwwwwwwwwwwwwww
[00:16:26.50] [oneVSone] man
[00:16:30.18] [oneVSone] that was amazing
[00:16:31.46] [oneVSone] 3-0
[00:16:33.86] ••• Damage dealt: 129 (2 kills) to Eikjueswaies (oneVSone)
[00:16:33.88] ••• Game Ends - Round Finished
[00:16:33.88] *** Round Finish acknowledged by chesnut
[00:16:34.60] [oneVSone] !!!!
[00:16:36.28] *** Round Finish acknowledged by oneVSone

Team time totals:
gusis (chesnut):         Turn: 00:04:18.28, Retreat: 00:00:41.00, Total: 00:04:59.28, Turn count: 13
Eikjueswaies (oneVSone): Turn: 00:05:53.34, Retreat: 00:00:34.04, Total: 00:06:27.38, Turn count: 13

End of round 1

Round time: 0:16:33
Total game time elapsed: 0:16:33

gusis wins the round.

Worm of the round: gusados (gusis)
Most kills with one shot: 2 - gusados (gusis)
Most damage with one shot: 158 - J (Eikjueswaies)
