Game ID: "12322867"
Game Started at 2021-02-12 18:57:36 GMT
Game Engine Version: 3.8
File Format Version: 3.7.3.0 - 3.8.1
Exported with Version: 3.8.1 (Steam)

Red:  "Veals" as "Veals" [Local Player] [Host]
Blue: "Alpha" as "Commando"

[00:00:00.00] ••• Commando (Alpha) starts turn
[00:00:16.86] ••• Commando (Alpha) fires Select Worm
[00:00:23.54] ••• Commando (Alpha) fires Low Gravity
[00:00:38.16] ••• Commando (Alpha) fires Longbow
[00:00:49.96] ••• Commando (Alpha) fires Longbow
[00:00:53.04] ••• Commando (Alpha) ends turn; time used: 38.92 sec turn, 3.00 sec retreat
[00:00:58.56] ••• Damage dealt: 105 (1 kill) to Veals (Veals)
[00:00:58.56] ••• Veals (Veals) starts turn
[00:01:15.34] ••• Veals (Veals) fires Ninja Rope
[00:01:26.34] ••• Veals (Veals) fires Select Worm
[00:01:32.82] ••• Veals (Veals) fires Low Gravity
[00:01:43.82] ••• Veals (Veals) fires Baseball Bat
[00:01:47.40] ••• Veals (Veals) ends turn; time used: 41.22 sec turn, 3.00 sec retreat
[00:01:54.14] ••• Damage dealt: 90 (1 kill) to Commando (Alpha)
[00:01:54.14] ••• Commando (Alpha) starts turn
[00:02:05.00] ••• Commando (Alpha) fires Select Worm
[00:02:13.50] ••• Commando (Alpha) fires Ninja Rope
[00:02:14.74] ••• Commando (Alpha) fires Ninja Rope
[00:02:28.38] ••• Commando (Alpha) fires Mine
[00:02:33.40] ••• Commando (Alpha) ends turn; time used: 29.00 sec turn, 5.00 sec retreat
[00:02:42.78] ••• Damage dealt: 90 (1 kill) to Veals (Veals), 9 to Commando (Alpha)
[00:02:42.78] ••• Veals (Veals) starts turn
[00:02:48.44] ••• Veals (Veals) fires Ninja Rope
[00:03:00.72] ••• Veals (Veals) loses turn due to loss of control; time used: 15.04 sec turn, 0.00 sec retreat
[00:03:02.54] [Veals] xd
[00:03:05.36] ••• Damage dealt: 1 to Veals (Veals)
[00:03:05.36] ••• Commando (Alpha) starts turn
[00:03:12.18] ••• Commando (Alpha) fires Select Worm
[00:03:55.86] ••• Commando (Alpha) fires Mine
[00:04:01.04] ••• Commando (Alpha) ends turn; time used: 42.98 sec turn, 5.00 sec retreat
[00:04:08.90] ••• Damage dealt: 53 to Veals (Veals)
[00:04:08.90] ••• Veals (Veals) starts turn
[00:04:21.64] ••• Veals (Veals) fires Jet Pack
[00:04:27.76] ••• Veals (Veals) fires Mad Cow (herd of 2)
[00:04:31.90] ••• Veals (Veals) used 30 (23) units of Jet Pack fuel
[00:04:33.76] ••• Veals (Veals) ends turn; time used: 13.44 sec turn, 5.00 sec retreat
[00:04:38.06] ••• Damage dealt: 162 (1 kill) to Commando (Alpha)
[00:04:38.06] ••• Commando (Alpha) starts turn
[00:04:40.08] [Veals] connect >_>
[00:04:50.24] ••• Commando (Alpha) fires Ninja Rope
[00:05:09.34] ••• Commando (Alpha) fires Baseball Bat
[00:05:12.92] ••• Commando (Alpha) ends turn; time used: 26.08 sec turn, 3.00 sec retreat
[00:05:16.86] [Alpha] yes
[00:05:18.22] ••• Damage dealt: 90 (1 kill) to Veals (Veals)
[00:05:18.22] ••• Veals (Veals) starts turn
[00:05:22.06] ••• Veals (Veals) fires Select Worm
[00:05:53.26] ••• Veals (Veals) fires Dynamite
[00:05:58.44] ••• Veals (Veals) ends turn; time used: 31.34 sec turn, 5.00 sec retreat
[00:06:05.92] ••• Damage dealt: 90 (1 kill) to Commando (Alpha)
[00:06:05.92] ••• Commando (Alpha) starts turn
[00:06:19.98] ••• Commando (Alpha) fires Jet Pack
[00:06:46.80] ••• Commando (Alpha) fires Dynamite
[00:06:51.80] ••• Commando (Alpha) used 30 (25) units of Jet Pack fuel
[00:06:51.82] ••• Commando (Alpha) ends turn; time used: 35.46 sec turn, 5.00 sec retreat
[00:06:57.56] ••• Damage dealt: 72 to Veals (Veals)
[00:06:57.56] ••• Veals (Veals) starts turn
[00:07:03.62] ••• Veals (Veals) fires Ninja Rope
[00:07:21.34] ••• Veals (Veals) fires Grenade (5 sec, min bounce)
[00:07:26.36] ••• Veals (Veals) ends turn; time used: 22.16 sec turn, 5.00 sec retreat
[00:07:33.54] ••• Damage dealt: 90 (1 kill) to Commando (Alpha)
[00:07:33.54] ••• Commando (Alpha) starts turn
[00:07:41.86] ••• Commando (Alpha) fires Ninja Rope
[00:07:42.36] ••• Commando (Alpha) fires Ninja Rope
[00:08:19.26] ••• Commando (Alpha) fires Parachute
[00:08:21.94] ••• Commando (Alpha) fires Sheep
[00:08:22.90] ••• Commando (Alpha) loses turn due to loss of control; time used: 43.10 sec turn, 0.94 sec retreat
[00:08:28.50] ••• Damage dealt: 62 to Veals (Veals), 22 to Commando (Alpha)
[00:08:28.50] ••• Veals (Veals) starts turn
[00:08:32.06] ••• Veals (Veals) fires Select Worm
[00:09:12.90] ••• Veals (Veals) fires Sheep
[00:09:16.08] ••• Veals (Veals) ends turn; time used: 42.62 sec turn, 3.00 sec retreat
[00:09:24.70] ••• Damage dealt: 71 to Commando (Alpha)
[00:09:24.70] ••• Commando (Alpha) starts turn
[00:10:01.78] ••• Commando (Alpha) fires Cluster Bomb (5 sec, min bounce)
[00:10:08.20] ••• Commando (Alpha) ends turn; time used: 34.42 sec turn, 3.00 sec retreat
[00:10:12.62] ••• Damage dealt: 30 to Veals (Veals)
[00:10:12.62] ••• Veals (Veals) starts turn
[00:10:19.54] ••• Veals (Veals) fires Ninja Rope
[00:11:02.30] ••• Veals (Veals) fires Bazooka
[00:11:03.28] ••• Veals (Veals) loses turn due to loss of control; time used: 44.40 sec turn, 0.50 sec retreat
[00:11:05.42] [Veals] lol
[00:11:06.84] ••• Damage dealt: 2 to Veals (Veals)
[00:11:06.84] ••• Commando (Alpha) starts turn
[00:11:10.38] [Alpha] ouf
[00:11:40.14] ••• Commando (Alpha) uses Bungee
[00:11:47.14] ••• Commando (Alpha) fires Shotgun
[00:11:52.28] ••• Commando (Alpha) fires Shotgun
[00:11:56.44] ••• Commando (Alpha) ends turn; time used: 35.78 sec turn, 3.00 sec retreat
[00:12:05.80] ••• Damage dealt: 28 (1 kill) to Veals (Veals)
[00:12:05.80] ••• Veals (Veals) starts turn
[00:12:15.74] ••• Veals (Veals) fires Parachute
[00:12:28.96] ••• Veals (Veals) fires Ninja Rope
[00:12:30.92] ••• Veals (Veals) fires Ninja Rope
[00:12:40.96] ••• Veals (Veals) uses Bungee
[00:12:46.78] ••• Veals (Veals) fires Shotgun
[00:13:01.04] ••• Veals (Veals) fires Shotgun
[00:13:05.20] ••• Veals (Veals) ends turn; time used: 39.50 sec turn, 3.00 sec retreat
[00:13:10.82] ••• Damage dealt: 34 (1 kill) to Commando (Alpha)
[00:13:10.82] ••• Commando (Alpha) starts turn
[00:13:38.90] ••• Commando (Alpha) fires Ninja Rope
[00:13:59.10] ••• Commando (Alpha) fires Mad Cow (herd of 2)
[00:14:05.10] ••• Commando (Alpha) ends turn; time used: 43.24 sec turn, 5.00 sec retreat
[00:14:19.74] ••• Damage dealt: 111 (1 kill) to Veals (Veals), 20 (1 kill) to Commando (Alpha)
[00:14:19.74] ••• Veals (Veals) starts turn
[00:14:36.12] ••• Veals (Veals) fires Cluster Bomb (5 sec, min bounce)
[00:14:41.24] ••• Veals (Veals) ends turn; time used: 15.30 sec turn, 3.00 sec retreat
[00:14:46.62] ••• Damage dealt: 72 to Commando (Alpha)
[00:14:46.62] ••• Commando (Alpha) starts turn
[00:15:05.72] ••• Commando (Alpha) fires Shotgun
[00:15:19.12] ••• Commando (Alpha) fires Shotgun
[00:15:23.28] ••• Commando (Alpha) ends turn; time used: 24.48 sec turn, 3.00 sec retreat
[00:15:33.20] ••• Damage dealt: 18 (1 kill) to Veals (Veals)
[00:15:33.20] ••• Veals (Veals) starts turn
[00:16:03.66] ••• Veals (Veals) fires Fire Punch
[00:16:08.46] ••• Veals (Veals) ends turn; time used: 29.34 sec turn, 3.00 sec retreat
[00:16:11.12] [Veals] gg
[00:16:12.48] ••• Commando (Alpha) starts turn
[00:16:14.34] [Alpha] bl
[00:16:15.02] [Alpha] gg
[00:16:19.30] ••• Commando (Alpha) fires Ninja Rope
[00:17:01.04] ••• Commando (Alpha) fires Air Strike
[00:17:04.52] ••• Commando (Alpha) ends turn; time used: 44.38 sec turn, 3.00 sec retreat
[00:17:04.54] [Alpha] gg
[00:17:08.26] ••• Damage dealt: 38 to Veals (Veals)
[00:17:08.26] ••• Veals (Veals) starts turn
[00:17:31.86] ••• Veals (Veals) fires Shotgun
[00:17:54.16] ••• Veals (Veals) fires Shotgun
[00:17:58.32] ••• Veals (Veals) ends turn; time used: 31.88 sec turn, 3.00 sec retreat
[00:18:03.54] ••• Damage dealt: 17 (1 kill) to Commando (Alpha)
[00:18:03.54] ••• Commando (Alpha) starts turn
[00:18:18.70] ••• Commando (Alpha) fires Girder
[00:18:21.78] ••• Commando (Alpha) ends turn; time used: 10.16 sec turn, 3.00 sec retreat
[00:18:23.80] ••• Veals (Veals) starts turn
[00:18:48.34] ••• Veals (Veals) fires Girder
[00:18:51.42] ••• Veals (Veals) ends turn; time used: 19.54 sec turn, 3.00 sec retreat
[00:18:53.44] ••• Commando (Alpha) starts turn
[00:19:02.26] ••• Commando (Alpha) fires Girder
[00:19:05.34] ••• Commando (Alpha) ends turn; time used: 7.12 sec turn, 3.00 sec retreat
[00:19:07.36] ••• Veals (Veals) starts turn
[00:19:18.70] ••• Veals (Veals) fires Blow Torch
[00:19:24.22] ••• Veals (Veals) ends turn; time used: 10.96 sec turn, 3.00 sec retreat
[00:19:26.90] ••• Commando (Alpha) starts turn
[00:19:40.24] ••• Commando (Alpha) fires Blow Torch
[00:19:45.18] ••• Commando (Alpha) ends turn; time used: 8.34 sec turn, 3.00 sec retreat
[00:19:49.20] ••• Veals (Veals) starts turn
[00:19:52.30] ••• Veals (Veals) fires Girder
[00:19:55.38] ••• Veals (Veals) ends turn; time used: 2.54 sec turn, 3.00 sec retreat
[00:19:57.40] ••• Commando (Alpha) starts turn
[00:20:22.02] ••• Commando (Alpha) fires Skip Go
[00:20:22.04] ••• Commando (Alpha) ends turn; time used: 19.62 sec turn, 0.00 sec retreat
[00:20:24.06] ••• Veals (Veals) starts turn
[00:20:59.36] ••• Veals (Veals) fires Mine
[00:21:04.54] ••• Veals (Veals) ends turn; time used: 34.74 sec turn, 5.00 sec retreat
[00:21:08.56] ••• Commando (Alpha) starts turn
[00:21:52.02] ••• Commando (Alpha) fires Girder
[00:21:55.10] ••• Commando (Alpha) ends turn; time used: 38.46 sec turn, 3.00 sec retreat
[00:21:57.12] ••• Veals (Veals) starts turn
[00:22:12.80] ••• Veals (Veals) fires Grenade (5 sec, min bounce)
[00:22:19.00] ••• Veals (Veals) ends turn; time used: 10.68 sec turn, 3.00 sec retreat
[00:22:23.02] ••• Commando (Alpha) starts turn
[00:23:00.68] ••• Commando (Alpha) fires Petrol Bomb
[00:23:04.94] ••• Commando (Alpha) ends turn; time used: 33.52 sec turn, 3.00 sec retreat
[00:23:07.72] [Veals] gg
[00:23:08.18] ••• Veals (Veals) starts turn
[00:23:10.42] [Alpha] gg
[00:23:19.62] ••• Veals (Veals) uses Bungee
[00:23:23.50] ••• Veals (Veals) fires Shotgun
[00:23:29.46] ••• Veals (Veals) fires Shotgun
[00:23:32.00] ••• Veals (Veals) ends turn; time used: 12.52 sec turn, 1.40 sec retreat
[00:23:45.88] ••• Damage dealt: 43 (1 kill) to Commando (Alpha)
[00:23:45.90] ••• Game Ends - Round Finished
[00:23:45.90] *** Round Finish acknowledged by Veals
[00:23:48.26] *** Round Finish acknowledged by Alpha

Team time totals:
Veals (Veals):    Turn: 00:06:57.22, Retreat: 00:00:51.90, Total: 00:07:49.12, Turn count: 17
Commando (Alpha): Turn: 00:08:35.06, Retreat: 00:00:53.94, Total: 00:09:29.00, Turn count: 17

Total Jet Pack fuel used: 60

End of round 2

Round time: 0:23:45
Total game time elapsed: Unknown

Veals wins the round.

Worm of the round: ?ep?? 3 (Veals)
Most kills with one shot: 2 - 1 (Commando)
Most damage with one shot: 162 - ?ep?? 5 (Veals)
