Game ID: "12325998"
Game Started at 2021-02-13 13:40:35 GMT
Game Engine Version: 3.8.1
File Format Version: 3.7.3.0 - 3.8.1
Exported with Version: 3.8.1 (Steam)

Red:  "NNNxDario" as "algunos" [Local Player] [Host]
Blue: "Papu"      as "Sikegenler"

[00:00:00.00] ••• Sikegenler (Papu) starts turn
[00:00:04.18] [NNNxDario] have fun
[00:00:12.22] ••• Sikegenler (Papu) fires Select Worm
[00:00:26.62] ••• Sikegenler (Papu) fires Ninja Rope
[00:00:36.96] ••• Sikegenler (Papu) fires Ninja Rope
[00:00:47.42] ••• Sikegenler (Papu) fires Dynamite
[00:00:52.60] ••• Sikegenler (Papu) ends turn; time used: 42.08 sec turn, 5.00 sec retreat
[00:01:00.48] ••• Damage dealt: 234 (2 kills) to algunos (NNNxDario)
[00:01:00.48] ••• algunos (NNNxDario) starts turn
[00:01:03.22] ••• algunos (NNNxDario) fires Low Gravity
[00:01:09.10] ••• algunos (NNNxDario) fires Ninja Rope
[00:01:09.78] ••• algunos (NNNxDario) fires Ninja Rope
[00:01:28.18] ••• algunos (NNNxDario) fires Longbow
[00:01:40.90] ••• algunos (NNNxDario) fires Longbow
[00:01:43.98] ••• algunos (NNNxDario) ends turn; time used: 33.24 sec turn, 3.00 sec retreat
[00:01:50.24] ••• Damage dealt: 90 (1 kill) to Sikegenler (Papu)
[00:01:50.24] ••• Sikegenler (Papu) starts turn
[00:02:07.76] ••• Sikegenler (Papu) fires Select Worm
[00:02:18.26] ••• Sikegenler (Papu) fires Low Gravity
[00:02:21.10] ••• Sikegenler (Papu) fires Fire Punch
[00:02:26.86] ••• Sikegenler (Papu) ends turn; time used: 28.40 sec turn, 3.00 sec retreat
[00:02:32.16] ••• Damage dealt: 90 (1 kill) to algunos (NNNxDario)
[00:02:32.16] ••• algunos (NNNxDario) starts turn
[00:02:33.72] ••• algunos (NNNxDario) fires Ninja Rope
[00:02:44.86] ••• algunos (NNNxDario) fires Shotgun
[00:02:55.82] ••• algunos (NNNxDario) fires Shotgun
[00:02:59.98] ••• algunos (NNNxDario) ends turn; time used: 16.66 sec turn, 3.00 sec retreat
[00:03:05.00] ••• Damage dealt: 90 (1 kill) to Sikegenler (Papu)
[00:03:05.00] ••• Sikegenler (Papu) starts turn
[00:03:07.56] ••• Sikegenler (Papu) fires Select Worm
[00:03:14.28] ••• Sikegenler (Papu) fires Ninja Rope
[00:03:15.34] ••• Sikegenler (Papu) fires Ninja Rope
[00:03:16.06] ••• Sikegenler (Papu) fires Ninja Rope
[00:03:23.82] ••• Sikegenler (Papu) loses turn due to loss of control; time used: 15.46 sec turn, 0.00 sec retreat
[00:03:26.70] [Papu] lol
[00:03:29.56] ••• Damage dealt: 90 (1 kill) to Sikegenler (Papu)
[00:03:29.56] ••• algunos (NNNxDario) starts turn
[00:03:30.62] [NNNxDario] hehe
[00:03:39.66] ••• algunos (NNNxDario) fires Ninja Rope
[00:03:53.44] ••• algunos (NNNxDario) uses Parachute
[00:04:02.42] ••• algunos (NNNxDario) fires Sheep
[00:04:05.72] ••• algunos (NNNxDario) ends turn; time used: 28.80 sec turn, 3.00 sec retreat
[00:04:11.36] ••• Damage dealt: 138 to Sikegenler (Papu)
[00:04:11.36] ••• Sikegenler (Papu) starts turn
[00:04:24.50] ••• Sikegenler (Papu) fires Ninja Rope
[00:04:25.34] ••• Sikegenler (Papu) fires Ninja Rope
[00:04:25.90] ••• Sikegenler (Papu) fires Ninja Rope
[00:04:50.30] ••• Sikegenler (Papu) fires Shotgun
[00:05:02.74] ••• Sikegenler (Papu) fires Shotgun
[00:05:06.90] ••• Sikegenler (Papu) ends turn; time used: 39.38 sec turn, 3.00 sec retreat
[00:05:12.12] ••• Damage dealt: 90 (1 kill) to algunos (NNNxDario)
[00:05:12.12] ••• algunos (NNNxDario) starts turn
[00:05:30.02] ••• algunos (NNNxDario) fires Homing Pigeon
[00:05:31.62] ••• algunos (NNNxDario) loses turn due to loss of control; time used: 17.88 sec turn, 1.52 sec retreat
[00:05:43.72] ••• Damage dealt: 75 to algunos (NNNxDario), 108 (1 kill) to Sikegenler (Papu)
[00:05:43.72] ••• Sikegenler (Papu) starts turn
[00:05:55.44] ••• Sikegenler (Papu) fires Ninja Rope
[00:05:56.48] ••• Sikegenler (Papu) fires Ninja Rope
[00:06:04.80] ••• Sikegenler (Papu) fires Shotgun
[00:06:11.22] ••• Sikegenler (Papu) fires Shotgun
[00:06:15.38] ••• Sikegenler (Papu) ends turn; time used: 20.86 sec turn, 3.00 sec retreat
[00:06:20.14] ••• Damage dealt: 48 to algunos (NNNxDario)
[00:06:20.14] ••• algunos (NNNxDario) starts turn
[00:06:32.64] ••• algunos (NNNxDario) fires Jet Pack
[00:06:39.70] ••• algunos (NNNxDario) used 30 units of Jet Pack fuel
[00:06:40.04] ••• algunos (NNNxDario) fires Parachute
[00:07:06.60] ••• algunos (NNNxDario) fires Dynamite
[00:07:11.58] ••• algunos (NNNxDario) loses turn due to loss of control; time used: 41.04 sec turn, 4.80 sec retreat
[00:07:20.78] ••• Damage dealt: 5 to algunos (NNNxDario), 125 (1 kill) to Sikegenler (Papu)
[00:07:20.78] ••• Sikegenler (Papu) starts turn
[00:07:38.94] ••• Sikegenler (Papu) fires Parachute
[00:07:45.92] ••• Sikegenler (Papu) fires Longbow
[00:07:59.22] ••• Sikegenler (Papu) loses turn due to loss of control; time used: 31.56 sec turn, 0.00 sec retreat
[00:08:03.86] ••• Damage dealt: 17 to algunos (NNNxDario), 2 to Sikegenler (Papu)
[00:08:03.86] ••• algunos (NNNxDario) starts turn
[00:08:13.66] [Papu] i dont know ranked match before
[00:08:21.60] ••• algunos (NNNxDario) fires Ninja Rope
[00:08:25.16] [NNNxDario] no problem
[00:08:33.80] [NNNxDario] just host, play and report
[00:08:35.34] [Papu] ok brother:D
[00:08:43.64] ••• algunos (NNNxDario) fires Homing Pigeon
[00:08:43.92] ••• algunos (NNNxDario) loses turn due to loss of control; time used: 36.02 sec turn, 0.26 sec retreat
[00:08:48.08] ••• Damage dealt: 11 to algunos (NNNxDario), 1 to Sikegenler (Papu)
[00:08:48.08] ••• Sikegenler (Papu) starts turn
[00:09:03.92] ••• Sikegenler (Papu) fires Jet Pack
[00:09:15.22] ••• Sikegenler (Papu) used 30 units of Jet Pack fuel
[00:09:15.48] ••• Sikegenler (Papu) uses Parachute
[00:09:26.06] ••• Sikegenler (Papu) uses Bungee
[00:09:36.24] ••• Sikegenler (Papu) fires Longbow
[00:09:42.98] ••• Sikegenler (Papu) fires Longbow
[00:09:46.06] ••• Sikegenler (Papu) ends turn; time used: 44.18 sec turn, 3.00 sec retreat
[00:09:50.70] ••• Damage dealt: 40 (1 kill) to algunos (NNNxDario)
[00:09:50.70] ••• algunos (NNNxDario) starts turn
[00:09:55.42] ••• algunos (NNNxDario) fires Select Worm
[00:10:26.04] ••• algunos (NNNxDario) fires Petrol Bomb
[00:10:30.34] ••• algunos (NNNxDario) ends turn; time used: 30.98 sec turn, 3.00 sec retreat
[00:10:33.36] ••• Damage dealt: 3 to Sikegenler (Papu)
[00:10:33.36] ••• Sikegenler (Papu) starts turn
[00:10:59.88] ••• Sikegenler (Papu) fires Shotgun
[00:11:12.84] ••• Sikegenler (Papu) fires Shotgun
[00:11:17.00] ••• Sikegenler (Papu) ends turn; time used: 29.46 sec turn, 3.00 sec retreat
[00:11:22.22] ••• Damage dealt: 2 (1 kill) to algunos (NNNxDario)
[00:11:22.22] ••• algunos (NNNxDario) starts turn
[00:11:23.64] ••• algunos (NNNxDario) fires Select Worm
[00:11:31.70] [Papu] am i good player?
[00:11:32.94] ••• algunos (NNNxDario) fires Mine
[00:11:38.12] ••• algunos (NNNxDario) ends turn; time used: 9.64 sec turn, 5.00 sec retreat
[00:11:40.94] [NNNxDario] yes :)
[00:11:48.92] [Papu] thanks
[00:11:49.96] ••• Damage dealt: 60 (2 kills) to Sikegenler (Papu)
[00:11:49.96] ••• Sikegenler (Papu) starts turn
[00:11:59.40] ••• Sikegenler (Papu) fires Holy Hand-Grenade
[00:12:04.48] ••• Sikegenler (Papu) ends turn; time used: 8.46 sec turn, 3.00 sec retreat
[00:12:11.60] ••• Damage dealt: 53 (1 kill) to algunos (NNNxDario)
[00:12:11.60] ••• algunos (NNNxDario) starts turn
[00:12:16.04] ••• algunos (NNNxDario) fires Ninja Rope
[00:12:23.76] ••• algunos (NNNxDario) fires Mine
[00:12:25.12] [Papu] rematch?
[00:12:28.78] ••• algunos (NNNxDario) ends turn; time used: 11.86 sec turn, 5.00 sec retreat
[00:12:32.64] [NNNxDario] sure
[00:12:41.54] [Papu] nice match
[00:12:43.44] ••• Damage dealt: 13 (1 kill) to Sikegenler (Papu)
[00:12:43.46] ••• Game Ends - Round Finished
[00:12:43.46] *** Round Finish acknowledged by NNNxDario
[00:12:45.86] *** Round Finish acknowledged by Papu
[00:12:45.88] [NNNxDario] gg

Team time totals:
algunos (NNNxDario): Turn: 00:03:46.12, Retreat: 00:00:28.58, Total: 00:04:14.70, Turn count: 9
Sikegenler (Papu):   Turn: 00:04:19.84, Retreat: 00:00:23.00, Total: 00:04:42.84, Turn count: 9

Total Jet Pack fuel used: 60

End of round 1

Round time: 0:12:43
Total game time elapsed: 0:12:43

algunos wins the round.

Worm of the round: cuándo (algunos)
Most damage with one shot: 234 - Sikegül (Sikegenler)
