Game ID: "12320625"
Game Started at 2021-02-11 22:16:47 GMT
Game Engine Version: 3.8
File Format Version: 3.7.3.0 - 3.8.1
Exported with Version: 3.8.1 (Steam)

Red:  "chesnut"    as "gusis" [Local Player] [Host]
Blue: "SantiVera-" as "paul"

[00:00:00.00] ••• paul (SantiVera-) starts turn
[00:00:12.52] ••• paul (SantiVera-) fires Select Worm
[00:00:23.62] ••• paul (SantiVera-) fires Select Worm
[00:00:29.38] ••• paul (SantiVera-) fires Ninja Rope
[00:00:35.10] ••• paul (SantiVera-) uses Parachute
[00:00:41.62] ••• paul (SantiVera-) fires Ninja Rope
[00:00:48.24] ••• paul (SantiVera-) fires Grenade (3 sec, min bounce)
[00:00:51.54] ••• paul (SantiVera-) ends turn; time used: 43.38 sec turn, 3.00 sec retreat
[00:01:02.24] ••• Damage dealt: 180 (2 kills) to gusis (chesnut)
[00:01:02.24] ••• gusis (chesnut) starts turn
[00:01:09.38] ••• gusis (chesnut) fires Select Worm
[00:01:17.84] ••• gusis (chesnut) fires Ninja Rope
[00:01:21.76] ••• gusis (chesnut) fires Ninja Rope
[00:01:27.44] [SantiVera-] medo feito el mapa
[00:01:46.38] ••• gusis (chesnut) fires Grenade (5 sec, min bounce)
[00:01:51.40] ••• gusis (chesnut) ends turn; time used: 42.92 sec turn, 5.00 sec retreat
[00:02:02.14] ••• Damage dealt: 1 to gusis (chesnut), 91 (1 kill) to paul (SantiVera-)
[00:02:02.14] ••• paul (SantiVera-) starts turn
[00:02:19.08] ••• paul (SantiVera-) fires Ninja Rope
[00:02:27.04] ••• paul (SantiVera-) uses Parachute
[00:02:27.06] ••• paul (SantiVera-) loses turn due to loss of control; time used: 24.32 sec turn, 0.00 sec retreat
[00:02:32.62] ••• Damage dealt: 10 to gusis (chesnut), 16 to paul (SantiVera-)
[00:02:32.62] ••• gusis (chesnut) starts turn
[00:02:33.50] [chesnut] medio feito el knock
[00:02:35.50] ••• gusis (chesnut) uses Bungee
[00:02:47.76] ••• gusis (chesnut) fires Select Worm
[00:02:51.14] [SantiVera-] que es el knock
[00:02:52.68] ••• gusis (chesnut) fires Ninja Rope
[00:03:11.54] ••• gusis (chesnut) fires Shotgun
[00:03:17.04] [chesnut] lo que no te salio
[00:03:22.08] ••• gusis (chesnut) fires Shotgun
[00:03:26.24] ••• gusis (chesnut) ends turn; time used: 40.70 sec turn, 3.00 sec retreat
[00:03:32.40] [chesnut] cuando empujás un gusano con la soga
[00:03:41.92] [SantiVera-] q tiene que ver eso con qu el mapa es feo?
[00:03:44.44] ••• Damage dealt: 180 (2 kills) to paul (SantiVera-)
[00:03:44.44] ••• paul (SantiVera-) starts turn
[00:03:44.46] [chesnut] nada
[00:03:51.92] ••• paul (SantiVera-) fires Select Worm
[00:03:57.22] ••• paul (SantiVera-) fires Ninja Rope
[00:04:08.30] ••• paul (SantiVera-) fires Shotgun
[00:04:17.94] ••• paul (SantiVera-) fires Shotgun
[00:04:22.10] ••• paul (SantiVera-) ends turn; time used: 24.04 sec turn, 3.00 sec retreat
[00:04:26.84] ••• Damage dealt: 90 (1 kill) to gusis (chesnut)
[00:04:26.84] ••• gusis (chesnut) starts turn
[00:04:29.62] ••• gusis (chesnut) fires Ninja Rope
[00:04:58.30] ••• gusis (chesnut) fires Shotgun
[00:05:20.62] ••• gusis (chesnut) fires Shotgun
[00:05:24.78] ••• gusis (chesnut) ends turn; time used: 43.14 sec turn, 3.00 sec retreat
[00:05:29.20] ••• Damage dealt: 83 to paul (SantiVera-)
[00:05:29.20] ••• paul (SantiVera-) starts turn
[00:05:47.04] ••• paul (SantiVera-) fires Shotgun
[00:05:53.82] ••• paul (SantiVera-) fires Shotgun
[00:05:57.98] ••• paul (SantiVera-) ends turn; time used: 18.26 sec turn, 3.00 sec retreat
[00:06:02.40] ••• Damage dealt: 46 to gusis (chesnut)
[00:06:02.40] ••• gusis (chesnut) starts turn
[00:06:12.06] ••• gusis (chesnut) fires Petrol Bomb
[00:06:16.08] ••• gusis (chesnut) ends turn; time used: 4.66 sec turn, 3.00 sec retreat
[00:06:20.96] ••• Damage dealt: 65 to paul (SantiVera-)
[00:06:20.96] ••• paul (SantiVera-) starts turn
[00:06:31.00] ••• paul (SantiVera-) fires Fire Punch
[00:06:35.80] ••• paul (SantiVera-) ends turn; time used: 8.74 sec turn, 3.00 sec retreat
[00:06:40.22] ••• Damage dealt: 30 to gusis (chesnut)
[00:06:40.22] ••• gusis (chesnut) starts turn
[00:06:47.26] ••• gusis (chesnut) fires Dynamite
[00:06:52.44] ••• gusis (chesnut) ends turn; time used: 4.56 sec turn, 5.00 sec retreat
[00:06:57.98] ••• Damage dealt: 78 to paul (SantiVera-)
[00:06:57.98] ••• paul (SantiVera-) starts turn
[00:07:23.08] ••• paul (SantiVera-) fires Shotgun
[00:07:28.96] ••• paul (SantiVera-) fires Shotgun
[00:07:33.12] ••• paul (SantiVera-) ends turn; time used: 24.56 sec turn, 3.00 sec retreat
[00:07:37.54] ••• Damage dealt: 50 to gusis (chesnut)
[00:07:37.54] ••• gusis (chesnut) starts turn
[00:07:48.28] ••• gusis (chesnut) fires Ninja Rope
[00:08:07.82] ••• gusis (chesnut) fires Skunk
[00:08:13.42] ••• gusis (chesnut) ends turn; time used: 29.80 sec turn, 5.00 sec retreat
[00:08:24.34] ••• Damage dealt: 17 (1 kill) to paul (SantiVera-)
[00:08:24.34] ••• paul (SantiVera-) starts turn
[00:08:36.44] ••• paul (SantiVera-) fires Shotgun
[00:08:48.44] ••• paul (SantiVera-) fires Shotgun
[00:08:52.60] ••• paul (SantiVera-) ends turn; time used: 17.00 sec turn, 3.00 sec retreat
[00:08:58.70] ••• gusis (chesnut) starts turn
[00:09:00.78] ••• gusis (chesnut) uses Bungee
[00:09:12.68] ••• gusis (chesnut) fires Shotgun
[00:09:15.78] [SantiVera-] gg
[00:09:26.56] ••• gusis (chesnut) fires Shotgun
[00:09:30.72] ••• gusis (chesnut) ends turn; time used: 19.22 sec turn, 3.00 sec retreat
[00:09:37.78] [chesnut] gg
[00:09:41.76] ••• Damage dealt: 20 (2 kills) to paul (SantiVera-)
[00:09:41.76] ••• paul (SantiVera-) starts turn
[00:09:48.84] ••• paul (SantiVera-) fires Shotgun
[00:09:54.20] ••• paul (SantiVera-) fires Shotgun
[00:09:58.36] ••• paul (SantiVera-) ends turn; time used: 7.66 sec turn, 3.00 sec retreat
[00:10:09.40] ••• Damage dealt: 40 (1 kill) to gusis (chesnut)
[00:10:09.40] ••• gusis (chesnut) starts turn
[00:10:13.30] ••• gusis (chesnut) fires Jet Pack
[00:10:21.80] ••• gusis (chesnut) used 30 units of Jet Pack fuel
[00:10:31.04] ••• gusis (chesnut) fires Sheep
[00:10:32.04] ••• gusis (chesnut) loses turn due to loss of control; time used: 21.20 sec turn, 0.98 sec retreat
[00:10:39.80] ••• Damage dealt: 27 to gusis (chesnut), 60 to paul (SantiVera-)
[00:10:39.80] ••• paul (SantiVera-) starts turn
[00:10:48.20] ••• paul (SantiVera-) fires Shotgun
[00:10:56.24] ••• paul (SantiVera-) fires Shotgun
[00:11:00.40] ••• paul (SantiVera-) ends turn; time used: 14.32 sec turn, 3.00 sec retreat
[00:11:06.50] ••• Damage dealt: 25 to gusis (chesnut)
[00:11:06.50] ••• gusis (chesnut) starts turn
[00:11:49.94] ••• gusis (chesnut) fires Girder
[00:11:53.02] ••• gusis (chesnut) ends turn; time used: 38.44 sec turn, 3.00 sec retreat
[00:11:57.12] ••• paul (SantiVera-) starts turn
[00:12:24.36] ••• paul (SantiVera-) fires Shotgun
[00:12:51.54] ••• paul (SantiVera-) fires Shotgun
[00:12:55.70] ••• paul (SantiVera-) ends turn; time used: 44.60 sec turn, 3.00 sec retreat
[00:13:03.00] ••• Damage dealt: 7 (1 kill) to gusis (chesnut)
[00:13:03.00] ••• gusis (chesnut) starts turn
[00:13:08.54] ••• gusis (chesnut) fires Shotgun
[00:13:13.82] ••• gusis (chesnut) fires Shotgun
[00:13:17.98] ••• gusis (chesnut) ends turn; time used: 5.64 sec turn, 3.00 sec retreat
[00:13:22.76] ••• Damage dealt: 48 to paul (SantiVera-)
[00:13:22.76] ••• paul (SantiVera-) starts turn
[00:13:41.38] ••• paul (SantiVera-) fires Dynamite
[00:13:46.56] ••• paul (SantiVera-) ends turn; time used: 16.96 sec turn, 5.00 sec retreat
[00:13:57.14] ••• Damage dealt: 65 (1 kill) to gusis (chesnut)
[00:13:57.14] ••• gusis (chesnut) starts turn
[00:14:11.98] ••• gusis (chesnut) loses turn due to loss of control; time used: 14.46 sec turn, 0.00 sec retreat
[00:14:16.64] ••• Damage dealt: 3 to gusis (chesnut)
[00:14:16.64] ••• paul (SantiVera-) starts turn
[00:14:27.86] ••• paul (SantiVera-) fires Ninja Rope
[00:14:43.60] ••• paul (SantiVera-) fires Jet Pack
[00:14:45.50] ••• paul (SantiVera-) fires Mad Cow (herd of 2)
[00:14:51.48] ••• paul (SantiVera-) used 30 (8) units of Jet Pack fuel
[00:14:51.50] ••• paul (SantiVera-) ends turn; time used: 27.24 sec turn, 5.00 sec retreat
[00:14:52.76] [chesnut] gg
[00:14:59.14] [SantiVera-] jojo
[00:15:04.18] [SantiVera-] lo tenioas ganado
[00:15:06.50] *** Round Finish acknowledged by SantiVera-
[00:15:08.62] ••• Damage dealt: 146 (2 kills) to gusis (chesnut)
[00:15:08.64] ••• Game Ends - Round Finished
[00:15:08.64] *** Round Finish acknowledged by chesnut
[00:15:09.24] [SantiVera-] gg

Team time totals:
gusis (chesnut):   Turn: 00:04:24.74, Retreat: 00:00:33.98, Total: 00:04:58.72, Turn count: 11
paul (SantiVera-): Turn: 00:04:31.08, Retreat: 00:00:37.00, Total: 00:05:08.08, Turn count: 12

Total Jet Pack fuel used: 60

End of round 1

Round time: 0:15:08
Total game time elapsed: 0:15:08

paul wins the round.

Worm of the round: ber (paul)
Most damage with one shot: 180 - ra (paul)
