Game ID: "12312244"
Game Started at 2021-02-08 20:26:27 GMT
Game Engine Version: 3.8.1
File Format Version: 3.7.3.0 - 3.8.1
Exported with Version: 3.8.1 (Steam)

Red:  "NNNxDario" as "algunos" [Local Player] [Host]
Blue: "FFF"       as "Vucicu Pederu!!!"

[00:00:00.00] [NNNxDario] hf
[00:00:00.00] ••• Vucicu Pederu!!! (FFF) starts turn
[00:00:14.42] ••• Vucicu Pederu!!! (FFF) fires Select Worm
[00:00:33.92] ••• Vucicu Pederu!!! (FFF) fires Ninja Rope
[00:00:50.12] ••• Vucicu Pederu!!! (FFF) ends turn; time used: 45.00 sec turn, 0.00 sec retreat
[00:00:50.42] ••• algunos (NNNxDario) starts turn
[00:00:51.04] *** FFF is quitting
[00:00:52.08] *** FFF is quitting
[00:00:52.56] *** FFF is disconnecting due to quitting
[00:00:52.56] *** Vucicu Pederu!!! (FFF) forced out by disconnection due to quitting
[00:00:52.56] ••• algunos (NNNxDario) ends turn; time used: 0.00 sec turn, 0.00 sec retreat
[00:00:53.04] *** FFF disconnected due to quitting
[00:00:59.44] ••• Game Ends - Round Finished
[00:00:59.44] *** Round Finish acknowledged by NNNxDario

Team time totals:
algunos (NNNxDario):    Turn: 00:00:00.00, Retreat: 00:00:00.00, Total: 00:00:00.00, Turn count: 1
Vucicu Pederu!!! (FFF): Turn: 00:00:45.00, Retreat: 00:00:00.00, Total: 00:00:45.00, Turn count: 1

End of round 2

Round time: 0:00:59
Total game time elapsed: Unknown

algunos wins the match!

