Game ID: "12317404"
Game Started at 2021-02-10 19:21:00 GMT
Game Engine Version: 3.8.1
File Format Version: 3.7.3.0 - 3.8.1
Exported with Version: 3.8.1 (Steam)

Red:  "NNNxDario" as "algunos" [Local Player] [Host]
Blue: "Vojske"    as "Mr.Spoon"

[00:00:00.00] [NNNxDario] hf
[00:00:00.00] ••• algunos (NNNxDario) starts turn
[00:00:01.58] [Vojske] hf
[00:00:24.76] ••• algunos (NNNxDario) fires Ninja Rope
[00:00:49.12] ••• algunos (NNNxDario) fires Grenade (5 sec, min bounce)
[00:00:54.24] ••• algunos (NNNxDario) ends turn; time used: 43.78 sec turn, 3.00 sec retreat
[00:00:59.62] ••• Damage dealt: 45 to Mr.Spoon (Vojske)
[00:00:59.62] ••• Mr.Spoon (Vojske) starts turn
[00:01:24.86] ••• Mr.Spoon (Vojske) fires Sheep
[00:01:27.88] ••• Mr.Spoon (Vojske) ends turn; time used: 21.32 sec turn, 3.00 sec retreat
[00:01:36.28] ••• Damage dealt: 74 to algunos (NNNxDario)
[00:01:36.28] ••• algunos (NNNxDario) starts turn
[00:01:38.82] ••• algunos (NNNxDario) fires Ninja Rope
[00:02:01.18] ••• algunos (NNNxDario) fires Sheep
[00:02:04.20] ••• algunos (NNNxDario) ends turn; time used: 23.70 sec turn, 3.00 sec retreat
[00:02:07.54] ••• Damage dealt: 140 to Mr.Spoon (Vojske)
[00:02:07.54] ••• Mr.Spoon (Vojske) starts turn
[00:02:17.06] ••• Mr.Spoon (Vojske) fires Select Worm
[00:02:28.66] ••• Mr.Spoon (Vojske) fires Ninja Rope
[00:02:47.88] ••• Mr.Spoon (Vojske) fires Dynamite
[00:02:52.92] ••• Mr.Spoon (Vojske) loses turn due to loss of control; time used: 37.70 sec turn, 4.86 sec retreat
[00:02:56.58] [NNNxDario] ow
[00:03:00.02] ••• Damage dealt: 97 to algunos (NNNxDario), 45 (1 kill) to Mr.Spoon (Vojske)
[00:03:00.02] ••• algunos (NNNxDario) starts turn
[00:03:00.24] [Vojske] ew
[00:03:12.60] ••• algunos (NNNxDario) fires Ninja Rope
[00:03:35.44] ••• algunos (NNNxDario) fires Shotgun
[00:03:37.66] [Vojske] oh u pass there
[00:03:42.96] ••• algunos (NNNxDario) fires Shotgun
[00:03:47.12] ••• algunos (NNNxDario) ends turn; time used: 38.20 sec turn, 3.00 sec retreat
[00:03:52.30] [NNNxDario] yeah, wasn't sure
[00:04:05.14] ••• Damage dealt: 40 (2 kills) to Mr.Spoon (Vojske)
[00:04:05.14] ••• Mr.Spoon (Vojske) starts turn
[00:04:33.46] ••• Mr.Spoon (Vojske) fires Longbow
[00:04:57.36] ••• Mr.Spoon (Vojske) fires Longbow
[00:05:00.44] ••• Mr.Spoon (Vojske) ends turn; time used: 44.44 sec turn, 3.00 sec retreat
[00:05:03.28] ••• Damage dealt: 15 to algunos (NNNxDario)
[00:05:03.28] ••• algunos (NNNxDario) starts turn
[00:05:17.92] ••• algunos (NNNxDario) fires Grenade (1 sec, min bounce)
[00:05:22.06] ••• algunos (NNNxDario) ends turn; time used: 12.46 sec turn, 3.00 sec retreat
[00:05:26.98] ••• Damage dealt: 37 to Mr.Spoon (Vojske)
[00:05:26.98] ••• Mr.Spoon (Vojske) starts turn
[00:05:39.26] ••• Mr.Spoon (Vojske) fires Ninja Rope
[00:06:06.54] ••• Mr.Spoon (Vojske) fires Shotgun
[00:06:23.66] ••• Mr.Spoon (Vojske) fires Shotgun
[00:06:27.82] ••• Mr.Spoon (Vojske) ends turn; time used: 44.54 sec turn, 3.00 sec retreat
[00:06:27.84] [Vojske] pff
[00:06:32.24] ••• Damage dealt: 52 to algunos (NNNxDario)
[00:06:32.24] ••• algunos (NNNxDario) starts turn
[00:06:37.00] ••• algunos (NNNxDario) fires Select Worm
[00:06:53.86] ••• algunos (NNNxDario) fires Jet Pack
[00:07:01.28] ••• algunos (NNNxDario) fires Holy Hand-Grenade
[00:07:06.28] ••• algunos (NNNxDario) used 30 (24) units of Jet Pack fuel
[00:07:06.30] ••• algunos (NNNxDario) ends turn; time used: 25.88 sec turn, 5.00 sec retreat
[00:07:17.00] ••• Damage dealt: 134 (1 kill) to Mr.Spoon (Vojske)
[00:07:17.00] ••• Mr.Spoon (Vojske) starts turn
[00:07:17.08] [Vojske] so powerfull weapon
[00:07:24.96] [NNNxDario] .3
[00:07:33.32] ••• Mr.Spoon (Vojske) fires Select Worm
[00:08:02.62] ••• Mr.Spoon (Vojske) fires Shotgun
[00:08:12.92] ••• Mr.Spoon (Vojske) fires Shotgun
[00:08:17.08] ••• Mr.Spoon (Vojske) ends turn; time used: 43.42 sec turn, 3.00 sec retreat
[00:08:22.30] ••• Damage dealt: 75 (1 kill) to algunos (NNNxDario)
[00:08:22.30] ••• algunos (NNNxDario) starts turn
[00:08:33.70] ••• algunos (NNNxDario) fires Shotgun
[00:08:43.90] ••• algunos (NNNxDario) fires Shotgun
[00:08:48.06] ••• algunos (NNNxDario) ends turn; time used: 12.90 sec turn, 3.00 sec retreat
[00:08:54.90] ••• Damage dealt: 9 (1 kill) to Mr.Spoon (Vojske)
[00:08:54.90] ••• Mr.Spoon (Vojske) starts turn
[00:09:42.20] ••• Mr.Spoon (Vojske) fires Uzi
[00:09:45.86] [NNNxDario] nice
[00:09:46.40] ••• Mr.Spoon (Vojske) ends turn; time used: 42.30 sec turn, 3.00 sec retreat
[00:09:52.02] ••• Damage dealt: 90 (1 kill) to algunos (NNNxDario)
[00:09:52.02] ••• algunos (NNNxDario) starts turn
[00:09:53.60] [Vojske] ty
[00:10:29.00] ••• algunos (NNNxDario) fires Shotgun
[00:10:34.50] ••• algunos (NNNxDario) fires Shotgun
[00:10:38.66] ••• algunos (NNNxDario) ends turn; time used: 36.70 sec turn, 3.00 sec retreat
[00:10:42.68] ••• Mr.Spoon (Vojske) starts turn
[00:11:31.70] ••• Mr.Spoon (Vojske) fires Blow Torch
[00:11:38.42] ••• Mr.Spoon (Vojske) ends turn; time used: 44.02 sec turn, 3.00 sec retreat
[00:11:42.44] ••• algunos (NNNxDario) starts turn
[00:12:26.78] ••• algunos (NNNxDario) fires Girder
[00:12:29.86] ••• algunos (NNNxDario) ends turn; time used: 39.34 sec turn, 3.00 sec retreat
[00:12:31.88] ••• Mr.Spoon (Vojske) starts turn
[00:13:20.10] ••• Mr.Spoon (Vojske) fires Girder
[00:13:23.18] ••• Mr.Spoon (Vojske) ends turn; time used: 43.22 sec turn, 3.00 sec retreat
[00:13:24.22] ••• algunos (NNNxDario) starts turn
[00:13:33.22] ••• algunos (NNNxDario) fires Skunk
[00:13:40.94] ••• algunos (NNNxDario) ends turn; time used: 6.94 sec turn, 3.00 sec retreat
[00:13:46.30] [Vojske] damn n
[00:13:47.22] ••• Damage dealt: 5 to Mr.Spoon (Vojske)
[00:13:47.22] ••• Mr.Spoon (Vojske) starts turn
[00:13:47.24] [NNNxDario] ty
[00:13:56.34] ••• Mr.Spoon (Vojske) fires Shotgun
[00:14:14.20] ••• Mr.Spoon (Vojske) fires Shotgun
[00:14:18.36] ••• Mr.Spoon (Vojske) ends turn; time used: 24.40 sec turn, 3.00 sec retreat
[00:14:25.66] ••• Damage dealt: 43 (1 kill) to algunos (NNNxDario)
[00:14:25.66] ••• algunos (NNNxDario) starts turn
[00:14:34.06] ••• algunos (NNNxDario) fires Shotgun
[00:14:48.66] ••• algunos (NNNxDario) fires Shotgun
[00:14:52.82] ••• algunos (NNNxDario) ends turn; time used: 17.16 sec turn, 3.00 sec retreat
[00:14:58.92] ••• Damage dealt: 25 to Mr.Spoon (Vojske)
[00:14:58.92] ••• Mr.Spoon (Vojske) starts turn
[00:15:12.20] ••• Mr.Spoon (Vojske) fires Shotgun
[00:15:38.44] ••• Mr.Spoon (Vojske) fires Shotgun
[00:15:42.60] ••• Mr.Spoon (Vojske) ends turn; time used: 31.82 sec turn, 3.00 sec retreat
[00:15:48.70] ••• Damage dealt: 20 to algunos (NNNxDario)
[00:15:48.70] ••• algunos (NNNxDario) starts turn
[00:16:34.40] ••• algunos (NNNxDario) fires Bazooka
[00:16:39.00] ••• algunos (NNNxDario) ends turn; time used: 40.70 sec turn, 3.00 sec retreat
[00:16:45.10] ••• Mr.Spoon (Vojske) starts turn
[00:17:00.06] ••• Mr.Spoon (Vojske) fires Shotgun
[00:17:24.50] ••• Mr.Spoon (Vojske) fires Shotgun
[00:17:28.66] ••• Mr.Spoon (Vojske) ends turn; time used: 36.70 sec turn, 3.00 sec retreat
[00:17:28.68] [Vojske] oh
[00:17:28.68] [NNNxDario] wops
[00:17:34.76] ••• algunos (NNNxDario) starts turn
[00:18:10.56] ••• algunos (NNNxDario) fires Dynamite
[00:18:15.74] ••• algunos (NNNxDario) ends turn; time used: 35.58 sec turn, 5.00 sec retreat
[00:18:27.16] ••• Damage dealt: 3 to algunos (NNNxDario), 65 (1 kill) to Mr.Spoon (Vojske)
[00:18:27.16] ••• Mr.Spoon (Vojske) starts turn
[00:18:48.40] ••• Mr.Spoon (Vojske) fires Ninja Rope
[00:19:02.40] ••• Mr.Spoon (Vojske) fires Shotgun
[00:19:21.30] ••• Mr.Spoon (Vojske) fires Shotgun
[00:19:25.46] ••• Mr.Spoon (Vojske) ends turn; time used: 44.08 sec turn, 3.00 sec retreat
[00:19:32.76] ••• Damage dealt: 46 (1 kill) to algunos (NNNxDario)
[00:19:32.76] ••• algunos (NNNxDario) starts turn
[00:19:54.62] ••• algunos (NNNxDario) fires Select Worm
[00:20:06.72] ••• algunos (NNNxDario) fires Shotgun
[00:20:18.92] ••• algunos (NNNxDario) fires Shotgun
[00:20:23.08] ••• algunos (NNNxDario) ends turn; time used: 40.40 sec turn, 3.00 sec retreat
[00:20:29.18] ••• Damage dealt: 50 to Mr.Spoon (Vojske)
[00:20:29.18] ••• Mr.Spoon (Vojske) starts turn
[00:20:34.72] ••• Mr.Spoon (Vojske) fires Ninja Rope
[00:20:55.40] ••• Mr.Spoon (Vojske) fires Ninja Rope
[00:21:07.16] ••• Mr.Spoon (Vojske) uses Parachute
[00:21:10.62] ••• Mr.Spoon (Vojske) loses turn due to loss of control; time used: 40.78 sec turn, 0.00 sec retreat
[00:21:15.28] [NNNxDario] eeek
[00:21:16.34] [Vojske] :S
[00:21:16.96] ••• Damage dealt: 7 to algunos (NNNxDario), 2 to Mr.Spoon (Vojske)
[00:21:16.96] ••• algunos (NNNxDario) starts turn
[00:21:29.20] ••• algunos (NNNxDario) fires Uzi
[00:21:33.40] ••• algunos (NNNxDario) ends turn; time used: 10.64 sec turn, 3.00 sec retreat
[00:21:38.06] [Vojske] too hard knock 
[00:21:44.44] ••• Damage dealt: 38 (1 kill) to Mr.Spoon (Vojske)
[00:21:44.44] ••• Mr.Spoon (Vojske) starts turn
[00:21:52.00] ••• Mr.Spoon (Vojske) fires Jet Pack
[00:21:57.56] ••• Mr.Spoon (Vojske) fires Mine
[00:22:02.56] ••• Mr.Spoon (Vojske) used 30 (28) units of Jet Pack fuel
[00:22:02.58] ••• Mr.Spoon (Vojske) ends turn; time used: 9.86 sec turn, 5.00 sec retreat
[00:22:05.16] [Vojske] gg
[00:22:18.58] ••• Damage dealt: 42 (1 kill) to algunos (NNNxDario)
[00:22:18.58] ••• algunos (NNNxDario) starts turn
[00:22:22.26] ••• algunos (NNNxDario) fires Ninja Rope
[00:22:22.96] ••• algunos (NNNxDario) fires Ninja Rope
[00:22:24.30] ••• algunos (NNNxDario) fires Ninja Rope
[00:22:41.00] ••• algunos (NNNxDario) fires Fire Punch
[00:22:43.96] ••• algunos (NNNxDario) ends turn; time used: 19.84 sec turn, 1.18 sec retreat
[00:22:45.04] [NNNxDario] gg
[00:22:59.66] ••• Damage dealt: 30 (1 kill) to Mr.Spoon (Vojske)
[00:22:59.68] ••• Game Ends - Round Finished
[00:22:59.68] *** Round Finish acknowledged by NNNxDario
[00:23:02.06] *** Round Finish acknowledged by Vojske

Team time totals:
algunos (NNNxDario): Turn: 00:06:44.22, Retreat: 00:00:47.18, Total: 00:07:31.40, Turn count: 15
Mr.Spoon (Vojske):   Turn: 00:08:28.60, Retreat: 00:00:42.86, Total: 00:09:11.46, Turn count: 14

Total Jet Pack fuel used: 60

End of round 1

Round time: 0:22:59
Total game time elapsed: 0:22:59

algunos wins the round.

Worm of the round: Sponge (Mr.Spoon)
Most kills with one shot: 2 - siempre (algunos)
Most damage with one shot: 142 - Alex (Mr.Spoon)
