Game ID: "12319535"
Game Started at 2021-02-11 17:19:41 GMT
Game Engine Version: 3.8.1
File Format Version: 3.7.3.0 - 3.8.1
Exported with Version: 3.8.1 (Steam)

Red:  "Veals"          as "Veals" [Local Player] [Host]
Blue: "`Pn`Mega`Adnan" as "-η|2γZύ Fλ11ε$-"

[00:00:00.00] ••• -η|2γZύ Fλ11ε$- (`Pn`Mega`Adnan) starts turn
[00:00:00.98] [Veals] hf
[00:00:04.46] [`Pn`Mega`Adnan] uns
[00:00:08.62] [`Pn`Mega`Adnan] Funs*
[00:00:17.28] ••• -η|2γZύ Fλ11ε$- (`Pn`Mega`Adnan) fires Select Worm
[00:00:30.54] ••• -η|2γZύ Fλ11ε$- (`Pn`Mega`Adnan) fires Ninja Rope
[00:00:40.28] ••• -η|2γZύ Fλ11ε$- (`Pn`Mega`Adnan) uses Parachute
[00:00:52.44] ••• -η|2γZύ Fλ11ε$- (`Pn`Mega`Adnan) fires Grenade (5 sec, min bounce)
[00:00:57.54] ••• -η|2γZύ Fλ11ε$- (`Pn`Mega`Adnan) ends turn; time used: 44.34 sec turn, 3.00 sec retreat
[00:01:01.38] [Veals] oh oh
[00:01:02.44] [Veals] bl
[00:01:04.56] [`Pn`Mega`Adnan] xD
[00:01:06.02] ••• Damage dealt: 136 (1 kill) to Veals (Veals), 90 (1 kill) to -η|2γZύ Fλ11ε$- (`Pn`Mega`Adnan)
[00:01:06.02] ••• Veals (Veals) starts turn
[00:01:47.72] ••• Veals (Veals) fires Shotgun
[00:01:57.64] ••• Veals (Veals) fires Shotgun
[00:02:01.80] ••• Veals (Veals) ends turn; time used: 38.52 sec turn, 3.00 sec retreat
[00:02:07.02] ••• Damage dealt: 90 (1 kill) to -η|2γZύ Fλ11ε$- (`Pn`Mega`Adnan)
[00:02:07.02] ••• -η|2γZύ Fλ11ε$- (`Pn`Mega`Adnan) starts turn
[00:02:36.12] ••• -η|2γZύ Fλ11ε$- (`Pn`Mega`Adnan) uses Parachute
[00:02:42.52] ••• -η|2γZύ Fλ11ε$- (`Pn`Mega`Adnan) loses turn due to loss of control; time used: 30.52 sec turn, 0.00 sec retreat
[00:02:43.60] [`Pn`Mega`Adnan] hm
[00:02:46.80] ••• Damage dealt: 2 to -η|2γZύ Fλ11ε$- (`Pn`Mega`Adnan)
[00:02:46.80] ••• Veals (Veals) starts turn
[00:02:55.88] ••• Veals (Veals) fires Ninja Rope
[00:03:35.74] ••• Veals (Veals) fires Sheep
[00:03:36.60] ••• Veals (Veals) loses turn due to loss of control; time used: 44.34 sec turn, 0.84 sec retreat
[00:03:43.42] ••• Damage dealt: 21 to Veals (Veals), 90 (1 kill) to -η|2γZύ Fλ11ε$- (`Pn`Mega`Adnan)
[00:03:43.42] ••• -η|2γZύ Fλ11ε$- (`Pn`Mega`Adnan) starts turn
[00:04:06.72] ••• -η|2γZύ Fλ11ε$- (`Pn`Mega`Adnan) fires Select Worm
[00:04:19.60] [Veals] lol
[00:04:33.10] [Veals] you know what  i have)
[00:04:33.32] ••• -η|2γZύ Fλ11ε$- (`Pn`Mega`Adnan) fires Homing Pigeon
[00:04:33.86] ••• -η|2γZύ Fλ11ε$- (`Pn`Mega`Adnan) loses turn due to loss of control; time used: 44.84 sec turn, 0.46 sec retreat
[00:04:43.68] ••• Damage dealt: 71 to Veals (Veals), 7 to -η|2γZύ Fλ11ε$- (`Pn`Mega`Adnan)
[00:04:43.68] ••• Veals (Veals) starts turn
[00:04:49.40] ••• Veals (Veals) fires Ninja Rope
[00:04:57.10] ••• Veals (Veals) fires Baseball Bat
[00:05:00.68] ••• Veals (Veals) ends turn; time used: 12.04 sec turn, 3.00 sec retreat
[00:05:01.04] [`Pn`Mega`Adnan] :ye
[00:05:03.60] [`Pn`Mega`Adnan] :)
[00:05:04.76] ••• Damage dealt: 83 (1 kill) to -η|2γZύ Fλ11ε$- (`Pn`Mega`Adnan)
[00:05:04.76] ••• -η|2γZύ Fλ11ε$- (`Pn`Mega`Adnan) starts turn
[00:05:16.38] ••• -η|2γZύ Fλ11ε$- (`Pn`Mega`Adnan) fires Ninja Rope
[00:05:49.50] ••• -η|2γZύ Fλ11ε$- (`Pn`Mega`Adnan) fires Dynamite
[00:05:54.52] ••• -η|2γZύ Fλ11ε$- (`Pn`Mega`Adnan) ends turn; time used: 41.72 sec turn, 5.00 sec retreat
[00:06:05.56] ••• Damage dealt: 90 (1 kill) to Veals (Veals)
[00:06:05.56] ••• Veals (Veals) starts turn
[00:06:29.76] ••• Veals (Veals) fires Select Worm
[00:06:46.04] ••• Veals (Veals) fires Parachute
[00:06:48.96] ••• Veals (Veals) fires Mad Cow (herd of 2)
[00:06:53.36] ••• Veals (Veals) ends turn; time used: 42.24 sec turn, 3.00 sec retreat
[00:06:58.80] ••• Damage dealt: 19 to Veals (Veals), 91 to -η|2γZύ Fλ11ε$- (`Pn`Mega`Adnan)
[00:06:58.80] ••• -η|2γZύ Fλ11ε$- (`Pn`Mega`Adnan) starts turn
[00:07:15.92] ••• -η|2γZύ Fλ11ε$- (`Pn`Mega`Adnan) fires Ninja Rope
[00:07:50.78] ••• -η|2γZύ Fλ11ε$- (`Pn`Mega`Adnan) fires Sheep
[00:07:59.00] [Veals] well
[00:08:01.28] [Veals] i lucky
[00:08:01.64] [`Pn`Mega`Adnan] fail game
[00:08:06.68] ••• -η|2γZύ Fλ11ε$- (`Pn`Mega`Adnan) ends turn; time used: 44.30 sec turn, 3.00 sec retreat
[00:08:10.44] ••• Damage dealt: 8 to Veals (Veals), 15 to -η|2γZύ Fλ11ε$- (`Pn`Mega`Adnan)
[00:08:10.44] ••• Veals (Veals) starts turn
[00:08:28.00] ••• Veals (Veals) fires Ninja Rope
[00:08:57.82] ••• Veals (Veals) fires Grenade (5 sec, min bounce)
[00:09:02.92] ••• Veals (Veals) loses turn due to loss of control; time used: 43.86 sec turn, 3.00 sec retreat
[00:09:14.52] ••• Damage dealt: 26 to Veals (Veals), 69 (1 kill) to -η|2γZύ Fλ11ε$- (`Pn`Mega`Adnan)
[00:09:14.52] ••• -η|2γZύ Fλ11ε$- (`Pn`Mega`Adnan) starts turn
[00:09:38.82] ••• -η|2γZύ Fλ11ε$- (`Pn`Mega`Adnan) fires Longbow
[00:10:09.20] ••• -η|2γZύ Fλ11ε$- (`Pn`Mega`Adnan) fires Longbow
[00:10:12.28] ••• -η|2γZύ Fλ11ε$- (`Pn`Mega`Adnan) ends turn; time used: 42.62 sec turn, 3.00 sec retreat
[00:10:17.50] ••• Damage dealt: 71 (1 kill) to Veals (Veals)
[00:10:17.50] ••• Veals (Veals) starts turn
[00:10:19.96] ••• Veals (Veals) fires Select Worm
[00:10:23.22] ••• Veals (Veals) fires Low Gravity
[00:10:29.34] ••• Veals (Veals) fires Shotgun
[00:10:56.50] ••• Veals (Veals) fires Shotgun
[00:11:00.66] ••• Veals (Veals) ends turn; time used: 27.54 sec turn, 3.00 sec retreat
[00:11:06.42] ••• Damage dealt: 43 (1 kill) to -η|2γZύ Fλ11ε$- (`Pn`Mega`Adnan)
[00:11:06.42] ••• -η|2γZύ Fλ11ε$- (`Pn`Mega`Adnan) starts turn
[00:11:48.68] ••• -η|2γZύ Fλ11ε$- (`Pn`Mega`Adnan) fires Homing Pigeon
[00:11:51.76] ••• -η|2γZύ Fλ11ε$- (`Pn`Mega`Adnan) ends turn; time used: 37.26 sec turn, 3.00 sec retreat
[00:12:05.50] ••• Damage dealt: 56 (1 kill) to Veals (Veals)
[00:12:05.50] ••• Veals (Veals) starts turn
[00:12:21.80] ••• Veals (Veals) fires Ninja Rope
[00:12:30.80] ••• Veals (Veals) fires Cluster Bomb (3 sec, min bounce)
[00:12:34.02] ••• Veals (Veals) ends turn; time used: 24.62 sec turn, 3.00 sec retreat
[00:12:46.94] ••• Damage dealt: 2 to Veals (Veals), 50 (1 kill) to -η|2γZύ Fλ11ε$- (`Pn`Mega`Adnan)
[00:12:46.94] ••• -η|2γZύ Fλ11ε$- (`Pn`Mega`Adnan) starts turn
[00:13:09.76] ••• -η|2γZύ Fλ11ε$- (`Pn`Mega`Adnan) fires Ninja Rope
[00:13:24.62] ••• -η|2γZύ Fλ11ε$- (`Pn`Mega`Adnan) fires Shotgun
[00:13:45.64] ••• -η|2γZύ Fλ11ε$- (`Pn`Mega`Adnan) fires Shotgun
[00:13:49.80] ••• -η|2γZύ Fλ11ε$- (`Pn`Mega`Adnan) ends turn; time used: 44.78 sec turn, 3.00 sec retreat
[00:13:57.68] ••• Damage dealt: 40 (2 kills) to Veals (Veals)
[00:13:57.68] ••• Veals (Veals) starts turn
[00:14:10.56] ••• Veals (Veals) fires Select Worm
[00:14:35.06] ••• Veals (Veals) fires Jet Pack
[00:14:45.52] ••• Veals (Veals) fires Dynamite
[00:14:48.86] ••• Veals (Veals) used 30 (26) units of Jet Pack fuel
[00:14:50.54] ••• Veals (Veals) ends turn; time used: 42.36 sec turn, 5.00 sec retreat
[00:14:56.42] ••• Damage dealt: 70 to -η|2γZύ Fλ11ε$- (`Pn`Mega`Adnan)
[00:14:56.42] ••• -η|2γZύ Fλ11ε$- (`Pn`Mega`Adnan) starts turn
[00:15:45.30] ••• -η|2γZύ Fλ11ε$- (`Pn`Mega`Adnan) fires Battle Axe
[00:15:50.20] ••• -η|2γZύ Fλ11ε$- (`Pn`Mega`Adnan) ends turn; time used: 43.88 sec turn, 3.00 sec retreat
[00:15:53.80] ••• Damage dealt: 45 to Veals (Veals)
[00:15:53.80] ••• Veals (Veals) starts turn
[00:16:05.50] ••• Veals (Veals) fires Teleport
[00:16:05.92] ••• resetting Jet Pack fuel use to 0
[00:16:07.98] ••• Veals (Veals) ends turn; time used: 11.30 sec turn, 0.02 sec retreat
[00:16:08.56] ••• -η|2γZύ Fλ11ε$- (`Pn`Mega`Adnan) starts turn
[00:16:27.60] ••• -η|2γZύ Fλ11ε$- (`Pn`Mega`Adnan) fires Ninja Rope
[00:16:39.48] ••• -η|2γZύ Fλ11ε$- (`Pn`Mega`Adnan) fires Shotgun
[00:16:45.72] [Veals] gg
[00:16:51.30] [Veals] tnx for game
[00:16:57.64] [Veals] oh
[00:17:02.36] [Veals] i understand
[00:17:04.30] [Veals] lol
[00:17:04.52] ••• -η|2γZύ Fλ11ε$- (`Pn`Mega`Adnan) fires Shotgun
[00:17:05.42] ••• -η|2γZύ Fλ11ε$- (`Pn`Mega`Adnan) loses turn due to loss of control; time used: 44.48 sec turn, 0.00 sec retreat
[00:17:06.96] [`Pn`Mega`Adnan] )
[00:17:08.28] [Veals] ok ok
[00:17:09.40] [Veals] xd
[00:17:09.90] [`Pn`Mega`Adnan] ah
[00:17:10.86] ••• Damage dealt: 115 (1 kill) to Veals (Veals), 19 to -η|2γZύ Fλ11ε$- (`Pn`Mega`Adnan)
[00:17:10.86] ••• Veals (Veals) starts turn
[00:17:12.02] [Veals] omg
[00:17:13.62] [`Pn`Mega`Adnan] gg
[00:17:14.82] [Veals] omg omg
[00:17:18.16] [Veals] wtf
[00:17:22.86] [Veals] ok
[00:17:23.88] [Veals] gg
[00:17:24.30] [`Pn`Mega`Adnan] ye
[00:17:33.74] ••• Veals (Veals) fires Shotgun
[00:17:36.22] ••• Veals (Veals) ends turn; time used: 17.88 sec turn, 0.00 sec retreat
[00:17:50.42] ••• Damage dealt: 1 (1 kill) to -η|2γZύ Fλ11ε$- (`Pn`Mega`Adnan)
[00:17:50.44] ••• Game Ends - Round Finished
[00:17:50.44] *** Round Finish acknowledged by Veals
[00:17:52.74] *** Round Finish acknowledged by `Pn`Mega`Adnan

Team time totals:
Veals (Veals):                    Turn: 00:05:04.70, Retreat: 00:00:23.86, Total: 00:05:28.56, Turn count: 10
-η|2γZύ Fλ11ε$- (`Pn`Mega`Adnan): Turn: 00:06:58.74, Retreat: 00:00:23.46, Total: 00:07:22.20, Turn count: 10

End of round 2

Round time: 0:17:50
Total game time elapsed: Unknown

Veals wins the match!

Worm of the round: AΠρεN [;-? (-η|2γZύ Fλ11ε$-)

Most kills with one shot: 2 - λN£Ψ|2ηE|2 τ..Ψ (-η|2γZύ Fλ11ε$-)
Most damage with one shot: 222 - λN£Ψ|2ηE|2 τ..Ψ (-η|2γZύ Fλ11ε$-)
