Game ID: "12343463"
Game Started at 2021-02-19 00:29:25 GMT
Game Engine Version: 3.8.1
File Format Version: 3.7.3.0 - 3.8.1
Exported with Version: 3.8.1 (Steam)

Red:  "chesnut"    as "gusis" [Local Player] [Host]
Blue: "tlocoselli" as "Noias"

[00:00:00.00] ••• Noias (tlocoselli) starts turn
[00:00:18.06] ••• Noias (tlocoselli) fires Select Worm
[00:00:28.56] ••• Noias (tlocoselli) fires Uzi
[00:00:32.76] ••• Noias (tlocoselli) ends turn; time used: 25.76 sec turn, 3.00 sec retreat
[00:00:37.52] ••• Damage dealt: 36 to gusis (chesnut)
[00:00:37.52] ••• gusis (chesnut) starts turn
[00:00:41.86] ••• gusis (chesnut) fires Select Worm
[00:00:45.20] ••• gusis (chesnut) fires Ninja Rope
[00:00:50.74] ••• gusis (chesnut) uses Parachute
[00:01:08.38] ••• gusis (chesnut) fires Dynamite
[00:01:13.56] ••• gusis (chesnut) ends turn; time used: 26.18 sec turn, 5.00 sec retreat
[00:01:20.90] ••• Damage dealt: 149 to Noias (tlocoselli)
[00:01:20.90] ••• Noias (tlocoselli) starts turn
[00:01:36.32] ••• Noias (tlocoselli) fires Shotgun
[00:01:47.24] ••• Noias (tlocoselli) fires Shotgun
[00:01:48.14] ••• Noias (tlocoselli) loses turn due to loss of control; time used: 18.18 sec turn, 0.00 sec retreat
[00:01:56.10] ••• Damage dealt: 12 to gusis (chesnut), 16 (1 kill) to Noias (tlocoselli)
[00:01:56.10] ••• gusis (chesnut) starts turn
[00:02:06.30] ••• gusis (chesnut) fires Select Worm
[00:02:20.44] ••• gusis (chesnut) fires Ninja Rope
[00:02:43.94] ••• gusis (chesnut) fires Sheep
[00:02:48.96] ••• gusis (chesnut) ends turn; time used: 42.78 sec turn, 5.00 sec retreat
[00:02:59.74] ••• Damage dealt: 98 (1 kill) to Noias (tlocoselli)
[00:02:59.74] ••• Noias (tlocoselli) starts turn
[00:03:06.90] ••• Noias (tlocoselli) fires Select Worm
[00:03:19.02] ••• Noias (tlocoselli) fires Mine
[00:03:24.20] ••• Noias (tlocoselli) ends turn; time used: 17.20 sec turn, 5.00 sec retreat
[00:03:30.26] [tlocoselli] gg
[00:03:33.40] [chesnut] gg
[00:03:36.00] ••• Damage dealt: 50 to gusis (chesnut), 46 to Noias (tlocoselli)
[00:03:36.00] ••• gusis (chesnut) starts turn
[00:03:41.26] ••• gusis (chesnut) fires Grenade (5 sec, min bounce)
[00:03:46.50] ••• gusis (chesnut) ends turn; time used: 4.36 sec turn, 3.00 sec retreat
[00:03:51.44] ••• Damage dealt: 45 to Noias (tlocoselli)
[00:03:51.44] ••• Noias (tlocoselli) starts turn
[00:04:14.42] ••• Noias (tlocoselli) fires Uzi
[00:04:18.62] ••• Noias (tlocoselli) ends turn; time used: 21.58 sec turn, 3.00 sec retreat
[00:04:22.64] ••• gusis (chesnut) starts turn
[00:04:34.52] ••• gusis (chesnut) uses Bungee
[00:04:38.66] ••• gusis (chesnut) uses Parachute
[00:04:40.72] ••• gusis (chesnut) fires Low Gravity
[00:04:57.00] ••• gusis (chesnut) fires Shotgun
[00:05:11.78] ••• gusis (chesnut) fires Shotgun
[00:05:15.94] ••• gusis (chesnut) ends turn; time used: 37.26 sec turn, 3.00 sec retreat
[00:05:26.32] ••• Damage dealt: 79 (1 kill) to Noias (tlocoselli)
[00:05:26.32] ••• Noias (tlocoselli) starts turn
[00:05:37.56] ••• Noias (tlocoselli) fires Ninja Rope
[00:05:40.76] ••• Noias (tlocoselli) fires Ninja Rope
[00:06:06.36] ••• Noias (tlocoselli) fires Grenade (5 sec, min bounce)
[00:06:11.78] ••• Noias (tlocoselli) ends turn; time used: 37.50 sec turn, 3.00 sec retreat
[00:06:16.46] ••• Damage dealt: 45 to gusis (chesnut)
[00:06:16.46] ••• gusis (chesnut) starts turn
[00:06:21.02] ••• gusis (chesnut) fires Flame Thrower
[00:06:28.50] ••• gusis (chesnut) ends turn; time used: 2.94 sec turn, 3.00 sec retreat
[00:06:37.86] ••• Damage dealt: 90 (1 kill) to Noias (tlocoselli)
[00:06:37.86] ••• Noias (tlocoselli) starts turn
[00:06:43.48] ••• Noias (tlocoselli) fires Ninja Rope
[00:06:55.06] ••• Noias (tlocoselli) fires Mine
[00:07:00.08] ••• Noias (tlocoselli) ends turn; time used: 15.52 sec turn, 5.00 sec retreat
[00:07:09.30] ••• Damage dealt: 90 (1 kill) to gusis (chesnut)
[00:07:09.30] ••• gusis (chesnut) starts turn
[00:07:14.94] ••• gusis (chesnut) fires Shotgun
[00:07:36.28] ••• gusis (chesnut) loses turn due to loss of control; time used: 24.88 sec turn, 0.00 sec retreat
[00:07:40.90] ••• Damage dealt: 1 to gusis (chesnut)
[00:07:40.90] ••• Noias (tlocoselli) starts turn
[00:07:47.08] ••• Noias (tlocoselli) fires Shotgun
[00:08:03.40] ••• Noias (tlocoselli) fires Shotgun
[00:08:07.56] ••• Noias (tlocoselli) ends turn; time used: 12.38 sec turn, 3.00 sec retreat
[00:08:13.18] ••• Damage dealt: 26 (1 kill) to gusis (chesnut)
[00:08:13.18] ••• gusis (chesnut) starts turn
[00:08:16.58] ••• gusis (chesnut) fires Shotgun
[00:08:22.00] ••• gusis (chesnut) fires Shotgun
[00:08:26.16] ••• gusis (chesnut) ends turn; time used: 3.38 sec turn, 3.00 sec retreat
[00:08:37.44] ••• Damage dealt: 45 (1 kill) to Noias (tlocoselli)
[00:08:37.44] ••• Noias (tlocoselli) starts turn
[00:08:53.78] ••• Noias (tlocoselli) fires Ninja Rope
[00:08:55.26] ••• Noias (tlocoselli) fires Ninja Rope
[00:08:57.34] ••• Noias (tlocoselli) fires Ninja Rope
[00:09:12.22] ••• Noias (tlocoselli) fires Dynamite
[00:09:17.22] ••• Noias (tlocoselli) loses turn due to loss of control; time used: 34.04 sec turn, 4.98 sec retreat
[00:09:39.96] ••• Damage dealt: 90 (1 kill) to gusis (chesnut), 91 (1 kill) to Noias (tlocoselli)
[00:09:39.96] ••• gusis (chesnut) starts turn
[00:09:46.48] ••• gusis (chesnut) fires Shotgun
[00:10:25.64] ••• gusis (chesnut) fires Shotgun
[00:10:29.80] ••• gusis (chesnut) ends turn; time used: 38.58 sec turn, 3.00 sec retreat
[00:10:41.22] ••• Damage dealt: 44 to gusis (chesnut), 18 (1 kill) to Noias (tlocoselli)
[00:10:41.22] ••• Noias (tlocoselli) starts turn
[00:10:48.20] ••• Noias (tlocoselli) fires Low Gravity
[00:10:51.30] ••• Noias (tlocoselli) fires Shotgun
[00:11:15.06] ••• Noias (tlocoselli) fires Shotgun
[00:11:19.22] ••• Noias (tlocoselli) ends turn; time used: 25.22 sec turn, 3.00 sec retreat
[00:11:19.40] [tlocoselli] nos vemos
[00:11:28.32] [tlocoselli] gracias por el juego
[00:11:31.22] ••• Damage dealt: 56 (2 kills) to gusis (chesnut), 24 to Noias (tlocoselli)
[00:11:31.22] ••• gusis (chesnut) starts turn
[00:11:31.80] ••• gusis (chesnut) fires Jet Pack
[00:11:35.76] ••• gusis (chesnut) fires Grenade (5 sec, min bounce)
[00:11:38.90] ••• gusis (chesnut) used 30 (15) units of Jet Pack fuel
[00:11:40.78] ••• gusis (chesnut) ends turn; time used: 3.74 sec turn, 5.00 sec retreat
[00:11:44.84] [chesnut] adios
[00:11:56.38] ••• Damage dealt: 19 (1 kill) to Noias (tlocoselli)
[00:11:56.40] ••• Game Ends - Round Finished
[00:11:56.40] *** Round Finish acknowledged by chesnut
[00:11:58.94] *** Round Finish acknowledged by tlocoselli

Team time totals:
gusis (chesnut):    Turn: 00:03:04.10, Retreat: 00:00:30.00, Total: 00:03:34.10, Turn count: 9
Noias (tlocoselli): Turn: 00:03:27.38, Retreat: 00:00:29.98, Total: 00:03:57.36, Turn count: 9

Total Jet Pack fuel used: 30

End of round 2

Round time: 0:11:56
Total game time elapsed: Unknown

gusis wins the match!

Worm of the round: gusatres (gusis)

Most kills with one shot: 2 - Nardoni (Noias)
Most damage with one shot: 181 - Nardoni (Noias)
