Game ID: "12314580"
Game Started at 2021-02-09 19:12:25 GMT
Game Engine Version: 3.8.1
File Format Version: 3.7.3.0 - 3.8.1
Exported with Version: 3.8.1 (Steam)

Red:  "NNNxDario"  as "algunos" [Local Player] [Host]
Blue: "Korydex-db" as "Engines"

[00:00:00.00] [NNNxDario] hf
[00:00:00.00] ••• algunos (NNNxDario) starts turn
[00:00:03.62] [Korydex-db] hf
[00:00:09.26] ••• algunos (NNNxDario) fires Ninja Rope
[00:00:14.12] ••• algunos (NNNxDario) uses Parachute
[00:00:18.54] [Korydex-db] gg places
[00:00:19.66] [Korydex-db] xD
[00:00:26.70] ••• algunos (NNNxDario) fires Longbow
[00:00:35.90] [NNNxDario] forgot about the triple last round?
[00:00:45.84] ••• algunos (NNNxDario) fires Longbow
[00:00:48.92] ••• algunos (NNNxDario) ends turn; time used: 32.00 sec turn, 3.00 sec retreat
[00:00:53.34] [Korydex-db] all worms on the bottom :(
[00:00:55.54] ••• Damage dealt: 98 to Engines (Korydex-db)
[00:00:55.54] ••• Engines (Korydex-db) starts turn
[00:01:17.92] [Korydex-db] nah really dont even want to try lol
[00:01:20.12] ••• Engines (Korydex-db) fires Surrender
[00:01:20.14] ••• Engines (Korydex-db) ends turn; time used: 19.58 sec turn, 0.00 sec retreat
[00:01:24.12] *** Round Finish acknowledged by Korydex-db
[00:01:26.22] ••• Game Ends - Round Finished
[00:01:26.22] *** Round Finish acknowledged by NNNxDario

Team time totals:
algunos (NNNxDario):  Turn: 00:00:32.00, Retreat: 00:00:03.00, Total: 00:00:35.00, Turn count: 1
Engines (Korydex-db): Turn: 00:00:19.58, Retreat: 00:00:00.00, Total: 00:00:19.58, Turn count: 1

End of round 3

Round time: 0:01:26
Total game time elapsed: Unknown

algunos wins the match!

Most damage with one shot: 77 - alguien (algunos)
