Game ID: "12314780"
Game Started at 2021-02-09 19:24:09 GMT
Game Engine Version: 3.8
File Format Version: 3.7.3.0 - 3.8.1
Exported with Version: 3.8.1 (Steam)

Red:       "lait88" as "Pro-Team"
Blue:      "ILYXA`" as "Cunnilinux"
Spectator: "NNNxDario" [Local] [Host]

[00:00:00.00] [NNNxDario] hf
[00:00:00.00] ••• Cunnilinux (ILYXA`) starts turn
[00:00:12.84] ••• Cunnilinux (ILYXA`) fires Select Worm
[00:00:22.64] ••• Cunnilinux (ILYXA`) fires Ninja Rope
[00:00:33.64] ••• Cunnilinux (ILYXA`) fires Ninja Rope
[00:00:40.18] ••• Cunnilinux (ILYXA`) fires Ninja Rope
[00:00:49.90] ••• Cunnilinux (ILYXA`) fires Baseball Bat
[00:00:52.98] ••• Cunnilinux (ILYXA`) ends turn; time used: 44.46 sec turn, 3.00 sec retreat
[00:00:54.94] [ILYXA`] lol
[00:00:57.04] ••• Damage dealt: 32 to Pro-Team (lait88)
[00:00:57.04] ••• Pro-Team (lait88) starts turn
[00:00:57.06] [NNNxDario] :(
[00:01:00.46] [NNNxDario] don't panic mate, I know you good
[00:01:13.90] [ILYXA`] ty
[00:01:25.22] ••• Pro-Team (lait88) fires Select Worm
[00:01:42.72] ••• Pro-Team (lait88) fires Mine
[00:01:47.90] ••• Pro-Team (lait88) ends turn; time used: 40.62 sec turn, 5.00 sec retreat
[00:01:56.26] ••• Damage dealt: 41 to Cunnilinux (ILYXA`)
[00:01:56.26] ••• Cunnilinux (ILYXA`) starts turn
[00:02:04.94] ••• Cunnilinux (ILYXA`) fires Select Worm
[00:02:13.90] ••• Cunnilinux (ILYXA`) fires Ninja Rope
[00:02:22.12] ••• Cunnilinux (ILYXA`) fires Ninja Rope
[00:02:43.70] ••• Cunnilinux (ILYXA`) fires Dynamite
[00:02:48.88] ••• Cunnilinux (ILYXA`) ends turn; time used: 43.18 sec turn, 5.00 sec retreat
[00:03:00.50] ••• Damage dealt: 130 (1 kill) to Pro-Team (lait88)
[00:03:00.50] ••• Pro-Team (lait88) starts turn
[00:03:13.60] ••• Pro-Team (lait88) fires Grenade (3 sec, min bounce)
[00:03:16.86] ••• Pro-Team (lait88) ends turn; time used: 9.04 sec turn, 3.00 sec retreat
[00:03:21.40] ••• Damage dealt: 44 to Cunnilinux (ILYXA`)
[00:03:21.40] ••• Cunnilinux (ILYXA`) starts turn
[00:03:28.94] ••• Cunnilinux (ILYXA`) fires Select Worm
[00:03:53.84] ••• Cunnilinux (ILYXA`) fires Low Gravity
[00:03:57.48] ••• Cunnilinux (ILYXA`) fires Kamikaze
[00:03:59.56] ••• Cunnilinux (ILYXA`) loses turn due to loss of control; time used: 34.34 sec turn, 0.00 sec retreat
[00:04:07.10] ••• Damage dealt: 122 (1 kill) to Pro-Team (lait88), 5 (1 kill) to Cunnilinux (ILYXA`)
[00:04:07.10] ••• Pro-Team (lait88) starts turn
[00:04:19.40] ••• Pro-Team (lait88) fires Select Worm
[00:04:40.20] ••• Pro-Team (lait88) fires Baseball Bat
[00:04:43.78] ••• Pro-Team (lait88) ends turn; time used: 28.82 sec turn, 3.00 sec retreat
[00:04:48.70] ••• Damage dealt: 90 (1 kill) to Cunnilinux (ILYXA`)
[00:04:48.70] ••• Cunnilinux (ILYXA`) starts turn
[00:05:24.22] ••• Cunnilinux (ILYXA`) fires Shotgun
[00:05:36.76] ••• Cunnilinux (ILYXA`) fires Shotgun
[00:05:40.92] ••• Cunnilinux (ILYXA`) ends turn; time used: 41.02 sec turn, 3.00 sec retreat
[00:05:45.34] ••• Damage dealt: 50 to Pro-Team (lait88)
[00:05:45.34] ••• Pro-Team (lait88) starts turn
[00:05:56.08] ••• Pro-Team (lait88) fires Select Worm
[00:06:08.76] ••• Pro-Team (lait88) fires Parachute
[00:06:13.06] ••• Pro-Team (lait88) fires Shotgun
[00:06:24.48] ••• Pro-Team (lait88) fires Shotgun
[00:06:25.38] ••• Pro-Team (lait88) loses turn due to loss of control; time used: 30.68 sec turn, 0.00 sec retreat
[00:06:29.62] ••• Damage dealt: 14 to Pro-Team (lait88), 25 to Cunnilinux (ILYXA`)
[00:06:29.62] ••• Cunnilinux (ILYXA`) starts turn
[00:06:45.48] ••• Cunnilinux (ILYXA`) fires Cluster Bomb (3 sec, min bounce)
[00:06:49.78] ••• Cunnilinux (ILYXA`) ends turn; time used: 14.60 sec turn, 3.00 sec retreat
[00:06:54.20] ••• Damage dealt: 7 to Pro-Team (lait88)
[00:06:54.20] ••• Pro-Team (lait88) starts turn
[00:07:20.70] ••• Pro-Team (lait88) fires Shotgun
[00:07:26.64] ••• Pro-Team (lait88) fires Shotgun
[00:07:30.80] ••• Pro-Team (lait88) ends turn; time used: 24.66 sec turn, 3.00 sec retreat
[00:07:35.22] ••• Damage dealt: 50 to Cunnilinux (ILYXA`)
[00:07:35.22] ••• Cunnilinux (ILYXA`) starts turn
[00:08:00.08] ••• Cunnilinux (ILYXA`) fires Uzi
[00:08:04.28] ••• Cunnilinux (ILYXA`) ends turn; time used: 23.44 sec turn, 3.00 sec retreat
[00:08:14.82] ••• Damage dealt: 4 (1 kill) to Pro-Team (lait88)
[00:08:14.82] ••• Pro-Team (lait88) starts turn
[00:08:38.02] ••• Pro-Team (lait88) fires Mine
[00:08:43.20] ••• Pro-Team (lait88) ends turn; time used: 18.20 sec turn, 5.00 sec retreat
[00:08:50.34] ••• Damage dealt: 47 to Cunnilinux (ILYXA`)
[00:08:50.34] ••• Cunnilinux (ILYXA`) starts turn
[00:09:27.44] ••• Cunnilinux (ILYXA`) fires Shotgun
[00:09:35.58] ••• Cunnilinux (ILYXA`) fires Shotgun
[00:09:39.74] ••• Cunnilinux (ILYXA`) ends turn; time used: 39.22 sec turn, 3.00 sec retreat
[00:09:50.44] ••• Damage dealt: 40 (1 kill) to Pro-Team (lait88)
[00:09:50.44] ••• Pro-Team (lait88) starts turn
[00:09:56.04] ••• Pro-Team (lait88) fires Dynamite
[00:10:01.22] ••• Pro-Team (lait88) ends turn; time used: 4.48 sec turn, 5.00 sec retreat
[00:10:06.22] ••• Damage dealt: 10 to Pro-Team (lait88), 70 to Cunnilinux (ILYXA`)
[00:10:06.22] ••• Cunnilinux (ILYXA`) starts turn
[00:10:23.72] ••• Cunnilinux (ILYXA`) fires Air Strike
[00:10:27.20] ••• Cunnilinux (ILYXA`) ends turn; time used: 12.50 sec turn, 3.00 sec retreat
[00:10:31.62] ••• Damage dealt: 24 to Pro-Team (lait88)
[00:10:31.62] ••• Pro-Team (lait88) starts turn
[00:10:55.20] ••• Pro-Team (lait88) fires Grenade (5 sec, min bounce)
[00:11:01.28] ••• Pro-Team (lait88) ends turn; time used: 18.58 sec turn, 3.00 sec retreat
[00:11:05.62] ••• Damage dealt: 30 to Cunnilinux (ILYXA`)
[00:11:05.62] ••• Cunnilinux (ILYXA`) starts turn
[00:11:32.40] ••• Cunnilinux (ILYXA`) loses turn due to loss of control; time used: 25.58 sec turn, 0.00 sec retreat
[00:11:37.02] ••• Damage dealt: 1 to Cunnilinux (ILYXA`)
[00:11:37.02] ••• Pro-Team (lait88) starts turn
[00:11:51.14] ••• Pro-Team (lait88) fires Shotgun
[00:12:35.92] ••• Pro-Team (lait88) ends turn; time used: 45.00 sec turn, 0.00 sec retreat
[00:12:39.14] ••• Damage dealt: 20 (1 kill) to Cunnilinux (ILYXA`)
[00:12:39.14] ••• Cunnilinux (ILYXA`) starts turn
[00:13:07.12] ••• Cunnilinux (ILYXA`) fires Shotgun
[00:13:15.92] ••• Cunnilinux (ILYXA`) fires Shotgun
[00:13:20.08] ••• Cunnilinux (ILYXA`) ends turn; time used: 26.88 sec turn, 3.00 sec retreat
[00:13:29.44] ••• Damage dealt: 34 (1 kill) to Pro-Team (lait88)
[00:13:29.44] ••• Pro-Team (lait88) starts turn
[00:13:40.76] ••• Pro-Team (lait88) fires Air Strike
[00:13:44.24] ••• Pro-Team (lait88) ends turn; time used: 7.18 sec turn, 3.00 sec retreat
[00:13:52.64] ••• Damage dealt: 43 (1 kill) to Cunnilinux (ILYXA`)
[00:13:52.64] ••• Cunnilinux (ILYXA`) starts turn
[00:13:56.32] ••• Cunnilinux (ILYXA`) fires Napalm Strike
[00:13:59.80] ••• Cunnilinux (ILYXA`) ends turn; time used: 2.52 sec turn, 3.00 sec retreat
[00:14:09.82] ••• Damage dealt: 64 to Pro-Team (lait88)
[00:14:09.82] ••• Pro-Team (lait88) starts turn
[00:14:23.32] ••• Pro-Team (lait88) fires Grenade (5 sec, min bounce)
[00:14:29.30] ••• Pro-Team (lait88) ends turn; time used: 8.50 sec turn, 3.00 sec retreat
[00:14:39.74] ••• Damage dealt: 17 to Cunnilinux (ILYXA`)
[00:14:39.74] ••• Cunnilinux (ILYXA`) starts turn
[00:14:46.90] ••• Cunnilinux (ILYXA`) fires Jet Pack
[00:14:57.70] ••• Cunnilinux (ILYXA`) used 30 units of Jet Pack fuel
[00:15:06.18] ••• Cunnilinux (ILYXA`) fires Shotgun
[00:15:34.06] ••• Cunnilinux (ILYXA`) fires Shotgun
[00:15:38.22] ••• Cunnilinux (ILYXA`) ends turn; time used: 42.88 sec turn, 3.00 sec retreat
[00:15:43.84] ••• Damage dealt: 42 (1 kill) to Pro-Team (lait88)
[00:15:43.84] ••• Pro-Team (lait88) starts turn
[00:15:58.54] ••• Pro-Team (lait88) fires Shotgun
[00:16:16.48] ••• Pro-Team (lait88) fires Shotgun
[00:16:20.64] ••• Pro-Team (lait88) ends turn; time used: 20.64 sec turn, 3.00 sec retreat
[00:16:29.30] ••• Damage dealt: 40 (1 kill) to Cunnilinux (ILYXA`)
[00:16:29.30] ••• Cunnilinux (ILYXA`) starts turn
[00:16:52.50] ••• Cunnilinux (ILYXA`) fires Bazooka
[00:16:57.10] ••• Cunnilinux (ILYXA`) ends turn; time used: 19.64 sec turn, 3.00 sec retreat
[00:17:00.16] ••• Damage dealt: 20 to Pro-Team (lait88)
[00:17:00.16] ••• Pro-Team (lait88) starts turn
[00:17:18.38] ••• Pro-Team (lait88) fires Blow Torch
[00:17:25.74] ••• Pro-Team (lait88) ends turn; time used: 13.22 sec turn, 3.00 sec retreat
[00:17:29.76] ••• Cunnilinux (ILYXA`) starts turn
[00:17:51.24] ••• Cunnilinux (ILYXA`) uses Parachute
[00:18:13.86] ••• Cunnilinux (ILYXA`) fires Homing Missile
[00:18:18.46] ••• Cunnilinux (ILYXA`) ends turn; time used: 43.20 sec turn, 3.00 sec retreat
[00:18:22.48] ••• Pro-Team (lait88) starts turn
[00:18:33.66] ••• Pro-Team (lait88) fires Ninja Rope
[00:18:45.34] ••• Pro-Team (lait88) fires Holy Hand-Grenade
[00:18:50.36] ••• Pro-Team (lait88) ends turn; time used: 17.78 sec turn, 5.00 sec retreat
[00:18:57.02] ••• Damage dealt: 89 to Cunnilinux (ILYXA`)
[00:18:57.02] ••• Cunnilinux (ILYXA`) starts turn
[00:19:42.32] ••• Cunnilinux (ILYXA`) fires Girder
[00:19:45.40] ••• Cunnilinux (ILYXA`) ends turn; time used: 44.50 sec turn, 3.00 sec retreat
[00:19:47.42] ••• Pro-Team (lait88) starts turn
[00:20:12.24] ••• Pro-Team (lait88) fires Shotgun
[00:20:19.52] ••• Pro-Team (lait88) fires Shotgun
[00:20:23.68] ••• Pro-Team (lait88) ends turn; time used: 25.00 sec turn, 3.00 sec retreat
[00:20:27.70] ••• Cunnilinux (ILYXA`) starts turn
[00:20:55.14] ••• Cunnilinux (ILYXA`) fires Grenade (3 sec, min bounce)
[00:20:58.54] ••• Cunnilinux (ILYXA`) ends turn; time used: 27.06 sec turn, 3.00 sec retreat
[00:21:06.42] ••• Damage dealt: 38 (1 kill) to Pro-Team (lait88)
[00:21:06.42] ••• Pro-Team (lait88) starts turn
[00:21:27.48] ••• Pro-Team (lait88) fires Shotgun
[00:21:48.14] ••• Pro-Team (lait88) fires Shotgun
[00:21:52.30] ••• Pro-Team (lait88) ends turn; time used: 27.94 sec turn, 3.00 sec retreat
[00:21:57.52] ••• Damage dealt: 3 (1 kill) to Cunnilinux (ILYXA`)
[00:21:57.52] ••• Cunnilinux (ILYXA`) starts turn
[00:22:31.70] ••• Cunnilinux (ILYXA`) fires Girder
[00:22:34.78] ••• Cunnilinux (ILYXA`) ends turn; time used: 29.18 sec turn, 3.00 sec retreat
[00:22:36.80] ••• Pro-Team (lait88) starts turn
[00:22:48.26] ••• Pro-Team (lait88) fires Grenade (3 sec, min bounce)
[00:22:51.84] ••• Pro-Team (lait88) ends turn; time used: 6.84 sec turn, 3.00 sec retreat
[00:22:55.30] ••• Damage dealt: 3 to Cunnilinux (ILYXA`)
[00:22:55.30] ••• Cunnilinux (ILYXA`) starts turn
[00:23:20.22] ••• Cunnilinux (ILYXA`) fires Girder
[00:23:23.30] ••• Cunnilinux (ILYXA`) ends turn; time used: 23.10 sec turn, 3.00 sec retreat
[00:23:25.32] ••• Pro-Team (lait88) starts turn
[00:23:30.36] ••• Pro-Team (lait88) fires Grenade (3 sec, min bounce)
[00:23:33.84] ••• Pro-Team (lait88) ends turn; time used: 2.16 sec turn, 3.00 sec retreat
[00:23:37.26] ••• Damage dealt: 7 to Cunnilinux (ILYXA`)
[00:23:37.26] ••• Cunnilinux (ILYXA`) starts turn
[00:23:45.62] ••• Cunnilinux (ILYXA`) fires Shotgun
[00:24:21.76] ••• Cunnilinux (ILYXA`) fires Shotgun
[00:24:25.92] ••• Cunnilinux (ILYXA`) ends turn; time used: 41.56 sec turn, 3.00 sec retreat
[00:24:29.94] ••• Pro-Team (lait88) starts turn
[00:24:40.96] ••• Pro-Team (lait88) fires Napalm Strike
[00:24:44.44] ••• Pro-Team (lait88) ends turn; time used: 6.82 sec turn, 3.00 sec retreat
[00:24:56.28] ••• Sudden Death
[00:25:06.28] ••• Damage dealt: 42 (1 kill) to Cunnilinux (ILYXA`)
[00:25:06.28] ••• Cunnilinux (ILYXA`) starts turn
[00:25:41.50] ••• Cunnilinux (ILYXA`) fires Teleport
[00:25:41.92] ••• resetting Jet Pack fuel use to 0
[00:25:43.98] ••• Cunnilinux (ILYXA`) ends turn; time used: 34.50 sec turn, 0.02 sec retreat
[00:25:48.00] ••• Pro-Team (lait88) starts turn
[00:26:00.56] ••• Pro-Team (lait88) uses Bungee
[00:26:04.44] [ILYXA`] gg
[00:26:06.64] ••• Pro-Team (lait88) fires Bazooka
[00:26:10.56] [NNNxDario] close round
[00:26:11.24] ••• Pro-Team (lait88) ends turn; time used: 18.24 sec turn, 3.00 sec retreat
[00:26:11.26] [lait88] gg
[00:26:22.98] *** Round Finish acknowledged by lait88
[00:26:24.98] ••• Damage dealt: 1 (1 kill) to Cunnilinux (ILYXA`)
[00:26:25.00] ••• Game Ends - Round Finished
[00:26:25.00] *** Round Finish acknowledged by NNNxDario
[00:26:25.32] *** Round Finish acknowledged by ILYXA`

Team time totals:
Pro-Team (lait88):   Turn: 00:06:14.40, Retreat: 00:01:02.00, Total: 00:07:16.40, Turn count: 20
Cunnilinux (ILYXA`): Turn: 00:10:13.36, Retreat: 00:00:53.02, Total: 00:11:06.38, Turn count: 20

End of round 1

Round time: 0:26:25
Total game time elapsed: 0:26:25

Pro-Team wins the round.

Worm of the round: Yoof (Pro-Team)
Most damage with one shot: 130 - Monetochka (Cunnilinux)
