Game ID: "12314580"
Game Started at 2021-02-09 18:49:16 GMT
Game Engine Version: 3.8.1
File Format Version: 3.7.3.0 - 3.8.1
Exported with Version: 3.8.1 (Steam)

Red:  "NNNxDario"  as "algunos" [Local Player] [Host]
Blue: "Korydex-db" as "Engines"

[00:00:00.00] [NNNxDario] hf
[00:00:00.00] ••• Engines (Korydex-db) starts turn
[00:00:00.38] [Korydex-db] hf
[00:00:21.40] ••• Engines (Korydex-db) fires Select Worm
[00:00:30.12] ••• Engines (Korydex-db) fires Ninja Rope
[00:00:45.56] ••• Engines (Korydex-db) fires Select Worm
[00:00:45.72] [NNNxDario] nice chuteless knock there
[00:00:46.88] [NNNxDario] vn
[00:00:53.10] ••• Engines (Korydex-db) fires Dynamite
[00:00:58.28] ••• Engines (Korydex-db) ends turn; time used: 44.66 sec turn, 5.00 sec retreat
[00:01:00.90] [Korydex-db] t
[00:01:06.42] ••• Damage dealt: 270 (3 kills) to algunos (NNNxDario)
[00:01:06.42] ••• algunos (NNNxDario) starts turn
[00:01:26.16] ••• algunos (NNNxDario) fires Ninja Rope
[00:01:29.86] ••• algunos (NNNxDario) fires Low Gravity
[00:01:31.54] ••• algunos (NNNxDario) fires Longbow
[00:01:55.32] ••• algunos (NNNxDario) fires Longbow
[00:01:58.40] ••• algunos (NNNxDario) ends turn; time used: 38.18 sec turn, 3.00 sec retreat
[00:02:03.44] ••• Damage dealt: 105 (1 kill) to Engines (Korydex-db)
[00:02:03.44] ••• Engines (Korydex-db) starts turn
[00:02:46.16] ••• Engines (Korydex-db) fires Select Worm
[00:02:50.52] ••• Engines (Korydex-db) fires Teleport
[00:02:53.00] ••• Engines (Korydex-db) ends turn; time used: 42.02 sec turn, 0.02 sec retreat
[00:02:53.60] ••• algunos (NNNxDario) starts turn
[00:03:16.78] ••• algunos (NNNxDario) fires Select Worm
[00:03:22.30] ••• algunos (NNNxDario) fires Select Worm
[00:03:30.80] ••• algunos (NNNxDario) fires Dynamite
[00:03:35.98] ••• algunos (NNNxDario) ends turn; time used: 35.24 sec turn, 5.00 sec retreat
[00:03:42.88] ••• Damage dealt: 90 (1 kill) to Engines (Korydex-db)
[00:03:42.88] ••• Engines (Korydex-db) starts turn
[00:04:07.64] ••• Engines (Korydex-db) fires Low Gravity
[00:04:10.62] ••• Engines (Korydex-db) fires Baseball Bat
[00:04:14.20] ••• Engines (Korydex-db) ends turn; time used: 26.74 sec turn, 3.00 sec retreat
[00:04:16.02] [NNNxDario] wops
[00:04:20.80] ••• Damage dealt: 90 (1 kill) to algunos (NNNxDario)
[00:04:20.80] ••• algunos (NNNxDario) starts turn
[00:04:36.50] ••• algunos (NNNxDario) fires Select Worm
[00:05:05.32] ••• algunos (NNNxDario) fires Jet Pack
[00:05:06.94] ••• algunos (NNNxDario) fires Grenade (5 sec, min bounce)
[00:05:11.94] ••• algunos (NNNxDario) used 30 (2) units of Jet Pack fuel
[00:05:11.96] ••• algunos (NNNxDario) ends turn; time used: 40.66 sec turn, 5.00 sec retreat
[00:05:15.54] [NNNxDario] the hide xD
[00:05:19.72] ••• Damage dealt: 90 (1 kill) to Engines (Korydex-db)
[00:05:19.72] ••• Engines (Korydex-db) starts turn
[00:05:49.22] ••• Engines (Korydex-db) fires Ninja Rope
[00:05:50.08] ••• Engines (Korydex-db) fires Ninja Rope
[00:05:58.46] ••• Engines (Korydex-db) fires Mine
[00:06:03.48] ••• Engines (Korydex-db) ends turn; time used: 33.16 sec turn, 5.00 sec retreat
[00:06:13.72] ••• Damage dealt: 90 (1 kill) to algunos (NNNxDario)
[00:06:13.72] ••• algunos (NNNxDario) starts turn
[00:06:22.86] ••• algunos (NNNxDario) fires Ninja Rope
[00:06:34.22] ••• algunos (NNNxDario) fires Shotgun
[00:06:44.26] ••• algunos (NNNxDario) fires Shotgun
[00:06:48.42] ••• algunos (NNNxDario) ends turn; time used: 18.80 sec turn, 3.00 sec retreat
[00:06:54.90] [Korydex-db] n
[00:06:54.96] ••• Damage dealt: 83 to Engines (Korydex-db)
[00:06:54.96] ••• Engines (Korydex-db) starts turn
[00:07:05.70] [NNNxDario] ty
[00:07:09.28] [NNNxDario] im still fucked tho
[00:07:17.24] ••• Engines (Korydex-db) fires Uzi
[00:07:21.44] ••• Engines (Korydex-db) ends turn; time used: 17.28 sec turn, 3.00 sec retreat
[00:07:25.86] ••• Damage dealt: 50 to algunos (NNNxDario)
[00:07:25.86] ••• algunos (NNNxDario) starts turn
[00:07:31.24] [Korydex-db] uzi still does 50
[00:07:32.28] [Korydex-db] bug? xD
[00:07:37.28] [NNNxDario] hah
[00:07:51.74] ••• algunos (NNNxDario) fires Longbow
[00:07:56.70] ••• algunos (NNNxDario) fires Longbow
[00:07:59.78] ••• algunos (NNNxDario) ends turn; time used: 24.24 sec turn, 3.00 sec retreat
[00:08:04.20] ••• Damage dealt: 30 to Engines (Korydex-db)
[00:08:04.20] ••• Engines (Korydex-db) starts turn
[00:08:04.22] [NNNxDario] no bow block for me
[00:08:19.48] ••• Engines (Korydex-db) fires Grenade (3 sec, min bounce)
[00:08:23.34] ••• Engines (Korydex-db) ends turn; time used: 11.96 sec turn, 3.00 sec retreat
[00:08:29.16] ••• Damage dealt: 40 to algunos (NNNxDario)
[00:08:29.16] ••• algunos (NNNxDario) starts turn
[00:08:44.30] ••• algunos (NNNxDario) fires Holy Hand-Grenade
[00:08:50.24] ••• algunos (NNNxDario) ends turn; time used: 14.88 sec turn, 3.00 sec retreat
[00:09:05.44] ••• Damage dealt: 75 (1 kill) to Engines (Korydex-db)
[00:09:05.44] ••• Engines (Korydex-db) starts turn
[00:09:44.80] ••• Engines (Korydex-db) fires Girder
[00:09:47.88] ••• Engines (Korydex-db) ends turn; time used: 34.36 sec turn, 3.00 sec retreat
[00:09:49.90] ••• algunos (NNNxDario) starts turn
[00:10:02.36] ••• algunos (NNNxDario) fires Teleport
[00:10:02.78] ••• resetting Jet Pack fuel use to 0
[00:10:04.84] ••• algunos (NNNxDario) ends turn; time used: 11.54 sec turn, 0.02 sec retreat
[00:10:06.86] ••• Engines (Korydex-db) starts turn
[00:10:15.56] ••• Engines (Korydex-db) fires Ninja Rope
[00:10:16.16] ••• Engines (Korydex-db) fires Ninja Rope
[00:10:16.68] ••• Engines (Korydex-db) fires Ninja Rope
[00:10:26.22] ••• Engines (Korydex-db) fires Sheep
[00:10:31.24] ••• Engines (Korydex-db) ends turn; time used: 13.42 sec turn, 5.00 sec retreat
[00:10:34.32] [NNNxDario] plop
[00:10:38.80] ••• Damage dealt: 90 (1 kill) to algunos (NNNxDario), 90 (1 kill) to Engines (Korydex-db)
[00:10:38.80] ••• algunos (NNNxDario) starts turn
[00:10:51.22] ••• algunos (NNNxDario) fires Sheep
[00:10:54.24] ••• algunos (NNNxDario) ends turn; time used: 7.42 sec turn, 3.00 sec retreat
[00:11:04.46] ••• Damage dealt: 60 (1 kill) to Engines (Korydex-db)
[00:11:04.46] ••• Engines (Korydex-db) starts turn
[00:11:34.58] ••• Engines (Korydex-db) fires Mine
[00:11:39.76] ••• Engines (Korydex-db) ends turn; time used: 25.70 sec turn, 5.00 sec retreat
[00:11:42.18] ••• algunos (NNNxDario) starts turn
[00:11:53.90] ••• algunos (NNNxDario) fires Ninja Rope
[00:12:04.28] ••• algunos (NNNxDario) fires Shotgun
[00:12:29.88] ••• algunos (NNNxDario) fires Shotgun
[00:12:30.78] ••• algunos (NNNxDario) loses turn due to loss of control; time used: 37.40 sec turn, 0.00 sec retreat
[00:12:41.58] ••• Damage dealt: 14 to algunos (NNNxDario), 32 (1 kill) to Engines (Korydex-db)
[00:12:41.58] ••• Engines (Korydex-db) starts turn
[00:12:49.70] ••• Engines (Korydex-db) fires Girder
[00:12:52.78] ••• Engines (Korydex-db) ends turn; time used: 3.12 sec turn, 3.00 sec retreat
[00:12:54.80] ••• algunos (NNNxDario) starts turn
[00:13:40.50] ••• algunos (NNNxDario) fires Girder
[00:13:43.58] ••• algunos (NNNxDario) ends turn; time used: 40.70 sec turn, 3.00 sec retreat
[00:13:45.60] ••• Engines (Korydex-db) starts turn
[00:14:21.72] ••• Engines (Korydex-db) fires Shotgun
[00:14:31.84] ••• Engines (Korydex-db) fires Shotgun
[00:14:36.00] ••• Engines (Korydex-db) ends turn; time used: 37.96 sec turn, 3.00 sec retreat
[00:14:45.36] ••• Damage dealt: 36 (1 kill) to algunos (NNNxDario)
[00:14:45.36] ••• algunos (NNNxDario) starts turn
[00:15:32.72] ••• algunos (NNNxDario) fires Mine
[00:15:37.90] ••• algunos (NNNxDario) ends turn; time used: 42.36 sec turn, 5.00 sec retreat
[00:15:41.92] ••• Engines (Korydex-db) starts turn
[00:16:02.18] ••• Engines (Korydex-db) uses Bungee
[00:16:27.16] ••• Engines (Korydex-db) fires Girder
[00:16:30.24] ••• Engines (Korydex-db) ends turn; time used: 40.24 sec turn, 3.00 sec retreat
[00:16:32.26] ••• algunos (NNNxDario) starts turn
[00:16:42.82] ••• algunos (NNNxDario) fires Shotgun
[00:17:09.96] ••• algunos (NNNxDario) fires Shotgun
[00:17:14.12] ••• algunos (NNNxDario) ends turn; time used: 30.76 sec turn, 3.00 sec retreat
[00:17:18.14] ••• Engines (Korydex-db) starts turn
[00:17:40.18] ••• Engines (Korydex-db) fires Ninja Rope
[00:18:08.42] ••• Engines (Korydex-db) ends turn; time used: 45.00 sec turn, 0.00 sec retreat
[00:18:08.44] [Korydex-db] ;s
[00:18:09.60] ••• algunos (NNNxDario) starts turn
[00:18:58.02] ••• algunos (NNNxDario) fires Air Strike
[00:19:01.50] ••• algunos (NNNxDario) ends turn; time used: 43.42 sec turn, 3.00 sec retreat
[00:19:05.12] ••• Damage dealt: 20 to Engines (Korydex-db)
[00:19:05.12] ••• Engines (Korydex-db) starts turn
[00:19:43.60] ••• Engines (Korydex-db) fires Ninja Rope
[00:19:45.88] ••• Engines (Korydex-db) fires Mad Cow (herd of 2)
[00:19:46.14] ••• Engines (Korydex-db) loses turn due to loss of control; time used: 35.62 sec turn, 0.00 sec retreat
[00:19:46.16] [Korydex-db] lmfao
[00:19:54.60] [NNNxDario] treason!
[00:19:57.46] *** Round Finish acknowledged by Korydex-db
[00:20:00.54] ••• Damage dealt: 45 (1 kill) to Engines (Korydex-db)
[00:20:00.56] ••• Game Ends - Round Finished
[00:20:00.56] *** Round Finish acknowledged by NNNxDario

Team time totals:
algunos (NNNxDario):  Turn: 00:06:25.60, Retreat: 00:00:39.02, Total: 00:07:04.62, Turn count: 13
Engines (Korydex-db): Turn: 00:06:51.24, Retreat: 00:00:41.02, Total: 00:07:32.26, Turn count: 14

End of round 2

Round time: 0:20:00
Total game time elapsed: Unknown

algunos wins the round.

Worm of the round: Fire (Engines)
Most kills with one shot: 3 - Fire (Engines)
Most damage with one shot: 250 - Fire (Engines)
