Game ID: "12322867"
Game Started at 2021-02-12 19:23:10 GMT
Game Engine Version: 3.8
File Format Version: 3.7.3.0 - 3.8.1
Exported with Version: 3.8.1 (Steam)

Red:  "Veals" as "Veals" [Local Player] [Host]
Blue: "Alpha" as "Commando"

[00:00:00.00] ••• Veals (Veals) starts turn
[00:00:11.32] ••• Veals (Veals) fires Select Worm
[00:00:26.00] ••• Veals (Veals) fires Select Worm
[00:00:41.18] ••• Veals (Veals) fires Shotgun
[00:00:47.58] ••• Veals (Veals) fires Shotgun
[00:00:48.50] ••• Veals (Veals) loses turn due to loss of control; time used: 36.86 sec turn, 0.00 sec retreat
[00:00:58.18] ••• Damage dealt: 2 to Veals (Veals), 72 to Commando (Alpha)
[00:00:58.18] ••• Commando (Alpha) starts turn
[00:01:05.62] ••• Commando (Alpha) fires Select Worm
[00:01:14.88] ••• Commando (Alpha) fires Ninja Rope
[00:01:38.40] ••• Commando (Alpha) fires Longbow
[00:01:47.44] ••• Commando (Alpha) fires Longbow
[00:01:50.52] ••• Commando (Alpha) ends turn; time used: 37.40 sec turn, 3.00 sec retreat
[00:01:54.88] ••• Damage dealt: 180 (2 kills) to Veals (Veals)
[00:01:54.88] ••• Veals (Veals) starts turn
[00:02:24.28] ••• Veals (Veals) fires Sheep
[00:02:27.46] ••• Veals (Veals) ends turn; time used: 24.40 sec turn, 3.00 sec retreat
[00:02:36.44] ••• Damage dealt: 67 to Commando (Alpha)
[00:02:36.44] ••• Commando (Alpha) starts turn
[00:03:16.70] ••• Commando (Alpha) fires Battle Axe
[00:03:21.60] ••• Commando (Alpha) ends turn; time used: 35.26 sec turn, 3.00 sec retreat
[00:03:24.58] ••• Damage dealt: 44 to Veals (Veals)
[00:03:24.58] ••• Veals (Veals) starts turn
[00:03:37.42] ••• Veals (Veals) fires Ninja Rope
[00:04:04.12] ••• Veals (Veals) fires Shotgun
[00:04:14.40] ••• Veals (Veals) fires Shotgun
[00:04:18.56] ••• Veals (Veals) ends turn; time used: 41.82 sec turn, 3.00 sec retreat
[00:04:22.98] ••• Damage dealt: 34 to Commando (Alpha)
[00:04:22.98] ••• Commando (Alpha) starts turn
[00:04:40.42] ••• Commando (Alpha) fires Select Worm
[00:05:07.52] ••• Commando (Alpha) fires Mine
[00:05:12.70] ••• Commando (Alpha) ends turn; time used: 41.10 sec turn, 5.00 sec retreat
[00:05:22.50] ••• Damage dealt: 90 (1 kill) to Veals (Veals)
[00:05:22.50] ••• Veals (Veals) starts turn
[00:05:26.28] ••• Veals (Veals) fires Teleport
[00:05:28.76] ••• Veals (Veals) ends turn; time used: 2.20 sec turn, 0.02 sec retreat
[00:05:29.30] ••• Commando (Alpha) starts turn
[00:05:38.18] ••• Commando (Alpha) fires Ninja Rope
[00:05:56.34] ••• Commando (Alpha) fires Ninja Rope
[00:06:10.06] ••• Commando (Alpha) fires Mad Cow (herd of 2)
[00:06:15.62] ••• Commando (Alpha) ends turn; time used: 35.62 sec turn, 3.00 sec retreat
[00:06:27.32] ••• Damage dealt: 106 (1 kill) to Veals (Veals), 32 to Commando (Alpha)
[00:06:27.32] ••• Veals (Veals) starts turn
[00:06:47.76] ••• Veals (Veals) fires Low Gravity
[00:07:01.86] ••• Veals (Veals) fires Shotgun
[00:07:17.76] ••• Veals (Veals) fires Shotgun
[00:07:21.92] ••• Veals (Veals) ends turn; time used: 43.28 sec turn, 3.00 sec retreat
[00:07:33.28] ••• Damage dealt: 2 to Veals (Veals), 18 (1 kill) to Commando (Alpha)
[00:07:33.28] ••• Commando (Alpha) starts turn
[00:07:54.36] ••• Commando (Alpha) fires Low Gravity
[00:08:07.90] ••• Commando (Alpha) uses Parachute
[00:08:19.16] ••• Commando (Alpha) fires Bazooka
[00:08:23.76] ••• Commando (Alpha) ends turn; time used: 42.54 sec turn, 3.00 sec retreat
[00:08:26.92] ••• Damage dealt: 31 to Veals (Veals)
[00:08:26.92] ••• Veals (Veals) starts turn
[00:08:36.72] ••• Veals (Veals) uses Bungee
[00:08:48.42] ••• Veals (Veals) fires Longbow
[00:09:00.74] ••• Veals (Veals) fires Longbow
[00:09:03.82] ••• Veals (Veals) ends turn; time used: 24.40 sec turn, 3.00 sec retreat
[00:09:08.36] ••• Damage dealt: 90 (1 kill) to Commando (Alpha)
[00:09:08.36] ••• Commando (Alpha) starts turn
[00:09:32.90] ••• Commando (Alpha) fires Bazooka
[00:09:37.50] ••• Commando (Alpha) ends turn; time used: 21.80 sec turn, 3.00 sec retreat
[00:09:45.22] ••• Damage dealt: 26 (1 kill) to Veals (Veals)
[00:09:45.22] ••• Veals (Veals) starts turn
[00:09:51.74] ••• Veals (Veals) fires Dynamite
[00:09:56.92] ••• Veals (Veals) ends turn; time used: 3.88 sec turn, 5.00 sec retreat
[00:10:07.72] ••• Damage dealt: 56 (1 kill) to Commando (Alpha)
[00:10:07.72] ••• Commando (Alpha) starts turn
[00:10:25.60] ••• Commando (Alpha) uses Bungee
[00:10:30.96] ••• Commando (Alpha) uses Bungee
[00:10:38.68] ••• Commando (Alpha) fires Dynamite
[00:10:43.72] ••• Commando (Alpha) loses turn due to loss of control; time used: 28.58 sec turn, 4.86 sec retreat
[00:10:56.14] ••• Damage dealt: 59 (1 kill) to Veals (Veals), 42 to Commando (Alpha)
[00:10:56.14] ••• Veals (Veals) starts turn
[00:10:59.10] ••• Veals (Veals) fires Select Worm
[00:11:08.28] ••• Veals (Veals) fires Teleport
[00:11:10.76] ••• Veals (Veals) ends turn; time used: 9.44 sec turn, 0.02 sec retreat
[00:11:12.78] ••• Commando (Alpha) starts turn
[00:11:35.72] ••• Commando (Alpha) fires Skunk
[00:11:38.90] ••• Commando (Alpha) ends turn; time used: 18.86 sec turn, 3.00 sec retreat
[00:11:44.26] ••• Damage dealt: 5 to Veals (Veals)
[00:11:44.26] ••• Veals (Veals) starts turn
[00:11:58.42] ••• Veals (Veals) fires Shotgun
[00:12:01.10] ••• Veals (Veals) fires Shotgun
[00:12:05.26] ••• Veals (Veals) ends turn; time used: 9.74 sec turn, 3.00 sec retreat
[00:12:11.36] ••• Damage dealt: 25 to Commando (Alpha)
[00:12:11.36] ••• Commando (Alpha) starts turn
[00:12:31.48] ••• Commando (Alpha) fires Girder
[00:12:34.56] ••• Commando (Alpha) ends turn; time used: 15.28 sec turn, 3.00 sec retreat
[00:12:38.66] ••• Veals (Veals) starts turn
[00:13:13.72] ••• Veals (Veals) fires Bazooka
[00:13:17.90] ••• Veals (Veals) ends turn; time used: 34.46 sec turn, 3.00 sec retreat
[00:13:28.94] ••• Damage dealt: 23 (1 kill) to Commando (Alpha)
[00:13:28.94] ••• Commando (Alpha) starts turn
[00:13:53.04] ••• Commando (Alpha) fires Bazooka
[00:13:57.64] ••• Commando (Alpha) ends turn; time used: 22.80 sec turn, 3.00 sec retreat
[00:13:58.84] [Veals] nice)
[00:14:03.72] ••• Damage dealt: 90 (1 kill) to Veals (Veals)
[00:14:03.72] ••• Veals (Veals) starts turn
[00:14:05.82] ••• Veals (Veals) fires Mad Cow (herd of 2)
[00:14:06.28] ••• Veals (Veals) loses turn due to loss of control; time used: 0.74 sec turn, 0.00 sec retreat
[00:14:08.78] [Alpha] yes ty
[00:14:10.04] [Veals] ops
[00:14:12.52] [Veals] gg
[00:14:12.80] [Alpha] gg
[00:14:12.86] ••• Damage dealt: 55 to Veals (Veals)
[00:14:12.86] ••• Commando (Alpha) starts turn
[00:14:15.86] ••• Commando (Alpha) fires Select Worm
[00:14:17.70] ••• Commando (Alpha) fires Jet Pack
[00:14:32.48] [Alpha] how to copy the match ?
[00:14:37.94] [Alpha] what is the link?
[00:14:40.74] [Veals] i say you
[00:14:45.50] [Veals] aftr this round
[00:14:47.12] ••• Commando (Alpha) fires Grenade (3 sec, min bounce)
[00:14:50.12] ••• Commando (Alpha) used 30 (15) units of Jet Pack fuel
[00:14:50.12] ••• Commando (Alpha) loses turn due to loss of control; time used: 30.88 sec turn, 2.98 sec retreat
[00:14:52.22] [Alpha] ok
[00:14:52.92] [Veals] https://sites.google.com/view/90-normal-mini-league/home
[00:15:05.72] *** Round Finish acknowledged by Alpha
[00:15:07.72] ••• Damage dealt: 5 (1 kill) to Veals (Veals), 34 to Commando (Alpha)
[00:15:07.74] ••• Game Ends - Round Finished
[00:15:07.74] *** Round Finish acknowledged by Veals

Team time totals:
Veals (Veals):    Turn: 00:03:51.22, Retreat: 00:00:23.04, Total: 00:04:14.26, Turn count: 11
Commando (Alpha): Turn: 00:05:30.12, Retreat: 00:00:36.84, Total: 00:06:06.96, Turn count: 11

Total Jet Pack fuel used: 30

End of round 3

Round time: 0:15:07
Total game time elapsed: Unknown

Commando wins the match!

Worm of the round: 8 (Commando)

Most damage with one shot: 138 - 5 (Commando)
