Game ID: "12329881"
Game Started at 2021-02-14 14:07:09 GMT
Game Engine Version: 3.8
File Format Version: 3.7.3.0 - 3.8.1
Exported with Version: 3.8.1 (Steam)

Red:  "NNNxDario"    as "algunos" [Local Player] [Host]
Blue: "MIGHTY`taner" as "asn"

[00:00:00.00] ••• algunos (NNNxDario) starts turn
[00:00:13.28] ••• algunos (NNNxDario) fires Select Worm
[00:00:17.36] ••• algunos (NNNxDario) uses Bungee
[00:00:27.82] ••• algunos (NNNxDario) fires Ninja Rope
[00:00:35.18] [NNNxDario] nobin around
[00:00:44.92] ••• algunos (NNNxDario) fires Shotgun
[00:00:52.72] ••• algunos (NNNxDario) fires Shotgun
[00:00:56.88] ••• algunos (NNNxDario) ends turn; time used: 42.40 sec turn, 3.00 sec retreat
[00:01:01.30] ••• Damage dealt: 47 to asn (MIGHTY`taner)
[00:01:01.30] ••• asn (MIGHTY`taner) starts turn
[00:01:10.10] ••• asn (MIGHTY`taner) fires Select Worm
[00:01:18.50] ••• asn (MIGHTY`taner) fires Ninja Rope
[00:01:27.78] ••• asn (MIGHTY`taner) uses Parachute
[00:01:36.92] ••• asn (MIGHTY`taner) fires Ninja Rope
[00:01:47.44] ••• asn (MIGHTY`taner) fires Dynamite
[00:01:52.46] ••• asn (MIGHTY`taner) ends turn; time used: 44.44 sec turn, 5.00 sec retreat
[00:02:05.24] ••• Damage dealt: 174 to algunos (NNNxDario), 46 (1 kill) to asn (MIGHTY`taner)
[00:02:05.24] ••• algunos (NNNxDario) starts turn
[00:02:09.82] ••• algunos (NNNxDario) fires Select Worm
[00:02:19.52] ••• algunos (NNNxDario) fires Ninja Rope
[00:02:20.36] ••• algunos (NNNxDario) fires Ninja Rope
[00:02:32.00] ••• algunos (NNNxDario) fires Baseball Bat
[00:02:35.16] ••• algunos (NNNxDario) ends turn; time used: 24.30 sec turn, 3.00 sec retreat
[00:02:40.30] ••• Damage dealt: 90 (1 kill) to asn (MIGHTY`taner)
[00:02:40.30] ••• asn (MIGHTY`taner) starts turn
[00:03:10.42] ••• asn (MIGHTY`taner) fires Ninja Rope
[00:03:18.12] ••• asn (MIGHTY`taner) fires Mad Cow (herd of 2)
[00:03:24.12] ••• asn (MIGHTY`taner) ends turn; time used: 32.66 sec turn, 5.00 sec retreat
[00:03:34.72] ••• Damage dealt: 132 (1 kill) to algunos (NNNxDario)
[00:03:34.72] ••• algunos (NNNxDario) starts turn
[00:04:01.36] ••• algunos (NNNxDario) fires Ninja Rope
[00:04:01.94] ••• algunos (NNNxDario) fires Ninja Rope
[00:04:02.84] ••• algunos (NNNxDario) fires Ninja Rope
[00:04:22.90] ••• algunos (NNNxDario) fires Dynamite
[00:04:28.08] ••• algunos (NNNxDario) ends turn; time used: 43.24 sec turn, 5.00 sec retreat
[00:04:36.42] ••• Damage dealt: 90 (1 kill) to asn (MIGHTY`taner)
[00:04:36.42] ••• asn (MIGHTY`taner) starts turn
[00:04:44.30] ••• asn (MIGHTY`taner) fires Ninja Rope
[00:05:01.94] ••• asn (MIGHTY`taner) fires Longbow
[00:05:12.18] ••• asn (MIGHTY`taner) fires Longbow
[00:05:15.26] ••• asn (MIGHTY`taner) ends turn; time used: 30.10 sec turn, 3.00 sec retreat
[00:05:25.48] ••• Damage dealt: 53 (1 kill) to algunos (NNNxDario)
[00:05:25.48] ••• algunos (NNNxDario) starts turn
[00:05:53.38] ••• algunos (NNNxDario) fires Mine
[00:05:58.56] ••• algunos (NNNxDario) ends turn; time used: 22.90 sec turn, 5.00 sec retreat
[00:06:08.66] ••• Damage dealt: 53 to asn (MIGHTY`taner)
[00:06:08.66] ••• asn (MIGHTY`taner) starts turn
[00:06:12.60] ••• asn (MIGHTY`taner) fires Low Gravity
[00:06:26.70] ••• asn (MIGHTY`taner) fires Parachute
[00:06:35.60] ••• asn (MIGHTY`taner) fires Longbow
[00:06:56.44] ••• asn (MIGHTY`taner) fires Longbow
[00:06:59.52] ••• asn (MIGHTY`taner) ends turn; time used: 37.98 sec turn, 3.00 sec retreat
[00:07:07.38] ••• Damage dealt: 35 (1 kill) to algunos (NNNxDario)
[00:07:07.38] ••• algunos (NNNxDario) starts turn
[00:07:36.26] ••• algunos (NNNxDario) fires Jet Pack
[00:07:44.20] ••• algunos (NNNxDario) fires Sheep
[00:07:47.44] ••• algunos (NNNxDario) used 30 (26) units of Jet Pack fuel
[00:07:49.22] ••• algunos (NNNxDario) ends turn; time used: 31.40 sec turn, 5.00 sec retreat
[00:07:55.14] ••• Damage dealt: 58 to asn (MIGHTY`taner)
[00:07:55.14] ••• asn (MIGHTY`taner) starts turn
[00:08:16.46] ••• asn (MIGHTY`taner) fires Select Worm
[00:08:21.52] ••• asn (MIGHTY`taner) fires Jet Pack
[00:08:40.88] ••• asn (MIGHTY`taner) fires Mine
[00:08:44.90] ••• asn (MIGHTY`taner) used 30 (12) units of Jet Pack fuel
[00:08:45.90] ••• asn (MIGHTY`taner) ends turn; time used: 40.26 sec turn, 5.00 sec retreat
[00:08:58.72] ••• Damage dealt: 26 (1 kill) to algunos (NNNxDario)
[00:08:58.72] ••• algunos (NNNxDario) starts turn
[00:09:10.70] [MIGHTY`taner] cmon mine knock
[00:09:44.96] ••• algunos (NNNxDario) fires Bazooka
[00:09:49.56] ••• algunos (NNNxDario) ends turn; time used: 41.24 sec turn, 3.00 sec retreat
[00:09:51.24] [NNNxDario] nope
[00:09:53.52] ••• Damage dealt: 2 to asn (MIGHTY`taner)
[00:09:53.52] ••• asn (MIGHTY`taner) starts turn
[00:10:13.02] ••• asn (MIGHTY`taner) fires Girder
[00:10:16.10] ••• asn (MIGHTY`taner) ends turn; time used: 14.50 sec turn, 3.00 sec retreat
[00:10:18.12] ••• algunos (NNNxDario) starts turn
[00:10:36.42] ••• algunos (NNNxDario) fires Select Worm
[00:10:55.36] ••• algunos (NNNxDario) fires Shotgun
[00:11:00.96] ••• algunos (NNNxDario) fires Shotgun
[00:11:05.12] ••• algunos (NNNxDario) ends turn; time used: 33.06 sec turn, 3.00 sec retreat
[00:11:15.46] ••• Damage dealt: 30 (1 kill) to asn (MIGHTY`taner)
[00:11:15.46] ••• asn (MIGHTY`taner) starts turn
[00:11:25.70] ••• asn (MIGHTY`taner) fires Select Worm
[00:11:34.36] ••• asn (MIGHTY`taner) fires Shotgun
[00:11:40.72] ••• asn (MIGHTY`taner) fires Shotgun
[00:11:44.88] ••• asn (MIGHTY`taner) ends turn; time used: 15.00 sec turn, 3.00 sec retreat
[00:11:54.06] ••• Damage dealt: 50 (1 kill) to algunos (NNNxDario)
[00:11:54.06] ••• algunos (NNNxDario) starts turn
[00:12:07.32] ••• algunos (NNNxDario) fires Air Strike
[00:12:10.80] ••• algunos (NNNxDario) ends turn; time used: 8.26 sec turn, 3.00 sec retreat
[00:12:13.94] ••• Damage dealt: 59 to asn (MIGHTY`taner)
[00:12:13.94] ••• asn (MIGHTY`taner) starts turn
[00:12:39.06] ••• asn (MIGHTY`taner) fires Homing Missile
[00:12:42.84] ••• asn (MIGHTY`taner) ends turn; time used: 20.12 sec turn, 3.00 sec retreat
[00:12:47.40] ••• Damage dealt: 44 to algunos (NNNxDario)
[00:12:47.40] ••• algunos (NNNxDario) starts turn
[00:12:57.94] ••• algunos (NNNxDario) fires Teleport
[00:12:58.36] ••• resetting Jet Pack fuel use to 0
[00:13:00.42] ••• algunos (NNNxDario) ends turn; time used: 5.54 sec turn, 0.02 sec retreat
[00:13:02.44] ••• asn (MIGHTY`taner) starts turn
[00:13:30.74] ••• asn (MIGHTY`taner) fires Girder
[00:13:33.82] ••• asn (MIGHTY`taner) ends turn; time used: 26.90 sec turn, 3.00 sec retreat
[00:13:35.84] ••• algunos (NNNxDario) starts turn
[00:14:21.52] ••• algunos (NNNxDario) fires Girder
[00:14:24.60] ••• algunos (NNNxDario) ends turn; time used: 40.68 sec turn, 3.00 sec retreat
[00:14:26.62] ••• asn (MIGHTY`taner) starts turn
[00:14:51.36] ••• asn (MIGHTY`taner) fires Petrol Bomb
[00:14:56.34] ••• asn (MIGHTY`taner) ends turn; time used: 19.74 sec turn, 3.00 sec retreat
[00:15:00.20] ••• algunos (NNNxDario) starts turn
[00:15:30.50] ••• algunos (NNNxDario) fires Napalm Strike
[00:15:32.40] [MIGHTY`taner] no way
[00:15:33.98] ••• algunos (NNNxDario) ends turn; time used: 25.30 sec turn, 3.00 sec retreat
[00:15:44.82] ••• Damage dealt: 40 to asn (MIGHTY`taner)
[00:15:44.82] ••• asn (MIGHTY`taner) starts turn
[00:15:44.84] [NNNxDario] there u go, the way
[00:16:31.38] ••• asn (MIGHTY`taner) fires Napalm Strike
[00:16:34.86] ••• asn (MIGHTY`taner) ends turn; time used: 44.82 sec turn, 3.00 sec retreat
[00:16:45.82] ••• Damage dealt: 53 to algunos (NNNxDario)
[00:16:45.82] ••• algunos (NNNxDario) starts turn
[00:17:29.06] ••• algunos (NNNxDario) fires Petrol Bomb
[00:17:34.80] ••• algunos (NNNxDario) ends turn; time used: 38.24 sec turn, 3.00 sec retreat
[00:17:43.04] [MIGHTY`taner] you damn nigger
[00:17:47.48] ••• Damage dealt: 34 (1 kill) to asn (MIGHTY`taner)
[00:17:47.48] ••• asn (MIGHTY`taner) starts turn
[00:17:52.58] ••• asn (MIGHTY`taner) fires Air Strike
[00:17:56.06] ••• asn (MIGHTY`taner) ends turn; time used: 4.42 sec turn, 3.00 sec retreat
[00:17:59.42] ••• Damage dealt: 23 to algunos (NNNxDario)
[00:17:59.42] ••• algunos (NNNxDario) starts turn
[00:18:40.44] ••• algunos (NNNxDario) fires Girder
[00:18:43.52] ••• algunos (NNNxDario) ends turn; time used: 36.02 sec turn, 3.00 sec retreat
[00:18:45.54] ••• asn (MIGHTY`taner) starts turn
[00:19:01.90] ••• asn (MIGHTY`taner) fires Grenade (5 sec, min bounce)
[00:19:08.14] ••• asn (MIGHTY`taner) ends turn; time used: 11.36 sec turn, 3.00 sec retreat
[00:19:12.16] ••• algunos (NNNxDario) starts turn
[00:19:23.02] ••• algunos (NNNxDario) fires Girder
[00:19:26.10] ••• algunos (NNNxDario) ends turn; time used: 5.86 sec turn, 3.00 sec retreat
[00:19:28.12] ••• asn (MIGHTY`taner) starts turn
[00:19:54.52] ••• asn (MIGHTY`taner) fires Shotgun
[00:19:56.62] ••• asn (MIGHTY`taner) fires Shotgun
[00:20:00.78] ••• asn (MIGHTY`taner) ends turn; time used: 25.52 sec turn, 3.00 sec retreat
[00:20:04.80] ••• algunos (NNNxDario) starts turn
[00:20:18.06] ••• algunos (NNNxDario) fires Ninja Rope
[00:20:18.92] ••• algunos (NNNxDario) fires Ninja Rope
[00:20:47.28] ••• algunos (NNNxDario) fires Shotgun
[00:20:58.16] ••• algunos (NNNxDario) fires Shotgun
[00:21:02.32] ••• algunos (NNNxDario) ends turn; time used: 42.52 sec turn, 3.00 sec retreat
[00:21:12.02] ••• Damage dealt: 50 (1 kill) to asn (MIGHTY`taner)
[00:21:12.02] ••• asn (MIGHTY`taner) starts turn
[00:21:35.14] ••• asn (MIGHTY`taner) fires Grenade (3 sec, min bounce)
[00:21:39.06] ••• asn (MIGHTY`taner) ends turn; time used: 21.44 sec turn, 3.00 sec retreat
[00:21:40.76] [MIGHTY`taner] jesus
[00:21:42.92] ••• Damage dealt: 13 to algunos (NNNxDario)
[00:21:42.92] ••• algunos (NNNxDario) starts turn
[00:21:43.00] [MIGHTY`taner] seriously
[00:22:03.22] ••• algunos (NNNxDario) fires Bazooka
[00:22:07.82] ••• algunos (NNNxDario) ends turn; time used: 19.42 sec turn, 3.00 sec retreat
[00:22:13.58] ••• Damage dealt: 31 (1 kill) to asn (MIGHTY`taner)
[00:22:13.58] ••• asn (MIGHTY`taner) starts turn
[00:22:37.26] ••• asn (MIGHTY`taner) fires Bazooka
[00:22:41.86] ••• asn (MIGHTY`taner) ends turn; time used: 21.00 sec turn, 3.00 sec retreat
[00:22:44.44] ••• algunos (NNNxDario) starts turn
[00:23:17.56] ••• algunos (NNNxDario) fires Homing Pigeon
[00:23:23.20] ••• algunos (NNNxDario) ends turn; time used: 28.12 sec turn, 3.00 sec retreat
[00:23:27.18] [NNNxDario] lol
[00:23:27.22] ••• asn (MIGHTY`taner) starts turn
[00:23:31.68] ••• asn (MIGHTY`taner) fires Bazooka
[00:23:36.28] ••• asn (MIGHTY`taner) ends turn; time used: 4.00 sec turn, 3.00 sec retreat
[00:23:38.44] [MIGHTY`taner] nice one
[00:23:44.14] ••• Damage dealt: 1 (1 kill) to algunos (NNNxDario)
[00:23:44.14] ••• algunos (NNNxDario) starts turn
[00:23:55.48] ••• algunos (NNNxDario) fires Low Gravity
[00:24:29.64] ••• algunos (NNNxDario) fires Shotgun
[00:24:37.94] ••• algunos (NNNxDario) fires Shotgun
[00:24:42.10] ••• algunos (NNNxDario) ends turn; time used: 43.12 sec turn, 3.00 sec retreat
[00:24:46.52] ••• Sudden Death
[00:24:56.52] ••• Damage dealt: 50 to asn (MIGHTY`taner)
[00:24:56.52] ••• asn (MIGHTY`taner) starts turn
[00:25:08.78] ••• asn (MIGHTY`taner) fires Shotgun
[00:25:48.72] ••• asn (MIGHTY`taner) fires Shotgun
[00:25:52.88] ••• asn (MIGHTY`taner) ends turn; time used: 38.30 sec turn, 3.00 sec retreat
[00:26:01.44] ••• Damage dealt: 1 (1 kill) to algunos (NNNxDario)
[00:26:01.44] ••• algunos (NNNxDario) starts turn
[00:26:21.90] ••• algunos (NNNxDario) uses Parachute
[00:26:26.80] ••• algunos (NNNxDario) fires Ninja Rope
[00:26:44.54] ••• algunos (NNNxDario) fires Homing Pigeon
[00:26:47.62] ••• algunos (NNNxDario) ends turn; time used: 42.30 sec turn, 3.00 sec retreat
[00:26:47.68] [NNNxDario] gg
[00:26:49.64] [MIGHTY`taner] gg
[00:26:53.44] [MIGHTY`taner] well done
[00:26:56.58] [NNNxDario] u2
[00:26:59.96] ••• Damage dealt: 1 (1 kill) to asn (MIGHTY`taner)
[00:26:59.98] ••• Game Ends - Round Finished
[00:26:59.98] *** Round Finish acknowledged by NNNxDario
[00:27:02.48] *** Round Finish acknowledged by MIGHTY`taner

Team time totals:
algunos (NNNxDario): Turn: 00:09:33.92, Retreat: 00:01:00.02, Total: 00:10:33.94, Turn count: 19
asn (MIGHTY`taner):  Turn: 00:07:32.56, Retreat: 00:01:00.00, Total: 00:08:32.56, Turn count: 18

End of round 4

Round time: 0:26:59
Total game time elapsed: Unknown

algunos wins the match!

Worm of the round: a? (asn)

Most damage with one shot: 180 - a? (asn)
