Game ID: "12311008"
Game Started at 2021-02-08 12:30:24 GMT
Game Engine Version: 3.8
File Format Version: 3.7.3.0 - 3.8.1
Exported with Version: 3.8.1 (Steam)

Red:  "NNNxDario"    as "algunos" [Local Player] [Host]
Blue: "MIGHTY`taner" as "asn"

[00:00:00.00] ••• algunos (NNNxDario) starts turn
[00:00:04.00] [MIGHTY`taner] open map and u start
[00:00:04.72] [MIGHTY`taner] nice
[00:00:22.34] ••• algunos (NNNxDario) fires Ninja Rope
[00:00:31.08] ••• algunos (NNNxDario) fires Dynamite
[00:00:36.26] ••• algunos (NNNxDario) ends turn; time used: 26.08 sec turn, 5.00 sec retreat
[00:00:41.42] [NNNxDario] new event, new rules
[00:00:48.82] [NNNxDario] one guy starts twice, but in caves
[00:00:54.38] [NNNxDario] one guy starts once, but in an island
[00:00:55.04] ••• Damage dealt: 180 (2 kills) to asn (MIGHTY`taner)
[00:00:55.04] ••• asn (MIGHTY`taner) starts turn
[00:01:09.90] ••• asn (MIGHTY`taner) fires Select Worm
[00:01:16.86] ••• asn (MIGHTY`taner) fires Ninja Rope
[00:01:34.58] ••• asn (MIGHTY`taner) fires Dynamite
[00:01:39.46] ••• asn (MIGHTY`taner) loses turn due to loss of control; time used: 35.88 sec turn, 4.70 sec retreat
[00:01:44.78] ••• Damage dealt: 113 to algunos (NNNxDario), 3 to asn (MIGHTY`taner)
[00:01:44.78] ••• algunos (NNNxDario) starts turn
[00:01:54.30] ••• algunos (NNNxDario) fires Ninja Rope
[00:02:07.32] ••• algunos (NNNxDario) fires Longbow
[00:02:16.28] ••• algunos (NNNxDario) fires Longbow
[00:02:19.36] ••• algunos (NNNxDario) ends turn; time used: 24.52 sec turn, 3.00 sec retreat
[00:02:24.58] ••• Damage dealt: 90 (1 kill) to asn (MIGHTY`taner)
[00:02:24.58] ••• asn (MIGHTY`taner) starts turn
[00:02:36.14] ••• asn (MIGHTY`taner) fires Ninja Rope
[00:02:55.12] ••• asn (MIGHTY`taner) fires Low Gravity
[00:02:58.08] ••• asn (MIGHTY`taner) fires Grenade (5 sec, min bounce)
[00:03:03.22] ••• asn (MIGHTY`taner) loses turn due to loss of control; time used: 28.34 sec turn, 3.00 sec retreat
[00:03:09.94] ••• Damage dealt: 29 to algunos (NNNxDario), 32 to asn (MIGHTY`taner)
[00:03:09.94] ••• algunos (NNNxDario) starts turn
[00:03:16.84] ••• algunos (NNNxDario) fires Shotgun
[00:03:26.90] ••• algunos (NNNxDario) fires Shotgun
[00:03:31.06] ••• algunos (NNNxDario) ends turn; time used: 14.46 sec turn, 3.00 sec retreat
[00:03:36.68] ••• Damage dealt: 58 (1 kill) to asn (MIGHTY`taner)
[00:03:36.68] ••• asn (MIGHTY`taner) starts turn
[00:04:00.44] ••• asn (MIGHTY`taner) fires Ninja Rope
[00:04:19.02] ••• asn (MIGHTY`taner) fires Shotgun
[00:04:30.42] ••• asn (MIGHTY`taner) fires Shotgun
[00:04:34.58] ••• asn (MIGHTY`taner) ends turn; time used: 41.56 sec turn, 3.00 sec retreat
[00:04:38.44] ••• Damage dealt: 19 (1 kill) to algunos (NNNxDario)
[00:04:38.44] ••• algunos (NNNxDario) starts turn
[00:05:02.62] ••• algunos (NNNxDario) fires Ninja Rope
[00:05:20.58] ••• algunos (NNNxDario) fires Blow Torch
[00:05:28.56] ••• algunos (NNNxDario) ends turn; time used: 41.14 sec turn, 3.00 sec retreat
[00:05:31.72] ••• Damage dealt: 59 to asn (MIGHTY`taner)
[00:05:31.72] ••• asn (MIGHTY`taner) starts turn
[00:05:45.98] ••• asn (MIGHTY`taner) fires Ninja Rope
[00:05:59.70] ••• asn (MIGHTY`taner) fires Mad Cow (herd of 2)
[00:06:01.34] ••• asn (MIGHTY`taner) loses turn due to loss of control; time used: 23.02 sec turn, 0.64 sec retreat
[00:06:02.24] [MIGHTY`taner] nigger
[00:06:07.76] ••• Damage dealt: 86 to algunos (NNNxDario), 20 to asn (MIGHTY`taner)
[00:06:07.76] ••• algunos (NNNxDario) starts turn
[00:06:40.00] ••• algunos (NNNxDario) fires Shotgun
[00:06:56.54] ••• algunos (NNNxDario) fires Shotgun
[00:07:00.70] ••• algunos (NNNxDario) ends turn; time used: 42.54 sec turn, 3.00 sec retreat
[00:07:10.06] ••• Damage dealt: 43 (1 kill) to asn (MIGHTY`taner)
[00:07:10.06] ••• asn (MIGHTY`taner) starts turn
[00:07:25.54] ••• asn (MIGHTY`taner) fires Sheep
[00:07:28.72] ••• asn (MIGHTY`taner) ends turn; time used: 10.48 sec turn, 3.00 sec retreat
[00:07:42.56] ••• Damage dealt: 90 (1 kill) to algunos (NNNxDario)
[00:07:42.56] ••• algunos (NNNxDario) starts turn
[00:07:44.20] ••• algunos (NNNxDario) fires Select Worm
[00:07:46.94] [MIGHTY`taner] is ot okay to say the nigger word in argentina?
[00:07:47.54] ••• algunos (NNNxDario) fires Ninja Rope
[00:08:01.50] [NNNxDario] depends on the contect and the intention
[00:08:09.56] [NNNxDario] it is a popular nickname
[00:08:14.36] ••• algunos (NNNxDario) fires Baseball Bat
[00:08:17.94] ••• algunos (NNNxDario) ends turn; time used: 31.24 sec turn, 3.00 sec retreat
[00:08:22.10] [NNNxDario] my father in law for example is "el negro"
[00:08:22.32] ••• Damage dealt: 90 (1 kill) to asn (MIGHTY`taner)
[00:08:22.32] ••• asn (MIGHTY`taner) starts turn
[00:08:24.18] [MIGHTY`taner] oh so ur racist friendly just like in bulgaria
[00:08:36.86] ••• asn (MIGHTY`taner) fires Shotgun
[00:08:45.04] [NNNxDario] but it's also very used despectively
[00:08:45.42] [MIGHTY`taner] el negro?
[00:08:50.98] [MIGHTY`taner] is he like a drug lord or something?
[00:08:54.24] ••• asn (MIGHTY`taner) fires Shotgun
[00:08:54.90] [NNNxDario] nope
[00:08:58.40] ••• asn (MIGHTY`taner) ends turn; time used: 21.62 sec turn, 3.00 sec retreat
[00:09:02.82] ••• Damage dealt: 50 to algunos (NNNxDario)
[00:09:02.82] ••• algunos (NNNxDario) starts turn
[00:09:05.10] ••• algunos (NNNxDario) fires Select Worm
[00:09:10.54] ••• algunos (NNNxDario) fires Holy Hand-Grenade
[00:09:12.30] ••• algunos (NNNxDario) loses turn due to loss of control; time used: 6.68 sec turn, 1.50 sec retreat
[00:09:25.60] ••• Damage dealt: 1 to algunos (NNNxDario), 87 (1 kill) to asn (MIGHTY`taner)
[00:09:25.60] ••• asn (MIGHTY`taner) starts turn
[00:10:15.58] ••• asn (MIGHTY`taner) ends turn; time used: 45.00 sec turn, 0.00 sec retreat
[00:10:17.60] ••• algunos (NNNxDario) starts turn
[00:10:18.42] ••• algunos (NNNxDario) fires Jet Pack
[00:10:25.80] ••• algunos (NNNxDario) used 21 units of Jet Pack fuel
[00:10:26.50] ••• algunos (NNNxDario) fires Sheep
[00:10:26.62] ••• algunos (NNNxDario) loses turn due to loss of control; time used: 8.18 sec turn, 0.00 sec retreat
[00:10:47.58] ••• Damage dealt: 19 (1 kill) to algunos (NNNxDario), 58 (1 kill) to asn (MIGHTY`taner)
[00:10:47.60] ••• Game Ends - Round Finished
[00:10:47.60] *** Round Finish acknowledged by NNNxDario
[00:10:51.10] *** Round Finish acknowledged by MIGHTY`taner

Team time totals:
algunos (NNNxDario): Turn: 00:03:14.84, Retreat: 00:00:21.50, Total: 00:03:36.34, Turn count: 8
asn (MIGHTY`taner):  Turn: 00:03:25.90, Retreat: 00:00:17.34, Total: 00:03:43.24, Turn count: 7

Total Jet Pack fuel used: 21

End of round 2

Round time: 0:10:47
Total game time elapsed: Unknown

algunos wins the match!

Worm of the round: alguien (algunos)

Most damage with one shot: 180 - alguien (algunos)
