Game ID: "12342872"
Game Started at 2021-02-18 21:22:36 GMT
Game Engine Version: 3.8
File Format Version: 3.7.3.0 - 3.8.1
Exported with Version: 3.8.1 (Steam)

Red:  "Veals" as "Veals" [Local Player] [Host]
Blue: "pieer" as "pieer"

[00:00:00.00] ••• Veals (Veals) starts turn
[00:00:02.38] [Veals] hf
[00:00:09.10] ••• Veals (Veals) uses Bungee
[00:00:15.78] ••• Veals (Veals) fires Select Worm
[00:00:25.62] ••• Veals (Veals) fires Ninja Rope
[00:00:39.58] ••• Veals (Veals) fires Parachute
[00:00:48.90] ••• Veals (Veals) fires Dynamite
[00:00:53.94] ••• Veals (Veals) loses turn due to loss of control; time used: 43.68 sec turn, 4.86 sec retreat
[00:01:01.86] ••• Damage dealt: 90 (1 kill) to Veals (Veals), 180 (2 kills) to pieer (pieer)
[00:01:01.86] ••• pieer (pieer) starts turn
[00:01:06.42] ••• pieer (pieer) fires Select Worm
[00:01:18.88] ••• pieer (pieer) fires Ninja Rope
[00:01:35.72] ••• pieer (pieer) fires Ninja Rope
[00:01:36.60] ••• pieer (pieer) fires Ninja Rope
[00:01:51.00] ••• pieer (pieer) fires Cluster Bomb (3 sec, min bounce)
[00:01:54.36] [Veals] oh
[00:01:54.96] ••• pieer (pieer) loses turn due to loss of control; time used: 43.98 sec turn, 2.88 sec retreat
[00:01:56.58] [Veals] bl
[00:02:08.16] ••• Damage dealt: 63 to Veals (Veals), 88 to pieer (pieer)
[00:02:08.16] ••• Veals (Veals) starts turn
[00:02:11.46] ••• Veals (Veals) fires Select Worm
[00:02:20.72] ••• Veals (Veals) fires Ninja Rope
[00:02:22.32] ••• Veals (Veals) fires Ninja Rope
[00:02:52.38] ••• Veals (Veals) fires Parachute
[00:02:56.54] ••• Veals (Veals) fires Sheep
[00:03:00.14] ••• Veals (Veals) loses turn due to loss of control; time used: 44.66 sec turn, 3.58 sec retreat
[00:03:04.92] ••• Damage dealt: 6 to Veals (Veals), 64 to pieer (pieer)
[00:03:04.92] ••• pieer (pieer) starts turn
[00:03:16.76] ••• pieer (pieer) fires Ninja Rope
[00:03:19.58] ••• pieer (pieer) loses turn due to loss of control; time used: 12.52 sec turn, 0.00 sec retreat
[00:03:24.30] ••• Damage dealt: 4 to pieer (pieer)
[00:03:24.30] ••• Veals (Veals) starts turn
[00:03:36.02] ••• Veals (Veals) fires Grenade (2 sec, min bounce)
[00:03:39.90] ••• Veals (Veals) ends turn; time used: 6.72 sec turn, 3.00 sec retreat
[00:03:50.90] ••• Damage dealt: 53 to Veals (Veals), 63 (1 kill) to pieer (pieer)
[00:03:50.90] ••• pieer (pieer) starts turn
[00:03:50.92] [Veals] use jet pack)
[00:03:57.98] ••• pieer (pieer) fires Jet Pack
[00:04:03.02] ••• pieer (pieer) used 18 units of Jet Pack fuel
[00:04:14.32] ••• pieer (pieer) fires Baseball Bat
[00:04:17.90] ••• pieer (pieer) ends turn; time used: 18.46 sec turn, 3.00 sec retreat
[00:04:22.00] ••• Damage dealt: 102 (1 kill) to Veals (Veals)
[00:04:22.00] ••• Veals (Veals) starts turn
[00:04:22.74] [Veals] need kami there)
[00:04:25.36] [Veals] xd
[00:04:36.52] ••• Veals (Veals) fires Select Worm
[00:04:40.06] [pieer] jef
[00:04:52.14] ••• Veals (Veals) fires Ninja Rope
[00:04:58.90] ••• Veals (Veals) fires Shotgun
[00:05:09.18] ••• Veals (Veals) fires Shotgun
[00:05:13.34] ••• Veals (Veals) ends turn; time used: 37.04 sec turn, 3.00 sec retreat
[00:05:22.70] ••• Damage dealt: 47 (1 kill) to pieer (pieer)
[00:05:22.70] ••• pieer (pieer) starts turn
[00:05:31.98] ••• pieer (pieer) fires Select Worm
[00:05:44.84] ••• pieer (pieer) fires Shotgun
[00:05:53.18] ••• pieer (pieer) fires Shotgun
[00:05:57.34] ••• pieer (pieer) ends turn; time used: 20.00 sec turn, 3.00 sec retreat
[00:06:01.36] ••• Damage dealt: 21 to Veals (Veals)
[00:06:01.36] ••• Veals (Veals) starts turn
[00:06:13.70] ••• Veals (Veals) fires Low Gravity
[00:06:29.24] ••• Veals (Veals) uses Bungee
[00:06:39.64] ••• Veals (Veals) fires Mad Cow (herd of 2)
[00:06:40.78] ••• Veals (Veals) loses turn due to loss of control; time used: 35.02 sec turn, 0.10 sec retreat
[00:06:43.34] [Veals] ops
[00:07:02.06] ••• Damage dealt: 126 (1 kill) to Veals (Veals), 74 (1 kill) to pieer (pieer)
[00:07:02.06] ••• pieer (pieer) starts turn
[00:07:06.30] ••• pieer (pieer) fires Select Worm
[00:07:13.68] ••• pieer (pieer) fires Shotgun
[00:07:26.08] ••• pieer (pieer) fires Shotgun
[00:07:29.68] [Veals] wtf
[00:07:30.24] ••• pieer (pieer) ends turn; time used: 16.72 sec turn, 3.00 sec retreat
[00:07:34.26] ••• Damage dealt: 17 to Veals (Veals)
[00:07:34.26] ••• Veals (Veals) starts turn
[00:07:42.48] ••• Veals (Veals) fires Longbow
[00:07:58.10] ••• Veals (Veals) fires Longbow
[00:08:01.18] ••• Veals (Veals) ends turn; time used: 13.74 sec turn, 3.00 sec retreat
[00:08:13.10] ••• Damage dealt: 5 to Veals (Veals), 86 (1 kill) to pieer (pieer)
[00:08:13.10] ••• pieer (pieer) starts turn
[00:08:28.72] ••• pieer (pieer) fires Air Strike
[00:08:32.20] ••• pieer (pieer) ends turn; time used: 11.86 sec turn, 3.00 sec retreat
[00:08:35.18] ••• Damage dealt: 46 to Veals (Veals)
[00:08:35.18] ••• Veals (Veals) starts turn
[00:08:41.30] ••• Veals (Veals) fires Jet Pack
[00:08:51.40] ••• Veals (Veals) used 28 units of Jet Pack fuel
[00:09:04.00] ••• Veals (Veals) fires Shotgun
[00:09:19.68] ••• Veals (Veals) fires Shotgun
[00:09:23.84] ••• Veals (Veals) ends turn; time used: 29.68 sec turn, 3.00 sec retreat
[00:09:29.46] ••• Damage dealt: 37 (1 kill) to pieer (pieer)
[00:09:29.46] ••• pieer (pieer) starts turn
[00:09:32.48] ••• pieer (pieer) fires Sheep
[00:09:35.66] ••• pieer (pieer) ends turn; time used: 0.42 sec turn, 3.00 sec retreat
[00:09:40.00] ••• Damage dealt: 40 to Veals (Veals)
[00:09:40.00] ••• Veals (Veals) starts turn
[00:09:57.88] ••• Veals (Veals) loses turn due to loss of control; time used: 16.54 sec turn, 0.00 sec retreat
[00:10:02.28] ••• Damage dealt: 1 to Veals (Veals)
[00:10:02.28] ••• pieer (pieer) starts turn
[00:10:06.40] ••• pieer (pieer) fires Ninja Rope
[00:10:24.38] ••• pieer (pieer) fires Shotgun
[00:10:35.92] ••• pieer (pieer) fires Shotgun
[00:10:40.08] ••• pieer (pieer) ends turn; time used: 21.28 sec turn, 3.00 sec retreat
[00:10:49.44] ••• Damage dealt: 10 (2 kills) to Veals (Veals)
[00:10:49.44] ••• Veals (Veals) starts turn
[00:10:58.08] ••• Veals (Veals) fires Shotgun
[00:11:09.06] ••• Veals (Veals) fires Shotgun
[00:11:13.22] ••• Veals (Veals) ends turn; time used: 14.18 sec turn, 3.00 sec retreat
[00:11:17.64] ••• Damage dealt: 25 to Veals (Veals), 19 to pieer (pieer)
[00:11:17.64] ••• pieer (pieer) starts turn
[00:11:36.08] ••• pieer (pieer) fires Ninja Rope
[00:11:49.28] ••• pieer (pieer) fires Shotgun
[00:12:05.16] ••• pieer (pieer) fires Shotgun
[00:12:09.32] ••• pieer (pieer) ends turn; time used: 37.36 sec turn, 3.00 sec retreat
[00:12:14.94] ••• Damage dealt: 48 (1 kill) to Veals (Veals)
[00:12:14.94] ••• Veals (Veals) starts turn
[00:12:25.22] ••• Veals (Veals) fires Ninja Rope
[00:12:53.32] ••• Veals (Veals) fires Bazooka
[00:12:57.28] ••• Veals (Veals) ends turn; time used: 37.00 sec turn, 3.00 sec retreat
[00:13:01.70] ••• Damage dealt: 27 to pieer (pieer)
[00:13:01.70] ••• pieer (pieer) starts turn
[00:13:18.54] ••• pieer (pieer) fires Ninja Rope
[00:13:20.68] ••• pieer (pieer) fires Ninja Rope
[00:13:45.80] ••• pieer (pieer) fires Aqua Sheep
[00:13:53.22] ••• pieer (pieer) ends turn; time used: 38.58 sec turn, 3.00 sec retreat
[00:13:57.20] [Veals] lol
[00:13:58.48] [Veals] nice
[00:14:05.38] ••• Damage dealt: 52 (1 kill) to Veals (Veals)
[00:14:05.38] ••• Veals (Veals) starts turn
[00:14:09.94] ••• Veals (Veals) fires Ninja Rope
[00:14:10.88] ••• Veals (Veals) fires Ninja Rope
[00:14:12.44] ••• Veals (Veals) fires Ninja Rope
[00:14:34.48] ••• Veals (Veals) fires Bazooka
[00:14:38.76] ••• Veals (Veals) ends turn; time used: 27.80 sec turn, 2.70 sec retreat
[00:14:41.58] [pieer] :D
[00:14:46.62] [Veals] gg
[00:14:53.30] ••• Damage dealt: 31 (1 kill) to pieer (pieer)
[00:14:53.32] ••• Game Ends - Round Finished
[00:14:53.32] *** Round Finish acknowledged by Veals
[00:14:55.54] *** Round Finish acknowledged by pieer

Team time totals:
Veals (Veals): Turn: 00:05:06.06, Retreat: 00:00:29.24, Total: 00:05:35.30, Turn count: 11
pieer (pieer): Turn: 00:03:41.18, Retreat: 00:00:26.88, Total: 00:04:08.06, Turn count: 10

Total Jet Pack fuel used: 46

End of round 2

Round time: 0:14:53
Total game time elapsed: Unknown

Veals wins the match!

Worm of the round: uz ti to je 4 (pieer)

Most kills with one shot: 3 - ?ep?? 4 (Veals)
Most damage with one shot: 270 - ?ep?? 4 (Veals)
