Game ID: "12314780"
Game Started at 2021-02-09 20:39:00 GMT
Game Engine Version: 3.8.1
File Format Version: 3.7.3.0 - 3.8.1
Exported with Version: 3.8.1 (Steam)

Red:       "oneVSone" as "Eikjuesvaies"
Blue:      "ILYXA`"   as "Cunnilinux"
Spectator: "NNNxDario" [Local] [Host]

[00:00:00.00] [NNNxDario] hf
[00:00:00.00] ••• Eikjuesvaies (oneVSone) starts turn
[00:00:20.28] ••• Eikjuesvaies (oneVSone) fires Ninja Rope
[00:00:47.14] ••• Eikjuesvaies (oneVSone) fires Dynamite
[00:00:50.52] ••• Eikjuesvaies (oneVSone) loses turn due to loss of control; time used: 42.10 sec turn, 3.20 sec retreat
[00:01:00.24] ••• Damage dealt: 3 to Eikjuesvaies (oneVSone), 127 (1 kill) to Cunnilinux (ILYXA`)
[00:01:00.24] ••• Cunnilinux (ILYXA`) starts turn
[00:01:13.48] ••• Cunnilinux (ILYXA`) fires Shotgun
[00:01:25.80] ••• Cunnilinux (ILYXA`) fires Shotgun
[00:01:29.96] ••• Cunnilinux (ILYXA`) ends turn; time used: 15.38 sec turn, 3.00 sec retreat
[00:01:41.42] ••• Damage dealt: 90 (1 kill) to Eikjuesvaies (oneVSone)
[00:01:41.42] ••• Eikjuesvaies (oneVSone) starts turn
[00:01:46.82] ••• Eikjuesvaies (oneVSone) fires Select Worm
[00:02:00.94] ••• Eikjuesvaies (oneVSone) fires Ninja Rope
[00:02:06.44] ••• Eikjuesvaies (oneVSone) loses turn due to loss of control; time used: 23.64 sec turn, 0.00 sec retreat
[00:02:23.96] ••• Damage dealt: 46 to Eikjuesvaies (oneVSone), 62 (1 kill) to Cunnilinux (ILYXA`)
[00:02:23.96] ••• Cunnilinux (ILYXA`) starts turn
[00:02:32.96] ••• Cunnilinux (ILYXA`) fires Select Worm
[00:02:51.56] ••• Cunnilinux (ILYXA`) fires Select Worm
[00:03:03.64] ••• Cunnilinux (ILYXA`) fires Dynamite
[00:03:08.82] ••• Cunnilinux (ILYXA`) ends turn; time used: 34.56 sec turn, 5.00 sec retreat
[00:03:21.46] ••• Damage dealt: 65 (1 kill) to Eikjuesvaies (oneVSone)
[00:03:21.46] ••• Eikjuesvaies (oneVSone) starts turn
[00:03:45.94] ••• Eikjuesvaies (oneVSone) fires Jet Pack
[00:03:55.48] ••• Eikjuesvaies (oneVSone) used 30 units of Jet Pack fuel
[00:04:09.06] ••• Eikjuesvaies (oneVSone) fires Mad Cow (herd of 2)
[00:04:13.10] ••• Eikjuesvaies (oneVSone) ends turn; time used: 43.28 sec turn, 3.00 sec retreat
[00:04:20.30] ••• Damage dealt: 150 (1 kill) to Cunnilinux (ILYXA`)
[00:04:20.30] ••• Cunnilinux (ILYXA`) starts turn
[00:04:43.26] ••• Cunnilinux (ILYXA`) fires Shotgun
[00:05:00.14] ••• Cunnilinux (ILYXA`) fires Shotgun
[00:05:04.30] ••• Cunnilinux (ILYXA`) ends turn; time used: 31.34 sec turn, 3.00 sec retreat
[00:05:08.72] ••• Damage dealt: 48 to Eikjuesvaies (oneVSone)
[00:05:08.72] ••• Eikjuesvaies (oneVSone) starts turn
[00:05:27.06] ••• Eikjuesvaies (oneVSone) fires Petrol Bomb
[00:05:30.60] ••• Eikjuesvaies (oneVSone) ends turn; time used: 14.48 sec turn, 3.00 sec retreat
[00:05:39.62] ••• Damage dealt: 30 (1 kill) to Cunnilinux (ILYXA`)
[00:05:39.62] ••• Cunnilinux (ILYXA`) starts turn
[00:05:43.74] ••• Cunnilinux (ILYXA`) fires Select Worm
[00:06:07.30] ••• Cunnilinux (ILYXA`) fires Shotgun
[00:06:37.58] ••• Cunnilinux (ILYXA`) fires Shotgun
[00:06:41.74] ••• Cunnilinux (ILYXA`) ends turn; time used: 44.58 sec turn, 3.00 sec retreat
[00:06:46.96] ••• Damage dealt: 90 (1 kill) to Eikjuesvaies (oneVSone)
[00:06:46.96] ••• Eikjuesvaies (oneVSone) starts turn
[00:06:50.68] ••• Eikjuesvaies (oneVSone) fires Ninja Rope
[00:06:52.98] [ILYXA`] shit
[00:06:56.44] ••• Eikjuesvaies (oneVSone) uses Parachute
[00:07:17.94] ••• Eikjuesvaies (oneVSone) fires Shotgun
[00:07:24.86] ••• Eikjuesvaies (oneVSone) fires Shotgun
[00:07:29.02] ••• Eikjuesvaies (oneVSone) ends turn; time used: 28.70 sec turn, 3.00 sec retreat
[00:07:33.44] ••• Damage dealt: 93 to Cunnilinux (ILYXA`)
[00:07:33.44] ••• Cunnilinux (ILYXA`) starts turn
[00:07:38.66] [oneVSone] monkey rope :)
[00:07:46.22] ••• Cunnilinux (ILYXA`) fires Shotgun
[00:07:58.54] ••• Cunnilinux (ILYXA`) fires Shotgun
[00:08:02.70] ••• Cunnilinux (ILYXA`) ends turn; time used: 14.94 sec turn, 3.00 sec retreat
[00:08:08.32] ••• Damage dealt: 43 (1 kill) to Eikjuesvaies (oneVSone)
[00:08:08.32] ••• Eikjuesvaies (oneVSone) starts turn
[00:08:22.60] ••• Eikjuesvaies (oneVSone) fires Sheep
[00:08:40.98] ••• Eikjuesvaies (oneVSone) ends turn; time used: 9.28 sec turn, 3.00 sec retreat
[00:08:50.28] ••• Damage dealt: 19 to Cunnilinux (ILYXA`)
[00:08:50.28] ••• Cunnilinux (ILYXA`) starts turn
[00:09:04.26] ••• Cunnilinux (ILYXA`) fires Ninja Rope
[00:09:30.84] ••• Cunnilinux (ILYXA`) fires Shotgun
[00:09:40.04] ••• Cunnilinux (ILYXA`) fires Shotgun
[00:09:44.20] ••• Cunnilinux (ILYXA`) ends turn; time used: 40.94 sec turn, 3.00 sec retreat
[00:09:49.42] ••• Damage dealt: 90 (1 kill) to Eikjuesvaies (oneVSone)
[00:09:49.42] ••• Eikjuesvaies (oneVSone) starts turn
[00:09:58.84] ••• Eikjuesvaies (oneVSone) fires Ninja Rope
[00:10:16.68] ••• Eikjuesvaies (oneVSone) uses Bungee
[00:10:31.50] ••• Eikjuesvaies (oneVSone) fires Longbow
[00:10:44.28] ••• Eikjuesvaies (oneVSone) fires Longbow
[00:10:47.36] ••• Eikjuesvaies (oneVSone) ends turn; time used: 44.94 sec turn, 3.00 sec retreat
[00:10:52.16] ••• Damage dealt: 124 (2 kills) to Cunnilinux (ILYXA`)
[00:10:52.16] ••• Cunnilinux (ILYXA`) starts turn
[00:11:03.44] ••• Cunnilinux (ILYXA`) fires Ninja Rope
[00:11:31.50] ••• Cunnilinux (ILYXA`) fires Mine
[00:11:36.68] ••• Cunnilinux (ILYXA`) ends turn; time used: 34.10 sec turn, 5.00 sec retreat
[00:11:45.32] ••• Damage dealt: 49 to Eikjuesvaies (oneVSone), 10 to Cunnilinux (ILYXA`)
[00:11:45.32] ••• Eikjuesvaies (oneVSone) starts turn
[00:11:48.04] ••• Eikjuesvaies (oneVSone) fires Shotgun
[00:11:53.64] ••• Eikjuesvaies (oneVSone) fires Shotgun
[00:11:57.80] ••• Eikjuesvaies (oneVSone) ends turn; time used: 1.42 sec turn, 3.00 sec retreat
[00:12:07.16] ••• Damage dealt: 44 (1 kill) to Cunnilinux (ILYXA`)
[00:12:07.16] ••• Cunnilinux (ILYXA`) starts turn
[00:12:21.44] ••• Cunnilinux (ILYXA`) fires Ninja Rope
[00:12:34.04] ••• Cunnilinux (ILYXA`) fires Ninja Rope
[00:12:43.80] ••• Cunnilinux (ILYXA`) fires Mad Cow (herd of 2)
[00:12:47.84] ••• Cunnilinux (ILYXA`) ends turn; time used: 35.30 sec turn, 3.00 sec retreat
[00:12:54.56] ••• Damage dealt: 109 (1 kill) to Eikjuesvaies (oneVSone)
[00:12:54.56] ••• Eikjuesvaies (oneVSone) starts turn
[00:13:05.96] ••• Eikjuesvaies (oneVSone) fires Ninja Rope
[00:13:31.34] ••• Eikjuesvaies (oneVSone) fires Shotgun
[00:13:46.88] ••• Eikjuesvaies (oneVSone) fires Shotgun
[00:13:51.04] ••• Eikjuesvaies (oneVSone) ends turn; time used: 43.44 sec turn, 3.00 sec retreat
[00:13:53.84] ••• Damage dealt: 55 to Cunnilinux (ILYXA`)
[00:13:53.84] ••• Cunnilinux (ILYXA`) starts turn
[00:14:12.36] ••• Cunnilinux (ILYXA`) fires Shotgun
[00:14:18.76] ••• Cunnilinux (ILYXA`) fires Shotgun
[00:14:22.92] ••• Cunnilinux (ILYXA`) ends turn; time used: 15.78 sec turn, 3.00 sec retreat
[00:14:23.40] [ILYXA`] gg
[00:14:26.56] [oneVSone] gg
[00:14:28.54] ••• Damage dealt: 46 (1 kill) to Eikjuesvaies (oneVSone)
[00:14:28.54] ••• Eikjuesvaies (oneVSone) starts turn
[00:14:32.02] ••• Eikjuesvaies (oneVSone) uses Bungee
[00:14:38.62] ••• Eikjuesvaies (oneVSone) fires Low Gravity
[00:14:44.66] ••• Eikjuesvaies (oneVSone) fires Mine
[00:14:49.84] ••• Eikjuesvaies (oneVSone) ends turn; time used: 15.86 sec turn, 5.00 sec retreat
[00:14:57.18] [oneVSone] cya?
[00:15:04.68] [ILYXA`] yes
[00:15:05.48] *** Round Finish acknowledged by oneVSone
[00:15:06.02] [NNNxDario] gg guys
[00:15:07.46] ••• Damage dealt: 3 to Eikjuesvaies (oneVSone), 6 (1 kill) to Cunnilinux (ILYXA`)
[00:15:07.48] ••• Game Ends - Round Finished
[00:15:07.48] *** Round Finish acknowledged by NNNxDario
[00:15:07.82] *** Round Finish acknowledged by ILYXA`

Team time totals:
Eikjuesvaies (oneVSone): Turn: 00:04:27.14, Retreat: 00:00:29.20, Total: 00:04:56.34, Turn count: 10
Cunnilinux (ILYXA`):     Turn: 00:04:26.92, Retreat: 00:00:31.00, Total: 00:04:57.92, Turn count: 9

Total Jet Pack fuel used: 30

End of round 2

Round time: 0:15:07
Total game time elapsed: Unknown

Eikjuesvaies wins the match!

Worm of the round: LittleBig (Cunnilinux)

Most damage with one shot: 150 - G (Eikjuesvaies)
