Game ID: "12337333"
Game Started at 2021-02-16 21:10:01 GMT
Game Engine Version: 3.8
File Format Version: 3.7.3.0 - 3.8.1.1
Exported with Version: 3.8.1.1[TA] (Steam)

Red:  "Veals" as "Veals" [Local Player] [Host]
Blue: "rider" as "nimesulida"

[00:00:00.00] ••• Veals (Veals) starts turn
[00:00:05.20] [rider] hf gl
[00:00:17.70] ••• Veals (Veals) fires Select Worm
[00:00:24.02] ••• Veals (Veals) fires Ninja Rope
[00:00:33.78] ••• Veals (Veals) fires Baseball Bat
[00:00:37.36] ••• Veals (Veals) ends turn; time used: 29.50 sec turn, 3.00 sec retreat
[00:00:42.06] ••• Damage dealt: 180 (2 kills) to nimesulida (rider)
[00:00:42.06] ••• nimesulida (rider) starts turn
[00:00:42.08] [Veals] hf
[00:00:45.16] ••• nimesulida (rider) fires Select Worm
[00:00:48.34] [Veals] very bl place
[00:00:54.44] ••• nimesulida (rider) fires Ninja Rope
[00:00:54.94] ••• nimesulida (rider) fires Ninja Rope
[00:00:55.70] ••• nimesulida (rider) fires Ninja Rope
[00:01:19.64] ••• nimesulida (rider) fires Low Gravity
[00:01:28.44] ••• nimesulida (rider) fires Dynamite
[00:01:29.26] [Veals] fandom worms =_= well, this just cool game
[00:01:33.48] ••• nimesulida (rider) loses turn due to loss of control; time used: 44.74 sec turn, 4.86 sec retreat
[00:01:35.72] [Veals] *random
[00:01:43.92] ••• Damage dealt: 226 (2 kills) to Veals (Veals), 11 to nimesulida (rider)
[00:01:43.92] ••• Veals (Veals) starts turn
[00:01:53.54] [rider] :D
[00:02:10.52] ••• Veals (Veals) fires Select Worm
[00:02:32.76] ••• Veals (Veals) fires Dynamite
[00:02:37.80] ••• Veals (Veals) loses turn due to loss of control; time used: 43.78 sec turn, 4.86 sec retreat
[00:02:44.06] ••• Damage dealt: 12 to Veals (Veals), 71 to nimesulida (rider)
[00:02:44.06] ••• nimesulida (rider) starts turn
[00:02:46.40] ••• nimesulida (rider) fires Select Worm
[00:03:11.14] ••• nimesulida (rider) fires Parachute
[00:03:24.04] ••• nimesulida (rider) fires Baseball Bat
[00:03:27.26] ••• nimesulida (rider) ends turn; time used: 37.68 sec turn, 3.00 sec retreat
[00:03:32.42] ••• Damage dealt: 90 (1 kill) to Veals (Veals)
[00:03:32.42] ••• Veals (Veals) starts turn
[00:03:46.74] ••• Veals (Veals) fires Ninja Rope
[00:04:12.96] ••• Veals (Veals) fires Jet Pack
[00:04:20.80] ••• Veals (Veals) fires Sheep
[00:04:25.40] ••• Veals (Veals) used 30 (16) units of Jet Pack fuel
[00:04:25.82] ••• Veals (Veals) ends turn; time used: 42.86 sec turn, 5.00 sec retreat
[00:04:29.24] [rider] wow nice
[00:04:30.76] ••• Damage dealt: 180 (2 kills) to nimesulida (rider)
[00:04:30.76] ••• nimesulida (rider) starts turn
[00:04:30.78] [Veals] tnx
[00:04:43.02] ••• nimesulida (rider) fires Select Worm
[00:04:56.58] ••• nimesulida (rider) uses Parachute
[00:05:00.18] ••• nimesulida (rider) uses Bungee
[00:05:09.30] [Veals] it's maybe good for you - dont know
[00:05:11.46] ••• nimesulida (rider) fires Shotgun
[00:05:26.96] ••• nimesulida (rider) fires Shotgun
[00:05:31.12] ••• nimesulida (rider) ends turn; time used: 43.96 sec turn, 3.00 sec retreat
[00:05:36.34] ••• Damage dealt: 90 (1 kill) to Veals (Veals)
[00:05:36.34] ••• Veals (Veals) starts turn
[00:06:06.58] ••• Veals (Veals) fires Low Gravity
[00:06:22.96] ••• Veals (Veals) fires Mad Cow (herd of 2)
[00:06:26.96] ••• Veals (Veals) ends turn; time used: 41.56 sec turn, 3.00 sec retreat
[00:06:33.00] ••• Damage dealt: 82 to nimesulida (rider)
[00:06:33.00] ••• nimesulida (rider) starts turn
[00:07:11.04] ••• nimesulida (rider) fires Cluster Bomb (3 sec, min bounce)
[00:07:15.40] ••• nimesulida (rider) loses turn due to loss of control; time used: 36.56 sec turn, 3.00 sec retreat
[00:07:19.00] ••• Damage dealt: 50 to Veals (Veals), 3 to nimesulida (rider)
[00:07:19.00] ••• Veals (Veals) starts turn
[00:07:23.90] ••• Veals (Veals) fires Shotgun
[00:07:36.22] ••• Veals (Veals) fires Shotgun
[00:07:40.38] ••• Veals (Veals) ends turn; time used: 6.80 sec turn, 3.00 sec retreat
[00:07:45.60] ••• Damage dealt: 8 (1 kill) to nimesulida (rider)
[00:07:45.60] ••• nimesulida (rider) starts turn
[00:07:52.78] ••• nimesulida (rider) fires Ninja Rope
[00:08:06.82] ••• nimesulida (rider) fires Shotgun
[00:08:12.20] ••• nimesulida (rider) fires Shotgun
[00:08:16.36] ••• nimesulida (rider) ends turn; time used: 19.36 sec turn, 3.00 sec retreat
[00:08:20.78] ••• Damage dealt: 39 to Veals (Veals)
[00:08:20.78] ••• Veals (Veals) starts turn
[00:08:40.90] ••• Veals (Veals) fires Select Worm
[00:09:03.00] ••• Veals (Veals) fires Shotgun
[00:09:11.44] ••• Veals (Veals) fires Shotgun
[00:09:12.34] ••• Veals (Veals) loses turn due to loss of control; time used: 40.42 sec turn, 0.00 sec retreat
[00:09:22.32] ••• Damage dealt: 1 (1 kill) to Veals (Veals), 75 to nimesulida (rider)
[00:09:22.32] ••• nimesulida (rider) starts turn
[00:09:33.94] ••• nimesulida (rider) fires Air Strike
[00:09:37.42] ••• nimesulida (rider) ends turn; time used: 6.62 sec turn, 3.00 sec retreat
[00:09:40.46] ••• Damage dealt: 51 to Veals (Veals)
[00:09:40.46] ••• Veals (Veals) starts turn
[00:09:59.40] ••• Veals (Veals) fires Ninja Rope
[00:10:15.70] ••• Veals (Veals) loses turn due to loss of control; time used: 30.18 sec turn, 0.00 sec retreat
[00:10:17.56] [Veals] lol
[00:10:20.32] ••• Damage dealt: 1 to Veals (Veals)
[00:10:20.32] ••• nimesulida (rider) starts turn
[00:10:20.34] [rider] lol
[00:10:33.46] ••• nimesulida (rider) fires Shotgun
[00:10:56.00] ••• nimesulida (rider) fires Shotgun
[00:11:00.16] ••• nimesulida (rider) ends turn; time used: 26.08 sec turn, 3.00 sec retreat
[00:11:05.38] ••• Damage dealt: 14 (1 kill) to Veals (Veals)
[00:11:05.38] ••• Veals (Veals) starts turn
[00:11:13.72] ••• Veals (Veals) fires Ninja Rope
[00:11:28.52] ••• Veals (Veals) fires Shotgun
[00:11:43.52] ••• Veals (Veals) fires Shotgun
[00:11:47.68] ••• Veals (Veals) ends turn; time used: 27.84 sec turn, 3.00 sec retreat
[00:11:53.30] ••• Damage dealt: 19 (1 kill) to nimesulida (rider)
[00:11:53.30] ••• nimesulida (rider) starts turn
[00:12:02.06] ••• nimesulida (rider) fires Ninja Rope
[00:12:03.98] ••• nimesulida (rider) fires Ninja Rope
[00:12:16.52] ••• nimesulida (rider) fires Mad Cow (herd of 1)
[00:12:21.54] ••• nimesulida (rider) ends turn; time used: 21.52 sec turn, 5.00 sec retreat
[00:12:29.76] ••• Damage dealt: 56 (1 kill) to Veals (Veals)
[00:12:29.76] ••• Veals (Veals) starts turn
[00:12:38.00] ••• Veals (Veals) fires Shotgun
[00:13:01.58] ••• Veals (Veals) fires Shotgun
[00:13:05.74] ••• Veals (Veals) ends turn; time used: 19.26 sec turn, 3.00 sec retreat
[00:13:10.96] ••• Damage dealt: 1 (1 kill) to nimesulida (rider)
[00:13:10.96] ••• nimesulida (rider) starts turn
[00:13:20.62] ••• nimesulida (rider) fires Ninja Rope
[00:13:48.76] ••• nimesulida (rider) fires Mad Cow (herd of 1)
[00:13:51.78] ••• nimesulida (rider) ends turn; time used: 37.22 sec turn, 3.00 sec retreat
[00:13:56.44] ••• Damage dealt: 70 to Veals (Veals)
[00:13:56.44] ••• Veals (Veals) starts turn
[00:14:15.42] ••• Veals (Veals) fires Ninja Rope
[00:14:39.04] [rider] wow
[00:14:40.40] [rider] GG
[00:14:44.64] ••• Veals (Veals) fires Shotgun
[00:14:49.24] [Veals] gg
[00:14:51.00] ••• Veals (Veals) fires Shotgun
[00:14:53.24] ••• Veals (Veals) ends turn; time used: 42.16 sec turn, 1.10 sec retreat
[00:15:09.20] ••• Damage dealt: 90 (1 kill) to nimesulida (rider)
[00:15:09.22] ••• Game Ends - Round Finished
[00:15:09.22] *** Round Finish acknowledged by Veals
[00:15:11.64] *** Round Finish acknowledged by rider

Team time totals:
Veals (Veals):      Turn: 00:05:24.36, Retreat: 00:00:25.96, Total: 00:05:50.32, Turn count: 10
nimesulida (rider): Turn: 00:04:33.74, Retreat: 00:00:30.86, Total: 00:05:04.60, Turn count: 9

Total Jet Pack fuel used: 30

End of round 1

Round time: 0:15:09
Total game time elapsed: 0:15:09

Veals wins the round.

Worm of the round: Jeggett (nimesulida)
Most damage with one shot: 237 - Starsky (nimesulida)
