Game ID: "12318840"
Game Started at 2021-02-11 10:26:06 GMT
Game Engine Version: 3.8.1
File Format Version: 3.7.3.0 - 3.8.1
Exported with Version: 3.8.1 (Steam)

Red:  "Veals"     as "Veals" [Local Player] [Host]
Blue: "pommerask" as "mr mij pooplings"

[00:00:00.00] ••• mr mij pooplings (pommerask) starts turn
[00:00:00.02] [Veals] hf
[00:00:03.78] [pommerask] hf
[00:00:13.98] ••• mr mij pooplings (pommerask) fires Select Worm
[00:00:22.92] ••• mr mij pooplings (pommerask) fires Ninja Rope
[00:00:48.46] ••• mr mij pooplings (pommerask) fires Sheep
[00:00:49.96] ••• mr mij pooplings (pommerask) loses turn due to loss of control; time used: 43.50 sec turn, 1.48 sec retreat
[00:00:56.24] ••• Damage dealt: 104 to Veals (Veals), 102 to mr mij pooplings (pommerask)
[00:00:56.24] ••• Veals (Veals) starts turn
[00:01:04.24] ••• Veals (Veals) fires Ninja Rope
[00:01:31.36] ••• Veals (Veals) fires Baseball Bat
[00:01:33.78] ••• Veals (Veals) loses turn due to loss of control; time used: 30.04 sec turn, 1.84 sec retreat
[00:01:40.44] ••• Damage dealt: 7 to Veals (Veals), 90 (1 kill) to mr mij pooplings (pommerask)
[00:01:40.44] ••• mr mij pooplings (pommerask) starts turn
[00:01:53.74] ••• mr mij pooplings (pommerask) fires Select Worm
[00:01:58.70] ••• mr mij pooplings (pommerask) fires Ninja Rope
[00:02:11.16] ••• mr mij pooplings (pommerask) fires Low Gravity
[00:02:20.82] ••• mr mij pooplings (pommerask) fires Baseball Bat
[00:02:24.40] ••• mr mij pooplings (pommerask) ends turn; time used: 39.36 sec turn, 3.00 sec retreat
[00:02:31.40] ••• Damage dealt: 90 (1 kill) to Veals (Veals)
[00:02:31.40] ••• Veals (Veals) starts turn
[00:02:33.56] [Veals] dont try kill mass worms)
[00:02:40.26] ••• Veals (Veals) fires Select Worm
[00:02:52.46] ••• Veals (Veals) fires Ninja Rope
[00:03:18.22] ••• Veals (Veals) fires Dynamite
[00:03:23.26] ••• Veals (Veals) loses turn due to loss of control; time used: 41.78 sec turn, 4.86 sec retreat
[00:03:30.08] ••• Damage dealt: 29 to Veals (Veals), 73 to mr mij pooplings (pommerask)
[00:03:30.08] ••• mr mij pooplings (pommerask) starts turn
[00:03:33.84] ••• mr mij pooplings (pommerask) fires Select Worm
[00:04:14.18] ••• mr mij pooplings (pommerask) fires Mad Cow (herd of 2)
[00:04:15.32] ••• mr mij pooplings (pommerask) loses turn due to loss of control; time used: 42.96 sec turn, 0.14 sec retreat
[00:04:36.80] ••• Damage dealt: 92 (2 kills) to Veals (Veals), 45 to mr mij pooplings (pommerask)
[00:04:36.80] ••• Veals (Veals) starts turn
[00:04:42.52] ••• Veals (Veals) fires Select Worm
[00:04:52.56] ••• Veals (Veals) fires Jet Pack
[00:05:03.34] ••• Veals (Veals) fires Sheep
[00:05:06.32] ••• Veals (Veals) used 30 (23) units of Jet Pack fuel
[00:05:08.36] ••• Veals (Veals) ends turn; time used: 24.70 sec turn, 5.00 sec retreat
[00:05:27.82] ••• Damage dealt: 133 (3 kills) to mr mij pooplings (pommerask)
[00:05:27.82] ••• mr mij pooplings (pommerask) starts turn
[00:05:58.02] ••• mr mij pooplings (pommerask) fires Petrol Bomb
[00:06:02.54] ••• mr mij pooplings (pommerask) ends turn; time used: 25.20 sec turn, 3.00 sec retreat
[00:06:05.50] ••• Damage dealt: 14 to Veals (Veals)
[00:06:05.50] ••• Veals (Veals) starts turn
[00:06:37.26] ••• Veals (Veals) fires Bazooka
[00:06:41.86] ••• Veals (Veals) ends turn; time used: 26.76 sec turn, 3.00 sec retreat
[00:06:46.28] ••• Damage dealt: 12 to Veals (Veals), 44 to mr mij pooplings (pommerask)
[00:06:46.28] ••• mr mij pooplings (pommerask) starts turn
[00:07:02.50] ••• mr mij pooplings (pommerask) fires Ninja Rope
[00:07:04.20] ••• mr mij pooplings (pommerask) fires Ninja Rope
[00:07:04.86] ••• mr mij pooplings (pommerask) fires Ninja Rope
[00:07:12.68] ••• mr mij pooplings (pommerask) loses turn due to loss of control; time used: 22.82 sec turn, 0.00 sec retreat
[00:07:13.12] [pommerask] oooops
[00:07:16.18] [Veals] oh
[00:07:17.54] ••• Damage dealt: 5 to mr mij pooplings (pommerask)
[00:07:17.54] ••• Veals (Veals) starts turn
[00:07:22.86] ••• Veals (Veals) fires Shotgun
[00:07:24.90] [pommerask] dilly darn
[00:07:33.48] [pommerask] u big winner
[00:07:37.82] ••• Veals (Veals) fires Shotgun
[00:07:41.98] ••• Veals (Veals) ends turn; time used: 15.54 sec turn, 3.00 sec retreat
[00:07:46.44] [Veals] lol
[00:07:49.44] [Veals] maybe not
[00:07:49.86] [pommerask] so u post in group mr veals
[00:07:51.34] ••• Damage dealt: 23 (1 kill) to mr mij pooplings (pommerask)
[00:07:51.34] ••• mr mij pooplings (pommerask) starts turn
[00:07:51.76] [Veals] ok)
[00:07:56.06] ••• mr mij pooplings (pommerask) fires Jet Pack
[00:08:00.80] ••• mr mij pooplings (pommerask) fires Dynamite
[00:08:05.80] ••• mr mij pooplings (pommerask) used 30 (18) units of Jet Pack fuel
[00:08:05.82] ••• mr mij pooplings (pommerask) ends turn; time used: 4.76 sec turn, 5.00 sec retreat
[00:08:16.30] ••• Damage dealt: 53 (1 kill) to Veals (Veals)
[00:08:16.30] ••• Veals (Veals) starts turn
[00:08:23.30] [Veals] petrol
[00:08:28.12] [Veals] plop
[00:08:34.86] ••• Veals (Veals) fires Select Worm
[00:08:51.22] ••• Veals (Veals) fires Ninja Rope
[00:09:03.72] ••• Veals (Veals) fires Battle Axe
[00:09:08.62] ••• Veals (Veals) ends turn; time used: 43.96 sec turn, 3.00 sec retreat
[00:09:13.04] ••• Damage dealt: 42 to mr mij pooplings (pommerask)
[00:09:13.04] ••• mr mij pooplings (pommerask) starts turn
[00:09:23.30] [Veals] meh)
[00:09:26.58] ••• mr mij pooplings (pommerask) fires Petrol Bomb
[00:09:26.82] ••• mr mij pooplings (pommerask) loses turn due to loss of control; time used: 8.54 sec turn, 0.00 sec retreat
[00:09:34.30] ••• Damage dealt: 38 to Veals (Veals), 10 to mr mij pooplings (pommerask)
[00:09:34.30] ••• Veals (Veals) starts turn
[00:09:50.76] ••• Veals (Veals) fires Low Gravity
[00:10:16.42] ••• Veals (Veals) fires Shotgun
[00:10:38.22] ••• Veals (Veals) fires Shotgun
[00:10:42.38] ••• Veals (Veals) ends turn; time used: 41.14 sec turn, 3.00 sec retreat
[00:10:48.00] ••• Damage dealt: 22 (1 kill) to Veals (Veals), 58 (1 kill) to mr mij pooplings (pommerask)
[00:10:48.00] ••• mr mij pooplings (pommerask) starts turn
[00:10:57.20] ••• mr mij pooplings (pommerask) fires Ninja Rope
[00:11:21.12] ••• mr mij pooplings (pommerask) fires Girder
[00:11:24.20] ••• mr mij pooplings (pommerask) ends turn; time used: 31.36 sec turn, 3.00 sec retreat
[00:11:26.22] ••• Veals (Veals) starts turn
[00:11:40.10] ••• Veals (Veals) fires Ninja Rope
[00:11:41.68] ••• Veals (Veals) fires Ninja Rope
[00:12:00.64] ••• Veals (Veals) fires Mad Cow (herd of 2)
[00:12:04.68] ••• Veals (Veals) ends turn; time used: 30.26 sec turn, 3.00 sec retreat
[00:12:06.54] [Veals] gg
[00:12:08.58] [Veals] tnx
[00:12:09.52] [pommerask] gg
[00:12:10.46] [pommerask] ty
[00:12:12.72] [pommerask] nice day
[00:12:22.62] ••• Damage dealt: 95 (2 kills) to mr mij pooplings (pommerask)
[00:12:22.64] ••• Game Ends - Round Finished
[00:12:22.64] *** Round Finish acknowledged by Veals
[00:12:24.80] *** Round Finish acknowledged by pommerask

Team time totals:
Veals (Veals):                Turn: 00:04:14.18, Retreat: 00:00:26.70, Total: 00:04:40.88, Turn count: 8
mr mij pooplings (pommerask): Turn: 00:03:38.50, Retreat: 00:00:15.62, Total: 00:03:54.12, Turn count: 8

Total Jet Pack fuel used: 60

End of round 3

Round time: 0:12:22
Total game time elapsed: Unknown

Veals wins the match!

Worm of the round: ?ep?? 7 (Veals)

Most damage with one shot: 206 - mr mij jr jr jr (mr mij pooplings)
