Game ID: "12336919"
Game Started at 2021-02-16 19:55:39 GMT
Game Engine Version: 3.8.1
File Format Version: 3.7.3.0 - 3.8.1
Exported with Version: 3.8.1 (Steam)

Red:  "Veals"          as "Veals" [Host]
Blue: "`Pn`Mega`Adnan" as "Wacky Worms" [Local Player]

[00:00:00.00] ••• Wacky Worms (`Pn`Mega`Adnan) starts turn
[00:00:01.70] [`Pn`Mega`Adnan] Funs
[00:00:14.66] ••• Wacky Worms (`Pn`Mega`Adnan) fires Select Worm
[00:00:15.00] [Veals] funs
[00:00:22.70] ••• Wacky Worms (`Pn`Mega`Adnan) fires Ninja Rope
[00:00:29.76] ••• Wacky Worms (`Pn`Mega`Adnan) fires Ninja Rope
[00:00:37.26] ••• Wacky Worms (`Pn`Mega`Adnan) loses turn due to loss of control; time used: 31.80 sec turn, 0.00 sec retreat
[00:00:39.90] [`Pn`Mega`Adnan] nooo
[00:00:42.72] ••• Damage dealt: 4 to Wacky Worms (`Pn`Mega`Adnan)
[00:00:42.72] ••• Veals (Veals) starts turn
[00:00:42.74] [Veals] ouch
[00:01:02.64] ••• Veals (Veals) fires Select Worm
[00:01:06.40] ••• Veals (Veals) fires Ninja Rope
[00:01:13.26] ••• Veals (Veals) fires Select Worm
[00:01:27.46] ••• Veals (Veals) fires Ninja Rope
[00:01:32.94] ••• Veals (Veals) fires Teleport
[00:01:34.98] ••• Veals (Veals) ends turn; time used: 44.62 sec turn, 0.02 sec retreat
[00:01:35.58] ••• Wacky Worms (`Pn`Mega`Adnan) starts turn
[00:01:47.68] ••• Wacky Worms (`Pn`Mega`Adnan) fires Select Worm
[00:02:05.58] ••• Wacky Worms (`Pn`Mega`Adnan) fires Ninja Rope
[00:02:15.84] ••• Wacky Worms (`Pn`Mega`Adnan) uses Parachute
[00:02:23.22] ••• Wacky Worms (`Pn`Mega`Adnan) fires Shotgun
[00:02:33.56] ••• Wacky Worms (`Pn`Mega`Adnan) fires Shotgun
[00:02:37.72] ••• Wacky Worms (`Pn`Mega`Adnan) ends turn; time used: 43.90 sec turn, 3.00 sec retreat
[00:02:48.92] ••• Damage dealt: 90 (1 kill) to Veals (Veals)
[00:02:48.92] ••• Veals (Veals) starts turn
[00:03:32.60] ••• Veals (Veals) fires Low Gravity
[00:03:37.20] ••• Veals (Veals) fires Homing Missile
[00:03:41.80] ••• Veals (Veals) ends turn; time used: 43.22 sec turn, 3.00 sec retreat
[00:03:43.30] [Veals] bad
[00:03:49.28] [`Pn`Mega`Adnan] ow
[00:03:50.84] ••• Damage dealt: 31 to Wacky Worms (`Pn`Mega`Adnan)
[00:03:50.84] ••• Wacky Worms (`Pn`Mega`Adnan) starts turn
[00:04:08.58] ••• Wacky Worms (`Pn`Mega`Adnan) fires Shotgun
[00:04:29.18] ••• Wacky Worms (`Pn`Mega`Adnan) fires Shotgun
[00:04:30.98] ••• Wacky Worms (`Pn`Mega`Adnan) loses turn due to loss of control; time used: 31.24 sec turn, 0.64 sec retreat
[00:04:35.82] [`Pn`Mega`Adnan] lol
[00:04:39.92] ••• Damage dealt: 37 to Veals (Veals), 13 to Wacky Worms (`Pn`Mega`Adnan)
[00:04:39.92] ••• Veals (Veals) starts turn
[00:05:10.68] ••• Veals (Veals) fires Ninja Rope
[00:05:25.20] ••• Veals (Veals) fires Bazooka
[00:05:25.54] ••• Veals (Veals) loses turn due to loss of control; time used: 40.08 sec turn, 0.00 sec retreat
[00:05:25.72] [Veals] xd
[00:05:29.82] [`Pn`Mega`Adnan] ow
[00:05:32.70] ••• Damage dealt: 90 (1 kill) to Veals (Veals), 90 (1 kill) to Wacky Worms (`Pn`Mega`Adnan)
[00:05:32.70] ••• Wacky Worms (`Pn`Mega`Adnan) starts turn
[00:06:01.06] ••• Wacky Worms (`Pn`Mega`Adnan) fires Shotgun
[00:06:11.24] ••• Wacky Worms (`Pn`Mega`Adnan) loses turn due to loss of control; time used: 27.30 sec turn, 0.00 sec retreat
[00:06:13.50] [`Pn`Mega`Adnan] shit
[00:06:14.20] [`Pn`Mega`Adnan] xD
[00:06:15.92] ••• Damage dealt: 25 to Veals (Veals), 3 to Wacky Worms (`Pn`Mega`Adnan)
[00:06:15.92] ••• Veals (Veals) starts turn
[00:06:15.94] [Veals] bl)
[00:06:20.70] ••• Veals (Veals) fires Select Worm
[00:06:51.62] ••• Veals (Veals) fires Jet Pack
[00:06:58.14] ••• Veals (Veals) used 30 units of Jet Pack fuel
[00:06:58.92] ••• Veals (Veals) loses turn due to loss of control; time used: 38.16 sec turn, 0.00 sec retreat
[00:06:58.94] [Veals] ops
[00:07:02.10] [`Pn`Mega`Adnan] aw
[00:07:03.32] ••• Damage dealt: 2 to Veals (Veals)
[00:07:03.32] ••• Wacky Worms (`Pn`Mega`Adnan) starts turn
[00:07:14.58] ••• Wacky Worms (`Pn`Mega`Adnan) fires Shotgun
[00:07:42.26] ••• Wacky Worms (`Pn`Mega`Adnan) fires Shotgun
[00:07:46.42] ••• Wacky Worms (`Pn`Mega`Adnan) ends turn; time used: 27.48 sec turn, 3.00 sec retreat
[00:07:52.04] ••• Damage dealt: 152 (2 kills) to Veals (Veals)
[00:07:52.04] ••• Veals (Veals) starts turn
[00:07:59.80] ••• Veals (Veals) loses turn due to loss of control; time used: 4.00 sec turn, 0.00 sec retreat
[00:08:03.62] ••• Damage dealt: 21 to Veals (Veals)
[00:08:03.62] ••• Wacky Worms (`Pn`Mega`Adnan) starts turn
[00:08:19.18] ••• Wacky Worms (`Pn`Mega`Adnan) fires Select Worm
[00:08:28.80] ••• Wacky Worms (`Pn`Mega`Adnan) fires Dynamite
[00:08:33.98] ••• Wacky Worms (`Pn`Mega`Adnan) ends turn; time used: 20.12 sec turn, 5.00 sec retreat
[00:08:44.66] ••• Damage dealt: 54 (1 kill) to Veals (Veals)
[00:08:44.66] ••• Veals (Veals) starts turn
[00:08:51.32] ••• Veals (Veals) fires Bazooka
[00:08:55.36] ••• Veals (Veals) ends turn; time used: 5.22 sec turn, 3.00 sec retreat
[00:08:59.78] ••• Damage dealt: 44 to Wacky Worms (`Pn`Mega`Adnan)
[00:08:59.78] ••• Wacky Worms (`Pn`Mega`Adnan) starts turn
[00:09:07.84] ••• Wacky Worms (`Pn`Mega`Adnan) fires Low Gravity
[00:09:34.96] ••• Wacky Worms (`Pn`Mega`Adnan) fires Baseball Bat
[00:09:38.54] ••• Wacky Worms (`Pn`Mega`Adnan) ends turn; time used: 30.80 sec turn, 3.00 sec retreat
[00:09:45.16] ••• Damage dealt: 69 (1 kill) to Veals (Veals)
[00:09:45.16] ••• Veals (Veals) starts turn
[00:10:05.88] ••• Veals (Veals) fires Mine
[00:10:11.06] ••• Veals (Veals) ends turn; time used: 15.72 sec turn, 5.00 sec retreat
[00:10:17.66] ••• Damage dealt: 6 to Veals (Veals), 46 to Wacky Worms (`Pn`Mega`Adnan)
[00:10:17.66] ••• Wacky Worms (`Pn`Mega`Adnan) starts turn
[00:10:31.26] ••• Wacky Worms (`Pn`Mega`Adnan) fires Ninja Rope
[00:10:53.78] ••• Wacky Worms (`Pn`Mega`Adnan) fires Shotgun
[00:11:15.06] ••• Wacky Worms (`Pn`Mega`Adnan) fires Shotgun
[00:11:19.22] ••• Wacky Worms (`Pn`Mega`Adnan) ends turn; time used: 43.80 sec turn, 3.00 sec retreat
[00:11:22.80] ••• Damage dealt: 90 (1 kill) to Veals (Veals)
[00:11:22.80] ••• Veals (Veals) starts turn
[00:11:25.92] ••• Veals (Veals) fires Uzi
[00:11:30.12] ••• Veals (Veals) ends turn; time used: 1.78 sec turn, 3.00 sec retreat
[00:11:38.08] ••• Damage dealt: 40 (1 kill) to Wacky Worms (`Pn`Mega`Adnan)
[00:11:38.08] ••• Wacky Worms (`Pn`Mega`Adnan) starts turn
[00:11:40.56] [Veals] gg?
[00:11:50.84] ••• Wacky Worms (`Pn`Mega`Adnan) fires Ninja Rope
[00:11:51.38] ••• Wacky Worms (`Pn`Mega`Adnan) fires Ninja Rope
[00:11:51.88] ••• Wacky Worms (`Pn`Mega`Adnan) fires Ninja Rope
[00:12:11.36] ••• Wacky Worms (`Pn`Mega`Adnan) fires Flame Thrower
[00:12:18.54] [`Pn`Mega`Adnan] gg
[00:12:18.84] ••• Wacky Worms (`Pn`Mega`Adnan) ends turn; time used: 27.46 sec turn, 3.00 sec retreat
[00:12:19.08] [Veals] yes
[00:12:29.30] ••• Damage dealt: 84 (1 kill) to Veals (Veals)
[00:12:29.32] ••• Game Ends - Round Finished
[00:12:29.32] *** Round Finish acknowledged by `Pn`Mega`Adnan
[00:12:31.66] *** Round Finish acknowledged by Veals

Team time totals:
Veals (Veals):                Turn: 00:03:12.80, Retreat: 00:00:14.02, Total: 00:03:26.82, Turn count: 8
Wacky Worms (`Pn`Mega`Adnan): Turn: 00:04:43.90, Retreat: 00:00:20.64, Total: 00:05:04.54, Turn count: 9

Total Jet Pack fuel used: 30

End of round 3

Round time: 0:12:29
Total game time elapsed: Unknown

Wacky Worms wins the match!

Worm of the round: Trembler (Wacky Worms)

Most damage with one shot: 180 - ?ep?? 8 (Veals)
