Game ID: "12314580"
Game Started at 2021-02-09 18:33:30 GMT
Game Engine Version: 3.8.1
File Format Version: 3.7.3.0 - 3.8.1
Exported with Version: 3.8.1 (Steam)

Red:  "NNNxDario"  as "algunos" [Local Player] [Host]
Blue: "Korydex-db" as "Engines"

[00:00:00.00] [NNNxDario] hf
[00:00:00.00] ••• algunos (NNNxDario) starts turn
[00:00:00.70] [Korydex-db] hf
[00:00:13.36] ••• algunos (NNNxDario) fires Parachute
[00:00:20.96] ••• algunos (NNNxDario) fires Select Worm
[00:00:26.34] ••• algunos (NNNxDario) fires Ninja Rope
[00:00:46.86] ••• algunos (NNNxDario) fires Blow Torch
[00:00:52.42] ••• algunos (NNNxDario) ends turn; time used: 41.80 sec turn, 3.00 sec retreat
[00:00:58.30] ••• Damage dealt: 69 to Engines (Korydex-db)
[00:00:58.30] ••• Engines (Korydex-db) starts turn
[00:01:21.64] ••• Engines (Korydex-db) fires Baseball Bat
[00:01:24.72] ••• Engines (Korydex-db) ends turn; time used: 18.34 sec turn, 3.00 sec retreat
[00:01:33.48] ••• Damage dealt: 90 (1 kill) to algunos (NNNxDario), 4 to Engines (Korydex-db)
[00:01:33.48] ••• algunos (NNNxDario) starts turn
[00:01:54.78] ••• algunos (NNNxDario) fires Mine
[00:01:59.96] ••• algunos (NNNxDario) ends turn; time used: 17.54 sec turn, 5.00 sec retreat
[00:02:10.22] ••• Damage dealt: 90 (1 kill) to Engines (Korydex-db)
[00:02:10.22] ••• Engines (Korydex-db) starts turn
[00:02:19.14] [NNNxDario] nt
[00:02:22.86] ••• Engines (Korydex-db) fires Select Worm
[00:02:54.42] ••• Engines (Korydex-db) fires Dynamite
[00:02:59.46] ••• Engines (Korydex-db) loses turn due to loss of control; time used: 43.06 sec turn, 4.86 sec retreat
[00:02:59.60] [Korydex-db] t
[00:03:07.82] ••• Damage dealt: 104 (1 kill) to algunos (NNNxDario), 22 to Engines (Korydex-db)
[00:03:07.82] ••• algunos (NNNxDario) starts turn
[00:03:41.58] ••• algunos (NNNxDario) fires Select Worm
[00:03:46.38] ••• algunos (NNNxDario) fires Jet Pack
[00:03:52.98] ••• algunos (NNNxDario) fires Grenade (5 sec, min bounce)
[00:03:57.98] ••• algunos (NNNxDario) used 30 (10) units of Jet Pack fuel
[00:03:58.00] ••• algunos (NNNxDario) ends turn; time used: 39.68 sec turn, 5.00 sec retreat
[00:04:03.00] ••• Damage dealt: 45 to Engines (Korydex-db)
[00:04:03.00] ••• Engines (Korydex-db) starts turn
[00:04:05.86] ••• Engines (Korydex-db) fires Ninja Rope
[00:04:16.50] ••• Engines (Korydex-db) uses Parachute
[00:04:51.38] ••• Engines (Korydex-db) fires Grenade (3 sec, min bounce)
[00:04:54.66] ••• Engines (Korydex-db) loses turn due to loss of control; time used: 44.88 sec turn, 2.86 sec retreat
[00:05:00.46] ••• Damage dealt: 75 to algunos (NNNxDario), 7 to Engines (Korydex-db)
[00:05:00.46] ••• algunos (NNNxDario) starts turn
[00:05:15.78] ••• algunos (NNNxDario) fires Mine
[00:05:20.96] ••• algunos (NNNxDario) ends turn; time used: 14.00 sec turn, 5.00 sec retreat
[00:05:31.28] ••• Damage dealt: 47 to Engines (Korydex-db)
[00:05:31.28] ••• Engines (Korydex-db) starts turn
[00:05:31.30] [Korydex-db] g1
[00:05:31.30] [NNNxDario] ty
[00:05:42.82] ••• Engines (Korydex-db) fires Select Worm
[00:06:02.12] ••• Engines (Korydex-db) fires Ninja Rope
[00:06:10.18] ••• Engines (Korydex-db) fires Sheep
[00:06:15.20] ••• Engines (Korydex-db) ends turn; time used: 36.08 sec turn, 5.00 sec retreat
[00:06:23.02] [NNNxDario] well done, I thought I was safe from taht
[00:06:28.40] ••• Damage dealt: 90 (1 kill) to algunos (NNNxDario)
[00:06:28.40] ••• algunos (NNNxDario) starts turn
[00:06:35.46] [Korydex-db] ty
[00:06:43.28] ••• algunos (NNNxDario) fires Ninja Rope
[00:07:06.52] ••• algunos (NNNxDario) fires Sheep
[00:07:09.70] ••• algunos (NNNxDario) ends turn; time used: 34.96 sec turn, 3.00 sec retreat
[00:07:23.70] ••• Damage dealt: 86 (1 kill) to Engines (Korydex-db)
[00:07:23.70] ••• Engines (Korydex-db) starts turn
[00:07:54.36] ••• Engines (Korydex-db) fires Uzi
[00:07:58.56] ••• Engines (Korydex-db) ends turn; time used: 25.66 sec turn, 3.00 sec retreat
[00:07:58.58] [NNNxDario] hehe
[00:08:02.68] [Korydex-db] so bad
[00:08:02.78] [NNNxDario] worth the trie
[00:08:03.32] ••• Damage dealt: 31 to algunos (NNNxDario)
[00:08:03.32] ••• algunos (NNNxDario) starts turn
[00:08:04.74] [NNNxDario] try
[00:08:28.74] ••• algunos (NNNxDario) fires Grenade (3 sec, min bounce)
[00:08:32.46] ••• algunos (NNNxDario) loses turn due to loss of control; time used: 22.14 sec turn, 2.86 sec retreat
[00:08:37.64] ••• Damage dealt: 7 to algunos (NNNxDario), 44 to Engines (Korydex-db)
[00:08:37.64] ••• Engines (Korydex-db) starts turn
[00:08:37.82] [Korydex-db] aw
[00:09:01.50] ••• Engines (Korydex-db) fires Shotgun
[00:09:06.38] ••• Engines (Korydex-db) fires Shotgun
[00:09:10.54] ••• Engines (Korydex-db) ends turn; time used: 18.86 sec turn, 3.00 sec retreat
[00:09:19.90] ••• Damage dealt: 38 (1 kill) to algunos (NNNxDario)
[00:09:19.90] ••• algunos (NNNxDario) starts turn
[00:09:34.50] ••• algunos (NNNxDario) fires Ninja Rope
[00:09:49.70] ••• algunos (NNNxDario) fires Parachute
[00:09:55.06] ••• algunos (NNNxDario) fires Longbow
[00:10:13.32] ••• algunos (NNNxDario) fires Longbow
[00:10:16.40] ••• algunos (NNNxDario) ends turn; time used: 43.84 sec turn, 3.00 sec retreat
[00:10:17.68] [NNNxDario] oh the fail
[00:10:20.30] [Korydex-db] eheh
[00:10:28.10] ••• Damage dealt: 22 (1 kill) to Engines (Korydex-db)
[00:10:28.10] ••• Engines (Korydex-db) starts turn
[00:10:39.06] ••• Engines (Korydex-db) fires Select Worm
[00:11:03.24] ••• Engines (Korydex-db) fires Jet Pack
[00:11:16.04] ••• Engines (Korydex-db) fires Mad Cow (herd of 2)
[00:11:16.48] ••• Engines (Korydex-db) used 30 units of Jet Pack fuel
[00:11:17.58] ••• Engines (Korydex-db) loses turn due to loss of control; time used: 43.24 sec turn, 0.54 sec retreat
[00:11:17.94] [Korydex-db] lul
[00:11:26.56] [NNNxDario] ouch
[00:11:29.30] [NNNxDario] got cowed
[00:11:34.36] ••• Damage dealt: 154 (1 kill) to algunos (NNNxDario), 14 (1 kill) to Engines (Korydex-db)
[00:11:34.36] ••• algunos (NNNxDario) starts turn
[00:11:46.26] ••• algunos (NNNxDario) fires Select Worm
[00:11:52.62] ••• algunos (NNNxDario) fires Ninja Rope
[00:12:12.42] ••• algunos (NNNxDario) fires Low Gravity
[00:12:14.32] ••• algunos (NNNxDario) fires Holy Hand-Grenade
[00:12:19.26] ••• algunos (NNNxDario) loses turn due to loss of control; time used: 34.74 sec turn, 3.00 sec retreat
[00:12:19.96] [Korydex-db] omg
[00:12:22.32] [NNNxDario] le fuck
[00:12:24.96] [Korydex-db] lol
[00:12:40.60] ••• Damage dealt: 46 (1 kill) to algunos (NNNxDario), 171 (1 kill) to Engines (Korydex-db)
[00:12:40.60] ••• Engines (Korydex-db) starts turn
[00:12:54.78] ••• Engines (Korydex-db) fires Bazooka
[00:12:58.94] ••• Engines (Korydex-db) ends turn; time used: 9.18 sec turn, 3.00 sec retreat
[00:13:08.30] ••• Damage dealt: 26 (1 kill) to algunos (NNNxDario)
[00:13:08.30] ••• algunos (NNNxDario) starts turn
[00:13:23.86] ••• algunos (NNNxDario) fires Bazooka
[00:13:28.46] ••• algunos (NNNxDario) ends turn; time used: 15.54 sec turn, 3.00 sec retreat
[00:13:36.98] ••• Damage dealt: 43 (1 kill) to Engines (Korydex-db)
[00:13:36.98] ••• Engines (Korydex-db) starts turn
[00:13:39.62] ••• Engines (Korydex-db) fires Ninja Rope
[00:13:56.18] ••• Engines (Korydex-db) fires Ninja Rope
[00:14:04.02] ••• Engines (Korydex-db) uses Parachute
[00:14:06.54] [NNNxDario] yip yip
[00:14:13.84] ••• Engines (Korydex-db) fires Shotgun
[00:14:21.90] ••• Engines (Korydex-db) fires Shotgun
[00:14:22.80] ••• Engines (Korydex-db) loses turn due to loss of control; time used: 36.04 sec turn, 0.00 sec retreat
[00:14:22.82] [Korydex-db] gg
[00:14:40.38] *** Round Finish acknowledged by Korydex-db
[00:14:42.44] ••• Damage dealt: 59 (1 kill) to algunos (NNNxDario), 3 (1 kill) to Engines (Korydex-db)
[00:14:42.46] ••• Game Ends - Round Finished
[00:14:42.46] *** Round Finish acknowledged by NNNxDario

Team time totals:
algunos (NNNxDario):  Turn: 00:04:24.24, Retreat: 00:00:32.86, Total: 00:04:57.10, Turn count: 9
Engines (Korydex-db): Turn: 00:04:35.34, Retreat: 00:00:25.26, Total: 00:05:00.60, Turn count: 9

Total Jet Pack fuel used: 60

End of round 1

Round time: 0:14:42
Total game time elapsed: 0:14:42

Engines wins the round.

Worm of the round: Ethereal (Engines)
Most damage with one shot: 217 - nadie (algunos)
