Game ID: "12336859"
Game Started at 2021-02-16 19:01:57 GMT
Game Engine Version: 3.8.1
File Format Version: 3.7.3.0 - 3.8.1
Exported with Version: 3.8.1 (Steam)

Red:  "NNNxDario"       as "algunos" [Local Player] [Host]
Blue: "Autistic-Guitar" as "Deutsches Reich"

[00:00:00.00] ••• Deutsches Reich (Autistic-Guitar) starts turn
[00:00:24.76] ••• Deutsches Reich (Autistic-Guitar) fires Baseball Bat
[00:00:28.34] ••• Deutsches Reich (Autistic-Guitar) ends turn; time used: 19.76 sec turn, 3.00 sec retreat
[00:00:31.72] ••• Damage dealt: 33 to algunos (NNNxDario)
[00:00:31.72] ••• algunos (NNNxDario) starts turn
[00:00:39.60] ••• algunos (NNNxDario) fires Ninja Rope
[00:01:03.58] ••• algunos (NNNxDario) fires Dynamite
[00:01:08.76] ••• algunos (NNNxDario) ends turn; time used: 27.84 sec turn, 5.00 sec retreat
[00:01:17.32] ••• Damage dealt: 6 to algunos (NNNxDario), 143 (1 kill) to Deutsches Reich (Autistic-Guitar)
[00:01:17.32] ••• Deutsches Reich (Autistic-Guitar) starts turn
[00:01:30.56] ••• Deutsches Reich (Autistic-Guitar) fires Shotgun
[00:01:36.80] [NNNxDario] hf
[00:01:39.54] ••• Deutsches Reich (Autistic-Guitar) fires Shotgun
[00:01:43.70] ••• Deutsches Reich (Autistic-Guitar) ends turn; time used: 14.44 sec turn, 3.00 sec retreat
[00:01:49.96] ••• Damage dealt: 74 to algunos (NNNxDario)
[00:01:49.96] ••• algunos (NNNxDario) starts turn
[00:01:53.90] ••• algunos (NNNxDario) fires Sheep
[00:01:57.08] ••• algunos (NNNxDario) ends turn; time used: 2.86 sec turn, 3.00 sec retreat
[00:02:09.82] ••• Damage dealt: 150 (2 kills) to Deutsches Reich (Autistic-Guitar)
[00:02:09.82] ••• Deutsches Reich (Autistic-Guitar) starts turn
[00:02:31.02] ••• Deutsches Reich (Autistic-Guitar) fires Bazooka
[00:02:35.40] ••• Deutsches Reich (Autistic-Guitar) ends turn; time used: 19.10 sec turn, 3.00 sec retreat
[00:02:39.82] ••• Damage dealt: 36 to algunos (NNNxDario), 15 to Deutsches Reich (Autistic-Guitar)
[00:02:39.82] ••• algunos (NNNxDario) starts turn
[00:02:47.14] ••• algunos (NNNxDario) fires Select Worm
[00:02:55.64] ••• algunos (NNNxDario) fires Ninja Rope
[00:03:01.14] ••• algunos (NNNxDario) fires Fire Punch
[00:03:05.94] ••• algunos (NNNxDario) ends turn; time used: 19.30 sec turn, 3.00 sec retreat
[00:03:10.22] ••• Damage dealt: 123 to Deutsches Reich (Autistic-Guitar)
[00:03:10.22] ••• Deutsches Reich (Autistic-Guitar) starts turn
[00:03:42.66] ••• Deutsches Reich (Autistic-Guitar) fires Jet Pack
[00:03:51.70] ••• Deutsches Reich (Autistic-Guitar) used 27 units of Jet Pack fuel
[00:03:53.10] ••• Deutsches Reich (Autistic-Guitar) fires Skip Go
[00:03:53.12] ••• Deutsches Reich (Autistic-Guitar) ends turn; time used: 39.64 sec turn, 0.00 sec retreat
[00:03:55.14] ••• algunos (NNNxDario) starts turn
[00:03:57.56] ••• algunos (NNNxDario) fires Blow Torch
[00:04:05.04] ••• algunos (NNNxDario) ends turn; time used: 1.56 sec turn, 3.00 sec retreat
[00:04:20.38] ••• Damage dealt: 34 (2 kills) to Deutsches Reich (Autistic-Guitar)
[00:04:20.38] ••• Deutsches Reich (Autistic-Guitar) starts turn
[00:04:47.76] ••• Deutsches Reich (Autistic-Guitar) fires Handgun
[00:04:53.88] ••• Deutsches Reich (Autistic-Guitar) ends turn; time used: 24.66 sec turn, 3.00 sec retreat
[00:04:57.62] ••• Damage dealt: 22 to algunos (NNNxDario)
[00:04:57.62] ••• algunos (NNNxDario) starts turn
[00:04:59.76] ••• algunos (NNNxDario) fires Ninja Rope
[00:05:09.28] ••• algunos (NNNxDario) loses turn due to loss of control; time used: 11.22 sec turn, 0.00 sec retreat
[00:05:12.76] ••• Deutsches Reich (Autistic-Guitar) starts turn
[00:05:24.38] ••• Deutsches Reich (Autistic-Guitar) fires Shotgun
[00:05:37.78] ••• Deutsches Reich (Autistic-Guitar) fires Shotgun
[00:05:41.94] ••• Deutsches Reich (Autistic-Guitar) ends turn; time used: 14.06 sec turn, 3.00 sec retreat
[00:05:47.16] ••• Damage dealt: 16 (1 kill) to algunos (NNNxDario)
[00:05:47.16] ••• algunos (NNNxDario) starts turn
[00:05:52.80] ••• algunos (NNNxDario) fires Ninja Rope
[00:06:14.78] ••• algunos (NNNxDario) fires Mine
[00:06:19.96] ••• algunos (NNNxDario) ends turn; time used: 27.10 sec turn, 5.00 sec retreat
[00:06:29.66] ••• Damage dealt: 90 (1 kill) to Deutsches Reich (Autistic-Guitar)
[00:06:29.66] ••• Deutsches Reich (Autistic-Guitar) starts turn
[00:06:44.38] ••• Deutsches Reich (Autistic-Guitar) fires Bazooka
[00:06:48.24] ••• Deutsches Reich (Autistic-Guitar) ends turn; time used: 13.02 sec turn, 3.00 sec retreat
[00:06:51.56] ••• Damage dealt: 40 to algunos (NNNxDario)
[00:06:51.56] ••• algunos (NNNxDario) starts turn
[00:06:55.48] ••• algunos (NNNxDario) fires Select Worm
[00:07:02.14] ••• algunos (NNNxDario) fires Low Gravity
[00:07:17.06] ••• algunos (NNNxDario) fires Baseball Bat
[00:07:20.30] ••• algunos (NNNxDario) ends turn; time used: 21.74 sec turn, 3.00 sec retreat
[00:07:27.60] ••• Damage dealt: 75 (1 kill) to Deutsches Reich (Autistic-Guitar)
[00:07:27.60] ••• Deutsches Reich (Autistic-Guitar) starts turn
[00:07:37.56] ••• Deutsches Reich (Autistic-Guitar) fires Air Strike
[00:07:41.04] ••• Deutsches Reich (Autistic-Guitar) ends turn; time used: 7.28 sec turn, 3.00 sec retreat
[00:07:44.42] ••• Damage dealt: 14 to algunos (NNNxDario)
[00:07:44.42] ••• algunos (NNNxDario) starts turn
[00:07:46.72] ••• algunos (NNNxDario) fires Jet Pack
[00:07:59.06] ••• algunos (NNNxDario) used 21 units of Jet Pack fuel
[00:08:00.48] ••• algunos (NNNxDario) fires Holy Hand-Grenade
[00:08:06.04] ••• algunos (NNNxDario) loses turn due to loss of control; time used: 13.68 sec turn, 3.00 sec retreat
[00:08:16.94] [Autistic-Guitar] gg
[00:08:18.90] [NNNxDario] gg
[00:08:20.14] ••• Damage dealt: 68 (1 kill) to algunos (NNNxDario), 90 (1 kill) to Deutsches Reich (Autistic-Guitar)
[00:08:20.16] ••• Game Ends - Round Finished
[00:08:20.16] *** Round Finish acknowledged by NNNxDario
[00:08:22.60] *** Round Finish acknowledged by Autistic-Guitar

Team time totals:
algunos (NNNxDario):               Turn: 00:02:05.30, Retreat: 00:00:25.00, Total: 00:02:30.30, Turn count: 8
Deutsches Reich (Autistic-Guitar): Turn: 00:02:31.96, Retreat: 00:00:21.00, Total: 00:02:52.96, Turn count: 8

Total Jet Pack fuel used: 48

End of round 1

Round time: 0:08:20
Total game time elapsed: 0:08:20

algunos wins the round.

Worm of the round: nadie (algunos)
Most damage with one shot: 158 - cómo (algunos)
