Game ID: "12342687"
Game Started at 2021-02-18 20:31:24 GMT
Game Engine Version: 3.8
File Format Version: 3.7.3.0 - 3.8.1
Exported with Version: 3.8.1 (Steam)

Red:  "NNNxDario"  as "algunos" [Local Player] [Host]
Blue: "JaJoe`ZaR`" as "JaJoe"

[00:00:00.00] ••• algunos (NNNxDario) starts turn
[00:00:01.34] [JaJoe`ZaR`] Have fun!
[00:00:04.40] [NNNxDario] hf sir
[00:00:11.52] ••• algunos (NNNxDario) fires Ninja Rope
[00:00:19.98] ••• algunos (NNNxDario) loses turn due to loss of control; time used: 14.92 sec turn, 0.00 sec retreat
[00:00:22.24] ••• JaJoe (JaJoe`ZaR`) starts turn
[00:00:22.26] [NNNxDario] afff
[00:00:22.82] [JaJoe`ZaR`] Ew
[00:00:39.22] ••• JaJoe (JaJoe`ZaR`) fires Select Worm
[00:01:01.36] ••• JaJoe (JaJoe`ZaR`) uses Parachute
[00:01:07.90] ••• JaJoe (JaJoe`ZaR`) fires Shotgun
[00:01:21.06] ••• JaJoe (JaJoe`ZaR`) fires Shotgun
[00:01:25.22] ••• JaJoe (JaJoe`ZaR`) ends turn; time used: 44.72 sec turn, 3.00 sec retreat
[00:01:26.20] [JaJoe`ZaR`] LOL
[00:01:29.24] ••• Damage dealt: 21 to algunos (NNNxDario), 11 to JaJoe (JaJoe`ZaR`)
[00:01:29.24] ••• algunos (NNNxDario) starts turn
[00:01:30.32] [NNNxDario] so close
[00:01:47.78] ••• algunos (NNNxDario) fires Select Worm
[00:01:52.74] ••• algunos (NNNxDario) fires Low Gravity
[00:02:11.76] ••• algunos (NNNxDario) fires Baseball Bat
[00:02:15.34] ••• algunos (NNNxDario) ends turn; time used: 38.40 sec turn, 3.00 sec retreat
[00:02:21.02] [NNNxDario] wrong side to jump xD
[00:02:22.32] ••• Damage dealt: 18 to algunos (NNNxDario), 90 (1 kill) to JaJoe (JaJoe`ZaR`)
[00:02:22.32] ••• JaJoe (JaJoe`ZaR`) starts turn
[00:02:22.34] [JaJoe`ZaR`] You had no hides!
[00:02:29.42] [NNNxDario] next to worm 7 was good enough
[00:02:39.16] [NNNxDario] but yes, overall pretty bad idea
[00:02:48.26] [NNNxDario] could have just bated 7 instead
[00:03:09.46] [NNNxDario] also cómo is right before cuando, so I can't even split them without using a ws
[00:03:11.08] ••• JaJoe (JaJoe`ZaR`) fires Mad Cow (herd of 2)
[00:03:15.12] ••• JaJoe (JaJoe`ZaR`) ends turn; time used: 43.76 sec turn, 3.00 sec retreat
[00:03:19.48] [JaJoe`ZaR`] Phew
[00:03:25.76] ••• Damage dealt: 136 (1 kill) to algunos (NNNxDario)
[00:03:25.76] ••• algunos (NNNxDario) starts turn
[00:03:35.86] [NNNxDario] my turn should go to the "okay, you got a kill but your turn sucked in every possible way" video
[00:03:44.38] ••• algunos (NNNxDario) fires Ninja Rope
[00:04:03.42] ••• algunos (NNNxDario) fires Mine
[00:04:08.44] ••• algunos (NNNxDario) ends turn; time used: 32.54 sec turn, 5.00 sec retreat
[00:04:08.78] [JaJoe`ZaR`] lol
[00:04:15.32] ••• Damage dealt: 38 to JaJoe (JaJoe`ZaR`)
[00:04:15.32] ••• JaJoe (JaJoe`ZaR`) starts turn
[00:04:48.72] ••• JaJoe (JaJoe`ZaR`) fires Select Worm
[00:04:54.08] ••• JaJoe (JaJoe`ZaR`) fires Ninja Rope
[00:05:00.12] ••• JaJoe (JaJoe`ZaR`) fires Low Gravity
[00:05:02.90] ••• JaJoe (JaJoe`ZaR`) ends turn; time used: 45.00 sec turn, 0.00 sec retreat
[00:05:04.92] ••• algunos (NNNxDario) starts turn
[00:05:05.02] [JaJoe`ZaR`] Derp
[00:05:09.04] [JaJoe`ZaR`] I wanted to use bat
[00:05:24.16] [NNNxDario] hmmm
[00:05:35.98] [JaJoe`ZaR`] I changed because 0 was pilable with 2
[00:05:40.28] [NNNxDario] lets keep it simple
[00:05:43.46] [JaJoe`ZaR`] I was afraid of a Mad cows attack
[00:05:45.56] ••• algunos (NNNxDario) fires Mad Cow (herd of 2)
[00:05:49.60] ••• algunos (NNNxDario) ends turn; time used: 38.98 sec turn, 3.00 sec retreat
[00:06:00.80] ••• Damage dealt: 154 (1 kill) to JaJoe (JaJoe`ZaR`)
[00:06:00.80] ••• JaJoe (JaJoe`ZaR`) starts turn
[00:06:50.52] ••• JaJoe (JaJoe`ZaR`) fires Dynamite
[00:06:54.18] ••• JaJoe (JaJoe`ZaR`) loses turn due to loss of control; time used: 44.72 sec turn, 3.48 sec retreat
[00:06:57.94] [JaJoe`ZaR`] Eh
[00:07:04.46] ••• Damage dealt: 90 (1 kill) to algunos (NNNxDario), 11 to JaJoe (JaJoe`ZaR`)
[00:07:04.46] ••• algunos (NNNxDario) starts turn
[00:07:04.56] [NNNxDario] quite an accurate jump :p
[00:07:06.94] [JaJoe`ZaR`] Not a great hide but at least I did it ll
[00:07:08.24] [JaJoe`ZaR`] lol*
[00:07:17.52] ••• algunos (NNNxDario) fires Select Worm
[00:07:44.46] ••• algunos (NNNxDario) fires Longbow
[00:07:48.74] [NNNxDario] yey!
[00:07:48.94] [JaJoe`ZaR`] I'm very well saving ropes, I still have 4
[00:07:51.06] ••• algunos (NNNxDario) fires Longbow
[00:07:54.14] ••• algunos (NNNxDario) ends turn; time used: 36.02 sec turn, 3.00 sec retreat
[00:08:00.08] [NNNxDario] it had 15 :p
[00:08:03.08] [JaJoe`ZaR`] I'm doing awful at keeping my worms spread apart though lol
[00:08:05.56] ••• Damage dealt: 80 (1 kill) to JaJoe (JaJoe`ZaR`)
[00:08:05.56] ••• JaJoe (JaJoe`ZaR`) starts turn
[00:08:07.76] [JaJoe`ZaR`] Nice move xD
[00:08:08.06] [NNNxDario] or a great job at keeping them to gether
[00:08:14.26] [JaJoe`ZaR`] LOL
[00:08:32.30] ••• JaJoe (JaJoe`ZaR`) fires Select Worm
[00:08:38.48] ••• JaJoe (JaJoe`ZaR`) fires Ninja Rope
[00:08:55.20] ••• JaJoe (JaJoe`ZaR`) fires Shotgun
[00:09:00.30] ••• JaJoe (JaJoe`ZaR`) fires Shotgun
[00:09:04.46] ••• JaJoe (JaJoe`ZaR`) ends turn; time used: 44.58 sec turn, 3.00 sec retreat
[00:09:08.88] ••• Damage dealt: 42 to algunos (NNNxDario)
[00:09:08.88] ••• algunos (NNNxDario) starts turn
[00:09:09.66] [JaJoe`ZaR`] No barrel this time
[00:09:10.22] [JaJoe`ZaR`] XD
[00:09:22.82] ••• algunos (NNNxDario) uses Bungee
[00:09:38.88] [JaJoe`ZaR`] Nice knock
[00:09:42.22] ••• algunos (NNNxDario) fires Pneumatic Drill
[00:09:44.14] ••• algunos (NNNxDario) ends turn; time used: 29.22 sec turn, 0.02 sec retreat
[00:09:47.16] ••• Damage dealt: 15 to JaJoe (JaJoe`ZaR`)
[00:09:47.16] ••• JaJoe (JaJoe`ZaR`) starts turn
[00:09:47.18] [JaJoe`ZaR`] Wow
[00:09:59.10] [JaJoe`ZaR`] That was a creative try XD
[00:10:02.54] [NNNxDario] :)
[00:10:19.34] ••• JaJoe (JaJoe`ZaR`) fires Jet Pack
[00:10:20.68] [NNNxDario] too bad drill push is so random
[00:10:26.38] ••• JaJoe (JaJoe`ZaR`) used 14 units of Jet Pack fuel
[00:10:32.44] ••• JaJoe (JaJoe`ZaR`) fires Longbow
[00:10:35.54] [JaJoe`ZaR`] Woopsie
[00:10:36.56] [NNNxDario] it could be so much more of a nice weapon without that randomness
[00:10:42.16] ••• JaJoe (JaJoe`ZaR`) fires Longbow
[00:10:45.24] ••• JaJoe (JaJoe`ZaR`) ends turn; time used: 44.56 sec turn, 3.00 sec retreat
[00:10:48.74] ••• Damage dealt: 30 to algunos (NNNxDario)
[00:10:48.74] ••• algunos (NNNxDario) starts turn
[00:11:08.02] ••• algunos (NNNxDario) fires Longbow
[00:11:10.68] [NNNxDario] holy
[00:11:13.02] ••• algunos (NNNxDario) fires Longbow
[00:11:13.64] [JaJoe`ZaR`] Ew
[00:11:16.10] ••• algunos (NNNxDario) ends turn; time used: 21.36 sec turn, 3.00 sec retreat
[00:11:19.02] ••• Damage dealt: 18 to JaJoe (JaJoe`ZaR`)
[00:11:19.02] ••• JaJoe (JaJoe`ZaR`) starts turn
[00:11:19.04] [NNNxDario] ah, would have missed the pile anyway
[00:11:49.00] ••• JaJoe (JaJoe`ZaR`) fires Parachute
[00:12:06.58] ••• JaJoe (JaJoe`ZaR`) fires Shotgun
[00:12:13.18] ••• JaJoe (JaJoe`ZaR`) fires Shotgun
[00:12:14.08] ••• JaJoe (JaJoe`ZaR`) loses turn due to loss of control; time used: 44.70 sec turn, 0.00 sec retreat
[00:12:24.14] ••• Damage dealt: 75 to algunos (NNNxDario), 12 (1 kill) to JaJoe (JaJoe`ZaR`)
[00:12:24.14] ••• algunos (NNNxDario) starts turn
[00:12:28.06] ••• algunos (NNNxDario) fires Select Worm
[00:12:36.98] [JaJoe`ZaR`] I wanted to knock it but fell back down LOL
[00:12:40.74] ••• algunos (NNNxDario) fires Dynamite
[00:12:45.92] ••• algunos (NNNxDario) ends turn; time used: 12.84 sec turn, 5.00 sec retreat
[00:13:01.28] ••• Damage dealt: 72 (1 kill) to JaJoe (JaJoe`ZaR`)
[00:13:01.28] ••• JaJoe (JaJoe`ZaR`) starts turn
[00:13:03.62] [JaJoe`ZaR`] Not a great thing for you to have a hole right there
[00:13:14.50] [NNNxDario] nor for you :p
[00:13:21.22] [NNNxDario] let's see who makes the best out of it
[00:13:51.06] ••• JaJoe (JaJoe`ZaR`) fires Petrol Bomb
[00:13:55.00] ••• JaJoe (JaJoe`ZaR`) ends turn; time used: 44.78 sec turn, 3.00 sec retreat
[00:13:57.80] [JaJoe`ZaR`] I will :D
[00:13:57.88] [NNNxDario] lovely shot
[00:14:01.30] [JaJoe`ZaR`] Thank you!
[00:14:02.24] ••• Damage dealt: 69 (1 kill) to algunos (NNNxDario)
[00:14:02.24] ••• algunos (NNNxDario) starts turn
[00:14:05.96] ••• algunos (NNNxDario) fires Sheep
[00:14:08.98] ••• algunos (NNNxDario) ends turn; time used: 3.32 sec turn, 3.00 sec retreat
[00:14:17.04] ••• Damage dealt: 54 (1 kill) to JaJoe (JaJoe`ZaR`)
[00:14:17.04] ••• JaJoe (JaJoe`ZaR`) starts turn
[00:15:06.72] ••• JaJoe (JaJoe`ZaR`) fires Grenade (5 sec, min bounce)
[00:15:08.74] [NNNxDario] a mine on it's belly may have worked
[00:15:11.90] ••• JaJoe (JaJoe`ZaR`) ends turn; time used: 44.68 sec turn, 3.00 sec retreat
[00:15:16.44] ••• Damage dealt: 40 to algunos (NNNxDario)
[00:15:16.44] ••• algunos (NNNxDario) starts turn
[00:15:19.38] [JaJoe`ZaR`] Awful hide
[00:15:36.90] ••• algunos (NNNxDario) fires Ninja Rope
[00:15:41.20] [JaJoe`ZaR`] I should have knocked it and used sheep xD
[00:15:42.58] ••• algunos (NNNxDario) uses Parachute
[00:15:42.64] ••• algunos (NNNxDario) loses turn due to loss of control; time used: 25.08 sec turn, 0.00 sec retreat
[00:15:45.02] [NNNxDario] nopes
[00:15:46.82] [JaJoe`ZaR`] Yay
[00:15:49.42] ••• Damage dealt: 15 (1 kill) to algunos (NNNxDario), 90 (1 kill) to JaJoe (JaJoe`ZaR`)
[00:15:49.42] ••• JaJoe (JaJoe`ZaR`) starts turn
[00:16:01.56] ••• JaJoe (JaJoe`ZaR`) fires Ninja Rope
[00:16:04.86] ••• JaJoe (JaJoe`ZaR`) fires Ninja Rope
[00:16:39.06] [NNNxDario] nice knock
[00:16:39.70] ••• JaJoe (JaJoe`ZaR`) fires Sheep
[00:16:42.88] ••• JaJoe (JaJoe`ZaR`) ends turn; time used: 44.66 sec turn, 3.00 sec retreat
[00:16:45.96] ••• Damage dealt: 64 to algunos (NNNxDario)
[00:16:45.96] ••• algunos (NNNxDario) starts turn
[00:16:46.50] [JaJoe`ZaR`] Thanks xD
[00:16:52.24] [JaJoe`ZaR`] gg
[00:17:03.70] ••• algunos (NNNxDario) fires Ninja Rope
[00:17:19.66] [JaJoe`ZaR`] With a few seconds more I would have plopped nadie with bat xD
[00:17:22.36] ••• algunos (NNNxDario) fires Longbow
[00:17:29.44] [JaJoe`ZaR`] (by knocking it to the right)
[00:17:32.52] ••• algunos (NNNxDario) fires Longbow
[00:17:35.60] ••• algunos (NNNxDario) ends turn; time used: 38.78 sec turn, 3.00 sec retreat
[00:17:36.44] [JaJoe`ZaR`] gg
[00:17:40.32] [NNNxDario] ah I see your plan now
[00:17:41.16] [NNNxDario] gg
[00:17:48.90] ••• Damage dealt: 75 (1 kill) to JaJoe (JaJoe`ZaR`)
[00:17:48.92] ••• Game Ends - Round Finished
[00:17:48.92] *** Round Finish acknowledged by NNNxDario
[00:17:51.28] *** Round Finish acknowledged by JaJoe`ZaR`

Team time totals:
algunos (NNNxDario): Turn: 00:04:51.46, Retreat: 00:00:28.02, Total: 00:05:19.48, Turn count: 11
JaJoe (JaJoe`ZaR`):  Turn: 00:07:26.16, Retreat: 00:00:24.48, Total: 00:07:50.64, Turn count: 10

Total Jet Pack fuel used: 14

End of round 2

Round time: 0:17:48
Total game time elapsed: Unknown

algunos wins the match!

Worm of the round: cuándo (algunos)

Most damage with one shot: 154 - alguien (algunos)
