Game ID: "12312413"
Game Started at 2021-02-08 21:00:57 GMT
Game Engine Version: 3.8.1
File Format Version: 3.7.3.0 - 3.8.1
Exported with Version: 3.8.1 (Steam)

Red:  "NNNxDario" as "algunos" [Local Player] [Host]
Blue: "oneVSone"  as "Eikjuesvaies"

[00:00:00.00] ••• algunos (NNNxDario) starts turn
[00:00:01.70] [NNNxDario] hf
[00:00:08.78] [oneVSone] hf
[00:00:15.84] ••• algunos (NNNxDario) fires Ninja Rope
[00:00:18.86] [oneVSone] 90 hp!?
[00:00:24.62] ••• algunos (NNNxDario) fires Shotgun
[00:00:33.30] [NNNxDario] scheme dtails and rules at https://sites.google.com/view/90-normal-mini-league/home
[00:00:44.26] ••• algunos (NNNxDario) fires Shotgun
[00:00:48.42] ••• algunos (NNNxDario) ends turn; time used: 28.10 sec turn, 3.00 sec retreat
[00:00:53.04] ••• Damage dealt: 135 to Eikjuesvaies (oneVSone)
[00:00:53.04] ••• Eikjuesvaies (oneVSone) starts turn
[00:00:59.96] ••• Eikjuesvaies (oneVSone) fires Select Worm
[00:01:12.82] ••• Eikjuesvaies (oneVSone) fires Baseball Bat
[00:01:16.40] ••• Eikjuesvaies (oneVSone) ends turn; time used: 17.12 sec turn, 3.00 sec retreat
[00:01:21.10] ••• Damage dealt: 90 (1 kill) to algunos (NNNxDario)
[00:01:21.10] ••• algunos (NNNxDario) starts turn
[00:01:23.58] ••• algunos (NNNxDario) fires Select Worm
[00:01:26.70] ••• algunos (NNNxDario) fires Ninja Rope
[00:01:42.74] ••• algunos (NNNxDario) fires Shotgun
[00:02:08.54] [oneVSone] rules?
[00:02:13.60] ••• algunos (NNNxDario) fires Shotgun
[00:02:13.70] [oneVSone] what rulles is here?
[00:02:17.76] ••• algunos (NNNxDario) ends turn; time used: 30.48 sec turn, 3.00 sec retreat
[00:02:23.38] ••• Damage dealt: 119 (2 kills) to Eikjuesvaies (oneVSone)
[00:02:23.38] ••• Eikjuesvaies (oneVSone) starts turn
[00:02:32.38] [NNNxDario] no in-game rules
[00:02:42.90] ••• Eikjuesvaies (oneVSone) fires Shotgun
[00:03:09.76] ••• Eikjuesvaies (oneVSone) fires Shotgun
[00:03:13.92] ••• Eikjuesvaies (oneVSone) ends turn; time used: 31.50 sec turn, 3.00 sec retreat
[00:03:18.34] ••• Damage dealt: 87 to algunos (NNNxDario)
[00:03:18.34] ••• algunos (NNNxDario) starts turn
[00:03:20.70] ••• algunos (NNNxDario) fires Select Worm
[00:03:25.14] ••• algunos (NNNxDario) fires Ninja Rope
[00:03:52.16] ••• algunos (NNNxDario) fires Kamikaze
[00:03:53.56] ••• algunos (NNNxDario) loses turn due to loss of control; time used: 33.16 sec turn, 0.00 sec retreat
[00:04:00.90] ••• Damage dealt: 3 (1 kill) to algunos (NNNxDario), 137 (1 kill) to Eikjuesvaies (oneVSone)
[00:04:00.90] ••• Eikjuesvaies (oneVSone) starts turn
[00:04:19.32] ••• Eikjuesvaies (oneVSone) fires Select Worm
[00:04:30.70] ••• Eikjuesvaies (oneVSone) fires Low Gravity
[00:04:31.68] ••• Eikjuesvaies (oneVSone) fires Jet Pack
[00:04:36.94] ••• Eikjuesvaies (oneVSone) fires Mad Cow (herd of 2)
[00:04:42.92] ••• Eikjuesvaies (oneVSone) used 30 (19) units of Jet Pack fuel
[00:04:42.94] ••• Eikjuesvaies (oneVSone) ends turn; time used: 31.26 sec turn, 5.00 sec retreat
[00:04:48.66] [NNNxDario] nice
[00:04:53.26] ••• Damage dealt: 119 (1 kill) to algunos (NNNxDario)
[00:04:53.26] ••• algunos (NNNxDario) starts turn
[00:04:56.20] [oneVSone] not so
[00:05:00.72] [oneVSone] 1st cow^^
[00:05:03.48] ••• algunos (NNNxDario) fires Fire Punch
[00:05:07.96] ••• algunos (NNNxDario) ends turn; time used: 5.98 sec turn, 3.00 sec retreat
[00:05:11.38] [NNNxDario] well I liked it :)
[00:05:17.32] ••• Damage dealt: 16 (1 kill) to Eikjuesvaies (oneVSone)
[00:05:17.32] ••• Eikjuesvaies (oneVSone) starts turn
[00:05:41.10] ••• Eikjuesvaies (oneVSone) fires Ninja Rope
[00:05:57.28] ••• Eikjuesvaies (oneVSone) fires Dynamite
[00:06:02.46] ••• Eikjuesvaies (oneVSone) ends turn; time used: 39.02 sec turn, 5.00 sec retreat
[00:06:10.66] ••• Damage dealt: 90 (1 kill) to algunos (NNNxDario)
[00:06:10.66] ••• algunos (NNNxDario) starts turn
[00:06:13.72] ••• algunos (NNNxDario) fires Select Worm
[00:06:25.58] ••• algunos (NNNxDario) fires Low Gravity
[00:06:40.76] ••• algunos (NNNxDario) fires Sheep
[00:06:43.78] ••• algunos (NNNxDario) ends turn; time used: 29.96 sec turn, 3.00 sec retreat
[00:06:52.88] ••• Damage dealt: 90 (1 kill) to Eikjuesvaies (oneVSone)
[00:06:52.88] ••• Eikjuesvaies (oneVSone) starts turn
[00:07:04.30] ••• Eikjuesvaies (oneVSone) fires Ninja Rope
[00:07:29.98] ••• Eikjuesvaies (oneVSone) fires Petrol Bomb
[00:07:33.76] ••• Eikjuesvaies (oneVSone) ends turn; time used: 32.08 sec turn, 3.00 sec retreat
[00:07:36.92] ••• Damage dealt: 26 to algunos (NNNxDario)
[00:07:36.92] ••• algunos (NNNxDario) starts turn
[00:07:37.96] ••• algunos (NNNxDario) fires Shotgun
[00:07:46.58] ••• algunos (NNNxDario) fires Shotgun
[00:07:50.74] ••• algunos (NNNxDario) ends turn; time used: 3.28 sec turn, 3.00 sec retreat
[00:08:00.66] ••• Damage dealt: 43 (1 kill) to Eikjuesvaies (oneVSone)
[00:08:00.66] ••• Eikjuesvaies (oneVSone) starts turn
[00:08:03.06] ••• Eikjuesvaies (oneVSone) fires Select Worm
[00:08:08.78] ••• Eikjuesvaies (oneVSone) fires Grenade (1 sec, min bounce)
[00:08:12.46] ••• Eikjuesvaies (oneVSone) ends turn; time used: 6.32 sec turn, 3.00 sec retreat
[00:08:15.62] ••• Damage dealt: 55 to algunos (NNNxDario)
[00:08:15.62] ••• algunos (NNNxDario) starts turn
[00:08:19.40] ••• algunos (NNNxDario) fires Ninja Rope
[00:08:27.40] ••• algunos (NNNxDario) uses Parachute
[00:08:45.20] ••• algunos (NNNxDario) fires Dynamite
[00:08:50.38] ••• algunos (NNNxDario) ends turn; time used: 26.30 sec turn, 5.00 sec retreat
[00:08:55.96] ••• Damage dealt: 75 to Eikjuesvaies (oneVSone)
[00:08:55.96] ••• Eikjuesvaies (oneVSone) starts turn
[00:09:00.68] ••• Eikjuesvaies (oneVSone) fires Air Strike
[00:09:04.16] ••• Eikjuesvaies (oneVSone) ends turn; time used: 2.84 sec turn, 3.00 sec retreat
[00:09:08.66] ••• Damage dealt: 45 to algunos (NNNxDario)
[00:09:08.66] ••• algunos (NNNxDario) starts turn
[00:09:19.54] ••• algunos (NNNxDario) fires Shotgun
[00:09:25.28] ••• algunos (NNNxDario) fires Shotgun
[00:09:29.44] ••• algunos (NNNxDario) ends turn; time used: 10.98 sec turn, 3.00 sec retreat
[00:09:38.80] ••• Damage dealt: 15 (1 kill) to Eikjuesvaies (oneVSone)
[00:09:38.80] ••• Eikjuesvaies (oneVSone) starts turn
[00:09:45.04] ••• Eikjuesvaies (oneVSone) fires Ninja Rope
[00:09:46.00] ••• Eikjuesvaies (oneVSone) fires Ninja Rope
[00:10:25.30] ••• Eikjuesvaies (oneVSone) ends turn; time used: 45.00 sec turn, 0.00 sec retreat
[00:10:27.32] ••• algunos (NNNxDario) starts turn
[00:10:35.98] ••• algunos (NNNxDario) fires Ninja Rope
[00:10:51.48] ••• algunos (NNNxDario) fires Parachute
[00:11:03.36] ••• algunos (NNNxDario) fires Baseball Bat
[00:11:06.28] [NNNxDario] gg
[00:11:06.94] ••• algunos (NNNxDario) ends turn; time used: 35.68 sec turn, 3.00 sec retreat
[00:11:10.26] [oneVSone] wow
[00:11:11.58] [oneVSone] gg
[00:11:12.38] [oneVSone] n1
[00:11:14.46] [NNNxDario] ty
[00:11:15.80] ••• Damage dealt: 90 (1 kill) to Eikjuesvaies (oneVSone)
[00:11:15.82] ••• Game Ends - Round Finished
[00:11:15.82] *** Round Finish acknowledged by NNNxDario
[00:11:18.28] *** Round Finish acknowledged by oneVSone

Team time totals:
algunos (NNNxDario):     Turn: 00:03:23.92, Retreat: 00:00:26.00, Total: 00:03:49.92, Turn count: 9
Eikjuesvaies (oneVSone): Turn: 00:03:25.14, Retreat: 00:00:25.00, Total: 00:03:50.14, Turn count: 8

Total Jet Pack fuel used: 30

End of round 1

Round time: 0:11:15
Total game time elapsed: 0:11:15

algunos wins the round.

Worm of the round: nunca (algunos)
Most damage with one shot: 137 - cuándo (algunos)
