Game ID: "12337018"
Game Started at 2021-02-16 20:15:49 GMT
Game Engine Version: 3.8.1
File Format Version: 3.7.3.0 - 3.8.1
Exported with Version: 3.8.1 (Steam)

Red:  "NNNxDario" as "algunos" [Local Player] [Host]
Blue: "oneVSone"  as "Eikjueswaies"

[00:00:00.00] [NNNxDario] hf
[00:00:00.00] ••• Eikjueswaies (oneVSone) starts turn
[00:00:16.38] ••• Eikjueswaies (oneVSone) fires Select Worm
[00:00:19.22] ••• Eikjueswaies (oneVSone) fires Ninja Rope
[00:00:22.66] ••• Eikjueswaies (oneVSone) uses Parachute
[00:00:30.20] ••• Eikjueswaies (oneVSone) fires Ninja Rope
[00:00:47.12] ••• Eikjueswaies (oneVSone) fires Sheep
[00:00:50.14] ••• Eikjueswaies (oneVSone) ends turn; time used: 38.48 sec turn, 3.00 sec retreat
[00:00:54.10] ••• Damage dealt: 181 to algunos (NNNxDario)
[00:00:54.10] ••• algunos (NNNxDario) starts turn
[00:00:58.74] ••• algunos (NNNxDario) fires Select Worm
[00:01:04.10] ••• algunos (NNNxDario) fires Select Worm
[00:01:09.38] ••• algunos (NNNxDario) fires Ninja Rope
[00:01:22.00] ••• algunos (NNNxDario) fires Ninja Rope
[00:01:36.92] ••• algunos (NNNxDario) fires Grenade (3 sec, min bounce)
[00:01:40.02] ••• algunos (NNNxDario) loses turn due to loss of control; time used: 37.84 sec turn, 2.86 sec retreat
[00:02:06.26] ••• Damage dealt: 15 to algunos (NNNxDario), 270 (3 kills) to Eikjueswaies (oneVSone)
[00:02:06.26] ••• Eikjueswaies (oneVSone) starts turn
[00:02:41.30] ••• Eikjueswaies (oneVSone) fires Select Worm
[00:02:44.74] ••• Eikjueswaies (oneVSone) fires Mad Cow (herd of 2)
[00:02:48.78] ••• Eikjueswaies (oneVSone) ends turn; time used: 34.00 sec turn, 3.00 sec retreat
[00:03:04.48] ••• Damage dealt: 114 (2 kills) to algunos (NNNxDario)
[00:03:04.48] ••• algunos (NNNxDario) starts turn
[00:03:10.18] ••• algunos (NNNxDario) fires Select Worm
[00:03:17.06] ••• algunos (NNNxDario) fires Ninja Rope
[00:03:18.24] ••• algunos (NNNxDario) fires Ninja Rope
[00:03:18.80] ••• algunos (NNNxDario) fires Ninja Rope
[00:03:47.34] ••• algunos (NNNxDario) fires Dynamite
[00:03:52.38] ••• algunos (NNNxDario) loses turn due to loss of control; time used: 41.26 sec turn, 4.86 sec retreat
[00:04:00.54] ••• Damage dealt: 26 to algunos (NNNxDario), 83 to Eikjueswaies (oneVSone)
[00:04:00.54] ••• Eikjueswaies (oneVSone) starts turn
[00:04:01.54] [oneVSone] hf
[00:04:03.08] [oneVSone] hmmmm
[00:04:04.02] [oneVSone] good
[00:04:29.36] ••• Eikjueswaies (oneVSone) fires Ninja Rope
[00:04:36.74] ••• Eikjueswaies (oneVSone) uses Parachute
[00:04:51.26] ••• Eikjueswaies (oneVSone) fires Petrol Bomb
[00:04:55.06] ••• Eikjueswaies (oneVSone) ends turn; time used: 43.08 sec turn, 3.00 sec retreat
[00:04:59.46] ••• Damage dealt: 56 to algunos (NNNxDario)
[00:04:59.46] ••• algunos (NNNxDario) starts turn
[00:05:26.80] ••• algunos (NNNxDario) fires Petrol Bomb
[00:05:31.50] ••• algunos (NNNxDario) ends turn; time used: 26.34 sec turn, 3.00 sec retreat
[00:05:34.38] ••• Damage dealt: 15 to Eikjueswaies (oneVSone)
[00:05:34.38] ••• Eikjueswaies (oneVSone) starts turn
[00:05:45.64] ••• Eikjueswaies (oneVSone) fires Ninja Rope
[00:06:04.96] ••• Eikjueswaies (oneVSone) fires Shotgun
[00:06:15.70] ••• Eikjueswaies (oneVSone) fires Shotgun
[00:06:19.86] ••• Eikjueswaies (oneVSone) ends turn; time used: 30.12 sec turn, 3.00 sec retreat
[00:06:24.28] ••• Damage dealt: 48 to algunos (NNNxDario)
[00:06:24.28] ••• algunos (NNNxDario) starts turn
[00:06:35.82] ••• algunos (NNNxDario) fires Mine
[00:06:41.00] ••• algunos (NNNxDario) ends turn; time used: 10.34 sec turn, 5.00 sec retreat
[00:06:51.14] ••• Damage dealt: 77 (1 kill) to Eikjueswaies (oneVSone)
[00:06:51.14] ••• Eikjueswaies (oneVSone) starts turn
[00:07:07.20] ••• Eikjueswaies (oneVSone) fires Select Worm
[00:07:14.30] ••• Eikjueswaies (oneVSone) fires Shotgun
[00:07:21.94] ••• Eikjueswaies (oneVSone) fires Shotgun
[00:07:26.10] ••• Eikjueswaies (oneVSone) ends turn; time used: 25.02 sec turn, 3.00 sec retreat
[00:07:30.76] ••• Damage dealt: 56 (1 kill) to algunos (NNNxDario)
[00:07:30.76] ••• algunos (NNNxDario) starts turn
[00:07:34.94] ••• algunos (NNNxDario) fires Ninja Rope
[00:07:42.12] ••• algunos (NNNxDario) uses Parachute
[00:07:53.62] ••• algunos (NNNxDario) fires Shotgun
[00:08:09.48] ••• algunos (NNNxDario) fires Shotgun
[00:08:13.64] ••• algunos (NNNxDario) ends turn; time used: 22.92 sec turn, 3.00 sec retreat
[00:08:18.86] ••• Damage dealt: 110 (2 kills) to Eikjueswaies (oneVSone)
[00:08:18.86] ••• Eikjueswaies (oneVSone) starts turn
[00:08:58.72] ••• Eikjueswaies (oneVSone) fires Girder
[00:09:01.80] ••• Eikjueswaies (oneVSone) ends turn; time used: 38.36 sec turn, 3.00 sec retreat
[00:09:03.82] ••• algunos (NNNxDario) starts turn
[00:09:21.20] ••• algunos (NNNxDario) fires Jet Pack
[00:09:22.34] ••• algunos (NNNxDario) fires Holy Hand-Grenade
[00:09:27.34] ••• algunos (NNNxDario) used 30 (0) units of Jet Pack fuel
[00:09:27.36] ••• algunos (NNNxDario) ends turn; time used: 16.66 sec turn, 5.00 sec retreat
[00:09:35.78] ••• Damage dealt: 13 to algunos (NNNxDario), 10 to Eikjueswaies (oneVSone)
[00:09:35.78] ••• Eikjueswaies (oneVSone) starts turn
[00:09:35.80] [NNNxDario] that was close
[00:09:51.24] ••• Eikjueswaies (oneVSone) fires Girder
[00:09:54.32] ••• Eikjueswaies (oneVSone) ends turn; time used: 14.96 sec turn, 3.00 sec retreat
[00:09:56.34] ••• algunos (NNNxDario) starts turn
[00:09:58.84] [oneVSone] close:) but my luck  
[00:10:04.38] ••• algunos (NNNxDario) fires Shotgun
[00:10:21.50] ••• algunos (NNNxDario) fires Shotgun
[00:10:25.66] ••• algunos (NNNxDario) ends turn; time used: 22.72 sec turn, 3.00 sec retreat
[00:10:29.68] ••• Eikjueswaies (oneVSone) starts turn
[00:10:36.48] ••• Eikjueswaies (oneVSone) fires Battle Axe
[00:10:41.38] ••• Eikjueswaies (oneVSone) ends turn; time used: 5.88 sec turn, 3.00 sec retreat
[00:10:45.80] ••• Damage dealt: 18 to algunos (NNNxDario)
[00:10:45.80] ••• algunos (NNNxDario) starts turn
[00:10:47.54] ••• algunos (NNNxDario) fires Shotgun
[00:11:00.56] ••• algunos (NNNxDario) fires Shotgun
[00:11:01.46] ••• algunos (NNNxDario) loses turn due to loss of control; time used: 12.28 sec turn, 0.00 sec retreat
[00:11:12.82] ••• Damage dealt: 19 (1 kill) to algunos (NNNxDario), 50 to Eikjueswaies (oneVSone)
[00:11:12.82] ••• Eikjueswaies (oneVSone) starts turn
[00:11:39.34] ••• Eikjueswaies (oneVSone) fires Shotgun
[00:11:47.52] ••• Eikjueswaies (oneVSone) fires Shotgun
[00:11:51.68] ••• Eikjueswaies (oneVSone) ends turn; time used: 28.56 sec turn, 3.00 sec retreat
[00:11:55.70] ••• algunos (NNNxDario) starts turn
[00:12:23.76] ••• algunos (NNNxDario) fires Parachute
[00:12:40.70] ••• algunos (NNNxDario) fires Skunk
[00:12:43.72] ••• algunos (NNNxDario) ends turn; time used: 44.18 sec turn, 3.00 sec retreat
[00:12:49.28] ••• Damage dealt: 5 to algunos (NNNxDario), 10 to Eikjueswaies (oneVSone)
[00:12:49.28] ••• Eikjueswaies (oneVSone) starts turn
[00:13:09.94] ••• Eikjueswaies (oneVSone) fires Skunk
[00:13:12.96] ••• Eikjueswaies (oneVSone) ends turn; time used: 19.20 sec turn, 3.00 sec retreat
[00:13:19.06] ••• algunos (NNNxDario) starts turn
[00:13:51.10] ••• algunos (NNNxDario) fires Blow Torch
[00:13:59.14] ••• algunos (NNNxDario) ends turn; time used: 32.02 sec turn, 3.00 sec retreat
[00:14:07.22] [NNNxDario] can you host? or you need hosting buddy?
[00:14:10.18] ••• Damage dealt: 15 (1 kill) to Eikjueswaies (oneVSone)
[00:14:10.18] ••• Eikjueswaies (oneVSone) starts turn
[00:14:12.52] [oneVSone] I need/
[00:14:22.84] ••• Eikjueswaies (oneVSone) fires Uzi
[00:14:22.98] ••• Eikjueswaies (oneVSone) loses turn due to loss of control; time used: 7.66 sec turn, 0.00 sec retreat
[00:14:28.62] ••• Damage dealt: 4 to Eikjueswaies (oneVSone)
[00:14:28.62] ••• algunos (NNNxDario) starts turn
[00:15:10.98] ••• algunos (NNNxDario) fires Teleport
[00:15:11.40] ••• resetting Jet Pack fuel use to 0
[00:15:13.46] ••• algunos (NNNxDario) ends turn; time used: 37.36 sec turn, 0.02 sec retreat
[00:15:16.24] ••• Eikjueswaies (oneVSone) starts turn
[00:15:23.90] ••• Eikjueswaies (oneVSone) fires Teleport
[00:15:26.38] ••• Eikjueswaies (oneVSone) ends turn; time used: 3.02 sec turn, 0.02 sec retreat
[00:15:28.98] ••• algunos (NNNxDario) starts turn
[00:15:29.82] [NNNxDario] you can use a scheme similar to this one with !tusscheme 3749 to play and report
[00:15:43.60] [oneVSone] ok. ty
[00:16:02.44] [oneVSone] almost intermediate, just 3 bottles of Petrol Bomb
[00:16:10.26] [NNNxDario] nuke sd
[00:16:15.86] [NNNxDario] that one also has 4 ropes and 3 shotguns
[00:16:18.60] ••• algunos (NNNxDario) fires Bazooka
[00:16:22.42] ••• algunos (NNNxDario) ends turn; time used: 44.62 sec turn, 3.00 sec retreat
[00:16:28.52] ••• Damage dealt: 27 to Eikjueswaies (oneVSone)
[00:16:28.52] ••• Eikjueswaies (oneVSone) starts turn
[00:16:30.40] [NNNxDario] this league is to test and tune this scheme, so sometimes I change it
[00:16:35.32] ••• Eikjueswaies (oneVSone) fires Petrol Bomb
[00:16:39.24] ••• Eikjueswaies (oneVSone) ends turn; time used: 5.74 sec turn, 3.00 sec retreat
[00:16:42.88] [NNNxDario] once it is done I will make a tournament
[00:16:45.52] ••• Damage dealt: 31 to algunos (NNNxDario)
[00:16:45.52] ••• algunos (NNNxDario) starts turn
[00:16:52.00] ••• algunos (NNNxDario) fires Bazooka
[00:16:56.60] ••• algunos (NNNxDario) ends turn; time used: 1.48 sec turn, 3.00 sec retreat
[00:17:02.70] ••• Eikjueswaies (oneVSone) starts turn
[00:17:04.14] [oneVSone] didint noticed about shotguns
[00:17:14.92] ••• Eikjueswaies (oneVSone) fires Petrol Bomb
[00:17:19.18] ••• Eikjueswaies (oneVSone) ends turn; time used: 9.18 sec turn, 3.00 sec retreat
[00:17:26.34] ••• Damage dealt: 49 to algunos (NNNxDario)
[00:17:26.34] ••• algunos (NNNxDario) starts turn
[00:17:29.68] [NNNxDario] because this is an old version of the scheme
[00:17:52.86] [oneVSone] unlimited :D
[00:18:03.80] ••• algunos (NNNxDario) fires Bazooka
[00:18:08.40] ••• algunos (NNNxDario) ends turn; time used: 32.46 sec turn, 3.00 sec retreat
[00:18:10.94] ••• Eikjueswaies (oneVSone) starts turn
[00:18:15.50] ••• Eikjueswaies (oneVSone) fires Fire Punch
[00:18:20.30] ••• Eikjueswaies (oneVSone) ends turn; time used: 3.48 sec turn, 3.00 sec retreat
[00:18:29.22] ••• Damage dealt: 29 (1 kill) to algunos (NNNxDario)
[00:18:29.22] ••• algunos (NNNxDario) starts turn
[00:18:35.46] ••• algunos (NNNxDario) fires Sheep
[00:18:38.06] ••• algunos (NNNxDario) loses turn due to loss of control; time used: 4.42 sec turn, 2.58 sec retreat
[00:18:40.52] [NNNxDario] gg
[00:18:43.62] [oneVSone] gg:)
[00:18:57.02] ••• Damage dealt: 2 (1 kill) to algunos (NNNxDario), 1 (1 kill) to Eikjueswaies (oneVSone)
[00:18:57.04] ••• Game Ends - Round Finished
[00:18:57.04] *** Round Finish acknowledged by NNNxDario
[00:18:59.44] *** Round Finish acknowledged by oneVSone

Team time totals:
algunos (NNNxDario):     Turn: 00:06:26.90, Retreat: 00:00:44.32, Total: 00:07:11.22, Turn count: 15
Eikjueswaies (oneVSone): Turn: 00:05:06.74, Retreat: 00:00:39.02, Total: 00:05:45.76, Turn count: 15

End of round 2

Round time: 0:18:57
Total game time elapsed: Unknown

algunos wins the match!

Worm of the round: cuándo (algunos)

Most kills with one shot: 3 - cuándo (algunos)
Most damage with one shot: 274 - cuándo (algunos)
