Game ID: "12320461"
Game Started at 2021-02-11 21:47:18 GMT
Game Engine Version: 3.8.1
File Format Version: 3.7.3.0 - 3.8.1
Exported with Version: 3.8.1 (Steam)

Red:  "chesnut" as "gusis" [Local Player] [Host]
Blue: "Dejvid"  as " Dejvid"

[00:00:00.00] ••• gusis (chesnut) starts turn
[00:00:08.70] [Dejvid] why closed map?
[00:00:15.08] ••• gusis (chesnut) fires Select Worm
[00:00:22.90] [chesnut] because I like
[00:00:30.00] ••• gusis (chesnut) fires Shotgun
[00:00:43.52] ••• gusis (chesnut) fires Shotgun
[00:00:47.68] ••• gusis (chesnut) ends turn; time used: 31.58 sec turn, 3.00 sec retreat
[00:00:54.06] ••• Damage dealt: 40 to  Dejvid (Dejvid)
[00:00:54.06] •••  Dejvid (Dejvid) starts turn
[00:01:00.92] •••  Dejvid (Dejvid) fires Ninja Rope
[00:01:01.72] •••  Dejvid (Dejvid) fires Ninja Rope
[00:01:28.40] •••  Dejvid (Dejvid) fires Ninja Rope
[00:01:41.54] •••  Dejvid (Dejvid) fires Dynamite
[00:01:46.58] •••  Dejvid (Dejvid) loses turn due to loss of control; time used: 44.48 sec turn, 4.86 sec retreat
[00:02:02.08] ••• Damage dealt: 163 (1 kill) to gusis (chesnut), 17 to  Dejvid (Dejvid)
[00:02:02.08] ••• gusis (chesnut) starts turn
[00:02:05.48] ••• gusis (chesnut) fires Select Worm
[00:02:14.48] ••• gusis (chesnut) fires Ninja Rope
[00:02:34.30] ••• gusis (chesnut) fires Shotgun
[00:02:51.86] ••• gusis (chesnut) fires Shotgun
[00:02:56.02] ••• gusis (chesnut) ends turn; time used: 44.32 sec turn, 3.00 sec retreat
[00:02:59.60] ••• Damage dealt: 20 to  Dejvid (Dejvid)
[00:02:59.60] •••  Dejvid (Dejvid) starts turn
[00:03:18.36] •••  Dejvid (Dejvid) fires Ninja Rope
[00:03:34.28] •••  Dejvid (Dejvid) fires Shotgun
[00:03:47.34] •••  Dejvid (Dejvid) fires Shotgun
[00:03:51.50] •••  Dejvid (Dejvid) ends turn; time used: 35.50 sec turn, 3.00 sec retreat
[00:03:55.52] ••• Damage dealt: 31 to gusis (chesnut)
[00:03:55.52] ••• gusis (chesnut) starts turn
[00:04:08.72] ••• gusis (chesnut) fires Mine
[00:04:13.90] ••• gusis (chesnut) ends turn; time used: 12.80 sec turn, 5.00 sec retreat
[00:04:21.50] ••• Damage dealt: 47 to  Dejvid (Dejvid)
[00:04:21.50] •••  Dejvid (Dejvid) starts turn
[00:04:28.44] •••  Dejvid (Dejvid) fires Select Worm
[00:04:48.96] •••  Dejvid (Dejvid) fires Low Gravity
[00:04:54.78] •••  Dejvid (Dejvid) fires Longbow
[00:05:14.68] •••  Dejvid (Dejvid) fires Longbow
[00:05:17.76] •••  Dejvid (Dejvid) ends turn; time used: 42.74 sec turn, 3.00 sec retreat
[00:05:21.50] ••• Damage dealt: 30 to gusis (chesnut)
[00:05:21.50] ••• gusis (chesnut) starts turn
[00:05:33.90] ••• gusis (chesnut) fires Parachute
[00:05:55.24] ••• gusis (chesnut) fires Bazooka
[00:05:59.20] ••• gusis (chesnut) ends turn; time used: 29.40 sec turn, 3.00 sec retreat
[00:06:03.62] ••• Damage dealt: 24 to  Dejvid (Dejvid)
[00:06:03.62] •••  Dejvid (Dejvid) starts turn
[00:06:32.12] •••  Dejvid (Dejvid) fires Shotgun
[00:06:45.80] •••  Dejvid (Dejvid) fires Shotgun
[00:06:49.96] •••  Dejvid (Dejvid) ends turn; time used: 32.52 sec turn, 3.00 sec retreat
[00:06:54.38] ••• Damage dealt: 50 to gusis (chesnut)
[00:06:54.38] ••• gusis (chesnut) starts turn
[00:07:03.64] ••• gusis (chesnut) fires Shotgun
[00:07:13.60] ••• gusis (chesnut) fires Shotgun
[00:07:17.76] ••• gusis (chesnut) ends turn; time used: 11.96 sec turn, 3.00 sec retreat
[00:07:22.18] ••• Damage dealt: 53 to  Dejvid (Dejvid)
[00:07:22.18] •••  Dejvid (Dejvid) starts turn
[00:07:42.76] •••  Dejvid (Dejvid) fires Petrol Bomb
[00:07:46.26] •••  Dejvid (Dejvid) ends turn; time used: 15.58 sec turn, 3.00 sec retreat
[00:07:50.66] ••• Damage dealt: 37 to gusis (chesnut)
[00:07:50.66] ••• gusis (chesnut) starts turn
[00:07:57.06] ••• gusis (chesnut) fires Parachute
[00:08:08.80] ••• gusis (chesnut) fires Pneumatic Drill
[00:08:13.56] ••• gusis (chesnut) loses turn due to loss of control; time used: 17.56 sec turn, 0.00 sec retreat
[00:08:20.78] ••• Damage dealt: 22 (1 kill) to gusis (chesnut), 90 (1 kill) to  Dejvid (Dejvid)
[00:08:20.78] •••  Dejvid (Dejvid) starts turn
[00:08:45.10] •••  Dejvid (Dejvid) fires Shotgun
[00:08:59.70] •••  Dejvid (Dejvid) fires Shotgun
[00:09:03.86] •••  Dejvid (Dejvid) ends turn; time used: 32.78 sec turn, 3.00 sec retreat
[00:09:08.28] ••• Damage dealt: 57 to gusis (chesnut)
[00:09:08.28] ••• gusis (chesnut) starts turn
[00:09:13.74] ••• gusis (chesnut) fires Select Worm
[00:09:19.00] ••• gusis (chesnut) fires Ninja Rope
[00:09:36.64] ••• gusis (chesnut) loses turn due to loss of control; time used: 27.26 sec turn, 0.00 sec retreat
[00:09:41.52] ••• Damage dealt: 4 to gusis (chesnut), 4 to  Dejvid (Dejvid)
[00:09:41.52] •••  Dejvid (Dejvid) starts turn
[00:09:50.12] •••  Dejvid (Dejvid) fires Select Worm
[00:10:03.24] •••  Dejvid (Dejvid) fires Shotgun
[00:10:41.54] •••  Dejvid (Dejvid) fires Shotgun
[00:10:45.70] •••  Dejvid (Dejvid) ends turn; time used: 44.54 sec turn, 3.00 sec retreat
[00:10:57.16] ••• Damage dealt: 39 (2 kills) to gusis (chesnut), 1 to  Dejvid (Dejvid)
[00:10:57.16] ••• gusis (chesnut) starts turn
[00:11:20.52] ••• gusis (chesnut) fires Sheep
[00:11:23.70] ••• gusis (chesnut) ends turn; time used: 18.36 sec turn, 3.00 sec retreat
[00:11:26.72] ••• Damage dealt: 54 to  Dejvid (Dejvid)
[00:11:26.72] •••  Dejvid (Dejvid) starts turn
[00:12:02.18] •••  Dejvid (Dejvid) fires Shotgun
[00:12:06.72] •••  Dejvid (Dejvid) fires Shotgun
[00:12:10.88] •••  Dejvid (Dejvid) ends turn; time used: 30.46 sec turn, 3.00 sec retreat
[00:12:14.56] ••• Damage dealt: 50 to gusis (chesnut)
[00:12:14.56] ••• gusis (chesnut) starts turn
[00:12:18.42] ••• gusis (chesnut) fires Ninja Rope
[00:12:39.60] ••• gusis (chesnut) fires Shotgun
[00:12:53.62] ••• gusis (chesnut) fires Shotgun
[00:12:57.78] ••• gusis (chesnut) ends turn; time used: 32.14 sec turn, 3.00 sec retreat
[00:13:12.76] ••• Damage dealt: 92 (2 kills) to  Dejvid (Dejvid)
[00:13:12.76] •••  Dejvid (Dejvid) starts turn
[00:13:42.36] •••  Dejvid (Dejvid) fires Ninja Rope
[00:13:56.88] •••  Dejvid (Dejvid) fires Fire Punch
[00:14:01.68] •••  Dejvid (Dejvid) ends turn; time used: 39.12 sec turn, 3.00 sec retreat
[00:14:04.42] ••• Damage dealt: 37 to gusis (chesnut)
[00:14:04.42] ••• gusis (chesnut) starts turn
[00:14:13.46] ••• gusis (chesnut) fires Ninja Rope
[00:14:33.62] ••• gusis (chesnut) fires Shotgun
[00:14:43.84] ••• gusis (chesnut) fires Shotgun
[00:14:48.00] ••• gusis (chesnut) ends turn; time used: 29.04 sec turn, 3.00 sec retreat
[00:14:57.36] ••• Damage dealt: 50 (1 kill) to  Dejvid (Dejvid)
[00:14:57.36] •••  Dejvid (Dejvid) starts turn
[00:15:11.98] •••  Dejvid (Dejvid) fires Shotgun
[00:15:47.16] •••  Dejvid (Dejvid) fires Shotgun
[00:15:51.32] •••  Dejvid (Dejvid) ends turn; time used: 37.80 sec turn, 3.00 sec retreat
[00:15:56.94] ••• Damage dealt: 90 (1 kill) to gusis (chesnut)
[00:15:56.94] ••• gusis (chesnut) starts turn
[00:16:02.62] ••• gusis (chesnut) fires Ninja Rope
[00:16:19.14] ••• gusis (chesnut) fires Baseball Bat
[00:16:22.72] ••• gusis (chesnut) ends turn; time used: 21.92 sec turn, 3.00 sec retreat
[00:16:27.94] ••• Damage dealt: 88 (1 kill) to  Dejvid (Dejvid)
[00:16:27.94] •••  Dejvid (Dejvid) starts turn
[00:16:43.62] •••  Dejvid (Dejvid) fires Select Worm
[00:16:53.18] •••  Dejvid (Dejvid) fires Shotgun
[00:17:06.06] •••  Dejvid (Dejvid) fires Shotgun
[00:17:10.22] •••  Dejvid (Dejvid) ends turn; time used: 27.60 sec turn, 3.00 sec retreat
[00:17:16.74] ••• Damage dealt: 53 (1 kill) to gusis (chesnut)
[00:17:16.74] ••• gusis (chesnut) starts turn
[00:17:49.56] ••• gusis (chesnut) fires Shotgun
[00:17:54.88] ••• gusis (chesnut) fires Shotgun
[00:17:59.04] ••• gusis (chesnut) ends turn; time used: 28.22 sec turn, 3.00 sec retreat
[00:18:08.40] ••• Damage dealt: 45 (1 kill) to  Dejvid (Dejvid)
[00:18:08.40] •••  Dejvid (Dejvid) starts turn
[00:18:18.70] •••  Dejvid (Dejvid) fires Ninja Rope
[00:18:46.58] •••  Dejvid (Dejvid) fires Shotgun
[00:19:05.04] •••  Dejvid (Dejvid) fires Shotgun
[00:19:09.20] •••  Dejvid (Dejvid) ends turn; time used: 44.76 sec turn, 3.00 sec retreat
[00:19:14.42] ••• Damage dealt: 17 (1 kill) to gusis (chesnut)
[00:19:14.42] ••• gusis (chesnut) starts turn
[00:19:55.60] ••• gusis (chesnut) fires Petrol Bomb
[00:20:00.30] ••• gusis (chesnut) ends turn; time used: 36.18 sec turn, 3.00 sec retreat
[00:20:04.72] ••• Damage dealt: 2 to  Dejvid (Dejvid)
[00:20:04.72] •••  Dejvid (Dejvid) starts turn
[00:20:26.04] •••  Dejvid (Dejvid) fires Teleport
[00:20:28.52] •••  Dejvid (Dejvid) ends turn; time used: 16.32 sec turn, 0.02 sec retreat
[00:20:29.06] ••• gusis (chesnut) starts turn
[00:20:57.50] ••• gusis (chesnut) fires Girder
[00:21:00.58] ••• gusis (chesnut) ends turn; time used: 23.70 sec turn, 3.00 sec retreat
[00:21:02.60] •••  Dejvid (Dejvid) starts turn
[00:21:51.96] •••  Dejvid (Dejvid) fires Mine
[00:21:57.14] •••  Dejvid (Dejvid) ends turn; time used: 44.36 sec turn, 5.00 sec retreat
[00:22:01.16] ••• gusis (chesnut) starts turn
[00:22:06.42] ••• gusis (chesnut) fires Jet Pack
[00:22:12.02] ••• gusis (chesnut) used 23 units of Jet Pack fuel
[00:22:16.98] ••• gusis (chesnut) fires Dynamite
[00:22:22.16] ••• gusis (chesnut) ends turn; time used: 13.40 sec turn, 5.00 sec retreat
[00:22:32.16] ••• Damage dealt: 71 (1 kill) to  Dejvid (Dejvid)
[00:22:32.16] •••  Dejvid (Dejvid) starts turn
[00:22:56.40] •••  Dejvid (Dejvid) fires Jet Pack
[00:23:07.30] •••  Dejvid (Dejvid) used 30 units of Jet Pack fuel
[00:23:16.54] •••  Dejvid (Dejvid) fires Grenade (5 sec, min bounce)
[00:23:20.34] •••  Dejvid (Dejvid) loses turn due to loss of control; time used: 43.88 sec turn, 3.00 sec retreat
[00:23:23.58] [chesnut] gg
[00:23:24.12] [Dejvid] gg
[00:23:29.90] [Dejvid] i like open map
[00:23:34.08] *** Round Finish acknowledged by Dejvid
[00:23:36.14] ••• Damage dealt: 40 (1 kill) to gusis (chesnut), 5 to  Dejvid (Dejvid)
[00:23:36.16] ••• Game Ends - Round Finished
[00:23:36.16] *** Round Finish acknowledged by chesnut
[00:23:36.52] [Dejvid] i wont report ur lose

Team time totals:
gusis (chesnut):  Turn: 00:06:17.84, Retreat: 00:00:43.00, Total: 00:07:00.84, Turn count: 15
 Dejvid (Dejvid): Turn: 00:08:52.44, Retreat: 00:00:45.88, Total: 00:09:38.32, Turn count: 15

Total Jet Pack fuel used: 53

End of round 2

Round time: 0:23:36
Total game time elapsed: Unknown

 Dejvid wins the match!

Worm of the round: gusatres (gusis)

Most kills with one shot: 2 - gusados (gusis)
Most damage with one shot: 180 - Zvau ( Dejvid)
