Game ID: "12318840"
Game Started at 2021-02-11 10:03:09 GMT
Game Engine Version: 3.8.1
File Format Version: 3.7.3.0 - 3.8.1
Exported with Version: 3.8.1 (Steam)

Red:  "Veals"     as "Veals" [Local Player] [Host]
Blue: "pommerask" as "mr mij pooplings"

[00:00:00.00] ••• Veals (Veals) starts turn
[00:00:06.36] [Veals] hf
[00:00:11.54] [pommerask] hf
[00:00:44.32] ••• Veals (Veals) fires Low Gravity
[00:00:46.54] ••• Veals (Veals) fires Baseball Bat
[00:00:50.12] ••• Veals (Veals) ends turn; time used: 41.48 sec turn, 3.00 sec retreat
[00:00:57.12] ••• Damage dealt: 90 (1 kill) to mr mij pooplings (pommerask)
[00:00:57.12] ••• mr mij pooplings (pommerask) starts turn
[00:01:05.42] ••• mr mij pooplings (pommerask) fires Ninja Rope
[00:01:43.06] ••• mr mij pooplings (pommerask) fires Baseball Bat
[00:01:46.64] ••• mr mij pooplings (pommerask) ends turn; time used: 43.80 sec turn, 3.00 sec retreat
[00:01:51.06] ••• Damage dealt: 36 to Veals (Veals)
[00:01:51.06] ••• Veals (Veals) starts turn
[00:01:58.48] ••• Veals (Veals) fires Select Worm
[00:02:07.04] ••• Veals (Veals) fires Longbow
[00:02:25.26] ••• Veals (Veals) fires Longbow
[00:02:28.34] ••• Veals (Veals) ends turn; time used: 25.98 sec turn, 3.00 sec retreat
[00:02:33.96] ••• Damage dealt: 105 (1 kill) to mr mij pooplings (pommerask)
[00:02:33.96] ••• mr mij pooplings (pommerask) starts turn
[00:02:39.64] ••• mr mij pooplings (pommerask) fires Low Gravity
[00:02:46.46] ••• mr mij pooplings (pommerask) fires Select Worm
[00:03:06.70] ••• mr mij pooplings (pommerask) fires Fire Punch
[00:03:12.46] ••• mr mij pooplings (pommerask) ends turn; time used: 31.52 sec turn, 3.00 sec retreat
[00:03:16.88] ••• Damage dealt: 30 to Veals (Veals)
[00:03:16.88] ••• Veals (Veals) starts turn
[00:03:21.24] ••• Veals (Veals) fires Ninja Rope
[00:03:42.98] ••• Veals (Veals) fires Dynamite
[00:03:48.02] ••• Veals (Veals) loses turn due to loss of control; time used: 24.42 sec turn, 4.86 sec retreat
[00:03:54.08] ••• Damage dealt: 2 to Veals (Veals), 92 to mr mij pooplings (pommerask)
[00:03:54.08] ••• mr mij pooplings (pommerask) starts turn
[00:03:56.78] ••• mr mij pooplings (pommerask) fires Select Worm
[00:04:26.92] ••• mr mij pooplings (pommerask) fires Shotgun
[00:04:36.36] ••• mr mij pooplings (pommerask) fires Shotgun
[00:04:40.52] ••• mr mij pooplings (pommerask) ends turn; time used: 34.06 sec turn, 3.00 sec retreat
[00:04:54.50] ••• Damage dealt: 92 (1 kill) to Veals (Veals)
[00:04:54.50] ••• Veals (Veals) starts turn
[00:05:22.80] ••• Veals (Veals) fires Select Worm
[00:05:29.76] ••• Veals (Veals) fires Ninja Rope
[00:05:40.26] ••• Veals (Veals) fires Sheep
[00:05:41.56] ••• Veals (Veals) loses turn due to loss of control; time used: 40.52 sec turn, 1.12 sec retreat
[00:05:51.50] ••• Damage dealt: 9 to Veals (Veals), 56 (1 kill) to mr mij pooplings (pommerask)
[00:05:51.50] ••• mr mij pooplings (pommerask) starts turn
[00:05:59.02] ••• mr mij pooplings (pommerask) fires Jet Pack
[00:06:04.78] ••• mr mij pooplings (pommerask) used 30 units of Jet Pack fuel
[00:06:15.60] ••• mr mij pooplings (pommerask) fires Girder
[00:06:18.68] ••• mr mij pooplings (pommerask) ends turn; time used: 19.04 sec turn, 3.00 sec retreat
[00:06:20.70] ••• Veals (Veals) starts turn
[00:07:04.48] ••• Veals (Veals) fires Fire Punch
[00:07:08.90] ••• Veals (Veals) ends turn; time used: 38.78 sec turn, 3.00 sec retreat
[00:07:12.92] ••• mr mij pooplings (pommerask) starts turn
[00:07:18.64] ••• mr mij pooplings (pommerask) fires Select Worm
[00:07:36.74] ••• mr mij pooplings (pommerask) fires Ninja Rope
[00:07:50.48] ••• mr mij pooplings (pommerask) fires Dynamite
[00:07:55.52] ••• mr mij pooplings (pommerask) loses turn due to loss of control; time used: 33.26 sec turn, 4.86 sec retreat
[00:08:03.60] ••• Damage dealt: 104 (1 kill) to Veals (Veals), 12 to mr mij pooplings (pommerask)
[00:08:03.60] ••• Veals (Veals) starts turn
[00:08:05.68] ••• Veals (Veals) fires Air Strike
[00:08:09.16] ••• Veals (Veals) ends turn; time used: 1.20 sec turn, 3.00 sec retreat
[00:08:12.20] ••• Damage dealt: 49 to mr mij pooplings (pommerask)
[00:08:12.20] ••• mr mij pooplings (pommerask) starts turn
[00:08:47.82] ••• mr mij pooplings (pommerask) fires Girder
[00:08:50.90] ••• mr mij pooplings (pommerask) ends turn; time used: 30.62 sec turn, 3.00 sec retreat
[00:08:52.92] ••• Veals (Veals) starts turn
[00:09:00.48] ••• Veals (Veals) fires Ninja Rope
[00:09:06.34] ••• Veals (Veals) fires Shotgun
[00:09:13.42] ••• Veals (Veals) loses turn due to loss of control; time used: 16.88 sec turn, 0.00 sec retreat
[00:09:18.30] [pommerask] daaang
[00:09:18.48] ••• Damage dealt: 15 to Veals (Veals)
[00:09:18.48] ••• mr mij pooplings (pommerask) starts turn
[00:09:30.64] ••• mr mij pooplings (pommerask) fires Sheep
[00:09:33.66] ••• mr mij pooplings (pommerask) ends turn; time used: 11.68 sec turn, 3.00 sec retreat
[00:09:38.58] ••• Damage dealt: 68 to Veals (Veals), 8 to mr mij pooplings (pommerask)
[00:09:38.58] ••• Veals (Veals) starts turn
[00:09:44.04] ••• Veals (Veals) fires Select Worm
[00:09:51.84] ••• Veals (Veals) fires Jet Pack
[00:10:11.78] ••• Veals (Veals) used 30 units of Jet Pack fuel
[00:10:18.72] ••• Veals (Veals) fires Shotgun
[00:10:26.76] ••• Veals (Veals) fires Shotgun
[00:10:30.92] ••• Veals (Veals) ends turn; time used: 37.76 sec turn, 3.00 sec retreat
[00:10:39.36] ••• Damage dealt: 22 (1 kill) to mr mij pooplings (pommerask)
[00:10:39.36] ••• mr mij pooplings (pommerask) starts turn
[00:10:39.38] [Veals] lol
[00:10:48.84] ••• mr mij pooplings (pommerask) fires Mad Cow (herd of 1)
[00:10:51.86] ••• mr mij pooplings (pommerask) ends turn; time used: 8.84 sec turn, 3.00 sec retreat
[00:10:59.38] ••• Damage dealt: 59 (1 kill) to Veals (Veals)
[00:10:59.38] ••• Veals (Veals) starts turn
[00:11:03.26] ••• Veals (Veals) fires Ninja Rope
[00:11:04.18] ••• Veals (Veals) fires Ninja Rope
[00:11:05.06] ••• Veals (Veals) fires Ninja Rope
[00:11:05.80] ••• Veals (Veals) fires Ninja Rope
[00:11:06.56] ••• Veals (Veals) fires Ninja Rope
[00:11:07.26] ••• Veals (Veals) fires Ninja Rope
[00:11:08.00] ••• Veals (Veals) fires Ninja Rope
[00:11:22.84] ••• Veals (Veals) fires Mine
[00:11:28.02] ••• Veals (Veals) ends turn; time used: 19.34 sec turn, 5.00 sec retreat
[00:11:37.72] ••• Damage dealt: 90 (1 kill) to mr mij pooplings (pommerask)
[00:11:37.72] ••• mr mij pooplings (pommerask) starts turn
[00:11:54.42] ••• mr mij pooplings (pommerask) fires Air Strike
[00:11:57.90] ••• mr mij pooplings (pommerask) ends turn; time used: 11.70 sec turn, 3.00 sec retreat
[00:11:57.92] [pommerask]  o o o 
[00:12:01.92] ••• Veals (Veals) starts turn
[00:12:02.32] [Veals] bl
[00:12:31.52] ••• Veals (Veals) fires Shotgun
[00:12:44.76] ••• Veals (Veals) fires Shotgun
[00:12:48.92] ••• Veals (Veals) ends turn; time used: 32.00 sec turn, 3.00 sec retreat
[00:12:54.14] ••• Damage dealt: 16 (1 kill) to mr mij pooplings (pommerask)
[00:12:54.14] ••• mr mij pooplings (pommerask) starts turn
[00:13:00.96] ••• mr mij pooplings (pommerask) fires Uzi
[00:13:05.16] ••• mr mij pooplings (pommerask) ends turn; time used: 4.66 sec turn, 3.00 sec retreat
[00:13:09.58] ••• Damage dealt: 17 to Veals (Veals)
[00:13:09.58] ••• Veals (Veals) starts turn
[00:13:41.54] ••• Veals (Veals) fires Shotgun
[00:13:45.08] ••• Veals (Veals) fires Shotgun
[00:13:49.24] ••• Veals (Veals) ends turn; time used: 28.40 sec turn, 3.00 sec retreat
[00:13:53.26] ••• mr mij pooplings (pommerask) starts turn
[00:14:08.62] ••• mr mij pooplings (pommerask) fires Napalm Strike
[00:14:12.10] ••• mr mij pooplings (pommerask) ends turn; time used: 10.36 sec turn, 3.00 sec retreat
[00:14:17.32] [Veals] lol
[00:14:22.16] [Veals] lucky
[00:14:22.30] [pommerask] mai mai
[00:14:23.56] ••• Damage dealt: 6 to Veals (Veals)
[00:14:23.56] ••• Veals (Veals) starts turn
[00:14:24.54] [Veals] xd
[00:14:57.12] ••• Veals (Veals) fires Parachute
[00:15:12.64] ••• Veals (Veals) fires Bazooka
[00:15:17.02] ••• Veals (Veals) ends turn; time used: 44.08 sec turn, 3.00 sec retreat
[00:15:21.44] ••• Damage dealt: 3 to Veals (Veals)
[00:15:21.44] ••• mr mij pooplings (pommerask) starts turn
[00:15:26.60] ••• mr mij pooplings (pommerask) fires Uzi
[00:15:30.80] ••• mr mij pooplings (pommerask) ends turn; time used: 4.08 sec turn, 3.00 sec retreat
[00:15:40.16] ••• Damage dealt: 23 (1 kill) to Veals (Veals)
[00:15:40.16] ••• Veals (Veals) starts turn
[00:16:21.92] ••• Veals (Veals) fires Girder
[00:16:25.00] ••• Veals (Veals) ends turn; time used: 36.76 sec turn, 3.00 sec retreat
[00:16:27.02] ••• mr mij pooplings (pommerask) starts turn
[00:16:35.90] ••• mr mij pooplings (pommerask) fires Blow Torch
[00:16:43.18] ••• mr mij pooplings (pommerask) ends turn; time used: 3.88 sec turn, 3.00 sec retreat
[00:16:47.20] ••• Veals (Veals) starts turn
[00:16:58.38] ••• Veals (Veals) fires Parachute
[00:17:20.90] ••• Veals (Veals) fires Mad Cow (herd of 2)
[00:17:22.34] ••• Veals (Veals) loses turn due to loss of control; time used: 31.74 sec turn, 0.40 sec retreat
[00:17:33.62] ••• Damage dealt: 12 to Veals (Veals), 90 (1 kill) to mr mij pooplings (pommerask)
[00:17:33.62] ••• mr mij pooplings (pommerask) starts turn
[00:17:35.48] ••• mr mij pooplings (pommerask) fires Fire Punch
[00:17:40.28] ••• mr mij pooplings (pommerask) ends turn; time used: 0.62 sec turn, 3.00 sec retreat
[00:17:44.30] ••• Veals (Veals) starts turn
[00:17:54.60] ••• Veals (Veals) fires Shotgun
[00:17:59.78] ••• Veals (Veals) fires Shotgun
[00:18:00.68] ••• Veals (Veals) loses turn due to loss of control; time used: 10.72 sec turn, 0.00 sec retreat
[00:18:03.46] [Veals] lol
[00:18:06.06] [pommerask] xD
[00:18:06.30] ••• Damage dealt: 4 to Veals (Veals)
[00:18:06.30] ••• mr mij pooplings (pommerask) starts turn
[00:18:08.56] ••• mr mij pooplings (pommerask) fires Shotgun
[00:18:16.08] ••• mr mij pooplings (pommerask) fires Shotgun
[00:18:20.24] ••• mr mij pooplings (pommerask) ends turn; time used: 6.72 sec turn, 3.00 sec retreat
[00:18:24.26] ••• Veals (Veals) starts turn
[00:18:45.06] ••• Veals (Veals) fires Girder
[00:18:48.14] ••• Veals (Veals) ends turn; time used: 20.38 sec turn, 3.00 sec retreat
[00:18:50.16] ••• mr mij pooplings (pommerask) starts turn
[00:18:56.22] ••• mr mij pooplings (pommerask) fires Shotgun
[00:18:58.32] ••• mr mij pooplings (pommerask) fires Shotgun
[00:19:02.48] ••• mr mij pooplings (pommerask) ends turn; time used: 5.64 sec turn, 3.00 sec retreat
[00:19:04.84] ••• Veals (Veals) starts turn
[00:19:38.24] ••• Veals (Veals) fires Kamikaze
[00:19:39.58] ••• Veals (Veals) loses turn due to loss of control; time used: 32.98 sec turn, 0.00 sec retreat
[00:19:43.68] ••• Damage dealt: 22 (1 kill) to Veals (Veals), 8 to mr mij pooplings (pommerask)
[00:19:43.68] ••• mr mij pooplings (pommerask) starts turn
[00:20:01.38] ••• mr mij pooplings (pommerask) fires Ninja Rope
[00:20:28.78] ••• mr mij pooplings (pommerask) fires Mine
[00:20:33.96] ••• mr mij pooplings (pommerask) ends turn; time used: 42.72 sec turn, 5.00 sec retreat
[00:20:33.98] [pommerask] oops
[00:20:41.08] ••• Damage dealt: 47 to Veals (Veals)
[00:20:41.08] ••• Veals (Veals) starts turn
[00:21:15.00] ••• Veals (Veals) fires Homing Missile
[00:21:15.08] ••• Veals (Veals) loses turn due to loss of control; time used: 28.92 sec turn, 0.00 sec retreat
[00:21:18.52] [Veals] gg
[00:21:21.10] [pommerask] gg
[00:21:32.18] ••• Damage dealt: 42 (1 kill) to Veals (Veals), 82 (1 kill) to mr mij pooplings (pommerask)
[00:21:32.20] ••• Game Ends - Round Finished
[00:21:32.20] *** Round Finish acknowledged by Veals
[00:21:34.36] *** Round Finish acknowledged by pommerask

Team time totals:
Veals (Veals):                Turn: 00:08:32.34, Retreat: 00:00:41.38, Total: 00:09:13.72, Turn count: 18
mr mij pooplings (pommerask): Turn: 00:05:03.20, Retreat: 00:00:54.86, Total: 00:05:58.06, Turn count: 17

Total Jet Pack fuel used: 60

End of round 2

Round time: 0:21:32
Total game time elapsed: Unknown

Veals wins the round.

Worm of the round: ?ep?? 1 (Veals)
Most kills with one shot: 2 - ?ep?? 1 (Veals)
Most damage with one shot: 124 - ?ep?? 1 (Veals)
