Game ID: "12339798"
Game Started at 2021-02-17 19:30:54 GMT
Game Engine Version: 3.8.1
File Format Version: 3.7.3.0 - 3.8.1
Exported with Version: 3.8.1 (Steam)

Red:  "chesnut"  as "gusis" [Local Player] [Host]
Blue: "oneVSone" as "Eikjueswaies"

[00:00:00.00] ••• Eikjueswaies (oneVSone) starts turn
[00:00:10.80] ••• Eikjueswaies (oneVSone) fires Select Worm
[00:00:44.82] ••• Eikjueswaies (oneVSone) fires Dragon Ball
[00:00:49.34] ••• Eikjueswaies (oneVSone) ends turn; time used: 39.76 sec turn, 3.00 sec retreat
[00:00:53.80] ••• Damage dealt: 90 (1 kill) to gusis (chesnut)
[00:00:53.80] ••• gusis (chesnut) starts turn
[00:01:01.22] ••• gusis (chesnut) fires Ninja Rope
[00:01:15.36] ••• gusis (chesnut) fires Low Gravity
[00:01:16.92] ••• gusis (chesnut) fires Longbow
[00:01:31.46] ••• gusis (chesnut) fires Longbow
[00:01:34.54] ••• gusis (chesnut) ends turn; time used: 27.88 sec turn, 3.00 sec retreat
[00:01:45.42] ••• Damage dealt: 145 (1 kill) to Eikjueswaies (oneVSone)
[00:01:45.42] ••• Eikjueswaies (oneVSone) starts turn
[00:01:50.02] ••• Eikjueswaies (oneVSone) fires Select Worm
[00:02:10.08] ••• Eikjueswaies (oneVSone) fires Shotgun
[00:02:21.60] ••• Eikjueswaies (oneVSone) fires Shotgun
[00:02:25.76] ••• Eikjueswaies (oneVSone) ends turn; time used: 27.02 sec turn, 3.00 sec retreat
[00:02:29.56] ••• Damage dealt: 29 to gusis (chesnut)
[00:02:29.56] ••• gusis (chesnut) starts turn
[00:02:39.90] ••• gusis (chesnut) fires Homing Missile
[00:02:43.24] ••• gusis (chesnut) ends turn; time used: 10.32 sec turn, 3.00 sec retreat
[00:02:50.54] ••• Damage dealt: 90 (1 kill) to Eikjueswaies (oneVSone)
[00:02:50.54] ••• Eikjueswaies (oneVSone) starts turn
[00:03:08.82] ••• Eikjueswaies (oneVSone) fires Ninja Rope
[00:03:16.64] ••• Eikjueswaies (oneVSone) loses turn due to loss of control; time used: 20.88 sec turn, 0.00 sec retreat
[00:03:20.92] ••• Damage dealt: 1 to Eikjueswaies (oneVSone)
[00:03:20.92] ••• gusis (chesnut) starts turn
[00:03:22.80] ••• gusis (chesnut) fires Ninja Rope
[00:03:51.26] ••• gusis (chesnut) fires Flame Thrower
[00:03:58.74] ••• gusis (chesnut) ends turn; time used: 27.90 sec turn, 3.00 sec retreat
[00:04:11.84] ••• Damage dealt: 179 (2 kills) to Eikjueswaies (oneVSone)
[00:04:11.84] ••• Eikjueswaies (oneVSone) starts turn
[00:04:18.30] ••• Eikjueswaies (oneVSone) fires Ninja Rope
[00:04:38.90] ••• Eikjueswaies (oneVSone) fires Mine
[00:04:44.08] ••• Eikjueswaies (oneVSone) ends turn; time used: 25.94 sec turn, 5.00 sec retreat
[00:04:57.46] ••• Damage dealt: 92 (1 kill) to gusis (chesnut), 1 to Eikjueswaies (oneVSone)
[00:04:57.46] ••• gusis (chesnut) starts turn
[00:05:18.84] ••• gusis (chesnut) fires Longbow
[00:05:45.78] ••• gusis (chesnut) fires Longbow
[00:05:46.66] ••• gusis (chesnut) loses turn due to loss of control; time used: 43.44 sec turn, 0.80 sec retreat
[00:05:55.56] ••• Damage dealt: 60 to gusis (chesnut), 58 to Eikjueswaies (oneVSone)
[00:05:55.56] ••• Eikjueswaies (oneVSone) starts turn
[00:06:09.86] ••• Eikjueswaies (oneVSone) fires Parachute
[00:06:18.06] ••• Eikjueswaies (oneVSone) fires Mine
[00:06:23.24] ••• Eikjueswaies (oneVSone) ends turn; time used: 17.50 sec turn, 5.00 sec retreat
[00:06:33.08] ••• Damage dealt: 90 (1 kill) to gusis (chesnut)
[00:06:33.08] ••• gusis (chesnut) starts turn
[00:06:44.94] ••• gusis (chesnut) fires Select Worm
[00:06:50.12] ••• gusis (chesnut) fires Fire Punch
[00:06:54.92] ••• gusis (chesnut) ends turn; time used: 12.36 sec turn, 3.00 sec retreat
[00:06:59.34] ••• Damage dealt: 30 to Eikjueswaies (oneVSone)
[00:06:59.34] ••• Eikjueswaies (oneVSone) starts turn
[00:07:05.90] ••• Eikjueswaies (oneVSone) fires Select Worm
[00:07:25.32] ••• Eikjueswaies (oneVSone) fires Ninja Rope
[00:07:32.44] ••• Eikjueswaies (oneVSone) fires Ninja Rope
[00:07:41.42] ••• Eikjueswaies (oneVSone) fires Mad Cow (herd of 2)
[00:07:45.46] ••• Eikjueswaies (oneVSone) ends turn; time used: 39.18 sec turn, 3.00 sec retreat
[00:07:48.72] ••• Damage dealt: 83 to gusis (chesnut)
[00:07:48.72] ••• gusis (chesnut) starts turn
[00:07:51.44] ••• gusis (chesnut) fires Air Strike
[00:07:54.92] ••• gusis (chesnut) ends turn; time used: 1.82 sec turn, 3.00 sec retreat
[00:08:06.90] ••• Damage dealt: 35 (1 kill) to Eikjueswaies (oneVSone)
[00:08:06.90] ••• Eikjueswaies (oneVSone) starts turn
[00:08:56.88] ••• Eikjueswaies (oneVSone) ends turn; time used: 45.00 sec turn, 0.00 sec retreat
[00:08:58.90] ••• gusis (chesnut) starts turn
[00:09:02.56] ••• gusis (chesnut) fires Select Worm
[00:09:06.32] ••• gusis (chesnut) fires Uzi
[00:09:10.52] ••• gusis (chesnut) ends turn; time used: 6.98 sec turn, 3.00 sec retreat
[00:09:19.02] ••• Damage dealt: 31 (1 kill) to Eikjueswaies (oneVSone)
[00:09:19.02] ••• Eikjueswaies (oneVSone) starts turn
[00:09:34.60] ••• Eikjueswaies (oneVSone) fires Teleport
[00:09:37.08] ••• Eikjueswaies (oneVSone) ends turn; time used: 12.16 sec turn, 0.02 sec retreat
[00:09:39.10] ••• gusis (chesnut) starts turn
[00:09:45.28] ••• gusis (chesnut) fires Ninja Rope
[00:09:57.04] ••• gusis (chesnut) fires Ninja Rope
[00:10:08.94] ••• gusis (chesnut) fires Ninja Rope
[00:10:18.76] [oneVSone] GG
[00:10:20.04] ••• gusis (chesnut) fires Sheep
[00:10:20.14] ••• gusis (chesnut) loses turn due to loss of control; time used: 40.50 sec turn, 0.00 sec retreat
[00:10:20.72] [oneVSone] 1-0
[00:10:36.90] [chesnut] gg
[00:10:52.32] ••• Damage dealt: 78 (2 kills) to gusis (chesnut), 150 (2 kills) to Eikjueswaies (oneVSone)
[00:10:52.34] ••• Game Ends - Round Finished
[00:10:52.34] *** Round Finish acknowledged by chesnut
[00:10:54.82] *** Round Finish acknowledged by oneVSone

Team time totals:
gusis (chesnut):         Turn: 00:02:51.20, Retreat: 00:00:18.80, Total: 00:03:10.00, Turn count: 8
Eikjueswaies (oneVSone): Turn: 00:03:47.44, Retreat: 00:00:19.02, Total: 00:04:06.46, Turn count: 8

End of round 1

Round time: 0:10:52
Total game time elapsed: 0:10:52

gusis wins the round.

Worm of the round: gusatro (gusis)
Most kills with one shot: 3 - gusiete (gusis)
Most damage with one shot: 204 - gusiete (gusis)
