Game ID: "12314780"
Game Started at 2021-02-09 19:52:58 GMT
Game Engine Version: 3.8
File Format Version: 3.7.3.0 - 3.8.1
Exported with Version: 3.8.1 (Steam)

Red:       "lait88" as "Pro-Team"
Blue:      "ILYXA`" as "Cunnilinux"
Spectator: "NNNxDario" [Local] [Host]

[00:00:00.00] [NNNxDario] hf
[00:00:00.00] ••• Pro-Team (lait88) starts turn
[00:00:10.24] ••• Pro-Team (lait88) fires Select Worm
[00:00:19.88] ••• Pro-Team (lait88) fires Select Worm
[00:00:34.02] ••• Pro-Team (lait88) fires Mine
[00:00:39.20] ••• Pro-Team (lait88) ends turn; time used: 32.88 sec turn, 5.00 sec retreat
[00:00:46.40] ••• Damage dealt: 46 to Cunnilinux (ILYXA`)
[00:00:46.40] ••• Cunnilinux (ILYXA`) starts turn
[00:00:55.12] ••• Cunnilinux (ILYXA`) fires Select Worm
[00:01:09.62] ••• Cunnilinux (ILYXA`) fires Ninja Rope
[00:01:31.58] ••• Cunnilinux (ILYXA`) fires Dynamite
[00:01:36.60] ••• Cunnilinux (ILYXA`) ends turn; time used: 44.14 sec turn, 5.00 sec retreat
[00:01:44.90] ••• Damage dealt: 140 (1 kill) to Pro-Team (lait88)
[00:01:44.90] ••• Pro-Team (lait88) starts turn
[00:01:58.84] ••• Pro-Team (lait88) fires Ninja Rope
[00:02:09.62] ••• Pro-Team (lait88) loses turn due to loss of control; time used: 19.76 sec turn, 0.00 sec retreat
[00:02:14.58] ••• Damage dealt: 9 to Pro-Team (lait88)
[00:02:14.58] ••• Cunnilinux (ILYXA`) starts turn
[00:02:44.38] ••• Cunnilinux (ILYXA`) fires Shotgun
[00:02:45.28] ••• Cunnilinux (ILYXA`) loses turn due to loss of control; time used: 28.22 sec turn, 0.00 sec retreat
[00:02:52.32] ••• Damage dealt: 90 (1 kill) to Pro-Team (lait88), 10 to Cunnilinux (ILYXA`)
[00:02:52.32] ••• Pro-Team (lait88) starts turn
[00:03:04.08] ••• Pro-Team (lait88) fires Bazooka
[00:03:08.68] ••• Pro-Team (lait88) ends turn; time used: 6.76 sec turn, 3.00 sec retreat
[00:03:13.06] ••• Damage dealt: 80 (1 kill) to Cunnilinux (ILYXA`)
[00:03:13.06] ••• Cunnilinux (ILYXA`) starts turn
[00:03:23.22] ••• Cunnilinux (ILYXA`) uses Bungee
[00:03:37.50] ••• Cunnilinux (ILYXA`) fires Mine
[00:03:42.66] ••• Cunnilinux (ILYXA`) loses turn due to loss of control; time used: 21.92 sec turn, 4.98 sec retreat
[00:03:48.70] ••• Damage dealt: 40 to Pro-Team (lait88), 1 to Cunnilinux (ILYXA`)
[00:03:48.70] ••• Pro-Team (lait88) starts turn
[00:04:01.06] ••• Pro-Team (lait88) fires Select Worm
[00:04:13.34] ••• Pro-Team (lait88) fires Baseball Bat
[00:04:16.92] ••• Pro-Team (lait88) ends turn; time used: 19.58 sec turn, 3.00 sec retreat
[00:04:21.80] ••• Damage dealt: 90 (1 kill) to Cunnilinux (ILYXA`)
[00:04:21.80] ••• Cunnilinux (ILYXA`) starts turn
[00:04:27.54] ••• Cunnilinux (ILYXA`) fires Select Worm
[00:04:33.24] ••• Cunnilinux (ILYXA`) fires Jet Pack
[00:04:49.86] ••• Cunnilinux (ILYXA`) fires Mad Cow (herd of 1)
[00:04:54.86] ••• Cunnilinux (ILYXA`) used 30 (26) units of Jet Pack fuel
[00:04:54.88] ••• Cunnilinux (ILYXA`) ends turn; time used: 25.42 sec turn, 5.00 sec retreat
[00:04:59.02] ••• Damage dealt: 97 to Pro-Team (lait88)
[00:04:59.02] ••• Pro-Team (lait88) starts turn
[00:05:16.68] ••• Pro-Team (lait88) fires Ninja Rope
[00:05:28.50] ••• Pro-Team (lait88) fires Dynamite
[00:05:33.52] ••• Pro-Team (lait88) ends turn; time used: 24.68 sec turn, 5.00 sec retreat
[00:05:40.16] ••• Damage dealt: 114 to Cunnilinux (ILYXA`)
[00:05:40.16] ••• Cunnilinux (ILYXA`) starts turn
[00:05:47.40] ••• Cunnilinux (ILYXA`) fires Ninja Rope
[00:05:56.22] ••• Cunnilinux (ILYXA`) loses turn due to loss of control; time used: 11.74 sec turn, 0.00 sec retreat
[00:05:59.58] ••• Pro-Team (lait88) starts turn
[00:06:49.10] ••• Pro-Team (lait88) fires Shotgun
[00:06:54.42] ••• Pro-Team (lait88) ends turn; time used: 45.00 sec turn, 0.00 sec retreat
[00:06:56.44] ••• Damage dealt: 13 to Pro-Team (lait88)
[00:06:56.44] ••• Cunnilinux (ILYXA`) starts turn
[00:07:01.16] [lait88] fuck 
[00:07:20.12] ••• Cunnilinux (ILYXA`) fires Shotgun
[00:07:28.52] ••• Cunnilinux (ILYXA`) fires Shotgun
[00:07:32.68] ••• Cunnilinux (ILYXA`) ends turn; time used: 25.52 sec turn, 3.00 sec retreat
[00:07:40.56] ••• Damage dealt: 44 (1 kill) to Pro-Team (lait88)
[00:07:40.56] ••• Pro-Team (lait88) starts turn
[00:07:47.94] ••• Pro-Team (lait88) fires Grenade (3 sec, min bounce)
[00:07:51.34] ••• Pro-Team (lait88) ends turn; time used: 3.78 sec turn, 3.00 sec retreat
[00:08:00.36] ••• Damage dealt: 23 (1 kill) to Cunnilinux (ILYXA`)
[00:08:00.36] ••• Cunnilinux (ILYXA`) starts turn
[00:08:03.00] ••• Cunnilinux (ILYXA`) fires Select Worm
[00:08:22.94] ••• Cunnilinux (ILYXA`) fires Ninja Rope
[00:08:30.60] ••• Cunnilinux (ILYXA`) fires Ninja Rope
[00:08:44.68] ••• Cunnilinux (ILYXA`) fires Shotgun
[00:08:51.46] ••• Cunnilinux (ILYXA`) fires Shotgun
[00:08:55.62] ••• Cunnilinux (ILYXA`) ends turn; time used: 43.02 sec turn, 3.00 sec retreat
[00:09:05.58] ••• Damage dealt: 46 (1 kill) to Pro-Team (lait88)
[00:09:05.58] ••• Pro-Team (lait88) starts turn
[00:09:21.48] ••• Pro-Team (lait88) fires Shotgun
[00:09:30.94] ••• Pro-Team (lait88) fires Shotgun
[00:09:35.10] ••• Pro-Team (lait88) ends turn; time used: 14.72 sec turn, 3.00 sec retreat
[00:09:48.14] ••• Damage dealt: 55 (1 kill) to Cunnilinux (ILYXA`)
[00:09:48.14] ••• Cunnilinux (ILYXA`) starts turn
[00:10:07.88] ••• Cunnilinux (ILYXA`) fires Mine
[00:10:13.06] ••• Cunnilinux (ILYXA`) ends turn; time used: 15.42 sec turn, 5.00 sec retreat
[00:10:25.74] ••• Damage dealt: 52 (1 kill) to Pro-Team (lait88)
[00:10:25.74] ••• Pro-Team (lait88) starts turn
[00:10:39.92] ••• Pro-Team (lait88) fires Ninja Rope
[00:10:49.44] ••• Pro-Team (lait88) fires Mine
[00:10:54.62] ••• Pro-Team (lait88) ends turn; time used: 18.54 sec turn, 5.00 sec retreat
[00:11:01.74] ••• Damage dealt: 35 to Cunnilinux (ILYXA`)
[00:11:01.74] ••• Cunnilinux (ILYXA`) starts turn
[00:11:09.98] ••• Cunnilinux (ILYXA`) fires Air Strike
[00:11:13.46] ••• Cunnilinux (ILYXA`) ends turn; time used: 5.60 sec turn, 3.00 sec retreat
[00:11:19.18] ••• Damage dealt: 54 to Pro-Team (lait88)
[00:11:19.18] ••• Pro-Team (lait88) starts turn
[00:11:36.22] ••• Pro-Team (lait88) fires Air Strike
[00:11:39.70] ••• Pro-Team (lait88) ends turn; time used: 12.04 sec turn, 3.00 sec retreat
[00:11:44.10] ••• Damage dealt: 5 to Pro-Team (lait88), 22 to Cunnilinux (ILYXA`)
[00:11:44.10] ••• Cunnilinux (ILYXA`) starts turn
[00:12:04.16] ••• Cunnilinux (ILYXA`) fires Ninja Rope
[00:12:14.08] ••• Cunnilinux (ILYXA`) fires Dragon Ball
[00:12:18.60] ••• Cunnilinux (ILYXA`) ends turn; time used: 29.50 sec turn, 3.00 sec retreat
[00:12:23.02] ••• Damage dealt: 30 to Pro-Team (lait88)
[00:12:23.02] ••• Pro-Team (lait88) starts turn
[00:12:23.10] [ILYXA`] lol
[00:12:58.48] ••• Pro-Team (lait88) fires Shotgun
[00:13:08.08] ••• Pro-Team (lait88) fires Shotgun
[00:13:12.24] ••• Pro-Team (lait88) ends turn; time used: 34.30 sec turn, 3.00 sec retreat
[00:13:16.66] ••• Damage dealt: 50 to Cunnilinux (ILYXA`)
[00:13:16.66] ••• Cunnilinux (ILYXA`) starts turn
[00:13:31.64] ••• Cunnilinux (ILYXA`) uses Bungee
[00:13:40.70] ••• Cunnilinux (ILYXA`) fires Ninja Rope
[00:14:05.40] ••• Cunnilinux (ILYXA`) fires Grenade (3 sec, min bounce)
[00:14:08.60] ••• Cunnilinux (ILYXA`) loses turn due to loss of control; time used: 43.44 sec turn, 2.86 sec retreat
[00:14:23.38] [ILYXA`] oops
[00:14:24.74] ••• Damage dealt: 24 to Pro-Team (lait88), 77 (1 kill) to Cunnilinux (ILYXA`)
[00:14:24.74] ••• Pro-Team (lait88) starts turn
[00:14:25.72] [NNNxDario] big oops
[00:15:14.72] ••• Pro-Team (lait88) ends turn; time used: 45.00 sec turn, 0.00 sec retreat
[00:15:16.74] ••• Cunnilinux (ILYXA`) starts turn
[00:15:26.30] ••• Cunnilinux (ILYXA`) fires Low Gravity
[00:15:35.78] ••• Cunnilinux (ILYXA`) fires Shotgun
[00:15:52.12] ••• Cunnilinux (ILYXA`) fires Shotgun
[00:15:56.28] ••• Cunnilinux (ILYXA`) ends turn; time used: 27.06 sec turn, 3.00 sec retreat
[00:16:05.64] ••• Damage dealt: 39 (1 kill) to Pro-Team (lait88)
[00:16:05.64] ••• Pro-Team (lait88) starts turn
[00:16:24.86] [ILYXA`] sleep?
[00:16:55.62] ••• Pro-Team (lait88) ends turn; time used: 45.00 sec turn, 0.00 sec retreat
[00:16:57.64] ••• Cunnilinux (ILYXA`) starts turn
[00:17:34.52] ••• Cunnilinux (ILYXA`) fires Teleport
[00:17:34.94] ••• resetting Jet Pack fuel use to 0
[00:17:37.00] ••• Cunnilinux (ILYXA`) ends turn; time used: 33.80 sec turn, 0.02 sec retreat
[00:17:41.28] [ILYXA`] ))
[00:17:51.38] ••• Damage dealt: 6 (1 kill) to Pro-Team (lait88), 57 to Cunnilinux (ILYXA`)
[00:17:51.38] ••• Pro-Team (lait88) starts turn
[00:17:57.58] [NNNxDario] I guess he had to go
[00:18:09.78] [ILYXA`] may be)
[00:18:26.32] [ILYXA`] but y don't write?)
[00:18:41.36] ••• Pro-Team (lait88) ends turn; time used: 45.00 sec turn, 0.00 sec retreat
[00:18:43.38] ••• Cunnilinux (ILYXA`) starts turn
[00:19:00.74] ••• Cunnilinux (ILYXA`) fires Fire Punch
[00:19:04.42] ••• Cunnilinux (ILYXA`) ends turn; time used: 16.26 sec turn, 1.90 sec retreat
[00:19:17.44] *** Round Finish acknowledged by ILYXA`
[00:19:19.38] ••• Damage dealt: 31 (1 kill) to Pro-Team (lait88)
[00:19:19.40] ••• Game Ends - Round Finished
[00:19:19.40] *** Round Finish acknowledged by NNNxDario
[00:19:19.74] *** Round Finish acknowledged by lait88

Team time totals:
Pro-Team (lait88):   Turn: 00:06:07.04, Retreat: 00:00:33.00, Total: 00:06:40.04, Turn count: 14
Cunnilinux (ILYXA`): Turn: 00:06:11.06, Retreat: 00:00:39.76, Total: 00:06:50.82, Turn count: 14

End of round 2

Round time: 0:19:19
Total game time elapsed: Unknown

Cunnilinux wins the round.

Worm of the round: Monetochka (Cunnilinux)
Most damage with one shot: 140 - Dora (Cunnilinux)
