Game ID: "12336859"
Game Started at 2021-02-16 19:11:03 GMT
Game Engine Version: 3.8.1
File Format Version: 3.7.3.0 - 3.8.1
Exported with Version: 3.8.1 (Steam)

Red:  "NNNxDario"       as "algunos" [Local Player] [Host]
Blue: "Autistic-Guitar" as "Deutsches Reich"

[00:00:00.00] ••• algunos (NNNxDario) starts turn
[00:00:00.68] [NNNxDario] hf
[00:00:07.80] ••• algunos (NNNxDario) fires Ninja Rope
[00:00:31.52] ••• algunos (NNNxDario) uses Parachute
[00:00:45.10] ••• algunos (NNNxDario) fires Grenade (5 sec, min bounce)
[00:00:50.22] ••• algunos (NNNxDario) ends turn; time used: 37.68 sec turn, 3.00 sec retreat
[00:01:05.32] ••• Damage dealt: 24 to algunos (NNNxDario), 152 (1 kill) to Deutsches Reich (Autistic-Guitar)
[00:01:05.32] ••• Deutsches Reich (Autistic-Guitar) starts turn
[00:01:21.66] ••• Deutsches Reich (Autistic-Guitar) fires Bazooka
[00:01:25.44] ••• Deutsches Reich (Autistic-Guitar) ends turn; time used: 11.34 sec turn, 3.00 sec retreat
[00:01:29.86] ••• Damage dealt: 36 to algunos (NNNxDario)
[00:01:29.86] ••• algunos (NNNxDario) starts turn
[00:01:42.80] ••• algunos (NNNxDario) fires Shotgun
[00:01:52.12] ••• algunos (NNNxDario) fires Shotgun
[00:01:56.28] ••• algunos (NNNxDario) ends turn; time used: 15.04 sec turn, 3.00 sec retreat
[00:02:00.70] ••• Damage dealt: 62 to Deutsches Reich (Autistic-Guitar)
[00:02:00.70] ••• Deutsches Reich (Autistic-Guitar) starts turn
[00:02:24.20] ••• Deutsches Reich (Autistic-Guitar) fires Grenade (3 sec, min bounce)
[00:02:27.52] ••• Deutsches Reich (Autistic-Guitar) ends turn; time used: 20.96 sec turn, 3.00 sec retreat
[00:02:30.68] ••• algunos (NNNxDario) starts turn
[00:02:32.74] ••• algunos (NNNxDario) fires Select Worm
[00:02:39.00] ••• algunos (NNNxDario) uses Bungee
[00:02:56.98] ••• algunos (NNNxDario) fires Dynamite
[00:03:02.16] ••• algunos (NNNxDario) ends turn; time used: 25.76 sec turn, 5.00 sec retreat
[00:03:20.54] ••• Damage dealt: 153 (2 kills) to Deutsches Reich (Autistic-Guitar)
[00:03:20.54] ••• Deutsches Reich (Autistic-Guitar) starts turn
[00:03:36.16] ••• Deutsches Reich (Autistic-Guitar) fires Bazooka
[00:03:39.92] ••• Deutsches Reich (Autistic-Guitar) ends turn; time used: 13.82 sec turn, 3.00 sec retreat
[00:03:44.02] ••• Damage dealt: 22 to algunos (NNNxDario), 48 to Deutsches Reich (Autistic-Guitar)
[00:03:44.02] ••• algunos (NNNxDario) starts turn
[00:03:45.90] ••• algunos (NNNxDario) fires Select Worm
[00:03:51.62] ••• algunos (NNNxDario) fires Ninja Rope
[00:04:11.88] ••• algunos (NNNxDario) uses Parachute
[00:04:29.08] ••• algunos (NNNxDario) fires Bazooka
[00:04:30.46] ••• algunos (NNNxDario) loses turn due to loss of control; time used: 40.62 sec turn, 0.00 sec retreat
[00:04:35.62] ••• Damage dealt: 43 to algunos (NNNxDario), 14 to Deutsches Reich (Autistic-Guitar)
[00:04:35.62] ••• Deutsches Reich (Autistic-Guitar) starts turn
[00:04:45.96] ••• Deutsches Reich (Autistic-Guitar) fires Teleport
[00:04:48.44] ••• Deutsches Reich (Autistic-Guitar) ends turn; time used: 5.34 sec turn, 0.02 sec retreat
[00:04:49.12] ••• algunos (NNNxDario) starts turn
[00:05:02.62] ••• algunos (NNNxDario) fires Ninja Rope
[00:05:33.84] ••• algunos (NNNxDario) fires Holy Hand-Grenade
[00:05:38.78] ••• algunos (NNNxDario) loses turn due to loss of control; time used: 43.02 sec turn, 3.00 sec retreat
[00:05:49.94] ••• Damage dealt: 46 to algunos (NNNxDario), 171 (1 kill) to Deutsches Reich (Autistic-Guitar)
[00:05:49.94] ••• Deutsches Reich (Autistic-Guitar) starts turn
[00:05:58.50] ••• Deutsches Reich (Autistic-Guitar) fires Bazooka
[00:06:02.26] ••• Deutsches Reich (Autistic-Guitar) ends turn; time used: 5.78 sec turn, 3.00 sec retreat
[00:06:06.28] ••• algunos (NNNxDario) starts turn
[00:06:24.68] ••• algunos (NNNxDario) fires Grenade (5 sec, min bounce)
[00:06:29.80] ••• algunos (NNNxDario) ends turn; time used: 18.38 sec turn, 3.00 sec retreat
[00:06:41.76] ••• Damage dealt: 60 (2 kills) to Deutsches Reich (Autistic-Guitar)
[00:06:41.76] ••• Deutsches Reich (Autistic-Guitar) starts turn
[00:06:52.30] ••• Deutsches Reich (Autistic-Guitar) fires Air Strike
[00:06:55.78] ••• Deutsches Reich (Autistic-Guitar) ends turn; time used: 5.54 sec turn, 3.00 sec retreat
[00:07:00.50] ••• Damage dealt: 45 to algunos (NNNxDario)
[00:07:00.50] ••• algunos (NNNxDario) starts turn
[00:07:06.82] ••• algunos (NNNxDario) fires Select Worm
[00:07:18.44] ••• algunos (NNNxDario) fires Jet Pack
[00:07:23.66] ••• algunos (NNNxDario) fires Sheep
[00:07:28.66] ••• algunos (NNNxDario) used 30 (22) units of Jet Pack fuel
[00:07:28.68] ••• algunos (NNNxDario) ends turn; time used: 20.90 sec turn, 5.00 sec retreat
[00:07:38.24] ••• Damage dealt: 10 to algunos (NNNxDario), 51 (1 kill) to Deutsches Reich (Autistic-Guitar)
[00:07:38.24] ••• Deutsches Reich (Autistic-Guitar) starts turn
[00:07:44.24] ••• Deutsches Reich (Autistic-Guitar) fires Dynamite
[00:07:47.96] [NNNxDario] gg
[00:07:49.28] ••• Deutsches Reich (Autistic-Guitar) loses turn due to loss of control; time used: 2.52 sec turn, 4.86 sec retreat
[00:07:56.94] [Autistic-Guitar] gg
[00:08:03.42] *** Round Finish acknowledged by Autistic-Guitar
[00:08:05.44] ••• Damage dealt: 42 (1 kill) to algunos (NNNxDario), 9 (1 kill) to Deutsches Reich (Autistic-Guitar)
[00:08:05.46] ••• Game Ends - Round Finished
[00:08:05.46] *** Round Finish acknowledged by NNNxDario

Team time totals:
algunos (NNNxDario):               Turn: 00:03:21.40, Retreat: 00:00:22.00, Total: 00:03:43.40, Turn count: 7
Deutsches Reich (Autistic-Guitar): Turn: 00:01:05.30, Retreat: 00:00:19.88, Total: 00:01:25.18, Turn count: 7

Total Jet Pack fuel used: 30

End of round 2

Round time: 0:08:05
Total game time elapsed: Unknown

algunos wins the match!

Worm of the round: nadie (algunos)

Most damage with one shot: 217 - siempre (algunos)
