Game ID: "12315829"
Game Started at 2021-02-10 01:43:03 GMT
Game Engine Version: 3.8
File Format Version: 3.7.3.0 - 3.8.1
Exported with Version: 3.8.1 (Steam)

Red:  "chesnut" as "gusis" [Local Player] [Host]
Blue: "AlfreX"  as "Dragon Ball"

[00:00:00.00] ••• Dragon Ball (AlfreX) starts turn
[00:00:28.74] ••• Dragon Ball (AlfreX) fires Fire Punch
[00:00:33.54] ••• Dragon Ball (AlfreX) ends turn; time used: 23.74 sec turn, 3.00 sec retreat
[00:00:37.02] ••• Damage dealt: 30 to gusis (chesnut)
[00:00:37.02] ••• gusis (chesnut) starts turn
[00:00:38.66] ••• gusis (chesnut) fires Select Worm
[00:00:50.34] ••• gusis (chesnut) fires Select Worm
[00:00:58.86] ••• gusis (chesnut) fires Ninja Rope
[00:01:18.60] ••• gusis (chesnut) fires Grenade (5 sec, min bounce)
[00:01:23.72] ••• gusis (chesnut) ends turn; time used: 38.42 sec turn, 3.00 sec retreat
[00:01:43.36] ••• Damage dealt: 180 (2 kills) to Dragon Ball (AlfreX)
[00:01:43.36] ••• Dragon Ball (AlfreX) starts turn
[00:01:49.12] ••• Dragon Ball (AlfreX) fires Select Worm
[00:01:55.66] ••• Dragon Ball (AlfreX) fires Grenade (3 sec, min bounce)
[00:01:59.12] ••• Dragon Ball (AlfreX) ends turn; time used: 11.78 sec turn, 3.00 sec retreat
[00:02:06.52] ••• Damage dealt: 90 (1 kill) to gusis (chesnut)
[00:02:06.52] ••• gusis (chesnut) starts turn
[00:02:24.52] ••• gusis (chesnut) fires Ninja Rope
[00:02:36.94] ••• gusis (chesnut) fires Longbow
[00:02:54.54] ••• gusis (chesnut) fires Longbow
[00:02:57.62] ••• gusis (chesnut) ends turn; time used: 37.08 sec turn, 3.00 sec retreat
[00:03:01.94] ••• Damage dealt: 105 (1 kill) to Dragon Ball (AlfreX)
[00:03:01.94] ••• Dragon Ball (AlfreX) starts turn
[00:03:19.70] ••• Dragon Ball (AlfreX) fires Dragon Ball
[00:03:24.22] ••• Dragon Ball (AlfreX) ends turn; time used: 12.76 sec turn, 3.00 sec retreat
[00:03:28.60] ••• Damage dealt: 90 (1 kill) to gusis (chesnut)
[00:03:28.60] ••• gusis (chesnut) starts turn
[00:03:29.36] ••• gusis (chesnut) fires Jet Pack
[00:03:37.12] ••• gusis (chesnut) used 30 units of Jet Pack fuel
[00:03:42.10] ••• gusis (chesnut) fires Select Worm
[00:04:16.30] ••• gusis (chesnut) fires Dynamite
[00:04:21.48] ••• gusis (chesnut) ends turn; time used: 44.34 sec turn, 5.00 sec retreat
[00:04:29.36] ••• Damage dealt: 201 (1 kill) to Dragon Ball (AlfreX)
[00:04:29.36] ••• Dragon Ball (AlfreX) starts turn
[00:04:34.30] ••• Dragon Ball (AlfreX) fires Select Worm
[00:04:43.08] ••• Dragon Ball (AlfreX) uses Bungee
[00:04:56.46] ••• Dragon Ball (AlfreX) fires Dragon Ball
[00:05:00.98] ••• Dragon Ball (AlfreX) ends turn; time used: 23.60 sec turn, 3.00 sec retreat
[00:05:05.18] ••• Damage dealt: 90 (1 kill) to gusis (chesnut)
[00:05:05.18] ••• gusis (chesnut) starts turn
[00:05:25.92] ••• gusis (chesnut) fires Low Gravity
[00:05:28.50] ••• gusis (chesnut) fires Longbow
[00:05:51.82] ••• gusis (chesnut) fires Longbow
[00:05:54.90] ••• gusis (chesnut) ends turn; time used: 37.48 sec turn, 3.00 sec retreat
[00:06:00.12] ••• Damage dealt: 54 (2 kills) to Dragon Ball (AlfreX)
[00:06:00.12] ••• Dragon Ball (AlfreX) starts turn
[00:06:07.30] ••• Dragon Ball (AlfreX) uses Parachute
[00:06:15.32] ••• Dragon Ball (AlfreX) fires Longbow
[00:06:42.98] ••• Dragon Ball (AlfreX) fires Longbow
[00:06:46.06] ••• Dragon Ball (AlfreX) ends turn; time used: 36.00 sec turn, 3.00 sec retreat
[00:06:51.28] ••• Damage dealt: 60 (1 kill) to gusis (chesnut)
[00:06:51.28] ••• gusis (chesnut) starts turn
[00:07:10.20] ••• gusis (chesnut) fires Ninja Rope
[00:07:11.96] ••• gusis (chesnut) fires Ninja Rope
[00:07:30.46] ••• gusis (chesnut) fires Longbow
[00:07:37.44] ••• gusis (chesnut) fires Longbow
[00:07:40.52] ••• gusis (chesnut) ends turn; time used: 38.82 sec turn, 3.00 sec retreat
[00:07:45.74] ••• Damage dealt: 90 (1 kill) to Dragon Ball (AlfreX)
[00:07:45.74] ••• Dragon Ball (AlfreX) starts turn
[00:07:48.54] ••• Dragon Ball (AlfreX) fires Ninja Rope
[00:07:50.74] ••• Dragon Ball (AlfreX) fires Ninja Rope
[00:07:54.42] ••• Dragon Ball (AlfreX) fires Ninja Rope
[00:08:01.38] ••• Dragon Ball (AlfreX) fires Blow Torch
[00:08:09.42] ••• Dragon Ball (AlfreX) ends turn; time used: 14.84 sec turn, 3.00 sec retreat
[00:08:13.84] ••• Damage dealt: 15 to gusis (chesnut)
[00:08:13.84] ••• gusis (chesnut) starts turn
[00:08:28.48] ••• gusis (chesnut) fires Flame Thrower
[00:08:35.96] ••• gusis (chesnut) ends turn; time used: 13.66 sec turn, 3.00 sec retreat
[00:08:38.98] ••• Damage dealt: 47 to Dragon Ball (AlfreX)
[00:08:38.98] ••• Dragon Ball (AlfreX) starts turn
[00:08:43.80] ••• Dragon Ball (AlfreX) fires Ninja Rope
[00:08:48.46] ••• Dragon Ball (AlfreX) fires Ninja Rope
[00:09:05.22] ••• Dragon Ball (AlfreX) fires Bazooka
[00:09:08.76] ••• Dragon Ball (AlfreX) ends turn; time used: 24.76 sec turn, 3.00 sec retreat
[00:09:11.90] ••• Damage dealt: 46 to gusis (chesnut)
[00:09:11.90] ••• gusis (chesnut) starts turn
[00:09:17.76] ••• gusis (chesnut) uses Bungee
[00:09:40.14] ••• gusis (chesnut) fires Ninja Rope
[00:09:54.74] ••• gusis (chesnut) fires Mine
[00:09:59.92] ••• gusis (chesnut) ends turn; time used: 39.48 sec turn, 5.00 sec retreat
[00:10:18.14] ••• Damage dealt: 43 (1 kill) to Dragon Ball (AlfreX)
[00:10:18.16] ••• Game Ends - Round Finished
[00:10:18.16] *** Round Finish acknowledged by chesnut
[00:10:20.76] *** Round Finish acknowledged by AlfreX

Team time totals:
gusis (chesnut):      Turn: 00:04:09.28, Retreat: 00:00:25.00, Total: 00:04:34.28, Turn count: 7
Dragon Ball (AlfreX): Turn: 00:02:27.48, Retreat: 00:00:21.00, Total: 00:02:48.48, Turn count: 7

Total Jet Pack fuel used: 30

End of round 1

Round time: 0:10:18
Total game time elapsed: 0:10:18

gusis wins the round.

Worm of the round: gusatro (gusis)
Most damage with one shot: 170 - gusatro (gusis)
