Game ID: "12330540"
Game Started at 2021-02-14 16:16:44 GMT
Game Engine Version: 3.8
File Format Version: 3.7.3.0 - 3.8.1
Exported with Version: 3.8.1 (Steam)

Red:  "NNNxDario"    as "algunos" [Local Player] [Host]
Blue: "xPoDxSilaneo" as "U2 Heroes"

[00:00:00.00] [NNNxDario] have fun mate
[00:00:00.00] ••• U2 Heroes (xPoDxSilaneo) starts turn
[00:00:22.12] ••• U2 Heroes (xPoDxSilaneo) fires Ninja Rope
[00:00:36.08] ••• U2 Heroes (xPoDxSilaneo) uses Parachute
[00:00:38.08] [NNNxDario] nk
[00:00:45.92] ••• U2 Heroes (xPoDxSilaneo) fires Bazooka
[00:00:50.06] ••• U2 Heroes (xPoDxSilaneo) ends turn; time used: 40.80 sec turn, 3.00 sec retreat
[00:00:52.28] [xPoDxSilaneo] hf
[00:00:53.70] [xPoDxSilaneo] t
[00:01:07.40] ••• Damage dealt: 180 (2 kills) to algunos (NNNxDario)
[00:01:07.40] ••• algunos (NNNxDario) starts turn
[00:01:10.32] ••• algunos (NNNxDario) fires Select Worm
[00:01:12.48] ••• algunos (NNNxDario) fires Ninja Rope
[00:01:43.72] ••• algunos (NNNxDario) fires Sheep
[00:01:46.90] ••• algunos (NNNxDario) ends turn; time used: 32.46 sec turn, 3.00 sec retreat
[00:02:01.66] ••• Damage dealt: 150 (1 kill) to U2 Heroes (xPoDxSilaneo)
[00:02:01.66] ••• U2 Heroes (xPoDxSilaneo) starts turn
[00:02:06.84] ••• U2 Heroes (xPoDxSilaneo) fires Select Worm
[00:02:36.26] ••• U2 Heroes (xPoDxSilaneo) fires Baseball Bat
[00:02:39.84] ••• U2 Heroes (xPoDxSilaneo) ends turn; time used: 32.38 sec turn, 3.00 sec retreat
[00:02:45.24] ••• Damage dealt: 90 (1 kill) to algunos (NNNxDario)
[00:02:45.24] ••• algunos (NNNxDario) starts turn
[00:03:09.20] ••• algunos (NNNxDario) fires Select Worm
[00:03:14.90] ••• algunos (NNNxDario) fires Ninja Rope
[00:03:34.60] ••• algunos (NNNxDario) fires Dynamite
[00:03:39.78] ••• algunos (NNNxDario) ends turn; time used: 44.16 sec turn, 5.00 sec retreat
[00:03:44.58] [NNNxDario] ow
[00:03:47.00] [xPoDxSilaneo] aw bl
[00:03:50.96] [NNNxDario] wiiii
[00:03:53.10] [xPoDxSilaneo] lol
[00:03:54.88] ••• Damage dealt: 32 to algunos (NNNxDario), 120 (2 kills) to U2 Heroes (xPoDxSilaneo)
[00:03:54.88] ••• U2 Heroes (xPoDxSilaneo) starts turn
[00:04:07.12] ••• U2 Heroes (xPoDxSilaneo) fires Dynamite
[00:04:12.16] ••• U2 Heroes (xPoDxSilaneo) loses turn due to loss of control; time used: 10.28 sec turn, 4.86 sec retreat
[00:04:19.20] ••• Damage dealt: 82 to algunos (NNNxDario), 18 to U2 Heroes (xPoDxSilaneo)
[00:04:19.20] ••• algunos (NNNxDario) starts turn
[00:04:25.98] ••• algunos (NNNxDario) fires Select Worm
[00:04:35.38] ••• algunos (NNNxDario) fires Jet Pack
[00:04:44.98] ••• algunos (NNNxDario) used 28 units of Jet Pack fuel
[00:05:07.10] ••• algunos (NNNxDario) fires Baseball Bat
[00:05:10.68] ••• algunos (NNNxDario) ends turn; time used: 42.72 sec turn, 3.00 sec retreat
[00:05:15.00] ••• Damage dealt: 90 (1 kill) to U2 Heroes (xPoDxSilaneo)
[00:05:15.00] ••• U2 Heroes (xPoDxSilaneo) starts turn
[00:05:25.02] ••• U2 Heroes (xPoDxSilaneo) fires Select Worm
[00:05:35.14] ••• U2 Heroes (xPoDxSilaneo) fires Ninja Rope
[00:05:56.76] ••• U2 Heroes (xPoDxSilaneo) fires Mine
[00:06:01.94] ••• U2 Heroes (xPoDxSilaneo) ends turn; time used: 38.14 sec turn, 5.00 sec retreat
[00:06:05.32] [xPoDxSilaneo] :/
[00:06:06.92] [NNNxDario] oof
[00:06:09.00] ••• Damage dealt: 47 to algunos (NNNxDario)
[00:06:09.00] ••• algunos (NNNxDario) starts turn
[00:06:24.14] ••• algunos (NNNxDario) fires Girder
[00:06:27.22] ••• algunos (NNNxDario) ends turn; time used: 13.54 sec turn, 3.00 sec retreat
[00:06:29.24] ••• U2 Heroes (xPoDxSilaneo) starts turn
[00:06:48.40] ••• U2 Heroes (xPoDxSilaneo) fires Girder
[00:06:51.48] ••• U2 Heroes (xPoDxSilaneo) ends turn; time used: 16.98 sec turn, 3.00 sec retreat
[00:06:53.50] ••• algunos (NNNxDario) starts turn
[00:06:58.84] ••• algunos (NNNxDario) fires Shotgun
[00:07:06.12] ••• algunos (NNNxDario) fires Shotgun
[00:07:10.28] ••• algunos (NNNxDario) ends turn; time used: 7.24 sec turn, 3.00 sec retreat
[00:07:14.30] ••• U2 Heroes (xPoDxSilaneo) starts turn
[00:07:46.82] ••• U2 Heroes (xPoDxSilaneo) fires Girder
[00:07:49.90] ••• U2 Heroes (xPoDxSilaneo) ends turn; time used: 27.52 sec turn, 3.00 sec retreat
[00:07:51.92] ••• algunos (NNNxDario) starts turn
[00:08:34.44] ••• algunos (NNNxDario) fires Holy Hand-Grenade
[00:08:38.72] [xPoDxSilaneo] ooo
[00:08:39.34] ••• algunos (NNNxDario) loses turn due to loss of control; time used: 42.50 sec turn, 3.00 sec retreat
[00:08:44.86] [xPoDxSilaneo] hhg^^
[00:08:44.86] [NNNxDario] poing
[00:08:53.06] [NNNxDario] :3
[00:08:54.62] ••• Damage dealt: 8 (1 kill) to algunos (NNNxDario), 155 (1 kill) to U2 Heroes (xPoDxSilaneo)
[00:08:54.62] ••• U2 Heroes (xPoDxSilaneo) starts turn
[00:08:58.56] [xPoDxSilaneo] i thought You have pigeons ;p
[00:09:21.64] ••• U2 Heroes (xPoDxSilaneo) fires Shotgun
[00:09:46.20] ••• U2 Heroes (xPoDxSilaneo) fires Shotgun
[00:09:50.36] ••• U2 Heroes (xPoDxSilaneo) ends turn; time used: 44.48 sec turn, 3.00 sec retreat
[00:09:54.38] ••• algunos (NNNxDario) starts turn
[00:10:17.94] ••• algunos (NNNxDario) fires Shotgun
[00:10:33.12] ••• algunos (NNNxDario) fires Shotgun
[00:10:37.28] ••• algunos (NNNxDario) ends turn; time used: 35.98 sec turn, 3.00 sec retreat
[00:10:46.64] ••• Damage dealt: 25 (1 kill) to U2 Heroes (xPoDxSilaneo)
[00:10:46.64] ••• U2 Heroes (xPoDxSilaneo) starts turn
[00:11:00.36] ••• U2 Heroes (xPoDxSilaneo) fires Jet Pack
[00:11:09.20] ••• U2 Heroes (xPoDxSilaneo) used 30 units of Jet Pack fuel
[00:11:15.50] ••• U2 Heroes (xPoDxSilaneo) fires Ninja Rope
[00:11:32.70] ••• U2 Heroes (xPoDxSilaneo) fires Sheep
[00:11:35.72] ••• U2 Heroes (xPoDxSilaneo) ends turn; time used: 44.48 sec turn, 3.00 sec retreat
[00:11:38.62] [xPoDxSilaneo] ehh;p
[00:11:40.44] [NNNxDario] wops
[00:11:41.80] ••• Damage dealt: 60 to algunos (NNNxDario)
[00:11:41.80] ••• algunos (NNNxDario) starts turn
[00:11:59.14] ••• algunos (NNNxDario) fires Air Strike
[00:12:02.62] ••• algunos (NNNxDario) ends turn; time used: 12.34 sec turn, 3.00 sec retreat
[00:12:16.56] ••• Damage dealt: 90 (1 kill) to U2 Heroes (xPoDxSilaneo)
[00:12:16.56] ••• U2 Heroes (xPoDxSilaneo) starts turn
[00:12:24.02] ••• U2 Heroes (xPoDxSilaneo) fires Ninja Rope
[00:12:34.96] ••• U2 Heroes (xPoDxSilaneo) uses Bungee
[00:12:45.46] ••• U2 Heroes (xPoDxSilaneo) fires Ninja Rope
[00:13:02.28] ••• U2 Heroes (xPoDxSilaneo) fires Homing Pigeon
[00:13:02.62] ••• U2 Heroes (xPoDxSilaneo) loses turn due to loss of control; time used: 44.40 sec turn, 0.26 sec retreat
[00:13:11.88] [xPoDxSilaneo] gg^^
[00:13:16.06] ••• Damage dealt: 83 (1 kill) to algunos (NNNxDario), 31 to U2 Heroes (xPoDxSilaneo)
[00:13:16.06] ••• algunos (NNNxDario) starts turn
[00:13:16.44] [NNNxDario] ow
[00:13:20.92] ••• algunos (NNNxDario) fires Ninja Rope
[00:13:30.12] ••• algunos (NNNxDario) fires Mine
[00:13:35.14] ••• algunos (NNNxDario) ends turn; time used: 12.90 sec turn, 5.00 sec retreat
[00:13:36.50] [NNNxDario] hmm
[00:13:38.70] [NNNxDario] gg
[00:13:44.10] [xPoDxSilaneo] ;]
[00:13:51.42] ••• Damage dealt: 6 to algunos (NNNxDario), 41 (1 kill) to U2 Heroes (xPoDxSilaneo)
[00:13:51.44] ••• Game Ends - Round Finished
[00:13:51.44] *** Round Finish acknowledged by NNNxDario
[00:13:53.90] *** Round Finish acknowledged by xPoDxSilaneo

Team time totals:
algunos (NNNxDario):      Turn: 00:04:03.84, Retreat: 00:00:31.00, Total: 00:04:34.84, Turn count: 9
U2 Heroes (xPoDxSilaneo): Turn: 00:04:59.46, Retreat: 00:00:28.12, Total: 00:05:27.58, Turn count: 9

Total Jet Pack fuel used: 58

End of round 1

Round time: 0:13:51
Total game time elapsed: 0:13:51

algunos wins the round.

Worm of the round: quién (algunos)
Most kills with one shot: 2 - alguien (algunos)
Most damage with one shot: 159 - One (U2 Heroes)
