Game ID: "12337333"
Game Started at 2021-02-16 21:41:36 GMT
Game Engine Version: 3.8
File Format Version: 3.7.3.0 - 3.8.1.1
Exported with Version: 3.8.1.1[TA] (Steam)

Red:  "Veals" as "Veals" [Local Player] [Host]
Blue: "rider" as "nimesulida"

[00:00:00.00] ••• Veals (Veals) starts turn
[00:00:06.66] [Veals] lol
[00:00:08.22] [Veals] bl
[00:00:12.96] [rider] lol
[00:00:15.44] ••• Veals (Veals) fires Ninja Rope
[00:00:19.88] [rider] .....gg hahahah
[00:00:42.66] ••• Veals (Veals) fires Shotgun
[00:00:48.36] [Veals] xd
[00:00:59.26] ••• Veals (Veals) fires Shotgun
[00:01:03.42] ••• Veals (Veals) ends turn; time used: 43.74 sec turn, 3.00 sec retreat
[00:01:09.04] ••• Damage dealt: 280 (3 kills) to nimesulida (rider)
[00:01:09.04] ••• nimesulida (rider) starts turn
[00:01:15.66] ••• nimesulida (rider) fires Select Worm
[00:01:26.00] ••• nimesulida (rider) fires Select Worm
[00:01:29.70] ••• nimesulida (rider) fires Ninja Rope
[00:01:40.24] ••• nimesulida (rider) fires Baseball Bat
[00:01:43.52] ••• nimesulida (rider) ends turn; time used: 30.44 sec turn, 3.00 sec retreat
[00:01:48.60] ••• Damage dealt: 90 (1 kill) to Veals (Veals)
[00:01:48.60] ••• Veals (Veals) starts turn
[00:01:50.46] ••• Veals (Veals) fires Select Worm
[00:01:58.44] ••• Veals (Veals) fires Ninja Rope
[00:02:08.24] ••• Veals (Veals) fires Mad Cow (herd of 2)
[00:02:09.44] ••• Veals (Veals) loses turn due to loss of control; time used: 17.96 sec turn, 0.16 sec retreat
[00:02:17.32] [rider] wow lol
[00:02:24.08] ••• Damage dealt: 30 to Veals (Veals), 156 (1 kill) to nimesulida (rider)
[00:02:24.08] ••• nimesulida (rider) starts turn
[00:02:24.10] [Veals] tnx)
[00:02:31.04] ••• nimesulida (rider) fires Select Worm
[00:02:37.46] ••• nimesulida (rider) fires Ninja Rope
[00:02:47.58] ••• nimesulida (rider) fires Ninja Rope
[00:03:05.40] ••• nimesulida (rider) fires Mad Cow (herd of 2)
[00:03:09.40] ••• nimesulida (rider) ends turn; time used: 39.36 sec turn, 3.00 sec retreat
[00:03:14.46] ••• Damage dealt: 166 to Veals (Veals)
[00:03:14.46] ••• Veals (Veals) starts turn
[00:03:19.24] [rider] ohh jesus
[00:03:26.78] ••• Veals (Veals) fires Select Worm
[00:03:30.28] ••• Veals (Veals) fires Jet Pack
[00:03:37.14] ••• Veals (Veals) used 19 units of Jet Pack fuel
[00:03:41.04] ••• Veals (Veals) fires Ninja Rope
[00:03:52.48] ••• Veals (Veals) fires Baseball Bat
[00:03:56.06] ••• Veals (Veals) ends turn; time used: 32.24 sec turn, 3.00 sec retreat
[00:04:00.52] ••• Damage dealt: 90 (1 kill) to nimesulida (rider)
[00:04:00.52] ••• nimesulida (rider) starts turn
[00:04:25.16] ••• nimesulida (rider) fires Ninja Rope
[00:04:43.98] ••• nimesulida (rider) fires Low Gravity
[00:04:45.94] ••• nimesulida (rider) fires Fire Punch
[00:04:51.74] ••• nimesulida (rider) ends turn; time used: 42.74 sec turn, 3.00 sec retreat
[00:04:57.36] ••• Damage dealt: 90 (1 kill) to Veals (Veals)
[00:04:57.36] ••• Veals (Veals) starts turn
[00:05:05.52] ••• Veals (Veals) fires Ninja Rope
[00:05:31.46] ••• Veals (Veals) fires Dynamite
[00:05:36.50] ••• Veals (Veals) loses turn due to loss of control; time used: 28.92 sec turn, 4.86 sec retreat
[00:05:44.78] ••• Damage dealt: 68 to Veals (Veals), 90 (1 kill) to nimesulida (rider)
[00:05:44.78] ••• nimesulida (rider) starts turn
[00:05:59.20] ••• nimesulida (rider) fires Ninja Rope
[00:06:07.80] ••• nimesulida (rider) fires Dynamite
[00:06:12.98] ••• nimesulida (rider) ends turn; time used: 20.98 sec turn, 5.00 sec retreat
[00:06:19.74] ••• Damage dealt: 71 to Veals (Veals)
[00:06:19.74] ••• Veals (Veals) starts turn
[00:06:27.06] ••• Veals (Veals) fires Low Gravity
[00:06:33.94] ••• Veals (Veals) fires Parachute
[00:06:50.60] ••• Veals (Veals) fires Sheep
[00:06:55.84] [Veals] >_>
[00:06:59.18] ••• Veals (Veals) ends turn; time used: 27.14 sec turn, 3.00 sec retreat
[00:07:04.18] [rider] OO
[00:07:14.00] ••• Damage dealt: 14 (2 kills) to Veals (Veals)
[00:07:14.00] ••• nimesulida (rider) starts turn
[00:07:20.40] ••• nimesulida (rider) fires Parachute
[00:07:33.98] ••• nimesulida (rider) fires Cluster Bomb (3 sec, min bounce)
[00:07:37.24] ••• nimesulida (rider) ends turn; time used: 17.92 sec turn, 3.00 sec retreat
[00:07:39.72] [rider] ???
[00:07:42.52] ••• Damage dealt: 68 to Veals (Veals)
[00:07:42.52] ••• Veals (Veals) starts turn
[00:07:46.60] [Veals]   low damage
[00:07:55.90] ••• Veals (Veals) fires Shotgun
[00:07:58.76] ••• Veals (Veals) fires Shotgun
[00:08:02.92] ••• Veals (Veals) ends turn; time used: 9.14 sec turn, 3.00 sec retreat
[00:08:12.28] ••• Damage dealt: 14 (1 kill) to nimesulida (rider)
[00:08:12.28] ••• nimesulida (rider) starts turn
[00:08:33.28] ••• nimesulida (rider) fires Parachute
[00:08:42.08] ••• nimesulida (rider) fires Shotgun
[00:08:53.88] ••• nimesulida (rider) fires Shotgun
[00:08:58.04] ••• nimesulida (rider) ends turn; time used: 35.02 sec turn, 3.00 sec retreat
[00:09:07.40] ••• Damage dealt: 31 (1 kill) to Veals (Veals)
[00:09:07.40] ••• Veals (Veals) starts turn
[00:09:33.70] ••• Veals (Veals) fires Battle Axe
[00:09:38.60] ••• Veals (Veals) ends turn; time used: 25.52 sec turn, 3.00 sec retreat
[00:09:43.02] ••• Damage dealt: 45 to nimesulida (rider)
[00:09:43.02] ••• nimesulida (rider) starts turn
[00:09:44.46] ••• nimesulida (rider) fires Air Strike
[00:09:47.94] ••• nimesulida (rider) ends turn; time used: 1.08 sec turn, 3.00 sec retreat
[00:09:57.52] ••• Damage dealt: 22 (1 kill) to Veals (Veals)
[00:09:57.52] ••• Veals (Veals) starts turn
[00:09:59.32] ••• Veals (Veals) fires Select Worm
[00:10:04.72] [rider] gg
[00:10:07.48] [Veals] gg
[00:10:13.02] ••• Veals (Veals) fires Shotgun
[00:10:18.76] ••• Veals (Veals) fires Shotgun
[00:10:21.78] ••• Veals (Veals) ends turn; time used: 14.80 sec turn, 1.88 sec retreat
[00:10:22.00] [rider] bb
[00:10:23.42] [rider] cya
[00:10:26.00] [Veals] cya
[00:10:35.98] ••• Damage dealt: 45 (1 kill) to nimesulida (rider)
[00:10:36.00] ••• Game Ends - Round Finished
[00:10:36.00] *** Round Finish acknowledged by Veals
[00:10:38.38] *** Round Finish acknowledged by rider

Team time totals:
Veals (Veals):      Turn: 00:03:19.46, Retreat: 00:00:21.90, Total: 00:03:41.36, Turn count: 8
nimesulida (rider): Turn: 00:03:07.54, Retreat: 00:00:23.00, Total: 00:03:30.54, Turn count: 7

Total Jet Pack fuel used: 19

End of round 3

Round time: 0:10:36
Total game time elapsed: Unknown

Veals wins the match!

Worm of the round: ?ep?? 1 (Veals)

Most kills with one shot: 2 - ?ep?? 1 (Veals)
Most damage with one shot: 180 - ?ep?? 1 (Veals)
