Game ID: "12311020"
Game Started at 2021-02-08 12:55:34 GMT
Game Engine Version: 3.8
File Format Version: 3.7.3.0 - 3.8.1
Exported with Version: 3.8.1 (Steam)

Red:  "NNNxDario"    as "algunos" [Local Player] [Host]
Blue: "MIGHTY`taner" as "asn"

[00:00:00.00] ••• asn (MIGHTY`taner) starts turn
[00:00:14.66] ••• asn (MIGHTY`taner) fires Select Worm
[00:00:21.38] ••• asn (MIGHTY`taner) fires Ninja Rope
[00:00:37.78] ••• asn (MIGHTY`taner) fires Dynamite
[00:00:42.82] ••• asn (MIGHTY`taner) loses turn due to loss of control; time used: 32.64 sec turn, 4.86 sec retreat
[00:00:51.82] ••• Damage dealt: 203 (2 kills) to algunos (NNNxDario), 32 to asn (MIGHTY`taner)
[00:00:51.82] ••• algunos (NNNxDario) starts turn
[00:00:53.04] ••• algunos (NNNxDario) fires Select Worm
[00:01:02.72] ••• algunos (NNNxDario) fires Ninja Rope
[00:01:03.38] ••• algunos (NNNxDario) fires Ninja Rope
[00:01:05.16] ••• algunos (NNNxDario) fires Ninja Rope
[00:01:18.00] ••• algunos (NNNxDario) fires Shotgun
[00:01:38.58] ••• algunos (NNNxDario) fires Shotgun
[00:01:42.74] ••• algunos (NNNxDario) ends turn; time used: 34.28 sec turn, 3.00 sec retreat
[00:01:45.44] ••• Damage dealt: 87 to asn (MIGHTY`taner)
[00:01:45.44] ••• asn (MIGHTY`taner) starts turn
[00:01:53.84] ••• asn (MIGHTY`taner) fires Shotgun
[00:02:00.58] ••• asn (MIGHTY`taner) fires Shotgun
[00:02:04.74] ••• asn (MIGHTY`taner) ends turn; time used: 7.74 sec turn, 3.00 sec retreat
[00:02:09.16] ••• Damage dealt: 50 to algunos (NNNxDario)
[00:02:09.16] ••• algunos (NNNxDario) starts turn
[00:02:16.66] ••• algunos (NNNxDario) fires Low Gravity
[00:02:34.24] ••• algunos (NNNxDario) fires Parachute
[00:02:56.56] ••• algunos (NNNxDario) fires Mine
[00:03:01.74] ••• algunos (NNNxDario) ends turn; time used: 43.62 sec turn, 5.00 sec retreat
[00:03:13.32] ••• Damage dealt: 21 to algunos (NNNxDario), 90 (1 kill) to asn (MIGHTY`taner)
[00:03:13.32] ••• asn (MIGHTY`taner) starts turn
[00:03:23.16] ••• asn (MIGHTY`taner) fires Ninja Rope
[00:03:33.28] ••• asn (MIGHTY`taner) fires Baseball Bat
[00:03:36.86] ••• asn (MIGHTY`taner) ends turn; time used: 17.16 sec turn, 3.00 sec retreat
[00:03:41.32] ••• Damage dealt: 69 (1 kill) to algunos (NNNxDario)
[00:03:41.32] ••• algunos (NNNxDario) starts turn
[00:03:57.62] ••• algunos (NNNxDario) fires Ninja Rope
[00:03:58.26] ••• algunos (NNNxDario) fires Ninja Rope
[00:03:58.80] ••• algunos (NNNxDario) fires Ninja Rope
[00:04:11.66] ••• algunos (NNNxDario) fires Baseball Bat
[00:04:15.24] ••• algunos (NNNxDario) ends turn; time used: 28.38 sec turn, 3.00 sec retreat
[00:04:19.96] ••• Damage dealt: 90 (1 kill) to asn (MIGHTY`taner)
[00:04:19.96] ••• asn (MIGHTY`taner) starts turn
[00:04:26.92] [MIGHTY`taner] bitcoin going for a new high
[00:04:34.54] [NNNxDario] hooray
[00:04:41.24] ••• asn (MIGHTY`taner) fires Jet Pack
[00:04:53.56] ••• asn (MIGHTY`taner) fires Mad Cow (herd of 2)
[00:04:58.98] ••• asn (MIGHTY`taner) used 30 (30) units of Jet Pack fuel
[00:04:59.56] ••• asn (MIGHTY`taner) ends turn; time used: 28.18 sec turn, 5.00 sec retreat
[00:05:14.28] ••• Damage dealt: 90 (1 kill) to algunos (NNNxDario), 35 to asn (MIGHTY`taner)
[00:05:14.28] ••• algunos (NNNxDario) starts turn
[00:05:15.78] ••• algunos (NNNxDario) fires Fire Punch
[00:05:20.24] ••• algunos (NNNxDario) ends turn; time used: 1.18 sec turn, 3.00 sec retreat
[00:05:24.66] ••• Damage dealt: 32 to asn (MIGHTY`taner)
[00:05:24.66] ••• asn (MIGHTY`taner) starts turn
[00:05:38.88] ••• asn (MIGHTY`taner) fires Ninja Rope
[00:05:50.30] ••• asn (MIGHTY`taner) fires Shotgun
[00:05:55.16] ••• asn (MIGHTY`taner) fires Shotgun
[00:05:59.32] ••• asn (MIGHTY`taner) ends turn; time used: 20.96 sec turn, 3.00 sec retreat
[00:06:02.14] ••• Damage dealt: 50 to algunos (NNNxDario)
[00:06:02.14] ••• algunos (NNNxDario) starts turn
[00:06:16.94] ••• algunos (NNNxDario) fires Select Worm
[00:06:23.12] ••• algunos (NNNxDario) fires Jet Pack
[00:06:33.40] ••• algunos (NNNxDario) used 30 units of Jet Pack fuel
[00:06:39.96] ••• algunos (NNNxDario) fires Cluster Bomb (5 sec, min bounce)
[00:06:45.06] ••• algunos (NNNxDario) ends turn; time used: 36.56 sec turn, 3.00 sec retreat
[00:06:58.76] ••• Damage dealt: 25 to algunos (NNNxDario), 65 (1 kill) to asn (MIGHTY`taner)
[00:06:58.76] ••• asn (MIGHTY`taner) starts turn
[00:07:05.72] ••• asn (MIGHTY`taner) fires Select Worm
[00:07:12.08] ••• asn (MIGHTY`taner) fires Ninja Rope
[00:07:23.60] ••• asn (MIGHTY`taner) fires Sheep
[00:07:28.62] ••• asn (MIGHTY`taner) ends turn; time used: 19.64 sec turn, 5.00 sec retreat
[00:07:39.84] ••• Damage dealt: 78 (1 kill) to algunos (NNNxDario)
[00:07:39.84] ••• algunos (NNNxDario) starts turn
[00:07:50.08] ••• algunos (NNNxDario) fires Ninja Rope
[00:07:51.10] ••• algunos (NNNxDario) fires Ninja Rope
[00:07:52.70] ••• algunos (NNNxDario) fires Ninja Rope
[00:07:53.80] ••• algunos (NNNxDario) fires Ninja Rope
[00:07:54.58] ••• algunos (NNNxDario) fires Ninja Rope
[00:07:55.64] ••• algunos (NNNxDario) fires Ninja Rope
[00:08:05.44] ••• algunos (NNNxDario) fires Holy Hand-Grenade
[00:08:10.46] ••• algunos (NNNxDario) ends turn; time used: 21.52 sec turn, 5.00 sec retreat
[00:08:25.74] ••• Damage dealt: 86 (2 kills) to asn (MIGHTY`taner)
[00:08:25.74] ••• asn (MIGHTY`taner) starts turn
[00:08:39.78] ••• asn (MIGHTY`taner) fires Shotgun
[00:08:46.10] ••• asn (MIGHTY`taner) fires Shotgun
[00:08:50.26] ••• asn (MIGHTY`taner) ends turn; time used: 13.26 sec turn, 3.00 sec retreat
[00:08:59.62] ••• Damage dealt: 4 (1 kill) to algunos (NNNxDario)
[00:08:59.62] ••• algunos (NNNxDario) starts turn
[00:09:12.62] ••• algunos (NNNxDario) fires Dynamite
[00:09:17.80] ••• algunos (NNNxDario) ends turn; time used: 12.16 sec turn, 5.00 sec retreat
[00:09:29.06] ••• Damage dealt: 72 (1 kill) to asn (MIGHTY`taner)
[00:09:29.06] ••• asn (MIGHTY`taner) starts turn
[00:09:36.22] ••• asn (MIGHTY`taner) fires Select Worm
[00:09:52.94] ••• asn (MIGHTY`taner) fires Ninja Rope
[00:10:05.12] ••• asn (MIGHTY`taner) fires Longbow
[00:10:19.14] ••• asn (MIGHTY`taner) fires Longbow
[00:10:22.22] ••• asn (MIGHTY`taner) ends turn; time used: 38.58 sec turn, 3.00 sec retreat
[00:10:25.00] ••• Damage dealt: 15 to algunos (NNNxDario)
[00:10:25.00] ••• algunos (NNNxDario) starts turn
[00:10:38.04] ••• algunos (NNNxDario) fires Select Worm
[00:10:54.68] ••• algunos (NNNxDario) fires Homing Missile
[00:10:58.38] ••• algunos (NNNxDario) ends turn; time used: 29.24 sec turn, 3.00 sec retreat
[00:11:02.60] ••• Damage dealt: 36 to asn (MIGHTY`taner)
[00:11:02.60] ••• asn (MIGHTY`taner) starts turn
[00:11:29.72] ••• asn (MIGHTY`taner) fires Girder
[00:11:32.80] ••• asn (MIGHTY`taner) ends turn; time used: 25.96 sec turn, 3.00 sec retreat
[00:11:34.82] ••• algunos (NNNxDario) starts turn
[00:11:37.68] ••• algunos (NNNxDario) fires Shotgun
[00:12:07.02] ••• algunos (NNNxDario) fires Shotgun
[00:12:11.18] ••• algunos (NNNxDario) ends turn; time used: 29.64 sec turn, 3.00 sec retreat
[00:12:20.00] ••• Damage dealt: 5 (1 kill) to asn (MIGHTY`taner)
[00:12:20.00] ••• asn (MIGHTY`taner) starts turn
[00:12:32.02] ••• asn (MIGHTY`taner) fires Teleport
[00:12:32.44] ••• resetting Jet Pack fuel use to 0
[00:12:34.50] ••• asn (MIGHTY`taner) ends turn; time used: 7.02 sec turn, 0.02 sec retreat
[00:12:35.06] ••• algunos (NNNxDario) starts turn
[00:12:46.54] ••• algunos (NNNxDario) fires Shotgun
[00:13:04.52] ••• algunos (NNNxDario) fires Shotgun
[00:13:08.68] ••• algunos (NNNxDario) ends turn; time used: 24.66 sec turn, 3.00 sec retreat
[00:13:13.10] ••• Damage dealt: 25 to asn (MIGHTY`taner)
[00:13:13.10] ••• asn (MIGHTY`taner) starts turn
[00:13:36.76] [MIGHTY`taner] idk
[00:13:45.56] ••• asn (MIGHTY`taner) fires Petrol Bomb
[00:13:50.26] ••• asn (MIGHTY`taner) ends turn; time used: 31.74 sec turn, 3.00 sec retreat
[00:13:53.50] ••• Damage dealt: 3 to algunos (NNNxDario)
[00:13:53.50] ••• algunos (NNNxDario) starts turn
[00:14:12.22] ••• algunos (NNNxDario) fires Grenade (1 sec, min bounce)
[00:14:16.12] ••• algunos (NNNxDario) ends turn; time used: 18.40 sec turn, 3.00 sec retreat
[00:14:19.22] ••• Damage dealt: 10 to algunos (NNNxDario), 8 to asn (MIGHTY`taner)
[00:14:19.22] ••• asn (MIGHTY`taner) starts turn
[00:14:49.40] ••• asn (MIGHTY`taner) fires Petrol Bomb
[00:14:53.32] ••• asn (MIGHTY`taner) ends turn; time used: 26.02 sec turn, 3.00 sec retreat
[00:14:57.74] ••• Damage dealt: 17 to algunos (NNNxDario)
[00:14:57.74] ••• algunos (NNNxDario) starts turn
[00:15:10.62] ••• algunos (NNNxDario) fires Shotgun
[00:15:18.96] ••• algunos (NNNxDario) fires Shotgun
[00:15:22.88] ••• algunos (NNNxDario) ends turn; time used: 13.80 sec turn, 2.78 sec retreat
[00:15:26.50] [MIGHTY`taner] lucky hoe
[00:15:27.60] [MIGHTY`taner] as always
[00:15:29.94] [NNNxDario] yep
[00:15:35.88] [NNNxDario] hoeing and luckboxing around
[00:15:40.22] ••• Damage dealt: 9 to algunos (NNNxDario), 57 (1 kill) to asn (MIGHTY`taner)
[00:15:40.24] ••• Game Ends - Round Finished
[00:15:40.24] *** Round Finish acknowledged by NNNxDario
[00:15:42.64] *** Round Finish acknowledged by MIGHTY`taner

Team time totals:
algunos (NNNxDario): Turn: 00:04:53.44, Retreat: 00:00:41.78, Total: 00:05:35.22, Turn count: 12
asn (MIGHTY`taner):  Turn: 00:04:28.90, Retreat: 00:00:38.88, Total: 00:05:07.78, Turn count: 12

End of round 2

Round time: 0:15:40
Total game time elapsed: Unknown

algunos wins the match!

Worm of the round: siempre (algunos)

Most damage with one shot: 235 - ?a?c (asn)
