Game ID: "12325467"
Game Started at 2021-02-13 08:49:38 GMT
Game Engine Version: 3.8
File Format Version: 3.7.3.0 - 3.8.1
Exported with Version: 3.8.1 (Steam)

Red:  "Veals"            as "Veals" [Local Player] [Host]
Blue: "htjrftrftdxjrftf" as "Diablo666"

[00:00:00.00] ••• Veals (Veals) starts turn
[00:00:02.36] [htjrftrftdxjrftf] gl hf
[00:00:06.54] [Veals] if you win - https://sites.google.com/view/90-normal-mini-league/home
[00:00:14.34] [Veals] i say later in lobby
[00:00:16.04] [Veals] site
[00:00:21.20] [Veals] later round
[00:00:28.78] [htjrftrftdxjrftf] ok
[00:00:41.22] ••• Veals (Veals) fires Mine
[00:00:46.40] ••• Veals (Veals) ends turn; time used: 36.22 sec turn, 5.00 sec retreat
[00:00:56.64] ••• Damage dealt: 100 (1 kill) to Diablo666 (htjrftrftdxjrftf)
[00:00:56.64] ••• Diablo666 (htjrftrftdxjrftf) starts turn
[00:01:26.02] ••• Diablo666 (htjrftrftdxjrftf) fires Select Worm
[00:01:29.72] ••• Diablo666 (htjrftrftdxjrftf) fires Ninja Rope
[00:01:37.30] ••• Diablo666 (htjrftrftdxjrftf) fires Low Gravity
[00:01:39.94] ••• Diablo666 (htjrftrftdxjrftf) fires Baseball Bat
[00:01:43.52] ••• Diablo666 (htjrftrftdxjrftf) ends turn; time used: 39.50 sec turn, 3.00 sec retreat
[00:01:50.38] ••• Damage dealt: 110 (1 kill) to Veals (Veals), 6 to Diablo666 (htjrftrftdxjrftf)
[00:01:50.38] ••• Veals (Veals) starts turn
[00:02:03.82] ••• Veals (Veals) fires Select Worm
[00:02:14.74] ••• Veals (Veals) fires Ninja Rope
[00:02:25.74] ••• Veals (Veals) fires Low Gravity
[00:02:27.92] ••• Veals (Veals) fires Baseball Bat
[00:02:31.50] ••• Veals (Veals) ends turn; time used: 33.76 sec turn, 3.00 sec retreat
[00:02:32.72] [htjrftrftdxjrftf] vbl
[00:02:37.90] [Veals] xd
[00:02:38.14] ••• Damage dealt: 100 (1 kill) to Diablo666 (htjrftrftdxjrftf)
[00:02:38.14] ••• Diablo666 (htjrftrftdxjrftf) starts turn
[00:02:46.18] ••• Diablo666 (htjrftrftdxjrftf) fires Select Worm
[00:02:57.28] ••• Diablo666 (htjrftrftdxjrftf) fires Dynamite
[00:03:02.46] ••• Diablo666 (htjrftrftdxjrftf) ends turn; time used: 17.04 sec turn, 5.00 sec retreat
[00:03:04.26] [htjrftrftdxjrftf] shit
[00:03:08.70] ••• Damage dealt: 95 to Veals (Veals), 32 to Diablo666 (htjrftrftdxjrftf)
[00:03:08.70] ••• Veals (Veals) starts turn
[00:03:10.40] [Veals] i think you just troll
[00:03:13.90] [Veals] but yu good
[00:03:26.78] ••• Veals (Veals) fires Select Worm
[00:03:37.34] [htjrftrftdxjrftf] Lost few games with Bytor ^^
[00:03:43.28] [Veals] lol
[00:03:47.88] ••• Veals (Veals) fires Ninja Rope
[00:03:58.62] ••• Veals (Veals) fires Cluster Bomb (3 sec, min bounce)
[00:04:02.32] ••• Veals (Veals) ends turn; time used: 44.76 sec turn, 3.00 sec retreat
[00:04:06.74] ••• Damage dealt: 76 to Diablo666 (htjrftrftdxjrftf)
[00:04:06.74] ••• Diablo666 (htjrftrftdxjrftf) starts turn
[00:04:10.80] ••• Diablo666 (htjrftrftdxjrftf) fires Select Worm
[00:04:19.60] ••• Diablo666 (htjrftrftdxjrftf) fires Sheep
[00:04:30.28] [htjrftrftdxjrftf] stupid shit
[00:04:33.90] ••• Diablo666 (htjrftrftdxjrftf) loses turn due to loss of control; time used: 8.96 sec turn, 3.00 sec retreat
[00:04:43.04] ••• Damage dealt: 81 to Veals (Veals), 22 to Diablo666 (htjrftrftdxjrftf)
[00:04:43.04] ••• Veals (Veals) starts turn
[00:05:03.64] ••• Veals (Veals) fires Shotgun
[00:05:27.04] ••• Veals (Veals) fires Shotgun
[00:05:31.20] ••• Veals (Veals) ends turn; time used: 36.90 sec turn, 3.00 sec retreat
[00:05:35.62] ••• Damage dealt: 25 to Diablo666 (htjrftrftdxjrftf)
[00:05:35.62] ••• Diablo666 (htjrftrftdxjrftf) starts turn
[00:05:42.94] ••• Diablo666 (htjrftrftdxjrftf) fires Flame Thrower
[00:05:50.42] ••• Diablo666 (htjrftrftdxjrftf) ends turn; time used: 5.90 sec turn, 3.00 sec retreat
[00:05:54.84] ••• Damage dealt: 53 to Veals (Veals)
[00:05:54.84] ••• Veals (Veals) starts turn
[00:05:57.64] [htjrftrftdxjrftf] fuck
[00:06:22.42] ••• Veals (Veals) fires Cluster Bomb (3 sec, min bounce)
[00:06:25.68] ••• Veals (Veals) ends turn; time used: 26.74 sec turn, 3.00 sec retreat
[00:06:26.26] [htjrftrftdxjrftf] sssssssssss
[00:06:27.42] [htjrftrftdxjrftf] ssssssssssssssss
[00:06:31.30] [htjrftrftdxjrftf] anaconda XDDDDDDDDDDD
[00:06:33.14] ••• Damage dealt: 90 to Diablo666 (htjrftrftdxjrftf)
[00:06:33.14] ••• Diablo666 (htjrftrftdxjrftf) starts turn
[00:06:33.16] [Veals] xd
[00:06:45.14] ••• Diablo666 (htjrftrftdxjrftf) fires Ninja Rope
[00:06:52.90] ••• Diablo666 (htjrftrftdxjrftf) loses turn due to loss of control; time used: 14.64 sec turn, 0.00 sec retreat
[00:06:53.74] [htjrftrftdxjrftf] fuuuck
[00:06:58.26] ••• Damage dealt: 5 to Diablo666 (htjrftrftdxjrftf)
[00:06:58.26] ••• Veals (Veals) starts turn
[00:07:05.54] [Veals] bytor too hard for me
[00:07:14.86] ••• Veals (Veals) fires Ninja Rope
[00:07:16.24] ••• Veals (Veals) fires Ninja Rope
[00:07:32.12] ••• Veals (Veals) fires Shotgun
[00:07:35.98] [Veals] ops
[00:07:42.02] [Veals] no ops
[00:07:43.48] [Veals] lol
[00:07:51.24] ••• Veals (Veals) fires Shotgun
[00:07:55.40] ••• Veals (Veals) ends turn; time used: 36.86 sec turn, 3.00 sec retreat
[00:08:04.82] ••• Damage dealt: 70 (2 kills) to Diablo666 (htjrftrftdxjrftf)
[00:08:04.82] ••• Diablo666 (htjrftrftdxjrftf) starts turn
[00:08:21.36] ••• Diablo666 (htjrftrftdxjrftf) fires Petrol Bomb
[00:08:22.82] ••• Diablo666 (htjrftrftdxjrftf) loses turn due to loss of control; time used: 14.76 sec turn, 0.00 sec retreat
[00:08:24.16] [htjrftrftdxjrftf] .........
[00:08:28.70] ••• Damage dealt: 15 to Diablo666 (htjrftrftdxjrftf)
[00:08:28.70] ••• Veals (Veals) starts turn
[00:08:51.86] ••• Veals (Veals) fires Dynamite
[00:08:56.90] ••• Veals (Veals) loses turn due to loss of control; time used: 21.04 sec turn, 4.86 sec retreat
[00:09:03.54] ••• Damage dealt: 12 to Veals (Veals), 72 to Diablo666 (htjrftrftdxjrftf)
[00:09:03.54] ••• Diablo666 (htjrftrftdxjrftf) starts turn
[00:09:37.42] ••• Diablo666 (htjrftrftdxjrftf) fires Kamikaze
[00:09:39.56] ••• Diablo666 (htjrftrftdxjrftf) loses turn due to loss of control; time used: 31.36 sec turn, 0.00 sec retreat
[00:09:42.36] [Veals] oh
[00:09:46.06] [Veals] nice)
[00:09:54.88] ••• Damage dealt: 74 (1 kill) to Veals (Veals), 4 (1 kill) to Diablo666 (htjrftrftdxjrftf)
[00:09:54.88] ••• Veals (Veals) starts turn
[00:10:01.54] ••• Veals (Veals) fires Select Worm
[00:10:23.02] ••• Veals (Veals) fires Shotgun
[00:10:23.92] ••• Veals (Veals) loses turn due to loss of control; time used: 23.08 sec turn, 0.00 sec retreat
[00:10:27.10] [Veals] damn
[00:10:31.18] ••• Damage dealt: 9 to Veals (Veals), 19 to Diablo666 (htjrftrftdxjrftf)
[00:10:31.18] ••• Diablo666 (htjrftrftdxjrftf) starts turn
[00:10:40.76] ••• Diablo666 (htjrftrftdxjrftf) fires Ninja Rope
[00:10:41.36] ••• Diablo666 (htjrftrftdxjrftf) fires Ninja Rope
[00:11:06.16] ••• Diablo666 (htjrftrftdxjrftf) fires Mine
[00:11:11.34] ••• Diablo666 (htjrftrftdxjrftf) ends turn; time used: 30.92 sec turn, 5.00 sec retreat
[00:11:23.40] ••• Damage dealt: 106 (1 kill) to Veals (Veals), 9 to Diablo666 (htjrftrftdxjrftf)
[00:11:23.40] ••• Veals (Veals) starts turn
[00:11:24.28] [Veals] ok) i teach this trick)
[00:11:30.76] [htjrftrftdxjrftf] no
[00:11:32.86] [htjrftrftdxjrftf] Bytor did
[00:11:51.44] [htjrftrftdxjrftf] if u know basics of physics and u are not an idiot.....
[00:11:52.38] ••• Veals (Veals) fires Shotgun
[00:11:54.52] [htjrftrftdxjrftf] u can do it
[00:12:12.64] [Veals] i do it with dynamite
[00:12:15.46] [htjrftrftdxjrftf] hy dabai pidor
[00:12:16.76] [htjrftrftdxjrftf] XDDDDD
[00:12:18.64] ••• Veals (Veals) fires Shotgun
[00:12:22.80] ••• Veals (Veals) ends turn; time used: 43.82 sec turn, 3.00 sec retreat
[00:12:27.22] ••• Damage dealt: 47 to Diablo666 (htjrftrftdxjrftf)
[00:12:27.22] ••• Diablo666 (htjrftrftdxjrftf) starts turn
[00:12:35.98] ••• Diablo666 (htjrftrftdxjrftf) fires Air Strike
[00:12:39.46] ••• Diablo666 (htjrftrftdxjrftf) ends turn; time used: 7.20 sec turn, 3.00 sec retreat
[00:12:43.12] ••• Damage dealt: 55 to Veals (Veals)
[00:12:43.12] ••• Veals (Veals) starts turn
[00:12:56.04] ••• Veals (Veals) fires Shotgun
[00:13:04.86] ••• Veals (Veals) fires Shotgun
[00:13:05.76] ••• Veals (Veals) loses turn due to loss of control; time used: 14.26 sec turn, 0.00 sec retreat
[00:13:10.00] ••• Damage dealt: 19 to Veals (Veals), 44 to Diablo666 (htjrftrftdxjrftf)
[00:13:10.00] ••• Diablo666 (htjrftrftdxjrftf) starts turn
[00:13:10.02] [Veals] oh
[00:13:14.10] [Veals] i have 29 hp
[00:13:15.32] ••• Diablo666 (htjrftrftdxjrftf) fires Laser Sight
[00:13:24.98] ••• Diablo666 (htjrftrftdxjrftf) fires Shotgun
[00:13:39.08] ••• Diablo666 (htjrftrftdxjrftf) fires Shotgun
[00:13:43.24] ••• Diablo666 (htjrftrftdxjrftf) ends turn; time used: 21.36 sec turn, 3.00 sec retreat
[00:13:54.72] ••• Damage dealt: 59 (1 kill) to Veals (Veals)
[00:13:54.72] ••• Veals (Veals) starts turn
[00:14:04.62] ••• Veals (Veals) fires Shotgun
[00:14:12.76] ••• Veals (Veals) fires Shotgun
[00:14:16.92] ••• Veals (Veals) ends turn; time used: 7.42 sec turn, 3.00 sec retreat
[00:14:26.28] ••• Damage dealt: 38 (1 kill) to Diablo666 (htjrftrftdxjrftf)
[00:14:26.28] ••• Diablo666 (htjrftrftdxjrftf) starts turn
[00:14:28.00] ••• Diablo666 (htjrftrftdxjrftf) fires Jet Pack
[00:14:34.14] ••• Diablo666 (htjrftrftdxjrftf) used 30 units of Jet Pack fuel
[00:14:34.40] ••• Diablo666 (htjrftrftdxjrftf) loses turn due to loss of control; time used: 6.72 sec turn, 0.00 sec retreat
[00:14:34.54] [htjrftrftdxjrftf] ....
[00:14:39.42] [Veals] bl
[00:14:42.64] [Veals] gg
[00:14:42.66] ••• Damage dealt: 6 (1 kill) to Diablo666 (htjrftrftdxjrftf)
[00:14:42.66] ••• Veals (Veals) starts turn
[00:14:46.42] [Veals] 2 round?
[00:14:52.58] ••• Veals (Veals) fires Air Strike
[00:14:54.76] [htjrftrftdxjrftf] not yet
[00:14:56.06] ••• Veals (Veals) ends turn; time used: 4.92 sec turn, 3.00 sec retreat
[00:15:00.64] [Veals] ok
[00:15:00.88] [htjrftrftdxjrftf] nowe it's gg
[00:15:13.66] ••• Damage dealt: 10 (1 kill) to Veals (Veals), 20 (1 kill) to Diablo666 (htjrftrftdxjrftf)
[00:15:13.68] ••• Game Ends - Round Finished
[00:15:13.68] *** Round Finish acknowledged by Veals
[00:15:15.88] *** Round Finish acknowledged by htjrftrftdxjrftf

Team time totals:
Veals (Veals):                Turn: 00:05:29.78, Retreat: 00:00:33.86, Total: 00:06:03.64, Turn count: 12
Diablo666 (htjrftrftdxjrftf): Turn: 00:03:18.36, Retreat: 00:00:25.00, Total: 00:03:43.36, Turn count: 11

Total Jet Pack fuel used: 30

End of round 1

Round time: 0:15:13
Total game time elapsed: 0:15:13

Veals wins the round.

Worm of the round: ?ep?? 7 (Veals)
Most kills with one shot: 2 - ?ep?? 2 (Veals)
Most damage with one shot: 127 - Eazy-E (Diablo666)
