Game ID: "12317404"
Game Started at 2021-02-10 19:45:28 GMT
Game Engine Version: 3.8.1
File Format Version: 3.7.3.0 - 3.8.1
Exported with Version: 3.8.1 (Steam)

Red:  "NNNxDario" as "algunos" [Local Player] [Host]
Blue: "Vojske"    as "Mr.Spoon"

[00:00:00.00] [NNNxDario] hf
[00:00:00.00] ••• Mr.Spoon (Vojske) starts turn
[00:00:01.50] [Vojske] hf
[00:00:13.32] ••• Mr.Spoon (Vojske) fires Select Worm
[00:00:23.62] ••• Mr.Spoon (Vojske) fires Ninja Rope
[00:00:30.70] ••• Mr.Spoon (Vojske) uses Parachute
[00:00:50.02] ••• Mr.Spoon (Vojske) fires Shotgun
[00:00:56.20] ••• Mr.Spoon (Vojske) fires Shotgun
[00:01:00.36] ••• Mr.Spoon (Vojske) ends turn; time used: 42.80 sec turn, 3.00 sec retreat
[00:01:06.22] ••• Damage dealt: 135 to algunos (NNNxDario)
[00:01:06.22] ••• algunos (NNNxDario) starts turn
[00:01:29.96] ••• algunos (NNNxDario) fires Select Worm
[00:01:37.30] ••• algunos (NNNxDario) fires Baseball Bat
[00:01:40.88] ••• algunos (NNNxDario) ends turn; time used: 26.02 sec turn, 3.00 sec retreat
[00:01:45.30] ••• Damage dealt: 30 to Mr.Spoon (Vojske)
[00:01:45.30] ••• Mr.Spoon (Vojske) starts turn
[00:01:45.32] [NNNxDario] meh
[00:01:52.06] [Vojske] ew
[00:02:11.24] ••• Mr.Spoon (Vojske) fires Mine
[00:02:16.42] ••• Mr.Spoon (Vojske) ends turn; time used: 20.94 sec turn, 5.00 sec retreat
[00:02:23.54] ••• Damage dealt: 46 to algunos (NNNxDario)
[00:02:23.54] ••• algunos (NNNxDario) starts turn
[00:02:44.06] ••• algunos (NNNxDario) fires Low Gravity
[00:02:48.06] ••• algunos (NNNxDario) fires Shotgun
[00:03:00.42] ••• algunos (NNNxDario) fires Shotgun
[00:03:04.58] ••• algunos (NNNxDario) ends turn; time used: 29.72 sec turn, 3.00 sec retreat
[00:03:09.36] ••• Damage dealt: 90 (1 kill) to Mr.Spoon (Vojske)
[00:03:09.36] ••• Mr.Spoon (Vojske) starts turn
[00:03:54.20] ••• Mr.Spoon (Vojske) fires Bazooka
[00:03:58.10] ••• Mr.Spoon (Vojske) loses turn due to loss of control; time used: 43.46 sec turn, 2.30 sec retreat
[00:04:06.34] ••• Damage dealt: 69 to algunos (NNNxDario), 14 to Mr.Spoon (Vojske)
[00:04:06.34] ••• algunos (NNNxDario) starts turn
[00:04:09.94] ••• algunos (NNNxDario) fires Ninja Rope
[00:04:15.98] [Vojske] that cant be good
[00:04:48.82] ••• algunos (NNNxDario) fires Dynamite
[00:04:54.00] ••• algunos (NNNxDario) ends turn; time used: 41.66 sec turn, 5.00 sec retreat
[00:05:00.18] ••• Damage dealt: 143 to Mr.Spoon (Vojske)
[00:05:00.18] ••• Mr.Spoon (Vojske) starts turn
[00:05:00.20] [NNNxDario] eh
[00:05:09.60] [NNNxDario] should have gone for the suicide
[00:05:09.88] ••• Mr.Spoon (Vojske) fires Ninja Rope
[00:05:33.00] ••• Mr.Spoon (Vojske) fires Dynamite
[00:05:38.18] ••• Mr.Spoon (Vojske) ends turn; time used: 29.38 sec turn, 5.00 sec retreat
[00:05:47.00] [Vojske] 25 only
[00:05:47.86] ••• Damage dealt: 100 to algunos (NNNxDario)
[00:05:47.86] ••• algunos (NNNxDario) starts turn
[00:05:53.00] [NNNxDario] bl
[00:05:56.26] [Vojske] ye probably
[00:06:07.22] ••• algunos (NNNxDario) fires Ninja Rope
[00:06:24.44] ••• algunos (NNNxDario) fires Grenade (5 sec, min bounce)
[00:06:29.52] ••• algunos (NNNxDario) ends turn; time used: 31.28 sec turn, 3.00 sec retreat
[00:06:34.06] ••• Damage dealt: 45 to Mr.Spoon (Vojske)
[00:06:34.06] ••• Mr.Spoon (Vojske) starts turn
[00:06:34.08] [Vojske] nt
[00:06:34.08] [NNNxDario] enough with the roof bounces
[00:06:56.34] ••• Mr.Spoon (Vojske) fires Shotgun
[00:07:02.76] ••• Mr.Spoon (Vojske) fires Shotgun
[00:07:06.92] ••• Mr.Spoon (Vojske) ends turn; time used: 17.94 sec turn, 3.00 sec retreat
[00:07:16.90] ••• Damage dealt: 21 (1 kill) to algunos (NNNxDario), 6 to Mr.Spoon (Vojske)
[00:07:16.90] ••• algunos (NNNxDario) starts turn
[00:07:27.92] ••• algunos (NNNxDario) fires Ninja Rope
[00:07:33.58] [Vojske] xDD
[00:07:43.10] [Vojske] no 3rd chance ?
[00:07:46.68] ••• algunos (NNNxDario) fires Shotgun
[00:07:53.82] [NNNxDario] ew
[00:08:01.18] ••• algunos (NNNxDario) fires Shotgun
[00:08:05.34] ••• algunos (NNNxDario) ends turn; time used: 32.96 sec turn, 3.00 sec retreat
[00:08:05.40] [Vojske] flames arent good in this rnd
[00:08:09.76] ••• Damage dealt: 37 to Mr.Spoon (Vojske)
[00:08:09.76] ••• Mr.Spoon (Vojske) starts turn
[00:08:09.78] [NNNxDario] well yours was bad luck
[00:08:19.72] [NNNxDario] I just completely overestimated the barrel blast radius
[00:08:53.36] ••• Mr.Spoon (Vojske) fires Skunk
[00:09:00.56] ••• Mr.Spoon (Vojske) ends turn; time used: 42.64 sec turn, 3.00 sec retreat
[00:09:06.92] ••• Damage dealt: 10 to algunos (NNNxDario)
[00:09:06.92] ••• algunos (NNNxDario) starts turn
[00:09:28.00] ••• algunos (NNNxDario) fires Girder
[00:09:31.08] ••• algunos (NNNxDario) ends turn; time used: 17.84 sec turn, 3.00 sec retreat
[00:09:35.18] ••• Mr.Spoon (Vojske) starts turn
[00:09:56.52] ••• Mr.Spoon (Vojske) fires Shotgun
[00:10:25.48] ••• Mr.Spoon (Vojske) fires Shotgun
[00:10:29.64] ••• Mr.Spoon (Vojske) ends turn; time used: 40.42 sec turn, 3.00 sec retreat
[00:10:36.94] ••• Damage dealt: 15 (1 kill) to algunos (NNNxDario)
[00:10:36.94] ••• algunos (NNNxDario) starts turn
[00:10:52.04] ••• algunos (NNNxDario) fires Longbow
[00:10:56.16] [NNNxDario] af
[00:11:03.90] [Vojske] nt again
[00:11:11.88] ••• algunos (NNNxDario) fires Longbow
[00:11:14.96] ••• algunos (NNNxDario) ends turn; time used: 26.10 sec turn, 3.00 sec retreat
[00:11:22.26] ••• Damage dealt: 25 (1 kill) to Mr.Spoon (Vojske)
[00:11:22.26] ••• Mr.Spoon (Vojske) starts turn
[00:11:33.82] ••• Mr.Spoon (Vojske) fires Ninja Rope
[00:11:51.88] ••• Mr.Spoon (Vojske) fires Baseball Bat
[00:11:55.46] ••• Mr.Spoon (Vojske) ends turn; time used: 26.26 sec turn, 3.00 sec retreat
[00:11:59.94] ••• Damage dealt: 49 to algunos (NNNxDario)
[00:11:59.94] ••• algunos (NNNxDario) starts turn
[00:12:20.98] ••• algunos (NNNxDario) fires Ninja Rope
[00:12:46.62] ••• algunos (NNNxDario) fires Shotgun
[00:12:55.14] ••• algunos (NNNxDario) fires Shotgun
[00:12:56.04] ••• algunos (NNNxDario) loses turn due to loss of control; time used: 44.48 sec turn, 0.00 sec retreat
[00:13:07.06] ••• Damage dealt: 7 to algunos (NNNxDario), 43 (1 kill) to Mr.Spoon (Vojske)
[00:13:07.06] ••• Mr.Spoon (Vojske) starts turn
[00:13:15.70] ••• Mr.Spoon (Vojske) fires Sheep
[00:13:19.46] [Vojske] asmrfa[faslf'
[00:13:20.22] ••• Mr.Spoon (Vojske) loses turn due to loss of control; time used: 7.92 sec turn, 3.00 sec retreat
[00:13:27.72] [NNNxDario] fat sheep
[00:13:30.00] [Vojske] oh boy
[00:13:30.88] ••• Damage dealt: 60 (1 kill) to Mr.Spoon (Vojske)
[00:13:30.88] ••• algunos (NNNxDario) starts turn
[00:13:40.56] ••• algunos (NNNxDario) fires Uzi
[00:13:44.76] ••• algunos (NNNxDario) ends turn; time used: 8.82 sec turn, 3.00 sec retreat
[00:13:55.80] ••• Damage dealt: 45 (1 kill) to Mr.Spoon (Vojske)
[00:13:55.80] ••• Mr.Spoon (Vojske) starts turn
[00:14:01.28] ••• Mr.Spoon (Vojske) fires Ninja Rope
[00:14:17.62] ••• Mr.Spoon (Vojske) fires Bazooka
[00:14:19.22] ••• Mr.Spoon (Vojske) loses turn due to loss of control; time used: 20.90 sec turn, 0.00 sec retreat
[00:14:25.58] ••• Damage dealt: 15 to algunos (NNNxDario), 18 to Mr.Spoon (Vojske)
[00:14:25.58] ••• algunos (NNNxDario) starts turn
[00:14:34.66] [Vojske] now maybe is better to surr
[00:14:49.22] ••• algunos (NNNxDario) fires Shotgun
[00:15:00.16] ••• algunos (NNNxDario) fires Shotgun
[00:15:01.06] ••• algunos (NNNxDario) loses turn due to loss of control; time used: 28.02 sec turn, 0.00 sec retreat
[00:15:12.16] ••• Damage dealt: 1 (1 kill) to algunos (NNNxDario), 18 to Mr.Spoon (Vojske)
[00:15:12.16] ••• Mr.Spoon (Vojske) starts turn
[00:15:41.00] ••• Mr.Spoon (Vojske) fires Mad Cow (herd of 1)
[00:15:42.20] ••• Mr.Spoon (Vojske) loses turn due to loss of control; time used: 27.58 sec turn, 0.66 sec retreat
[00:15:49.78] ••• Damage dealt: 64 to algunos (NNNxDario), 3 to Mr.Spoon (Vojske)
[00:15:49.78] ••• algunos (NNNxDario) starts turn
[00:16:04.30] ••• algunos (NNNxDario) fires Petrol Bomb
[00:16:09.00] ••• algunos (NNNxDario) ends turn; time used: 9.52 sec turn, 3.00 sec retreat
[00:16:15.10] ••• Damage dealt: 1 to Mr.Spoon (Vojske)
[00:16:15.10] ••• Mr.Spoon (Vojske) starts turn
[00:16:35.66] ••• Mr.Spoon (Vojske) fires Bazooka
[00:16:40.26] ••• Mr.Spoon (Vojske) ends turn; time used: 18.28 sec turn, 3.00 sec retreat
[00:16:46.36] ••• Damage dealt: 28 to algunos (NNNxDario)
[00:16:46.36] ••• algunos (NNNxDario) starts turn
[00:17:16.36] ••• algunos (NNNxDario) fires Petrol Bomb
[00:17:20.82] ••• algunos (NNNxDario) ends turn; time used: 25.00 sec turn, 3.00 sec retreat
[00:17:24.02] [Vojske] uf
[00:17:24.36] ••• Damage dealt: 10 to Mr.Spoon (Vojske)
[00:17:24.36] ••• Mr.Spoon (Vojske) starts turn
[00:17:26.98] [NNNxDario] ah, wanted to trap him down to the left
[00:17:30.50] ••• Mr.Spoon (Vojske) fires Low Gravity
[00:17:37.10] ••• Mr.Spoon (Vojske) fires Shotgun
[00:17:51.36] [Vojske] i expected that xd
[00:18:18.82] ••• Mr.Spoon (Vojske) fires Shotgun
[00:18:22.98] ••• Mr.Spoon (Vojske) ends turn; time used: 43.58 sec turn, 3.00 sec retreat
[00:18:31.86] ••• Damage dealt: 20 (2 kills) to algunos (NNNxDario)
[00:18:31.86] ••• algunos (NNNxDario) starts turn
[00:18:48.52] ••• algunos (NNNxDario) fires Select Worm
[00:18:58.30] ••• algunos (NNNxDario) fires Shotgun
[00:19:06.56] [NNNxDario] hm
[00:19:08.94] [NNNxDario] not enough
[00:19:22.06] ••• algunos (NNNxDario) fires Shotgun
[00:19:22.96] ••• algunos (NNNxDario) loses turn due to loss of control; time used: 38.26 sec turn, 0.00 sec retreat
[00:19:39.34] ••• Damage dealt: 1 (1 kill) to algunos (NNNxDario), 61 (1 kill) to Mr.Spoon (Vojske)
[00:19:39.34] ••• Mr.Spoon (Vojske) starts turn
[00:19:48.00] ••• Mr.Spoon (Vojske) fires Jet Pack
[00:19:55.60] ••• Mr.Spoon (Vojske) used 30 units of Jet Pack fuel
[00:20:07.16] ••• Mr.Spoon (Vojske) fires Shotgun
[00:20:20.18] ••• Mr.Spoon (Vojske) fires Shotgun
[00:20:24.34] ••• Mr.Spoon (Vojske) ends turn; time used: 34.52 sec turn, 3.00 sec retreat
[00:20:33.70] ••• Damage dealt: 43 (1 kill) to algunos (NNNxDario)
[00:20:33.70] ••• algunos (NNNxDario) starts turn
[00:20:51.62] ••• algunos (NNNxDario) fires Parachute
[00:21:02.98] ••• algunos (NNNxDario) fires Jet Pack
[00:21:07.66] ••• algunos (NNNxDario) used 30 units of Jet Pack fuel
[00:21:11.54] ••• algunos (NNNxDario) fires Ninja Rope
[00:21:23.54] ••• algunos (NNNxDario) fires Grenade (3 sec, min bounce)
[00:21:28.56] ••• algunos (NNNxDario) ends turn; time used: 44.14 sec turn, 5.00 sec retreat
[00:21:40.64] ••• Damage dealt: 55 (1 kill) to Mr.Spoon (Vojske)
[00:21:40.64] ••• Mr.Spoon (Vojske) starts turn
[00:21:49.62] ••• Mr.Spoon (Vojske) fires Ninja Rope
[00:22:23.94] ••• Mr.Spoon (Vojske) fires Shotgun
[00:22:35.64] ••• Mr.Spoon (Vojske) fires Shotgun
[00:22:38.28] ••• Mr.Spoon (Vojske) ends turn; time used: 44.52 sec turn, 1.50 sec retreat
[00:22:41.76] [Vojske] gg
[00:22:43.26] [NNNxDario] gg
[00:22:50.48] *** Round Finish acknowledged by Vojske
[00:22:52.50] ••• Damage dealt: 44 (1 kill) to algunos (NNNxDario)
[00:22:52.52] ••• Game Ends - Round Finished
[00:22:52.52] *** Round Finish acknowledged by NNNxDario

Team time totals:
algunos (NNNxDario): Turn: 00:06:43.82, Retreat: 00:00:37.00, Total: 00:07:20.82, Turn count: 14
Mr.Spoon (Vojske):   Turn: 00:07:41.14, Retreat: 00:00:41.46, Total: 00:08:22.60, Turn count: 15

Total Jet Pack fuel used: 60

End of round 2

Round time: 0:22:52
Total game time elapsed: Unknown

Mr.Spoon wins the round.

Worm of the round: Clagnut (Mr.Spoon)
Most damage with one shot: 143 - nunca (algunos)
