Game ID: "12330540"
Game Started at 2021-02-14 16:31:41 GMT
Game Engine Version: 3.8
File Format Version: 3.7.3.0 - 3.8.1
Exported with Version: 3.8.1 (Steam)

Red:  "NNNxDario"    as "algunos" [Local Player] [Host]
Blue: "xPoDxSilaneo" as "U2 Heroes"

[00:00:00.00] [NNNxDario] hf
[00:00:00.00] ••• algunos (NNNxDario) starts turn
[00:00:02.00] [xPoDxSilaneo] hf
[00:00:12.94] ••• algunos (NNNxDario) fires Select Worm
[00:00:26.94] ••• algunos (NNNxDario) fires Shotgun
[00:00:48.08] ••• algunos (NNNxDario) fires Shotgun
[00:00:52.24] ••• algunos (NNNxDario) ends turn; time used: 36.02 sec turn, 3.00 sec retreat
[00:01:04.02] ••• Damage dealt: 90 (1 kill) to U2 Heroes (xPoDxSilaneo)
[00:01:04.02] ••• U2 Heroes (xPoDxSilaneo) starts turn
[00:01:16.26] ••• U2 Heroes (xPoDxSilaneo) fires Select Worm
[00:01:20.44] ••• U2 Heroes (xPoDxSilaneo) fires Low Gravity
[00:01:31.10] ••• U2 Heroes (xPoDxSilaneo) fires Mine
[00:01:36.28] ••• U2 Heroes (xPoDxSilaneo) ends turn; time used: 21.96 sec turn, 5.00 sec retreat
[00:01:47.42] ••• Damage dealt: 90 (1 kill) to algunos (NNNxDario)
[00:01:47.42] ••• algunos (NNNxDario) starts turn
[00:01:52.02] [NNNxDario] hmm nice block
[00:01:59.06] [xPoDxSilaneo] thx;p
[00:02:11.56] ••• algunos (NNNxDario) fires Select Worm
[00:02:20.06] ••• algunos (NNNxDario) fires Ninja Rope
[00:02:21.44] ••• algunos (NNNxDario) fires Ninja Rope
[00:02:38.02] ••• algunos (NNNxDario) fires Baseball Bat
[00:02:41.60] ••• algunos (NNNxDario) ends turn; time used: 42.84 sec turn, 3.00 sec retreat
[00:02:45.96] ••• Damage dealt: 97 (1 kill) to U2 Heroes (xPoDxSilaneo)
[00:02:45.96] ••• U2 Heroes (xPoDxSilaneo) starts turn
[00:03:10.92] ••• U2 Heroes (xPoDxSilaneo) fires Select Worm
[00:03:34.06] ••• U2 Heroes (xPoDxSilaneo) fires Sheep
[00:03:37.24] ••• U2 Heroes (xPoDxSilaneo) ends turn; time used: 43.04 sec turn, 3.00 sec retreat
[00:03:38.26] [xPoDxSilaneo] wops
[00:03:41.04] ••• Damage dealt: 28 to algunos (NNNxDario)
[00:03:41.04] ••• algunos (NNNxDario) starts turn
[00:03:56.86] ••• algunos (NNNxDario) fires Jet Pack
[00:04:06.74] ••• algunos (NNNxDario) fires Sheep
[00:04:11.74] ••• algunos (NNNxDario) used 30 (29) units of Jet Pack fuel
[00:04:11.76] ••• algunos (NNNxDario) ends turn; time used: 20.28 sec turn, 5.00 sec retreat
[00:04:19.48] ••• Damage dealt: 19 to algunos (NNNxDario), 90 (1 kill) to U2 Heroes (xPoDxSilaneo)
[00:04:19.48] ••• U2 Heroes (xPoDxSilaneo) starts turn
[00:04:31.52] ••• U2 Heroes (xPoDxSilaneo) fires Baseball Bat
[00:04:34.64] ••• U2 Heroes (xPoDxSilaneo) ends turn; time used: 10.48 sec turn, 3.00 sec retreat
[00:04:39.70] ••• Damage dealt: 76 (1 kill) to algunos (NNNxDario)
[00:04:39.70] ••• algunos (NNNxDario) starts turn
[00:05:18.40] ••• algunos (NNNxDario) fires Grenade (5 sec, min bounce)
[00:05:23.52] ••• algunos (NNNxDario) ends turn; time used: 33.70 sec turn, 3.00 sec retreat
[00:05:28.10] ••• Damage dealt: 43 to U2 Heroes (xPoDxSilaneo)
[00:05:28.10] ••• U2 Heroes (xPoDxSilaneo) starts turn
[00:05:37.40] ••• U2 Heroes (xPoDxSilaneo) fires Select Worm
[00:05:42.46] ••• U2 Heroes (xPoDxSilaneo) uses Bungee
[00:05:59.98] ••• U2 Heroes (xPoDxSilaneo) fires Parachute
[00:06:04.84] ••• U2 Heroes (xPoDxSilaneo) fires Ninja Rope
[00:06:13.80] ••• U2 Heroes (xPoDxSilaneo) fires Shotgun
[00:06:25.30] ••• U2 Heroes (xPoDxSilaneo) fires Shotgun
[00:06:29.46] ••• U2 Heroes (xPoDxSilaneo) ends turn; time used: 44.28 sec turn, 3.00 sec retreat
[00:06:33.48] [NNNxDario] close
[00:06:35.08] ••• Damage dealt: 80 (1 kill) to algunos (NNNxDario)
[00:06:35.08] ••• algunos (NNNxDario) starts turn
[00:06:37.18] [xPoDxSilaneo] ye
[00:06:43.86] ••• algunos (NNNxDario) fires Ninja Rope
[00:06:44.56] ••• algunos (NNNxDario) fires Ninja Rope
[00:07:16.08] ••• algunos (NNNxDario) fires Dynamite
[00:07:21.26] ••• algunos (NNNxDario) ends turn; time used: 38.40 sec turn, 5.00 sec retreat
[00:07:25.60] [NNNxDario] bad
[00:07:27.22] ••• Damage dealt: 71 to U2 Heroes (xPoDxSilaneo)
[00:07:27.22] ••• U2 Heroes (xPoDxSilaneo) starts turn
[00:07:27.68] [xPoDxSilaneo] :)
[00:07:37.42] ••• U2 Heroes (xPoDxSilaneo) fires Ninja Rope
[00:08:03.68] ••• U2 Heroes (xPoDxSilaneo) fires Ninja Rope
[00:08:13.60] ••• U2 Heroes (xPoDxSilaneo) fires Homing Missile
[00:08:17.84] ••• U2 Heroes (xPoDxSilaneo) ends turn; time used: 44.32 sec turn, 3.00 sec retreat
[00:08:23.78] [NNNxDario] finally he dies
[00:08:25.56] ••• Damage dealt: 72 (1 kill) to algunos (NNNxDario)
[00:08:25.56] ••• algunos (NNNxDario) starts turn
[00:08:30.44] [xPoDxSilaneo] ye;]
[00:08:33.06] ••• algunos (NNNxDario) fires Bazooka
[00:08:37.08] ••• algunos (NNNxDario) ends turn; time used: 6.24 sec turn, 3.00 sec retreat
[00:08:40.30] ••• Damage dealt: 52 to U2 Heroes (xPoDxSilaneo)
[00:08:40.30] ••• U2 Heroes (xPoDxSilaneo) starts turn
[00:08:41.32] [xPoDxSilaneo] but all this stuff was too  expensive ^^
[00:08:49.20] ••• U2 Heroes (xPoDxSilaneo) fires Girder
[00:08:52.28] ••• U2 Heroes (xPoDxSilaneo) ends turn; time used: 7.16 sec turn, 3.00 sec retreat
[00:08:54.30] ••• algunos (NNNxDario) starts turn
[00:09:02.74] ••• algunos (NNNxDario) fires Select Worm
[00:09:15.54] [xPoDxSilaneo] ah well ;p
[00:09:43.60] ••• algunos (NNNxDario) fires Mine
[00:09:48.78] ••• algunos (NNNxDario) ends turn; time used: 44.24 sec turn, 5.00 sec retreat
[00:09:55.60] [NNNxDario] aw
[00:10:02.88] ••• Damage dealt: 79 (1 kill) to U2 Heroes (xPoDxSilaneo)
[00:10:02.88] ••• U2 Heroes (xPoDxSilaneo) starts turn
[00:10:21.04] ••• U2 Heroes (xPoDxSilaneo) fires Ninja Rope
[00:10:50.32] ••• U2 Heroes (xPoDxSilaneo) fires Shotgun
[00:10:55.88] ••• U2 Heroes (xPoDxSilaneo) fires Shotgun
[00:11:00.04] ••• U2 Heroes (xPoDxSilaneo) ends turn; time used: 42.64 sec turn, 3.00 sec retreat
[00:11:04.46] ••• Damage dealt: 50 to algunos (NNNxDario)
[00:11:04.46] ••• algunos (NNNxDario) starts turn
[00:11:14.82] ••• algunos (NNNxDario) fires Ninja Rope
[00:11:39.26] [xPoDxSilaneo] finally my worm dies ;p
[00:11:44.62] ••• algunos (NNNxDario) fires Pneumatic Drill
[00:11:47.48] ••• algunos (NNNxDario) ends turn; time used: 36.40 sec turn, 0.02 sec retreat
[00:11:52.80] [NNNxDario] :)
[00:11:53.12] ••• Damage dealt: 90 (1 kill) to U2 Heroes (xPoDxSilaneo)
[00:11:53.12] ••• U2 Heroes (xPoDxSilaneo) starts turn
[00:11:53.66] [NNNxDario] and it only costed a drill
[00:12:01.12] [xPoDxSilaneo] ;]
[00:12:16.34] ••• U2 Heroes (xPoDxSilaneo) fires Parachute
[00:12:19.48] ••• U2 Heroes (xPoDxSilaneo) fires Ninja Rope
[00:12:39.22] ••• U2 Heroes (xPoDxSilaneo) fires Dynamite
[00:12:44.40] ••• U2 Heroes (xPoDxSilaneo) ends turn; time used: 43.16 sec turn, 5.00 sec retreat
[00:12:51.78] ••• Damage dealt: 73 to algunos (NNNxDario)
[00:12:51.78] ••• algunos (NNNxDario) starts turn
[00:13:32.36] ••• algunos (NNNxDario) fires Holy Hand-Grenade
[00:13:41.78] ••• algunos (NNNxDario) ends turn; time used: 35.58 sec turn, 3.00 sec retreat
[00:13:45.34] ••• Damage dealt: 2 to U2 Heroes (xPoDxSilaneo)
[00:13:45.34] ••• U2 Heroes (xPoDxSilaneo) starts turn
[00:13:45.36] [NNNxDario] wops
[00:13:47.54] [xPoDxSilaneo] :)
[00:14:10.28] ••• U2 Heroes (xPoDxSilaneo) fires Jet Pack
[00:14:12.60] ••• U2 Heroes (xPoDxSilaneo) used 7 units of Jet Pack fuel
[00:14:18.08] ••• U2 Heroes (xPoDxSilaneo) fires Kamikaze
[00:14:19.42] ••• U2 Heroes (xPoDxSilaneo) loses turn due to loss of control; time used: 29.60 sec turn, 0.00 sec retreat
[00:14:20.92] [xPoDxSilaneo] gg ;]
[00:14:22.26] [NNNxDario] hehe
[00:14:24.88] ••• Damage dealt: 77 to algunos (NNNxDario), 81 (1 kill) to U2 Heroes (xPoDxSilaneo)
[00:14:24.88] ••• algunos (NNNxDario) starts turn
[00:14:32.22] ••• algunos (NNNxDario) fires Ninja Rope
[00:14:55.46] ••• algunos (NNNxDario) fires Low Gravity
[00:15:03.26] ••• algunos (NNNxDario) fires Shotgun
[00:15:20.62] ••• algunos (NNNxDario) fires Shotgun
[00:15:23.00] ••• algunos (NNNxDario) ends turn; time used: 41.72 sec turn, 1.24 sec retreat
[00:15:24.70] [NNNxDario] gg
[00:15:26.66] [xPoDxSilaneo] thx and cu
[00:15:29.64] [NNNxDario] u2
[00:15:31.86] *** xPoDxSilaneo is quitting
[00:15:32.78] *** xPoDxSilaneo is disconnecting due to quitting
[00:15:33.26] *** xPoDxSilaneo disconnected due to quitting
[00:15:44.14] ••• Damage dealt: 40 (1 kill) to algunos (NNNxDario), 25 (2 kills) to U2 Heroes (xPoDxSilaneo)
[00:15:44.16] ••• Game Ends - Round Finished
[00:15:44.16] *** Round Finish acknowledged by NNNxDario

Team time totals:
algunos (NNNxDario):      Turn: 00:05:35.42, Retreat: 00:00:31.26, Total: 00:06:06.68, Turn count: 10
U2 Heroes (xPoDxSilaneo): Turn: 00:04:46.64, Retreat: 00:00:28.00, Total: 00:05:14.64, Turn count: 9

Total Jet Pack fuel used: 37

End of round 2

Round time: 0:15:44
Total game time elapsed: Unknown

algunos wins the match!

Worm of the round: Miracle Drug (U2 Heroes)

Most damage with one shot: 109 - dónde (algunos)
