Game ID: "12322288"
Game Started at 2021-02-12 15:29:58 GMT
Game Engine Version: 3.8.1
File Format Version: 3.7.3.0 - 3.8.1
Exported with Version: 3.8.1 (Steam)

Red:  "NNNxDario"      as "algunos" [Local Player] [Host]
Blue: "`Pn`Mega`Adnan" as "UltraKlanMaggies"

[00:00:00.00] ••• UltraKlanMaggies (`Pn`Mega`Adnan) starts turn
[00:00:00.98] [NNNxDario] hf!
[00:00:01.66] [`Pn`Mega`Adnan] Funs
[00:00:18.98] ••• UltraKlanMaggies (`Pn`Mega`Adnan) fires Select Worm
[00:00:27.98] ••• UltraKlanMaggies (`Pn`Mega`Adnan) fires Select Worm
[00:00:33.66] ••• UltraKlanMaggies (`Pn`Mega`Adnan) fires Ninja Rope
[00:00:49.42] ••• UltraKlanMaggies (`Pn`Mega`Adnan) fires Dynamite
[00:00:54.44] ••• UltraKlanMaggies (`Pn`Mega`Adnan) ends turn; time used: 44.14 sec turn, 5.00 sec retreat
[00:00:58.14] [NNNxDario] plop
[00:01:02.80] ••• Damage dealt: 90 (1 kill) to algunos (NNNxDario)
[00:01:02.80] ••• algunos (NNNxDario) starts turn
[00:01:04.46] [`Pn`Mega`Adnan] yep
[00:01:06.66] ••• algunos (NNNxDario) fires Select Worm
[00:01:08.96] ••• algunos (NNNxDario) fires Ninja Rope
[00:01:13.64] ••• algunos (NNNxDario) uses Parachute
[00:01:22.80] ••• algunos (NNNxDario) fires Select Worm
[00:01:32.82] ••• algunos (NNNxDario) fires Low Gravity
[00:01:39.80] ••• algunos (NNNxDario) fires Uzi
[00:01:44.00] ••• algunos (NNNxDario) ends turn; time used: 32.16 sec turn, 3.00 sec retreat
[00:01:45.44] [`Pn`Mega`Adnan] weee
[00:01:50.92] [NNNxDario] wiiiiiiiiiiii
[00:01:52.24] ••• Damage dealt: 180 (2 kills) to UltraKlanMaggies (`Pn`Mega`Adnan)
[00:01:52.24] ••• UltraKlanMaggies (`Pn`Mega`Adnan) starts turn
[00:02:07.20] ••• UltraKlanMaggies (`Pn`Mega`Adnan) loses turn due to loss of control; time used: 10.68 sec turn, 0.00 sec retreat
[00:02:07.22] [`Pn`Mega`Adnan] ew
[00:02:07.92] [`Pn`Mega`Adnan] xD
[00:02:10.80] [NNNxDario] big ops
[00:02:12.24] ••• Damage dealt: 2 to UltraKlanMaggies (`Pn`Mega`Adnan)
[00:02:12.24] ••• algunos (NNNxDario) starts turn
[00:02:22.26] ••• algunos (NNNxDario) uses Bungee
[00:02:29.58] ••• algunos (NNNxDario) fires Ninja Rope
[00:02:52.52] ••• algunos (NNNxDario) fires Mine
[00:02:57.70] ••• algunos (NNNxDario) ends turn; time used: 32.86 sec turn, 5.00 sec retreat
[00:03:07.58] ••• Damage dealt: 7 to algunos (NNNxDario), 129 (1 kill) to UltraKlanMaggies (`Pn`Mega`Adnan)
[00:03:07.58] ••• UltraKlanMaggies (`Pn`Mega`Adnan) starts turn
[00:03:18.10] ••• UltraKlanMaggies (`Pn`Mega`Adnan) fires Ninja Rope
[00:03:56.30] ••• UltraKlanMaggies (`Pn`Mega`Adnan) fires Sheep
[00:04:00.26] ••• UltraKlanMaggies (`Pn`Mega`Adnan) ends turn; time used: 43.70 sec turn, 3.00 sec retreat
[00:04:04.50] ••• Damage dealt: 118 to algunos (NNNxDario)
[00:04:04.50] ••• algunos (NNNxDario) starts turn
[00:04:09.86] ••• algunos (NNNxDario) fires Select Worm
[00:04:20.74] ••• algunos (NNNxDario) fires Ninja Rope
[00:04:33.48] ••• algunos (NNNxDario) fires Dynamite
[00:04:38.66] ••• algunos (NNNxDario) ends turn; time used: 24.96 sec turn, 5.00 sec retreat
[00:04:43.82] [NNNxDario] double fail
[00:04:47.66] ••• Damage dealt: 74 to UltraKlanMaggies (`Pn`Mega`Adnan)
[00:04:47.66] ••• UltraKlanMaggies (`Pn`Mega`Adnan) starts turn
[00:04:47.68] [`Pn`Mega`Adnan] woah
[00:04:56.62] ••• UltraKlanMaggies (`Pn`Mega`Adnan) fires Select Worm
[00:05:05.72] ••• UltraKlanMaggies (`Pn`Mega`Adnan) fires Ninja Rope
[00:05:21.02] ••• UltraKlanMaggies (`Pn`Mega`Adnan) fires Dragon Ball
[00:05:24.04] ••• UltraKlanMaggies (`Pn`Mega`Adnan) ends turn; time used: 28.30 sec turn, 3.00 sec retreat
[00:05:28.28] ••• Damage dealt: 90 (1 kill) to algunos (NNNxDario)
[00:05:28.28] ••• algunos (NNNxDario) starts turn
[00:05:43.70] ••• algunos (NNNxDario) fires Sheep
[00:05:47.58] ••• algunos (NNNxDario) loses turn due to loss of control; time used: 13.46 sec turn, 3.00 sec retreat
[00:05:50.78] [`Pn`Mega`Adnan] ow
[00:05:53.22] ••• Damage dealt: 13 to algunos (NNNxDario)
[00:05:53.22] ••• UltraKlanMaggies (`Pn`Mega`Adnan) starts turn
[00:05:54.98] [`Pn`Mega`Adnan] holiness
[00:05:57.32] [NNNxDario] fed that sheep too much
[00:06:14.50] ••• UltraKlanMaggies (`Pn`Mega`Adnan) fires Ninja Rope
[00:06:30.20] ••• UltraKlanMaggies (`Pn`Mega`Adnan) fires Shotgun
[00:06:35.10] ••• UltraKlanMaggies (`Pn`Mega`Adnan) fires Shotgun
[00:06:39.26] ••• UltraKlanMaggies (`Pn`Mega`Adnan) ends turn; time used: 35.76 sec turn, 3.00 sec retreat
[00:06:39.28] [`Pn`Mega`Adnan] wheeze
[00:06:43.68] ••• Damage dealt: 18 to algunos (NNNxDario)
[00:06:43.68] ••• algunos (NNNxDario) starts turn
[00:07:04.02] ••• algunos (NNNxDario) fires Homing Missile
[00:07:08.52] ••• algunos (NNNxDario) ends turn; time used: 19.14 sec turn, 3.00 sec retreat
[00:07:10.56] [NNNxDario] ha!
[00:07:12.46] ••• Damage dealt: 7 to algunos (NNNxDario), 13 to UltraKlanMaggies (`Pn`Mega`Adnan)
[00:07:12.46] ••• UltraKlanMaggies (`Pn`Mega`Adnan) starts turn
[00:07:12.48] [`Pn`Mega`Adnan] ow
[00:07:12.48] [NNNxDario] it's fail day :D
[00:07:18.16] [`Pn`Mega`Adnan] lmao
[00:07:23.78] ••• UltraKlanMaggies (`Pn`Mega`Adnan) fires Low Gravity
[00:07:26.54] ••• UltraKlanMaggies (`Pn`Mega`Adnan) fires Shotgun
[00:08:05.28] ••• UltraKlanMaggies (`Pn`Mega`Adnan) fires Shotgun
[00:08:09.44] ••• UltraKlanMaggies (`Pn`Mega`Adnan) ends turn; time used: 38.50 sec turn, 3.00 sec retreat
[00:08:15.56] [NNNxDario] kind of an overkill
[00:08:20.24] [`Pn`Mega`Adnan] ye
[00:08:24.54] ••• Damage dealt: 24 (2 kills) to algunos (NNNxDario)
[00:08:24.54] ••• algunos (NNNxDario) starts turn
[00:08:37.92] ••• algunos (NNNxDario) fires Holy Hand-Grenade
[00:08:43.26] ••• algunos (NNNxDario) loses turn due to loss of control; time used: 11.38 sec turn, 3.00 sec retreat
[00:08:50.40] [NNNxDario] aw
[00:08:53.34] [`Pn`Mega`Adnan] ooof
[00:08:58.44] ••• Damage dealt: 4 to algunos (NNNxDario), 72 (1 kill) to UltraKlanMaggies (`Pn`Mega`Adnan)
[00:08:58.44] ••• UltraKlanMaggies (`Pn`Mega`Adnan) starts turn
[00:09:42.68] ••• UltraKlanMaggies (`Pn`Mega`Adnan) fires Fire Punch
[00:09:47.12] ••• UltraKlanMaggies (`Pn`Mega`Adnan) ends turn; time used: 39.24 sec turn, 3.00 sec retreat
[00:09:49.94] ••• Damage dealt: 42 to algunos (NNNxDario)
[00:09:49.94] ••• algunos (NNNxDario) starts turn
[00:10:33.42] ••• algunos (NNNxDario) fires Mine
[00:10:38.60] ••• algunos (NNNxDario) ends turn; time used: 42.68 sec turn, 5.00 sec retreat
[00:10:46.30] ••• Damage dealt: 50 to UltraKlanMaggies (`Pn`Mega`Adnan)
[00:10:46.30] ••• UltraKlanMaggies (`Pn`Mega`Adnan) starts turn
[00:10:55.10] [NNNxDario] the almostness!
[00:11:10.22] ••• UltraKlanMaggies (`Pn`Mega`Adnan) fires Ninja Rope
[00:11:10.78] ••• UltraKlanMaggies (`Pn`Mega`Adnan) fires Ninja Rope
[00:11:11.62] ••• UltraKlanMaggies (`Pn`Mega`Adnan) fires Ninja Rope
[00:11:12.46] ••• UltraKlanMaggies (`Pn`Mega`Adnan) fires Ninja Rope
[00:11:13.12] ••• UltraKlanMaggies (`Pn`Mega`Adnan) fires Ninja Rope
[00:11:36.18] ••• UltraKlanMaggies (`Pn`Mega`Adnan) fires Holy Hand-Grenade
[00:11:41.12] ••• UltraKlanMaggies (`Pn`Mega`Adnan) loses turn due to loss of control; time used: 43.10 sec turn, 3.00 sec retreat
[00:11:43.74] [`Pn`Mega`Adnan] no idea
[00:11:44.40] [`Pn`Mega`Adnan] xD
[00:11:48.82] [NNNxDario] hmpf
[00:11:53.20] [NNNxDario] well xD
[00:11:53.64] [`Pn`Mega`Adnan] works anyways
[00:12:05.52] ••• Damage dealt: 173 (2 kills) to algunos (NNNxDario), 1 (1 kill) to UltraKlanMaggies (`Pn`Mega`Adnan)
[00:12:05.52] ••• algunos (NNNxDario) starts turn
[00:12:09.56] ••• algunos (NNNxDario) fires Jet Pack
[00:12:16.28] ••• algunos (NNNxDario) fires Mine
[00:12:19.86] ••• algunos (NNNxDario) used 30 (29) units of Jet Pack fuel
[00:12:21.30] ••• algunos (NNNxDario) ends turn; time used: 9.68 sec turn, 5.00 sec retreat
[00:12:28.58] ••• Damage dealt: 48 to UltraKlanMaggies (`Pn`Mega`Adnan)
[00:12:28.58] ••• UltraKlanMaggies (`Pn`Mega`Adnan) starts turn
[00:13:11.44] [NNNxDario] pro tip: always wait till after the turn ends, then you can allways say it was planned
[00:13:17.86] ••• UltraKlanMaggies (`Pn`Mega`Adnan) fires Teleport
[00:13:18.28] ••• resetting Jet Pack fuel use to 0
[00:13:20.34] ••• UltraKlanMaggies (`Pn`Mega`Adnan) ends turn; time used: 44.28 sec turn, 0.02 sec retreat
[00:13:22.36] ••• algunos (NNNxDario) starts turn
[00:13:30.80] [`Pn`Mega`Adnan] ok xD
[00:13:31.26] ••• algunos (NNNxDario) fires Air Strike
[00:13:34.74] ••• algunos (NNNxDario) ends turn; time used: 7.20 sec turn, 3.00 sec retreat
[00:13:44.00] ••• Damage dealt: 42 (1 kill) to UltraKlanMaggies (`Pn`Mega`Adnan)
[00:13:44.00] ••• UltraKlanMaggies (`Pn`Mega`Adnan) starts turn
[00:14:27.90] ••• UltraKlanMaggies (`Pn`Mega`Adnan) fires Napalm Strike
[00:14:31.38] ••• UltraKlanMaggies (`Pn`Mega`Adnan) ends turn; time used: 38.90 sec turn, 3.00 sec retreat
[00:14:43.04] ••• Damage dealt: 36 to algunos (NNNxDario)
[00:14:43.04] ••• algunos (NNNxDario) starts turn
[00:15:28.66] ••• algunos (NNNxDario) fires Petrol Bomb
[00:15:34.16] ••• algunos (NNNxDario) ends turn; time used: 40.66 sec turn, 3.00 sec retreat
[00:15:38.08] ••• UltraKlanMaggies (`Pn`Mega`Adnan) starts turn
[00:16:14.48] ••• UltraKlanMaggies (`Pn`Mega`Adnan) fires Shotgun
[00:16:19.12] ••• UltraKlanMaggies (`Pn`Mega`Adnan) fires Shotgun
[00:16:23.28] ••• UltraKlanMaggies (`Pn`Mega`Adnan) ends turn; time used: 33.94 sec turn, 3.00 sec retreat
[00:16:25.94] ••• algunos (NNNxDario) starts turn
[00:16:36.00] ••• algunos (NNNxDario) fires Ninja Rope
[00:16:37.72] ••• algunos (NNNxDario) fires Ninja Rope
[00:16:48.04] ••• algunos (NNNxDario) uses Parachute
[00:17:09.06] ••• algunos (NNNxDario) fires Petrol Bomb
[00:17:12.32] ••• algunos (NNNxDario) ends turn; time used: 39.78 sec turn, 3.00 sec retreat
[00:17:15.62] ••• Damage dealt: 15 to UltraKlanMaggies (`Pn`Mega`Adnan)
[00:17:15.62] ••• UltraKlanMaggies (`Pn`Mega`Adnan) starts turn
[00:17:51.24] ••• UltraKlanMaggies (`Pn`Mega`Adnan) fires Bazooka
[00:17:52.66] ••• UltraKlanMaggies (`Pn`Mega`Adnan) loses turn due to loss of control; time used: 30.62 sec turn, 0.12 sec retreat
[00:17:57.22] ••• Damage dealt: 21 to algunos (NNNxDario), 1 to UltraKlanMaggies (`Pn`Mega`Adnan)
[00:17:57.22] ••• algunos (NNNxDario) starts turn
[00:18:05.12] ••• algunos (NNNxDario) fires Ninja Rope
[00:18:31.74] ••• algunos (NNNxDario) fires Shotgun
[00:18:45.00] ••• algunos (NNNxDario) fires Shotgun
[00:18:49.16] ••• algunos (NNNxDario) ends turn; time used: 36.84 sec turn, 3.00 sec retreat
[00:18:54.38] ••• Damage dealt: 19 (1 kill) to UltraKlanMaggies (`Pn`Mega`Adnan)
[00:18:54.38] ••• UltraKlanMaggies (`Pn`Mega`Adnan) starts turn
[00:19:11.16] ••• UltraKlanMaggies (`Pn`Mega`Adnan) fires Jet Pack
[00:19:28.22] ••• UltraKlanMaggies (`Pn`Mega`Adnan) fires Mine
[00:19:33.22] ••• UltraKlanMaggies (`Pn`Mega`Adnan) used 30 (27) units of Jet Pack fuel
[00:19:33.24] ••• UltraKlanMaggies (`Pn`Mega`Adnan) ends turn; time used: 28.42 sec turn, 5.00 sec retreat
[00:19:42.22] ••• Damage dealt: 51 to algunos (NNNxDario)
[00:19:42.22] ••• algunos (NNNxDario) starts turn
[00:20:24.40] ••• algunos (NNNxDario) fires Teleport
[00:20:24.82] ••• resetting Jet Pack fuel use to 0
[00:20:26.88] ••• algunos (NNNxDario) ends turn; time used: 41.72 sec turn, 0.02 sec retreat
[00:20:28.90] ••• UltraKlanMaggies (`Pn`Mega`Adnan) starts turn
[00:20:41.54] ••• UltraKlanMaggies (`Pn`Mega`Adnan) fires Shotgun
[00:21:22.18] ••• UltraKlanMaggies (`Pn`Mega`Adnan) fires Shotgun
[00:21:26.34] ••• UltraKlanMaggies (`Pn`Mega`Adnan) ends turn; time used: 41.32 sec turn, 3.00 sec retreat
[00:21:29.00] [`Pn`Mega`Adnan] oh boi
[00:21:31.12] [NNNxDario] woof
[00:21:31.56] ••• Damage dealt: 8 (1 kill) to algunos (NNNxDario)
[00:21:31.56] ••• algunos (NNNxDario) starts turn
[00:21:39.92] [NNNxDario] I was stil bluffing
[00:21:41.90] [NNNxDario] can't kill u xD
[00:21:50.70] [`Pn`Mega`Adnan] noc hute?
[00:21:55.04] [`Pn`Mega`Adnan] chute*
[00:21:55.80] [NNNxDario] nope
[00:22:00.78] [`Pn`Mega`Adnan] aw
[00:22:18.26] [NNNxDario] maybe extreme napalm luck
[00:22:20.00] ••• algunos (NNNxDario) fires Napalm Strike
[00:22:23.48] ••• algunos (NNNxDario) ends turn; time used: 43.44 sec turn, 3.00 sec retreat
[00:22:27.38] [NNNxDario] nope
[00:22:28.92] [`Pn`Mega`Adnan] hmm
[00:22:33.36] ••• Damage dealt: 11 to UltraKlanMaggies (`Pn`Mega`Adnan)
[00:22:33.36] ••• UltraKlanMaggies (`Pn`Mega`Adnan) starts turn
[00:23:17.32] ••• UltraKlanMaggies (`Pn`Mega`Adnan) fires Homing Missile
[00:23:21.78] ••• UltraKlanMaggies (`Pn`Mega`Adnan) ends turn; time used: 40.62 sec turn, 3.00 sec retreat
[00:23:21.80] [`Pn`Mega`Adnan] gg
[00:23:23.20] [NNNxDario] gg :)
[00:23:32.56] *** Round Finish acknowledged by `Pn`Mega`Adnan
[00:23:34.60] ••• Damage dealt: 18 (1 kill) to algunos (NNNxDario)
[00:23:34.62] ••• Game Ends - Round Finished
[00:23:34.62] *** Round Finish acknowledged by NNNxDario

Team time totals:
algunos (NNNxDario):               Turn: 00:06:35.96, Retreat: 00:00:47.02, Total: 00:07:22.98, Turn count: 14
UltraKlanMaggies (`Pn`Mega`Adnan): Turn: 00:09:01.52, Retreat: 00:00:40.14, Total: 00:09:41.66, Turn count: 15

End of round 1

Round time: 0:23:34
Total game time elapsed: 0:23:34

UltraKlanMaggies wins the round.

Worm of the round: Mary-Ann.SWF (UltraKlanMaggies)
Most damage with one shot: 132 - Feel-Lee (UltraKlanMaggies)
