Game ID: "12341510"
Game Started at 2021-02-18 12:28:20 GMT
Game Engine Version: 3.8.1
File Format Version: 3.7.3.0 - 3.8.1
Exported with Version: 3.8.1 (Steam)

Red:  "Ledan"   as "The Oxy Morons" [Local Player] [Host]
Blue: "chichik" as "1-UP"

[00:00:00.00] ••• 1-UP (chichik) starts turn
[00:00:00.78] [Ledan] gl hf
[00:00:09.54] ••• 1-UP (chichik) fires Select Worm
[00:00:19.56] ••• 1-UP (chichik) fires Ninja Rope
[00:00:31.34] ••• 1-UP (chichik) fires Baseball Bat
[00:00:34.92] ••• 1-UP (chichik) ends turn; time used: 25.98 sec turn, 3.00 sec retreat
[00:00:39.74] ••• Damage dealt: 90 (1 kill) to The Oxy Morons (Ledan)
[00:00:39.74] ••• The Oxy Morons (Ledan) starts turn
[00:00:45.84] ••• The Oxy Morons (Ledan) fires Ninja Rope
[00:01:27.56] ••• The Oxy Morons (Ledan) fires Sheep
[00:01:31.52] ••• The Oxy Morons (Ledan) ends turn; time used: 41.22 sec turn, 3.00 sec retreat
[00:01:41.14] ••• Damage dealt: 10 to The Oxy Morons (Ledan), 70 to 1-UP (chichik)
[00:01:41.14] ••• 1-UP (chichik) starts turn
[00:01:48.74] ••• 1-UP (chichik) fires Select Worm
[00:02:04.30] ••• 1-UP (chichik) fires Fire Punch
[00:02:09.10] ••• 1-UP (chichik) ends turn; time used: 20.08 sec turn, 3.00 sec retreat
[00:02:14.72] ••• Damage dealt: 90 (1 kill) to The Oxy Morons (Ledan)
[00:02:14.72] ••• The Oxy Morons (Ledan) starts turn
[00:02:35.46] ••• The Oxy Morons (Ledan) fires Mine
[00:02:40.64] ••• The Oxy Morons (Ledan) ends turn; time used: 15.74 sec turn, 5.00 sec retreat
[00:02:48.82] ••• Damage dealt: 46 to 1-UP (chichik)
[00:02:48.82] ••• 1-UP (chichik) starts turn
[00:03:26.82] ••• 1-UP (chichik) fires Flame Thrower
[00:03:34.30] ••• 1-UP (chichik) ends turn; time used: 33.00 sec turn, 3.00 sec retreat
[00:03:37.02] ••• Damage dealt: 52 to The Oxy Morons (Ledan)
[00:03:37.02] ••• The Oxy Morons (Ledan) starts turn
[00:03:42.58] ••• The Oxy Morons (Ledan) uses Bungee
[00:03:55.16] ••• The Oxy Morons (Ledan) fires Ninja Rope
[00:04:03.88] ••• The Oxy Morons (Ledan) fires Ninja Rope
[00:04:25.64] ••• The Oxy Morons (Ledan) fires Mad Cow (herd of 2)
[00:04:26.88] ••• The Oxy Morons (Ledan) loses turn due to loss of control; time used: 44.50 sec turn, 0.20 sec retreat
[00:04:32.82] ••• Damage dealt: 24 to The Oxy Morons (Ledan), 71 to 1-UP (chichik)
[00:04:32.82] ••• 1-UP (chichik) starts turn
[00:04:54.96] ••• 1-UP (chichik) fires Select Worm
[00:05:19.84] ••• 1-UP (chichik) fires Mine
[00:05:25.02] ••• 1-UP (chichik) ends turn; time used: 41.96 sec turn, 5.00 sec retreat
[00:05:33.84] ••• Damage dealt: 47 to The Oxy Morons (Ledan)
[00:05:33.84] ••• The Oxy Morons (Ledan) starts turn
[00:05:40.54] ••• The Oxy Morons (Ledan) fires Select Worm
[00:05:44.00] ••• The Oxy Morons (Ledan) fires Ninja Rope
[00:05:44.44] ••• The Oxy Morons (Ledan) fires Ninja Rope
[00:05:55.26] ••• The Oxy Morons (Ledan) fires Shotgun
[00:06:01.28] ••• The Oxy Morons (Ledan) fires Shotgun
[00:06:05.44] ••• The Oxy Morons (Ledan) ends turn; time used: 16.74 sec turn, 3.00 sec retreat
[00:06:08.62] ••• Damage dealt: 29 to 1-UP (chichik)
[00:06:08.62] ••• 1-UP (chichik) starts turn
[00:06:17.12] ••• 1-UP (chichik) fires Parachute
[00:06:25.22] ••• 1-UP (chichik) fires Dynamite
[00:06:30.22] ••• 1-UP (chichik) loses turn due to loss of control; time used: 14.22 sec turn, 4.98 sec retreat
[00:06:32.42] [chichik] fuck
[00:06:33.94] [Ledan] what
[00:06:39.24] ••• Damage dealt: 44 (1 kill) to 1-UP (chichik)
[00:06:39.24] ••• The Oxy Morons (Ledan) starts turn
[00:06:51.58] ••• The Oxy Morons (Ledan) fires Low Gravity
[00:06:54.68] ••• The Oxy Morons (Ledan) fires Bazooka
[00:06:59.28] ••• The Oxy Morons (Ledan) ends turn; time used: 13.64 sec turn, 3.00 sec retreat
[00:07:05.00] ••• Damage dealt: 90 (1 kill) to 1-UP (chichik)
[00:07:05.00] ••• 1-UP (chichik) starts turn
[00:07:18.74] ••• 1-UP (chichik) fires Shotgun
[00:07:32.86] ••• 1-UP (chichik) fires Shotgun
[00:07:37.02] ••• 1-UP (chichik) ends turn; time used: 17.76 sec turn, 3.00 sec retreat
[00:07:40.50] ••• Damage dealt: 48 to The Oxy Morons (Ledan)
[00:07:40.50] ••• The Oxy Morons (Ledan) starts turn
[00:07:45.38] ••• The Oxy Morons (Ledan) fires Shotgun
[00:07:56.54] ••• The Oxy Morons (Ledan) fires Shotgun
[00:08:00.70] ••• The Oxy Morons (Ledan) ends turn; time used: 7.20 sec turn, 3.00 sec retreat
[00:08:16.46] ••• Damage dealt: 4 (1 kill) to The Oxy Morons (Ledan), 109 (2 kills) to 1-UP (chichik)
[00:08:16.46] ••• 1-UP (chichik) starts turn
[00:08:33.50] ••• 1-UP (chichik) fires Jet Pack
[00:08:52.06] ••• 1-UP (chichik) fires Sheep
[00:08:57.06] ••• 1-UP (chichik) used 30 (28) units of Jet Pack fuel
[00:08:57.08] ••• 1-UP (chichik) ends turn; time used: 30.18 sec turn, 5.00 sec retreat
[00:09:00.96] *** chichik is quitting
[00:09:02.04] *** chichik is quitting
[00:09:02.64] *** chichik is disconnecting due to quitting
[00:09:03.12] *** chichik disconnected due to quitting
[00:09:07.88] ••• Damage dealt: 4 to The Oxy Morons (Ledan), 10 (1 kill) to 1-UP (chichik)
[00:09:07.88] ••• The Oxy Morons (Ledan) starts turn
[00:09:07.90] *** 1-UP (chichik) forced out by disconnection due to quitting
[00:09:07.90] ••• The Oxy Morons (Ledan) ends turn; time used: 0.00 sec turn, 0.00 sec retreat
[00:09:14.16] [Ledan] gg
[00:09:14.78] ••• Game Ends - Round Finished
[00:09:14.78] *** Round Finish acknowledged by Ledan

Team time totals:
The Oxy Morons (Ledan): Turn: 00:02:19.04, Retreat: 00:00:17.20, Total: 00:02:36.24, Turn count: 7
1-UP (chichik):         Turn: 00:03:03.18, Retreat: 00:00:26.98, Total: 00:03:30.16, Turn count: 7

Total Jet Pack fuel used: 30

End of round 1

Round time: 0:09:14
Total game time elapsed: 0:09:14

The Oxy Morons wins the round.

Worm of the round: BasedNRedpilled (The Oxy Morons)
Most damage with one shot: 95 - BasedNRedpilled (The Oxy Morons)
