Game ID: "12331225"
Game Started at 2021-02-14 19:42:06 GMT
Game Engine Version: 3.8.1
File Format Version: 3.7.3.0 - 3.8.1
Exported with Version: 3.8.1 (Steam)

Red:  "chesnut"  as "gusis" [Local Player] [Host]
Blue: "oneVSone" as "Eikjueswaies"

[00:00:00.00] ••• Eikjueswaies (oneVSone) starts turn
[00:00:17.44] ••• Eikjueswaies (oneVSone) fires Select Worm
[00:00:31.50] ••• Eikjueswaies (oneVSone) fires Shotgun
[00:00:42.38] ••• Eikjueswaies (oneVSone) fires Shotgun
[00:00:46.54] ••• Eikjueswaies (oneVSone) ends turn; time used: 31.92 sec turn, 3.00 sec retreat
[00:00:50.96] ••• Damage dealt: 50 to gusis (chesnut)
[00:00:50.96] ••• gusis (chesnut) starts turn
[00:00:56.52] ••• gusis (chesnut) fires Select Worm
[00:01:06.56] [oneVSone] is something happens to the colors?
[00:01:09.38] ••• gusis (chesnut) fires Ninja Rope
[00:01:14.10] ••• gusis (chesnut) uses Parachute
[00:01:21.20] [chesnut] I am red, you are blue
[00:01:26.92] ••• gusis (chesnut) fires Shotgun
[00:01:29.28] [oneVSone] I know
[00:01:35.76] [oneVSone] but so blue like never before
[00:01:40.92] ••• gusis (chesnut) loses turn due to loss of control; time used: 37.72 sec turn, 0.00 sec retreat
[00:01:42.54] [oneVSone] update or smtg?
[00:01:50.18] ••• Damage dealt: 57 to gusis (chesnut), 27 to Eikjueswaies (oneVSone)
[00:01:50.18] ••• Eikjueswaies (oneVSone) starts turn
[00:01:50.20] [chesnut] my blue is fine
[00:01:50.20] [chesnut] you change something in your game
[00:01:54.00] ••• Eikjueswaies (oneVSone) fires Select Worm
[00:02:06.24] ••• Eikjueswaies (oneVSone) fires Shotgun
[00:02:11.56] ••• Eikjueswaies (oneVSone) fires Shotgun
[00:02:15.72] ••• Eikjueswaies (oneVSone) ends turn; time used: 14.48 sec turn, 3.00 sec retreat
[00:02:23.64] ••• Damage dealt: 33 (1 kill) to gusis (chesnut)
[00:02:23.64] ••• gusis (chesnut) starts turn
[00:02:45.98] ••• gusis (chesnut) fires Parachute
[00:03:00.98] ••• gusis (chesnut) fires Homing Missile
[00:03:05.50] ••• gusis (chesnut) ends turn; time used: 35.52 sec turn, 3.00 sec retreat
[00:03:19.78] ••• Damage dealt: 103 (1 kill) to Eikjueswaies (oneVSone)
[00:03:19.78] ••• Eikjueswaies (oneVSone) starts turn
[00:03:32.16] ••• Eikjueswaies (oneVSone) fires Ninja Rope
[00:03:49.98] ••• Eikjueswaies (oneVSone) fires Petrol Bomb
[00:03:53.68] ••• Eikjueswaies (oneVSone) ends turn; time used: 25.02 sec turn, 3.00 sec retreat
[00:03:58.10] ••• Damage dealt: 21 to gusis (chesnut)
[00:03:58.10] ••• gusis (chesnut) starts turn
[00:04:21.70] ••• gusis (chesnut) fires Girder
[00:04:24.78] ••• gusis (chesnut) ends turn; time used: 18.60 sec turn, 3.00 sec retreat
[00:04:26.80] ••• Eikjueswaies (oneVSone) starts turn
[00:04:42.12] ••• Eikjueswaies (oneVSone) fires Shotgun
[00:04:49.66] ••• Eikjueswaies (oneVSone) fires Shotgun
[00:04:53.82] ••• Eikjueswaies (oneVSone) ends turn; time used: 14.68 sec turn, 3.00 sec retreat
[00:04:58.24] ••• Damage dealt: 43 to gusis (chesnut)
[00:04:58.24] ••• gusis (chesnut) starts turn
[00:05:34.94] ••• gusis (chesnut) fires Shotgun
[00:05:42.44] ••• gusis (chesnut) fires Shotgun
[00:05:46.60] ••• gusis (chesnut) ends turn; time used: 40.42 sec turn, 3.00 sec retreat
[00:05:53.02] ••• Damage dealt: 42 to Eikjueswaies (oneVSone)
[00:05:53.02] ••• Eikjueswaies (oneVSone) starts turn
[00:06:02.00] ••• Eikjueswaies (oneVSone) fires Shotgun
[00:06:15.80] ••• Eikjueswaies (oneVSone) fires Shotgun
[00:06:19.96] ••• Eikjueswaies (oneVSone) ends turn; time used: 13.26 sec turn, 3.00 sec retreat
[00:06:23.98] ••• Damage dealt: 22 to gusis (chesnut)
[00:06:23.98] ••• gusis (chesnut) starts turn
[00:06:30.10] ••• gusis (chesnut) fires Select Worm
[00:06:39.92] ••• gusis (chesnut) fires Ninja Rope
[00:07:04.24] ••• gusis (chesnut) fires Dynamite
[00:07:09.42] ••• gusis (chesnut) ends turn; time used: 39.40 sec turn, 5.00 sec retreat
[00:07:18.04] ••• Damage dealt: 90 (1 kill) to Eikjueswaies (oneVSone)
[00:07:18.04] ••• Eikjueswaies (oneVSone) starts turn
[00:07:38.16] ••• Eikjueswaies (oneVSone) fires Ninja Rope
[00:07:52.28] ••• Eikjueswaies (oneVSone) fires Longbow
[00:08:02.70] ••• Eikjueswaies (oneVSone) fires Longbow
[00:08:05.78] ••• Eikjueswaies (oneVSone) ends turn; time used: 36.28 sec turn, 3.00 sec retreat
[00:08:11.00] ••• Damage dealt: 40 (1 kill) to gusis (chesnut)
[00:08:11.00] ••• gusis (chesnut) starts turn
[00:08:41.02] ••• gusis (chesnut) fires Skunk
[00:08:44.04] ••• gusis (chesnut) ends turn; time used: 25.28 sec turn, 3.00 sec retreat
[00:08:50.60] ••• Damage dealt: 35 to Eikjueswaies (oneVSone)
[00:08:50.60] ••• Eikjueswaies (oneVSone) starts turn
[00:09:07.08] ••• Eikjueswaies (oneVSone) fires Ninja Rope
[00:09:35.70] ••• Eikjueswaies (oneVSone) fires Shotgun
[00:09:48.54] ••• Eikjueswaies (oneVSone) fires Shotgun
[00:09:49.44] ••• Eikjueswaies (oneVSone) loses turn due to loss of control; time used: 44.20 sec turn, 0.00 sec retreat
[00:09:57.98] ••• Damage dealt: 39 to gusis (chesnut), 17 to Eikjueswaies (oneVSone)
[00:09:57.98] ••• gusis (chesnut) starts turn
[00:10:09.26] ••• gusis (chesnut) fires Jet Pack
[00:10:17.88] ••• gusis (chesnut) fires Sheep
[00:10:22.88] ••• gusis (chesnut) used 30 (20) units of Jet Pack fuel
[00:10:22.90] ••• gusis (chesnut) ends turn; time used: 14.48 sec turn, 5.00 sec retreat
[00:10:28.50] ••• Damage dealt: 90 (1 kill) to Eikjueswaies (oneVSone)
[00:10:28.50] ••• Eikjueswaies (oneVSone) starts turn
[00:10:38.12] ••• Eikjueswaies (oneVSone) fires Shotgun
[00:10:54.60] ••• Eikjueswaies (oneVSone) fires Shotgun
[00:10:58.76] ••• Eikjueswaies (oneVSone) ends turn; time used: 22.60 sec turn, 3.00 sec retreat
[00:11:04.86] ••• gusis (chesnut) starts turn
[00:11:12.92] ••• gusis (chesnut) fires Teleport
[00:11:13.34] ••• resetting Jet Pack fuel use to 0
[00:11:15.40] ••• gusis (chesnut) ends turn; time used: 8.04 sec turn, 0.02 sec retreat
[00:11:19.50] ••• Eikjueswaies (oneVSone) starts turn
[00:11:33.88] ••• Eikjueswaies (oneVSone) fires Select Worm
[00:11:41.24] ••• Eikjueswaies (oneVSone) fires Jet Pack
[00:11:42.64] ••• Eikjueswaies (oneVSone) fires Dynamite
[00:11:47.64] ••• Eikjueswaies (oneVSone) used 30 (2) units of Jet Pack fuel
[00:11:47.66] ••• Eikjueswaies (oneVSone) ends turn; time used: 18.90 sec turn, 5.00 sec retreat
[00:12:03.94] ••• Damage dealt: 76 (2 kills) to gusis (chesnut), 2 to Eikjueswaies (oneVSone)
[00:12:03.94] ••• gusis (chesnut) starts turn
[00:12:39.86] ••• gusis (chesnut) fires Shotgun
[00:12:46.20] ••• gusis (chesnut) fires Shotgun
[00:12:50.36] ••• gusis (chesnut) ends turn; time used: 35.16 sec turn, 3.00 sec retreat
[00:12:56.46] ••• Eikjueswaies (oneVSone) starts turn
[00:13:04.14] ••• Eikjueswaies (oneVSone) fires Shotgun
[00:13:20.92] ••• Eikjueswaies (oneVSone) fires Shotgun
[00:13:25.08] ••• Eikjueswaies (oneVSone) ends turn; time used: 17.86 sec turn, 3.00 sec retreat
[00:13:31.18] ••• Damage dealt: 50 to gusis (chesnut)
[00:13:31.18] ••• gusis (chesnut) starts turn
[00:13:32.22] ••• gusis (chesnut) fires Low Gravity
[00:13:35.34] ••• gusis (chesnut) fires Fire Punch
[00:13:40.72] ••• gusis (chesnut) ends turn; time used: 3.68 sec turn, 3.00 sec retreat
[00:13:53.82] ••• Damage dealt: 33 (2 kills) to Eikjueswaies (oneVSone)
[00:13:53.82] ••• Eikjueswaies (oneVSone) starts turn
[00:14:07.74] ••• Eikjueswaies (oneVSone) fires Ninja Rope
[00:14:28.68] ••• Eikjueswaies (oneVSone) fires Shotgun
[00:14:42.06] ••• Eikjueswaies (oneVSone) fires Shotgun
[00:14:46.22] ••• Eikjueswaies (oneVSone) ends turn; time used: 41.82 sec turn, 3.00 sec retreat
[00:14:55.58] ••• Damage dealt: 40 (1 kill) to gusis (chesnut)
[00:14:55.58] ••• gusis (chesnut) starts turn
[00:15:03.02] ••• gusis (chesnut) fires Napalm Strike
[00:15:06.50] ••• gusis (chesnut) ends turn; time used: 5.48 sec turn, 3.00 sec retreat
[00:15:16.38] ••• Damage dealt: 95 to Eikjueswaies (oneVSone)
[00:15:16.38] ••• Eikjueswaies (oneVSone) starts turn
[00:15:39.44] ••• Eikjueswaies (oneVSone) fires Petrol Bomb
[00:15:43.66] ••• Eikjueswaies (oneVSone) ends turn; time used: 20.06 sec turn, 3.00 sec retreat
[00:15:46.48] ••• Damage dealt: 19 to gusis (chesnut)
[00:15:46.48] ••• gusis (chesnut) starts turn
[00:15:58.24] ••• gusis (chesnut) fires Ninja Rope
[00:15:59.00] ••• gusis (chesnut) fires Ninja Rope
[00:16:17.00] ••• gusis (chesnut) fires Shotgun
[00:16:31.76] ••• gusis (chesnut) fires Shotgun
[00:16:35.92] ••• gusis (chesnut) ends turn; time used: 35.06 sec turn, 3.00 sec retreat
[00:16:41.54] ••• Damage dealt: 34 (1 kill) to Eikjueswaies (oneVSone)
[00:16:41.54] ••• Eikjueswaies (oneVSone) starts turn
[00:16:46.82] ••• Eikjueswaies (oneVSone) fires Low Gravity
[00:17:02.88] ••• Eikjueswaies (oneVSone) fires Mine
[00:17:08.06] ••• Eikjueswaies (oneVSone) ends turn; time used: 19.92 sec turn, 5.00 sec retreat
[00:17:15.76] ••• Damage dealt: 46 to gusis (chesnut)
[00:17:15.76] ••• gusis (chesnut) starts turn
[00:17:18.24] ••• gusis (chesnut) fires Select Worm
[00:17:24.72] ••• gusis (chesnut) fires Shotgun
[00:17:36.76] ••• gusis (chesnut) fires Shotgun
[00:17:40.92] ••• gusis (chesnut) ends turn; time used: 9.76 sec turn, 3.00 sec retreat
[00:17:46.14] ••• Damage dealt: 9 (1 kill) to Eikjueswaies (oneVSone)
[00:17:46.14] ••• Eikjueswaies (oneVSone) starts turn
[00:17:56.96] ••• Eikjueswaies (oneVSone) fires Shotgun
[00:18:02.64] ••• Eikjueswaies (oneVSone) fires Shotgun
[00:18:06.80] ••• Eikjueswaies (oneVSone) ends turn; time used: 8.48 sec turn, 3.00 sec retreat
[00:18:16.72] ••• Damage dealt: 50 (1 kill) to gusis (chesnut)
[00:18:16.72] ••• gusis (chesnut) starts turn
[00:18:20.64] ••• gusis (chesnut) fires Ninja Rope
[00:18:21.94] ••• gusis (chesnut) fires Ninja Rope
[00:18:40.62] ••• gusis (chesnut) uses Bungee
[00:18:53.58] ••• gusis (chesnut) fires Flame Thrower
[00:18:53.60] ••• gusis (chesnut) loses turn due to loss of control; time used: 35.46 sec turn, 0.00 sec retreat
[00:18:58.56] ••• Damage dealt: 2 to gusis (chesnut)
[00:18:58.56] ••• Eikjueswaies (oneVSone) starts turn
[00:19:04.22] ••• Eikjueswaies (oneVSone) fires Longbow
[00:19:24.12] ••• Eikjueswaies (oneVSone) loses turn due to loss of control; time used: 18.38 sec turn, 0.00 sec retreat
[00:19:26.38] [chesnut] gg
[00:19:29.22] [oneVSone] gg
[00:19:32.04] *** Round Finish acknowledged by oneVSone
[00:19:34.04] ••• Damage dealt: 17 to gusis (chesnut), 73 (1 kill) to Eikjueswaies (oneVSone)
[00:19:34.06] ••• Game Ends - Round Finished
[00:19:34.06] *** Round Finish acknowledged by chesnut

Team time totals:
gusis (chesnut):         Turn: 00:05:44.06, Retreat: 00:00:37.02, Total: 00:06:21.08, Turn count: 14
Eikjueswaies (oneVSone): Turn: 00:05:47.86, Retreat: 00:00:43.00, Total: 00:06:30.86, Turn count: 15

Total Jet Pack fuel used: 30

End of round 1

Round time: 0:19:34
Total game time elapsed: 0:19:34

gusis wins the round.

Worm of the round: I2 (Eikjueswaies)
Most damage with one shot: 103 - guseis (gusis)
