Game ID: "12311422"
Game Started at 2021-02-08 16:18:52 GMT
Game Engine Version: 3.8.1
File Format Version: 3.7.3.0 - 3.8.1
Exported with Version: 3.8.1 (Steam)

Red:  "chesnut" as "gusis" [Host]
Blue: "Veals"   as "Veals" [Local Player]

[00:00:00.00] ••• Veals (Veals) starts turn
[00:00:15.66] ••• Veals (Veals) fires Select Worm
[00:00:35.46] ••• Veals (Veals) fires Ninja Rope
[00:00:48.44] ••• Veals (Veals) fires Dynamite
[00:00:53.48] ••• Veals (Veals) loses turn due to loss of control; time used: 43.10 sec turn, 4.86 sec retreat
[00:00:59.46] ••• Damage dealt: 90 to gusis (chesnut), 4 to Veals (Veals)
[00:00:59.46] ••• gusis (chesnut) starts turn
[00:01:20.76] ••• gusis (chesnut) fires Select Worm
[00:01:37.34] ••• gusis (chesnut) fires Shotgun
[00:01:44.40] ••• gusis (chesnut) fires Shotgun
[00:01:48.56] ••• gusis (chesnut) ends turn; time used: 34.88 sec turn, 3.00 sec retreat
[00:01:52.98] ••• Damage dealt: 31 to Veals (Veals)
[00:01:52.98] ••• Veals (Veals) starts turn
[00:01:55.36] ••• Veals (Veals) loses turn due to loss of control; time used: 1.48 sec turn, 0.00 sec retreat
[00:02:00.36] ••• Damage dealt: 13 to Veals (Veals)
[00:02:00.36] ••• gusis (chesnut) starts turn
[00:02:00.38] [Veals] xd
[00:02:06.88] [chesnut] ow
[00:02:15.14] ••• gusis (chesnut) fires Longbow
[00:02:24.44] ••• gusis (chesnut) fires Longbow
[00:02:27.52] ••• gusis (chesnut) ends turn; time used: 15.08 sec turn, 3.00 sec retreat
[00:02:38.40] ••• Damage dealt: 80 to Veals (Veals)
[00:02:38.40] ••• Veals (Veals) starts turn
[00:02:50.64] ••• Veals (Veals) fires Ninja Rope
[00:02:55.38] ••• Veals (Veals) fires Select Worm
[00:03:02.62] ••• Veals (Veals) fires Ninja Rope
[00:03:05.06] ••• Veals (Veals) fires Ninja Rope
[00:03:13.78] ••• Veals (Veals) fires Mad Cow (herd of 2)
[00:03:17.82] ••• Veals (Veals) ends turn; time used: 31.70 sec turn, 3.00 sec retreat
[00:03:22.46] ••• Damage dealt: 118 to gusis (chesnut)
[00:03:22.46] ••• gusis (chesnut) starts turn
[00:03:31.10] ••• gusis (chesnut) fires Ninja Rope
[00:03:53.32] ••• gusis (chesnut) fires Grenade (5 sec, min bounce)
[00:03:58.54] ••• gusis (chesnut) loses turn due to loss of control; time used: 26.84 sec turn, 3.00 sec retreat
[00:04:14.46] ••• Damage dealt: 27 (1 kill) to gusis (chesnut), 73 (1 kill) to Veals (Veals)
[00:04:14.46] ••• Veals (Veals) starts turn
[00:04:41.66] ••• Veals (Veals) fires Shotgun
[00:05:03.74] ••• Veals (Veals) fires Shotgun
[00:05:07.90] ••• Veals (Veals) ends turn; time used: 33.66 sec turn, 3.00 sec retreat
[00:05:15.18] ••• Damage dealt: 44 (1 kill) to gusis (chesnut), 2 to Veals (Veals)
[00:05:15.18] ••• gusis (chesnut) starts turn
[00:05:36.44] ••• gusis (chesnut) fires Grenade (5 sec, min bounce)
[00:05:42.28] ••• gusis (chesnut) ends turn; time used: 16.26 sec turn, 3.00 sec retreat
[00:05:47.74] ••• Veals (Veals) starts turn
[00:06:23.68] ••• Veals (Veals) fires Skunk
[00:06:26.86] ••• Veals (Veals) ends turn; time used: 30.94 sec turn, 3.00 sec retreat
[00:06:31.28] ••• Damage dealt: 9 to gusis (chesnut)
[00:06:31.28] ••• gusis (chesnut) starts turn
[00:06:40.24] ••• gusis (chesnut) fires Skunk
[00:06:43.26] ••• gusis (chesnut) ends turn; time used: 5.10 sec turn, 3.00 sec retreat
[00:06:56.32] ••• Damage dealt: 7 to gusis (chesnut), 25 (1 kill) to Veals (Veals)
[00:06:56.32] ••• Veals (Veals) starts turn
[00:06:57.44] ••• Veals (Veals) fires Low Gravity
[00:07:06.24] ••• Veals (Veals) fires Shotgun
[00:07:38.56] ••• Veals (Veals) fires Shotgun
[00:07:42.72] ••• Veals (Veals) ends turn; time used: 39.72 sec turn, 3.00 sec retreat
[00:07:48.18] ••• Damage dealt: 23 to gusis (chesnut)
[00:07:48.18] ••• gusis (chesnut) starts turn
[00:08:07.96] ••• gusis (chesnut) fires Flame Thrower
[00:08:15.44] ••• gusis (chesnut) ends turn; time used: 14.78 sec turn, 3.00 sec retreat
[00:08:20.42] ••• Damage dealt: 80 to Veals (Veals)
[00:08:20.42] ••• Veals (Veals) starts turn
[00:08:31.32] ••• Veals (Veals) fires Sheep
[00:08:47.68] [Veals] <<<<<<
[00:08:50.78] ••• Veals (Veals) ends turn; time used: 10.38 sec turn, 3.00 sec retreat
[00:08:56.76] ••• gusis (chesnut) starts turn
[00:09:16.14] ••• gusis (chesnut) fires Dynamite
[00:09:21.18] ••• gusis (chesnut) loses turn due to loss of control; time used: 14.38 sec turn, 4.86 sec retreat
[00:09:44.54] ••• Damage dealt: 90 (1 kill) to gusis (chesnut), 85 (1 kill) to Veals (Veals)
[00:09:44.54] ••• Veals (Veals) starts turn
[00:10:13.92] ••• Veals (Veals) fires Shotgun
[00:10:21.08] ••• Veals (Veals) fires Shotgun
[00:10:25.24] ••• Veals (Veals) ends turn; time used: 30.32 sec turn, 3.00 sec retreat
[00:10:30.40] ••• Damage dealt: 47 to gusis (chesnut)
[00:10:30.40] ••• gusis (chesnut) starts turn
[00:10:38.16] ••• gusis (chesnut) fires Grenade (5 sec, min bounce)
[00:10:43.88] ••• gusis (chesnut) ends turn; time used: 5.14 sec turn, 3.00 sec retreat
[00:10:50.08] ••• Damage dealt: 45 to Veals (Veals)
[00:10:50.08] ••• Veals (Veals) starts turn
[00:11:06.10] ••• Veals (Veals) fires Shotgun
[00:11:21.88] ••• Veals (Veals) fires Shotgun
[00:11:26.04] ••• Veals (Veals) ends turn; time used: 21.98 sec turn, 3.00 sec retreat
[00:11:33.34] ••• Damage dealt: 18 (1 kill) to gusis (chesnut)
[00:11:33.34] ••• gusis (chesnut) starts turn
[00:12:08.10] ••• gusis (chesnut) fires Parachute
[00:12:16.68] ••• gusis (chesnut) fires Shotgun
[00:12:26.58] ••• gusis (chesnut) fires Shotgun
[00:12:30.74] ••• gusis (chesnut) ends turn; time used: 41.72 sec turn, 3.00 sec retreat
[00:12:36.84] ••• Damage dealt: 14 to gusis (chesnut), 47 to Veals (Veals)
[00:12:36.84] ••• Veals (Veals) starts turn
[00:12:46.56] ••• Veals (Veals) fires Shotgun
[00:13:02.44] ••• Veals (Veals) fires Shotgun
[00:13:06.60] ••• Veals (Veals) ends turn; time used: 18.50 sec turn, 3.00 sec retreat
[00:13:17.64] ••• Damage dealt: 13 (1 kill) to gusis (chesnut)
[00:13:17.64] ••• gusis (chesnut) starts turn
[00:13:26.30] ••• gusis (chesnut) fires Mine
[00:13:31.48] ••• gusis (chesnut) ends turn; time used: 5.48 sec turn, 5.00 sec retreat
[00:13:49.98] ••• Damage dealt: 21 to gusis (chesnut), 43 (1 kill) to Veals (Veals)
[00:13:49.98] ••• Veals (Veals) starts turn
[00:13:58.14] ••• Veals (Veals) fires Select Worm
[00:14:10.90] ••• Veals (Veals) fires Shotgun
[00:14:17.00] ••• Veals (Veals) fires Shotgun
[00:14:21.16] ••• Veals (Veals) ends turn; time used: 16.62 sec turn, 3.00 sec retreat
[00:14:32.20] ••• Damage dealt: 43 (1 kill) to gusis (chesnut)
[00:14:32.20] ••• gusis (chesnut) starts turn
[00:14:40.98] ••• gusis (chesnut) fires Bazooka
[00:14:45.32] ••• gusis (chesnut) ends turn; time used: 4.38 sec turn, 3.00 sec retreat
[00:14:51.26] ••• Damage dealt: 12 (1 kill) to Veals (Veals)
[00:14:51.26] ••• Veals (Veals) starts turn
[00:14:58.16] ••• Veals (Veals) uses Bungee
[00:15:09.02] ••• Veals (Veals) fires Grenade (5 sec, min bounce)
[00:15:14.12] ••• Veals (Veals) loses turn due to loss of control; time used: 16.44 sec turn, 3.00 sec retreat
[00:15:31.68] ••• Damage dealt: 53 (1 kill) to gusis (chesnut), 25 (1 kill) to Veals (Veals)
[00:15:31.68] ••• gusis (chesnut) starts turn
[00:16:13.62] ••• gusis (chesnut) fires Blow Torch
[00:16:20.04] ••• gusis (chesnut) ends turn; time used: 36.94 sec turn, 3.00 sec retreat
[00:16:29.40] ••• Damage dealt: 10 (1 kill) to Veals (Veals)
[00:16:29.40] ••• Veals (Veals) starts turn
[00:17:13.74] ••• Veals (Veals) fires Mine
[00:17:18.92] ••• Veals (Veals) ends turn; time used: 43.10 sec turn, 5.00 sec retreat
[00:17:23.44] [Veals] lol
[00:17:24.78] ••• Damage dealt: 14 to Veals (Veals)
[00:17:24.78] ••• gusis (chesnut) starts turn
[00:17:32.12] ••• gusis (chesnut) fires Ninja Rope
[00:17:47.10] ••• gusis (chesnut) fires Uzi
[00:17:51.30] ••• gusis (chesnut) ends turn; time used: 22.12 sec turn, 3.00 sec retreat
[00:17:55.32] ••• Veals (Veals) starts turn
[00:18:28.24] ••• Veals (Veals) fires Ninja Rope
[00:18:30.40] ••• Veals (Veals) fires Jet Pack
[00:18:33.36] ••• Veals (Veals) used 16 units of Jet Pack fuel
[00:18:37.88] ••• Veals (Veals) fires Petrol Bomb
[00:18:42.58] ••• Veals (Veals) ends turn; time used: 41.70 sec turn, 3.00 sec retreat
[00:18:47.00] ••• Damage dealt: 9 to gusis (chesnut)
[00:18:47.00] ••• gusis (chesnut) starts turn
[00:18:52.60] ••• gusis (chesnut) fires Ninja Rope
[00:19:06.62] ••• gusis (chesnut) fires Homing Missile
[00:19:10.24] ••• gusis (chesnut) ends turn; time used: 19.08 sec turn, 3.00 sec retreat
[00:19:11.30] [Veals] nice)
[00:19:14.68] ••• Damage dealt: 43 to Veals (Veals)
[00:19:14.68] ••• Veals (Veals) starts turn
[00:19:46.80] ••• Veals (Veals) fires Petrol Bomb
[00:19:50.96] ••• Veals (Veals) ends turn; time used: 30.68 sec turn, 3.00 sec retreat
[00:19:53.24] ••• gusis (chesnut) starts turn
[00:20:05.66] ••• gusis (chesnut) fires Grenade (2 sec, min bounce)
[00:20:09.64] ••• gusis (chesnut) ends turn; time used: 10.10 sec turn, 3.00 sec retreat
[00:20:12.22] ••• Veals (Veals) starts turn
[00:20:18.40] ••• Veals (Veals) fires Ninja Rope
[00:20:30.48] ••• Veals (Veals) fires Petrol Bomb
[00:20:34.82] ••• Veals (Veals) ends turn; time used: 12.96 sec turn, 3.00 sec retreat
[00:20:38.84] ••• gusis (chesnut) starts turn
[00:20:51.64] ••• gusis (chesnut) fires Grenade (1 sec, min bounce)
[00:20:55.30] ••• gusis (chesnut) ends turn; time used: 7.80 sec turn, 3.00 sec retreat
[00:20:58.06] ••• Damage dealt: 31 to Veals (Veals)
[00:20:58.06] ••• Veals (Veals) starts turn
[00:21:03.48] ••• Veals (Veals) fires Ninja Rope
[00:21:14.18] [Veals] gg
[00:21:15.54] [Veals] lol
[00:21:18.02] ••• Veals (Veals) fires Shotgun
[00:21:23.80] ••• Veals (Veals) ends turn; time used: 16.24 sec turn, 0.00 sec retreat
[00:21:38.34] ••• Damage dealt: 54 (1 kill) to gusis (chesnut)
[00:21:38.36] ••• Game Ends - Round Finished
[00:21:38.36] *** Round Finish acknowledged by Veals
[00:21:40.78] *** Round Finish acknowledged by chesnut

Team time totals:
gusis (chesnut): Turn: 00:04:40.08, Retreat: 00:00:51.86, Total: 00:05:31.94, Turn count: 16
Veals (Veals):   Turn: 00:07:19.52, Retreat: 00:00:48.86, Total: 00:08:08.38, Turn count: 17

Total Jet Pack fuel used: 16

End of round 3

Round time: 0:21:38
Total game time elapsed: Unknown

Veals wins the match!

Worm of the round: gusatro (gusis)

Most damage with one shot: 173 - gusatres (gusis)
