Game ID: "12342687"
Game Started at 2021-02-18 20:15:45 GMT
Game Engine Version: 3.8
File Format Version: 3.7.3.0 - 3.8.1
Exported with Version: 3.8.1 (Steam)

Red:  "NNNxDario"  as "algunos" [Local Player] [Host]
Blue: "JaJoe`ZaR`" as "JaJoe"

[00:00:00.00] ••• JaJoe (JaJoe`ZaR`) starts turn
[00:00:02.16] [JaJoe`ZaR`] I love snowballs
[00:00:03.48] [JaJoe`ZaR`] Have fun!
[00:00:09.90] [NNNxDario] hf snowman
[00:00:26.96] ••• JaJoe (JaJoe`ZaR`) fires Select Worm
[00:00:34.04] ••• JaJoe (JaJoe`ZaR`) fires Ninja Rope
[00:00:45.96] ••• JaJoe (JaJoe`ZaR`) fires Shotgun
[00:00:54.00] ••• JaJoe (JaJoe`ZaR`) fires Shotgun
[00:00:58.16] ••• JaJoe (JaJoe`ZaR`) ends turn; time used: 42.84 sec turn, 3.00 sec retreat
[00:01:04.30] [NNNxDario] welcome to my firepit
[00:01:04.36] ••• Damage dealt: 121 to algunos (NNNxDario), 10 to JaJoe (JaJoe`ZaR`)
[00:01:04.36] ••• algunos (NNNxDario) starts turn
[00:01:11.02] ••• algunos (NNNxDario) fires Select Worm
[00:01:16.76] ••• algunos (NNNxDario) fires Ninja Rope
[00:01:20.22] ••• algunos (NNNxDario) fires Ninja Rope
[00:01:22.78] ••• algunos (NNNxDario) fires Ninja Rope
[00:01:40.14] ••• algunos (NNNxDario) fires Sheep
[00:01:43.16] ••• algunos (NNNxDario) ends turn; time used: 34.12 sec turn, 3.00 sec retreat
[00:01:48.22] ••• Damage dealt: 186 to JaJoe (JaJoe`ZaR`)
[00:01:48.22] ••• JaJoe (JaJoe`ZaR`) starts turn
[00:02:06.30] ••• JaJoe (JaJoe`ZaR`) fires Low Gravity
[00:02:11.98] ••• JaJoe (JaJoe`ZaR`) fires Select Worm
[00:02:20.88] ••• JaJoe (JaJoe`ZaR`) fires Ninja Rope
[00:02:37.02] ••• JaJoe (JaJoe`ZaR`) fires Baseball Bat
[00:02:40.12] ••• JaJoe (JaJoe`ZaR`) ends turn; time used: 43.68 sec turn, 3.00 sec retreat
[00:02:47.58] ••• Damage dealt: 90 (1 kill) to algunos (NNNxDario)
[00:02:47.58] ••• algunos (NNNxDario) starts turn
[00:02:50.66] [JaJoe`ZaR`] 1 r 1 s
[00:02:51.76] ••• algunos (NNNxDario) fires Ninja Rope
[00:03:18.24] [NNNxDario] 2r
[00:03:27.00] ••• algunos (NNNxDario) fires Longbow
[00:03:41.04] ••• algunos (NNNxDario) fires Longbow
[00:03:44.12] ••• algunos (NNNxDario) ends turn; time used: 43.58 sec turn, 3.00 sec retreat
[00:03:49.74] ••• Damage dealt: 105 (1 kill) to JaJoe (JaJoe`ZaR`)
[00:03:49.74] ••• JaJoe (JaJoe`ZaR`) starts turn
[00:03:49.76] [JaJoe`ZaR`] 2 r 1 s
[00:03:49.76] [NNNxDario] :p
[00:04:26.52] ••• JaJoe (JaJoe`ZaR`) fires Ninja Rope
[00:04:39.02] ••• JaJoe (JaJoe`ZaR`) fires Mad Cow (herd of 2)
[00:04:45.02] ••• JaJoe (JaJoe`ZaR`) ends turn; time used: 44.28 sec turn, 5.00 sec retreat
[00:04:53.32] ••• Damage dealt: 100 (1 kill) to algunos (NNNxDario), 7 to JaJoe (JaJoe`ZaR`)
[00:04:53.32] ••• algunos (NNNxDario) starts turn
[00:05:03.88] ••• algunos (NNNxDario) fires Jet Pack
[00:05:08.54] ••• algunos (NNNxDario) fires Mad Cow (herd of 2)
[00:05:11.92] ••• algunos (NNNxDario) used 30 (18) units of Jet Pack fuel
[00:05:14.54] ••• algunos (NNNxDario) ends turn; time used: 9.80 sec turn, 5.00 sec retreat
[00:05:17.28] [JaJoe`ZaR`] Ew
[00:05:17.60] ••• Damage dealt: 70 to JaJoe (JaJoe`ZaR`)
[00:05:17.60] ••• JaJoe (JaJoe`ZaR`) starts turn
[00:05:21.82] [NNNxDario] was afraid that could happen
[00:06:07.08] ••• JaJoe (JaJoe`ZaR`) fires Grenade (5 sec, min bounce)
[00:06:12.22] ••• JaJoe (JaJoe`ZaR`) ends turn; time used: 44.48 sec turn, 3.00 sec retreat
[00:06:13.22] [NNNxDario] nice idea
[00:06:16.10] [NNNxDario] maybe punch or mine
[00:06:21.36] [JaJoe`ZaR`] I wanted it to pile with nadie
[00:06:23.54] ••• Damage dealt: 28 (1 kill) to algunos (NNNxDario), 7 to JaJoe (JaJoe`ZaR`)
[00:06:23.54] ••• algunos (NNNxDario) starts turn
[00:06:36.84] ••• algunos (NNNxDario) fires Dynamite
[00:06:42.02] ••• algunos (NNNxDario) ends turn; time used: 12.48 sec turn, 5.00 sec retreat
[00:06:53.82] [JaJoe`ZaR`] Well done
[00:06:55.32] ••• Damage dealt: 90 (1 kill) to JaJoe (JaJoe`ZaR`)
[00:06:55.32] ••• JaJoe (JaJoe`ZaR`) starts turn
[00:06:55.34] [NNNxDario] ty
[00:06:55.34] [JaJoe`ZaR`] I'll plop it now though
[00:07:23.52] ••• JaJoe (JaJoe`ZaR`) fires Select Worm
[00:07:37.90] [NNNxDario] nice jumping
[00:07:45.04] ••• JaJoe (JaJoe`ZaR`) fires Mine
[00:07:50.22] ••• JaJoe (JaJoe`ZaR`) ends turn; time used: 44.66 sec turn, 5.00 sec retreat
[00:07:55.28] [JaJoe`ZaR`] Almost XD
[00:07:57.86] ••• Damage dealt: 47 to algunos (NNNxDario)
[00:07:57.86] ••• algunos (NNNxDario) starts turn
[00:07:59.36] [NNNxDario] yep :D
[00:08:00.56] [JaJoe`ZaR`] I thought I still had a bat
[00:08:07.26] ••• algunos (NNNxDario) fires Ninja Rope
[00:08:07.92] ••• algunos (NNNxDario) fires Ninja Rope
[00:08:08.66] ••• algunos (NNNxDario) fires Ninja Rope
[00:08:09.34] ••• algunos (NNNxDario) fires Ninja Rope
[00:08:41.18] ••• algunos (NNNxDario) fires Mine
[00:08:46.36] ••• algunos (NNNxDario) ends turn; time used: 39.72 sec turn, 5.00 sec retreat
[00:08:50.40] [JaJoe`ZaR`] Let's see if you'll plile 23
[00:08:51.64] [JaJoe`ZaR`] 3*
[00:08:52.96] [NNNxDario] no triple
[00:08:55.12] [JaJoe`ZaR`] Aw xD
[00:09:01.26] [JaJoe`ZaR`] Still a nice piling, well done
[00:09:04.54] [NNNxDario] ty
[00:09:07.30] ••• Damage dealt: 57 (2 kills) to JaJoe (JaJoe`ZaR`)
[00:09:07.30] ••• JaJoe (JaJoe`ZaR`) starts turn
[00:09:56.98] ••• JaJoe (JaJoe`ZaR`) fires Dynamite
[00:10:02.16] ••• JaJoe (JaJoe`ZaR`) ends turn; time used: 44.68 sec turn, 5.00 sec retreat
[00:10:12.02] [NNNxDario] not bad, good pile
[00:10:12.58] ••• Damage dealt: 92 to algunos (NNNxDario)
[00:10:12.58] ••• algunos (NNNxDario) starts turn
[00:10:13.34] [JaJoe`ZaR`] Maybe a little more to the left
[00:10:21.24] ••• algunos (NNNxDario) fires Select Worm
[00:10:30.42] ••• algunos (NNNxDario) fires Ninja Rope
[00:10:44.92] ••• algunos (NNNxDario) fires Baseball Bat
[00:10:48.50] ••• algunos (NNNxDario) ends turn; time used: 29.48 sec turn, 3.00 sec retreat
[00:10:53.02] ••• Damage dealt: 73 (1 kill) to JaJoe (JaJoe`ZaR`)
[00:10:53.02] ••• JaJoe (JaJoe`ZaR`) starts turn
[00:11:18.84] ••• JaJoe (JaJoe`ZaR`) fires Jet Pack
[00:11:27.26] ••• JaJoe (JaJoe`ZaR`) used 28 units of Jet Pack fuel
[00:11:30.76] ••• JaJoe (JaJoe`ZaR`) uses Bungee
[00:11:43.36] ••• JaJoe (JaJoe`ZaR`) fires Battle Axe
[00:11:48.26] ••• JaJoe (JaJoe`ZaR`) ends turn; time used: 44.92 sec turn, 3.00 sec retreat
[00:11:48.60] [JaJoe`ZaR`] gg XD
[00:11:52.26] [NNNxDario] wops :p
[00:11:52.68] ••• Damage dealt: 45 to algunos (NNNxDario), 37 to JaJoe (JaJoe`ZaR`)
[00:11:52.68] ••• algunos (NNNxDario) starts turn
[00:11:59.64] [NNNxDario] you can do that axe like this
[00:12:11.90] [JaJoe`ZaR`] Ah, cool
[00:12:17.16] [JaJoe`ZaR`] I was out of time though
[00:12:19.38] ••• algunos (NNNxDario) fires Handgun
[00:12:25.50] ••• algunos (NNNxDario) ends turn; time used: 21.70 sec turn, 3.00 sec retreat
[00:12:29.30] [NNNxDario] ah I see
[00:12:34.86] ••• Damage dealt: 18 (1 kill) to JaJoe (JaJoe`ZaR`)
[00:12:34.86] ••• JaJoe (JaJoe`ZaR`) starts turn
[00:12:50.74] ••• JaJoe (JaJoe`ZaR`) fires Ninja Rope
[00:13:07.08] ••• JaJoe (JaJoe`ZaR`) fires Parachute
[00:13:19.56] ••• JaJoe (JaJoe`ZaR`) fires Shotgun
[00:13:24.88] ••• JaJoe (JaJoe`ZaR`) fires Shotgun
[00:13:29.04] ••• JaJoe (JaJoe`ZaR`) ends turn; time used: 40.00 sec turn, 3.00 sec retreat
[00:13:39.56] ••• Damage dealt: 45 (1 kill) to algunos (NNNxDario), 16 to JaJoe (JaJoe`ZaR`)
[00:13:39.56] ••• algunos (NNNxDario) starts turn
[00:13:42.28] ••• algunos (NNNxDario) fires Select Worm
[00:13:48.80] ••• algunos (NNNxDario) fires Ninja Rope
[00:13:49.76] ••• algunos (NNNxDario) fires Ninja Rope
[00:13:50.46] ••• algunos (NNNxDario) fires Ninja Rope
[00:14:08.76] [JaJoe`ZaR`] Bazooka them
[00:14:09.86] ••• algunos (NNNxDario) fires Mine
[00:14:15.04] ••• algunos (NNNxDario) ends turn; time used: 27.00 sec turn, 5.00 sec retreat
[00:14:16.08] [JaJoe`ZaR`] gg
[00:14:19.44] [NNNxDario] aw
[00:14:20.54] [NNNxDario] gg
[00:14:35.00] ••• Damage dealt: 44 (2 kills) to JaJoe (JaJoe`ZaR`)
[00:14:35.02] ••• Game Ends - Round Finished
[00:14:35.02] *** Round Finish acknowledged by NNNxDario
[00:14:37.54] *** Round Finish acknowledged by JaJoe`ZaR`

Team time totals:
algunos (NNNxDario): Turn: 00:03:37.88, Retreat: 00:00:32.00, Total: 00:04:09.88, Turn count: 8
JaJoe (JaJoe`ZaR`):  Turn: 00:05:49.54, Retreat: 00:00:30.00, Total: 00:06:19.54, Turn count: 8

Total Jet Pack fuel used: 58

End of round 1

Round time: 0:14:35
Total game time elapsed: 0:14:35

algunos wins the round.

Worm of the round: cómo (algunos)
Most kills with one shot: 2 - cómo (algunos)
Most damage with one shot: 186 - siempre (algunos)
