Game ID: "12326492"
Game Started at 2021-02-13 16:38:24 GMT
Game Engine Version: 3.8.1
File Format Version: 3.7.3.0 - 3.8.1
Exported with Version: 3.8.1 (Steam)

Red:  "NNNxDario" as "algunos" [Local Player] [Host]
Blue: "Eray"      as "Eray"

[00:00:00.00] [NNNxDario] hf
[00:00:00.00] ••• Eray (Eray) starts turn
[00:00:19.18] ••• Eray (Eray) fires Select Worm
[00:00:36.52] ••• Eray (Eray) fires Baseball Bat
[00:00:40.10] ••• Eray (Eray) ends turn; time used: 31.46 sec turn, 3.00 sec retreat
[00:00:40.12] [Eray] hf
[00:00:44.84] ••• Damage dealt: 90 (1 kill) to algunos (NNNxDario)
[00:00:44.84] ••• algunos (NNNxDario) starts turn
[00:00:54.22] ••• algunos (NNNxDario) fires Select Worm
[00:01:22.14] ••• algunos (NNNxDario) fires Mine
[00:01:27.32] ••• algunos (NNNxDario) ends turn; time used: 34.86 sec turn, 5.00 sec retreat
[00:01:37.38] ••• Damage dealt: 90 (1 kill) to Eray (Eray)
[00:01:37.38] ••• Eray (Eray) starts turn
[00:01:44.30] ••• Eray (Eray) fires Select Worm
[00:01:54.30] ••• Eray (Eray) fires Ninja Rope
[00:02:03.84] ••• Eray (Eray) fires Dynamite
[00:02:08.88] ••• Eray (Eray) loses turn due to loss of control; time used: 22.34 sec turn, 4.86 sec retreat
[00:02:17.44] ••• Damage dealt: 90 (1 kill) to algunos (NNNxDario), 7 to Eray (Eray)
[00:02:17.44] ••• algunos (NNNxDario) starts turn
[00:02:32.14] ••• algunos (NNNxDario) fires Girder
[00:02:35.22] ••• algunos (NNNxDario) ends turn; time used: 14.38 sec turn, 3.00 sec retreat
[00:02:37.24] ••• Eray (Eray) starts turn
[00:03:02.80] ••• Eray (Eray) fires Jet Pack
[00:03:15.92] ••• Eray (Eray) fires Sheep
[00:03:17.16] ••• Eray (Eray) used 30 (28) units of Jet Pack fuel
[00:03:20.94] ••• Eray (Eray) ends turn; time used: 33.26 sec turn, 5.00 sec retreat
[00:03:26.18] ••• Damage dealt: 63 to algunos (NNNxDario)
[00:03:26.18] ••• algunos (NNNxDario) starts turn
[00:03:52.88] ••• algunos (NNNxDario) fires Low Gravity
[00:04:11.20] ••• algunos (NNNxDario) fires Baseball Bat
[00:04:14.78] ••• algunos (NNNxDario) ends turn; time used: 39.96 sec turn, 3.00 sec retreat
[00:04:21.30] ••• Damage dealt: 83 (1 kill) to Eray (Eray)
[00:04:21.30] ••• Eray (Eray) starts turn
[00:04:54.72] ••• Eray (Eray) fires Teleport
[00:04:55.14] ••• resetting Jet Pack fuel use to 0
[00:04:57.20] ••• Eray (Eray) ends turn; time used: 28.42 sec turn, 0.02 sec retreat
[00:04:59.22] ••• algunos (NNNxDario) starts turn
[00:05:17.74] ••• algunos (NNNxDario) fires Ninja Rope
[00:05:36.74] ••• algunos (NNNxDario) fires Skunk
[00:05:39.76] ••• algunos (NNNxDario) ends turn; time used: 32.52 sec turn, 3.00 sec retreat
[00:05:46.04] ••• Damage dealt: 10 to Eray (Eray)
[00:05:46.04] ••• Eray (Eray) starts turn
[00:06:00.08] ••• Eray (Eray) fires Low Gravity
[00:06:18.94] ••• Eray (Eray) fires Mine
[00:06:24.12] ••• Eray (Eray) ends turn; time used: 27.84 sec turn, 5.00 sec retreat
[00:06:36.80] ••• Damage dealt: 90 (1 kill) to algunos (NNNxDario)
[00:06:36.80] ••• algunos (NNNxDario) starts turn
[00:06:45.56] ••• algunos (NNNxDario) fires Girder
[00:06:48.64] ••• algunos (NNNxDario) ends turn; time used: 5.96 sec turn, 3.00 sec retreat
[00:06:52.74] ••• Eray (Eray) starts turn
[00:07:07.46] ••• Eray (Eray) fires Select Worm
[00:07:31.02] ••• Eray (Eray) fires Fire Punch
[00:07:35.82] ••• Eray (Eray) ends turn; time used: 33.22 sec turn, 3.00 sec retreat
[00:07:46.86] ••• Damage dealt: 27 (1 kill) to algunos (NNNxDario)
[00:07:46.86] ••• algunos (NNNxDario) starts turn
[00:07:58.68] ••• algunos (NNNxDario) fires Shotgun
[00:08:32.94] ••• algunos (NNNxDario) fires Shotgun
[00:08:37.10] ••• algunos (NNNxDario) ends turn; time used: 43.68 sec turn, 3.00 sec retreat
[00:08:43.20] ••• Damage dealt: 25 to Eray (Eray)
[00:08:43.20] ••• Eray (Eray) starts turn
[00:09:11.70] ••• Eray (Eray) fires Parachute
[00:09:30.10] ••• Eray (Eray) fires Shotgun
[00:09:38.04] ••• Eray (Eray) fires Shotgun
[00:09:42.20] ••• Eray (Eray) ends turn; time used: 43.68 sec turn, 3.00 sec retreat
[00:09:48.30] ••• Damage dealt: 50 to algunos (NNNxDario)
[00:09:48.30] ••• algunos (NNNxDario) starts turn
[00:10:27.34] ••• algunos (NNNxDario) fires Girder
[00:10:30.42] ••• algunos (NNNxDario) ends turn; time used: 39.02 sec turn, 3.00 sec retreat
[00:10:34.52] ••• Eray (Eray) starts turn
[00:10:42.90] ••• Eray (Eray) fires Blow Torch
[00:10:50.78] ••• Eray (Eray) ends turn; time used: 6.30 sec turn, 3.00 sec retreat
[00:10:56.88] ••• Damage dealt: 27 to algunos (NNNxDario)
[00:10:56.88] ••• algunos (NNNxDario) starts turn
[00:11:03.04] ••• algunos (NNNxDario) fires Ninja Rope
[00:11:24.66] ••• algunos (NNNxDario) fires Blow Torch
[00:11:32.70] ••• algunos (NNNxDario) ends turn; time used: 27.32 sec turn, 3.00 sec retreat
[00:11:38.80] ••• Damage dealt: 45 to Eray (Eray)
[00:11:38.80] ••• Eray (Eray) starts turn
[00:12:00.22] ••• Eray (Eray) fires Air Strike
[00:12:03.70] ••• Eray (Eray) ends turn; time used: 16.42 sec turn, 3.00 sec retreat
[00:12:13.38] ••• Damage dealt: 15 to algunos (NNNxDario)
[00:12:13.38] ••• algunos (NNNxDario) starts turn
[00:12:35.72] ••• algunos (NNNxDario) fires Select Worm
[00:12:43.62] ••• algunos (NNNxDario) fires Shotgun
[00:12:52.18] ••• algunos (NNNxDario) fires Shotgun
[00:12:56.34] ••• algunos (NNNxDario) ends turn; time used: 28.34 sec turn, 3.00 sec retreat
[00:13:12.50] ••• Damage dealt: 85 (2 kills) to Eray (Eray)
[00:13:12.50] ••• Eray (Eray) starts turn
[00:13:30.28] ••• Eray (Eray) fires Shotgun
[00:14:04.24] ••• Eray (Eray) fires Shotgun
[00:14:08.40] ••• Eray (Eray) ends turn; time used: 44.64 sec turn, 3.00 sec retreat
[00:14:14.50] ••• algunos (NNNxDario) starts turn
[00:14:34.18] ••• algunos (NNNxDario) fires Ninja Rope
[00:14:53.08] ••• algunos (NNNxDario) fires Petrol Bomb
[00:14:56.88] ••• algunos (NNNxDario) ends turn; time used: 38.42 sec turn, 3.00 sec retreat
[00:15:01.64] ••• Damage dealt: 43 to Eray (Eray)
[00:15:01.64] ••• Eray (Eray) starts turn
[00:15:27.10] ••• Eray (Eray) uses Bungee
[00:15:45.44] ••• Eray (Eray) fires Girder
[00:15:48.52] ••• Eray (Eray) ends turn; time used: 38.80 sec turn, 3.00 sec retreat
[00:15:52.62] ••• algunos (NNNxDario) starts turn
[00:16:03.96] ••• algunos (NNNxDario) fires Homing Pigeon
[00:16:07.04] ••• algunos (NNNxDario) ends turn; time used: 11.32 sec turn, 3.00 sec retreat
[00:16:18.08] ••• Damage dealt: 65 (1 kill) to Eray (Eray)
[00:16:18.08] ••• Eray (Eray) starts turn
[00:16:35.90] ••• Eray (Eray) fires Girder
[00:16:38.98] ••• Eray (Eray) ends turn; time used: 12.82 sec turn, 3.00 sec retreat
[00:16:43.08] ••• algunos (NNNxDario) starts turn
[00:16:53.78] ••• algunos (NNNxDario) fires Teleport
[00:16:56.26] ••• algunos (NNNxDario) ends turn; time used: 5.70 sec turn, 0.02 sec retreat
[00:17:00.36] ••• Eray (Eray) starts turn
[00:17:18.96] ••• Eray (Eray) fires Fire Punch
[00:17:23.76] ••• Eray (Eray) ends turn; time used: 13.60 sec turn, 3.00 sec retreat
[00:17:29.86] ••• Damage dealt: 30 to algunos (NNNxDario)
[00:17:29.86] ••• algunos (NNNxDario) starts turn
[00:17:50.90] ••• algunos (NNNxDario) fires Shotgun
[00:18:14.12] ••• algunos (NNNxDario) fires Shotgun
[00:18:18.06] ••• algunos (NNNxDario) loses turn due to loss of control; time used: 37.16 sec turn, 2.78 sec retreat
[00:18:27.64] ••• Damage dealt: 2 to algunos (NNNxDario), 1 (1 kill) to Eray (Eray)
[00:18:27.64] ••• Eray (Eray) starts turn
[00:18:39.18] ••• Eray (Eray) fires Surrender
[00:18:39.20] ••• Eray (Eray) ends turn; time used: 6.54 sec turn, 0.00 sec retreat
[00:18:41.76] [NNNxDario] gg
[00:18:43.04] *** Round Finish acknowledged by Eray
[00:18:44.28] [NNNxDario] see you
[00:18:45.08] ••• Game Ends - Round Finished
[00:18:45.08] *** Round Finish acknowledged by NNNxDario

Team time totals:
algunos (NNNxDario): Turn: 00:05:58.64, Retreat: 00:00:37.80, Total: 00:06:36.44, Turn count: 13
Eray (Eray):         Turn: 00:05:59.34, Retreat: 00:00:41.88, Total: 00:06:41.22, Turn count: 14

End of round 1

Round time: 0:18:45
Total game time elapsed: 0:18:45

A total of 10 Worm(s) were killed during this game.
A total of 919pts of damage were lost during this game.

algunos wins the match!

Worm of the round: dónde (algunos)

Most kills with one shot: 2 - dónde (algunos)
Most damage with one shot: 97 - Worm 5 (Eray)

------------ Awards ------------

Teams

Hail to algunos, masters of the darkside!
algunos were the most boring team.


Worms

The Worm of the match award goes to dónde (algunos) with 3 kill(s).
Most kills with one shot: 2 - dónde (algunos)
Most damage with one shot: 97 - Worm 5 (Eray)
The best shot award was won by dónde (algunos) with 2 kill(s) and 50 pts.
cómo (algunos) wins the strategy award.

The Worm voted most boring was dónde (algunos).
siempre (algunos) was the most useless.
The Worm that has turned to the darkside is cómo (algunos).
NASA greets Worm 5 (Eray) who flew high for 272.
nunca (algunos) turned a strange yellow colour.
