Game ID: "12316872"
Game Started at 2021-02-10 16:27:34 GMT
Game Engine Version: 3.8
File Format Version: 3.7.3.0 - 3.8.1
Exported with Version: 3.8.1 (Steam)

Red:   "NNNxDario" as "algunos" [Local Player] [Host]
Green: "Alpha"     as "Commando"

[00:00:00.00] [NNNxDario] hf
[00:00:00.00] ••• algunos (NNNxDario) starts turn
[00:00:02.98] [Alpha] hf
[00:00:13.84] ••• algunos (NNNxDario) fires Select Worm
[00:00:17.60] ••• algunos (NNNxDario) fires Ninja Rope
[00:00:36.44] ••• algunos (NNNxDario) fires Shotgun
[00:00:50.44] ••• algunos (NNNxDario) fires Shotgun
[00:00:54.60] ••• algunos (NNNxDario) ends turn; time used: 34.48 sec turn, 3.00 sec retreat
[00:01:04.26] ••• Damage dealt: 90 (1 kill) to Commando (Alpha)
[00:01:04.26] ••• Commando (Alpha) starts turn
[00:01:11.10] ••• Commando (Alpha) fires Select Worm
[00:01:21.74] ••• Commando (Alpha) fires Low Gravity
[00:01:52.24] ••• Commando (Alpha) fires Baseball Bat
[00:01:55.42] ••• Commando (Alpha) ends turn; time used: 43.86 sec turn, 3.00 sec retreat
[00:02:02.96] ••• Damage dealt: 90 (1 kill) to algunos (NNNxDario)
[00:02:02.96] ••• algunos (NNNxDario) starts turn
[00:02:14.84] ••• algunos (NNNxDario) fires Ninja Rope
[00:02:35.98] ••• algunos (NNNxDario) fires Sheep
[00:02:39.00] ••• algunos (NNNxDario) ends turn; time used: 28.04 sec turn, 3.00 sec retreat
[00:02:44.52] ••• Damage dealt: 138 to Commando (Alpha)
[00:02:44.52] ••• Commando (Alpha) starts turn
[00:03:07.34] ••• Commando (Alpha) fires Ninja Rope
[00:03:33.02] ••• Commando (Alpha) fires Mine
[00:03:38.20] ••• Commando (Alpha) ends turn; time used: 43.40 sec turn, 5.00 sec retreat
[00:03:51.34] ••• Damage dealt: 90 (1 kill) to algunos (NNNxDario)
[00:03:51.34] ••• algunos (NNNxDario) starts turn
[00:04:17.34] ••• algunos (NNNxDario) fires Skunk
[00:04:23.86] ••• algunos (NNNxDario) ends turn; time used: 25.64 sec turn, 3.00 sec retreat
[00:04:30.58] ••• Damage dealt: 24 to Commando (Alpha)
[00:04:30.58] ••• Commando (Alpha) starts turn
[00:05:03.22] ••• Commando (Alpha) fires Shotgun
[00:05:09.52] ••• Commando (Alpha) fires Shotgun
[00:05:13.68] ••• Commando (Alpha) ends turn; time used: 30.64 sec turn, 3.00 sec retreat
[00:05:19.78] ••• Damage dealt: 50 to algunos (NNNxDario)
[00:05:19.78] ••• algunos (NNNxDario) starts turn
[00:05:28.20] ••• algunos (NNNxDario) fires Ninja Rope
[00:05:42.62] ••• algunos (NNNxDario) fires Baseball Bat
[00:05:46.20] ••• algunos (NNNxDario) ends turn; time used: 22.26 sec turn, 3.00 sec retreat
[00:05:52.66] ••• Damage dealt: 90 (1 kill) to Commando (Alpha)
[00:05:52.66] ••• Commando (Alpha) starts turn
[00:06:07.72] ••• Commando (Alpha) fires Parachute
[00:06:26.36] ••• Commando (Alpha) fires Cluster Bomb (5 sec, min bounce)
[00:06:31.50] ••• Commando (Alpha) ends turn; time used: 28.70 sec turn, 3.00 sec retreat
[00:06:38.18] ••• Damage dealt: 71 to algunos (NNNxDario)
[00:06:38.18] ••• algunos (NNNxDario) starts turn
[00:06:42.48] ••• algunos (NNNxDario) fires Select Worm
[00:06:47.46] ••• algunos (NNNxDario) fires Jet Pack
[00:06:57.14] ••• algunos (NNNxDario) fires Holy Hand-Grenade
[00:07:01.06] ••• algunos (NNNxDario) used 30 (25) units of Jet Pack fuel
[00:07:02.16] ••• algunos (NNNxDario) ends turn; time used: 16.50 sec turn, 5.00 sec retreat
[00:07:11.46] ••• Damage dealt: 167 (1 kill) to Commando (Alpha)
[00:07:11.46] ••• Commando (Alpha) starts turn
[00:07:26.78] ••• Commando (Alpha) fires Select Worm
[00:07:47.34] ••• Commando (Alpha) fires Ninja Rope
[00:08:00.38] ••• Commando (Alpha) fires Mad Cow (herd of 2)
[00:08:05.70] ••• Commando (Alpha) loses turn due to loss of control; time used: 44.72 sec turn, 4.32 sec retreat
[00:08:17.40] ••• Damage dealt: 103 (1 kill) to algunos (NNNxDario), 11 to Commando (Alpha)
[00:08:17.40] ••• algunos (NNNxDario) starts turn
[00:08:29.56] ••• algunos (NNNxDario) fires Shotgun
[00:08:49.04] ••• algunos (NNNxDario) fires Shotgun
[00:08:53.20] ••• algunos (NNNxDario) ends turn; time used: 22.70 sec turn, 3.00 sec retreat
[00:09:04.22] ••• Damage dealt: 24 (2 kills) to Commando (Alpha)
[00:09:04.22] ••• Commando (Alpha) starts turn
[00:09:09.16] ••• Commando (Alpha) fires Select Worm
[00:09:19.38] ••• Commando (Alpha) fires Ninja Rope
[00:09:30.56] ••• Commando (Alpha) fires Ninja Rope
[00:09:46.68] ••• Commando (Alpha) fires Dynamite
[00:09:51.72] ••• Commando (Alpha) loses turn due to loss of control; time used: 37.50 sec turn, 4.86 sec retreat
[00:10:02.12] ••• Damage dealt: 90 (1 kill) to algunos (NNNxDario), 25 to Commando (Alpha)
[00:10:02.12] ••• algunos (NNNxDario) starts turn
[00:10:08.44] ••• algunos (NNNxDario) fires Select Worm
[00:10:25.48] ••• algunos (NNNxDario) uses Bungee
[00:10:48.72] ••• algunos (NNNxDario) fires Dynamite
[00:10:53.76] ••• algunos (NNNxDario) loses turn due to loss of control; time used: 41.54 sec turn, 4.86 sec retreat
[00:11:11.06] ••• Damage dealt: 6 (1 kill) to algunos (NNNxDario), 79 (1 kill) to Commando (Alpha)
[00:11:11.06] ••• Commando (Alpha) starts turn
[00:11:53.62] ••• Commando (Alpha) fires Teleport
[00:11:54.04] ••• resetting Jet Pack fuel use to 0
[00:11:56.10] ••• Commando (Alpha) ends turn; time used: 37.56 sec turn, 0.02 sec retreat
[00:12:00.20] ••• algunos (NNNxDario) starts turn
[00:12:04.68] ••• algunos (NNNxDario) fires Ninja Rope
[00:12:19.82] ••• algunos (NNNxDario) fires Shotgun
[00:12:37.82] ••• algunos (NNNxDario) fires Shotgun
[00:12:40.92] ••• algunos (NNNxDario) ends turn; time used: 28.96 sec turn, 1.96 sec retreat
[00:12:41.86] [NNNxDario] gg
[00:12:45.68] [Alpha] gg
[00:12:54.80] ••• Damage dealt: 27 (2 kills) to Commando (Alpha)
[00:12:54.82] ••• Game Ends - Round Finished
[00:12:54.82] *** Round Finish acknowledged by NNNxDario
[00:12:57.36] *** Round Finish acknowledged by Alpha

Team time totals:
algunos (NNNxDario): Turn: 00:03:40.12, Retreat: 00:00:26.82, Total: 00:04:06.94, Turn count: 8
Commando (Alpha):    Turn: 00:04:26.38, Retreat: 00:00:23.20, Total: 00:04:49.58, Turn count: 7

End of round 1

Round time: 0:12:54
Total game time elapsed: 0:12:54

algunos wins the round.

Worm of the round: dónde (algunos)
Most damage with one shot: 167 - cómo (algunos)
