Game ID: "12331552"
Game Started at 2021-02-14 20:40:52 GMT
Game Engine Version: 3.8
File Format Version: 3.7.3.0 - 3.8.1
Exported with Version: 3.8.1 (Steam)

Red:  "chesnut"     as "gusis" [Local Player] [Host]
Blue: "AlucardinaD" as "Skin Flute"

[00:00:00.00] ••• Skin Flute (AlucardinaD) starts turn
[00:00:02.98] [AlucardinaD] hf
[00:00:05.64] [chesnut] =
[00:00:21.90] ••• Skin Flute (AlucardinaD) fires Ninja Rope
[00:00:32.98] ••• Skin Flute (AlucardinaD) fires Select Worm
[00:00:46.06] ••• Skin Flute (AlucardinaD) fires Petrol Bomb
[00:00:49.52] ••• Skin Flute (AlucardinaD) ends turn; time used: 40.84 sec turn, 3.00 sec retreat
[00:00:54.28] ••• Damage dealt: 58 to gusis (chesnut)
[00:00:54.28] ••• gusis (chesnut) starts turn
[00:01:05.36] ••• gusis (chesnut) fires Select Worm
[00:01:23.86] ••• gusis (chesnut) fires Dynamite
[00:01:29.04] ••• gusis (chesnut) ends turn; time used: 26.66 sec turn, 5.00 sec retreat
[00:01:37.88] ••• Damage dealt: 7 to gusis (chesnut), 90 (1 kill) to Skin Flute (AlucardinaD)
[00:01:37.88] ••• Skin Flute (AlucardinaD) starts turn
[00:02:02.12] ••• Skin Flute (AlucardinaD) fires Ninja Rope
[00:02:18.88] ••• Skin Flute (AlucardinaD) fires Mad Cow (herd of 2)
[00:02:22.92] ••• Skin Flute (AlucardinaD) ends turn; time used: 38.00 sec turn, 3.00 sec retreat
[00:02:32.18] ••• Damage dealt: 115 (1 kill) to gusis (chesnut)
[00:02:32.18] ••• gusis (chesnut) starts turn
[00:02:38.48] ••• gusis (chesnut) fires Ninja Rope
[00:03:01.48] ••• gusis (chesnut) fires Shotgun
[00:03:09.98] ••• gusis (chesnut) fires Shotgun
[00:03:10.90] ••• gusis (chesnut) loses turn due to loss of control; time used: 28.90 sec turn, 0.00 sec retreat
[00:03:20.86] ••• Damage dealt: 2 to gusis (chesnut), 90 (1 kill) to Skin Flute (AlucardinaD)
[00:03:20.86] ••• Skin Flute (AlucardinaD) starts turn
[00:03:55.30] ••• Skin Flute (AlucardinaD) fires Select Worm
[00:03:58.56] ••• Skin Flute (AlucardinaD) fires Low Gravity
[00:04:09.86] ••• Skin Flute (AlucardinaD) fires Baseball Bat
[00:04:13.02] ••• Skin Flute (AlucardinaD) ends turn; time used: 43.88 sec turn, 3.00 sec retreat
[00:04:13.44] [chesnut] wow
[00:04:20.30] ••• Damage dealt: 90 (1 kill) to gusis (chesnut)
[00:04:20.30] ••• gusis (chesnut) starts turn
[00:04:24.50] [AlucardinaD] xD
[00:04:32.48] ••• gusis (chesnut) fires Ninja Rope
[00:04:32.70] [AlucardinaD] creo que el lg fue de mas
[00:04:54.04] ••• gusis (chesnut) fires Flame Thrower
[00:05:01.52] ••• gusis (chesnut) ends turn; time used: 33.00 sec turn, 3.00 sec retreat
[00:05:10.88] ••• Damage dealt: 90 (1 kill) to Skin Flute (AlucardinaD)
[00:05:10.88] ••• Skin Flute (AlucardinaD) starts turn
[00:05:31.46] ••• Skin Flute (AlucardinaD) fires Dynamite
[00:05:36.64] ••• Skin Flute (AlucardinaD) ends turn; time used: 18.36 sec turn, 5.00 sec retreat
[00:05:46.32] ••• Damage dealt: 58 (1 kill) to gusis (chesnut)
[00:05:46.32] ••• gusis (chesnut) starts turn
[00:05:55.48] ••• gusis (chesnut) fires Mine
[00:06:00.66] ••• gusis (chesnut) ends turn; time used: 8.64 sec turn, 5.00 sec retreat
[00:06:07.66] ••• Damage dealt: 47 to Skin Flute (AlucardinaD)
[00:06:07.66] ••• Skin Flute (AlucardinaD) starts turn
[00:06:25.92] ••• Skin Flute (AlucardinaD) fires Select Worm
[00:06:42.48] ••• Skin Flute (AlucardinaD) fires Shotgun
[00:06:56.70] ••• Skin Flute (AlucardinaD) fires Shotgun
[00:07:00.86] ••• Skin Flute (AlucardinaD) ends turn; time used: 35.94 sec turn, 3.00 sec retreat
[00:07:06.08] ••• Damage dealt: 30 (1 kill) to gusis (chesnut)
[00:07:06.08] ••• gusis (chesnut) starts turn
[00:07:22.32] ••• gusis (chesnut) fires Petrol Bomb
[00:07:27.02] ••• gusis (chesnut) ends turn; time used: 15.60 sec turn, 3.00 sec retreat
[00:07:30.58] ••• Damage dealt: 27 to Skin Flute (AlucardinaD)
[00:07:30.58] ••• Skin Flute (AlucardinaD) starts turn
[00:07:40.24] ••• Skin Flute (AlucardinaD) fires Ninja Rope
[00:07:40.84] ••• Skin Flute (AlucardinaD) fires Ninja Rope
[00:07:41.42] ••• Skin Flute (AlucardinaD) fires Ninja Rope
[00:08:03.28] ••• Skin Flute (AlucardinaD) fires Shotgun
[00:08:10.38] ••• Skin Flute (AlucardinaD) fires Shotgun
[00:08:14.54] ••• Skin Flute (AlucardinaD) ends turn; time used: 31.28 sec turn, 3.00 sec retreat
[00:08:17.42] ••• Damage dealt: 48 to gusis (chesnut)
[00:08:17.42] ••• gusis (chesnut) starts turn
[00:08:24.60] ••• gusis (chesnut) fires Ninja Rope
[00:08:36.42] ••• gusis (chesnut) fires Sheep
[00:08:41.44] ••• gusis (chesnut) ends turn; time used: 18.06 sec turn, 5.00 sec retreat
[00:08:45.60] ••• Damage dealt: 103 to Skin Flute (AlucardinaD)
[00:08:45.60] ••• Skin Flute (AlucardinaD) starts turn
[00:08:56.90] ••• Skin Flute (AlucardinaD) fires Ninja Rope
[00:08:57.40] ••• Skin Flute (AlucardinaD) fires Ninja Rope
[00:09:12.22] ••• Skin Flute (AlucardinaD) fires Shotgun
[00:09:19.06] ••• Skin Flute (AlucardinaD) fires Shotgun
[00:09:23.22] ••• Skin Flute (AlucardinaD) ends turn; time used: 25.78 sec turn, 3.00 sec retreat
[00:09:32.92] ••• Damage dealt: 42 (1 kill) to gusis (chesnut)
[00:09:32.92] ••• gusis (chesnut) starts turn
[00:09:47.86] ••• gusis (chesnut) fires Air Strike
[00:09:51.34] ••• gusis (chesnut) ends turn; time used: 14.46 sec turn, 3.00 sec retreat
[00:09:59.88] ••• Damage dealt: 43 (1 kill) to Skin Flute (AlucardinaD)
[00:09:59.88] ••• Skin Flute (AlucardinaD) starts turn
[00:09:59.90] [chesnut] y la sigue esquivando a la mina
[00:10:17.40] ••• Skin Flute (AlucardinaD) fires Ninja Rope
[00:10:30.88] ••• Skin Flute (AlucardinaD) fires Sheep
[00:10:32.00] ••• Skin Flute (AlucardinaD) loses turn due to loss of control; time used: 26.86 sec turn, 1.10 sec retreat
[00:10:37.42] ••• Damage dealt: 70 to gusis (chesnut), 12 to Skin Flute (AlucardinaD)
[00:10:37.42] ••• gusis (chesnut) starts turn
[00:10:51.08] ••• gusis (chesnut) fires Select Worm
[00:11:01.08] ••• gusis (chesnut) fires Shotgun
[00:11:08.20] ••• gusis (chesnut) fires Shotgun
[00:11:12.36] ••• gusis (chesnut) ends turn; time used: 20.14 sec turn, 3.00 sec retreat
[00:11:21.72] ••• Damage dealt: 31 (1 kill) to Skin Flute (AlucardinaD)
[00:11:21.72] ••• Skin Flute (AlucardinaD) starts turn
[00:12:07.98] ••• Skin Flute (AlucardinaD) fires Napalm Strike
[00:12:11.46] ••• Skin Flute (AlucardinaD) ends turn; time used: 43.52 sec turn, 3.00 sec retreat
[00:12:22.52] ••• Damage dealt: 52 to gusis (chesnut)
[00:12:22.52] ••• gusis (chesnut) starts turn
[00:12:30.80] ••• gusis (chesnut) fires Shotgun
[00:12:38.52] ••• gusis (chesnut) fires Shotgun
[00:12:42.68] ••• gusis (chesnut) ends turn; time used: 8.66 sec turn, 3.00 sec retreat
[00:12:46.10] ••• Damage dealt: 52 to Skin Flute (AlucardinaD)
[00:12:46.10] ••• Skin Flute (AlucardinaD) starts turn
[00:13:00.70] ••• Skin Flute (AlucardinaD) fires Jet Pack
[00:13:07.56] ••• Skin Flute (AlucardinaD) used 25 units of Jet Pack fuel
[00:13:13.74] ••• Skin Flute (AlucardinaD) fires Shotgun
[00:13:20.36] ••• Skin Flute (AlucardinaD) fires Shotgun
[00:13:24.52] ••• Skin Flute (AlucardinaD) ends turn; time used: 24.86 sec turn, 3.00 sec retreat
[00:13:33.88] ••• Damage dealt: 38 (1 kill) to gusis (chesnut)
[00:13:33.88] ••• gusis (chesnut) starts turn
[00:13:57.30] ••• gusis (chesnut) fires Napalm Strike
[00:14:00.78] ••• gusis (chesnut) ends turn; time used: 18.42 sec turn, 3.00 sec retreat
[00:14:13.64] ••• Damage dealt: 26 (1 kill) to Skin Flute (AlucardinaD)
[00:14:13.64] ••• Skin Flute (AlucardinaD) starts turn
[00:14:43.52] ••• Skin Flute (AlucardinaD) uses Parachute
[00:14:48.20] [chesnut] casi
[00:14:55.32] ••• Skin Flute (AlucardinaD) fires Petrol Bomb
[00:14:59.34] ••• Skin Flute (AlucardinaD) ends turn; time used: 40.02 sec turn, 3.00 sec retreat
[00:14:59.76] [AlucardinaD] jajaj
[00:15:00.52] [AlucardinaD] x2
[00:15:02.08] ••• gusis (chesnut) starts turn
[00:15:12.44] ••• gusis (chesnut) fires Jet Pack
[00:15:18.08] ••• gusis (chesnut) used 25 units of Jet Pack fuel
[00:15:30.06] ••• gusis (chesnut) fires Shotgun
[00:15:39.38] ••• gusis (chesnut) fires Shotgun
[00:15:43.54] ••• gusis (chesnut) ends turn; time used: 26.88 sec turn, 3.00 sec retreat
[00:15:52.90] ••• Damage dealt: 19 (1 kill) to Skin Flute (AlucardinaD)
[00:15:52.90] ••• Skin Flute (AlucardinaD) starts turn
[00:16:08.48] ••• Skin Flute (AlucardinaD) fires Shotgun
[00:16:23.74] ••• Skin Flute (AlucardinaD) fires Shotgun
[00:16:27.90] ••• Skin Flute (AlucardinaD) ends turn; time used: 18.66 sec turn, 3.00 sec retreat
[00:16:34.00] ••• Damage dealt: 20 (1 kill) to gusis (chesnut), 1 to Skin Flute (AlucardinaD)
[00:16:34.00] ••• gusis (chesnut) starts turn
[00:16:44.50] ••• gusis (chesnut) fires Ninja Rope
[00:17:08.62] ••• gusis (chesnut) fires Mine
[00:17:13.64] ••• gusis (chesnut) ends turn; time used: 31.58 sec turn, 5.00 sec retreat
[00:17:20.68] ••• Damage dealt: 42 to Skin Flute (AlucardinaD)
[00:17:20.68] ••• Skin Flute (AlucardinaD) starts turn
[00:17:27.56] [AlucardinaD] gg
[00:17:32.06] [chesnut] gg
[00:17:43.04] ••• Skin Flute (AlucardinaD) fires Grenade (3 sec, min bounce)
[00:17:46.84] ••• Skin Flute (AlucardinaD) ends turn; time used: 19.26 sec turn, 3.00 sec retreat
[00:17:51.14] ••• Damage dealt: 39 to gusis (chesnut)
[00:17:51.14] ••• gusis (chesnut) starts turn
[00:18:03.86] ••• gusis (chesnut) fires Shotgun
[00:18:11.42] ••• gusis (chesnut) fires Shotgun
[00:18:15.58] ••• gusis (chesnut) ends turn; time used: 14.64 sec turn, 3.00 sec retreat
[00:18:23.42] *** AlucardinaD is quitting
[00:18:23.86] *** AlucardinaD is disconnecting due to quitting
[00:18:24.34] *** AlucardinaD disconnected due to quitting
[00:18:32.98] ••• Damage dealt: 2 to gusis (chesnut), 47 (1 kill) to Skin Flute (AlucardinaD)
[00:18:33.00] ••• Game Ends - Round Finished
[00:18:33.00] *** Round Finish acknowledged by chesnut

Team time totals:
gusis (chesnut):          Turn: 00:04:25.64, Retreat: 00:00:44.00, Total: 00:05:09.64, Turn count: 13
Skin Flute (AlucardinaD): Turn: 00:06:47.26, Retreat: 00:00:39.10, Total: 00:07:26.36, Turn count: 13

Total Jet Pack fuel used: 50

End of round 2

Round time: 0:18:33
Total game time elapsed: Unknown

gusis wins the match!

Worm of the round: gucho (gusis)

Most damage with one shot: 115 - N. Barker (Skin Flute)
