Game ID: "12337018"
Game Started at 2021-02-16 20:02:55 GMT
Game Engine Version: 3.8.1
File Format Version: 3.7.3.0 - 3.8.1
Exported with Version: 3.8.1 (Steam)

Red:  "NNNxDario" as "algunos" [Local Player] [Host]
Blue: "oneVSone"  as "Eikjueswaies"

[00:00:00.00] [NNNxDario] hf
[00:00:00.00] ••• algunos (NNNxDario) starts turn
[00:00:07.58] ••• algunos (NNNxDario) fires Select Worm
[00:00:11.30] ••• algunos (NNNxDario) fires Ninja Rope
[00:00:43.76] ••• algunos (NNNxDario) fires Baseball Bat
[00:00:47.34] ••• algunos (NNNxDario) ends turn; time used: 41.78 sec turn, 3.00 sec retreat
[00:00:53.04] ••• Damage dealt: 1 to algunos (NNNxDario), 238 to Eikjueswaies (oneVSone)
[00:00:53.04] ••• Eikjueswaies (oneVSone) starts turn
[00:00:53.06] [oneVSone] wow
[00:00:53.24] [NNNxDario] hehe
[00:00:53.28] [oneVSone] hf
[00:00:56.26] [NNNxDario] u2
[00:01:02.58] ••• Eikjueswaies (oneVSone) fires Select Worm
[00:01:12.30] ••• Eikjueswaies (oneVSone) fires Ninja Rope
[00:01:18.98] ••• Eikjueswaies (oneVSone) fires Select Worm
[00:01:28.62] ••• Eikjueswaies (oneVSone) fires Shotgun
[00:01:41.92] ••• Eikjueswaies (oneVSone) fires Shotgun
[00:01:46.08] ••• Eikjueswaies (oneVSone) ends turn; time used: 40.94 sec turn, 3.00 sec retreat
[00:01:50.04] ••• Damage dealt: 103 to algunos (NNNxDario)
[00:01:50.04] ••• algunos (NNNxDario) starts turn
[00:02:08.92] ••• algunos (NNNxDario) fires Ninja Rope
[00:02:10.78] ••• algunos (NNNxDario) fires Ninja Rope
[00:02:20.82] ••• algunos (NNNxDario) uses Parachute
[00:02:34.16] ••• algunos (NNNxDario) fires Shotgun
[00:02:47.18] [oneVSone] good good
[00:02:51.76] ••• algunos (NNNxDario) fires Shotgun
[00:02:54.36] ••• algunos (NNNxDario) loses turn due to loss of control; time used: 42.66 sec turn, 1.44 sec retreat
[00:02:59.56] [NNNxDario] ouch
[00:03:03.94] ••• Damage dealt: 2 to algunos (NNNxDario), 77 (3 kills) to Eikjueswaies (oneVSone)
[00:03:03.94] ••• Eikjueswaies (oneVSone) starts turn
[00:03:07.62] ••• Eikjueswaies (oneVSone) fires Select Worm
[00:03:37.90] ••• Eikjueswaies (oneVSone) fires Ninja Rope
[00:03:48.02] ••• Eikjueswaies (oneVSone) fires Mad Cow (herd of 1)
[00:03:51.56] ••• Eikjueswaies (oneVSone) ends turn; time used: 39.72 sec turn, 3.00 sec retreat
[00:03:57.82] ••• Damage dealt: 241 (2 kills) to algunos (NNNxDario)
[00:03:57.82] ••• algunos (NNNxDario) starts turn
[00:03:59.84] ••• algunos (NNNxDario) fires Select Worm
[00:04:06.26] [oneVSone] :)
[00:04:12.46] [oneVSone] where u from?
[00:04:14.78] ••• algunos (NNNxDario) fires Ninja Rope
[00:04:24.34] ••• algunos (NNNxDario) fires Fire Punch
[00:04:29.14] ••• algunos (NNNxDario) ends turn; time used: 24.42 sec turn, 3.00 sec retreat
[00:04:35.10] ••• Damage dealt: 90 (1 kill) to Eikjueswaies (oneVSone)
[00:04:35.10] ••• Eikjueswaies (oneVSone) starts turn
[00:04:40.30] ••• Eikjueswaies (oneVSone) fires Ninja Rope
[00:04:47.74] [NNNxDario] I am using my country flag
[00:04:47.86] ••• Eikjueswaies (oneVSone) loses turn due to loss of control; time used: 10.82 sec turn, 0.00 sec retreat
[00:04:49.50] ••• algunos (NNNxDario) starts turn
[00:04:56.92] [oneVSone] Argentina
[00:05:00.06] [NNNxDario] :)
[00:05:09.76] ••• algunos (NNNxDario) fires Grenade (2 sec, min bounce)
[00:05:13.66] ••• algunos (NNNxDario) ends turn; time used: 16.84 sec turn, 3.00 sec retreat
[00:05:18.88] ••• Damage dealt: 5 to algunos (NNNxDario), 46 to Eikjueswaies (oneVSone)
[00:05:18.88] ••• Eikjueswaies (oneVSone) starts turn
[00:05:39.82] ••• Eikjueswaies (oneVSone) fires Skunk
[00:05:46.10] [NNNxDario] nice try, very close
[00:05:50.32] ••• Eikjueswaies (oneVSone) ends turn; time used: 15.94 sec turn, 3.00 sec retreat
[00:05:54.54] ••• algunos (NNNxDario) starts turn
[00:05:58.20] ••• algunos (NNNxDario) fires Shotgun
[00:06:00.16] [oneVSone] no hole ,and nothing :(
[00:06:06.04] ••• algunos (NNNxDario) fires Shotgun
[00:06:10.20] ••• algunos (NNNxDario) ends turn; time used: 5.78 sec turn, 3.00 sec retreat
[00:06:19.10] [oneVSone] I see 3-0 at the moment
[00:06:19.56] ••• Damage dealt: 45 (1 kill) to Eikjueswaies (oneVSone)
[00:06:19.56] ••• Eikjueswaies (oneVSone) starts turn
[00:06:22.58] [NNNxDario] :3
[00:06:23.02] [oneVSone] but I never giveup
[00:06:31.00] [NNNxDario] that's the spirit
[00:06:34.84] ••• Eikjueswaies (oneVSone) fires Shotgun
[00:06:37.82] [NNNxDario] we all need to learn from chuvash
[00:06:46.16] ••• Eikjueswaies (oneVSone) fires Shotgun
[00:06:50.32] ••• Eikjueswaies (oneVSone) ends turn; time used: 19.86 sec turn, 3.00 sec retreat
[00:06:51.02] [NNNxDario] he never gives up, and has won many games like that
[00:06:53.28] ••• algunos (NNNxDario) starts turn
[00:07:05.90] ••• algunos (NNNxDario) fires Kamikaze
[00:07:06.38] ••• algunos (NNNxDario) loses turn due to loss of control; time used: 11.84 sec turn, 0.00 sec retreat
[00:07:11.50] ••• Damage dealt: 54 (1 kill) to algunos (NNNxDario), 85 to Eikjueswaies (oneVSone)
[00:07:11.50] ••• Eikjueswaies (oneVSone) starts turn
[00:07:35.62] ••• Eikjueswaies (oneVSone) fires Parachute
[00:07:53.92] ••• Eikjueswaies (oneVSone) fires Dynamite
[00:07:58.96] ••• Eikjueswaies (oneVSone) loses turn due to loss of control; time used: 41.20 sec turn, 4.86 sec retreat
[00:08:06.48] ••• Damage dealt: 71 to algunos (NNNxDario), 9 to Eikjueswaies (oneVSone)
[00:08:06.48] ••• algunos (NNNxDario) starts turn
[00:08:27.96] ••• algunos (NNNxDario) fires Dynamite
[00:08:33.14] ••• algunos (NNNxDario) ends turn; time used: 21.08 sec turn, 5.00 sec retreat
[00:08:43.48] ••• Damage dealt: 60 (1 kill) to Eikjueswaies (oneVSone)
[00:08:43.48] ••• Eikjueswaies (oneVSone) starts turn
[00:08:47.72] ••• Eikjueswaies (oneVSone) fires Ninja Rope
[00:08:56.54] ••• Eikjueswaies (oneVSone) fires Shotgun
[00:09:01.54] [NNNxDario] good shot
[00:09:37.22] ••• Eikjueswaies (oneVSone) fires Shotgun
[00:09:41.38] ••• Eikjueswaies (oneVSone) ends turn; time used: 41.74 sec turn, 3.00 sec retreat
[00:09:50.74] ••• Damage dealt: 109 (2 kills) to algunos (NNNxDario)
[00:09:50.74] ••• algunos (NNNxDario) starts turn
[00:10:02.94] ••• algunos (NNNxDario) uses Bungee
[00:10:33.44] ••• algunos (NNNxDario) fires Grenade (5 sec, min bounce)
[00:10:39.50] ••• algunos (NNNxDario) ends turn; time used: 42.68 sec turn, 3.00 sec retreat
[00:10:48.82] [oneVSone] shit
[00:10:48.82] ••• Damage dealt: 44 (1 kill) to Eikjueswaies (oneVSone)
[00:10:48.82] ••• Eikjueswaies (oneVSone) starts turn
[00:10:54.58] ••• Eikjueswaies (oneVSone) fires Ninja Rope
[00:11:10.56] ••• Eikjueswaies (oneVSone) fires Petrol Bomb
[00:11:15.58] ••• Eikjueswaies (oneVSone) ends turn; time used: 18.26 sec turn, 5.00 sec retreat
[00:11:18.94] ••• Damage dealt: 7 to algunos (NNNxDario)
[00:11:18.94] ••• algunos (NNNxDario) starts turn
[00:11:19.74] ••• algunos (NNNxDario) fires Select Worm
[00:11:21.68] ••• algunos (NNNxDario) fires Jet Pack
[00:11:26.50] [oneVSone] gg
[00:11:30.46] ••• algunos (NNNxDario) fires Holy Hand-Grenade
[00:11:32.94] [oneVSone] 3-0
[00:11:34.42] ••• algunos (NNNxDario) used 30 (30) units of Jet Pack fuel
[00:11:35.48] ••• algunos (NNNxDario) ends turn; time used: 10.56 sec turn, 5.00 sec retreat
[00:11:36.22] [NNNxDario] gg
[00:11:49.58] [oneVSone] love covern maps
[00:11:50.06] ••• Damage dealt: 26 (1 kill) to Eikjueswaies (oneVSone)
[00:11:50.08] ••• Game Ends - Round Finished
[00:11:50.08] *** Round Finish acknowledged by NNNxDario
[00:11:52.46] *** Round Finish acknowledged by oneVSone

Team time totals:
algunos (NNNxDario):     Turn: 00:03:37.64, Retreat: 00:00:26.44, Total: 00:04:04.08, Turn count: 9
Eikjueswaies (oneVSone): Turn: 00:03:48.48, Retreat: 00:00:24.86, Total: 00:04:13.34, Turn count: 8

Total Jet Pack fuel used: 30

End of round 1

Round time: 0:11:50
Total game time elapsed: 0:11:50

algunos wins the round.

Worm of the round: cuándo (algunos)
Most kills with one shot: 2 - E (Eikjueswaies)
Most damage with one shot: 239 - cómo (algunos)
