Game ID: "12329881"
Game Started at 2021-02-14 12:40:56 GMT
Game Engine Version: 3.8
File Format Version: 3.7.3.0 - 3.8.1
Exported with Version: 3.8.1 (Steam)

Red:  "NNNxDario"    as "algunos" [Local Player] [Host]
Blue: "MIGHTY`taner" as "asn"

[00:00:00.00] ••• asn (MIGHTY`taner) starts turn
[00:00:08.40] ••• asn (MIGHTY`taner) fires Select Worm
[00:00:11.44] [NNNxDario] if I lose I won't do shit, I am already playing before you fulfill your end
[00:00:17.26] ••• asn (MIGHTY`taner) fires Ninja Rope
[00:00:35.74] ••• asn (MIGHTY`taner) uses Bungee
[00:00:44.12] ••• asn (MIGHTY`taner) fires Dynamite
[00:00:49.30] ••• asn (MIGHTY`taner) ends turn; time used: 36.02 sec turn, 5.00 sec retreat
[00:00:57.56] ••• Damage dealt: 285 (3 kills) to algunos (NNNxDario)
[00:00:57.56] ••• algunos (NNNxDario) starts turn
[00:01:03.30] ••• algunos (NNNxDario) fires Select Worm
[00:01:17.70] ••• algunos (NNNxDario) fires Select Worm
[00:01:21.92] ••• algunos (NNNxDario) uses Bungee
[00:01:29.02] ••• algunos (NNNxDario) fires Ninja Rope
[00:01:47.04] ••• algunos (NNNxDario) fires Dynamite
[00:01:50.40] ••• algunos (NNNxDario) loses turn due to loss of control; time used: 43.86 sec turn, 3.18 sec retreat
[00:02:12.84] ••• Damage dealt: 15 to algunos (NNNxDario), 182 (2 kills) to asn (MIGHTY`taner)
[00:02:12.84] ••• asn (MIGHTY`taner) starts turn
[00:02:32.32] ••• asn (MIGHTY`taner) fires Select Worm
[00:02:43.26] ••• asn (MIGHTY`taner) fires Ninja Rope
[00:02:49.68] ••• asn (MIGHTY`taner) uses Parachute
[00:02:52.58] ••• asn (MIGHTY`taner) fires Ninja Rope
[00:03:02.12] ••• asn (MIGHTY`taner) fires Shotgun
[00:03:07.24] ••• asn (MIGHTY`taner) fires Shotgun
[00:03:11.40] ••• asn (MIGHTY`taner) ends turn; time used: 44.86 sec turn, 3.00 sec retreat
[00:03:17.02] ••• Damage dealt: 125 (1 kill) to algunos (NNNxDario)
[00:03:17.02] ••• algunos (NNNxDario) starts turn
[00:03:39.52] ••• algunos (NNNxDario) uses Bungee
[00:03:50.50] ••• algunos (NNNxDario) fires Longbow
[00:04:10.48] ••• algunos (NNNxDario) fires Longbow
[00:04:13.56] ••• algunos (NNNxDario) ends turn; time used: 42.32 sec turn, 3.00 sec retreat
[00:04:18.78] ••• Damage dealt: 90 (1 kill) to asn (MIGHTY`taner)
[00:04:18.78] ••• asn (MIGHTY`taner) starts turn
[00:05:02.60] ••• asn (MIGHTY`taner) fires Blow Torch
[00:05:10.64] ••• asn (MIGHTY`taner) ends turn; time used: 38.82 sec turn, 3.00 sec retreat
[00:05:14.66] ••• algunos (NNNxDario) starts turn
[00:05:29.34] [MIGHTY`taner] can i call u el negro junior?
[00:05:52.92] [NNNxDario] I'd have to be my father in law's son for that
[00:06:03.46] ••• algunos (NNNxDario) fires Teleport
[00:06:05.94] ••• algunos (NNNxDario) ends turn; time used: 43.80 sec turn, 0.02 sec retreat
[00:06:07.96] ••• asn (MIGHTY`taner) starts turn
[00:06:22.08] ••• asn (MIGHTY`taner) fires Bazooka
[00:06:26.68] ••• asn (MIGHTY`taner) ends turn; time used: 9.12 sec turn, 3.00 sec retreat
[00:06:31.10] ••• Damage dealt: 11 to algunos (NNNxDario)
[00:06:31.10] ••• algunos (NNNxDario) starts turn
[00:06:39.42] ••• algunos (NNNxDario) fires Ninja Rope
[00:07:07.48] ••• algunos (NNNxDario) fires Longbow
[00:07:24.74] ••• algunos (NNNxDario) fires Longbow
[00:07:27.82] ••• algunos (NNNxDario) ends turn; time used: 44.74 sec turn, 3.00 sec retreat
[00:07:31.84] ••• Damage dealt: 15 to asn (MIGHTY`taner)
[00:07:31.84] ••• asn (MIGHTY`taner) starts turn
[00:07:45.12] ••• asn (MIGHTY`taner) fires Select Worm
[00:07:55.26] ••• asn (MIGHTY`taner) fires Jet Pack
[00:07:59.62] ••• asn (MIGHTY`taner) fires Sheep
[00:08:03.26] ••• asn (MIGHTY`taner) used 30 (7) units of Jet Pack fuel
[00:08:04.64] ••• asn (MIGHTY`taner) ends turn; time used: 22.30 sec turn, 5.00 sec retreat
[00:08:14.00] ••• Damage dealt: 58 (1 kill) to algunos (NNNxDario)
[00:08:14.00] ••• algunos (NNNxDario) starts turn
[00:08:28.12] ••• algunos (NNNxDario) fires Ninja Rope
[00:08:57.30] ••• algunos (NNNxDario) fires Dragon Ball
[00:09:00.32] ••• algunos (NNNxDario) ends turn; time used: 38.16 sec turn, 3.00 sec retreat
[00:09:04.74] ••• Damage dealt: 30 to asn (MIGHTY`taner)
[00:09:04.74] ••• asn (MIGHTY`taner) starts turn
[00:09:18.48] ••• asn (MIGHTY`taner) fires Blow Torch
[00:09:26.52] ••• asn (MIGHTY`taner) ends turn; time used: 12.74 sec turn, 3.00 sec retreat
[00:09:28.80] ••• algunos (NNNxDario) starts turn
[00:10:07.84] ••• algunos (NNNxDario) fires Shotgun
[00:10:17.78] ••• algunos (NNNxDario) fires Shotgun
[00:10:21.94] ••• algunos (NNNxDario) ends turn; time used: 40.68 sec turn, 3.00 sec retreat
[00:10:31.28] ••• Damage dealt: 43 (1 kill) to asn (MIGHTY`taner)
[00:10:31.28] ••• asn (MIGHTY`taner) starts turn
[00:10:36.26] ••• asn (MIGHTY`taner) fires Shotgun
[00:10:38.36] ••• asn (MIGHTY`taner) fires Shotgun
[00:10:42.52] ••• asn (MIGHTY`taner) ends turn; time used: 4.28 sec turn, 3.00 sec retreat
[00:10:46.54] ••• algunos (NNNxDario) starts turn
[00:11:07.46] ••• algunos (NNNxDario) fires Ninja Rope
[00:11:09.52] [MIGHTY`taner] still sounds good on you
[00:11:36.40] ••• algunos (NNNxDario) fires Petrol Bomb
[00:11:40.74] ••• algunos (NNNxDario) ends turn; time used: 44.64 sec turn, 3.00 sec retreat
[00:11:44.76] ••• asn (MIGHTY`taner) starts turn
[00:11:44.92] [NNNxDario] fo sure
[00:11:48.76] [NNNxDario] anything sounds good on me
[00:11:50.58] ••• asn (MIGHTY`taner) fires Mad Cow (herd of 1)
[00:11:55.32] ••• asn (MIGHTY`taner) ends turn; time used: 1.66 sec turn, 3.00 sec retreat
[00:11:59.34] ••• algunos (NNNxDario) starts turn
[00:12:42.06] ••• algunos (NNNxDario) fires Girder
[00:12:45.14] ••• algunos (NNNxDario) ends turn; time used: 40.86 sec turn, 3.00 sec retreat
[00:12:47.16] ••• asn (MIGHTY`taner) starts turn
[00:13:14.18] ••• asn (MIGHTY`taner) fires Bazooka
[00:13:18.78] ••• asn (MIGHTY`taner) ends turn; time used: 23.46 sec turn, 3.00 sec retreat
[00:13:22.30] ••• algunos (NNNxDario) starts turn
[00:13:32.68] ••• algunos (NNNxDario) fires Select Worm
[00:13:52.58] ••• algunos (NNNxDario) fires Shotgun
[00:14:17.30] ••• algunos (NNNxDario) fires Shotgun
[00:14:21.46] ••• algunos (NNNxDario) ends turn; time used: 43.30 sec turn, 3.00 sec retreat
[00:14:27.08] ••• Damage dealt: 90 (1 kill) to asn (MIGHTY`taner)
[00:14:27.08] ••• asn (MIGHTY`taner) starts turn
[00:14:47.26] ••• asn (MIGHTY`taner) fires Petrol Bomb
[00:14:51.96] ••• asn (MIGHTY`taner) ends turn; time used: 17.50 sec turn, 3.00 sec retreat
[00:14:56.38] ••• Damage dealt: 11 to algunos (NNNxDario)
[00:14:56.38] ••• algunos (NNNxDario) starts turn
[00:15:25.50] ••• algunos (NNNxDario) fires Girder
[00:15:28.58] ••• algunos (NNNxDario) ends turn; time used: 24.12 sec turn, 3.00 sec retreat
[00:15:30.60] ••• asn (MIGHTY`taner) starts turn
[00:15:36.22] ••• asn (MIGHTY`taner) fires Shotgun
[00:15:46.64] ••• asn (MIGHTY`taner) fires Shotgun
[00:15:50.80] ••• asn (MIGHTY`taner) ends turn; time used: 13.34 sec turn, 3.00 sec retreat
[00:15:55.74] ••• Damage dealt: 35 (1 kill) to algunos (NNNxDario)
[00:15:55.74] ••• algunos (NNNxDario) starts turn
[00:16:18.28] ••• algunos (NNNxDario) fires Shotgun
[00:16:45.54] ••• algunos (NNNxDario) fires Shotgun
[00:16:49.70] ••• algunos (NNNxDario) ends turn; time used: 42.70 sec turn, 3.00 sec retreat
[00:16:53.72] ••• asn (MIGHTY`taner) starts turn
[00:17:02.92] ••• asn (MIGHTY`taner) fires Shotgun
[00:17:09.60] ••• asn (MIGHTY`taner) fires Shotgun
[00:17:13.76] ••• asn (MIGHTY`taner) ends turn; time used: 10.26 sec turn, 3.00 sec retreat
[00:17:16.60] ••• algunos (NNNxDario) starts turn
[00:18:04.40] ••• algunos (NNNxDario) fires Petrol Bomb
[00:18:09.10] ••• algunos (NNNxDario) ends turn; time used: 42.80 sec turn, 3.00 sec retreat
[00:18:13.12] ••• asn (MIGHTY`taner) starts turn
[00:18:25.96] ••• asn (MIGHTY`taner) fires Girder
[00:18:29.04] ••• asn (MIGHTY`taner) ends turn; time used: 11.30 sec turn, 3.00 sec retreat
[00:18:31.06] ••• algunos (NNNxDario) starts turn
[00:19:07.38] ••• algunos (NNNxDario) fires Shotgun
[00:19:17.92] ••• algunos (NNNxDario) fires Shotgun
[00:19:22.08] ••• algunos (NNNxDario) ends turn; time used: 42.34 sec turn, 3.00 sec retreat
[00:19:26.10] ••• asn (MIGHTY`taner) starts turn
[00:19:32.94] ••• asn (MIGHTY`taner) fires Shotgun
[00:19:35.20] ••• asn (MIGHTY`taner) fires Shotgun
[00:19:39.36] ••• asn (MIGHTY`taner) ends turn; time used: 6.50 sec turn, 3.00 sec retreat
[00:19:43.38] ••• algunos (NNNxDario) starts turn
[00:20:28.48] ••• algunos (NNNxDario) fires Girder
[00:20:31.56] ••• algunos (NNNxDario) ends turn; time used: 43.64 sec turn, 3.00 sec retreat
[00:20:33.58] ••• asn (MIGHTY`taner) starts turn
[00:20:35.68] ••• asn (MIGHTY`taner) fires Bazooka
[00:20:40.28] ••• asn (MIGHTY`taner) ends turn; time used: 1.14 sec turn, 3.00 sec retreat
[00:20:44.30] ••• algunos (NNNxDario) starts turn
[00:21:16.36] ••• algunos (NNNxDario) fires Shotgun
[00:21:35.32] ••• algunos (NNNxDario) fires Shotgun
[00:21:39.48] ••• algunos (NNNxDario) ends turn; time used: 43.92 sec turn, 3.00 sec retreat
[00:21:43.50] ••• asn (MIGHTY`taner) starts turn
[00:21:56.42] ••• asn (MIGHTY`taner) fires Shotgun
[00:21:58.52] ••• asn (MIGHTY`taner) fires Shotgun
[00:22:02.68] ••• asn (MIGHTY`taner) ends turn; time used: 10.16 sec turn, 3.00 sec retreat
[00:22:06.70] ••• algunos (NNNxDario) starts turn
[00:22:52.34] ••• algunos (NNNxDario) fires Shotgun
[00:22:57.20] ••• algunos (NNNxDario) fires Shotgun
[00:23:01.36] ••• algunos (NNNxDario) ends turn; time used: 43.40 sec turn, 3.00 sec retreat
[00:23:05.38] ••• Sudden Death
[00:23:15.78] ••• asn (MIGHTY`taner) starts turn
[00:23:31.36] ••• asn (MIGHTY`taner) fires Low Gravity
[00:23:41.28] ••• asn (MIGHTY`taner) fires Shotgun
[00:23:59.92] ••• asn (MIGHTY`taner) fires Shotgun
[00:24:04.08] ••• asn (MIGHTY`taner) ends turn; time used: 36.98 sec turn, 3.00 sec retreat
[00:24:11.14] ••• Damage dealt: 25 to algunos (NNNxDario)
[00:24:11.14] ••• algunos (NNNxDario) starts turn
[00:24:29.54] ••• algunos (NNNxDario) fires Ninja Rope
[00:24:35.16] [MIGHTY`taner] if u wanna make this popular u better start a cup on tus
[00:24:39.74] [MIGHTY`taner] i like this scheme
[00:24:56.90] ••• algunos (NNNxDario) fires Petrol Bomb
[00:25:01.02] ••• algunos (NNNxDario) ends turn; time used: 43.78 sec turn, 3.00 sec retreat
[00:25:06.96] ••• Damage dealt: 7 to asn (MIGHTY`taner)
[00:25:06.96] ••• asn (MIGHTY`taner) starts turn
[00:25:14.62] ••• asn (MIGHTY`taner) fires Ninja Rope
[00:25:20.32] [NNNxDario] tus cups are overrated
[00:25:23.40] ••• asn (MIGHTY`taner) fires Shotgun
[00:25:39.10] [NNNxDario] also tus cups = timekeeping = work for me
[00:25:40.64] ••• asn (MIGHTY`taner) loses turn due to loss of control; time used: 17.78 sec turn, 0.00 sec retreat
[00:25:42.36] [NNNxDario] no thanks
[00:25:52.86] ••• Damage dealt: 1 (1 kill) to algunos (NNNxDario), 1 (1 kill) to asn (MIGHTY`taner)
[00:25:52.86] ••• algunos (NNNxDario) starts turn
[00:26:03.16] ••• algunos (NNNxDario) fires Jet Pack
[00:26:07.62] ••• algunos (NNNxDario) used 18 units of Jet Pack fuel
[00:26:18.72] ••• algunos (NNNxDario) fires Shotgun
[00:26:44.38] ••• algunos (NNNxDario) fires Shotgun
[00:26:47.10] ••• algunos (NNNxDario) ends turn; time used: 36.14 sec turn, 1.58 sec retreat
[00:26:52.06] [MIGHTY`taner] well done
[00:26:54.06] [NNNxDario] brb, anus leaking
[00:27:01.64] ••• Damage dealt: 2 (2 kills) to asn (MIGHTY`taner)
[00:27:01.66] ••• Game Ends - Round Finished
[00:27:01.66] *** Round Finish acknowledged by NNNxDario
[00:27:04.12] *** Round Finish acknowledged by MIGHTY`taner

Team time totals:
algunos (NNNxDario): Turn: 00:12:25.20, Retreat: 00:00:49.78, Total: 00:13:14.98, Turn count: 18
asn (MIGHTY`taner):  Turn: 00:05:18.22, Retreat: 00:00:55.00, Total: 00:06:13.22, Turn count: 18

Total Jet Pack fuel used: 48

End of round 1

Round time: 0:27:01
Total game time elapsed: 0:27:01

algunos wins the round.

Worm of the round: alguien (algunos)
Most kills with one shot: 3 - ?a?c (asn)
Most damage with one shot: 270 - ?a?c (asn)
