Game ID: "12336729"
Game Started at 2021-02-16 18:47:41 GMT
Game Engine Version: 3.8.1
File Format Version: 3.7.3.0 - 3.8.1
Exported with Version: 3.8.1 (Steam)

Red:  "NNNxDario" as "algunos" [Local Player] [Host]
Blue: "szpilman"  as "Wyjebane Jajca"

[00:00:00.00] ••• algunos (NNNxDario) starts turn
[00:00:17.14] ••• algunos (NNNxDario) fires Select Worm
[00:00:20.38] ••• algunos (NNNxDario) fires Ninja Rope
[00:00:32.88] ••• algunos (NNNxDario) fires Uzi
[00:00:37.08] ••• algunos (NNNxDario) ends turn; time used: 27.54 sec turn, 3.00 sec retreat
[00:00:42.00] ••• Damage dealt: 180 (2 kills) to Wyjebane Jajca (szpilman)
[00:00:42.00] ••• Wyjebane Jajca (szpilman) starts turn
[00:00:55.86] ••• Wyjebane Jajca (szpilman) fires Select Worm
[00:01:15.50] ••• Wyjebane Jajca (szpilman) fires Baseball Bat
[00:01:19.08] ••• Wyjebane Jajca (szpilman) ends turn; time used: 30.74 sec turn, 3.00 sec retreat
[00:01:23.64] ••• Damage dealt: 90 (1 kill) to algunos (NNNxDario)
[00:01:23.64] ••• algunos (NNNxDario) starts turn
[00:01:37.18] ••• algunos (NNNxDario) fires Select Worm
[00:01:41.88] ••• algunos (NNNxDario) fires Low Gravity
[00:01:57.18] ••• algunos (NNNxDario) fires Uzi
[00:02:01.38] ••• algunos (NNNxDario) ends turn; time used: 29.26 sec turn, 3.00 sec retreat
[00:02:08.72] ••• Damage dealt: 90 (1 kill) to Wyjebane Jajca (szpilman)
[00:02:08.72] ••• Wyjebane Jajca (szpilman) starts turn
[00:02:23.98] ••• Wyjebane Jajca (szpilman) fires Ninja Rope
[00:02:37.74] ••• Wyjebane Jajca (szpilman) fires Mine
[00:02:42.76] ••• Wyjebane Jajca (szpilman) ends turn; time used: 23.82 sec turn, 5.00 sec retreat
[00:02:52.42] ••• Damage dealt: 90 (1 kill) to algunos (NNNxDario)
[00:02:52.42] ••• algunos (NNNxDario) starts turn
[00:02:54.82] ••• algunos (NNNxDario) fires Shotgun
[00:03:04.74] ••• algunos (NNNxDario) fires Shotgun
[00:03:08.90] ••• algunos (NNNxDario) ends turn; time used: 5.92 sec turn, 3.00 sec retreat
[00:03:14.86] ••• Damage dealt: 12 to algunos (NNNxDario), 88 to Wyjebane Jajca (szpilman)
[00:03:14.86] ••• Wyjebane Jajca (szpilman) starts turn
[00:03:23.58] ••• Wyjebane Jajca (szpilman) fires Ninja Rope
[00:03:37.00] ••• Wyjebane Jajca (szpilman) fires Grenade (5 sec, min bounce)
[00:03:42.02] ••• Wyjebane Jajca (szpilman) ends turn; time used: 19.98 sec turn, 5.00 sec retreat
[00:03:49.04] ••• Damage dealt: 78 (1 kill) to algunos (NNNxDario)
[00:03:49.04] ••• algunos (NNNxDario) starts turn
[00:03:57.36] ••• algunos (NNNxDario) fires Ninja Rope
[00:03:59.26] ••• algunos (NNNxDario) fires Ninja Rope
[00:04:16.64] ••• algunos (NNNxDario) fires Baseball Bat
[00:04:20.22] ••• algunos (NNNxDario) ends turn; time used: 26.92 sec turn, 3.00 sec retreat
[00:04:24.64] ••• Damage dealt: 90 (1 kill) to Wyjebane Jajca (szpilman)
[00:04:24.64] ••• Wyjebane Jajca (szpilman) starts turn
[00:04:28.40] ••• Wyjebane Jajca (szpilman) fires Select Worm
[00:04:41.76] ••• Wyjebane Jajca (szpilman) fires Ninja Rope
[00:04:43.96] ••• Wyjebane Jajca (szpilman) fires Ninja Rope
[00:04:44.56] ••• Wyjebane Jajca (szpilman) fires Ninja Rope
[00:04:46.06] ••• Wyjebane Jajca (szpilman) fires Ninja Rope
[00:05:02.52] ••• Wyjebane Jajca (szpilman) fires Select Worm
[00:05:11.36] ••• Wyjebane Jajca (szpilman) fires Sheep
[00:05:14.54] ••• Wyjebane Jajca (szpilman) ends turn; time used: 41.88 sec turn, 3.00 sec retreat
[00:05:18.90] ••• Damage dealt: 60 to algunos (NNNxDario)
[00:05:18.90] ••• algunos (NNNxDario) starts turn
[00:05:46.20] ••• algunos (NNNxDario) fires Jet Pack
[00:06:07.90] ••• algunos (NNNxDario) fires Holy Hand-Grenade
[00:06:12.90] ••• algunos (NNNxDario) used 30 (26) units of Jet Pack fuel
[00:06:12.92] ••• algunos (NNNxDario) ends turn; time used: 43.58 sec turn, 5.00 sec retreat
[00:06:23.34] ••• Damage dealt: 90 (1 kill) to Wyjebane Jajca (szpilman)
[00:06:23.34] ••• Wyjebane Jajca (szpilman) starts turn
[00:06:27.60] ••• Wyjebane Jajca (szpilman) fires Surrender
[00:06:27.62] ••• Wyjebane Jajca (szpilman) ends turn; time used: 0.12 sec turn, 0.00 sec retreat
[00:06:27.64] *** szpilman is quitting
[00:06:27.82] *** szpilman is disconnecting due to quitting
[00:06:28.30] *** szpilman disconnected due to quitting
[00:06:33.74] ••• Game Ends - Round Finished
[00:06:33.74] *** Round Finish acknowledged by NNNxDario

Team time totals:
algunos (NNNxDario):       Turn: 00:02:13.22, Retreat: 00:00:17.00, Total: 00:02:30.22, Turn count: 5
Wyjebane Jajca (szpilman): Turn: 00:01:56.54, Retreat: 00:00:16.00, Total: 00:02:12.54, Turn count: 5

Total Jet Pack fuel used: 30

End of round 2

Round time: 0:06:33
Total game time elapsed: Unknown

algunos wins the match!

Worm of the round: szefuncio (Wyjebane Jajca)

Most kills with one shot: 2 - nadie (algunos)
Most damage with one shot: 180 - nadie (algunos)
