Game ID: "12310945"
Game Started at 2021-02-08 11:45:29 GMT
Game Engine Version: 3.8.1
File Format Version: 3.7.3.0 - 3.8.1
Exported with Version: 3.8.1 (Steam)

Red:  "NNNxDario" as "algunos" [Local Player] [Host]
Blue: "Rasi9nin"  as "Sentai"

[00:00:00.00] [NNNxDario] hf
[00:00:00.00] ••• Sentai (Rasi9nin) starts turn
[00:00:10.00] ••• Sentai (Rasi9nin) fires Select Worm
[00:00:32.72] ••• Sentai (Rasi9nin) fires Low Gravity
[00:00:43.32] ••• Sentai (Rasi9nin) fires Longbow
[00:00:53.46] ••• Sentai (Rasi9nin) fires Longbow
[00:00:56.54] ••• Sentai (Rasi9nin) ends turn; time used: 44.18 sec turn, 3.00 sec retreat
[00:01:02.00] ••• Damage dealt: 121 (1 kill) to algunos (NNNxDario)
[00:01:02.00] ••• algunos (NNNxDario) starts turn
[00:01:12.24] ••• algunos (NNNxDario) fires Ninja Rope
[00:01:13.40] ••• algunos (NNNxDario) fires Ninja Rope
[00:01:25.88] ••• algunos (NNNxDario) fires Baseball Bat
[00:01:29.46] ••• algunos (NNNxDario) ends turn; time used: 22.78 sec turn, 3.00 sec retreat
[00:01:34.68] ••• Damage dealt: 180 (2 kills) to Sentai (Rasi9nin)
[00:01:34.68] ••• Sentai (Rasi9nin) starts turn
[00:01:43.58] ••• Sentai (Rasi9nin) fires Select Worm
[00:01:50.48] ••• Sentai (Rasi9nin) fires Ninja Rope
[00:01:51.34] ••• Sentai (Rasi9nin) fires Ninja Rope
[00:02:16.02] ••• Sentai (Rasi9nin) fires Parachute
[00:02:24.44] ••• Sentai (Rasi9nin) fires Grenade (3 sec, min bounce)
[00:02:27.80] ••• Sentai (Rasi9nin) loses turn due to loss of control; time used: 44.60 sec turn, 2.86 sec retreat
[00:02:35.28] ••• Damage dealt: 74 to algunos (NNNxDario), 7 to Sentai (Rasi9nin)
[00:02:35.28] ••• algunos (NNNxDario) starts turn
[00:02:42.16] ••• algunos (NNNxDario) fires Select Worm
[00:03:04.36] ••• algunos (NNNxDario) fires Dynamite
[00:03:09.54] ••• algunos (NNNxDario) ends turn; time used: 25.60 sec turn, 5.00 sec retreat
[00:03:18.04] ••• Damage dealt: 90 (1 kill) to Sentai (Rasi9nin)
[00:03:18.04] ••• Sentai (Rasi9nin) starts turn
[00:03:24.08] ••• Sentai (Rasi9nin) fires Select Worm
[00:03:39.96] ••• Sentai (Rasi9nin) fires Ninja Rope
[00:03:52.74] ••• Sentai (Rasi9nin) fires Mine
[00:03:57.76] ••• Sentai (Rasi9nin) ends turn; time used: 31.12 sec turn, 5.00 sec retreat
[00:04:04.46] ••• Damage dealt: 47 to algunos (NNNxDario)
[00:04:04.46] ••• algunos (NNNxDario) starts turn
[00:04:16.18] ••• algunos (NNNxDario) fires Ninja Rope
[00:04:16.78] ••• algunos (NNNxDario) fires Ninja Rope
[00:04:48.58] ••• algunos (NNNxDario) fires Mine
[00:04:53.76] ••• algunos (NNNxDario) ends turn; time used: 43.38 sec turn, 5.00 sec retreat
[00:05:03.24] ••• Damage dealt: 90 (1 kill) to Sentai (Rasi9nin)
[00:05:03.24] ••• Sentai (Rasi9nin) starts turn
[00:05:30.60] ••• Sentai (Rasi9nin) fires Girder
[00:05:33.68] ••• Sentai (Rasi9nin) ends turn; time used: 22.36 sec turn, 3.00 sec retreat
[00:05:35.70] ••• algunos (NNNxDario) starts turn
[00:05:57.26] ••• algunos (NNNxDario) fires Ninja Rope
[00:06:02.28] ••• algunos (NNNxDario) fires Skunk
[00:06:07.70] ••• algunos (NNNxDario) ends turn; time used: 21.44 sec turn, 5.00 sec retreat
[00:06:13.46] ••• Damage dealt: 19 to algunos (NNNxDario), 5 to Sentai (Rasi9nin)
[00:06:13.46] ••• Sentai (Rasi9nin) starts turn
[00:06:25.68] ••• Sentai (Rasi9nin) fires Ninja Rope
[00:06:26.48] ••• Sentai (Rasi9nin) fires Ninja Rope
[00:06:27.34] ••• Sentai (Rasi9nin) fires Ninja Rope
[00:06:52.28] ••• Sentai (Rasi9nin) fires Dynamite
[00:06:57.30] ••• Sentai (Rasi9nin) ends turn; time used: 34.18 sec turn, 5.00 sec retreat
[00:07:04.32] [NNNxDario] good drop
[00:07:07.94] ••• Damage dealt: 64 (1 kill) to algunos (NNNxDario)
[00:07:07.94] ••• algunos (NNNxDario) starts turn
[00:07:09.78] ••• algunos (NNNxDario) fires Select Worm
[00:07:11.58] [Rasi9nin] rnd :)
[00:07:17.58] ••• algunos (NNNxDario) fires Ninja Rope
[00:07:25.92] ••• algunos (NNNxDario) uses Parachute
[00:07:37.72] ••• algunos (NNNxDario) fires Mine
[00:07:42.90] ••• algunos (NNNxDario) ends turn; time used: 27.82 sec turn, 5.00 sec retreat
[00:07:53.82] ••• Damage dealt: 90 (1 kill) to Sentai (Rasi9nin)
[00:07:53.82] ••• Sentai (Rasi9nin) starts turn
[00:08:17.46] ••• Sentai (Rasi9nin) fires Jet Pack
[00:08:25.76] ••• Sentai (Rasi9nin) fires Sheep
[00:08:30.76] ••• Sentai (Rasi9nin) used 30 (21) units of Jet Pack fuel
[00:08:31.76] ••• Sentai (Rasi9nin) loses turn due to loss of control; time used: 26.52 sec turn, 5.00 sec retreat
[00:08:38.72] [NNNxDario] ow
[00:08:40.02] ••• Damage dealt: 13 to Sentai (Rasi9nin)
[00:08:40.02] ••• algunos (NNNxDario) starts turn
[00:08:57.24] ••• algunos (NNNxDario) fires Select Worm
[00:08:59.76] ••• algunos (NNNxDario) fires Shotgun
[00:09:14.58] ••• algunos (NNNxDario) fires Shotgun
[00:09:18.74] ••• algunos (NNNxDario) ends turn; time used: 27.40 sec turn, 3.00 sec retreat
[00:09:24.38] ••• Damage dealt: 77 (1 kill) to Sentai (Rasi9nin)
[00:09:24.38] ••• Sentai (Rasi9nin) starts turn
[00:09:36.22] ••• Sentai (Rasi9nin) fires Shotgun
[00:09:47.20] [NNNxDario] you can check the standings at https://sites.google.com/view/90-normal-mini-league/home it takes some time for games to be processed though.
[00:09:47.78] ••• Sentai (Rasi9nin) fires Shotgun
[00:09:51.94] ••• Sentai (Rasi9nin) ends turn; time used: 18.04 sec turn, 3.00 sec retreat
[00:09:58.04] ••• algunos (NNNxDario) starts turn
[00:10:06.30] ••• algunos (NNNxDario) fires Shotgun
[00:10:08.40] ••• algunos (NNNxDario) fires Shotgun
[00:10:12.56] ••• algunos (NNNxDario) ends turn; time used: 7.74 sec turn, 3.00 sec retreat
[00:10:18.66] ••• Sentai (Rasi9nin) starts turn
[00:10:18.68] [Rasi9nin] how copy link
[00:10:32.36] [NNNxDario] wait for after game and you can copy there
[00:10:57.20] ••• Sentai (Rasi9nin) fires Ninja Rope
[00:11:06.90] ••• Sentai (Rasi9nin) fires Skunk
[00:11:11.98] ••• Sentai (Rasi9nin) loses turn due to loss of control; time used: 43.18 sec turn, 5.00 sec retreat
[00:11:21.36] ••• Damage dealt: 19 to algunos (NNNxDario), 2 to Sentai (Rasi9nin)
[00:11:21.36] ••• algunos (NNNxDario) starts turn
[00:11:31.46] ••• algunos (NNNxDario) fires Kamikaze
[00:11:32.48] ••• algunos (NNNxDario) loses turn due to loss of control; time used: 10.08 sec turn, 0.00 sec retreat
[00:11:37.74] [Rasi9nin] :)
[00:11:39.06] ••• Damage dealt: 7 (1 kill) to algunos (NNNxDario), 30 to Sentai (Rasi9nin)
[00:11:39.06] ••• Sentai (Rasi9nin) starts turn
[00:11:39.08] [NNNxDario] :(
[00:11:55.96] ••• Sentai (Rasi9nin) fires Ninja Rope
[00:12:24.48] ••• Sentai (Rasi9nin) fires Mine
[00:12:29.50] ••• Sentai (Rasi9nin) ends turn; time used: 44.06 sec turn, 5.00 sec retreat
[00:12:38.04] ••• Damage dealt: 26 to algunos (NNNxDario)
[00:12:38.04] ••• algunos (NNNxDario) starts turn
[00:12:39.62] ••• algunos (NNNxDario) fires Ninja Rope
[00:12:40.28] ••• algunos (NNNxDario) fires Ninja Rope
[00:12:41.38] ••• algunos (NNNxDario) fires Ninja Rope
[00:12:54.42] ••• algunos (NNNxDario) fires Holy Hand-Grenade
[00:12:59.76] ••• algunos (NNNxDario) loses turn due to loss of control; time used: 15.24 sec turn, 3.00 sec retreat
[00:13:01.36] [Rasi9nin] gg
[00:13:04.70] [NNNxDario] gg
[00:13:23.04] ••• Damage dealt: 64 (1 kill) to algunos (NNNxDario), 91 (2 kills) to Sentai (Rasi9nin)
[00:13:23.06] ••• Game Ends - Round Finished
[00:13:23.06] *** Round Finish acknowledged by NNNxDario
[00:13:25.36] *** Round Finish acknowledged by Rasi9nin

Team time totals:
algunos (NNNxDario): Turn: 00:03:21.48, Retreat: 00:00:32.00, Total: 00:03:53.48, Turn count: 9
Sentai (Rasi9nin):   Turn: 00:05:08.24, Retreat: 00:00:36.86, Total: 00:05:45.10, Turn count: 9

Total Jet Pack fuel used: 30

End of round 2

Round time: 0:13:23
Total game time elapsed: Unknown

algunos wins the match!

Worm of the round: alguien (algunos)

Most kills with one shot: 3 - quién (algunos)
Most damage with one shot: 180 - alguien (algunos)
