Game ID: "12339798"
Game Started at 2021-02-17 19:42:52 GMT
Game Engine Version: 3.8.1
File Format Version: 3.7.3.0 - 3.8.1
Exported with Version: 3.8.1 (Steam)

Red:  "chesnut"  as "gusis" [Local Player] [Host]
Blue: "oneVSone" as "Eikjueswaies"

[00:00:00.00] ••• gusis (chesnut) starts turn
[00:00:11.36] ••• gusis (chesnut) fires Select Worm
[00:00:13.50] ••• gusis (chesnut) fires Ninja Rope
[00:00:32.48] ••• gusis (chesnut) fires Shotgun
[00:00:51.76] ••• gusis (chesnut) fires Shotgun
[00:00:55.92] ••• gusis (chesnut) ends turn; time used: 38.64 sec turn, 3.00 sec retreat
[00:01:02.24] ••• Damage dealt: 106 to Eikjueswaies (oneVSone)
[00:01:02.24] ••• Eikjueswaies (oneVSone) starts turn
[00:01:14.80] ••• Eikjueswaies (oneVSone) fires Select Worm
[00:01:33.26] ••• Eikjueswaies (oneVSone) fires Select Worm
[00:01:44.12] ••• Eikjueswaies (oneVSone) fires Shotgun
[00:01:51.04] ••• Eikjueswaies (oneVSone) fires Shotgun
[00:01:55.20] ••• Eikjueswaies (oneVSone) ends turn; time used: 40.96 sec turn, 3.00 sec retreat
[00:01:59.26] ••• Damage dealt: 99 (1 kill) to gusis (chesnut)
[00:01:59.26] ••• gusis (chesnut) starts turn
[00:02:07.66] ••• gusis (chesnut) fires Shotgun
[00:02:09.76] ••• gusis (chesnut) fires Shotgun
[00:02:13.92] ••• gusis (chesnut) ends turn; time used: 8.00 sec turn, 3.00 sec retreat
[00:02:18.34] ••• Damage dealt: 22 to Eikjueswaies (oneVSone)
[00:02:18.34] ••• Eikjueswaies (oneVSone) starts turn
[00:02:32.22] ••• Eikjueswaies (oneVSone) fires Shotgun
[00:02:40.32] ••• Eikjueswaies (oneVSone) fires Shotgun
[00:02:44.48] ••• Eikjueswaies (oneVSone) ends turn; time used: 12.12 sec turn, 3.00 sec retreat
[00:02:49.24] ••• Damage dealt: 50 to gusis (chesnut)
[00:02:49.24] ••• gusis (chesnut) starts turn
[00:02:55.50] ••• gusis (chesnut) fires Ninja Rope
[00:03:08.74] ••• gusis (chesnut) fires Dynamite
[00:03:13.78] ••• gusis (chesnut) loses turn due to loss of control; time used: 17.80 sec turn, 4.86 sec retreat
[00:03:24.00] ••• Damage dealt: 14 to gusis (chesnut), 81 to Eikjueswaies (oneVSone)
[00:03:24.00] ••• Eikjueswaies (oneVSone) starts turn
[00:03:30.76] ••• Eikjueswaies (oneVSone) fires Ninja Rope
[00:03:34.34] ••• Eikjueswaies (oneVSone) fires Mad Cow (herd of 2)
[00:03:35.02] ••• Eikjueswaies (oneVSone) loses turn due to loss of control; time used: 8.76 sec turn, 0.00 sec retreat
[00:03:46.58] ••• Damage dealt: 117 to gusis (chesnut), 9 (1 kill) to Eikjueswaies (oneVSone)
[00:03:46.58] ••• gusis (chesnut) starts turn
[00:03:54.86] ••• gusis (chesnut) fires Select Worm
[00:04:05.66] ••• gusis (chesnut) fires Ninja Rope
[00:04:09.20] ••• gusis (chesnut) fires Sheep
[00:04:14.22] ••• gusis (chesnut) ends turn; time used: 21.76 sec turn, 5.00 sec retreat
[00:04:23.92] ••• Damage dealt: 8 to gusis (chesnut), 126 (2 kills) to Eikjueswaies (oneVSone)
[00:04:23.92] ••• Eikjueswaies (oneVSone) starts turn
[00:04:38.86] ••• Eikjueswaies (oneVSone) fires Select Worm
[00:04:47.16] ••• Eikjueswaies (oneVSone) fires Ninja Rope
[00:05:10.12] ••• Eikjueswaies (oneVSone) fires Dynamite
[00:05:15.30] ••• Eikjueswaies (oneVSone) ends turn; time used: 44.60 sec turn, 5.00 sec retreat
[00:05:22.46] ••• Damage dealt: 72 to gusis (chesnut), 4 to Eikjueswaies (oneVSone)
[00:05:22.46] ••• gusis (chesnut) starts turn
[00:05:27.56] ••• gusis (chesnut) fires Mine
[00:05:32.74] ••• gusis (chesnut) ends turn; time used: 4.76 sec turn, 5.00 sec retreat
[00:05:40.64] ••• Damage dealt: 47 to Eikjueswaies (oneVSone)
[00:05:40.64] ••• Eikjueswaies (oneVSone) starts turn
[00:05:57.16] ••• Eikjueswaies (oneVSone) fires Shotgun
[00:06:17.70] ••• Eikjueswaies (oneVSone) fires Shotgun
[00:06:21.86] ••• Eikjueswaies (oneVSone) ends turn; time used: 25.86 sec turn, 3.00 sec retreat
[00:06:26.46] ••• Damage dealt: 42 (1 kill) to gusis (chesnut)
[00:06:26.46] ••• gusis (chesnut) starts turn
[00:06:42.56] ••• gusis (chesnut) fires Longbow
[00:06:56.90] ••• gusis (chesnut) fires Longbow
[00:06:56.92] ••• gusis (chesnut) loses turn due to loss of control; time used: 24.38 sec turn, 0.00 sec retreat
[00:07:07.76] ••• Damage dealt: 8 (1 kill) to gusis (chesnut), 63 to Eikjueswaies (oneVSone)
[00:07:07.76] ••• Eikjueswaies (oneVSone) starts turn
[00:07:23.66] ••• Eikjueswaies (oneVSone) fires Ninja Rope
[00:07:37.46] ••• Eikjueswaies (oneVSone) fires Shotgun
[00:07:52.56] ••• Eikjueswaies (oneVSone) fires Shotgun
[00:07:56.72] ••• Eikjueswaies (oneVSone) ends turn; time used: 38.50 sec turn, 3.00 sec retreat
[00:08:06.08] ••• Damage dealt: 42 (1 kill) to gusis (chesnut)
[00:08:06.08] ••• gusis (chesnut) starts turn
[00:08:27.56] ••• gusis (chesnut) fires Skunk
[00:08:30.58] ••• gusis (chesnut) ends turn; time used: 19.86 sec turn, 3.00 sec retreat
[00:08:36.68] ••• Damage dealt: 15 to Eikjueswaies (oneVSone)
[00:08:36.68] ••• Eikjueswaies (oneVSone) starts turn
[00:08:36.92] [oneVSone] nice throw
[00:08:42.62] ••• Eikjueswaies (oneVSone) fires Low Gravity
[00:08:50.14] ••• Eikjueswaies (oneVSone) fires Shotgun
[00:08:59.74] ••• Eikjueswaies (oneVSone) fires Shotgun
[00:09:03.90] ••• Eikjueswaies (oneVSone) ends turn; time used: 14.18 sec turn, 3.00 sec retreat
[00:09:14.94] ••• Damage dealt: 31 (1 kill) to gusis (chesnut)
[00:09:14.94] ••• gusis (chesnut) starts turn
[00:09:54.16] ••• gusis (chesnut) fires Shotgun
[00:09:59.12] ••• gusis (chesnut) fires Shotgun
[00:10:03.28] ••• gusis (chesnut) ends turn; time used: 34.22 sec turn, 3.00 sec retreat
[00:10:14.38] ••• Damage dealt: 41 (1 kill) to Eikjueswaies (oneVSone)
[00:10:14.38] ••• Eikjueswaies (oneVSone) starts turn
[00:10:23.28] ••• Eikjueswaies (oneVSone) fires Sheep
[00:10:26.46] ••• Eikjueswaies (oneVSone) ends turn; time used: 7.46 sec turn, 3.00 sec retreat
[00:10:41.10] ••• Damage dealt: 57 (1 kill) to gusis (chesnut), 28 to Eikjueswaies (oneVSone)
[00:10:41.10] ••• gusis (chesnut) starts turn
[00:10:56.60] ••• gusis (chesnut) fires Bazooka
[00:11:01.00] ••• gusis (chesnut) ends turn; time used: 10.50 sec turn, 3.00 sec retreat
[00:11:10.72] ••• Damage dealt: 24 (1 kill) to Eikjueswaies (oneVSone)
[00:11:10.72] ••• Eikjueswaies (oneVSone) starts turn
[00:11:14.82] ••• Eikjueswaies (oneVSone) fires Ninja Rope
[00:11:37.86] ••• Eikjueswaies (oneVSone) fires Shotgun
[00:11:47.58] ••• Eikjueswaies (oneVSone) fires Shotgun
[00:11:51.74] ••• Eikjueswaies (oneVSone) ends turn; time used: 30.38 sec turn, 3.00 sec retreat
[00:11:57.84] ••• Damage dealt: 51 to gusis (chesnut)
[00:11:57.84] ••• gusis (chesnut) starts turn
[00:12:08.46] ••• gusis (chesnut) fires Blow Torch
[00:12:16.18] ••• gusis (chesnut) ends turn; time used: 10.60 sec turn, 3.00 sec retreat
[00:12:22.28] ••• Damage dealt: 30 to Eikjueswaies (oneVSone)
[00:12:22.28] ••• Eikjueswaies (oneVSone) starts turn
[00:12:31.98] ••• Eikjueswaies (oneVSone) fires Longbow
[00:12:45.22] ••• Eikjueswaies (oneVSone) fires Longbow
[00:12:48.30] ••• Eikjueswaies (oneVSone) ends turn; time used: 17.42 sec turn, 3.00 sec retreat
[00:12:53.08] ••• Damage dealt: 38 to gusis (chesnut)
[00:12:53.08] ••• gusis (chesnut) starts turn
[00:12:57.62] ••• gusis (chesnut) fires Shotgun
[00:13:09.44] ••• gusis (chesnut) fires Shotgun
[00:13:13.60] ••• gusis (chesnut) ends turn; time used: 7.86 sec turn, 3.00 sec retreat
[00:13:24.30] ••• Damage dealt: 41 (2 kills) to Eikjueswaies (oneVSone)
[00:13:24.30] ••• Eikjueswaies (oneVSone) starts turn
[00:13:32.20] ••• Eikjueswaies (oneVSone) fires Petrol Bomb
[00:13:36.90] ••• Eikjueswaies (oneVSone) ends turn; time used: 7.04 sec turn, 3.00 sec retreat
[00:13:39.72] ••• Damage dealt: 5 to gusis (chesnut)
[00:13:39.72] ••• gusis (chesnut) starts turn
[00:13:50.50] ••• gusis (chesnut) loses turn due to loss of control; time used: 5.98 sec turn, 0.00 sec retreat
[00:13:51.24] [oneVSone] gg:(
[00:13:54.42] ••• Damage dealt: 1 to gusis (chesnut)
[00:13:54.42] ••• Eikjueswaies (oneVSone) starts turn
[00:14:01.78] ••• Eikjueswaies (oneVSone) fires Petrol Bomb
[00:14:05.38] ••• Eikjueswaies (oneVSone) ends turn; time used: 6.86 sec turn, 3.00 sec retreat
[00:14:09.12] ••• Damage dealt: 16 to gusis (chesnut)
[00:14:09.12] ••• gusis (chesnut) starts turn
[00:14:27.14] ••• gusis (chesnut) fires Ninja Rope
[00:14:35.98] ••• gusis (chesnut) loses turn due to loss of control; time used: 23.76 sec turn, 0.00 sec retreat
[00:14:40.06] ••• Damage dealt: 4 to gusis (chesnut)
[00:14:40.06] ••• Eikjueswaies (oneVSone) starts turn
[00:14:48.90] ••• Eikjueswaies (oneVSone) fires Cluster Bomb (1 sec, min bounce)
[00:14:52.44] ••• Eikjueswaies (oneVSone) ends turn; time used: 4.44 sec turn, 3.00 sec retreat
[00:14:56.46] ••• gusis (chesnut) starts turn
[00:15:01.54] ••• gusis (chesnut) fires Teleport
[00:15:04.02] ••• gusis (chesnut) ends turn; time used: 1.52 sec turn, 0.02 sec retreat
[00:15:04.56] ••• Eikjueswaies (oneVSone) starts turn
[00:15:23.92] ••• Eikjueswaies (oneVSone) fires Petrol Bomb
[00:15:28.62] ••• Eikjueswaies (oneVSone) ends turn; time used: 18.78 sec turn, 3.00 sec retreat
[00:15:33.22] ••• Damage dealt: 21 to gusis (chesnut)
[00:15:33.22] ••• gusis (chesnut) starts turn
[00:15:48.44] ••• gusis (chesnut) fires Homing Missile
[00:15:52.22] ••• gusis (chesnut) ends turn; time used: 14.80 sec turn, 3.00 sec retreat
[00:15:56.24] ••• Eikjueswaies (oneVSone) starts turn
[00:16:08.26] ••• Eikjueswaies (oneVSone) fires Jet Pack
[00:16:13.92] ••• Eikjueswaies (oneVSone) used 30 units of Jet Pack fuel
[00:16:15.88] ••• Eikjueswaies (oneVSone) fires Ninja Rope
[00:16:26.70] ••• Eikjueswaies (oneVSone) fires Shotgun
[00:16:34.28] ••• Eikjueswaies (oneVSone) fires Shotgun
[00:16:38.44] ••• Eikjueswaies (oneVSone) ends turn; time used: 27.14 sec turn, 3.00 sec retreat
[00:16:51.36] ••• Damage dealt: 30 (1 kill) to gusis (chesnut)
[00:16:51.36] ••• gusis (chesnut) starts turn
[00:16:52.86] ••• gusis (chesnut) fires Teleport
[00:16:53.28] ••• resetting Jet Pack fuel use to 0
[00:16:55.34] ••• gusis (chesnut) ends turn; time used: 1.18 sec turn, 0.02 sec retreat
[00:16:55.96] ••• Eikjueswaies (oneVSone) starts turn
[00:17:08.36] ••• Eikjueswaies (oneVSone) fires Girder
[00:17:11.44] ••• Eikjueswaies (oneVSone) ends turn; time used: 8.32 sec turn, 3.00 sec retreat
[00:17:13.46] ••• gusis (chesnut) starts turn
[00:17:27.54] ••• gusis (chesnut) fires Parachute
[00:17:38.32] ••• gusis (chesnut) fires Jet Pack
[00:17:43.10] ••• gusis (chesnut) fires Grenade (3 sec, min bounce)
[00:17:46.92] ••• gusis (chesnut) used 30 (18) units of Jet Pack fuel
[00:17:48.12] ••• gusis (chesnut) ends turn; time used: 26.42 sec turn, 5.00 sec retreat
[00:17:52.82] [chesnut] gg
[00:17:52.98] [oneVSone] :)
[00:17:53.88] [oneVSone] gg
[00:18:02.96] ••• Damage dealt: 13 (1 kill) to Eikjueswaies (oneVSone)
[00:18:02.98] ••• Game Ends - Round Finished
[00:18:02.98] *** Round Finish acknowledged by chesnut
[00:18:05.52] *** Round Finish acknowledged by oneVSone

Team time totals:
gusis (chesnut):         Turn: 00:04:32.04, Retreat: 00:00:43.90, Total: 00:05:15.94, Turn count: 17
Eikjueswaies (oneVSone): Turn: 00:05:12.82, Retreat: 00:00:47.00, Total: 00:05:59.82, Turn count: 16

Total Jet Pack fuel used: 30

End of round 2

Round time: 0:18:02
Total game time elapsed: Unknown

gusis wins the match!

Worm of the round: E (Eikjueswaies)

Most kills with one shot: 2 - gusados (gusis)
Most damage with one shot: 134 - gusados (gusis)
