Game ID: "12312621"
Game Started at 2021-02-08 21:49:40 GMT
Game Engine Version: 3.8.1
File Format Version: 3.7.3.0 - 3.8.1
Exported with Version: 3.8.1 (Steam)

Red:  "NNNxDario" as "algunos" [Local Player] [Host]
Blue: "Phi"       as "WORMS OF HONOR"

[00:00:00.00] ••• algunos (NNNxDario) starts turn
[00:00:00.16] [NNNxDario] hf
[00:00:06.70] [Phi] u2
[00:00:14.52] ••• algunos (NNNxDario) fires Ninja Rope
[00:00:22.44] ••• algunos (NNNxDario) loses turn due to loss of control; time used: 17.46 sec turn, 0.00 sec retreat
[00:00:29.86] ••• Damage dealt: 90 (1 kill) to algunos (NNNxDario), 90 (1 kill) to WORMS OF HONOR (Phi)
[00:00:29.86] ••• WORMS OF HONOR (Phi) starts turn
[00:00:38.80] ••• WORMS OF HONOR (Phi) loses turn due to loss of control; time used: 6.56 sec turn, 0.00 sec retreat
[00:00:48.44] ••• Damage dealt: 11 to algunos (NNNxDario), 6 to WORMS OF HONOR (Phi)
[00:00:48.44] ••• algunos (NNNxDario) starts turn
[00:01:00.48] ••• algunos (NNNxDario) fires Low Gravity
[00:01:16.48] ••• algunos (NNNxDario) fires Dynamite
[00:01:21.52] ••• algunos (NNNxDario) loses turn due to loss of control; time used: 23.62 sec turn, 4.86 sec retreat
[00:01:30.90] ••• Damage dealt: 9 to algunos (NNNxDario), 144 (1 kill) to WORMS OF HONOR (Phi)
[00:01:30.90] ••• WORMS OF HONOR (Phi) starts turn
[00:01:39.84] ••• WORMS OF HONOR (Phi) fires Select Worm
[00:01:52.10] ••• WORMS OF HONOR (Phi) fires Low Gravity
[00:02:05.18] ••• WORMS OF HONOR (Phi) fires Mad Cow (herd of 2)
[00:02:09.50] ••• WORMS OF HONOR (Phi) ends turn; time used: 30.88 sec turn, 3.00 sec retreat
[00:02:13.70] ••• Damage dealt: 93 to algunos (NNNxDario)
[00:02:13.70] ••• algunos (NNNxDario) starts turn
[00:02:27.16] ••• algunos (NNNxDario) fires Shotgun
[00:02:37.68] ••• algunos (NNNxDario) fires Shotgun
[00:02:41.84] ••• algunos (NNNxDario) ends turn; time used: 16.88 sec turn, 3.00 sec retreat
[00:02:46.26] ••• Damage dealt: 25 to WORMS OF HONOR (Phi)
[00:02:46.26] ••• WORMS OF HONOR (Phi) starts turn
[00:02:49.40] ••• WORMS OF HONOR (Phi) fires Select Worm
[00:03:01.84] ••• WORMS OF HONOR (Phi) fires Ninja Rope
[00:03:12.94] ••• WORMS OF HONOR (Phi) fires Dynamite
[00:03:17.98] ••• WORMS OF HONOR (Phi) loses turn due to loss of control; time used: 23.66 sec turn, 4.86 sec retreat
[00:03:31.16] ••• Damage dealt: 90 (1 kill) to algunos (NNNxDario), 11 (1 kill) to WORMS OF HONOR (Phi)
[00:03:31.16] ••• algunos (NNNxDario) starts turn
[00:04:10.16] ••• algunos (NNNxDario) fires Grenade (5 sec, min bounce)
[00:04:15.26] ••• algunos (NNNxDario) ends turn; time used: 38.56 sec turn, 3.00 sec retreat
[00:04:24.92] ••• Damage dealt: 70 to WORMS OF HONOR (Phi)
[00:04:24.92] ••• WORMS OF HONOR (Phi) starts turn
[00:04:47.46] ••• WORMS OF HONOR (Phi) fires Baseball Bat
[00:04:51.04] ••• WORMS OF HONOR (Phi) ends turn; time used: 19.46 sec turn, 3.00 sec retreat
[00:04:57.00] ••• Damage dealt: 62 (1 kill) to algunos (NNNxDario)
[00:04:57.00] ••• algunos (NNNxDario) starts turn
[00:05:07.96] ••• algunos (NNNxDario) fires Ninja Rope
[00:05:21.04] ••• algunos (NNNxDario) fires Jet Pack
[00:05:23.16] ••• algunos (NNNxDario) fires Grenade (5 sec, min bounce)
[00:05:28.16] ••• algunos (NNNxDario) used 30 (3) units of Jet Pack fuel
[00:05:28.18] ••• algunos (NNNxDario) ends turn; time used: 23.96 sec turn, 5.00 sec retreat
[00:05:35.48] ••• Damage dealt: 107 to WORMS OF HONOR (Phi)
[00:05:35.48] ••• WORMS OF HONOR (Phi) starts turn
[00:06:02.74] ••• WORMS OF HONOR (Phi) fires Shotgun
[00:06:20.72] ••• WORMS OF HONOR (Phi) fires Shotgun
[00:06:24.88] ••• WORMS OF HONOR (Phi) ends turn; time used: 37.82 sec turn, 3.00 sec retreat
[00:06:35.74] ••• Damage dealt: 79 (1 kill) to algunos (NNNxDario)
[00:06:35.74] ••• algunos (NNNxDario) starts turn
[00:06:39.64] ••• algunos (NNNxDario) fires Ninja Rope
[00:07:04.38] ••• algunos (NNNxDario) fires Shotgun
[00:07:32.66] ••• algunos (NNNxDario) fires Shotgun
[00:07:36.82] ••• algunos (NNNxDario) ends turn; time used: 43.92 sec turn, 3.00 sec retreat
[00:07:41.46] ••• Damage dealt: 83 (2 kills) to WORMS OF HONOR (Phi)
[00:07:41.46] ••• WORMS OF HONOR (Phi) starts turn
[00:07:53.40] ••• WORMS OF HONOR (Phi) fires Ninja Rope
[00:08:20.16] ••• WORMS OF HONOR (Phi) fires Sheep
[00:08:23.34] ••• WORMS OF HONOR (Phi) ends turn; time used: 37.60 sec turn, 3.00 sec retreat
[00:08:27.02] ••• Damage dealt: 35 to algunos (NNNxDario)
[00:08:27.02] ••• algunos (NNNxDario) starts turn
[00:08:31.34] ••• algunos (NNNxDario) uses Bungee
[00:09:02.82] ••• algunos (NNNxDario) fires Grenade (5 sec, min bounce)
[00:09:07.96] ••• algunos (NNNxDario) ends turn; time used: 35.14 sec turn, 3.00 sec retreat
[00:09:13.58] ••• Damage dealt: 45 to WORMS OF HONOR (Phi)
[00:09:13.58] ••• WORMS OF HONOR (Phi) starts turn
[00:09:13.90] [Phi] almost :)
[00:09:16.98] [NNNxDario] :)
[00:09:18.06] ••• WORMS OF HONOR (Phi) fires Select Worm
[00:09:28.60] ••• WORMS OF HONOR (Phi) fires Ninja Rope
[00:09:39.42] ••• WORMS OF HONOR (Phi) fires Ninja Rope
[00:09:55.78] ••• WORMS OF HONOR (Phi) fires Mine
[00:10:00.96] ••• WORMS OF HONOR (Phi) ends turn; time used: 38.58 sec turn, 5.00 sec retreat
[00:10:08.94] ••• Damage dealt: 37 to algunos (NNNxDario)
[00:10:08.94] ••• algunos (NNNxDario) starts turn
[00:10:16.78] ••• algunos (NNNxDario) fires Shotgun
[00:10:50.48] ••• algunos (NNNxDario) fires Shotgun
[00:10:54.64] ••• algunos (NNNxDario) ends turn; time used: 36.42 sec turn, 3.00 sec retreat
[00:10:58.66] ••• Damage dealt: 21 to WORMS OF HONOR (Phi)
[00:10:58.66] ••• WORMS OF HONOR (Phi) starts turn
[00:11:05.74] ••• WORMS OF HONOR (Phi) fires Jet Pack
[00:11:11.92] ••• WORMS OF HONOR (Phi) used 30 units of Jet Pack fuel
[00:11:31.96] ••• WORMS OF HONOR (Phi) uses Bungee
[00:11:38.42] ••• WORMS OF HONOR (Phi) loses turn due to loss of control; time used: 37.98 sec turn, 0.00 sec retreat
[00:11:44.24] [Phi] ok
[00:11:45.52] ••• Damage dealt: 10 (1 kill) to WORMS OF HONOR (Phi)
[00:11:45.52] ••• algunos (NNNxDario) starts turn
[00:11:58.16] ••• algunos (NNNxDario) fires Select Worm
[00:12:03.64] ••• algunos (NNNxDario) uses Bungee
[00:12:16.76] ••• algunos (NNNxDario) fires Shotgun
[00:12:29.88] ••• algunos (NNNxDario) loses turn due to loss of control; time used: 29.96 sec turn, 0.00 sec retreat
[00:12:32.34] [NNNxDario] poing
[00:12:35.82] ••• Damage dealt: 5 to algunos (NNNxDario), 24 (1 kill) to WORMS OF HONOR (Phi)
[00:12:35.82] ••• WORMS OF HONOR (Phi) starts turn
[00:13:05.34] ••• WORMS OF HONOR (Phi) fires Shotgun
[00:13:11.68] ••• WORMS OF HONOR (Phi) fires Shotgun
[00:13:15.84] ••• WORMS OF HONOR (Phi) ends turn; time used: 28.44 sec turn, 3.00 sec retreat
[00:13:20.26] ••• Damage dealt: 48 to algunos (NNNxDario)
[00:13:20.26] ••• algunos (NNNxDario) starts turn
[00:13:21.14] ••• algunos (NNNxDario) fires Select Worm
[00:13:24.18] ••• algunos (NNNxDario) fires Ninja Rope
[00:13:33.46] ••• algunos (NNNxDario) fires Homing Pigeon
[00:13:33.48] ••• algunos (NNNxDario) loses turn due to loss of control; time used: 12.46 sec turn, 0.00 sec retreat
[00:13:42.96] [NNNxDario] gg
[00:13:48.20] [Phi] gg
[00:13:54.56] ••• Damage dealt: 44 (1 kill) to algunos (NNNxDario), 84 (1 kill) to WORMS OF HONOR (Phi)
[00:13:54.58] ••• Game Ends - Round Finished
[00:13:54.58] *** Round Finish acknowledged by NNNxDario
[00:13:56.96] *** Round Finish acknowledged by Phi

Team time totals:
algunos (NNNxDario):  Turn: 00:04:38.38, Retreat: 00:00:24.86, Total: 00:05:03.24, Turn count: 10
WORMS OF HONOR (Phi): Turn: 00:04:20.98, Retreat: 00:00:24.86, Total: 00:04:45.84, Turn count: 9

Total Jet Pack fuel used: 60

End of round 1

Round time: 0:13:54
Total game time elapsed: 0:13:54

algunos wins the round.

Worm of the round: cuándo (algunos)
Most kills with one shot: 2 - Naughty Worm 7 (WORMS OF HONOR)
Most damage with one shot: 153 - nadie (algunos)
