Game ID: "12325467"
Game Started at 2021-02-13 09:06:18 GMT
Game Engine Version: 3.8
File Format Version: 3.7.3.0 - 3.8.1
Exported with Version: 3.8.1 (Steam)

Red:  "Veals"            as "Veals" [Local Player] [Host]
Blue: "htjrftrftdxjrftf" as "Diablo666"

[00:00:00.00] ••• Diablo666 (htjrftrftdxjrftf) starts turn
[00:00:28.22] ••• Diablo666 (htjrftrftdxjrftf) fires Select Worm
[00:00:31.94] ••• Diablo666 (htjrftrftdxjrftf) fires Ninja Rope
[00:00:49.46] ••• Diablo666 (htjrftrftdxjrftf) fires Dynamite
[00:00:54.64] ••• Diablo666 (htjrftrftdxjrftf) ends turn; time used: 44.12 sec turn, 5.00 sec retreat
[00:01:00.56] ••• Damage dealt: 140 to Veals (Veals), 9 to Diablo666 (htjrftrftdxjrftf)
[00:01:00.56] ••• Veals (Veals) starts turn
[00:01:10.00] ••• Veals (Veals) fires Select Worm
[00:01:24.86] ••• Veals (Veals) fires Ninja Rope
[00:01:40.06] ••• Veals (Veals) fires Shotgun
[00:01:54.96] ••• Veals (Veals) fires Shotgun
[00:01:59.12] ••• Veals (Veals) ends turn; time used: 43.62 sec turn, 3.00 sec retreat
[00:02:12.80] ••• Damage dealt: 188 (1 kill) to Diablo666 (htjrftrftdxjrftf)
[00:02:12.80] ••• Diablo666 (htjrftrftdxjrftf) starts turn
[00:02:20.30] ••• Diablo666 (htjrftrftdxjrftf) uses Parachute
[00:02:46.26] ••• Diablo666 (htjrftrftdxjrftf) fires Flame Thrower
[00:02:53.74] ••• Diablo666 (htjrftrftdxjrftf) ends turn; time used: 31.90 sec turn, 3.00 sec retreat
[00:02:59.70] ••• Damage dealt: 91 to Veals (Veals)
[00:02:59.70] ••• Veals (Veals) starts turn
[00:03:09.12] [htjrftrftdxjrftf] grilled worms
[00:03:10.12] [htjrftrftdxjrftf] 1$
[00:03:10.78] [htjrftrftdxjrftf] XD
[00:03:14.66] [Veals] xd
[00:03:18.58] ••• Veals (Veals) fires Ninja Rope
[00:03:21.50] ••• Veals (Veals) fires Ninja Rope
[00:03:46.84] ••• Veals (Veals) fires Dynamite
[00:03:51.84] ••• Veals (Veals) loses turn due to loss of control; time used: 42.38 sec turn, 4.98 sec retreat
[00:03:57.28] ••• Damage dealt: 6 to Veals (Veals), 101 to Diablo666 (htjrftrftdxjrftf)
[00:03:57.28] ••• Diablo666 (htjrftrftdxjrftf) starts turn
[00:04:18.24] ••• Diablo666 (htjrftrftdxjrftf) fires Select Worm
[00:04:21.14] ••• Diablo666 (htjrftrftdxjrftf) fires Ninja Rope
[00:04:42.30] ••• Diablo666 (htjrftrftdxjrftf) fires Longbow
[00:04:55.16] ••• Diablo666 (htjrftrftdxjrftf) fires Longbow
[00:04:57.28] [Veals] always forget about mines on balk
[00:04:58.24] ••• Diablo666 (htjrftrftdxjrftf) ends turn; time used: 44.34 sec turn, 3.00 sec retreat
[00:05:05.10] ••• Damage dealt: 106 to Veals (Veals)
[00:05:05.10] ••• Veals (Veals) starts turn
[00:05:13.02] ••• Veals (Veals) fires Select Worm
[00:05:32.96] ••• Glide Glitch #1
[00:05:39.06] ••• Veals (Veals) fires Jet Pack
[00:05:50.50] ••• Veals (Veals) fires Grenade (5 sec, min bounce)
[00:05:55.50] ••• Veals (Veals) used 30 (22) units of Jet Pack fuel
[00:05:55.52] ••• Veals (Veals) ends turn; time used: 42.08 sec turn, 5.00 sec retreat
[00:06:02.88] ••• Damage dealt: 43 to Diablo666 (htjrftrftdxjrftf)
[00:06:02.88] ••• Diablo666 (htjrftrftdxjrftf) starts turn
[00:06:03.12] [htjrftrftdxjrftf] lol
[00:06:08.38] ••• Diablo666 (htjrftrftdxjrftf) fires Select Worm
[00:06:20.74] ••• Diablo666 (htjrftrftdxjrftf) fires Low Gravity
[00:06:31.42] ••• Diablo666 (htjrftrftdxjrftf) fires Shotgun
[00:07:09.04] ••• Diablo666 (htjrftrftdxjrftf) fires Shotgun
[00:07:13.20] ••• Diablo666 (htjrftrftdxjrftf) ends turn; time used: 43.32 sec turn, 3.00 sec retreat
[00:07:18.82] ••• Damage dealt: 58 (2 kills) to Veals (Veals)
[00:07:18.82] ••• Veals (Veals) starts turn
[00:07:24.34] ••• Veals (Veals) fires Ninja Rope
[00:07:25.08] ••• Veals (Veals) fires Ninja Rope
[00:07:42.74] ••• Veals (Veals) fires Shotgun
[00:08:11.96] ••• Veals (Veals) fires Shotgun
[00:08:16.12] ••• Veals (Veals) ends turn; time used: 42.52 sec turn, 3.00 sec retreat
[00:08:22.60] ••• Damage dealt: 77 to Diablo666 (htjrftrftdxjrftf)
[00:08:22.60] ••• Diablo666 (htjrftrftdxjrftf) starts turn
[00:08:23.60] [htjrftrftdxjrftf] lol
[00:08:54.98] ••• Diablo666 (htjrftrftdxjrftf) fires Jet Pack
[00:09:01.86] ••• Diablo666 (htjrftrftdxjrftf) fires Sheep
[00:09:06.86] ••• Diablo666 (htjrftrftdxjrftf) used 30 (21) units of Jet Pack fuel
[00:09:06.88] ••• Diablo666 (htjrftrftdxjrftf) ends turn; time used: 33.84 sec turn, 5.00 sec retreat
[00:09:10.34] [htjrftrftdxjrftf] fuck
[00:09:11.60] ••• Damage dealt: 41 to Veals (Veals)
[00:09:11.60] ••• Veals (Veals) starts turn
[00:09:17.40] [Veals] bl
[00:09:24.80] [Veals] stupid sheep again
[00:09:28.68] ••• Veals (Veals) fires Select Worm
[00:09:32.14] [htjrftrftdxjrftf] baaaaaaaaaa
[00:09:32.98] [htjrftrftdxjrftf] XD
[00:09:52.42] ••• Veals (Veals) fires Cluster Bomb (3 sec, min bounce)
[00:09:55.66] ••• Veals (Veals) ends turn; time used: 35.76 sec turn, 3.00 sec retreat
[00:10:05.50] ••• Damage dealt: 72 (1 kill) to Diablo666 (htjrftrftdxjrftf)
[00:10:05.50] ••• Diablo666 (htjrftrftdxjrftf) starts turn
[00:10:05.52] [htjrftrftdxjrftf] clusta disasta
[00:10:24.42] ••• Diablo666 (htjrftrftdxjrftf) fires Shotgun
[00:10:46.42] ••• Diablo666 (htjrftrftdxjrftf) fires Shotgun
[00:10:50.58] ••• Diablo666 (htjrftrftdxjrftf) ends turn; time used: 24.48 sec turn, 3.00 sec retreat
[00:10:53.78] ••• Damage dealt: 51 to Veals (Veals), 12 (1 kill) to Diablo666 (htjrftrftdxjrftf)
[00:10:53.78] ••• Veals (Veals) starts turn
[00:11:03.10] ••• Veals (Veals) fires Low Gravity
[00:11:12.94] ••• Veals (Veals) fires Ninja Rope
[00:11:29.16] ••• Veals (Veals) fires Mad Cow (herd of 2)
[00:11:33.20] ••• Veals (Veals) ends turn; time used: 30.18 sec turn, 3.00 sec retreat
[00:11:39.64] ••• Damage dealt: 122 to Diablo666 (htjrftrftdxjrftf)
[00:11:39.64] ••• Diablo666 (htjrftrftdxjrftf) starts turn
[00:11:49.58] ••• Diablo666 (htjrftrftdxjrftf) fires Battle Axe
[00:11:54.48] ••• Diablo666 (htjrftrftdxjrftf) ends turn; time used: 8.32 sec turn, 3.00 sec retreat
[00:11:58.90] ••• Damage dealt: 45 to Veals (Veals)
[00:11:58.90] ••• Veals (Veals) starts turn
[00:12:17.18] ••• Veals (Veals) fires Shotgun
[00:12:36.08] ••• Veals (Veals) fires Shotgun
[00:12:40.24] ••• Veals (Veals) ends turn; time used: 25.82 sec turn, 3.00 sec retreat
[00:12:45.46] ••• Damage dealt: 14 (1 kill) to Diablo666 (htjrftrftdxjrftf)
[00:12:45.46] ••• Diablo666 (htjrftrftdxjrftf) starts turn
[00:12:48.30] ••• Diablo666 (htjrftrftdxjrftf) fires Ninja Rope
[00:13:12.96] [Veals] shit?
[00:13:16.70] ••• Diablo666 (htjrftrftdxjrftf) fires Kamikaze
[00:13:17.92] ••• Diablo666 (htjrftrftdxjrftf) loses turn due to loss of control; time used: 30.06 sec turn, 0.00 sec retreat
[00:13:21.82] [Veals] omg
[00:13:27.16] [Veals] it's genius
[00:13:27.34] [htjrftrftdxjrftf] stfu
[00:13:28.66] ••• Damage dealt: 46 to Veals (Veals), 34 (2 kills) to Diablo666 (htjrftrftdxjrftf)
[00:13:28.66] ••• Veals (Veals) starts turn
[00:13:50.30] ••• Veals (Veals) fires Fire Punch
[00:13:55.10] ••• Veals (Veals) ends turn; time used: 16.64 sec turn, 3.00 sec retreat
[00:14:04.46] ••• Damage dealt: 28 (1 kill) to Diablo666 (htjrftrftdxjrftf)
[00:14:04.46] ••• Diablo666 (htjrftrftdxjrftf) starts turn
[00:14:25.66] ••• Diablo666 (htjrftrftdxjrftf) fires Longbow
[00:14:27.24] *** htjrftrftdxjrftf is quitting
[00:14:27.24] *** htjrftrftdxjrftf is disconnecting due to quitting
[00:14:27.24] *** htjrftrftdxjrftf disconnected due to quitting
[00:14:27.24] *** Diablo666 (htjrftrftdxjrftf) forced out by disconnection due to quitting
[00:14:27.24] ••• Diablo666 (htjrftrftdxjrftf) ends turn; time used: 19.82 sec turn, 0.00 sec retreat
[00:14:35.06] ••• Damage dealt: 15 to Veals (Veals)
[00:14:35.08] ••• Game Ends - Round Finished
[00:14:35.08] *** Round Finish acknowledged by Veals

Team time totals:
Veals (Veals):                Turn: 00:04:39.00, Retreat: 00:00:27.98, Total: 00:05:06.98, Turn count: 8
Diablo666 (htjrftrftdxjrftf): Turn: 00:04:40.20, Retreat: 00:00:25.00, Total: 00:05:05.20, Turn count: 9

Total Jet Pack fuel used: 60

End of round 2

Round time: 0:14:35
Total game time elapsed: Unknown

Veals wins the match!

Worm of the round: ?ep?? 2 (Veals)

Most damage with one shot: 149 - 2 Pac (Diablo666)
