Game ID: "12317339"
Game Started at 2021-02-10 18:56:04 GMT
Game Engine Version: 3.8.1
File Format Version: 3.7.3.0 - 3.8.1
Exported with Version: 3.8.1 (Steam)

Red:  "Leoric"      as "Rowio" [Local Player] [Host]
Blue: "AntiWormita" as "Hattori Hanzo"

[00:00:00.00] ••• Rowio (Leoric) starts turn
[00:00:34.72] ••• Rowio (Leoric) fires Shotgun
[00:00:41.82] ••• Rowio (Leoric) fires Shotgun
[00:00:45.98] ••• Rowio (Leoric) ends turn; time used: 31.52 sec turn, 3.00 sec retreat
[00:00:52.34] ••• Damage dealt: 90 (1 kill) to Hattori Hanzo (AntiWormita)
[00:00:52.34] ••• Hattori Hanzo (AntiWormita) starts turn
[00:01:05.28] ••• Hattori Hanzo (AntiWormita) fires Select Worm
[00:01:20.32] ••• Hattori Hanzo (AntiWormita) fires Uzi
[00:01:24.52] ••• Hattori Hanzo (AntiWormita) ends turn; time used: 22.92 sec turn, 3.00 sec retreat
[00:01:30.18] ••• Damage dealt: 76 to Rowio (Leoric)
[00:01:30.18] ••• Rowio (Leoric) starts turn
[00:01:48.44] ••• Rowio (Leoric) fires Shotgun
[00:02:03.16] ••• Rowio (Leoric) fires Shotgun
[00:02:07.32] ••• Rowio (Leoric) ends turn; time used: 22.46 sec turn, 3.00 sec retreat
[00:02:11.56] [AntiWormita] wp
[00:02:17.02] ••• Damage dealt: 90 to Hattori Hanzo (AntiWormita)
[00:02:17.02] ••• Hattori Hanzo (AntiWormita) starts turn
[00:02:44.46] ••• Hattori Hanzo (AntiWormita) fires Ninja Rope
[00:02:51.24] ••• Hattori Hanzo (AntiWormita) loses turn due to loss of control; time used: 29.04 sec turn, 0.00 sec retreat
[00:02:53.44] [AntiWormita] only 2??
[00:02:56.20] ••• Damage dealt: 7 to Hattori Hanzo (AntiWormita)
[00:02:56.20] ••• Rowio (Leoric) starts turn
[00:02:57.92] [Leoric] yep
[00:02:59.52] [AntiWormita] normally is not 5?
[00:03:18.08] [Leoric] its a different scheme
[00:03:18.50] [AntiWormita] np i was no see
[00:03:24.70] [AntiWormita] npnp
[00:03:36.68] [Leoric] you can check from the link
[00:03:46.18] ••• Rowio (Leoric) ends turn; time used: 45.00 sec turn, 0.00 sec retreat
[00:03:48.20] ••• Hattori Hanzo (AntiWormita) starts turn
[00:03:51.68] [AntiWormita] like survavin
[00:03:54.26] [AntiWormita] i like
[00:03:59.78] ••• Hattori Hanzo (AntiWormita) fires Skip Go
[00:03:59.80] ••• Hattori Hanzo (AntiWormita) ends turn; time used: 6.58 sec turn, 0.00 sec retreat
[00:04:01.82] ••• Rowio (Leoric) starts turn
[00:04:17.32] ••• Rowio (Leoric) fires Ninja Rope
[00:04:18.16] ••• Rowio (Leoric) fires Ninja Rope
[00:04:49.82] ••• Rowio (Leoric) fires Grenade (3 sec, min bounce)
[00:04:53.30] ••• Rowio (Leoric) ends turn; time used: 42.38 sec turn, 3.00 sec retreat
[00:05:00.36] ••• Damage dealt: 90 (1 kill) to Hattori Hanzo (AntiWormita)
[00:05:00.36] ••• Hattori Hanzo (AntiWormita) starts turn
[00:05:17.68] ••• Hattori Hanzo (AntiWormita) uses Bungee
[00:05:24.82] ••• Hattori Hanzo (AntiWormita) fires Grenade (3 sec, min bounce)
[00:05:30.86] ••• Hattori Hanzo (AntiWormita) ends turn; time used: 21.00 sec turn, 3.00 sec retreat
[00:05:34.88] ••• Rowio (Leoric) starts turn
[00:05:52.02] ••• Rowio (Leoric) fires Sheep
[00:06:09.92] ••• Rowio (Leoric) ends turn; time used: 12.14 sec turn, 3.00 sec retreat
[00:06:13.96] ••• Damage dealt: 9 to Hattori Hanzo (AntiWormita)
[00:06:13.96] ••• Hattori Hanzo (AntiWormita) starts turn
[00:06:41.34] ••• Hattori Hanzo (AntiWormita) fires Grenade (3 sec, min bounce)
[00:06:44.62] ••• Hattori Hanzo (AntiWormita) ends turn; time used: 23.16 sec turn, 3.00 sec retreat
[00:06:49.08] ••• Damage dealt: 44 to Rowio (Leoric)
[00:06:49.08] ••• Rowio (Leoric) starts turn
[00:06:58.00] ••• Rowio (Leoric) fires Ninja Rope
[00:07:13.64] ••• Rowio (Leoric) fires Shotgun
[00:07:47.00] ••• Rowio (Leoric) fires Shotgun
[00:07:51.16] ••• Rowio (Leoric) ends turn; time used: 34.18 sec turn, 3.00 sec retreat
[00:07:58.30] ••• Damage dealt: 90 (1 kill) to Rowio (Leoric), 163 (2 kills) to Hattori Hanzo (AntiWormita)
[00:07:58.30] ••• Hattori Hanzo (AntiWormita) starts turn
[00:08:20.68] ••• Hattori Hanzo (AntiWormita) fires Sheep
[00:08:25.50] ••• Hattori Hanzo (AntiWormita) ends turn; time used: 20.50 sec turn, 3.00 sec retreat
[00:08:29.52] ••• Rowio (Leoric) starts turn
[00:08:32.56] ••• Rowio (Leoric) fires Select Worm
[00:08:41.74] ••• Rowio (Leoric) fires Ninja Rope
[00:08:42.48] ••• Rowio (Leoric) fires Ninja Rope
[00:08:49.64] ••• Rowio (Leoric) uses Parachute
[00:09:12.82] ••• Rowio (Leoric) fires Dynamite
[00:09:17.84] ••• Rowio (Leoric) ends turn; time used: 37.38 sec turn, 5.00 sec retreat
[00:09:25.62] ••• Damage dealt: 239 (1 kill) to Hattori Hanzo (AntiWormita)
[00:09:25.62] ••• Hattori Hanzo (AntiWormita) starts turn
[00:09:52.24] ••• Hattori Hanzo (AntiWormita) fires Cluster Bomb (3 sec, min bounce)
[00:09:55.40] ••• Hattori Hanzo (AntiWormita) loses turn due to loss of control; time used: 21.62 sec turn, 2.86 sec retreat
[00:10:16.34] ••• Damage dealt: 46 (1 kill) to Rowio (Leoric), 10 (2 kills) to Hattori Hanzo (AntiWormita)
[00:10:16.34] ••• Rowio (Leoric) starts turn
[00:10:19.14] ••• Rowio (Leoric) fires Select Worm
[00:10:24.86] ••• Rowio (Leoric) uses Bungee
[00:10:36.92] ••• Rowio (Leoric) fires Pneumatic Drill
[00:10:38.72] ••• Rowio (Leoric) loses turn due to loss of control; time used: 17.94 sec turn, 0.00 sec retreat
[00:10:43.08] [Leoric] gg
[00:10:50.52] ••• Damage dealt: 14 (1 kill) to Rowio (Leoric), 22 (1 kill) to Hattori Hanzo (AntiWormita)
[00:10:50.54] ••• Game Ends - Round Finished
[00:10:50.54] *** Round Finish acknowledged by Leoric
[00:10:52.70] *** Round Finish acknowledged by AntiWormita

Team time totals:
Rowio (Leoric):              Turn: 00:04:03.00, Retreat: 00:00:20.00, Total: 00:04:23.00, Turn count: 8
Hattori Hanzo (AntiWormita): Turn: 00:02:24.82, Retreat: 00:00:14.86, Total: 00:02:39.68, Turn count: 7

End of round 1

Round time: 0:10:50
Total game time elapsed: 0:10:50

Rowio wins the round.

Worm of the round: Icon (Rowio)
Most kills with one shot: 3 - Icon (Rowio)
Most damage with one shot: 248 - Icon (Rowio)
