Game ID: "12337018"
Game Started at 2021-02-16 19:48:28 GMT
Game Engine Version: 3.8.1
File Format Version: 3.7.3.0 - 3.8.1
Exported with Version: 3.8.1 (Steam)

Red:  "NNNxDario" as "algunos" [Local Player] [Host]
Blue: "oneVSone"  as "Eikjueswaies"

[00:00:00.00] [NNNxDario] hf
[00:00:00.00] ••• algunos (NNNxDario) starts turn
[00:00:08.44] [oneVSone] need registration there?
[00:00:11.16] [oneVSone] hf
[00:00:13.18] ••• algunos (NNNxDario) fires Select Worm
[00:00:17.14] ••• algunos (NNNxDario) fires Ninja Rope
[00:00:30.38] [NNNxDario] no registration
[00:00:39.10] [NNNxDario] jsut get the scheme, play anyone, upload your wins
[00:00:43.42] ••• algunos (NNNxDario) fires Shotgun
[00:01:03.66] ••• algunos (NNNxDario) fires Shotgun
[00:01:07.82] ••• algunos (NNNxDario) ends turn; time used: 44.70 sec turn, 3.00 sec retreat
[00:01:12.32] ••• Damage dealt: 12 to algunos (NNNxDario), 167 (1 kill) to Eikjueswaies (oneVSone)
[00:01:12.32] ••• Eikjueswaies (oneVSone) starts turn
[00:01:30.22] ••• Eikjueswaies (oneVSone) fires Select Worm
[00:01:49.14] ••• Eikjueswaies (oneVSone) fires Shotgun
[00:02:00.00] ••• Eikjueswaies (oneVSone) fires Shotgun
[00:02:04.16] ••• Eikjueswaies (oneVSone) ends turn; time used: 39.92 sec turn, 3.00 sec retreat
[00:02:08.58] ••• Damage dealt: 43 to algunos (NNNxDario)
[00:02:08.58] ••• algunos (NNNxDario) starts turn
[00:02:10.36] ••• algunos (NNNxDario) fires Select Worm
[00:02:15.34] ••• algunos (NNNxDario) fires Ninja Rope
[00:02:25.12] ••• algunos (NNNxDario) fires Shotgun
[00:02:27.48] ••• algunos (NNNxDario) fires Shotgun
[00:02:31.64] ••• algunos (NNNxDario) ends turn; time used: 16.64 sec turn, 3.00 sec retreat
[00:02:42.74] ••• Damage dealt: 180 (2 kills) to Eikjueswaies (oneVSone)
[00:02:42.74] ••• Eikjueswaies (oneVSone) starts turn
[00:02:45.38] ••• Eikjueswaies (oneVSone) loses turn due to loss of control; time used: 1.42 sec turn, 0.00 sec retreat
[00:02:50.68] ••• Damage dealt: 1 to Eikjueswaies (oneVSone)
[00:02:50.68] ••• algunos (NNNxDario) starts turn
[00:03:06.88] ••• algunos (NNNxDario) fires Ninja Rope
[00:03:26.00] ••• algunos (NNNxDario) fires Mine
[00:03:31.18] ••• algunos (NNNxDario) ends turn; time used: 30.32 sec turn, 5.00 sec retreat
[00:03:41.26] ••• Damage dealt: 90 (1 kill) to Eikjueswaies (oneVSone)
[00:03:41.26] ••• Eikjueswaies (oneVSone) starts turn
[00:03:44.48] ••• Eikjueswaies (oneVSone) fires Ninja Rope
[00:04:17.70] ••• Eikjueswaies (oneVSone) fires Longbow
[00:04:31.50] ••• Eikjueswaies (oneVSone) fires Longbow
[00:04:34.58] ••• Eikjueswaies (oneVSone) ends turn; time used: 43.02 sec turn, 3.00 sec retreat
[00:04:38.00] ••• Damage dealt: 30 to algunos (NNNxDario)
[00:04:38.00] ••• algunos (NNNxDario) starts turn
[00:04:58.04] ••• algunos (NNNxDario) fires Shotgun
[00:05:06.78] ••• algunos (NNNxDario) fires Shotgun
[00:05:10.94] ••• algunos (NNNxDario) ends turn; time used: 18.02 sec turn, 3.00 sec retreat
[00:05:15.36] ••• Damage dealt: 35 to Eikjueswaies (oneVSone)
[00:05:15.36] ••• Eikjueswaies (oneVSone) starts turn
[00:05:23.46] ••• Eikjueswaies (oneVSone) fires Select Worm
[00:05:46.36] ••• Eikjueswaies (oneVSone) fires Dynamite
[00:05:51.40] ••• Eikjueswaies (oneVSone) loses turn due to loss of control; time used: 29.32 sec turn, 4.86 sec retreat
[00:06:06.00] ••• Damage dealt: 105 to algunos (NNNxDario), 4 (1 kill) to Eikjueswaies (oneVSone)
[00:06:06.00] ••• algunos (NNNxDario) starts turn
[00:06:18.58] ••• algunos (NNNxDario) fires Ninja Rope
[00:06:19.34] ••• algunos (NNNxDario) fires Ninja Rope
[00:06:19.90] ••• algunos (NNNxDario) fires Ninja Rope
[00:06:51.34] ••• algunos (NNNxDario) fires Sheep
[00:06:51.44] ••• algunos (NNNxDario) loses turn due to loss of control; time used: 44.50 sec turn, 0.00 sec retreat
[00:07:01.30] ••• Damage dealt: 18 (1 kill) to algunos (NNNxDario), 66 to Eikjueswaies (oneVSone)
[00:07:01.30] ••• Eikjueswaies (oneVSone) starts turn
[00:07:11.18] ••• Eikjueswaies (oneVSone) fires Ninja Rope
[00:07:29.00] ••• Eikjueswaies (oneVSone) fires Sheep
[00:07:40.18] ••• Eikjueswaies (oneVSone) ends turn; time used: 25.26 sec turn, 3.00 sec retreat
[00:07:44.52] ••• Damage dealt: 49 to algunos (NNNxDario)
[00:07:44.52] ••• algunos (NNNxDario) starts turn
[00:07:48.60] ••• algunos (NNNxDario) fires Shotgun
[00:08:02.02] ••• algunos (NNNxDario) fires Shotgun
[00:08:06.18] ••• algunos (NNNxDario) ends turn; time used: 7.64 sec turn, 3.00 sec retreat
[00:08:11.40] ••• Damage dealt: 23 (1 kill) to Eikjueswaies (oneVSone)
[00:08:11.40] ••• Eikjueswaies (oneVSone) starts turn
[00:08:24.92] ••• Eikjueswaies (oneVSone) fires Ninja Rope
[00:08:38.78] ••• Eikjueswaies (oneVSone) fires Mad Cow (herd of 2)
[00:08:44.78] ••• Eikjueswaies (oneVSone) ends turn; time used: 24.94 sec turn, 5.00 sec retreat
[00:08:53.86] ••• Damage dealt: 60 (1 kill) to algunos (NNNxDario)
[00:08:53.86] ••• algunos (NNNxDario) starts turn
[00:09:02.00] ••• algunos (NNNxDario) fires Select Worm
[00:09:06.46] ••• algunos (NNNxDario) fires Dynamite
[00:09:11.64] ••• algunos (NNNxDario) ends turn; time used: 12.10 sec turn, 5.00 sec retreat
[00:09:22.08] ••• Damage dealt: 64 (1 kill) to Eikjueswaies (oneVSone)
[00:09:22.08] ••• Eikjueswaies (oneVSone) starts turn
[00:09:47.46] ••• Eikjueswaies (oneVSone) fires Shotgun
[00:09:49.56] ••• Eikjueswaies (oneVSone) fires Shotgun
[00:09:53.72] ••• Eikjueswaies (oneVSone) ends turn; time used: 20.38 sec turn, 3.00 sec retreat
[00:09:57.74] ••• algunos (NNNxDario) starts turn
[00:10:19.34] ••• algunos (NNNxDario) fires Ninja Rope
[00:10:45.90] ••• algunos (NNNxDario) fires Kamikaze
[00:10:46.38] ••• algunos (NNNxDario) loses turn due to loss of control; time used: 43.18 sec turn, 0.00 sec retreat
[00:10:51.60] ••• Damage dealt: 35 (1 kill) to algunos (NNNxDario), 30 to Eikjueswaies (oneVSone)
[00:10:51.60] ••• Eikjueswaies (oneVSone) starts turn
[00:11:19.00] ••• Eikjueswaies (oneVSone) fires Girder
[00:11:22.08] ••• Eikjueswaies (oneVSone) ends turn; time used: 23.44 sec turn, 3.00 sec retreat
[00:11:24.10] ••• algunos (NNNxDario) starts turn
[00:11:26.58] ••• algunos (NNNxDario) fires Pneumatic Drill
[00:11:29.82] ••• algunos (NNNxDario) ends turn; time used: 2.10 sec turn, 0.02 sec retreat
[00:11:32.82] ••• Eikjueswaies (oneVSone) starts turn
[00:11:41.84] ••• Eikjueswaies (oneVSone) fires Blow Torch
[00:11:49.88] ••• Eikjueswaies (oneVSone) ends turn; time used: 4.02 sec turn, 3.00 sec retreat
[00:11:53.90] ••• algunos (NNNxDario) starts turn
[00:12:01.32] ••• algunos (NNNxDario) fires Shotgun
[00:12:03.42] ••• algunos (NNNxDario) fires Shotgun
[00:12:07.58] ••• algunos (NNNxDario) ends turn; time used: 4.36 sec turn, 3.00 sec retreat
[00:12:11.60] ••• Eikjueswaies (oneVSone) starts turn
[00:12:19.32] ••• Eikjueswaies (oneVSone) fires Fire Punch
[00:12:24.12] ••• Eikjueswaies (oneVSone) ends turn; time used: 3.30 sec turn, 3.00 sec retreat
[00:12:28.14] ••• algunos (NNNxDario) starts turn
[00:12:44.88] ••• algunos (NNNxDario) fires Holy Hand-Grenade
[00:12:49.82] ••• algunos (NNNxDario) loses turn due to loss of control; time used: 16.72 sec turn, 3.00 sec retreat
[00:12:57.70] [oneVSone] gg
[00:12:59.84] [oneVSone] nice!
[00:13:00.60] [NNNxDario] gg
[00:13:01.72] [NNNxDario] ty
[00:13:06.22] [oneVSone] again
[00:13:07.82] [oneVSone] 2-0
[00:13:08.48] [NNNxDario] ok
[00:13:15.06] ••• Damage dealt: 180 (2 kills) to algunos (NNNxDario), 60 (1 kill) to Eikjueswaies (oneVSone)
[00:13:15.08] ••• Game Ends - Round Finished
[00:13:15.08] *** Round Finish acknowledged by NNNxDario
[00:13:17.54] *** Round Finish acknowledged by oneVSone

Team time totals:
algunos (NNNxDario):     Turn: 00:04:00.28, Retreat: 00:00:28.02, Total: 00:04:28.30, Turn count: 11
Eikjueswaies (oneVSone): Turn: 00:03:35.02, Retreat: 00:00:30.86, Total: 00:04:05.88, Turn count: 10

End of round 2

Round time: 0:13:15
Total game time elapsed: Unknown

algunos wins the match!

Worm of the round: quién (algunos)

Most kills with one shot: 3 - siempre (algunos)
Most damage with one shot: 240 - siempre (algunos)
