Game ID: "12315603"
Game Started at 2021-02-09 23:40:41 GMT
Game Engine Version: 3.8
File Format Version: 3.7.3.0 - 3.8.1
Exported with Version: 3.8.1 (Steam)

Red:  "chesnut" as "gusis" [Local Player] [Host]
Blue: "Seven"   as "Armageddons"

[00:00:00.00] ••• Armageddons (Seven) starts turn
[00:00:15.86] [Seven] Es la primera vez que juego al worms.. como se juega?
[00:00:19.54] [Seven] naaa.. joda xD
[00:00:30.06] [chesnut] puta, pensé que me dabas puntos fácil xD
[00:00:37.66] ••• Armageddons (Seven) fires Teleport
[00:00:40.14] ••• Armageddons (Seven) ends turn; time used: 32.66 sec turn, 0.02 sec retreat
[00:00:40.66] ••• gusis (chesnut) starts turn
[00:00:44.60] ••• gusis (chesnut) fires Select Worm
[00:00:48.50] ••• gusis (chesnut) fires Ninja Rope
[00:00:56.62] ••• gusis (chesnut) uses Parachute
[00:00:56.64] ••• gusis (chesnut) loses turn due to loss of control; time used: 13.40 sec turn, 0.00 sec retreat
[00:01:01.58] [Seven] En el modo normal es una loteria. puedo ser muy bueno, o puedo ser muy malo
[00:01:02.92] ••• Damage dealt: 13 to gusis (chesnut), 10 to Armageddons (Seven)
[00:01:02.92] ••• Armageddons (Seven) starts turn
[00:01:09.90] [Seven] minas 3=
[00:01:12.52] [chesnut] si
[00:01:17.40] ••• Armageddons (Seven) loses turn due to loss of control; time used: 12.92 sec turn, 0.00 sec retreat
[00:01:17.42] [Seven] buee
[00:01:21.56] ••• Damage dealt: 18 to Armageddons (Seven)
[00:01:21.56] ••• gusis (chesnut) starts turn
[00:01:23.26] [chesnut] pero las tenés que esquivar viste
[00:01:29.18] ••• gusis (chesnut) fires Select Worm
[00:01:36.62] ••• gusis (chesnut) fires Ninja Rope
[00:01:56.54] ••• gusis (chesnut) fires Sheep
[00:02:01.56] ••• gusis (chesnut) ends turn; time used: 30.86 sec turn, 5.00 sec retreat
[00:02:02.44] [Seven] COW
[00:02:09.66] [chesnut] no, no tengo vacas
[00:02:18.00] ••• Damage dealt: 197 (2 kills) to Armageddons (Seven)
[00:02:18.00] ••• Armageddons (Seven) starts turn
[00:02:18.02] [Seven] SHEEP entonces
[00:02:18.10] [chesnut] eso
[00:02:24.62] ••• Armageddons (Seven) fires Select Worm
[00:02:37.64] ••• Armageddons (Seven) fires Ninja Rope
[00:02:46.54] ••• Armageddons (Seven) fires Longbow
[00:02:57.22] ••• Armageddons (Seven) fires Longbow
[00:03:00.30] ••• Armageddons (Seven) ends turn; time used: 27.78 sec turn, 3.00 sec retreat
[00:03:03.14] ••• Damage dealt: 57 to gusis (chesnut)
[00:03:03.14] ••• gusis (chesnut) starts turn
[00:03:41.16] ••• gusis (chesnut) fires Dynamite
[00:03:46.20] ••• gusis (chesnut) loses turn due to loss of control; time used: 35.34 sec turn, 4.86 sec retreat
[00:03:55.24] [Seven] Malo. Por que me atacas?
[00:03:58.86] [chesnut] andá a morirte en otro lado querés
[00:04:00.80] ••• Damage dealt: 69 to gusis (chesnut), 111 (1 kill) to Armageddons (Seven)
[00:04:00.80] ••• Armageddons (Seven) starts turn
[00:04:02.28] [Seven] ;v
[00:04:37.80] ••• Armageddons (Seven) fires Battle Axe
[00:04:41.90] ••• Armageddons (Seven) ends turn; time used: 34.04 sec turn, 3.00 sec retreat
[00:04:46.32] ••• Damage dealt: 43 to gusis (chesnut)
[00:04:46.32] ••• gusis (chesnut) starts turn
[00:04:49.04] ••• gusis (chesnut) fires Shotgun
[00:04:59.02] ••• gusis (chesnut) fires Shotgun
[00:05:03.18] ••• gusis (chesnut) ends turn; time used: 10.58 sec turn, 3.00 sec retreat
[00:05:09.10] ••• Damage dealt: 49 to Armageddons (Seven)
[00:05:09.10] ••• Armageddons (Seven) starts turn
[00:05:26.12] ••• Armageddons (Seven) fires Select Worm
[00:05:29.70] ••• Armageddons (Seven) fires Ninja Rope
[00:05:50.50] ••• Armageddons (Seven) fires Shotgun
[00:05:54.98] [Seven] la concha de tu madre
[00:05:59.10] ••• Armageddons (Seven) fires Shotgun
[00:06:03.26] ••• Armageddons (Seven) ends turn; time used: 39.30 sec turn, 3.00 sec retreat
[00:06:03.68] [Seven] La concha de tu madre all boys
[00:06:07.68] ••• Damage dealt: 68 to gusis (chesnut)
[00:06:07.68] ••• gusis (chesnut) starts turn
[00:06:08.20] [chesnut] xD
[00:06:08.52] [Seven] la concha de tu madre all boys
[00:06:11.74] [chesnut] jajaja
[00:06:20.00] [chesnut] estás como el viejo de riber
[00:06:32.82] ••• gusis (chesnut) fires Mine
[00:06:38.00] ••• gusis (chesnut) ends turn; time used: 20.14 sec turn, 5.00 sec retreat
[00:06:46.24] ••• Damage dealt: 64 to Armageddons (Seven)
[00:06:46.24] ••• Armageddons (Seven) starts turn
[00:06:59.52] [Seven] no vi che
[00:07:02.12] [Seven] taba meando
[00:07:08.08] [Seven] quien esta al lado de gusiete
[00:07:12.60] [chesnut] uno tuyo
[00:07:16.10] [chesnut] el que estaba arriba
[00:07:27.74] ••• Armageddons (Seven) fires Uzi
[00:07:31.94] ••• Armageddons (Seven) ends turn; time used: 36.50 sec turn, 3.00 sec retreat
[00:07:32.86] [Seven] Okis
[00:07:36.36] ••• Damage dealt: 50 to gusis (chesnut)
[00:07:36.36] ••• gusis (chesnut) starts turn
[00:07:41.86] ••• gusis (chesnut) fires Blow Torch
[00:07:48.00] [Seven] Hace mucho arrancaste a jugar al worms?
[00:07:48.48] ••• gusis (chesnut) ends turn; time used: 3.62 sec turn, 3.00 sec retreat
[00:07:52.50] ••• Armageddons (Seven) starts turn
[00:07:56.56] [chesnut] hace mucho empecé, hace mucho dejé, y así
[00:08:07.56] [chesnut] cada par de años vuelvo
[00:08:08.70] [Seven] claro
[00:08:10.88] [chesnut] y me voy
[00:08:31.54] ••• Armageddons (Seven) fires Bazooka
[00:08:36.14] ••• Armageddons (Seven) ends turn; time used: 37.58 sec turn, 3.00 sec retreat
[00:08:45.50] ••• Damage dealt: 43 (1 kill) to gusis (chesnut)
[00:08:45.50] ••• gusis (chesnut) starts turn
[00:08:48.04] [Seven] Coqueteas con otros juegos?
[00:08:57.44] [chesnut] cada tanto si
[00:09:05.28] [Seven] Seducis al worms y luego lo abandonas
[00:09:07.24] ••• gusis (chesnut) fires Grenade (5 sec, min bounce)
[00:09:12.48] ••• gusis (chesnut) ends turn; time used: 21.28 sec turn, 3.00 sec retreat
[00:09:19.14] ••• Damage dealt: 26 (1 kill) to Armageddons (Seven)
[00:09:19.14] ••• Armageddons (Seven) starts turn
[00:09:19.16] [chesnut] es el noviazgo entr exes
[00:09:37.02] [chesnut] igual ahora el de repuesto es el witcher y mia mor principal el worms
[00:09:48.28] ••• Armageddons (Seven) fires Grenade (2 sec, min bounce)
[00:09:51.96] ••• Armageddons (Seven) ends turn; time used: 25.78 sec turn, 3.00 sec retreat
[00:10:00.42] ••• Damage dealt: 14 to gusis (chesnut)
[00:10:00.42] ••• gusis (chesnut) starts turn
[00:10:07.06] [Seven] yo de juegos muy poco. Cual es el witcher?
[00:10:10.10] [Seven] uno de plataformas?
[00:10:13.38] [chesnut] un rpg
[00:10:17.56] ••• gusis (chesnut) fires Flame Thrower
[00:10:18.24] [Seven] ahh
[00:10:25.04] ••• gusis (chesnut) ends turn; time used: 16.84 sec turn, 3.00 sec retreat
[00:10:40.14] ••• Damage dealt: 14 (1 kill) to gusis (chesnut), 77 (1 kill) to Armageddons (Seven)
[00:10:40.14] ••• Armageddons (Seven) starts turn
[00:11:11.02] ••• Armageddons (Seven) fires Cluster Bomb (5 sec, min bounce)
[00:11:16.12] ••• Armageddons (Seven) loses turn due to loss of control; time used: 30.04 sec turn, 3.00 sec retreat
[00:11:16.66] [Seven] naaa
[00:11:19.18] [chesnut] jajaja
[00:11:19.82] [Seven] todo mal la puta madre
[00:11:24.58] [chesnut] se escapó
[00:11:25.48] ••• Damage dealt: 48 to gusis (chesnut), 9 (1 kill) to Armageddons (Seven)
[00:11:25.48] ••• gusis (chesnut) starts turn
[00:11:31.48] [Seven] POr eso no me cabe el normal
[00:11:35.84] ••• gusis (chesnut) uses Bungee
[00:11:41.88] [Seven] le erras un turno y ya te queres matar
[00:11:51.48] [chesnut] vos le venis errando todos xD
[00:11:56.44] ••• gusis (chesnut) fires Bazooka
[00:11:58.52] [Seven] jajajajaj
[00:12:01.04] ••• gusis (chesnut) ends turn; time used: 29.44 sec turn, 3.00 sec retreat
[00:12:03.96] ••• Damage dealt: 46 to Armageddons (Seven)
[00:12:03.96] ••• Armageddons (Seven) starts turn
[00:12:15.80] [Seven] Claro, pero por suerte venia safando, o sea, no me estabas aprovechando del todo los fails
[00:12:21.66] [Seven] pero a partir de este si ya me cabe errar
[00:12:26.66] ••• Armageddons (Seven) fires Cluster Bomb (5 sec, min bounce)
[00:12:31.78] ••• Armageddons (Seven) ends turn; time used: 17.70 sec turn, 3.00 sec retreat
[00:12:35.76] ••• Damage dealt: 25 to gusis (chesnut)
[00:12:35.76] ••• gusis (chesnut) starts turn
[00:13:19.64] ••• gusis (chesnut) fires Pneumatic Drill
[00:13:20.74] ••• gusis (chesnut) ends turn; time used: 40.34 sec turn, 0.02 sec retreat
[00:13:24.32] ••• Damage dealt: 15 to Armageddons (Seven)
[00:13:24.32] ••• Armageddons (Seven) starts turn
[00:13:40.32] ••• Armageddons (Seven) fires Uzi
[00:13:44.52] ••• Armageddons (Seven) ends turn; time used: 14.10 sec turn, 3.00 sec retreat
[00:13:53.88] ••• Damage dealt: 45 (1 kill) to gusis (chesnut)
[00:13:53.88] ••• gusis (chesnut) starts turn
[00:14:13.56] ••• gusis (chesnut) loses turn due to loss of control; time used: 19.68 sec turn, 0.00 sec retreat
[00:14:16.72] [chesnut] puta
[00:14:18.44] ••• Damage dealt: 10 to gusis (chesnut)
[00:14:18.44] ••• Armageddons (Seven) starts turn
[00:14:45.06] ••• Armageddons (Seven) fires Ninja Rope
[00:14:47.96] ••• Armageddons (Seven) fires Mad Cow (herd of 1)
[00:14:49.10] [chesnut] COW
[00:14:52.98] ••• Armageddons (Seven) ends turn; time used: 27.84 sec turn, 5.00 sec retreat
[00:14:55.86] ••• Damage dealt: 83 to gusis (chesnut)
[00:14:55.86] ••• gusis (chesnut) starts turn
[00:14:57.16] [Seven] i will skip
[00:15:04.92] [Seven] ehh, tenia que morir
[00:15:09.90] [Seven] ni una me sale
[00:15:15.46] [chesnut] la vaca no saca 65 en plano
[00:15:24.12] [Seven] 62?
[00:15:27.78] [chesnut] 61
[00:15:33.84] ••• gusis (chesnut) fires Petrol Bomb
[00:15:34.78] [Seven] Estas segura?
[00:15:38.14] ••• gusis (chesnut) ends turn; time used: 36.64 sec turn, 3.00 sec retreat
[00:15:42.76] ••• Damage dealt: 45 to Armageddons (Seven)
[00:15:42.76] ••• Armageddons (Seven) starts turn
[00:15:42.78] [chesnut] sí, recién lo vimos
[00:15:51.32] ••• Armageddons (Seven) fires Shotgun
[00:16:05.84] ••• Armageddons (Seven) fires Shotgun
[00:16:10.00] ••• Armageddons (Seven) ends turn; time used: 15.64 sec turn, 3.00 sec retreat
[00:16:15.62] ••• Damage dealt: 55 (1 kill) to gusis (chesnut)
[00:16:15.62] ••• gusis (chesnut) starts turn
[00:16:23.32] ••• gusis (chesnut) fires Grenade (5 sec, min bounce)
[00:16:24.70] [Seven] che
[00:16:28.46] [Seven] ya usaste los change worms?
[00:16:29.50] ••• gusis (chesnut) ends turn; time used: 7.38 sec turn, 3.00 sec retreat
[00:16:31.60] [Seven] pense que los tenias todos
[00:16:33.96] [Seven] lindo tirito
[00:16:36.94] [chesnut] :D
[00:16:43.20] ••• Damage dealt: 34 (1 kill) to gusis (chesnut), 44 (1 kill) to Armageddons (Seven)
[00:16:43.20] ••• Armageddons (Seven) starts turn
[00:16:55.74] ••• Armageddons (Seven) fires Ninja Rope
[00:17:19.06] ••• Armageddons (Seven) fires Shotgun
[00:17:36.28] ••• Armageddons (Seven) fires Shotgun
[00:17:40.44] ••• Armageddons (Seven) ends turn; time used: 41.10 sec turn, 3.00 sec retreat
[00:17:49.46] ••• Damage dealt: 7 (2 kills) to gusis (chesnut)
[00:17:49.46] ••• gusis (chesnut) starts turn
[00:17:51.24] [Seven] gg
[00:18:09.62] ••• gusis (chesnut) fires Low Gravity
[00:18:19.70] ••• gusis (chesnut) fires Jet Pack
[00:18:24.02] ••• gusis (chesnut) used 30 units of Jet Pack fuel
[00:18:35.36] ••• gusis (chesnut) ends turn; time used: 45.00 sec turn, 0.00 sec retreat
[00:18:37.38] ••• Armageddons (Seven) starts turn
[00:18:37.40] [chesnut] puta
[00:18:38.34] [Seven] naaaa
[00:18:40.38] [Seven] que hiciste man
[00:18:44.46] [Seven] tenias que usar el jetpack de una
[00:18:49.46] ••• Armageddons (Seven) fires Ninja Rope
[00:18:53.12] [chesnut] ya sé, la manquié
[00:19:07.42] ••• Armageddons (Seven) fires Jet Pack
[00:19:13.92] ••• Armageddons (Seven) used 30 units of Jet Pack fuel
[00:19:19.62] ••• Armageddons (Seven) fires Dynamite
[00:19:24.80] ••• Armageddons (Seven) ends turn; time used: 36.52 sec turn, 5.00 sec retreat
[00:19:28.28] [chesnut] gg
[00:19:30.90] [Seven] gg
[00:19:34.76] *** Round Finish acknowledged by Seven
[00:19:36.80] ••• Damage dealt: 42 (1 kill) to gusis (chesnut)
[00:19:36.82] ••• Game Ends - Round Finished
[00:19:36.82] *** Round Finish acknowledged by chesnut
[00:19:37.40] [Seven] pinto rankear

Team time totals:
gusis (chesnut):     Turn: 00:05:30.54, Retreat: 00:00:35.88, Total: 00:06:06.42, Turn count: 14
Armageddons (Seven): Turn: 00:07:09.50, Retreat: 00:00:43.02, Total: 00:07:52.52, Turn count: 15

Total Jet Pack fuel used: 60

End of round 1

Round time: 0:19:36
Total game time elapsed: 0:19:36

Armageddons wins the round.

Worm of the round: Radio Active (Armageddons)
Most damage with one shot: 197 - gusados (gusis)
