Game ID: "12310945"
Game Started at 2021-02-08 11:15:16 GMT
Game Engine Version: 3.8.1
File Format Version: 3.7.3.0 - 3.8.1
Exported with Version: 3.8.1 (Steam)

Red:  "NNNxDario" as "algunos" [Local Player] [Host]
Blue: "Rasi9nin"  as "Sentai"

[00:00:00.00] ••• algunos (NNNxDario) starts turn
[00:00:05.18] [NNNxDario] hf
[00:00:23.00] ••• algunos (NNNxDario) fires Shotgun
[00:00:49.72] ••• algunos (NNNxDario) fires Shotgun
[00:00:53.88] ••• algunos (NNNxDario) ends turn; time used: 25.16 sec turn, 3.00 sec retreat
[00:00:59.10] ••• Damage dealt: 90 (1 kill) to Sentai (Rasi9nin)
[00:00:59.10] ••• Sentai (Rasi9nin) starts turn
[00:01:10.28] ••• Sentai (Rasi9nin) fires Select Worm
[00:01:21.26] ••• Sentai (Rasi9nin) fires Ninja Rope
[00:01:25.60] ••• Sentai (Rasi9nin) fires Ninja Rope
[00:01:36.46] ••• Sentai (Rasi9nin) fires Shotgun
[00:01:55.28] ••• Sentai (Rasi9nin) fires Shotgun
[00:01:56.20] ••• Sentai (Rasi9nin) loses turn due to loss of control; time used: 44.20 sec turn, 0.00 sec retreat
[00:02:05.64] ••• Damage dealt: 100 to algunos (NNNxDario), 14 to Sentai (Rasi9nin)
[00:02:05.64] ••• algunos (NNNxDario) starts turn
[00:02:08.84] ••• algunos (NNNxDario) fires Select Worm
[00:02:40.08] ••• algunos (NNNxDario) fires Blow Torch
[00:02:48.12] ••• algunos (NNNxDario) ends turn; time used: 32.58 sec turn, 3.00 sec retreat
[00:02:52.54] ••• Damage dealt: 45 to Sentai (Rasi9nin)
[00:02:52.54] ••• Sentai (Rasi9nin) starts turn
[00:02:54.72] ••• Sentai (Rasi9nin) fires Select Worm
[00:02:59.22] ••• Sentai (Rasi9nin) uses Bungee
[00:03:08.76] ••• Sentai (Rasi9nin) fires Ninja Rope
[00:03:22.02] ••• Sentai (Rasi9nin) fires Ninja Rope
[00:03:26.86] ••• Sentai (Rasi9nin) uses Parachute
[00:03:42.04] ••• Sentai (Rasi9nin) fires Mine
[00:03:47.22] ••• Sentai (Rasi9nin) ends turn; time used: 44.46 sec turn, 5.00 sec retreat
[00:03:56.06] ••• Damage dealt: 137 (1 kill) to algunos (NNNxDario), 8 to Sentai (Rasi9nin)
[00:03:56.06] ••• algunos (NNNxDario) starts turn
[00:04:22.22] ••• algunos (NNNxDario) fires Dynamite
[00:04:27.40] ••• algunos (NNNxDario) ends turn; time used: 25.48 sec turn, 5.00 sec retreat
[00:04:35.08] ••• Damage dealt: 82 (1 kill) to Sentai (Rasi9nin)
[00:04:35.08] ••• Sentai (Rasi9nin) starts turn
[00:05:18.58] ••• Sentai (Rasi9nin) fires Grenade (5 sec, min bounce)
[00:05:23.76] ••• Sentai (Rasi9nin) loses turn due to loss of control; time used: 38.50 sec turn, 3.00 sec retreat
[00:05:31.78] ••• Damage dealt: 47 to algunos (NNNxDario), 5 to Sentai (Rasi9nin)
[00:05:31.78] ••• algunos (NNNxDario) starts turn
[00:05:49.06] ••• algunos (NNNxDario) fires Ninja Rope
[00:06:16.22] ••• algunos (NNNxDario) fires Skunk
[00:06:21.86] ••• algunos (NNNxDario) loses turn due to loss of control; time used: 43.50 sec turn, 3.00 sec retreat
[00:06:30.86] ••• Damage dealt: 25 to algunos (NNNxDario), 33 to Sentai (Rasi9nin)
[00:06:30.86] ••• Sentai (Rasi9nin) starts turn
[00:06:36.20] ••• Sentai (Rasi9nin) fires Grenade (3 sec, min bounce)
[00:06:39.78] ••• Sentai (Rasi9nin) ends turn; time used: 1.70 sec turn, 3.00 sec retreat
[00:06:48.90] ••• Damage dealt: 83 (2 kills) to algunos (NNNxDario)
[00:06:48.90] ••• algunos (NNNxDario) starts turn
[00:07:03.26] ••• algunos (NNNxDario) fires Girder
[00:07:06.34] ••• algunos (NNNxDario) ends turn; time used: 9.36 sec turn, 3.00 sec retreat
[00:07:10.44] ••• Sentai (Rasi9nin) starts turn
[00:07:52.22] ••• Sentai (Rasi9nin) fires Blow Torch
[00:08:00.26] ••• Sentai (Rasi9nin) ends turn; time used: 36.78 sec turn, 3.00 sec retreat
[00:08:04.70] ••• algunos (NNNxDario) starts turn
[00:08:08.12] ••• algunos (NNNxDario) fires Select Worm
[00:08:30.60] ••• algunos (NNNxDario) fires Ninja Rope
[00:08:47.86] ••• algunos (NNNxDario) fires Holy Hand-Grenade
[00:08:52.76] ••• algunos (NNNxDario) loses turn due to loss of control; time used: 39.66 sec turn, 3.00 sec retreat
[00:09:04.26] ••• Damage dealt: 40 to algunos (NNNxDario), 154 to Sentai (Rasi9nin)
[00:09:04.26] ••• Sentai (Rasi9nin) starts turn
[00:09:18.90] ••• Sentai (Rasi9nin) fires Select Worm
[00:09:53.98] ••• Sentai (Rasi9nin) fires Sheep
[00:09:57.00] ••• Sentai (Rasi9nin) ends turn; time used: 44.66 sec turn, 3.00 sec retreat
[00:10:05.44] ••• Damage dealt: 52 (1 kill) to algunos (NNNxDario)
[00:10:05.44] ••• algunos (NNNxDario) starts turn
[00:10:31.54] ••• algunos (NNNxDario) fires Ninja Rope
[00:10:44.40] ••• algunos (NNNxDario) fires Sheep
[00:10:50.16] ••• algunos (NNNxDario) ends turn; time used: 38.46 sec turn, 3.00 sec retreat
[00:11:00.02] ••• Damage dealt: 90 (1 kill) to Sentai (Rasi9nin)
[00:11:00.02] ••• Sentai (Rasi9nin) starts turn
[00:11:26.58] ••• Sentai (Rasi9nin) fires Cluster Bomb (5 sec, min bounce)
[00:11:32.02] ••• Sentai (Rasi9nin) ends turn; time used: 21.56 sec turn, 3.00 sec retreat
[00:11:37.84] ••• Damage dealt: 39 to algunos (NNNxDario)
[00:11:37.84] ••• algunos (NNNxDario) starts turn
[00:11:44.16] ••• algunos (NNNxDario) fires Select Worm
[00:11:57.68] ••• algunos (NNNxDario) fires Shotgun
[00:12:16.98] ••• algunos (NNNxDario) fires Shotgun
[00:12:21.14] ••• algunos (NNNxDario) ends turn; time used: 25.20 sec turn, 3.00 sec retreat
[00:12:32.12] ••• Damage dealt: 4 (2 kills) to Sentai (Rasi9nin)
[00:12:32.12] ••• Sentai (Rasi9nin) starts turn
[00:12:58.30] ••• Sentai (Rasi9nin) fires Bazooka
[00:13:02.82] ••• Sentai (Rasi9nin) ends turn; time used: 22.08 sec turn, 3.00 sec retreat
[00:13:11.36] ••• Damage dealt: 2 (1 kill) to algunos (NNNxDario)
[00:13:11.36] ••• algunos (NNNxDario) starts turn
[00:13:24.00] ••• algunos (NNNxDario) fires Ninja Rope
[00:13:50.46] ••• algunos (NNNxDario) fires Shotgun
[00:14:01.80] ••• algunos (NNNxDario) fires Shotgun
[00:14:05.96] ••• algunos (NNNxDario) ends turn; time used: 39.88 sec turn, 3.00 sec retreat
[00:14:10.78] ••• Damage dealt: 47 to Sentai (Rasi9nin)
[00:14:10.78] ••• Sentai (Rasi9nin) starts turn
[00:14:20.68] ••• Sentai (Rasi9nin) fires Uzi
[00:14:24.88] ••• Sentai (Rasi9nin) ends turn; time used: 4.90 sec turn, 3.00 sec retreat
[00:14:34.66] ••• Damage dealt: 15 (1 kill) to algunos (NNNxDario)
[00:14:34.66] ••• algunos (NNNxDario) starts turn
[00:14:42.58] ••• algunos (NNNxDario) fires Ninja Rope
[00:15:05.96] ••• algunos (NNNxDario) fires Shotgun
[00:15:10.64] ••• algunos (NNNxDario) fires Shotgun
[00:15:14.80] ••• algunos (NNNxDario) ends turn; time used: 30.94 sec turn, 3.00 sec retreat
[00:15:25.84] ••• Damage dealt: 43 (1 kill) to Sentai (Rasi9nin)
[00:15:25.84] ••• Sentai (Rasi9nin) starts turn
[00:16:00.30] ••• Sentai (Rasi9nin) fires Girder
[00:16:03.38] ••• Sentai (Rasi9nin) ends turn; time used: 29.46 sec turn, 3.00 sec retreat
[00:16:05.40] ••• algunos (NNNxDario) starts turn
[00:16:23.74] ••• algunos (NNNxDario) fires Blow Torch
[00:16:30.88] ••• algunos (NNNxDario) ends turn; time used: 13.34 sec turn, 3.00 sec retreat
[00:16:34.90] ••• Sentai (Rasi9nin) starts turn
[00:16:37.00] ••• Sentai (Rasi9nin) fires Fire Punch
[00:16:41.42] ••• Sentai (Rasi9nin) ends turn; time used: 0.90 sec turn, 3.00 sec retreat
[00:16:45.36] ••• Damage dealt: 90 (1 kill) to algunos (NNNxDario)
[00:16:45.36] ••• algunos (NNNxDario) starts turn
[00:16:49.46] ••• algunos (NNNxDario) fires Low Gravity
[00:17:05.44] ••• algunos (NNNxDario) fires Longbow
[00:17:28.90] ••• algunos (NNNxDario) fires Longbow
[00:17:31.98] ••• algunos (NNNxDario) ends turn; time used: 40.82 sec turn, 3.00 sec retreat
[00:17:42.70] ••• Damage dealt: 1 to algunos (NNNxDario), 1 (1 kill) to Sentai (Rasi9nin)
[00:17:42.70] ••• Sentai (Rasi9nin) starts turn
[00:18:02.34] ••• Sentai (Rasi9nin) fires Teleport
[00:18:04.82] ••• Sentai (Rasi9nin) ends turn; time used: 14.64 sec turn, 0.02 sec retreat
[00:18:06.84] ••• algunos (NNNxDario) starts turn
[00:18:42.32] ••• algunos (NNNxDario) fires Teleport
[00:18:44.80] ••• algunos (NNNxDario) ends turn; time used: 30.48 sec turn, 0.02 sec retreat
[00:18:46.82] ••• Sentai (Rasi9nin) starts turn
[00:19:22.30] ••• Sentai (Rasi9nin) fires Girder
[00:19:25.38] ••• Sentai (Rasi9nin) ends turn; time used: 30.48 sec turn, 3.00 sec retreat
[00:19:27.40] ••• algunos (NNNxDario) starts turn
[00:19:33.46] ••• algunos (NNNxDario) fires Shotgun
[00:19:35.56] ••• algunos (NNNxDario) fires Shotgun
[00:19:39.72] ••• algunos (NNNxDario) ends turn; time used: 1.06 sec turn, 3.00 sec retreat
[00:19:43.74] ••• Sentai (Rasi9nin) starts turn
[00:19:47.90] ••• Sentai (Rasi9nin) fires Skip Go
[00:19:47.92] ••• Sentai (Rasi9nin) ends turn; time used: 0.08 sec turn, 0.00 sec retreat
[00:19:49.94] ••• algunos (NNNxDario) starts turn
[00:19:50.42] ••• algunos (NNNxDario) fires Shotgun
[00:19:52.52] ••• algunos (NNNxDario) fires Shotgun
[00:19:56.68] ••• algunos (NNNxDario) ends turn; time used: 0.00 sec turn, 3.00 sec retreat
[00:20:00.70] ••• Sentai (Rasi9nin) starts turn
[00:20:05.02] ••• Sentai (Rasi9nin) fires Low Gravity
[00:20:16.10] ••• Sentai (Rasi9nin) fires Skunk
[00:20:28.52] ••• Sentai (Rasi9nin) ends turn; time used: 12.18 sec turn, 3.00 sec retreat
[00:20:34.80] ••• Damage dealt: 5 to algunos (NNNxDario)
[00:20:34.80] ••• algunos (NNNxDario) starts turn
[00:20:35.80] ••• algunos (NNNxDario) fires Shotgun
[00:20:37.90] ••• algunos (NNNxDario) fires Shotgun
[00:20:42.06] ••• algunos (NNNxDario) ends turn; time used: 0.00 sec turn, 3.00 sec retreat
[00:20:48.16] ••• Sentai (Rasi9nin) starts turn
[00:20:58.12] ••• Sentai (Rasi9nin) fires Skip Go
[00:20:58.14] ••• Sentai (Rasi9nin) ends turn; time used: 9.02 sec turn, 0.00 sec retreat
[00:21:02.24] ••• algunos (NNNxDario) starts turn
[00:21:02.64] ••• algunos (NNNxDario) fires Shotgun
[00:21:04.74] ••• algunos (NNNxDario) fires Shotgun
[00:21:08.90] ••• algunos (NNNxDario) ends turn; time used: 0.00 sec turn, 3.00 sec retreat
[00:21:15.00] ••• Sentai (Rasi9nin) starts turn
[00:21:20.66] ••• Sentai (Rasi9nin) fires Girder
[00:21:23.74] ••• Sentai (Rasi9nin) ends turn; time used: 4.08 sec turn, 3.00 sec retreat
[00:21:27.84] ••• algunos (NNNxDario) starts turn
[00:21:30.32] ••• algunos (NNNxDario) fires Shotgun
[00:21:35.54] ••• algunos (NNNxDario) fires Shotgun
[00:21:39.70] ••• algunos (NNNxDario) ends turn; time used: 5.58 sec turn, 3.00 sec retreat
[00:21:45.80] ••• Sentai (Rasi9nin) starts turn
[00:21:54.36] ••• Sentai (Rasi9nin) fires Skip Go
[00:21:54.38] ••• Sentai (Rasi9nin) ends turn; time used: 7.84 sec turn, 0.00 sec retreat
[00:21:58.48] ••• algunos (NNNxDario) starts turn
[00:22:00.78] ••• algunos (NNNxDario) fires Blow Torch
[00:22:07.38] ••• algunos (NNNxDario) ends turn; time used: 1.84 sec turn, 3.00 sec retreat
[00:22:13.48] ••• Sentai (Rasi9nin) starts turn
[00:22:17.48] ••• Sentai (Rasi9nin) fires Skip Go
[00:22:17.50] ••• Sentai (Rasi9nin) ends turn; time used: 0.12 sec turn, 0.00 sec retreat
[00:22:21.60] ••• algunos (NNNxDario) starts turn
[00:22:26.36] ••• algunos (NNNxDario) fires Shotgun
[00:22:28.46] ••• algunos (NNNxDario) fires Shotgun
[00:22:32.62] ••• algunos (NNNxDario) ends turn; time used: 3.66 sec turn, 3.00 sec retreat
[00:22:38.72] ••• Sentai (Rasi9nin) starts turn
[00:22:49.10] ••• Sentai (Rasi9nin) fires Skip Go
[00:22:49.12] ••• Sentai (Rasi9nin) ends turn; time used: 5.38 sec turn, 0.00 sec retreat
[00:22:53.22] ••• algunos (NNNxDario) starts turn
[00:22:57.30] ••• algunos (NNNxDario) fires Shotgun
[00:23:00.04] ••• algunos (NNNxDario) fires Shotgun
[00:23:04.20] ••• algunos (NNNxDario) ends turn; time used: 1.94 sec turn, 3.00 sec retreat
[00:23:10.64] ••• Sentai (Rasi9nin) starts turn
[00:23:11.36] ••• Sentai (Rasi9nin) fires Skip Go
[00:23:11.38] ••• Sentai (Rasi9nin) ends turn; time used: 0.12 sec turn, 0.00 sec retreat
[00:23:15.48] ••• algunos (NNNxDario) starts turn
[00:23:55.68] ••• algunos (NNNxDario) fires Shotgun
[00:24:07.04] ••• algunos (NNNxDario) fires Shotgun
[00:24:11.20] ••• algunos (NNNxDario) ends turn; time used: 44.46 sec turn, 3.00 sec retreat
[00:24:17.30] ••• Sentai (Rasi9nin) starts turn
[00:24:24.10] ••• Sentai (Rasi9nin) fires Shotgun
[00:24:30.12] ••• Sentai (Rasi9nin) fires Shotgun
[00:24:34.28] ••• Sentai (Rasi9nin) ends turn; time used: 8.22 sec turn, 3.00 sec retreat
[00:24:40.38] ••• algunos (NNNxDario) starts turn
[00:24:56.62] ••• algunos (NNNxDario) fires Petrol Bomb
[00:25:01.32] ••• algunos (NNNxDario) ends turn; time used: 13.20 sec turn, 3.00 sec retreat
[00:25:05.72] ••• Damage dealt: 5 to Sentai (Rasi9nin)
[00:25:05.72] ••• Sentai (Rasi9nin) starts turn
[00:25:40.98] ••• Sentai (Rasi9nin) fires Shotgun
[00:25:53.58] ••• Sentai (Rasi9nin) fires Shotgun
[00:25:57.74] ••• Sentai (Rasi9nin) ends turn; time used: 40.76 sec turn, 3.00 sec retreat
[00:26:03.84] ••• algunos (NNNxDario) starts turn
[00:26:41.50] ••• algunos (NNNxDario) fires Girder
[00:26:44.58] ••• algunos (NNNxDario) ends turn; time used: 32.66 sec turn, 3.00 sec retreat
[00:26:48.68] ••• Sudden Death
[00:26:58.68] ••• Sentai (Rasi9nin) starts turn
[00:27:14.52] ••• Sentai (Rasi9nin) fires Shotgun
[00:27:19.38] [NNNxDario] gg
[00:27:34.86] ••• Sentai (Rasi9nin) fires Shotgun
[00:27:38.30] [Rasi9nin] gg
[00:27:39.02] ••• Sentai (Rasi9nin) ends turn; time used: 29.08 sec turn, 3.00 sec retreat
[00:27:44.30] ••• algunos (NNNxDario) starts turn
[00:27:45.70] ••• algunos (NNNxDario) uses Bungee
[00:27:52.88] ••• algunos (NNNxDario) fires Shotgun
[00:27:55.46] ••• algunos (NNNxDario) ends turn; time used: 8.18 sec turn, 0.00 sec retreat
[00:28:09.68] ••• Damage dealt: 1 (1 kill) to Sentai (Rasi9nin)
[00:28:09.70] ••• Game Ends - Round Finished
[00:28:09.70] *** Round Finish acknowledged by NNNxDario
[00:28:12.02] *** Round Finish acknowledged by Rasi9nin

Team time totals:
algunos (NNNxDario): Turn: 00:08:27.44, Retreat: 00:01:11.02, Total: 00:09:38.46, Turn count: 25
Sentai (Rasi9nin):   Turn: 00:07:31.20, Retreat: 00:00:50.02, Total: 00:08:21.22, Turn count: 24

End of round 1

Round time: 0:28:09
Total game time elapsed: 0:28:09

algunos wins the round.

Worm of the round: Seventies Man (Sentai)
Most kills with one shot: 2 - Bagpuss (Sentai)
Most damage with one shot: 194 - nunca (algunos)
