Game ID: "12316872"
Game Started at 2021-02-10 16:02:11 GMT
Game Engine Version: 3.8
File Format Version: 3.7.3.0 - 3.8.1
Exported with Version: 3.8.1 (Steam)

Red:       "FizerX" as "The Champs"
Green:     "Alpha"  as "Commando"
Spectator: "NNNxDario" [Local] [Host]
Spectator: "Highenergy"

[00:00:00.00] ••• The Champs (FizerX) starts turn
[00:00:00.02] [NNNxDario] gl guys
[00:00:02.38] [NNNxDario] may the best worm win
[00:00:03.04] *** Highenergy is quitting
[00:00:04.08] *** Highenergy is quitting
[00:00:05.22] *** Highenergy is disconnecting due to quitting
[00:00:05.72] *** Highenergy disconnected due to quitting
[00:00:06.74] [Alpha] gl
[00:00:24.70] ••• The Champs (FizerX) fires Baseball Bat
[00:00:28.28] ••• The Champs (FizerX) ends turn; time used: 19.70 sec turn, 3.00 sec retreat
[00:00:33.30] ••• Damage dealt: 90 (1 kill) to Commando (Alpha)
[00:00:33.30] ••• Commando (Alpha) starts turn
[00:00:41.92] ••• Commando (Alpha) fires Select Worm
[00:00:51.36] ••• Commando (Alpha) fires Ninja Rope
[00:01:16.54] ••• Commando (Alpha) fires Shotgun
[00:01:31.42] ••• Commando (Alpha) fires Shotgun
[00:01:35.58] ••• Commando (Alpha) ends turn; time used: 42.74 sec turn, 3.00 sec retreat
[00:01:49.22] ••• Damage dealt: 179 (1 kill) to The Champs (FizerX), 55 to Commando (Alpha)
[00:01:49.22] ••• The Champs (FizerX) starts turn
[00:02:06.36] ••• The Champs (FizerX) fires Select Worm
[00:02:18.20] ••• The Champs (FizerX) fires Shotgun
[00:02:26.34] ••• The Champs (FizerX) fires Shotgun
[00:02:30.50] ••• The Champs (FizerX) ends turn; time used: 28.28 sec turn, 3.00 sec retreat
[00:02:35.08] ••• Damage dealt: 35 (1 kill) to Commando (Alpha)
[00:02:35.08] ••• Commando (Alpha) starts turn
[00:02:48.72] ••• Commando (Alpha) fires Ninja Rope
[00:03:03.20] ••• Commando (Alpha) fires Low Gravity
[00:03:08.16] ••• Commando (Alpha) fires Baseball Bat
[00:03:11.74] ••• Commando (Alpha) ends turn; time used: 29.72 sec turn, 3.00 sec retreat
[00:03:19.28] ••• Damage dealt: 180 (2 kills) to The Champs (FizerX)
[00:03:19.28] ••• The Champs (FizerX) starts turn
[00:03:32.86] ••• The Champs (FizerX) fires Ninja Rope
[00:03:37.94] ••• The Champs (FizerX) fires Ninja Rope
[00:03:38.82] ••• The Champs (FizerX) fires Ninja Rope
[00:03:39.88] ••• The Champs (FizerX) fires Ninja Rope
[00:03:51.04] ••• The Champs (FizerX) fires Ninja Rope
[00:03:55.94] ••• The Champs (FizerX) fires Ninja Rope
[00:04:03.02] Alpha..NNNxDario: how are replays sent to the link?
[00:04:08.96] ••• The Champs (FizerX) fires Mine
[00:04:14.14] ••• The Champs (FizerX) ends turn; time used: 44.30 sec turn, 5.00 sec retreat
[00:04:21.60] ••• Damage dealt: 41 to The Champs (FizerX), 52 to Commando (Alpha)
[00:04:21.60] ••• Commando (Alpha) starts turn
[00:04:28.92] NNNxDario..Alpha: open the page, you can upload via google forms or discord, there is a link in the page
[00:04:31.56] ••• Commando (Alpha) fires Select Worm
[00:04:45.90] ••• Commando (Alpha) fires Parachute
[00:04:55.58] ••• Commando (Alpha) fires Shotgun
[00:05:10.72] ••• Commando (Alpha) fires Shotgun
[00:05:14.88] ••• Commando (Alpha) ends turn; time used: 40.52 sec turn, 3.00 sec retreat
[00:05:23.24] ••• Damage dealt: 49 (1 kill) to The Champs (FizerX)
[00:05:23.24] ••• The Champs (FizerX) starts turn
[00:05:39.26] [Alpha] yes but how to upload this game for example?
[00:05:43.98] ••• The Champs (FizerX) fires Skunk
[00:05:47.72] [Alpha] its being recorded now
[00:05:50.18] [Alpha] ?
[00:05:55.20] [NNNxDario] all games are always recorded
[00:05:59.02] ••• The Champs (FizerX) ends turn; time used: 15.74 sec turn, 3.00 sec retreat
[00:06:07.04] [NNNxDario] you find them at WA/user/games folder
[00:06:07.04] ••• Damage dealt: 5 to Commando (Alpha)
[00:06:07.04] ••• Commando (Alpha) starts turn
[00:06:39.36] ••• Commando (Alpha) fires Shotgun
[00:06:58.54] ••• Commando (Alpha) fires Shotgun
[00:07:02.70] ••• Commando (Alpha) ends turn; time used: 44.40 sec turn, 3.00 sec retreat
[00:07:02.96] [Alpha] ok
[00:07:08.80] ••• Damage dealt: 25 to The Champs (FizerX)
[00:07:08.80] ••• The Champs (FizerX) starts turn
[00:07:41.20] ••• The Champs (FizerX) fires Bazooka
[00:07:45.80] ••• The Champs (FizerX) ends turn; time used: 30.68 sec turn, 3.00 sec retreat
[00:07:51.90] ••• Damage dealt: 38 to Commando (Alpha)
[00:07:51.90] ••• Commando (Alpha) starts turn
[00:08:16.04] ••• Commando (Alpha) fires Dynamite
[00:08:21.22] ••• Commando (Alpha) ends turn; time used: 19.14 sec turn, 5.00 sec retreat
[00:08:31.16] ••• Damage dealt: 71 to The Champs (FizerX)
[00:08:31.16] ••• The Champs (FizerX) starts turn
[00:08:50.08] ••• The Champs (FizerX) fires Ninja Rope
[00:08:58.52] ••• The Champs (FizerX) fires Dynamite
[00:09:03.54] ••• The Champs (FizerX) ends turn; time used: 25.40 sec turn, 5.00 sec retreat
[00:09:14.08] ••• Damage dealt: 62 to Commando (Alpha)
[00:09:14.08] ••• Commando (Alpha) starts turn
[00:09:30.28] ••• Commando (Alpha) fires Shotgun
[00:09:49.32] ••• Commando (Alpha) fires Shotgun
[00:09:53.48] ••• Commando (Alpha) ends turn; time used: 23.52 sec turn, 3.00 sec retreat
[00:10:00.78] ••• Damage dealt: 1 (1 kill) to The Champs (FizerX)
[00:10:00.78] ••• The Champs (FizerX) starts turn
[00:10:25.28] ••• The Champs (FizerX) fires Bazooka
[00:10:29.54] ••• The Champs (FizerX) ends turn; time used: 19.50 sec turn, 3.00 sec retreat
[00:10:39.16] ••• Damage dealt: 17 to Commando (Alpha)
[00:10:39.16] ••• Commando (Alpha) starts turn
[00:11:00.46] ••• Commando (Alpha) fires Ninja Rope
[00:11:11.18] ••• Commando (Alpha) fires Mad Cow (herd of 2)
[00:11:15.22] ••• Commando (Alpha) ends turn; time used: 27.48 sec turn, 3.00 sec retreat
[00:11:23.38] ••• Damage dealt: 77 (1 kill) to The Champs (FizerX), 28 (1 kill) to Commando (Alpha)
[00:11:23.38] ••• The Champs (FizerX) starts turn
[00:11:51.44] ••• The Champs (FizerX) fires Air Strike
[00:11:54.92] ••• The Champs (FizerX) ends turn; time used: 26.26 sec turn, 3.00 sec retreat
[00:11:58.20] ••• Damage dealt: 23 to Commando (Alpha)
[00:11:58.20] ••• Commando (Alpha) starts turn
[00:12:11.66] ••• Commando (Alpha) fires Air Strike
[00:12:15.14] ••• Commando (Alpha) ends turn; time used: 8.46 sec turn, 3.00 sec retreat
[00:12:25.40] ••• Damage dealt: 7 (1 kill) to The Champs (FizerX)
[00:12:25.40] ••• The Champs (FizerX) starts turn
[00:12:37.08] ••• The Champs (FizerX) fires Napalm Strike
[00:12:40.56] ••• The Champs (FizerX) ends turn; time used: 8.94 sec turn, 3.00 sec retreat
[00:12:51.34] ••• Damage dealt: 33 to Commando (Alpha)
[00:12:51.34] ••• Commando (Alpha) starts turn
[00:12:57.86] ••• Commando (Alpha) fires Napalm Strike
[00:13:01.34] ••• Commando (Alpha) ends turn; time used: 4.24 sec turn, 3.00 sec retreat
[00:13:11.12] ••• Damage dealt: 56 to The Champs (FizerX)
[00:13:11.12] ••• The Champs (FizerX) starts turn
[00:13:22.10] ••• The Champs (FizerX) fires Bazooka
[00:13:26.70] ••• The Champs (FizerX) ends turn; time used: 5.98 sec turn, 3.00 sec retreat
[00:13:36.06] ••• Damage dealt: 32 (1 kill) to Commando (Alpha)
[00:13:36.06] ••• Commando (Alpha) starts turn
[00:13:38.44] ••• Commando (Alpha) fires Jet Pack
[00:13:46.52] ••• Commando (Alpha) used 30 units of Jet Pack fuel
[00:13:49.38] ••• Commando (Alpha) fires Shotgun
[00:13:55.22] ••• Commando (Alpha) fires Shotgun
[00:13:57.64] [Alpha] gg
[00:13:57.92] ••• Commando (Alpha) ends turn; time used: 11.24 sec turn, 1.56 sec retreat
[00:13:59.00] [NNNxDario] gg
[00:14:10.12] *** Round Finish acknowledged by Alpha
[00:14:12.12] ••• Damage dealt: 34 (1 kill) to The Champs (FizerX)
[00:14:12.14] ••• Game Ends - Round Finished
[00:14:12.14] *** Round Finish acknowledged by NNNxDario
[00:14:12.58] *** Round Finish acknowledged by FizerX

Team time totals:
The Champs (FizerX): Turn: 00:03:44.78, Retreat: 00:00:34.00, Total: 00:04:18.78, Turn count: 10
Commando (Alpha):    Turn: 00:04:11.46, Retreat: 00:00:30.56, Total: 00:04:42.02, Turn count: 10

Total Jet Pack fuel used: 30

End of round 1

Round time: 0:14:12
Total game time elapsed: 0:14:12

Commando wins the round.

Worm of the round: 5 (Commando)
Most damage with one shot: 180 - 5 (Commando)
