Game ID: "12344714"
Game Started at 2021-02-19 16:35:27 GMT
Game Engine Version: 3.8
File Format Version: 3.7.3.0 - 3.8.1
Exported with Version: 3.8.1 (Steam)

Red:       "Veals"  as "Veals" [Local Player] [Host]
Blue:      "Vojske" as "Mr.Spoon"
Spectator: "MrPerdunok"

[00:00:00.00] ••• Veals (Veals) starts turn
[00:00:16.86] ••• Veals (Veals) fires Select Worm
[00:00:29.80] ••• Veals (Veals) fires Ninja Rope
[00:00:46.30] ••• Veals (Veals) fires Dragon Ball
[00:00:49.78] ••• Veals (Veals) loses turn due to loss of control; time used: 41.20 sec turn, 1.96 sec retreat
[00:00:55.72] ••• Damage dealt: 13 to Veals (Veals), 90 (1 kill) to Mr.Spoon (Vojske)
[00:00:55.72] ••• Mr.Spoon (Vojske) starts turn
[00:01:03.94] ••• Mr.Spoon (Vojske) fires Select Worm
[00:01:12.36] ••• Mr.Spoon (Vojske) fires Ninja Rope
[00:01:34.64] ••• Mr.Spoon (Vojske) fires Baseball Bat
[00:01:38.22] ••• Mr.Spoon (Vojske) ends turn; time used: 37.36 sec turn, 3.00 sec retreat
[00:01:40.98] ••• Damage dealt: 35 to Veals (Veals)
[00:01:40.98] ••• Veals (Veals) starts turn
[00:01:45.52] [MrPerdunok] bl
[00:02:13.40] ••• Veals (Veals) fires Select Worm
[00:02:28.30] ••• Veals (Veals) fires Baseball Bat
[00:02:31.88] ••• Veals (Veals) ends turn; time used: 42.26 sec turn, 3.00 sec retreat
[00:02:36.54] ••• Damage dealt: 90 (1 kill) to Mr.Spoon (Vojske)
[00:02:36.54] ••• Mr.Spoon (Vojske) starts turn
[00:02:39.02] ••• Mr.Spoon (Vojske) fires Select Worm
[00:02:47.68] ••• Mr.Spoon (Vojske) fires Ninja Rope
[00:02:58.28] [Vojske] ...
[00:03:11.90] Veals..MrPerdunok: o? ?e?? ?a???ae? ?ec???)
[00:03:21.32] ••• Mr.Spoon (Vojske) fires Sheep
[00:03:22.72] ••• Mr.Spoon (Vojske) loses turn due to loss of control; time used: 43.58 sec turn, 1.38 sec retreat
[00:03:32.42] ••• Damage dealt: 68 to Veals (Veals), 6 to Mr.Spoon (Vojske)
[00:03:32.42] ••• Veals (Veals) starts turn
[00:03:35.64] MrPerdunok..Veals: o? o?ace? ?cë pa??o
[00:03:58.14] ••• Veals (Veals) fires Dynamite
[00:04:03.18] ••• Veals (Veals) loses turn due to loss of control; time used: 20.72 sec turn, 4.86 sec retreat
[00:04:14.96] ••• Damage dealt: 18 to Veals (Veals), 100 (1 kill) to Mr.Spoon (Vojske)
[00:04:14.96] ••• Mr.Spoon (Vojske) starts turn
[00:04:45.06] ••• Mr.Spoon (Vojske) fires Petrol Bomb
[00:04:49.42] ••• Mr.Spoon (Vojske) ends turn; time used: 27.66 sec turn, 3.00 sec retreat
[00:04:54.84] ••• Damage dealt: 18 to Veals (Veals)
[00:04:54.84] ••• Veals (Veals) starts turn
[00:04:58.06] ••• Veals (Veals) fires Low Gravity
[00:05:03.06] ••• Veals (Veals) fires Shotgun
[00:05:15.30] ••• Veals (Veals) fires Shotgun
[00:05:19.46] ••• Veals (Veals) ends turn; time used: 16.36 sec turn, 3.00 sec retreat
[00:05:23.88] ••• Damage dealt: 25 to Mr.Spoon (Vojske)
[00:05:23.88] ••• Mr.Spoon (Vojske) starts turn
[00:05:59.82] ••• Mr.Spoon (Vojske) fires Dynamite
[00:06:05.00] ••• Mr.Spoon (Vojske) ends turn; time used: 32.50 sec turn, 5.00 sec retreat
[00:06:13.16] ••• Damage dealt: 72 (1 kill) to Veals (Veals)
[00:06:13.16] ••• Veals (Veals) starts turn
[00:06:14.84] ••• Veals (Veals) fires Jet Pack
[00:06:22.18] ••• Veals (Veals) fires Mine
[00:06:27.18] ••• Veals (Veals) used 30 (19) units of Jet Pack fuel
[00:06:27.20] ••• Veals (Veals) ends turn; time used: 7.50 sec turn, 5.00 sec retreat
[00:06:34.46] [MrPerdunok] ?1
[00:06:37.14] ••• Damage dealt: 1 to Veals (Veals), 90 (1 kill) to Mr.Spoon (Vojske)
[00:06:37.14] ••• Mr.Spoon (Vojske) starts turn
[00:06:51.26] ••• Mr.Spoon (Vojske) fires Jet Pack
[00:07:06.00] ••• Mr.Spoon (Vojske) fires Mad Cow (herd of 2)
[00:07:11.98] ••• Mr.Spoon (Vojske) used 30 (18) units of Jet Pack fuel
[00:07:12.00] ••• Mr.Spoon (Vojske) ends turn; time used: 23.58 sec turn, 5.00 sec retreat
[00:07:21.64] [Vojske] hahah
[00:07:27.24] ••• Damage dealt: 117 (1 kill) to Veals (Veals), 28 to Mr.Spoon (Vojske)
[00:07:27.24] ••• Veals (Veals) starts turn
[00:07:39.46] MrPerdunok..Veals: ?o?e??o
[00:07:41.82] [Vojske] this is over
[00:07:55.22] ••• Veals (Veals) fires Bazooka
[00:07:59.56] ••• Veals (Veals) ends turn; time used: 22.98 sec turn, 3.00 sec retreat
[00:08:03.98] ••• Damage dealt: 81 to Mr.Spoon (Vojske)
[00:08:03.98] ••• Mr.Spoon (Vojske) starts turn
[00:08:06.54] ••• Mr.Spoon (Vojske) fires Select Worm
[00:08:38.52] ••• Mr.Spoon (Vojske) fires Shotgun
[00:08:50.30] ••• Mr.Spoon (Vojske) fires Shotgun
[00:08:54.46] ••• Mr.Spoon (Vojske) ends turn; time used: 38.06 sec turn, 3.00 sec retreat
[00:08:59.68] ••• Damage dealt: 44 (1 kill) to Veals (Veals)
[00:08:59.68] ••• Veals (Veals) starts turn
[00:09:12.98] ••• Veals (Veals) fires Ninja Rope
[00:09:19.32] ••• Veals (Veals) fires Ninja Rope
[00:09:20.34] ••• Veals (Veals) fires Ninja Rope
[00:09:39.08] [MrPerdunok] ???a
[00:09:44.12] ••• Veals (Veals) fires Mad Cow (herd of 1)
[00:09:46.64] ••• Veals (Veals) loses turn due to loss of control; time used: 38.54 sec turn, 1.98 sec retreat
[00:10:00.36] ••• Damage dealt: 29 to Veals (Veals), 65 (1 kill) to Mr.Spoon (Vojske)
[00:10:00.36] ••• Mr.Spoon (Vojske) starts turn
[00:10:02.90] [Vojske] wanna onl after this ?
[00:10:14.90] [Veals] what the onl?
[00:10:15.72] ••• Mr.Spoon (Vojske) fires Ninja Rope
[00:10:33.66] Veals..MrPerdunok: ??o ??o?
[00:10:46.34] ••• Mr.Spoon (Vojske) fires Skunk
[00:10:47.26] [Veals] no, tnx) later maybe
[00:10:57.38] ••• Mr.Spoon (Vojske) loses turn due to loss of control; time used: 42.26 sec turn, 3.00 sec retreat
[00:11:00.96] MrPerdunok..Veals: normalnonoobs
[00:11:01.44] [Vojske] stupid skunk
[00:11:03.64] ••• Damage dealt: 5 to Veals (Veals), 10 to Mr.Spoon (Vojske)
[00:11:03.64] ••• Veals (Veals) starts turn
[00:11:08.76] Veals..MrPerdunok: lol
[00:11:33.50] ••• Veals (Veals) fires Shotgun
[00:12:02.58] ••• Veals (Veals) fires Shotgun
[00:12:06.38] [Vojske] hah
[00:12:06.74] ••• Veals (Veals) ends turn; time used: 43.70 sec turn, 3.00 sec retreat
[00:12:14.04] ••• Damage dealt: 3 (1 kill) to Mr.Spoon (Vojske)
[00:12:14.04] ••• Mr.Spoon (Vojske) starts turn
[00:12:17.84] [Veals] airstrike))
[00:12:18.78] ••• Mr.Spoon (Vojske) fires Napalm Strike
[00:12:20.56] [Veals] i know)
[00:12:22.26] ••• Mr.Spoon (Vojske) ends turn; time used: 3.70 sec turn, 3.00 sec retreat
[00:12:37.28] [Vojske] this is napalm
[00:12:37.34] ••• Damage dealt: 67 (1 kill) to Veals (Veals)
[00:12:37.34] ••• Veals (Veals) starts turn
[00:12:43.36] [Veals] yes
[00:12:47.14] [Veals] napalm too
[00:12:48.98] [Vojske] xd
[00:12:59.70] ••• Veals (Veals) fires Ninja Rope
[00:13:18.08] ••• Veals (Veals) fires Sheep
[00:13:18.24] ••• Veals (Veals) loses turn due to loss of control; time used: 35.60 sec turn, 0.00 sec retreat
[00:13:25.76] [Vojske] wuut
[00:13:28.44] [Vojske] 23
[00:13:32.26] [Vojske] 26
[00:13:35.32] ••• Damage dealt: 42 (1 kill) to Veals (Veals), 90 (1 kill) to Mr.Spoon (Vojske)
[00:13:35.32] ••• Mr.Spoon (Vojske) starts turn
[00:13:40.88] ••• Mr.Spoon (Vojske) fires Ninja Rope
[00:14:18.72] ••• Mr.Spoon (Vojske) fires Low Gravity
[00:14:22.16] ••• Mr.Spoon (Vojske) fires Mine
[00:14:24.48] [Veals] gg
[00:14:27.34] ••• Mr.Spoon (Vojske) ends turn; time used: 43.80 sec turn, 5.00 sec retreat
[00:14:30.28] [Vojske] cu
[00:14:32.22] *** Vojske is quitting
[00:14:34.04] *** Vojske is disconnecting due to quitting
[00:14:34.52] *** Vojske disconnected due to quitting
[00:14:36.60] [Veals] ll
[00:14:38.16] [Veals] lol
[00:14:40.16] ••• Damage dealt: 30 (1 kill) to Veals (Veals)
[00:14:40.16] ••• Veals (Veals) starts turn
[00:14:40.18] *** Mr.Spoon (Vojske) forced out by disconnection due to quitting
[00:14:40.18] ••• Veals (Veals) ends turn; time used: 0.00 sec turn, 0.00 sec retreat
[00:14:47.06] ••• Game Ends - Round Finished
[00:14:47.06] *** Round Finish acknowledged by Veals
[00:14:49.22] *** Round Finish acknowledged by MrPerdunok

Team time totals:
Veals (Veals):     Turn: 00:04:28.86, Retreat: 00:00:25.80, Total: 00:04:54.66, Turn count: 10
Mr.Spoon (Vojske): Turn: 00:04:52.50, Retreat: 00:00:31.38, Total: 00:05:23.88, Turn count: 9

Total Jet Pack fuel used: 60

End of round 2

Round time: 0:14:47
Total game time elapsed: Unknown

Veals wins the match!

Worm of the round: ?ep?? 6 (Veals)

Most damage with one shot: 128 - Two Bit Charlie (Mr.Spoon)
