Game ID: "12322508"
Game Started at 2021-02-12 17:06:58 GMT
Game Engine Version: 3.8.1
File Format Version: 3.7.3.0 - 3.8.1
Exported with Version: 3.8.1 (Steam)

Red:   "NNNxDario" as "algunos" [Local Player] [Host]
Green: "Stoner"    as "Serious Bass"

[00:00:00.00] ••• algunos (NNNxDario) starts turn
[00:00:02.76] [Stoner] hfgl
[00:00:07.56] [NNNxDario] hf :)
[00:00:13.14] ••• algunos (NNNxDario) fires Select Worm
[00:00:18.30] ••• algunos (NNNxDario) fires Ninja Rope
[00:00:21.58] ••• algunos (NNNxDario) fires Low Gravity
[00:00:37.94] [Stoner] uhh buena
[00:00:44.82] [NNNxDario] la cague con la mina
[00:00:48.12] ••• algunos (NNNxDario) fires Longbow
[00:00:51.64] [NNNxDario] y el arco
[00:00:55.86] ••• algunos (NNNxDario) fires Longbow
[00:00:58.94] ••• algunos (NNNxDario) ends turn; time used: 42.74 sec turn, 3.00 sec retreat
[00:01:04.56] ••• Damage dealt: 311 (3 kills) to Serious Bass (Stoner)
[00:01:04.56] ••• Serious Bass (Stoner) starts turn
[00:01:11.22] [NNNxDario] igual depedo no fui yo al agua xD
[00:01:13.06] ••• Serious Bass (Stoner) fires Select Worm
[00:01:16.52] [NNNxDario] yo le di masa y salio
[00:01:28.94] ••• Serious Bass (Stoner) fires Low Gravity
[00:01:37.52] ••• Serious Bass (Stoner) fires Longbow
[00:01:47.72] ••• Serious Bass (Stoner) fires Longbow
[00:01:48.24] ••• Serious Bass (Stoner) loses turn due to loss of control; time used: 35.34 sec turn, 0.44 sec retreat
[00:01:50.14] [Stoner] bah
[00:01:54.10] [NNNxDario] se escaparon
[00:01:59.62] ••• Damage dealt: 78 to algunos (NNNxDario), 3 to Serious Bass (Stoner)
[00:01:59.62] ••• algunos (NNNxDario) starts turn
[00:02:06.58] ••• algunos (NNNxDario) fires Ninja Rope
[00:02:18.82] ••• algunos (NNNxDario) fires Dynamite
[00:02:23.86] ••• algunos (NNNxDario) loses turn due to loss of control; time used: 19.18 sec turn, 4.86 sec retreat
[00:02:29.72] ••• Damage dealt: 17 to algunos (NNNxDario), 118 to Serious Bass (Stoner)
[00:02:29.72] ••• Serious Bass (Stoner) starts turn
[00:02:31.90] ••• Serious Bass (Stoner) fires Select Worm
[00:02:35.30] ••• Serious Bass (Stoner) fires Ninja Rope
[00:03:07.28] ••• Serious Bass (Stoner) fires Blow Torch
[00:03:15.14] ••• Serious Bass (Stoner) ends turn; time used: 33.44 sec turn, 3.00 sec retreat
[00:03:15.72] [NNNxDario] genial la idea
[00:03:20.22] [Stoner] jaja seh
[00:03:20.82] ••• Damage dealt: 90 (1 kill) to algunos (NNNxDario)
[00:03:20.82] ••• algunos (NNNxDario) starts turn
[00:03:30.60] ••• algunos (NNNxDario) fires Select Worm
[00:03:34.76] ••• algunos (NNNxDario) fires Ninja Rope
[00:03:49.90] ••• algunos (NNNxDario) fires Mine
[00:03:55.08] ••• algunos (NNNxDario) ends turn; time used: 23.86 sec turn, 5.00 sec retreat
[00:04:01.08] [NNNxDario] buh
[00:04:02.62] ••• Damage dealt: 6 to algunos (NNNxDario), 94 to Serious Bass (Stoner)
[00:04:02.62] ••• Serious Bass (Stoner) starts turn
[00:04:02.64] [NNNxDario] encima se separaron
[00:04:16.02] ••• Serious Bass (Stoner) fires Shotgun
[00:04:31.44] ••• Serious Bass (Stoner) fires Shotgun
[00:04:35.60] ••• Serious Bass (Stoner) ends turn; time used: 17.46 sec turn, 3.00 sec retreat
[00:04:35.62] [Stoner] hijo de putaaah
[00:04:36.44] [Stoner] xd
[00:04:40.02] ••• Damage dealt: 47 to algunos (NNNxDario)
[00:04:40.02] ••• algunos (NNNxDario) starts turn
[00:05:02.28] ••• algunos (NNNxDario) fires Fire Punch
[00:05:07.08] ••• algunos (NNNxDario) ends turn; time used: 21.86 sec turn, 3.00 sec retreat
[00:05:17.68] ••• Damage dealt: 30 (1 kill) to Serious Bass (Stoner)
[00:05:17.68] ••• Serious Bass (Stoner) starts turn
[00:05:22.64] ••• Serious Bass (Stoner) fires Ninja Rope
[00:05:42.36] ••• Serious Bass (Stoner) fires Shotgun
[00:05:55.46] ••• Serious Bass (Stoner) fires Shotgun
[00:05:59.62] ••• Serious Bass (Stoner) ends turn; time used: 28.04 sec turn, 3.00 sec retreat
[00:05:59.64] [Stoner] mmm
[00:06:02.24] [NNNxDario] cuack
[00:06:13.32] ••• Damage dealt: 66 (1 kill) to algunos (NNNxDario)
[00:06:13.32] ••• algunos (NNNxDario) starts turn
[00:06:27.22] ••• algunos (NNNxDario) fires Jet Pack
[00:06:37.06] ••• algunos (NNNxDario) fires Holy Hand-Grenade
[00:06:39.30] ••• algunos (NNNxDario) used 30 (26) units of Jet Pack fuel
[00:06:42.08] ••• algunos (NNNxDario) ends turn; time used: 23.00 sec turn, 5.00 sec retreat
[00:06:50.32] ••• Damage dealt: 112 (1 kill) to Serious Bass (Stoner)
[00:06:50.32] ••• Serious Bass (Stoner) starts turn
[00:07:01.36] ••• Serious Bass (Stoner) fires Jet Pack
[00:07:08.00] ••• Serious Bass (Stoner) fires Dynamite
[00:07:12.10] ••• Serious Bass (Stoner) used 30 (29) units of Jet Pack fuel
[00:07:12.34] ••• Serious Bass (Stoner) loses turn due to loss of control; time used: 13.00 sec turn, 4.32 sec retreat
[00:07:34.04] ••• Damage dealt: 110 (1 kill) to algunos (NNNxDario), 30 (1 kill) to Serious Bass (Stoner)
[00:07:34.04] ••• algunos (NNNxDario) starts turn
[00:07:34.68] ••• algunos (NNNxDario) fires Select Worm
[00:07:46.72] ••• algunos (NNNxDario) fires Longbow
[00:07:49.90] [NNNxDario] ays
[00:08:03.52] [Stoner] bueno man, gracias por los juegos
[00:08:05.60] [Stoner] tengo que salir
[00:08:05.92] ••• algunos (NNNxDario) fires Longbow
[00:08:07.86] [Stoner] alr ato si estas el damos
[00:08:09.00] ••• algunos (NNNxDario) ends turn; time used: 21.96 sec turn, 3.00 sec retreat
[00:08:10.22] [Stoner] gg
[00:08:13.50] [NNNxDario] gg compa
[00:08:17.22] *** Stoner is quitting
[00:08:17.62] *** Stoner is disconnecting due to quitting
[00:08:18.08] *** Stoner disconnected due to quitting
[00:08:22.46] ••• Damage dealt: 22 (2 kills) to Serious Bass (Stoner)
[00:08:22.48] ••• Game Ends - Round Finished
[00:08:22.48] *** Round Finish acknowledged by NNNxDario

Team time totals:
algunos (NNNxDario):   Turn: 00:02:32.60, Retreat: 00:00:23.86, Total: 00:02:56.46, Turn count: 6
Serious Bass (Stoner): Turn: 00:02:07.28, Retreat: 00:00:13.76, Total: 00:02:21.04, Turn count: 5

Total Jet Pack fuel used: 60

End of round 2

Round time: 0:08:22
Total game time elapsed: Unknown

algunos wins the match!

Worm of the round: dónde (algunos)

Most kills with one shot: 2 - Mingus (Serious Bass)
Most damage with one shot: 140 - Mingus (Serious Bass)
