Game ID: "12339798"
Game Started at 2021-02-17 20:20:40 GMT
Game Engine Version: 3.8.1
File Format Version: 3.7.3.0 - 3.8.1
Exported with Version: 3.8.1 (Steam)

Red:  "chesnut"  as "gusis" [Local Player] [Host]
Blue: "oneVSone" as "Eikjueswaies"

[00:00:00.00] ••• gusis (chesnut) starts turn
[00:00:07.38] ••• gusis (chesnut) fires Ninja Rope
[00:00:15.12] ••• gusis (chesnut) fires Parachute
[00:00:19.94] ••• gusis (chesnut) fires Select Worm
[00:00:27.76] ••• gusis (chesnut) fires Longbow
[00:00:52.98] [oneVSone] damn 15
[00:00:53.88] [oneVSone] hf
[00:00:58.30] ••• gusis (chesnut) fires Longbow
[00:01:01.38] ••• gusis (chesnut) ends turn; time used: 32.96 sec turn, 3.00 sec retreat
[00:01:01.98] [chesnut] hf
[00:01:07.00] ••• Damage dealt: 181 (1 kill) to Eikjueswaies (oneVSone)
[00:01:07.00] ••• Eikjueswaies (oneVSone) starts turn
[00:01:11.28] ••• Eikjueswaies (oneVSone) fires Select Worm
[00:01:14.32] ••• Eikjueswaies (oneVSone) fires Ninja Rope
[00:01:39.50] ••• Eikjueswaies (oneVSone) fires Shotgun
[00:01:46.42] ••• Eikjueswaies (oneVSone) fires Shotgun
[00:01:50.58] ••• Eikjueswaies (oneVSone) ends turn; time used: 33.18 sec turn, 3.00 sec retreat
[00:01:55.00] ••• Damage dealt: 50 to gusis (chesnut)
[00:01:55.00] ••• gusis (chesnut) starts turn
[00:01:57.32] ••• gusis (chesnut) fires Flame Thrower
[00:02:02.48] ••• gusis (chesnut) loses turn due to loss of control; time used: 2.04 sec turn, 0.68 sec retreat
[00:02:20.48] ••• Damage dealt: 80 to gusis (chesnut), 91 (1 kill) to Eikjueswaies (oneVSone)
[00:02:20.48] ••• Eikjueswaies (oneVSone) starts turn
[00:02:23.90] ••• Eikjueswaies (oneVSone) fires Select Worm
[00:02:34.88] ••• Eikjueswaies (oneVSone) fires Shotgun
[00:02:44.52] ••• Eikjueswaies (oneVSone) fires Shotgun
[00:02:48.68] ••• Eikjueswaies (oneVSone) ends turn; time used: 16.40 sec turn, 3.00 sec retreat
[00:02:58.04] ••• Damage dealt: 38 (1 kill) to gusis (chesnut)
[00:02:58.04] ••• gusis (chesnut) starts turn
[00:03:04.80] ••• gusis (chesnut) fires Girder
[00:03:07.88] ••• gusis (chesnut) ends turn; time used: 2.62 sec turn, 3.00 sec retreat
[00:03:09.90] ••• Eikjueswaies (oneVSone) starts turn
[00:03:24.60] ••• Eikjueswaies (oneVSone) fires Ninja Rope
[00:03:42.44] ••• Eikjueswaies (oneVSone) fires Mine
[00:03:47.62] ••• Eikjueswaies (oneVSone) ends turn; time used: 27.32 sec turn, 5.00 sec retreat
[00:03:56.66] ••• Damage dealt: 51 to gusis (chesnut)
[00:03:56.66] ••• gusis (chesnut) starts turn
[00:04:04.88] ••• gusis (chesnut) fires Sheep
[00:04:08.06] ••• gusis (chesnut) ends turn; time used: 6.50 sec turn, 3.00 sec retreat
[00:04:24.18] ••• Damage dealt: 90 (1 kill) to Eikjueswaies (oneVSone)
[00:04:24.18] ••• Eikjueswaies (oneVSone) starts turn
[00:04:32.76] ••• Eikjueswaies (oneVSone) fires Shotgun
[00:04:38.52] ••• Eikjueswaies (oneVSone) fires Shotgun
[00:04:42.68] ••• Eikjueswaies (oneVSone) ends turn; time used: 4.14 sec turn, 3.00 sec retreat
[00:04:47.10] ••• Damage dealt: 50 to gusis (chesnut)
[00:04:47.10] ••• gusis (chesnut) starts turn
[00:04:48.94] ••• gusis (chesnut) fires Pneumatic Drill
[00:04:51.34] ••• gusis (chesnut) ends turn; time used: 1.20 sec turn, 0.02 sec retreat
[00:05:01.76] ••• Damage dealt: 15 (1 kill) to Eikjueswaies (oneVSone)
[00:05:01.76] ••• Eikjueswaies (oneVSone) starts turn
[00:05:06.20] ••• Eikjueswaies (oneVSone) fires Shotgun
[00:05:11.62] ••• Eikjueswaies (oneVSone) fires Shotgun
[00:05:15.78] ••• Eikjueswaies (oneVSone) ends turn; time used: 3.14 sec turn, 3.00 sec retreat
[00:05:25.14] ••• Damage dealt: 40 (1 kill) to gusis (chesnut)
[00:05:25.14] ••• gusis (chesnut) starts turn
[00:05:36.68] ••• gusis (chesnut) fires Petrol Bomb
[00:05:40.16] ••• gusis (chesnut) ends turn; time used: 11.52 sec turn, 3.00 sec retreat
[00:05:44.18] ••• Damage dealt: 4 to Eikjueswaies (oneVSone)
[00:05:44.18] ••• Eikjueswaies (oneVSone) starts turn
[00:05:46.26] ••• Eikjueswaies (oneVSone) fires Select Worm
[00:05:53.12] ••• Eikjueswaies (oneVSone) fires Ninja Rope
[00:05:53.98] ••• Eikjueswaies (oneVSone) fires Ninja Rope
[00:06:11.20] ••• Eikjueswaies (oneVSone) fires Cluster Bomb (2 sec, min bounce)
[00:06:14.52] ••• Eikjueswaies (oneVSone) ends turn; time used: 25.00 sec turn, 3.00 sec retreat
[00:06:17.74] ••• Damage dealt: 67 to gusis (chesnut)
[00:06:17.74] ••• gusis (chesnut) starts turn
[00:06:25.26] ••• gusis (chesnut) fires Dynamite
[00:06:30.30] ••• gusis (chesnut) loses turn due to loss of control; time used: 7.50 sec turn, 4.86 sec retreat
[00:06:40.74] ••• Damage dealt: 1 to gusis (chesnut), 74 (1 kill) to Eikjueswaies (oneVSone)
[00:06:40.74] ••• Eikjueswaies (oneVSone) starts turn
[00:06:52.02] ••• Eikjueswaies (oneVSone) fires Ninja Rope
[00:07:05.28] ••• Eikjueswaies (oneVSone) fires Shotgun
[00:07:34.84] ••• Eikjueswaies (oneVSone) fires Shotgun
[00:07:37.98] ••• Eikjueswaies (oneVSone) loses turn due to loss of control; time used: 39.36 sec turn, 1.98 sec retreat
[00:07:48.26] ••• Damage dealt: 34 (2 kills) to gusis (chesnut), 4 to Eikjueswaies (oneVSone)
[00:07:48.26] ••• gusis (chesnut) starts turn
[00:07:51.28] ••• gusis (chesnut) fires Blow Torch
[00:07:56.26] ••• gusis (chesnut) ends turn; time used: 3.00 sec turn, 3.00 sec retreat
[00:08:00.28] ••• Eikjueswaies (oneVSone) starts turn
[00:08:37.52] ••• Eikjueswaies (oneVSone) fires Girder
[00:08:40.60] ••• Eikjueswaies (oneVSone) ends turn; time used: 35.38 sec turn, 3.00 sec retreat
[00:08:41.88] ••• gusis (chesnut) starts turn
[00:09:07.36] ••• gusis (chesnut) fires Homing Missile
[00:09:10.56] ••• gusis (chesnut) ends turn; time used: 24.52 sec turn, 3.00 sec retreat
[00:09:14.96] ••• Damage dealt: 28 to Eikjueswaies (oneVSone)
[00:09:14.96] ••• Eikjueswaies (oneVSone) starts turn
[00:09:34.50] ••• Eikjueswaies (oneVSone) uses Bungee
[00:09:48.46] ••• Eikjueswaies (oneVSone) fires Shotgun
[00:09:53.88] ••• Eikjueswaies (oneVSone) fires Shotgun
[00:09:58.04] ••• Eikjueswaies (oneVSone) ends turn; time used: 34.14 sec turn, 3.00 sec retreat
[00:10:00.98] ••• Damage dealt: 31 to gusis (chesnut)
[00:10:00.98] ••• gusis (chesnut) starts turn
[00:10:27.76] ••• gusis (chesnut) fires Petrol Bomb
[00:10:32.46] ••• gusis (chesnut) ends turn; time used: 24.42 sec turn, 3.00 sec retreat
[00:10:38.32] ••• Damage dealt: 58 (1 kill) to Eikjueswaies (oneVSone)
[00:10:38.32] ••• Eikjueswaies (oneVSone) starts turn
[00:11:02.88] ••• Eikjueswaies (oneVSone) fires Girder
[00:11:05.96] ••• Eikjueswaies (oneVSone) ends turn; time used: 23.96 sec turn, 3.00 sec retreat
[00:11:07.14] ••• gusis (chesnut) starts turn
[00:11:13.98] ••• gusis (chesnut) fires Bazooka
[00:11:18.58] ••• gusis (chesnut) ends turn; time used: 6.42 sec turn, 3.00 sec retreat
[00:11:23.00] ••• Damage dealt: 35 to Eikjueswaies (oneVSone)
[00:11:23.00] ••• Eikjueswaies (oneVSone) starts turn
[00:11:26.20] ••• Eikjueswaies (oneVSone) fires Shotgun
[00:11:47.76] ••• Eikjueswaies (oneVSone) fires Shotgun
[00:11:51.92] ••• Eikjueswaies (oneVSone) ends turn; time used: 13.16 sec turn, 3.00 sec retreat
[00:11:56.32] ••• Damage dealt: 8 (1 kill) to gusis (chesnut)
[00:11:56.32] ••• gusis (chesnut) starts turn
[00:12:02.18] ••• gusis (chesnut) fires Blow Torch
[00:12:10.22] ••• gusis (chesnut) ends turn; time used: 5.84 sec turn, 3.00 sec retreat
[00:12:14.24] ••• Eikjueswaies (oneVSone) starts turn
[00:12:30.28] ••• Eikjueswaies (oneVSone) fires Mine
[00:12:35.46] ••• Eikjueswaies (oneVSone) ends turn; time used: 15.74 sec turn, 5.00 sec retreat
[00:12:39.48] ••• gusis (chesnut) starts turn
[00:12:56.30] ••• gusis (chesnut) fires Bazooka
[00:13:00.90] ••• gusis (chesnut) ends turn; time used: 11.82 sec turn, 3.00 sec retreat
[00:13:04.92] ••• Eikjueswaies (oneVSone) starts turn
[00:13:13.30] ••• Eikjueswaies (oneVSone) fires Jet Pack
[00:13:23.68] ••• Eikjueswaies (oneVSone) used 30 units of Jet Pack fuel
[00:13:37.54] ••• Eikjueswaies (oneVSone) fires Shotgun
[00:13:38.44] ••• Eikjueswaies (oneVSone) loses turn due to loss of control; time used: 31.34 sec turn, 0.00 sec retreat
[00:13:43.76] ••• Damage dealt: 21 to gusis (chesnut), 9 to Eikjueswaies (oneVSone)
[00:13:43.76] ••• gusis (chesnut) starts turn
[00:13:59.92] ••• gusis (chesnut) fires Grenade (5 sec, min bounce)
[00:14:05.92] ••• gusis (chesnut) ends turn; time used: 13.62 sec turn, 3.00 sec retreat
[00:14:09.94] ••• Eikjueswaies (oneVSone) starts turn
[00:14:25.78] ••• Eikjueswaies (oneVSone) uses Bungee
[00:14:30.34] ••• Eikjueswaies (oneVSone) fires Ninja Rope
[00:14:49.00] ••• Eikjueswaies (oneVSone) loses turn due to loss of control; time used: 34.90 sec turn, 0.00 sec retreat
[00:14:56.30] ••• Damage dealt: 43 to Eikjueswaies (oneVSone)
[00:14:56.30] ••• gusis (chesnut) starts turn
[00:15:07.14] ••• gusis (chesnut) fires Fire Punch
[00:15:11.94] ••• gusis (chesnut) ends turn; time used: 10.82 sec turn, 3.00 sec retreat
[00:15:16.36] ••• Damage dealt: 37 to Eikjueswaies (oneVSone)
[00:15:16.36] ••• Eikjueswaies (oneVSone) starts turn
[00:15:16.38] [oneVSone] no chanse to win vs you :)
[00:15:39.60] ••• Eikjueswaies (oneVSone) loses turn due to loss of control; time used: 19.64 sec turn, 0.00 sec retreat
[00:15:44.26] ••• Damage dealt: 2 to Eikjueswaies (oneVSone)
[00:15:44.26] ••• gusis (chesnut) starts turn
[00:15:51.02] ••• gusis (chesnut) fires Girder
[00:15:54.10] ••• gusis (chesnut) ends turn; time used: 6.28 sec turn, 3.00 sec retreat
[00:15:56.12] ••• Eikjueswaies (oneVSone) starts turn
[00:15:59.74] ••• Eikjueswaies (oneVSone) fires Low Gravity
[00:16:28.28] ••• Eikjueswaies (oneVSone) fires Mine
[00:16:33.46] ••• Eikjueswaies (oneVSone) ends turn; time used: 30.56 sec turn, 5.00 sec retreat
[00:16:42.06] ••• Damage dealt: 46 to gusis (chesnut), 8 to Eikjueswaies (oneVSone)
[00:16:42.06] ••• gusis (chesnut) starts turn
[00:16:49.22] ••• gusis (chesnut) fires Grenade (5 sec, min bounce)
[00:16:54.94] ••• gusis (chesnut) ends turn; time used: 7.14 sec turn, 3.00 sec retreat
[00:17:04.36] ••• Damage dealt: 2 (1 kill) to Eikjueswaies (oneVSone)
[00:17:04.36] ••• Eikjueswaies (oneVSone) starts turn
[00:17:22.94] ••• Eikjueswaies (oneVSone) fires Petrol Bomb
[00:17:26.78] ••• Eikjueswaies (oneVSone) ends turn; time used: 18.38 sec turn, 3.00 sec retreat
[00:17:29.54] ••• Damage dealt: 4 to gusis (chesnut)
[00:17:29.54] ••• gusis (chesnut) starts turn
[00:17:31.88] ••• gusis (chesnut) fires Jet Pack
[00:17:37.94] ••• gusis (chesnut) used 30 units of Jet Pack fuel
[00:17:44.96] ••• gusis (chesnut) fires Bazooka
[00:17:46.58] ••• gusis (chesnut) loses turn due to loss of control; time used: 13.06 sec turn, 0.02 sec retreat
[00:17:49.08] [chesnut] gg
[00:17:54.06] [oneVSone] gg
[00:18:03.42] [oneVSone] cya
[00:18:04.28] [oneVSone] ty
[00:18:06.00] *** oneVSone is quitting
[00:18:06.68] *** oneVSone is disconnecting due to quitting
[00:18:06.74] [chesnut] cya
[00:18:07.16] *** oneVSone disconnected due to quitting
[00:18:11.22] ••• Damage dealt: 91 (1 kill) to gusis (chesnut), 39 (1 kill) to Eikjueswaies (oneVSone)
[00:18:11.24] ••• Game Ends - Round Finished
[00:18:11.24] *** Round Finish acknowledged by chesnut

Team time totals:
gusis (chesnut):         Turn: 00:03:11.28, Retreat: 00:00:47.58, Total: 00:03:58.86, Turn count: 18
Eikjueswaies (oneVSone): Turn: 00:06:45.74, Retreat: 00:00:46.98, Total: 00:07:32.72, Turn count: 17

Total Jet Pack fuel used: 60

End of round 2

Round time: 0:18:11
Total game time elapsed: Unknown

gusis wins the match!

Worm of the round: gusatres (gusis)

Most kills with one shot: 2 - gusinco (gusis)
Most damage with one shot: 165 - gusatres (gusis)
