Game ID: "12314780"
Game Started at 2021-02-09 20:17:34 GMT
Game Engine Version: 3.8.1
File Format Version: 3.7.3.0 - 3.8.1
Exported with Version: 3.8.1 (Steam)

Red:       "oneVSone" as "Eikjuesvaies"
Blue:      "ILYXA`"   as "Cunnilinux"
Spectator: "NNNxDario" [Local] [Host]

[00:00:00.00] [NNNxDario] hf
[00:00:00.00] ••• Cunnilinux (ILYXA`) starts turn
[00:00:22.70] ••• Cunnilinux (ILYXA`) fires Select Worm
[00:00:37.40] ••• Cunnilinux (ILYXA`) fires Shotgun
[00:00:48.98] ••• Cunnilinux (ILYXA`) fires Shotgun
[00:00:53.14] ••• Cunnilinux (ILYXA`) ends turn; time used: 38.74 sec turn, 3.00 sec retreat
[00:01:04.34] ••• Damage dealt: 90 (1 kill) to Eikjuesvaies (oneVSone)
[00:01:04.34] ••• Eikjuesvaies (oneVSone) starts turn
[00:01:08.68] ••• Eikjuesvaies (oneVSone) fires Select Worm
[00:01:14.02] ••• Eikjuesvaies (oneVSone) fires Select Worm
[00:01:23.42] ••• Eikjuesvaies (oneVSone) fires Shotgun
[00:01:44.42] ••• Eikjuesvaies (oneVSone) fires Shotgun
[00:01:48.58] ••• Eikjuesvaies (oneVSone) ends turn; time used: 30.84 sec turn, 3.00 sec retreat
[00:01:54.54] ••• Damage dealt: 111 (1 kill) to Cunnilinux (ILYXA`)
[00:01:54.54] ••• Cunnilinux (ILYXA`) starts turn
[00:02:37.00] ••• Cunnilinux (ILYXA`) fires Dynamite
[00:02:42.04] ••• Cunnilinux (ILYXA`) loses turn due to loss of control; time used: 41.48 sec turn, 4.86 sec retreat
[00:02:47.44] ••• Damage dealt: 60 to Eikjuesvaies (oneVSone), 1 to Cunnilinux (ILYXA`)
[00:02:47.44] ••• Eikjuesvaies (oneVSone) starts turn
[00:02:53.32] ••• Eikjuesvaies (oneVSone) fires Mad Cow (herd of 2)
[00:02:57.36] ••• Eikjuesvaies (oneVSone) ends turn; time used: 1.34 sec turn, 3.00 sec retreat
[00:03:02.78] ••• Damage dealt: 19 to Eikjuesvaies (oneVSone), 125 to Cunnilinux (ILYXA`)
[00:03:02.78] ••• Cunnilinux (ILYXA`) starts turn
[00:03:13.38] ••• Cunnilinux (ILYXA`) fires Select Worm
[00:03:21.34] ••• Cunnilinux (ILYXA`) fires Ninja Rope
[00:03:50.82] ••• Cunnilinux (ILYXA`) fires Sheep
[00:03:54.04] ••• Cunnilinux (ILYXA`) ends turn; time used: 43.70 sec turn, 3.00 sec retreat
[00:03:56.48] [ILYXA`] ))
[00:03:59.88] [NNNxDario] pileee
[00:04:00.34] ••• Damage dealt: 111 to Eikjuesvaies (oneVSone)
[00:04:00.34] ••• Eikjuesvaies (oneVSone) starts turn
[00:04:06.26] ••• Eikjuesvaies (oneVSone) fires Select Worm
[00:04:23.64] ••• Eikjuesvaies (oneVSone) fires Ninja Rope
[00:04:25.04] ••• Eikjuesvaies (oneVSone) fires Ninja Rope
[00:04:43.94] ••• Eikjuesvaies (oneVSone) fires Baseball Bat
[00:04:47.52] ••• Eikjuesvaies (oneVSone) ends turn; time used: 42.04 sec turn, 3.00 sec retreat
[00:04:52.46] ••• Damage dealt: 90 (1 kill) to Cunnilinux (ILYXA`)
[00:04:52.46] ••• Cunnilinux (ILYXA`) starts turn
[00:05:07.44] ••• Cunnilinux (ILYXA`) fires Select Worm
[00:05:31.60] ••• Cunnilinux (ILYXA`) fires Jet Pack
[00:05:42.20] ••• Cunnilinux (ILYXA`) fires Mine
[00:05:46.64] ••• Cunnilinux (ILYXA`) used 30 (24) units of Jet Pack fuel
[00:05:47.22] ••• Cunnilinux (ILYXA`) ends turn; time used: 44.26 sec turn, 5.00 sec retreat
[00:06:00.78] ••• Damage dealt: 61 to Eikjuesvaies (oneVSone)
[00:06:00.78] ••• Eikjuesvaies (oneVSone) starts turn
[00:06:22.18] ••• Eikjuesvaies (oneVSone) fires Ninja Rope
[00:06:41.26] ••• Eikjuesvaies (oneVSone) fires Shotgun
[00:06:50.12] ••• Eikjuesvaies (oneVSone) fires Shotgun
[00:06:54.28] ••• Eikjuesvaies (oneVSone) ends turn; time used: 38.24 sec turn, 3.00 sec retreat
[00:06:58.70] ••• Damage dealt: 45 to Cunnilinux (ILYXA`)
[00:06:58.70] ••• Cunnilinux (ILYXA`) starts turn
[00:07:17.12] ••• Cunnilinux (ILYXA`) uses Parachute
[00:07:32.36] ••• Cunnilinux (ILYXA`) fires Ninja Rope
[00:07:45.62] ••• Cunnilinux (ILYXA`) fires Skunk
[00:07:56.64] ••• Cunnilinux (ILYXA`) ends turn; time used: 41.80 sec turn, 3.00 sec retreat
[00:08:00.84] ••• Eikjuesvaies (oneVSone) starts turn
[00:08:15.12] ••• Eikjuesvaies (oneVSone) fires Shotgun
[00:08:31.48] ••• Eikjuesvaies (oneVSone) fires Shotgun
[00:08:35.64] ••• Eikjuesvaies (oneVSone) ends turn; time used: 18.66 sec turn, 3.00 sec retreat
[00:08:40.86] ••• Damage dealt: 20 (1 kill) to Cunnilinux (ILYXA`)
[00:08:40.86] ••• Cunnilinux (ILYXA`) starts turn
[00:09:26.94] ••• Cunnilinux (ILYXA`) fires Shotgun
[00:09:32.56] ••• Cunnilinux (ILYXA`) fires Shotgun
[00:09:36.72] ••• Cunnilinux (ILYXA`) ends turn; time used: 44.18 sec turn, 3.00 sec retreat
[00:09:46.08] ••• Damage dealt: 30 (1 kill) to Eikjuesvaies (oneVSone)
[00:09:46.08] ••• Eikjuesvaies (oneVSone) starts turn
[00:10:05.68] ••• Eikjuesvaies (oneVSone) fires Homing Missile
[00:10:10.28] ••• Eikjuesvaies (oneVSone) ends turn; time used: 18.30 sec turn, 3.00 sec retreat
[00:10:19.20] ••• Damage dealt: 35 (1 kill) to Cunnilinux (ILYXA`)
[00:10:19.20] ••• Cunnilinux (ILYXA`) starts turn
[00:10:29.04] ••• Cunnilinux (ILYXA`) fires Air Strike
[00:10:32.52] ••• Cunnilinux (ILYXA`) ends turn; time used: 6.52 sec turn, 3.00 sec retreat
[00:10:41.06] ••• Damage dealt: 31 (1 kill) to Eikjuesvaies (oneVSone)
[00:10:41.06] ••• Eikjuesvaies (oneVSone) starts turn
[00:11:01.52] ••• Eikjuesvaies (oneVSone) fires Shotgun
[00:11:22.18] ••• Eikjuesvaies (oneVSone) fires Shotgun
[00:11:26.34] ••• Eikjuesvaies (oneVSone) ends turn; time used: 30.24 sec turn, 3.00 sec retreat
[00:11:31.56] ••• Damage dealt: 23 (1 kill) to Cunnilinux (ILYXA`)
[00:11:31.56] ••• Cunnilinux (ILYXA`) starts turn
[00:11:44.90] ••• Cunnilinux (ILYXA`) fires Napalm Strike
[00:11:48.38] ••• Cunnilinux (ILYXA`) ends turn; time used: 8.34 sec turn, 3.00 sec retreat
[00:12:00.44] ••• Damage dealt: 19 (1 kill) to Eikjuesvaies (oneVSone)
[00:12:00.44] ••• Eikjuesvaies (oneVSone) starts turn
[00:12:09.98] ••• Eikjuesvaies (oneVSone) fires Ninja Rope
[00:12:23.98] ••• Eikjuesvaies (oneVSone) uses Parachute
[00:12:27.20] ••• Eikjuesvaies (oneVSone) fires Ninja Rope
[00:12:43.54] ••• Eikjuesvaies (oneVSone) fires Skunk
[00:12:49.02] ••• Eikjuesvaies (oneVSone) loses turn due to loss of control; time used: 41.64 sec turn, 3.00 sec retreat
[00:12:55.42] ••• Damage dealt: 8 to Eikjuesvaies (oneVSone), 28 to Cunnilinux (ILYXA`)
[00:12:55.42] ••• Cunnilinux (ILYXA`) starts turn
[00:13:20.92] ••• Cunnilinux (ILYXA`) fires Mad Cow (herd of 2)
[00:13:25.74] ••• Cunnilinux (ILYXA`) ends turn; time used: 21.82 sec turn, 3.00 sec retreat
[00:13:33.68] ••• Damage dealt: 133 to Eikjuesvaies (oneVSone)
[00:13:33.68] ••• Eikjuesvaies (oneVSone) starts turn
[00:13:50.98] ••• Eikjuesvaies (oneVSone) fires Ninja Rope
[00:14:14.88] ••• Eikjuesvaies (oneVSone) fires Sheep
[00:14:18.06] ••• Eikjuesvaies (oneVSone) ends turn; time used: 39.90 sec turn, 3.00 sec retreat
[00:14:35.66] ••• Damage dealt: 90 (1 kill) to Cunnilinux (ILYXA`)
[00:14:35.66] ••• Cunnilinux (ILYXA`) starts turn
[00:14:49.40] ••• Cunnilinux (ILYXA`) fires Ninja Rope
[00:15:05.46] ••• Cunnilinux (ILYXA`) fires Longbow
[00:15:27.80] ••• Cunnilinux (ILYXA`) fires Longbow
[00:15:30.88] ••• Cunnilinux (ILYXA`) ends turn; time used: 41.44 sec turn, 3.00 sec retreat
[00:15:38.52] ••• Damage dealt: 29 (1 kill) to Eikjuesvaies (oneVSone)
[00:15:38.52] ••• Eikjuesvaies (oneVSone) starts turn
[00:15:42.30] ••• Eikjuesvaies (oneVSone) fires Low Gravity
[00:16:13.88] ••• Eikjuesvaies (oneVSone) fires Shotgun
[00:16:27.80] ••• Eikjuesvaies (oneVSone) fires Shotgun
[00:16:31.96] ••• Eikjuesvaies (oneVSone) ends turn; time used: 40.96 sec turn, 3.00 sec retreat
[00:16:38.06] ••• Damage dealt: 35 to Cunnilinux (ILYXA`)
[00:16:38.06] ••• Cunnilinux (ILYXA`) starts turn
[00:17:02.04] ••• Cunnilinux (ILYXA`) fires Shotgun
[00:17:07.76] ••• Cunnilinux (ILYXA`) fires Shotgun
[00:17:11.92] ••• Cunnilinux (ILYXA`) ends turn; time used: 24.28 sec turn, 3.00 sec retreat
[00:17:22.96] ••• Damage dealt: 26 (1 kill) to Eikjuesvaies (oneVSone)
[00:17:22.96] ••• Eikjuesvaies (oneVSone) starts turn
[00:17:27.44] ••• Eikjuesvaies (oneVSone) fires Napalm Strike
[00:17:30.92] ••• Eikjuesvaies (oneVSone) ends turn; time used: 1.96 sec turn, 3.00 sec retreat
[00:17:45.86] ••• Damage dealt: 2 (1 kill) to Cunnilinux (ILYXA`)
[00:17:45.86] ••• Cunnilinux (ILYXA`) starts turn
[00:17:59.56] ••• Cunnilinux (ILYXA`) fires Shotgun
[00:18:22.10] ••• Cunnilinux (ILYXA`) fires Shotgun
[00:18:26.26] ••• Cunnilinux (ILYXA`) ends turn; time used: 27.02 sec turn, 3.00 sec retreat
[00:18:31.48] ••• Damage dealt: 13 (1 kill) to Eikjuesvaies (oneVSone)
[00:18:31.48] ••• Eikjuesvaies (oneVSone) starts turn
[00:18:41.24] ••• Eikjuesvaies (oneVSone) fires Jet Pack
[00:18:48.70] ••• Eikjuesvaies (oneVSone) used 30 units of Jet Pack fuel
[00:18:55.74] ••• Eikjuesvaies (oneVSone) uses Bungee
[00:19:11.02] ••• Eikjuesvaies (oneVSone) fires Shotgun
[00:19:17.50] ••• Eikjuesvaies (oneVSone) fires Shotgun
[00:19:21.66] ••• Eikjuesvaies (oneVSone) ends turn; time used: 39.72 sec turn, 3.00 sec retreat
[00:19:22.56] [ILYXA`] gg
[00:19:24.18] [oneVSone] gg
[00:19:28.02] [NNNxDario] gg
[00:19:29.70] *** Round Finish acknowledged by oneVSone
[00:19:31.64] ••• Damage dealt: 90 (1 kill) to Cunnilinux (ILYXA`)
[00:19:31.66] ••• Game Ends - Round Finished
[00:19:31.66] *** Round Finish acknowledged by NNNxDario
[00:19:31.98] *** Round Finish acknowledged by ILYXA`

Team time totals:
Eikjuesvaies (oneVSone): Turn: 00:05:43.84, Retreat: 00:00:36.00, Total: 00:06:19.84, Turn count: 12
Cunnilinux (ILYXA`):     Turn: 00:06:23.58, Retreat: 00:00:39.86, Total: 00:07:03.44, Turn count: 12

Total Jet Pack fuel used: 60

End of round 1

Round time: 0:19:31
Total game time elapsed: 0:19:31

Eikjuesvaies wins the round.

Worm of the round: Monetochka (Cunnilinux)
Most damage with one shot: 144 - I2 (Eikjuesvaies)
