Game ID: "12314201"
Game Started at 2021-02-09 17:38:29 GMT
Game Engine Version: 3.8.1
File Format Version: 3.7.3.0 - 3.8.1
Exported with Version: 3.8.1 (Steam)

Blue: "`Pn`Mega`Adnan" as "-η|2γZύ Fλ11ε$-"
Red:  "NNNxDario"      as "algunos" [Local Player] [Host]

[00:00:00.00] [NNNxDario] hf
[00:00:00.00] ••• algunos (NNNxDario) starts turn
[00:00:07.72] [`Pn`Mega`Adnan] Funs
[00:00:17.10] ••• algunos (NNNxDario) fires Select Worm
[00:00:22.18] ••• algunos (NNNxDario) fires Ninja Rope
[00:00:43.22] ••• algunos (NNNxDario) fires Dragon Ball
[00:00:47.74] ••• algunos (NNNxDario) ends turn; time used: 35.00 sec turn, 3.00 sec retreat
[00:00:50.64] ••• Damage dealt: 56 to -η|2γZύ Fλ11ε$- (`Pn`Mega`Adnan)
[00:00:50.64] ••• -η|2γZύ Fλ11ε$- (`Pn`Mega`Adnan) starts turn
[00:01:08.86] ••• -η|2γZύ Fλ11ε$- (`Pn`Mega`Adnan) fires Select Worm
[00:01:17.44] ••• -η|2γZύ Fλ11ε$- (`Pn`Mega`Adnan) fires Ninja Rope
[00:01:23.12] ••• -η|2γZύ Fλ11ε$- (`Pn`Mega`Adnan) uses Parachute
[00:01:40.56] ••• -η|2γZύ Fλ11ε$- (`Pn`Mega`Adnan) fires Dynamite
[00:01:45.58] ••• -η|2γZύ Fλ11ε$- (`Pn`Mega`Adnan) ends turn; time used: 44.52 sec turn, 5.00 sec retreat
[00:01:54.02] ••• Damage dealt: 90 (1 kill) to algunos (NNNxDario)
[00:01:54.02] ••• algunos (NNNxDario) starts turn
[00:02:06.56] ••• algunos (NNNxDario) fires Longbow
[00:02:32.44] ••• algunos (NNNxDario) fires Longbow
[00:02:35.52] ••• algunos (NNNxDario) ends turn; time used: 29.32 sec turn, 3.00 sec retreat
[00:02:43.58] ••• Damage dealt: 148 (1 kill) to -η|2γZύ Fλ11ε$- (`Pn`Mega`Adnan)
[00:02:43.58] ••• -η|2γZύ Fλ11ε$- (`Pn`Mega`Adnan) starts turn
[00:02:55.32] ••• -η|2γZύ Fλ11ε$- (`Pn`Mega`Adnan) fires Ninja Rope
[00:03:07.90] ••• -η|2γZύ Fλ11ε$- (`Pn`Mega`Adnan) fires Select Worm
[00:03:32.30] ••• -η|2γZύ Fλ11ε$- (`Pn`Mega`Adnan) fires Shotgun
[00:03:42.34] ••• -η|2γZύ Fλ11ε$- (`Pn`Mega`Adnan) fires Shotgun
[00:03:46.50] ••• -η|2γZύ Fλ11ε$- (`Pn`Mega`Adnan) ends turn; time used: 44.76 sec turn, 3.00 sec retreat
[00:03:49.28] ••• Damage dealt: 43 to algunos (NNNxDario)
[00:03:49.28] ••• algunos (NNNxDario) starts turn
[00:04:07.48] ••• algunos (NNNxDario) fires Dynamite
[00:04:12.66] ••• algunos (NNNxDario) ends turn; time used: 16.10 sec turn, 5.00 sec retreat
[00:04:22.72] ••• Damage dealt: 64 to -η|2γZύ Fλ11ε$- (`Pn`Mega`Adnan), 2 to algunos (NNNxDario)
[00:04:22.72] ••• -η|2γZύ Fλ11ε$- (`Pn`Mega`Adnan) starts turn
[00:04:58.20] ••• -η|2γZύ Fλ11ε$- (`Pn`Mega`Adnan) fires Mine
[00:05:03.22] ••• -η|2γZύ Fλ11ε$- (`Pn`Mega`Adnan) ends turn; time used: 30.48 sec turn, 5.00 sec retreat
[00:05:13.34] ••• Damage dealt: 72 (1 kill) to algunos (NNNxDario)
[00:05:13.34] ••• algunos (NNNxDario) starts turn
[00:05:23.72] ••• algunos (NNNxDario) fires Ninja Rope
[00:05:55.92] ••• algunos (NNNxDario) fires Fire Punch
[00:06:00.72] ••• algunos (NNNxDario) ends turn; time used: 39.88 sec turn, 3.00 sec retreat
[00:06:12.14] ••• Damage dealt: 103 (1 kill) to -η|2γZύ Fλ11ε$- (`Pn`Mega`Adnan)
[00:06:12.14] ••• -η|2γZύ Fλ11ε$- (`Pn`Mega`Adnan) starts turn
[00:06:23.64] ••• -η|2γZύ Fλ11ε$- (`Pn`Mega`Adnan) fires Ninja Rope
[00:06:34.10] ••• -η|2γZύ Fλ11ε$- (`Pn`Mega`Adnan) uses Parachute
[00:06:56.70] ••• -η|2γZύ Fλ11ε$- (`Pn`Mega`Adnan) fires Ninja Rope
[00:07:04.52] ••• -η|2γZύ Fλ11ε$- (`Pn`Mega`Adnan) fires Sheep
[00:07:09.54] ••• -η|2γZύ Fλ11ε$- (`Pn`Mega`Adnan) ends turn; time used: 44.56 sec turn, 5.00 sec retreat
[00:07:13.96] ••• Damage dealt: 151 to algunos (NNNxDario)
[00:07:13.96] ••• algunos (NNNxDario) starts turn
[00:07:18.42] ••• algunos (NNNxDario) fires Select Worm
[00:07:23.28] ••• algunos (NNNxDario) fires Ninja Rope
[00:07:45.50] ••• algunos (NNNxDario) fires Baseball Bat
[00:07:49.08] ••• algunos (NNNxDario) ends turn; time used: 31.00 sec turn, 3.00 sec retreat
[00:07:53.48] [NNNxDario] ow
[00:07:53.50] ••• Damage dealt: 31 to -η|2γZύ Fλ11ε$- (`Pn`Mega`Adnan)
[00:07:53.50] ••• -η|2γZύ Fλ11ε$- (`Pn`Mega`Adnan) starts turn
[00:07:53.52] [`Pn`Mega`Adnan] woah
[00:08:21.08] ••• -η|2γZύ Fλ11ε$- (`Pn`Mega`Adnan) fires Shotgun
[00:08:32.82] ••• -η|2γZύ Fλ11ε$- (`Pn`Mega`Adnan) fires Shotgun
[00:08:36.98] ••• -η|2γZύ Fλ11ε$- (`Pn`Mega`Adnan) ends turn; time used: 25.44 sec turn, 3.00 sec retreat
[00:08:40.50] ••• Damage dealt: 17 (1 kill) to algunos (NNNxDario)
[00:08:40.50] ••• algunos (NNNxDario) starts turn
[00:08:55.82] ••• algunos (NNNxDario) fires Shotgun
[00:09:22.56] ••• algunos (NNNxDario) fires Shotgun
[00:09:26.72] ••• algunos (NNNxDario) ends turn; time used: 35.76 sec turn, 3.00 sec retreat
[00:09:32.34] ••• Damage dealt: 74 (1 kill) to -η|2γZύ Fλ11ε$- (`Pn`Mega`Adnan)
[00:09:32.34] ••• -η|2γZύ Fλ11ε$- (`Pn`Mega`Adnan) starts turn
[00:10:21.28] ••• -η|2γZύ Fλ11ε$- (`Pn`Mega`Adnan) fires Cluster Bomb (4 sec, min bounce)
[00:10:25.40] ••• -η|2γZύ Fλ11ε$- (`Pn`Mega`Adnan) loses turn due to loss of control; time used: 44.40 sec turn, 3.00 sec retreat
[00:10:29.60] ••• Damage dealt: 7 to -η|2γZύ Fλ11ε$- (`Pn`Mega`Adnan), 48 to algunos (NNNxDario)
[00:10:29.60] ••• algunos (NNNxDario) starts turn
[00:10:39.00] ••• algunos (NNNxDario) fires Skunk
[00:10:43.92] ••• algunos (NNNxDario) ends turn; time used: 4.62 sec turn, 3.00 sec retreat
[00:10:50.22] ••• Damage dealt: 5 to -η|2γZύ Fλ11ε$- (`Pn`Mega`Adnan)
[00:10:50.22] ••• -η|2γZύ Fλ11ε$- (`Pn`Mega`Adnan) starts turn
[00:11:07.72] ••• -η|2γZύ Fλ11ε$- (`Pn`Mega`Adnan) fires Ninja Rope
[00:11:19.54] ••• -η|2γZύ Fλ11ε$- (`Pn`Mega`Adnan) fires Longbow
[00:11:27.18] ••• -η|2γZύ Fλ11ε$- (`Pn`Mega`Adnan) fires Longbow
[00:11:30.26] ••• -η|2γZύ Fλ11ε$- (`Pn`Mega`Adnan) ends turn; time used: 27.44 sec turn, 3.00 sec retreat
[00:11:36.36] ••• Damage dealt: 30 to algunos (NNNxDario)
[00:11:36.36] ••• algunos (NNNxDario) starts turn
[00:12:01.24] ••• algunos (NNNxDario) fires Jet Pack
[00:12:03.00] ••• algunos (NNNxDario) fires Holy Hand-Grenade
[00:12:08.00] ••• algunos (NNNxDario) used 30 (0) units of Jet Pack fuel
[00:12:08.02] ••• algunos (NNNxDario) ends turn; time used: 21.22 sec turn, 5.00 sec retreat
[00:12:23.74] ••• Damage dealt: 94 (2 kills) to -η|2γZύ Fλ11ε$- (`Pn`Mega`Adnan), 10 to algunos (NNNxDario)
[00:12:23.74] ••• -η|2γZύ Fλ11ε$- (`Pn`Mega`Adnan) starts turn
[00:12:34.78] ••• -η|2γZύ Fλ11ε$- (`Pn`Mega`Adnan) fires Select Worm
[00:12:38.78] ••• -η|2γZύ Fλ11ε$- (`Pn`Mega`Adnan) fires Longbow
[00:12:57.26] ••• -η|2γZύ Fλ11ε$- (`Pn`Mega`Adnan) fires Longbow
[00:13:00.34] ••• -η|2γZύ Fλ11ε$- (`Pn`Mega`Adnan) ends turn; time used: 24.30 sec turn, 3.00 sec retreat
[00:13:10.46] [NNNxDario] I don't think he wants to get out of that spot
[00:13:11.38] ••• Damage dealt: 27 (1 kill) to algunos (NNNxDario)
[00:13:11.38] ••• algunos (NNNxDario) starts turn
[00:13:16.14] [`Pn`Mega`Adnan] yea
[00:13:21.22] ••• algunos (NNNxDario) fires Grenade (5 sec, min bounce)
[00:13:26.80] ••• algunos (NNNxDario) ends turn; time used: 9.44 sec turn, 3.00 sec retreat
[00:13:39.30] ••• Damage dealt: 37 (1 kill) to -η|2γZύ Fλ11ε$- (`Pn`Mega`Adnan)
[00:13:39.30] ••• -η|2γZύ Fλ11ε$- (`Pn`Mega`Adnan) starts turn
[00:14:26.16] ••• -η|2γZύ Fλ11ε$- (`Pn`Mega`Adnan) fires Homing Pigeon
[00:14:29.24] ••• -η|2γZύ Fλ11ε$- (`Pn`Mega`Adnan) ends turn; time used: 41.86 sec turn, 3.00 sec retreat
[00:14:34.10] ••• Damage dealt: 42 to algunos (NNNxDario)
[00:14:34.10] ••• algunos (NNNxDario) starts turn
[00:15:03.70] ••• algunos (NNNxDario) fires Shotgun
[00:15:17.44] ••• algunos (NNNxDario) fires Shotgun
[00:15:21.60] ••• algunos (NNNxDario) ends turn; time used: 34.36 sec turn, 3.00 sec retreat
[00:15:26.70] ••• Damage dealt: 60 (1 kill) to -η|2γZύ Fλ11ε$- (`Pn`Mega`Adnan)
[00:15:26.70] ••• -η|2γZύ Fλ11ε$- (`Pn`Mega`Adnan) starts turn
[00:15:48.74] ••• -η|2γZύ Fλ11ε$- (`Pn`Mega`Adnan) fires Shotgun
[00:16:19.06] ••• -η|2γZύ Fλ11ε$- (`Pn`Mega`Adnan) fires Shotgun
[00:16:23.22] ••• -η|2γZύ Fλ11ε$- (`Pn`Mega`Adnan) ends turn; time used: 38.68 sec turn, 3.00 sec retreat
[00:16:28.84] ••• Damage dealt: 33 (1 kill) to algunos (NNNxDario)
[00:16:28.84] ••• algunos (NNNxDario) starts turn
[00:16:29.44] ••• algunos (NNNxDario) fires Select Worm
[00:16:32.16] ••• algunos (NNNxDario) fires Fire Punch
[00:16:35.88] ••• algunos (NNNxDario) ends turn; time used: 2.98 sec turn, 1.94 sec retreat
[00:16:36.14] [NNNxDario] g
[00:16:37.02] [`Pn`Mega`Adnan] gg
[00:16:37.26] [NNNxDario] g
[00:16:52.08] ••• Damage dealt: 16 (1 kill) to -η|2γZύ Fλ11ε$- (`Pn`Mega`Adnan), 5 to algunos (NNNxDario)
[00:16:52.10] ••• Game Ends - Round Finished
[00:16:52.10] *** Round Finish acknowledged by NNNxDario
[00:16:55.52] *** Round Finish acknowledged by `Pn`Mega`Adnan

Team time totals:
-η|2γZύ Fλ11ε$- (`Pn`Mega`Adnan): Turn: 00:06:06.44, Retreat: 00:00:36.00, Total: 00:06:42.44, Turn count: 10
algunos (NNNxDario):              Turn: 00:04:19.68, Retreat: 00:00:35.94, Total: 00:04:55.62, Turn count: 11

Total Jet Pack fuel used: 30

End of round 1

Round time: 0:16:52
Total game time elapsed: 0:16:52

algunos wins the round.

Worm of the round: quiιn (algunos)
Most kills with one shot: 2 - alguien (algunos)
Most damage with one shot: 147 - Eg9ώLερT [ί-U (-η|2γZύ Fλ11ε$-)
