Game ID: "12311767"
Game Started at 2021-02-08 17:59:02 GMT
Game Engine Version: 3.8.1
File Format Version: 3.7.3.0 - 3.8.1
Exported with Version: 3.8.1 (Steam)

Red:  "NNNxDario" as "algunos" [Local Player] [Host]
Blue: "rzet"      as "Zuzua"

[00:00:00.00] [NNNxDario] hf
[00:00:00.00] ••• Zuzua (rzet) starts turn
[00:00:12.98] ••• Zuzua (rzet) fires Ninja Rope
[00:00:47.50] ••• Zuzua (rzet) fires Shotgun
[00:00:54.46] ••• Zuzua (rzet) fires Shotgun
[00:00:58.62] ••• Zuzua (rzet) ends turn; time used: 44.04 sec turn, 3.00 sec retreat
[00:01:03.04] ••• Damage dealt: 46 to algunos (NNNxDario)
[00:01:03.04] ••• algunos (NNNxDario) starts turn
[00:01:05.04] ••• algunos (NNNxDario) fires Select Worm
[00:01:08.02] ••• algunos (NNNxDario) fires Ninja Rope
[00:01:14.24] ••• algunos (NNNxDario) uses Parachute
[00:01:22.38] ••• algunos (NNNxDario) fires Sheep
[00:01:25.40] ••• algunos (NNNxDario) ends turn; time used: 16.48 sec turn, 3.00 sec retreat
[00:01:29.02] ••• Damage dealt: 149 to Zuzua (rzet)
[00:01:29.02] ••• Zuzua (rzet) starts turn
[00:01:46.16] ••• Zuzua (rzet) fires Select Worm
[00:01:51.96] ••• Zuzua (rzet) fires Ninja Rope
[00:02:17.98] ••• Zuzua (rzet) fires Bazooka
[00:02:21.66] ••• Zuzua (rzet) ends turn; time used: 43.66 sec turn, 3.00 sec retreat
[00:02:26.08] ••• Damage dealt: 35 to algunos (NNNxDario), 6 to Zuzua (rzet)
[00:02:26.08] ••• algunos (NNNxDario) starts turn
[00:02:29.36] ••• algunos (NNNxDario) fires Select Worm
[00:02:34.26] ••• algunos (NNNxDario) fires Ninja Rope
[00:02:51.30] ••• algunos (NNNxDario) fires Grenade (5 sec, min bounce)
[00:02:56.42] ••• algunos (NNNxDario) loses turn due to loss of control; time used: 23.40 sec turn, 3.00 sec retreat
[00:03:15.28] ••• Damage dealt: 44 (1 kill) to algunos (NNNxDario), 140 (1 kill) to Zuzua (rzet)
[00:03:15.28] ••• Zuzua (rzet) starts turn
[00:03:22.90] ••• Zuzua (rzet) fires Ninja Rope
[00:03:48.46] ••• Zuzua (rzet) loses turn due to loss of control; time used: 27.92 sec turn, 0.00 sec retreat
[00:03:49.80] ••• algunos (NNNxDario) starts turn
[00:03:53.66] ••• algunos (NNNxDario) fires Select Worm
[00:04:02.46] ••• algunos (NNNxDario) fires Shotgun
[00:04:18.00] ••• algunos (NNNxDario) fires Shotgun
[00:04:22.16] ••• algunos (NNNxDario) ends turn; time used: 13.80 sec turn, 3.00 sec retreat
[00:04:26.92] ••• Damage dealt: 65 (1 kill) to Zuzua (rzet)
[00:04:26.92] ••• Zuzua (rzet) starts turn
[00:04:42.98] ••• Zuzua (rzet) fires Ninja Rope
[00:05:16.22] ••• Zuzua (rzet) fires Shotgun
[00:05:21.88] ••• Zuzua (rzet) fires Shotgun
[00:05:26.04] ••• Zuzua (rzet) ends turn; time used: 44.52 sec turn, 3.00 sec retreat
[00:05:30.46] ••• Damage dealt: 40 to algunos (NNNxDario)
[00:05:30.46] ••• algunos (NNNxDario) starts turn
[00:05:46.72] ••• algunos (NNNxDario) fires Longbow
[00:05:59.64] [rzet] hf
[00:06:06.48] ••• algunos (NNNxDario) fires Longbow
[00:06:09.56] ••• algunos (NNNxDario) ends turn; time used: 20.48 sec turn, 3.00 sec retreat
[00:06:17.96] ••• Damage dealt: 47 (2 kills) to Zuzua (rzet)
[00:06:17.96] ••• Zuzua (rzet) starts turn
[00:06:25.28] [rzet] so you can play ranked games vs randoms? how does that work?
[00:06:36.32] [NNNxDario] you play and you report, just that
[00:06:47.54] ••• Zuzua (rzet) fires Select Worm
[00:06:56.80] ••• Zuzua (rzet) fires Shotgun
[00:07:10.60] ••• Zuzua (rzet) fires Shotgun
[00:07:14.76] ••• Zuzua (rzet) ends turn; time used: 41.88 sec turn, 3.00 sec retreat
[00:07:24.12] ••• Damage dealt: 15 (1 kill) to algunos (NNNxDario)
[00:07:24.12] ••• algunos (NNNxDario) starts turn
[00:07:46.80] ••• algunos (NNNxDario) fires Girder
[00:07:49.88] ••• algunos (NNNxDario) ends turn; time used: 22.24 sec turn, 3.00 sec retreat
[00:07:51.90] ••• Zuzua (rzet) starts turn
[00:08:02.34] [rzet] so you report only the ones you've won and get the trophy? xD
[00:08:26.06] ••• Zuzua (rzet) fires Teleport
[00:08:28.54] ••• Zuzua (rzet) ends turn; time used: 29.16 sec turn, 0.02 sec retreat
[00:08:28.98] [NNNxDario] you can report only the ones you've won, yes. But you get more points of your opponent has played other games
[00:08:29.12] ••• algunos (NNNxDario) starts turn
[00:08:40.22] [NNNxDario] so it's better if you get him to play other people
[00:09:00.32] [rzet] gotcha
[00:09:03.62] [rzet] interesting
[00:09:10.28] ••• algunos (NNNxDario) fires Skunk
[00:09:13.68] ••• algunos (NNNxDario) ends turn; time used: 36.16 sec turn, 3.00 sec retreat
[00:09:18.28] ••• Damage dealt: 1 to Zuzua (rzet)
[00:09:18.28] ••• Zuzua (rzet) starts turn
[00:09:41.34] ••• Zuzua (rzet) fires Ninja Rope
[00:09:42.58] ••• Zuzua (rzet) fires Ninja Rope
[00:10:07.08] ••• Zuzua (rzet) fires Shotgun
[00:10:13.20] ••• Zuzua (rzet) fires Shotgun
[00:10:17.36] ••• Zuzua (rzet) ends turn; time used: 44.40 sec turn, 3.00 sec retreat
[00:10:21.38] ••• Damage dealt: 18 to algunos (NNNxDario), 11 to Zuzua (rzet)
[00:10:21.38] ••• algunos (NNNxDario) starts turn
[00:10:26.84] ••• algunos (NNNxDario) uses Bungee
[00:10:41.64] ••• algunos (NNNxDario) fires Fire Punch
[00:10:42.82] ••• algunos (NNNxDario) loses turn due to loss of control; time used: 20.24 sec turn, 0.00 sec retreat
[00:10:47.44] ••• Damage dealt: 1 to algunos (NNNxDario), 30 to Zuzua (rzet)
[00:10:47.44] ••• Zuzua (rzet) starts turn
[00:10:53.70] ••• Zuzua (rzet) fires Fire Punch
[00:10:58.50] ••• Zuzua (rzet) ends turn; time used: 1.26 sec turn, 3.00 sec retreat
[00:11:02.92] ••• Damage dealt: 44 to algunos (NNNxDario)
[00:11:02.92] ••• algunos (NNNxDario) starts turn
[00:11:07.68] ••• algunos (NNNxDario) fires Shotgun
[00:11:34.24] ••• algunos (NNNxDario) fires Shotgun
[00:11:38.40] ••• algunos (NNNxDario) ends turn; time used: 29.20 sec turn, 3.00 sec retreat
[00:11:42.82] ••• Damage dealt: 25 to Zuzua (rzet)
[00:11:42.82] ••• Zuzua (rzet) starts turn
[00:12:04.90] ••• Zuzua (rzet) fires Shotgun
[00:12:14.46] ••• Zuzua (rzet) fires Shotgun
[00:12:18.62] ••• Zuzua (rzet) ends turn; time used: 21.28 sec turn, 3.00 sec retreat
[00:12:25.40] ••• Damage dealt: 77 to algunos (NNNxDario)
[00:12:25.40] ••• algunos (NNNxDario) starts turn
[00:12:32.90] ••• algunos (NNNxDario) fires Ninja Rope
[00:12:45.24] ••• algunos (NNNxDario) fires Cluster Bomb (3 sec, min bounce)
[00:12:48.50] ••• algunos (NNNxDario) ends turn; time used: 18.34 sec turn, 3.00 sec retreat
[00:12:58.84] ••• Damage dealt: 60 (1 kill) to Zuzua (rzet)
[00:12:58.84] ••• Zuzua (rzet) starts turn
[00:13:27.78] ••• Zuzua (rzet) fires Longbow
[00:13:47.12] ••• Zuzua (rzet) fires Longbow
[00:13:50.20] ••• Zuzua (rzet) ends turn; time used: 39.34 sec turn, 3.00 sec retreat
[00:13:54.62] ••• Damage dealt: 30 to algunos (NNNxDario)
[00:13:54.62] ••• algunos (NNNxDario) starts turn
[00:13:58.60] ••• algunos (NNNxDario) fires Jet Pack
[00:14:05.68] ••• algunos (NNNxDario) used 28 units of Jet Pack fuel
[00:14:06.30] ••• algunos (NNNxDario) loses turn due to loss of control; time used: 10.34 sec turn, 0.00 sec retreat
[00:14:10.86] [NNNxDario] wops
[00:14:10.94] ••• Damage dealt: 2 to algunos (NNNxDario)
[00:14:10.94] ••• Zuzua (rzet) starts turn
[00:14:49.54] ••• Zuzua (rzet) fires Bazooka
[00:14:53.30] ••• Zuzua (rzet) ends turn; time used: 33.60 sec turn, 3.00 sec retreat
[00:14:57.72] ••• Damage dealt: 14 to algunos (NNNxDario)
[00:14:57.72] ••• algunos (NNNxDario) starts turn
[00:15:00.44] ••• algunos (NNNxDario) fires Shotgun
[00:15:03.94] ••• algunos (NNNxDario) fires Shotgun
[00:15:08.10] ••• algunos (NNNxDario) ends turn; time used: 4.10 sec turn, 3.00 sec retreat
[00:15:12.12] ••• Zuzua (rzet) starts turn
[00:15:12.14] [rzet] i'm dogshit xD
[00:15:14.94] [rzet] haven't played in yeeeears
[00:15:22.18] [NNNxDario] welcome back to wormnet then :)
[00:15:38.70] ••• Zuzua (rzet) fires Mad Cow (herd of 1)
[00:15:41.72] ••• Zuzua (rzet) ends turn; time used: 21.58 sec turn, 3.00 sec retreat
[00:15:53.86] ••• Damage dealt: 93 (1 kill) to algunos (NNNxDario)
[00:15:53.86] ••• algunos (NNNxDario) starts turn
[00:15:56.80] [rzet] thanks, glad to be back ;)
[00:16:12.42] ••• algunos (NNNxDario) fires Ninja Rope
[00:16:36.42] ••• algunos (NNNxDario) fires Holy Hand-Grenade
[00:16:41.44] ••• algunos (NNNxDario) ends turn; time used: 41.98 sec turn, 5.00 sec retreat
[00:16:57.44] ••• Damage dealt: 168 (2 kills) to Zuzua (rzet)
[00:16:57.44] ••• Zuzua (rzet) starts turn
[00:17:36.00] ••• Zuzua (rzet) fires Dynamite
[00:17:41.04] ••• Zuzua (rzet) loses turn due to loss of control; time used: 36.30 sec turn, 4.86 sec retreat
[00:17:56.98] ••• Damage dealt: 60 (1 kill) to algunos (NNNxDario), 1 to Zuzua (rzet)
[00:17:56.98] ••• algunos (NNNxDario) starts turn
[00:18:00.24] ••• algunos (NNNxDario) fires Kamikaze
[00:18:00.76] ••• algunos (NNNxDario) loses turn due to loss of control; time used: 3.24 sec turn, 0.00 sec retreat
[00:18:05.68] [rzet] gg
[00:18:08.04] [NNNxDario] gg
[00:18:15.58] ••• Damage dealt: 13 (1 kill) to algunos (NNNxDario), 17 (1 kill) to Zuzua (rzet)
[00:18:15.60] ••• Game Ends - Round Finished
[00:18:15.60] *** Round Finish acknowledged by NNNxDario
[00:18:17.94] *** Round Finish acknowledged by rzet

Team time totals:
algunos (NNNxDario): Turn: 00:04:20.00, Retreat: 00:00:32.00, Total: 00:04:52.00, Turn count: 13
Zuzua (rzet):        Turn: 00:07:08.94, Retreat: 00:00:34.88, Total: 00:07:43.82, Turn count: 13

Total Jet Pack fuel used: 28

End of round 1

Round time: 0:18:15
Total game time elapsed: 0:18:15

algunos wins the round.

Worm of the round: cuándo (algunos)
Most kills with one shot: 2 - cuándo (algunos)
Most damage with one shot: 168 - cuándo (algunos)
