Game ID: "12337333"
Game Started at 2021-02-16 21:26:03 GMT
Game Engine Version: 3.8
File Format Version: 3.7.3.0 - 3.8.1.1
Exported with Version: 3.8.1.1[TA] (Steam)

Red:  "Veals" as "Veals" [Local Player] [Host]
Blue: "rider" as "nimesulida"

[00:00:00.00] ••• nimesulida (rider) starts turn
[00:00:09.96] ••• nimesulida (rider) fires Select Worm
[00:00:20.60] ••• nimesulida (rider) fires Ninja Rope
[00:00:47.16] ••• nimesulida (rider) fires Dynamite
[00:00:52.20] ••• nimesulida (rider) loses turn due to loss of control; time used: 44.92 sec turn, 4.86 sec retreat
[00:01:02.56] ••• Damage dealt: 66 to Veals (Veals), 21 to nimesulida (rider)
[00:01:02.56] ••• Veals (Veals) starts turn
[00:01:08.94] ••• Veals (Veals) fires Select Worm
[00:01:24.40] ••• Veals (Veals) fires Shotgun
[00:01:35.16] ••• Veals (Veals) fires Shotgun
[00:01:39.32] ••• Veals (Veals) ends turn; time used: 22.80 sec turn, 3.00 sec retreat
[00:01:47.66] ••• Damage dealt: 126 to nimesulida (rider)
[00:01:47.66] ••• nimesulida (rider) starts turn
[00:01:49.32] ••• nimesulida (rider) fires Low Gravity
[00:02:10.36] ••• nimesulida (rider) fires Select Worm
[00:02:15.60] ••• nimesulida (rider) fires Ninja Rope
[00:02:16.40] ••• nimesulida (rider) fires Ninja Rope
[00:02:29.54] ••• nimesulida (rider) fires Mine
[00:02:34.72] ••• nimesulida (rider) ends turn; time used: 39.60 sec turn, 5.00 sec retreat
[00:02:45.88] ••• Damage dealt: 87 (1 kill) to Veals (Veals)
[00:02:45.88] ••• Veals (Veals) starts turn
[00:02:57.56] ••• Veals (Veals) fires Ninja Rope
[00:03:15.20] ••• Veals (Veals) fires Mine
[00:03:20.38] ••• Veals (Veals) ends turn; time used: 24.20 sec turn, 5.00 sec retreat
[00:03:30.62] ••• Damage dealt: 90 (1 kill) to nimesulida (rider)
[00:03:30.62] ••• nimesulida (rider) starts turn
[00:03:39.94] ••• nimesulida (rider) fires Ninja Rope
[00:03:42.38] ••• nimesulida (rider) fires Ninja Rope
[00:03:57.06] ••• nimesulida (rider) fires Baseball Bat
[00:04:00.64] ••• nimesulida (rider) ends turn; time used: 22.88 sec turn, 3.00 sec retreat
[00:04:05.58] ••• Damage dealt: 90 (1 kill) to Veals (Veals)
[00:04:05.58] ••• Veals (Veals) starts turn
[00:04:21.08] ••• Veals (Veals) fires Select Worm
[00:04:47.08] ••• Veals (Veals) fires Dynamite
[00:04:52.12] ••• Veals (Veals) loses turn due to loss of control; time used: 36.44 sec turn, 4.86 sec retreat
[00:05:05.50] ••• Damage dealt: 41 to Veals (Veals), 100 (1 kill) to nimesulida (rider)
[00:05:05.50] ••• nimesulida (rider) starts turn
[00:05:15.20] ••• nimesulida (rider) fires Shotgun
[00:05:23.76] ••• nimesulida (rider) fires Shotgun
[00:05:27.92] ••• nimesulida (rider) ends turn; time used: 11.00 sec turn, 3.00 sec retreat
[00:05:37.28] ••• Damage dealt: 27 (1 kill) to Veals (Veals)
[00:05:37.28] ••• Veals (Veals) starts turn
[00:06:08.98] ••• Veals (Veals) fires Sheep
[00:06:12.16] ••• Veals (Veals) ends turn; time used: 26.70 sec turn, 3.00 sec retreat
[00:06:15.50] ••• Damage dealt: 50 to nimesulida (rider)
[00:06:15.50] ••• nimesulida (rider) starts turn
[00:06:46.56] ••• nimesulida (rider) fires Cluster Bomb (3 sec, min bounce)
[00:06:49.82] ••• nimesulida (rider) ends turn; time used: 29.38 sec turn, 3.00 sec retreat
[00:06:54.68] ••• Damage dealt: 67 to Veals (Veals)
[00:06:54.68] ••• Veals (Veals) starts turn
[00:07:03.60] [rider] glitch ?
[00:07:09.82] [Veals] no
[00:07:12.70] [Veals] low damage
[00:07:25.36] ••• Veals (Veals) fires Low Gravity
[00:07:26.38] [rider] humm k
[00:07:34.64] ••• Veals (Veals) fires Jet Pack
[00:07:42.00] ••• Veals (Veals) fires Mad Cow (herd of 2)
[00:07:47.52] ••• Veals (Veals) used 30 (22) units of Jet Pack fuel
[00:07:48.00] ••• Veals (Veals) ends turn; time used: 41.84 sec turn, 5.00 sec retreat
[00:07:59.38] ••• Damage dealt: 104 (1 kill) to nimesulida (rider)
[00:07:59.38] ••• nimesulida (rider) starts turn
[00:08:07.34] [Veals] cluster low damage with this scheme
[00:08:09.64] ••• nimesulida (rider) fires Select Worm
[00:08:23.08] ••• nimesulida (rider) fires Ninja Rope
[00:08:28.98] [Veals] dont know why
[00:08:32.12] ••• nimesulida (rider) fires Fire Punch
[00:08:37.04] ••• nimesulida (rider) ends turn; time used: 30.98 sec turn, 3.00 sec retreat
[00:08:42.66] ••• Damage dealt: 90 (1 kill) to Veals (Veals)
[00:08:42.66] ••• Veals (Veals) starts turn
[00:09:16.58] ••• Veals (Veals) fires Kamikaze
[00:09:17.96] ••• Veals (Veals) loses turn due to loss of control; time used: 29.34 sec turn, 0.00 sec retreat
[00:09:23.50] [Veals] xd
[00:09:24.02] ••• Damage dealt: 27 (1 kill) to Veals (Veals), 33 to nimesulida (rider)
[00:09:24.02] ••• nimesulida (rider) starts turn
[00:09:48.94] ••• nimesulida (rider) fires Mad Cow (herd of 2)
[00:09:52.98] ••• nimesulida (rider) ends turn; time used: 22.92 sec turn, 3.00 sec retreat
[00:10:01.10] ••• Damage dealt: 90 (1 kill) to Veals (Veals)
[00:10:01.10] ••• Veals (Veals) starts turn
[00:10:14.44] ••• Veals (Veals) fires Shotgun
[00:10:33.66] ••• Veals (Veals) loses turn due to loss of control; time used: 19.76 sec turn, 0.00 sec retreat
[00:10:35.56] [Veals] lol
[00:10:38.38] [rider] :)
[00:10:39.20] ••• Damage dealt: 2 to Veals (Veals), 25 (1 kill) to nimesulida (rider)
[00:10:39.20] ••• nimesulida (rider) starts turn
[00:10:59.10] ••• nimesulida (rider) fires Shotgun
[00:11:30.22] ••• nimesulida (rider) fires Shotgun
[00:11:34.38] ••• nimesulida (rider) ends turn; time used: 43.52 sec turn, 3.00 sec retreat
[00:11:39.60] ••• Damage dealt: 67 (1 kill) to Veals (Veals)
[00:11:39.60] ••• Veals (Veals) starts turn
[00:11:47.18] ••• Veals (Veals) fires Shotgun
[00:12:24.36] ••• Veals (Veals) fires Shotgun
[00:12:28.52] ••• Veals (Veals) ends turn; time used: 34.08 sec turn, 3.00 sec retreat
[00:12:34.14] ••• Damage dealt: 30 (1 kill) to nimesulida (rider)
[00:12:34.14] ••• nimesulida (rider) starts turn
[00:12:41.34] ••• nimesulida (rider) fires Ninja Rope
[00:13:08.04] ••• nimesulida (rider) fires Shotgun
[00:13:13.32] ••• nimesulida (rider) fires Shotgun
[00:13:17.48] ••• nimesulida (rider) ends turn; time used: 34.06 sec turn, 3.00 sec retreat
[00:13:21.90] ••• Damage dealt: 50 to Veals (Veals)
[00:13:21.90] ••• Veals (Veals) starts turn
[00:13:40.84] ••• Veals (Veals) fires Ninja Rope
[00:13:51.04] ••• Veals (Veals) fires Longbow
[00:13:51.06] ••• Veals (Veals) loses turn due to loss of control; time used: 25.36 sec turn, 0.00 sec retreat
[00:13:53.84] [Veals] lol
[00:13:56.24] ••• Damage dealt: 15 to Veals (Veals)
[00:13:56.24] ••• nimesulida (rider) starts turn
[00:13:56.26] [Veals] gg
[00:13:59.94] [rider] lol
[00:14:15.40] ••• nimesulida (rider) fires Air Strike
[00:14:18.88] ••• nimesulida (rider) ends turn; time used: 14.56 sec turn, 3.00 sec retreat
[00:14:18.90] [rider] gg
[00:14:31.14] *** Round Finish acknowledged by rider
[00:14:33.16] ••• Damage dealt: 1 (1 kill) to Veals (Veals)
[00:14:33.18] ••• Game Ends - Round Finished
[00:14:33.18] *** Round Finish acknowledged by Veals

Team time totals:
Veals (Veals):      Turn: 00:04:20.52, Retreat: 00:00:23.86, Total: 00:04:44.38, Turn count: 9
nimesulida (rider): Turn: 00:04:53.82, Retreat: 00:00:33.86, Total: 00:05:27.68, Turn count: 10

Total Jet Pack fuel used: 30

End of round 2

Round time: 0:14:33
Total game time elapsed: Unknown

nimesulida wins the round.

Worm of the round: Tikka (nimesulida)
Most damage with one shot: 117 - ?ep?? 2 (Veals)
