Game ID: "12317067"
Game Started at 2021-02-10 17:26:01 GMT
Game Engine Version: 3.8
File Format Version: 3.7.3.0 - 3.8.1
Exported with Version: 3.8.1 (Steam)

Red:  "Ledan"    as "The Oxy Morons" [Local Player] [Host]
Blue: "Perdunok" as "A yxo Xa???a"

[00:00:00.00] ••• A yxo Xa???a (Perdunok) starts turn
[00:00:00.02] [Ledan] gl hf
[00:00:22.50] ••• A yxo Xa???a (Perdunok) fires Ninja Rope
[00:00:33.82] ••• A yxo Xa???a (Perdunok) uses Parachute
[00:00:48.90] ••• A yxo Xa???a (Perdunok) fires Grenade (4 sec, min bounce)
[00:00:53.44] ••• A yxo Xa???a (Perdunok) ends turn; time used: 43.90 sec turn, 3.00 sec retreat
[00:01:03.40] ••• Damage dealt: 156 to The Oxy Morons (Ledan)
[00:01:03.40] ••• The Oxy Morons (Ledan) starts turn
[00:01:12.64] ••• The Oxy Morons (Ledan) fires Select Worm
[00:01:15.38] ••• The Oxy Morons (Ledan) fires Ninja Rope
[00:01:16.28] ••• The Oxy Morons (Ledan) fires Ninja Rope
[00:01:35.70] ••• The Oxy Morons (Ledan) fires Ninja Rope
[00:01:45.14] ••• The Oxy Morons (Ledan) fires Dynamite
[00:01:50.32] ••• The Oxy Morons (Ledan) ends turn; time used: 33.42 sec turn, 5.00 sec retreat
[00:01:55.12] [Ledan] I forgot to tell
[00:01:56.28] [Ledan] this is
[00:01:57.42] [Ledan] bo1
[00:01:59.84] [Ledan] game ok?
[00:01:59.90] ••• Damage dealt: 164 to A yxo Xa???a (Perdunok)
[00:01:59.90] ••• A yxo Xa???a (Perdunok) starts turn
[00:01:59.92] [Ledan] 1 hp
[00:02:19.76] ••• A yxo Xa???a (Perdunok) fires Select Worm
[00:02:25.94] ••• A yxo Xa???a (Perdunok) fires Ninja Rope
[00:02:26.72] ••• A yxo Xa???a (Perdunok) fires Ninja Rope
[00:02:39.70] ••• A yxo Xa???a (Perdunok) fires Shotgun
[00:02:44.38] ••• A yxo Xa???a (Perdunok) fires Shotgun
[00:02:48.54] ••• A yxo Xa???a (Perdunok) ends turn; time used: 36.66 sec turn, 3.00 sec retreat
[00:03:02.04] ••• Damage dealt: 24 (2 kills) to The Oxy Morons (Ledan)
[00:03:02.04] ••• The Oxy Morons (Ledan) starts turn
[00:03:03.84] [Perdunok] ok
[00:03:22.52] ••• The Oxy Morons (Ledan) fires Shotgun
[00:03:25.38] ••• The Oxy Morons (Ledan) fires Shotgun
[00:03:29.54] ••• The Oxy Morons (Ledan) ends turn; time used: 16.24 sec turn, 3.00 sec retreat
[00:03:37.64] ••• Damage dealt: 7 to The Oxy Morons (Ledan), 38 to A yxo Xa???a (Perdunok)
[00:03:37.64] ••• A yxo Xa???a (Perdunok) starts turn
[00:03:59.06] ••• A yxo Xa???a (Perdunok) fires Select Worm
[00:04:25.96] ••• A yxo Xa???a (Perdunok) fires Fire Punch
[00:04:30.76] ••• A yxo Xa???a (Perdunok) ends turn; time used: 43.26 sec turn, 3.00 sec retreat
[00:04:35.66] ••• Damage dealt: 78 to The Oxy Morons (Ledan)
[00:04:35.66] ••• The Oxy Morons (Ledan) starts turn
[00:04:56.38] ••• The Oxy Morons (Ledan) fires Shotgun
[00:05:11.84] ••• The Oxy Morons (Ledan) fires Shotgun
[00:05:16.00] ••• The Oxy Morons (Ledan) ends turn; time used: 21.28 sec turn, 3.00 sec retreat
[00:05:21.22] ••• Damage dealt: 1 (1 kill) to A yxo Xa???a (Perdunok)
[00:05:21.22] ••• A yxo Xa???a (Perdunok) starts turn
[00:05:58.60] ••• A yxo Xa???a (Perdunok) fires Cluster Bomb (5 sec, min bounce)
[00:06:04.58] ••• A yxo Xa???a (Perdunok) ends turn; time used: 35.02 sec turn, 3.00 sec retreat
[00:06:09.36] ••• Damage dealt: 38 to The Oxy Morons (Ledan)
[00:06:09.36] ••• The Oxy Morons (Ledan) starts turn
[00:06:30.76] ••• The Oxy Morons (Ledan) fires Select Worm
[00:06:40.04] ••• The Oxy Morons (Ledan) fires Shotgun
[00:06:59.24] ••• The Oxy Morons (Ledan) fires Shotgun
[00:07:03.40] ••• The Oxy Morons (Ledan) ends turn; time used: 35.24 sec turn, 3.00 sec retreat
[00:07:09.02] ••• Damage dealt: 40 (1 kill) to A yxo Xa???a (Perdunok)
[00:07:09.02] ••• A yxo Xa???a (Perdunok) starts turn
[00:07:58.58] ••• A yxo Xa???a (Perdunok) fires Bazooka
[00:08:03.18] ••• A yxo Xa???a (Perdunok) ends turn; time used: 44.56 sec turn, 3.00 sec retreat
[00:08:06.52] ••• Damage dealt: 42 to The Oxy Morons (Ledan)
[00:08:06.52] ••• The Oxy Morons (Ledan) starts turn
[00:08:18.36] ••• The Oxy Morons (Ledan) fires Cluster Bomb (3 sec, min bounce)
[00:08:22.28] ••• The Oxy Morons (Ledan) ends turn; time used: 9.12 sec turn, 3.00 sec retreat
[00:08:25.56] ••• Damage dealt: 51 to A yxo Xa???a (Perdunok)
[00:08:25.56] ••• A yxo Xa???a (Perdunok) starts turn
[00:08:33.66] ••• A yxo Xa???a (Perdunok) fires Select Worm
[00:08:51.48] ••• A yxo Xa???a (Perdunok) fires Ninja Rope
[00:08:56.00] ••• A yxo Xa???a (Perdunok) loses turn due to loss of control; time used: 25.32 sec turn, 0.00 sec retreat
[00:08:58.10] [Ledan] aw
[00:09:00.98] ••• Damage dealt: 5 to A yxo Xa???a (Perdunok)
[00:09:00.98] ••• The Oxy Morons (Ledan) starts turn
[00:09:22.52] ••• The Oxy Morons (Ledan) fires Ninja Rope
[00:09:40.16] ••• The Oxy Morons (Ledan) uses Parachute
[00:09:46.10] ••• The Oxy Morons (Ledan) fires Grenade (3 sec, min bounce)
[00:09:49.42] ••• The Oxy Morons (Ledan) ends turn; time used: 37.50 sec turn, 3.00 sec retreat
[00:09:57.00] ••• Damage dealt: 90 (1 kill) to A yxo Xa???a (Perdunok)
[00:09:57.00] ••• A yxo Xa???a (Perdunok) starts turn
[00:10:20.82] ••• A yxo Xa???a (Perdunok) fires Shotgun
[00:10:31.46] ••• A yxo Xa???a (Perdunok) fires Shotgun
[00:10:35.62] ••• A yxo Xa???a (Perdunok) ends turn; time used: 27.08 sec turn, 3.00 sec retreat
[00:10:40.08] ••• Damage dealt: 90 (1 kill) to The Oxy Morons (Ledan)
[00:10:40.08] ••• The Oxy Morons (Ledan) starts turn
[00:11:15.24] ••• The Oxy Morons (Ledan) fires Grenade (5 sec, min bounce)
[00:11:20.44] ••• The Oxy Morons (Ledan) ends turn; time used: 30.16 sec turn, 3.00 sec retreat
[00:11:27.94] ••• Damage dealt: 59 (1 kill) to A yxo Xa???a (Perdunok)
[00:11:27.94] ••• A yxo Xa???a (Perdunok) starts turn
[00:11:34.62] ••• A yxo Xa???a (Perdunok) uses Bungee
[00:12:13.56] ••• A yxo Xa???a (Perdunok) fires Holy Hand-Grenade
[00:12:21.48] ••• A yxo Xa???a (Perdunok) ends turn; time used: 44.04 sec turn, 3.00 sec retreat
[00:12:29.56] ••• Damage dealt: 52 (1 kill) to The Oxy Morons (Ledan), 65 (1 kill) to A yxo Xa???a (Perdunok)
[00:12:29.56] ••• The Oxy Morons (Ledan) starts turn
[00:12:38.00] ••• The Oxy Morons (Ledan) fires Ninja Rope
[00:12:44.52] ••• The Oxy Morons (Ledan) fires Mad Cow (herd of 2)
[00:12:50.52] ••• The Oxy Morons (Ledan) ends turn; time used: 12.32 sec turn, 5.00 sec retreat
[00:12:53.88] ••• Damage dealt: 130 to A yxo Xa???a (Perdunok)
[00:12:53.88] ••• A yxo Xa???a (Perdunok) starts turn
[00:13:08.64] ••• A yxo Xa???a (Perdunok) fires Ninja Rope
[00:13:25.22] ••• A yxo Xa???a (Perdunok) uses Parachute
[00:13:35.48] ••• A yxo Xa???a (Perdunok) fires Shotgun
[00:13:50.14] ••• A yxo Xa???a (Perdunok) fires Shotgun
[00:13:54.30] ••• A yxo Xa???a (Perdunok) ends turn; time used: 42.54 sec turn, 3.00 sec retreat
[00:13:58.32] ••• Damage dealt: 31 to The Oxy Morons (Ledan)
[00:13:58.32] ••• The Oxy Morons (Ledan) starts turn
[00:14:03.46] ••• The Oxy Morons (Ledan) fires Select Worm
[00:14:12.66] ••• The Oxy Morons (Ledan) fires Ninja Rope
[00:14:27.58] ••• The Oxy Morons (Ledan) fires Bazooka
[00:14:30.92] ••• The Oxy Morons (Ledan) ends turn; time used: 24.42 sec turn, 3.00 sec retreat
[00:14:32.78] [Ledan] oh noes
[00:14:42.78] ••• Damage dealt: 59 (1 kill) to The Oxy Morons (Ledan), 24 (1 kill) to A yxo Xa???a (Perdunok)
[00:14:42.78] ••• A yxo Xa???a (Perdunok) starts turn
[00:15:21.24] ••• A yxo Xa???a (Perdunok) fires Ninja Rope
[00:15:24.16] ••• A yxo Xa???a (Perdunok) fires Dynamite
[00:15:29.18] ••• A yxo Xa???a (Perdunok) ends turn; time used: 36.12 sec turn, 5.00 sec retreat
[00:15:36.20] ••• Damage dealt: 79 to The Oxy Morons (Ledan)
[00:15:36.20] ••• The Oxy Morons (Ledan) starts turn
[00:15:40.88] ••• The Oxy Morons (Ledan) fires Jet Pack
[00:15:50.34] ••• The Oxy Morons (Ledan) fires Grenade (5 sec, min bounce)
[00:15:54.10] ••• The Oxy Morons (Ledan) used 30 (23) units of Jet Pack fuel
[00:15:55.36] ••• The Oxy Morons (Ledan) ends turn; time used: 12.28 sec turn, 5.00 sec retreat
[00:16:04.62] ••• Damage dealt: 27 (1 kill) to A yxo Xa???a (Perdunok)
[00:16:04.62] ••• A yxo Xa???a (Perdunok) starts turn
[00:16:51.42] ••• A yxo Xa???a (Perdunok) fires Teleport
[00:16:51.84] ••• resetting Jet Pack fuel use to 0
[00:16:53.90] ••• A yxo Xa???a (Perdunok) ends turn; time used: 44.00 sec turn, 0.02 sec retreat
[00:16:55.92] ••• The Oxy Morons (Ledan) starts turn
[00:17:45.90] ••• The Oxy Morons (Ledan) ends turn; time used: 45.00 sec turn, 0.00 sec retreat
[00:17:47.92] ••• A yxo Xa???a (Perdunok) starts turn
[00:18:10.12] ••• A yxo Xa???a (Perdunok) uses Bungee
[00:18:36.10] ••• A yxo Xa???a (Perdunok) fires Petrol Bomb
[00:18:40.80] ••• A yxo Xa???a (Perdunok) ends turn; time used: 43.18 sec turn, 3.00 sec retreat
[00:18:44.14] ••• Damage dealt: 21 to The Oxy Morons (Ledan)
[00:18:44.14] ••• The Oxy Morons (Ledan) starts turn
[00:18:49.98] ••• The Oxy Morons (Ledan) fires Low Gravity
[00:19:04.28] ••• The Oxy Morons (Ledan) fires Bazooka
[00:19:08.54] ••• The Oxy Morons (Ledan) ends turn; time used: 18.18 sec turn, 3.00 sec retreat
[00:19:11.46] [Ledan] damn those falmes
[00:19:12.56] ••• A yxo Xa???a (Perdunok) starts turn
[00:19:12.58] [Ledan] obstruct my view
[00:19:45.34] ••• A yxo Xa???a (Perdunok) fires Girder
[00:19:48.42] ••• A yxo Xa???a (Perdunok) ends turn; time used: 31.42 sec turn, 3.00 sec retreat
[00:19:49.32] ••• The Oxy Morons (Ledan) starts turn
[00:19:59.22] ••• The Oxy Morons (Ledan) fires Teleport
[00:20:01.70] ••• The Oxy Morons (Ledan) ends turn; time used: 7.36 sec turn, 0.02 sec retreat
[00:20:04.38] [Perdunok] ok
[00:20:06.54] [Ledan] gG?
[00:20:12.02] [Ledan] what what
[00:20:13.06] ••• Damage dealt: 12 (1 kill) to The Oxy Morons (Ledan), 16 to A yxo Xa???a (Perdunok)
[00:20:13.06] ••• A yxo Xa???a (Perdunok) starts turn
[00:20:13.08] [Ledan] excuse me?
[00:20:25.42] ••• A yxo Xa???a (Perdunok) fires Petrol Bomb
[00:20:25.58] ••• A yxo Xa???a (Perdunok) loses turn due to loss of control; time used: 11.98 sec turn, 0.00 sec retreat
[00:20:28.12] [Ledan] aw
[00:20:31.72] [Perdunok] )
[00:20:35.12] [Ledan] That's a way to end it :)
[00:20:35.82] [Ledan] gg
[00:20:39.80] [Perdunok] gg
[00:20:40.72] [Ledan] reporting that one!
[00:20:41.12] *** Round Finish acknowledged by Perdunok
[00:20:43.18] ••• Damage dealt: 10 (1 kill) to A yxo Xa???a (Perdunok)
[00:20:43.20] ••• Game Ends - Round Finished
[00:20:43.20] *** Round Finish acknowledged by Ledan

Team time totals:
The Oxy Morons (Ledan):  Turn: 00:05:02.52, Retreat: 00:00:39.02, Total: 00:05:41.54, Turn count: 13
A yxo Xa???a (Perdunok): Turn: 00:08:29.08, Retreat: 00:00:35.02, Total: 00:09:04.10, Turn count: 14

End of round 1

Round time: 0:20:43
Total game time elapsed: 0:20:43

The Oxy Morons wins the round.

Worm of the round: ?a??? (A yxo Xa???a)
Most damage with one shot: 159 - Two-Head Man (The Oxy Morons)
